chemID	simpleLRM_Fstatistics	multiLRM(chem_sig)	multiLRM(sex_sig)	multiLRM(age_sig)
100021136	0.031733670458311	0.237755703321588	0.345805360395989	0.786303387253204
100000882	0.815089017834798	0.673220599578295	0.327493405658707	0.674769596299819
409	0.0325576782863006	0.113209442994376	0.404712720225097	0.429771944518113
100002254	0.643465193591302	0.0327313008694231	0.211568932310473	0.674222160812455
361	0.00975946464262849	0.115942280547542	0.225576326901251	0.663334184672784
100019975	0.529216797490055	0.702407842888638	0.316838204079507	0.717223377888019
100000257	0.000495024973544898	0.0192485822751102	0.333779044843444	0.649980800672967
100001232	0.898448022462737	0.975876361289664	0.321809990221931	0.699541229306909
100001948	0.267045833993985	0.303726241981573	0.355800457590022	0.54519528837732
100001073	0.567809063645083	0.642856223156401	0.398738332888495	0.618610347876661
100015637	0.972263910108876	0.417384816880536	0.340289230173507	0.695668536065436
100006360	0.601412246171267	0.682224019352061	0.30059089327182	0.769071603741109
1488	0.566943908677195	0.647873827245069	0.318767868340767	0.679059531750708
100002253	0.7717992815709	0.948426227788508	0.315591819882948	0.709391049793138
1023	0.856672371001352	0.556133961284758	0.312857847902818	0.673761823447945
100004284	0.692178114055679	0.813227995265158	0.311310321752607	0.708124240468154
100001251	0.687761964719298	0.956995250642796	0.315392451129323	0.698923828939328
362	0.79855621347822	0.443013231388707	0.287654199345356	0.69640591508593
100006620	0.80554391754987	0.86824037317086	0.317774427042715	0.705860659893292
111	0.344382662721136	0.148862823536584	0.266404854147259	0.668204593864936
100009045	0.761182544163173	0.266827023035408	0.253325992184102	0.844901029437693
100002927	0.699721061055059	0.83599784696842	0.310472136620585	0.723381267294725
100015641	0.766890116147316	0.880566298390932	0.309849673679727	0.710523719793605
1114	0.107781069322576	0.955524400405425	0.314547277435851	0.703470932845554
100020409	0.355156089665138	0.407141621383595	0.316725457722473	0.581173355417689
158	0.182105812480359	0.314346744033766	0.378391529258639	0.719869876172289
1224	0.0505009520015129	0.170269772069167	0.243263716068671	0.736768644135915
100001620	0.478322619223826	0.405569958833963	0.277500109307751	0.70262563517787
100020893	0.161679467482259	0.0436486480933426	0.322105865332629	0.419085785921804
100002458	0.931359319313331	0.485304590875295	0.387162379784327	0.643461177782656
100001112	0.751408120896048	0.942869806759909	0.317253071700067	0.708746491258727
100002953	0.389439216513255	0.821005835792149	0.314016436923258	0.712625473248053
1141	0.336809003011527	0.0340312409453423	0.422264389906899	0.504445754483335
100015834	0.445493250274769	0.957886396236583	0.316067549247342	0.698036161027711
100004561	0.590194823230014	0.902637182343877	0.320023744579932	0.698116080156683
100020497	0.874091747663166	0.823297990568255	0.307637651499871	0.72194079414174
498	0.0553743376058898	0.286096132615162	0.307050197892992	0.774944027353897
100006051	0.858290607837408	0.887696783644699	0.319636620280482	0.698389699350519
1668	0.570955264548036	0.63396277261308	0.309445169705186	0.652122475110042
100004523	0.479306079429808	0.888262243122582	0.322406179288082	0.68721687554724
100001604	0.370755291145685	0.775325033269553	0.311177041713789	0.720159381359228
100001002	0.143023301176087	0.479608615250254	0.335811076857355	0.689108687455818
100001987	0.0689413248398195	0.242813796565728	0.886745077369133	0.550508210794262
100002462	0.53520750101008	0.312256005369779	0.390135567610959	0.578252552842534
466	0.584611583232119	0.0641358287836907	0.34484494888884	0.673338897988505
100000665	0.906231562042996	0.472570134031115	0.352755955002684	0.651344906495685
445	0.958018310548201	0.437606166581305	0.349547232081888	0.752371828715283
2029	0.150925633259898	0.51021603136918	0.335794796709079	0.704786734985139
100006438	0.16872447405635	0.316397181077615	0.354060694201101	0.708608039485934
100001398	0.148737569014003	0.586985833525374	0.296757232102745	0.723162087794855
235	0.381370099314334	0.439502087221628	0.283499860914862	0.740559299624628
100000997	0.739730742613467	0.726413731521975	0.317386277865616	0.679778431726027
100002094	0.273155465577419	0.254676047730674	0.269883540166909	0.572184166401775
1052	0.595037727011296	0.915677657355319	0.315095312502205	0.723099758684562
100020823	0.270122276294629	0.574834154510526	0.300581896173367	0.693742198554125
100001806	0.319875018490055	0.719289709210988	0.354869997130373	0.708354461559635
100006092	0.776235923333718	0.859556151193311	0.322796107246682	0.688963383708223
100001415	0.0751339003984706	0.0772979011395793	0.335871745181564	0.428473904157853
100000008	0.0373641871165374	0.0687945170443947	0.352810444377221	0.534204467574068
565	0.00875550968538934	0.0604210484519687	0.313837312180323	0.777983944209851
100015851	0.210238853327466	0.237127179495107	0.38032930704424	0.814466815469392
100001866	0.565251192821306	0.918689225710714	0.328412239805254	0.691278235358479
100020546	0.00347182966495367	0.0284405645219138	0.538799795540283	0.877103132258351
100016110	0.684845965501981	0.48499476047568	0.26372615602655	0.778006137476895
100001254	0.00543996011765502	0.0191525683741809	0.365533054792	0.875609991364269
100006260	0.380295039080705	0.817996209797357	0.321696829180719	0.69838248950186
826	0.684252902159905	0.875658560891315	0.316681035043658	0.696523202057511
100001872	0.473327225131869	0.800474379478321	0.316739462089625	0.700001164359332
100000263	0.528141759556696	0.493218669158776	0.354374106502072	0.677423743691845
100021198	0.529005178318872	0.0147247739843194	0.21019863320098	0.33473181772648
100015967	0.0354695862761674	0.0884520695161593	0.38785078904605	0.51770579139103
278	0.114202161242509	0.166641420103374	0.297850781008794	0.941027171305333
519	0.753666432955535	0.32569190633971	0.373968647874618	0.634340479461229
100009337	0.192766428101829	0.533700779617661	0.377768123590468	0.684309792394189
100002185	0.497362731988779	0.853106812550728	0.309632463941676	0.687451694973325
100001278	0.416366264270786	0.285853267480192	0.381038202310687	0.653748183328353
100002103	0.899788577727363	0.625072904920356	0.31942023273323	0.654147107358532
980	0.769122427615162	0.420786549159619	0.350577830603697	0.680471086509436
100000016	0.83306186329699	0.437183773946718	0.313698008660068	0.675879392657024
100020372	0.196727832337716	0.537654223424675	0.312840268750583	0.644044670834321
100001662	0.656432635015822	0.15876196646047	0.137855990359021	0.717603737707757
100019972	0.928933519848801	0.685859441736469	0.324647496653422	0.687878675595662
254	0.725091873673339	0.702829481716992	0.314675233776551	0.705938205378996
100002009	0.654278535003638	0.693074233913193	0.311847079498803	0.623612733037299
100010895	0.472757068482494	0.493087454900491	0.364608564616668	0.671706496767833
1140	0.846097161670425	0.911287849594873	0.316575772882275	0.714412586758949
100008951	0.703960736572554	0.773797309506979	0.312916078309699	0.74207233763283
1084	0.479654562720666	0.936449389963708	0.315615279091047	0.716869650795069
100002796	0.110284039123391	0.41696026590993	0.285089194857387	0.647601520337782
358	0.926116424810811	0.94026890727611	0.314673687005489	0.695113357739593
100002070	0.880520280688231	0.700307745095536	0.305866026901066	0.729985889354599
1628	0.323270797972127	0.0955655863623379	0.397217626346449	0.68767260228758
823	0.893201328285289	0.576849550094625	0.276647443323432	0.743585521804562
100004414	0.487417272677014	0.0933877832219304	0.407073758037347	0.835094502218133
100006129	0.667400926598705	0.666712230014945	0.297005741009459	0.716730898116504
100002028	0.710527235306568	0.405917711142583	0.428957779131952	0.476752438042662
100021707	0.544574620823165	0.584245708156484	0.280670701994916	0.754323882282719
100000054	0.540591827718908	0.444454830315181	0.305010560464203	0.72365590935136
100010869	0.414577028031731	0.214486863409496	0.33421504531141	0.570764052856575
100004575	0.0445874419589425	0.122194315785806	0.362421067681173	0.992400980253052
100001212	0.893400075312287	0.669177790796977	0.323715380005713	0.642108958347459
818	0.220272456370284	0.570271562970888	0.358728339300067	0.654469164975779
100001092	0.00210321694029045	0.0279812966631212	0.303562419856092	0.680631370475962
100020371	0.990513777759589	0.9102588539647	0.319863266848513	0.700187950904741
100004112	0.337306440702832	0.823018938027131	0.319114120778671	0.700029777570052
1125	0.470133389361034	0.367595537565208	0.350099137993165	0.737736680026544
100020491	0.919583014704482	0.64097739689257	0.28536701702332	0.714270648739002
100003151	0.00376419458674507	0.0270672275633592	0.417444543317392	0.542256324930504
100000011	0.351119642501824	0.153275056172066	0.233421522886051	0.80001193479566
100003594	0.580034627877455	0.940893747928137	0.316303397750962	0.697474858506553
806	0.657117294987067	0.123186978141321	0.321605896459127	0.489536034965014
100001211	0.968717811422243	0.556513817130027	0.326514529852189	0.679497819470112
100002417	0.775321737306496	0.532089094168844	0.311918885714386	0.667221512360967
100009335	0.481313868634035	0.186146783096187	0.262494137212415	0.729442592689065
100000781	0.712263624186309	0.928779523038892	0.314335529614033	0.69803193964168
803	0.033341493121119	0.0445537985966227	0.301134379508915	0.582719805856493
50	0.459990798389789	0.709417170635817	0.324735971828363	0.686643599843079
796	0.423205367579455	0.0617895425148793	0.354872533247496	0.696316762188009
100005834	0.996705333578977	0.619703519841345	0.365647185959579	0.694148424318833
100001580	0.994893369219042	0.545137420829238	0.338630144553265	0.700826559777135
480	0.993336032202291	0.419397771622876	0.26738125726813	0.72133554976002
100001540	0.262497543243721	0.769481576181523	0.394246870671996	0.771443173567178
339	0.432371895367221	0.0828587061971719	0.29595692032674	0.607761374251886
1110	0.898231351409941	0.997179538860836	0.317681283319732	0.71220717119688
100015836	0.202509547577549	0.217806828278916	0.443511872172518	0.860382795846652
100009271	0.52357887209367	0.510137381241108	0.354925701651802	0.682016366903407
100015638	0.95911821115961	0.416040530194019	0.333715298246809	0.682293048117603
100021667	0.998350130939654	0.62114908700102	0.348255216277425	0.688405090397321
100001279	0.438721763667908	0.230972406284982	0.370639653352483	0.88722914693735
100004208	0.0306266163652639	0.164991493046918	0.44072147694071	0.798660557748723
100003695	0.183666464569782	0.138941381910601	0.348955137786822	0.486130453569884
100000802	0.783955108731701	0.966700302581826	0.316985541417042	0.699550278658179
100002769	0.801448871535133	0.0791787467677187	0.23032003488586	0.824798233173559
100015835	0.129090698366312	0.355404497805113	0.446680444104848	0.879503046123354
229	0.873664199025045	0.407605151601446	0.354017281145464	0.697115896102277
100001266	0.00968234063422667	0.0323829769273175	0.374316288374709	0.97082932378059
1342	0.288601301347825	0.349257814044193	0.273276508790936	0.71918739141684
100002102	0.921837756439905	0.597978646291254	0.350468290626104	0.789038134592786
100020254	0.225567814892469	0.624532807257781	0.304094069839639	0.718884693093859
1231	0.475197238138783	0.254241333869575	0.374830324851652	0.657212541565436
100020492	0.993844289820302	0.953825572711508	0.315738631309274	0.700132024964188
100001402	0.410559514855904	0.621226457939189	0.345000518848617	0.705078883690086
415	0.00796990630269631	0.115737009557759	0.361012242494728	0.75576879031169
100003109	0.936209415522823	0.950891504281136	0.31772694532758	0.69681182108451
275	0.776944945781491	0.724373915014063	0.290305424165255	0.683443491213297
1143	0.154455671143684	0.0673305219110177	0.290124755833175	0.804750953827778
279	0.275035500568297	0.325072795539459	0.329785619579305	0.570124893967164
100001198	0.984295728913731	0.971057172349802	0.318064880478485	0.704617826260652
1648	0.234875116974001	0.708970513452363	0.321777642903389	0.712732097671726
100001590	0.233488985566181	0.232789362837367	0.31289317322199	0.619427269125748
100001733	0.366716380659353	0.793198764777885	0.311194583520672	0.720377843303898
100008933	0.0161479420287058	0.00259154453929991	0.431195628093711	0.661194988352055
100001550	0.459565836185862	0.34790880480631	0.296431745948321	0.629007768662503
1215	0.0502608442687681	0.265540517963334	0.27956390122776	0.671753905343372
100002356	0.273704738509459	0.105806783238704	0.37960545820257	0.709184612741724
100002749	0.671216864066454	0.72635555780432	0.320874809423483	0.710431771118504
100006379	0.129116384185819	0.145085501564519	0.376617727669236	0.440350023740263
100015966	0.0770069407597743	0.146339814578715	0.343147816884609	0.518291312644808
100001392	0.67666289004989	0.990071781204633	0.316882307708756	0.700304520008505
100020425	0.0508777046831649	0.0166504827267137	0.283968757339065	0.41856674016158
100004299	0.40042405583869	0.773669741850122	0.331095611535547	0.750307109568242
100001734	0.507827215778663	0.484086758261698	0.337654603166489	0.635677702703831
1002	0.932029701040629	0.776988100494002	0.31960000030274	0.700987345413259
100001337	0.318255196249468	0.816175757498108	0.302969726285168	0.701260769994428
100001452	0.909962209715509	0.751510729353984	0.316071125271879	0.672156183433908
314	0.482883570099227	0.320239054177541	0.331525343943249	0.722134876977182
100009264	0.858143460984715	0.493256927261033	0.245163749518025	0.850448406286129
100004634	0.437763019661607	0.506550626198957	0.286244773160497	0.717422477027461
100000711	0.938801884060126	0.96603568030117	0.316585239136859	0.698828958543138
100020536	0.0403615106507861	0.18005196161907	0.344470115540353	0.773354098335594
100004318	0.382172928374453	0.656361077583812	0.319441984008828	0.694136809885811
100005850	0.818355981126903	0.481948241210099	0.405142857566134	0.653410339778889
100006619	0.292648138241528	0.1311255793799	0.363244067281803	0.690128576122615
356	0.476229189511813	0.654298611574861	0.304500990175662	0.71743418629162
1221	0.529976809701702	0.518683558185283	0.422611948480205	0.751343150261776
100001397	0.533780628812317	0.791766129012029	0.322310299188145	0.70048944092624
100019981	0.62894906983552	0.882353451281088	0.320640763970168	0.719098015503473
100001208	0.505493853766867	0.29202122727166	0.275623503347881	0.956186545546343
503	0.0129807315793509	0.0152507359943019	0.198097370372022	0.541660165086407
100006375	0.206903466490179	0.765520732408957	0.329602560211131	0.685974183270505
100001295	0.782680387395439	0.690332913060683	0.310103512851121	0.77397555698108
100020427	0.0290013386946452	0.0167837905432947	0.328210851264076	0.386158102712558
100002784	0.439564028527686	0.288142638210573	0.264535212477692	0.782516453361733
917	0.0681932174862179	0.256087653141453	0.340988954966026	0.65550369401555
1869	0.370262264172712	0.212827602913109	0.340195853252652	0.58437407565499
240	0.0992114890105	0.0489968151634647	0.201058050807701	0.480294489815154
798	0.00728868080484389	0.106114511080322	0.442212709553365	0.629154234494288
100002952	0.258233624332187	0.477659527125378	0.315652043875657	0.783533836075739
98	0.754626894656339	0.899665168611649	0.325898393072322	0.702889972796554
100008998	0.256670516978541	0.294879596388537	0.251986157054084	0.778638555273932
477	0.94325525325306	0.272923787125491	0.326999998546301	0.69947718036599
100020545	0.0994907639654499	0.127882444370667	0.354093562407744	0.860757152301284
100021666	0.992364877655577	0.189424626552742	0.360960522599902	0.68748035829174
1256	0.666134433812182	0.856236793788148	0.341983415932717	0.717755732657215
533	0.251120495883127	0.0695923199367585	0.23315859556525	0.450178246042262
100001757	0.433306170447074	0.90626779888172	0.324914859472864	0.695945779617308
1024	0.289961005748127	0.0773148959234774	0.218074437609623	0.816292091704749
267	0.441678266174519	0.9495207654311	0.318827140471867	0.698149630376002
100002113	0.0887474718204282	0.0594145411157186	0.308450128747678	0.728234580458552
100001756	0.899252138322262	0.738037953068277	0.327774134085828	0.719429000364094
100001193	0.486241557275069	0.212733324900454	0.383618622839047	0.650017555195688
100001668	0.740280653206505	0.966625564370941	0.317104596720852	0.70333170828853
1124	0.361567063602782	0.321441914238813	0.279230861432978	0.787966192690561
100021331	0.192878784600624	0.335100867491481	0.293297273415649	0.734745190697158
1090	0.056696563703074	0.0459485777130914	0.310887023427682	0.856501708829906
566	0.928066029679624	0.282186132467433	0.233237223074139	0.706363379772349
100003119	0.470946356703025	0.330787603329114	0.349863252169	0.646078557379005
100006367	0.783065096985722	0.590556974510611	0.325773549472836	0.681450561669543
100004322	0.335318959181279	0.393887006893669	0.314253030983642	0.762810435034982
100001034	0.831231852656087	0.85961685441348	0.31581656865812	0.696852590446725
112	0.675258071629401	0.757865747894697	0.327577595253607	0.649476943459467
507	0.755751754176827	0.753749241963324	0.314493995783065	0.70730000583626
100009233	0.270415532906042	0.171166474096501	0.297705157416156	0.726487117330011
100000406	0.0127237609112654	0.122644969268025	0.519801904663489	0.506769345633681
100004046	0.422685982678036	0.381701146945071	0.19781638308738	0.632171409728379
1025	0.78091567622004	0.68344346789625	0.3040279873575	0.719725688047057
100001106	0.136798863927105	0.187724395486525	0.274688663626785	0.748385218605588
1128	0.0302955205825399	0.584899450436847	0.3498280661563	0.7495468048027
561	0.035441053987735	0.17233438461327	0.228519860917237	0.625908480660873
100001614	0.890734315841836	0.380013557559103	0.329829009657592	0.674995148084905
100000961	0.830689495371657	0.986242994506814	0.342783596121415	0.703108295493098
100002397	0.879587146250236	0.644817805445939	0.316608268309772	0.640662787291265
100009407	0.983479107015265	0.996054156227046	0.319886892219099	0.701332594035194
100002910	0.973779154255931	0.636047673496943	0.295780654479136	0.645471813127301
100005946	0.332844798987262	0.401705971986524	0.349867735688482	0.783391164330557
100019794	0.122978408076496	0.295792742921397	0.30698205692436	0.844927443684445
100015759	0.274963738532038	0.0900798049965959	0.276069349481821	0.713948838195466
100020417	0.64890075690105	0.60351933695345	0.304809960093325	0.678052040955137
100001054	0.716128087501797	0.947623918830076	0.320140960564007	0.701152884557522
100001437	0.311445263649156	0.378466147327837	0.271754225911237	0.635525696441075
504	0.214572422453912	0.679371556311226	0.378130219007176	0.715916349075892
100001988	0.461954489903345	0.666078344570307	0.312983535239026	0.853137295114381
1082	0.0526794017176561	0.810127954062106	0.328505910113463	0.7108634044052
100001403	0.291709506505733	0.35735689299504	0.355595142572929	0.6894138047216
100001664	0.847117787842931	0.647079289756214	0.299438724149766	0.829344344954151
461	0.271599775644058	0.189099823790365	0.504630793688918	0.674165002494843
100000463	0.984809115463775	0.853635017529011	0.313084197734737	0.705103326390308
100020208	0.543361971031479	0.553387374294054	0.356743619420487	0.596500043366591
381	0.40130035450825	0.0364778422726147	0.130300302942692	0.509208246283517
100010901	0.082297812745302	0.090193075371187	0.323822099997876	0.823700183427797
100001468	0.259008166630496	0.997117020110086	0.316999932274572	0.707885798493311
100000840	0.940922418814238	0.830547105000494	0.305984186855624	0.719655844700701
100020014	0.253072553960049	0.601335938984824	0.310236980426654	0.71542421730974
100001993	0.718235270213309	0.644821795441945	0.272190614751776	0.844821033278856
100001051	0.0821795959749994	0.021551105413643	0.363244525472669	0.386798717917998
100006116	0.367632923550575	0.499604747740591	0.322982414561435	0.703163473445333
1108	0.868093300442287	0.901489970891377	0.321953898535658	0.692425823638712
100019966	0.408702756389421	0.163665535089295	0.369205321954037	0.671894596304473
100001743	0.653882917325912	0.390194308739399	0.302703348927041	0.677951983968129
100001294	0.155440347250875	0.231064629778554	0.229237661569555	0.742651518217946
100001609	0.262617799562825	0.0979173014270035	0.298164407138979	0.791438262646218
418	0.630797180746483	0.913478924533674	0.323958672363283	0.692989331426201
100001178	0.608538134042414	0.754948737571307	0.313613048097798	0.672211675747076
189	0.753915786750958	0.772633965063661	0.301664370469713	0.683323567756707
563	0.622938006252012	0.667886223805903	0.347908565694707	0.677725994139396
424	0.595913212290461	0.448347037818706	0.352041679919246	0.684502909717472
100000776	0.170141246673858	0.298621473556824	0.347707157167439	0.689449964949594
1001	0.931539419211658	0.516086015198998	0.319559473771545	0.700894756446875
1135	0.342360405502052	0.0917450223382077	0.300074854648703	0.754853305527226
100021093	0.365104487668365	0.515910515813094	0.363458811760134	0.723827520680229
100020219	0.139870138571791	0.267050788728952	0.322550465029765	0.596070102305755
194	0.571532251830323	0.750628491506168	0.332780764541585	0.658331741449093
100008930	0.725355917873763	0.63071997750553	0.341852877611457	0.682171270152266
340	0.666068680667292	0.265377369482254	0.203114569773928	0.769792582326516
100010896	0.959705080791924	0.666369573961718	0.294292404553999	0.713639653206808
100000787	0.102536390198105	0.108110145026878	0.343888388764004	0.417036757460119
100000639	0.0317950132493205	0.202256404830901	0.283987723543918	0.70322645982136
100001851	0.876667659618917	0.229329368777313	0.354018718935879	0.468612015245755
179	0.656840422304704	0.473370281804454	0.310338114529416	0.722199357828994
100000626	0.384341522478527	0.665453917215793	0.333271888551547	0.702160773298598
100001605	0.0159373365256169	0.122100954526367	0.384303137071292	0.779303119785837
330	0.137581499440057	0.421765580766693	0.370756440237734	0.575813071643398
100001162	0.905801563731198	0.464639164430987	0.275712695660693	0.658862984290919
100001167	0.0377983268119593	0.208336649426056	0.315321635050616	0.68452788806169
100002067	0.605804102820817	0.728340073850491	0.408292022710509	0.617117074758273
100019968	0.598137389306716	0.388420841970458	0.353974780905742	0.644929521854445
100002014	0.947508614622003	0.976199561391656	0.316131449459832	0.728563945710478
100004083	0.503790924421252	0.172785019847942	0.342144691082856	0.568316177282379
100001315	0.42771688968104	0.390149027458029	0.315580697007992	0.750152484840269
535	0.246640035049698	0.54081195315027	0.340635444999525	0.692297564804675
93	0.359807875303755	0.279609654893227	0.364531624348375	0.550883430451097
100001989	0.204127368286312	0.463527542060708	0.290921396186163	0.786239176292715
100001740	0.742137772948152	0.407585484428338	0.290283591822241	0.721025622996397
482	0.159067669211023	0.959345606017788	0.317567205987618	0.697979503783074
1629	0.230486523154129	0.341425268626734	0.391911667947914	0.67584986323555
100001399	0.384036887376394	0.434899293151761	0.343556417057234	0.715739353375872
376	0.638782341878207	0.0947646010481717	0.184123953015205	0.842711569978768
342	0.37761638114332	0.842550323920051	0.313727835711195	0.696971200867487
100001253	0.0358101759020227	0.201583798452666	0.263159682309834	0.892050316599293
100000708	0.648526847108186	0.602106100194012	0.348035129305577	0.708476097704436
244	0.168705486330095	0.03910132949362	0.26575208131264	0.827429224483424
100006726	0.374309983361632	0.235322852225241	0.37827013568929	0.685829143221865
100000036	0.224663396159437	0.648659033085136	0.297303340708916	0.747980106325911
100001257	0.0374135632880758	0.110963842779132	0.391683579868062	0.926477809595611
100000445	0.590558868020491	0.60202197964739	0.34312951243077	0.652258109557123
100004088	0.00589489901553114	0.136955069181945	0.35497032331559	0.766483890275131
100001423	0.785554894944177	0.643937165113188	0.32988665839121	0.665337301147361
100001276	0.233955107718711	0.228114948720043	0.298245689241887	0.61867228979763
100001876	0.712709190506731	0.974871264081683	0.318235981178046	0.699847426498518
100009082	0.615655072277222	0.0389158548393066	0.14367238881409	0.67126459246306
100001121	0.357378729877883	0.73887085798256	0.311540425369789	0.696312647753257
117	0.311968572960342	0.633123809986072	0.29891329606254	0.721519212234008
100001868	0.0369895777570854	0.0843812084132619	0.371788084956063	0.698753150088767
1134	0.603681999085689	0.311534787709502	0.222190069169442	0.678919893751267
100021012	0.314646699594738	0.565931097508485	0.321119389148525	0.719538886049784
100001181	0.777323086824596	0.285430050479555	0.387335366778236	0.635791942914663
100021467	0.522654623272899	0.230839792383456	0.338542371114879	0.610567968216929
100000447	0.239315259077498	0.247379667932922	0.362760536034893	0.665035670763568
1162	0.000490608260488988	0.0127753738821081	0.414108717122054	0.605068339893491
100019982	0.469246088236867	0.469638248719846	0.327236204790439	0.682241411252351
100001613	0.993351744870084	0.457357998491644	0.331445735341281	0.669375517343188
100006644	0.344637408810933	0.619858309774868	0.299004463915017	0.732285024833895
100000096	0.513778418045831	0.0159647777406348	0.203281350334377	0.663664360986894
926	0.507014149971332	0.644142158837116	0.323282875771847	0.704160056910649
100020004	0.954033398272762	0.757207277794377	0.340901250416668	0.709597487016075
363	0.0986542957827347	0.027361027728939	0.319480815375736	0.254813593310526
1111	0.435018552142845	0.997198029890742	0.322537520990708	0.732450089689008
100021712	0.663644768517643	0.814005576081265	0.315185539932224	0.68754106287792
460	0.981316185758546	0.855564318509477	0.321220248940137	0.719164153373408
100009331	0.287170517719087	0.187401720069975	0.291462028033853	0.738188376805722
100000442	0.38378650574273	0.848757722936265	0.325471929151139	0.705127723631325
100002945	0.100766916231227	0.0186542383266356	0.405388031357003	0.655326236220298
192	0.838808829562911	0.936594545349592	0.32116254475339	0.721469431968778
100020241	0.457567690148268	0.850255015367815	0.320033704562952	0.702509472657938
100000580	0.17493883612633	0.144751791586717	0.254560124657879	0.912692567684585
100002466	0.0045319615336528	0.0198191731937157	0.281380720863963	0.454640958088309
849	0.839973811537872	0.703854536727469	0.315502848632919	0.661670509979095
501	0.514084155618669	0.390624956954413	0.349517533181553	0.657356956649064
100000282	0.505032692749471	0.0723616202531508	0.443607586006982	0.58804936386366
100001577	0.0476374255917676	0.243049655671416	0.400246990688808	0.743311638528291
355	0.100581526785077	0.364218641088507	0.272670392816339	0.611816386092688
100000841	0.697309909670668	0.944199946581274	0.321440652907446	0.717792696697504
100000846	0.828247530378875	0.346221908163963	0.306225103450576	0.693555879356247
100004295	0.936795866806998	0.440308681396344	0.29203068745803	0.65107499905648
100001586	0.0850123002717948	0.0420449853452544	0.462233676606877	0.357195332234048
407	0.0145630908390743	0.0415907069435744	0.352052722680077	0.77280370053251
1137	0.818842285683323	0.719172379378091	0.305305995657197	0.741577691289246
100021374	0.028429474941694	0.0115961094932551	0.255944091337106	0.867916734303351
100001593	0.737799681943635	0.880191563794338	0.313922262577764	0.707296108488528
100015971	0.475768708492881	0.774359446224597	0.317714404469561	0.709216621978675
100001022	0.306405322581181	0.146359702358087	0.195537699637181	0.992999958115542
1094	0.0769513306968724	0.281797652820334	0.465243699447473	0.913775715075994
100002122	0.377399225686274	0.321826268823963	0.257772838065543	0.771944444449578
100000706	0.709006532392275	0.597762595176262	0.280373434784875	0.706599859527385
100001055	0.861417371174981	0.374355260082753	0.288283207217981	0.638757318818853
1235	0.580339251553523	0.881890459620544	0.311191246893576	0.713556925846753
100020204	0.11714471789019	0.584594351433424	0.335520370158769	0.736256981978603
100015643	0.0361794315969421	0.284981335952468	0.342097604224177	0.650429929104372
313	0.0192967844192153	0.236194901485816	0.335053379720417	0.633995122616366
100001413	0.736667052385962	0.970118742210051	0.32201989171856	0.699131515209108
100020423	0.0097343336135375	0.00865406837217122	0.374488084056543	0.361175677565718
892	0.42876683681275	0.125187821876491	0.351680988372438	0.734733886450374
212	0.0326885494423871	0.0866737584020647	0.463154651366574	0.701311311753837
100006105	0.207500323826517	0.193760142763424	0.357453223320958	0.712466768740221
437	0.777595972637291	0.562523904707128	0.292810498670054	0.716103381473521
100019892	0.620853481711063	0.534229926757916	0.320281735399748	0.757320527619881
100005716	0.0613899382914701	0.0836566113921239	0.350165675946157	0.797027849840497
537	0.260472651921333	0.123172211128139	0.317045195145401	0.715739132852003
100001990	0.313795182932998	0.593131991287352	0.358237434584997	0.646664302004033
100003397	0.0309942873517435	0.00536710881231162	0.257073939246296	0.466313603336347
100001320	0.0872773504987506	0.195499961072522	0.418993111143422	0.453205355404232
100005717	0.114063259112847	0.0757979744736627	0.378518115484791	0.741939291388744
100001207	0.0322257838510079	0.195392864298143	0.35930721197007	0.711337960625235
100001999	0.428675310931977	0.803628778553108	0.306827825852237	0.810105488465521
100002488	0.24616048963621	0.0192336352662932	0.364098356573883	0.63487973335293
62	0.204556750995814	0.72467934843115	0.309202350315388	0.707158891844978
100000467	0.635930235823225	0.466221457541738	0.301799652787825	0.671585794943778
297	0.00516376818596673	0.126063395774923	0.323195911243391	0.666879457702123
100000285	0.037923964684417	0.43676804919406	0.315891548257929	0.785563343233953
100006056	0.0781324448522448	0.425195720884321	0.329425572027909	0.738632222241059
100002126	0.0968104735457166	0.231111444466138	0.255405442481924	0.932398683398176
100002129	0.817380153728509	0.798130444794284	0.303263656256636	0.800876049716215
100020478	0.032006133617289	0.187789866478074	0.284626931408283	0.730040826408368
100004089	0.0735345202179741	0.604961288181978	0.333048161250989	0.663138129733512
100001755	0.58160412302938	0.493891763983071	0.320485434427498	0.646878095899446
100000551	0.0441162254783319	0.981615688342686	0.319306586019515	0.705009881168922
100003260	0.408307196845975	0.262899882041869	0.370488636500656	0.796521573145957
100010955	0.737310395163155	0.391618187760885	0.258039205725796	0.59766306235147
100020851	0.254473250358527	0.499955555852293	0.335486987884311	0.719135360220501
100016069	0.642135376017929	0.819223374027491	0.320547804284842	0.690524505535195
100002027	0.478289678666613	0.599069370532587	0.260158361865436	0.795668187120393
1123	0.345598621778067	0.163987718136271	0.308172428562719	0.8431356283406
100001150	0.728052458297815	0.98765169434883	0.320585971354548	0.701449493274186
100001657	0.263209754663085	0.735429788183619	0.316742700359795	0.685517438379834
310	0.2659369380292	0.369095013593462	0.281645451045836	0.799688005223864
100001314	0.331942049207574	0.147242924047279	0.303825317063097	0.590381926300092
452	0.744554261435435	0.645028200333724	0.35221802960221	0.672221487725824
144	0.0851197011182306	0.060566618261217	0.390217490365442	0.57268657329778
100001182	0.215415772399489	0.154340155675787	0.386997268187024	0.685283100761571
100015965	0.774360100296966	0.475395143481992	0.301679689207413	0.76753411263915
100006108	0.950146131449785	0.466471777378123	0.32745126670829	0.738448679816764
100001400	0.615692869968596	0.612858402904153	0.303171858551541	0.694892625357218
100004541	0.258086520991546	0.231804883397104	0.314167438560526	0.465111240868848
932	0.830486407979933	0.313569659022095	0.322026785905432	0.733615724442185
100001992	0.51353105721565	0.530592340919987	0.434603330191959	0.584891488229015
100009252	0.140921118177339	0.187508595663642	0.376283951077381	0.679422514227132
100021104	0.536393713413469	0.569189574383629	0.264994760980953	0.843498609634278
100015838	0.0131105618167865	0.0432625628050601	0.441673019804737	0.936409637496159
250	0.000981504287125444	0.0196037277972746	0.505612779567005	0.742434082930777
100002537	0.956054523341855	0.422770861847977	0.287744638804253	0.825823592730303
100001658	0.869831761852548	0.735988332826893	0.337540613792139	0.689636677376127
100020416	0.330249632228476	0.416120639310362	0.283615674345617	0.676201207722443
100006642	0.167924316832821	0.736374768609507	0.307134613973671	0.732269091855871
100001391	0.118435639546879	0.326174238706158	0.396257692826475	0.811014310225615
825	0.658234497246881	0.620497861525496	0.281194071838599	0.712876128542507
215	0.0206621264759277	0.0961709132666974	0.368904647687241	0.679192886864559
100001026	0.929303760768907	0.997534931636374	0.319746389256601	0.70933086171835
100020541	0.244543506241433	0.435219103149079	0.288507500425689	0.771556555532848
100001526	0.350061000424606	0.419235154782618	0.41696281307323	0.776566578225169
100005384	0.384562225373212	0.417649416973192	0.307817831092698	0.631799819228136
100020378	0.319920912287622	0.574773632268694	0.30051054232723	0.711800293826888
100006115	0.921252702248964	0.340382366425039	0.420279181607863	0.583915370980056
1442	0.166916985470737	0.0425758062662052	0.141676630143619	0.59255153319365
100001843	0.1623850228055	0.254743947270026	0.342285048982978	0.786138033429729
100015837	0.180952133591591	0.291905863125391	0.514722022293316	0.644881819772469
100010834	0.693975126589271	0.975222183793836	0.316942923352874	0.699527519821036
100001393	0.623220456956714	0.382151522697585	0.247168648009396	0.744471920427513
100000015	0.463969131772039	0.35582289892285	0.291832432294435	0.746513498256904
100003892	0.0442816743063832	0.0218494530428614	0.256063581443512	0.984040473203831
100000042	0.183823638643352	0.0260358034719702	0.337617341195636	0.609319491052193
100020550	0.538634575270558	0.189951721812543	0.347440775476818	0.590759057482292
182	0.462448708497174	0.383217788984531	0.306139134398511	0.71951452010812
100015723	0.150670338298993	0.433573622467547	0.318251498539753	0.681063434841275
100020343	0.349995987729493	0.45029493117665	0.287797642597459	0.705015288860917
512	0.390880059175522	0.624766147302732	0.342727767453019	0.671011334532347
100021100	0.733242575628949	0.674262211793286	0.303715404172825	0.705588966329065
100002528	0.257013009332757	0.052386570284864	0.396055826442498	0.471988986248004
100001287	0.441794131433287	0.723471461525268	0.427822444634961	0.639849836201386
100001229	0.78790075687358	0.847870883639802	0.330723498932187	0.686984823214438
181	0.364784851700746	0.865508879724983	0.312991259774278	0.721783690958063
100015831	0.00254722069597067	0.0258538251382199	0.378999689842462	0.463654098153314
100020515	0.333476697635068	0.444242778911999	0.260028423982126	0.85695239047059
327	0.247408576856152	0.293592777428855	0.374939575667851	0.657365817410205
100009394	0.652610032190525	0.751246988966786	0.300397757138715	0.729186322998386
100001596	0.608747302331653	0.172856300139609	0.309975608436994	0.525150364248691
207	0.957291859525343	0.622338166781907	0.325817113991793	0.672043698981636
2054	0.510382553929933	0.782873759390368	0.306213981113124	0.715480135952349
100020259	0.666438845110592	0.584839665142706	0.344176586925463	0.687002498106225
100020414	0.00326576122533616	0.0375904559777592	0.225159999267784	0.662876877542917
100021131	0.946274023785757	0.236256063984147	0.320942505087801	0.671718141667313
100004499	0.97071004256953	0.487058474647657	0.304540402187778	0.641544235838021
880	0.18886526917304	0.793822043136693	0.339194823093163	0.697299233485068
100002049	0.533800781105244	0.305471071426511	0.346312912020331	0.647703394121302
100001739	0.562227424989606	0.269086339618376	0.395627688818355	0.663939797070486
100001126	0.257887513922027	0.0873557532048043	0.205196306955239	0.568921987880466
1113	0.550281702257009	0.776585984555015	0.337783238143244	0.66683260438885
1083	0.912396009444401	0.29423654745823	0.353250915244007	0.611281274713764
100001730	0.0767576837686595	0.181091350053302	0.366762003540616	0.574954645737323
100001412	0.70524710894334	0.994881603374579	0.319486906438977	0.701521115690542
100005996	0.758944495938578	0.55724143603307	0.305508639264958	0.669726473898797
100015962	0.0095827706391952	0.0976225534854014	0.233232289323999	0.984724008315657
100020214	0.791350425018371	0.768717997699622	0.312683632057396	0.659960980702704
100002514	0.118827114155029	0.325237419662359	0.329395501761132	0.636717306524589
564	0.198851377300551	0.0744542553650111	0.284698919056211	0.590159441040691
572	0.02170692008238	0.0196424799289996	0.467621698940353	0.572629561242351
231	0.957612654689331	0.623737534414182	0.287794843023046	0.713195112974157
100000453	0.821774321915946	0.750526924663298	0.307319069052612	0.736439587395634
100001007	0.099117078018748	0.230866874016807	0.382541052374946	0.580962104790166
923	0.634882344686193	0.315487604415532	0.298962435583132	0.751723221411981
100001247	0.469374547467675	0.515335606276261	0.295889189897258	0.679353342656189
100000774	0.729323091720961	0.957699539297087	0.322164529734314	0.705917216661845
800	0.34798030859791	0.327101053330467	0.337277350133409	0.764646936363906
100021678	0.257300971056512	0.385427569737354	0.266021332289737	0.701348534433321
100021711	0.475907160444621	0.895927580815694	0.327990305001166	0.706217761022408
100001274	0.764009187012851	0.377491019109902	0.302786537435071	0.537417469413244
100021220	0.113959931609729	0.13211927038343	0.412795852673911	0.939471140914797
100020253	0.503689391363548	0.977587207905502	0.31603267398981	0.701967282837992
100001170	0.674492397412846	0.189717375658868	0.304019410200045	0.614897123074238
100001466	0.273145920569359	0.809979679297173	0.326403771936816	0.692526360248658
100009406	0.717494502456739	0.619817551896266	0.30203245824419	0.719268508941362
1026	0.204220912310431	0.425298292269293	0.335046741327615	0.662936881432783
100020837	0.833227755978111	0.284830154863272	0.374640347626547	0.583745070207971
100001006	0.064249477728802	0.0567989671811988	0.302511642018037	0.833965854676548
100003674	0.656243142127034	0.0862756273901705	0.321542094732364	0.692947987310423
100004396	0.330803459655947	0.424875886212052	0.359346654988853	0.596141566930491
100015923	0.546667406351562	0.88561509943124	0.340346259380544	0.69016711962036
100000265	0.400933206415248	0.621134680468692	0.327452368105118	0.665042437179308
100001409	0.0671846052150904	0.163180936287807	0.325119342595254	0.564714360371871
100003434	0.523712055923261	0.414812746861983	0.332119082435773	0.60964160139697
100001334	0.57839052642571	0.066327705489657	0.397652784750361	0.578061846773152
100001102	0.684730470981039	0.769543307272622	0.325649660358991	0.681456391172315
1268	0.413242763589576	0.0229407606789394	0.183993755544196	0.653667075742391
100001300	0.212500773667238	0.0924936689164584	0.287916988347716	0.714319447971443
100021324	0.278139102035742	0.766071022238185	0.38827513503674	0.693264095784803
100001617	0.105635780697824	0.103720157465311	0.311936859379703	0.745650720087995
1105	0.99822379097622	0.158101148736725	0.403074064830899	0.379382130803776
100021502	0.0525905091600902	0.21615787930068	0.307110924588195	0.733557272923762
2051	0.991297169361656	0.380702935052982	0.322222880712622	0.533789489691025
100001256	0.222391853949115	0.646140280830091	0.336290031149936	0.791718783746474
100005466	0.0577747301132065	0.0866522755087868	0.362349194207355	0.499165997009785
100002199	0.11991700133865	0.657769755483704	0.331592318019185	0.725343202474135
338	0.0138545316869719	0.0361396508520696	0.514645378131887	0.45142908845887
100004243	0.545904709455231	0.66223118719848	0.297879651847718	0.707136900396951
799	0.449505672776197	0.931860013199697	0.323882688804868	0.698691626468584
100008928	0.59776561002632	0.127284373917434	0.318820580739843	0.695081357986405
815	0.107876185089807	0.348777594329943	0.318494937615916	0.767276219340374
100001456	0.00809502635911564	0.0764638038881019	0.277478967853725	0.59082141943264
1242	0.0498290063887068	0.0764822797901357	0.407402074867058	0.514478572539846
100001416	0.278926739809766	0.109397203613076	0.21885760230094	0.442226415166946
100001462	0.348349481110741	0.345253769331281	0.376871666773419	0.666088801675766
1087	0.19903284120894	0.0388583986656026	0.327353832750852	0.659797418489606
100020421	0.0628160806884975	0.0992882452432382	0.363148466288256	0.459397725140347
100000010	0.00278432604916979	0.0384196306525926	0.352296947257744	0.779622462262232
821	0.43788217364017	0.397541907906897	0.360506454178092	0.564416290298344
100006627	0.280741710353247	0.155569714814702	0.429715591037764	0.601347590820232
100001277	0.371140320846423	0.159971838708652	0.369670674658804	0.65751089292756
100021141	0.0436454160257414	0.15996576984802	0.354235623779343	0.801244380883317
100021105	0.176860036318685	0.260050687454196	0.333793140131394	0.506237620526129
100001950	0.000428838683375865	0.00585273160863485	0.386634632772672	0.853362819759457
100020217	0.722215572244367	0.306620351529845	0.236283060437449	0.544779395154848
100006651	0.0349465449479178	0.21967817737159	0.346801652086704	0.484849223404043
881	0.880281430821506	0.340824193159312	0.298553989620283	0.716751212798683
100001509	0.408633215957228	0.075581463465261	0.297951148946668	0.624740043780346
100021709	0.558306025006533	0.822062606923381	0.310282012872462	0.707920433220669
100001635	0.309291129341472	0.0380684124290694	0.34330872903674	0.647334043657191
100002613	0.61748449136707	0.188514597364309	0.287526470812258	0.767219797236757
100009329	0.568051262303323	0.660990866134253	0.282065937343634	0.840932852980095
100021123	0.708270105192329	0.64577778040303	0.33628300137062	0.629473319868262
100015760	0.212390950269955	0.147888139327136	0.268132587642232	0.744771617017279
100020205	0.316729649534144	0.406657969707618	0.378584133704978	0.526137700884759
100000765	0.570803646183712	0.646156461288191	0.311812019656843	0.669695059863177
100004111	0.366879006593827	0.193054574441003	0.343467489479396	0.671186680351439
100001615	0.173829562302348	0.823791200311337	0.315357009192636	0.698019457355065
100009227	0.174406939406674	0.0969240040281221	0.458813976561996	0.861487100114758
100006191	0.394604992354464	0.610732448002013	0.342751995038088	0.654731934071424
100004542	0.369071229606278	0.3402479256001	0.344622120758392	0.761369244266865
100003686	0.317128081718928	0.140328726691404	0.436383962860263	0.642108756174687
100009232	0.0264582369989976	0.228902118940986	0.317831846427254	0.610534064417899
100001501	0.064152823929619	0.105622339375909	0.387324864280544	0.723504524861983
100002367	0.494881013890174	0.259403456564201	0.298536163112773	0.552325311563981
100001108	0.320882864306185	0.691851757180457	0.312543188871094	0.68807606728989
100004227	0.673718721036932	0.995274311439387	0.316565473864056	0.70138101213492
100001310	0.245151072700641	0.320426851652062	0.289539139996861	0.795035157852365
100001994	0.688116871097271	0.829015087957524	0.310300607349176	0.800498655116695
100015839	0.0172256076873297	0.0123046940108151	0.385483024070925	0.757975192853703
100003271	0.00414906794568366	0.0704980731526104	0.41995205383002	0.504620922680206
100020496	0.91409953811292	0.956640061187413	0.32443769158808	0.697617993641723
302	0.785045072514559	0.518142284342409	0.284216945881013	0.670792325343039
811	0.7714669425186	0.764289839889707	0.310501864939517	0.733808857948657
100001267	0.971466168349141	0.836566349074173	0.305747260618716	0.69789558711594
100001197	0.027568884380751	0.311909788256542	0.356339993192667	0.707179250337151
432	0.247013268232395	0.502900466907738	0.333183412758543	0.680550987235997
444	0.0162988004129112	0.0867072589708468	0.343827955110747	0.818796820155887
100015968	0.341816552098765	0.356763963490538	0.31007412655733	0.622434237492181
828	0.921874796694952	0.814327797243566	0.307456484443221	0.708512603716597
100004054	0.262560561733094	0.781221642121274	0.318516953048494	0.707193730043356
100004635	0.113164692624733	0.163034044550301	0.658944856822119	0.44225947093062
100000491	0.325155828197268	0.405259519610024	0.310273592359138	0.558013281171972
100000939	0.0499402426417685	0.0367308731547666	0.33045170218204	0.592982783368191
241	0.25868278393729	0.663355281778622	0.331785989756968	0.716833290938816
136	0.133811018439405	0.00997348816848579	0.30391634566219	0.967553601325512
100000792	0.548674651739361	0.976642228456139	0.320979377024012	0.745563592242587
100020973	0.854795287807069	0.96608331402162	0.317543950448176	0.698710863781935
100000936	0.825938284265384	0.923749950995146	0.316359417346231	0.703390538654451
100001313	0.0104398658120605	0.201804369020805	0.328535671839555	0.748782408212357
100001951	0.0491391507586064	0.071384378439908	0.350535790690293	0.679938942457026
100006098	0.0279697735447938	0.132262668195317	0.338352975696574	0.797585247406901
100000007	0.230507571469181	0.512192959175803	0.326386667393687	0.707069975930483
100006641	0.94085449461629	0.894105119929631	0.335809501345298	0.701376968527478
913	0.00861614518824313	0.0500172900687297	0.399556980338435	0.563776864340874
100001579	0.809639806293093	0.432635901845809	0.348318751873315	0.702559291267219
100002911	0.153772679686571	0.0116847353759042	0.404880814034577	0.655111573178956
100001293	0.275022251107311	0.370838121152521	0.278908359336899	0.837612924787754
100002241	0.200817260719396	0.580936302853998	0.333426018623747	0.677042873780231
100003179	0.380415547781643	0.0717357237059914	0.301872046991396	0.54724217601953
100021372	0.200834083423149	0.166067347508341	0.241767441288317	0.730229385480295
100001956	0.362574995379438	0.556107957686861	0.315975926384979	0.620010135873357
100021162	0.204065593432123	0.124834235387419	0.290756695996147	0.494413842707472
100002259	0.412369578748631	0.622144485721018	0.29034004722344	0.688584334713812
252	0.347674868925356	0.623109560446254	0.367497403643003	0.654782938338511
100000707	0.343651183982798	0.24668330238662	0.319437439631143	0.715989506292499
1489	0.615954943083187	0.012169010866689	0.232715407631922	0.670332804052124
100020361	0.043995414078473	0.120883003348504	0.336382727175405	0.954627723287807
55	0.753713971783043	0.986533867204693	0.322622940711599	0.702977298426585
100000863	0.251193794622757	0.25710097161382	0.278085928224965	0.737833389321805
100015840	0.215063887521493	0.105439443975916	0.398255086179234	0.646010456253656
100001541	0.117296195518451	0.0876812286115878	0.231037655920658	0.70973050505687
100006082	0.132941884232817	0.050186125431192	0.424598899282083	0.705667293044549
1254	0.694705226879184	0.908893025942221	0.319888522409645	0.719145648099301
100001624	0.659179391087443	0.438434275396195	0.292039714936463	0.670415493519788
100015850	0.871957790674388	0.612424808935203	0.379892429301944	0.666953549220831
100001104	0.00608398076545251	0.0237152570159225	0.320448277762089	0.942015356985615
100000900	0.108444072800813	0.384694164020211	0.331464997965244	0.709472743194163
100000269	0.191963961041193	0.0754803609000979	0.198001898938345	0.655840268475474
1022	0.259936530177956	0.836263202240239	0.320006603346445	0.690088662949967
100005373	0.167607848537965	0.0479460578210247	0.285209827493908	0.739543360607901
100001129	0.124284423126655	0.711938131426218	0.307640971386954	0.731280713459361
935	0.0112860168308135	0.134989325959748	0.410863575417333	0.572983399074988
100001262	0.2086926784198	0.263941645353332	0.322061062331087	0.72031044106392
100019978	0.292618138291738	0.600856145663508	0.307691364575071	0.683448300210107
100002293	0.685922379269974	0.75090591430014	0.322293493166149	0.703857764771925
100001426	0.140192953179671	0.245186644692322	0.332875201106058	0.539414084006409
234	0.0249921867658803	0.112630110741122	0.320032008294409	0.67795732176017
100005403	0.196241830312876	0.9017177127644	0.333239788967443	0.68923777393437
100001083	0.0483344752577006	0.35579696615859	0.340669509622509	0.721003543678084
439	0.68805335631982	0.311219380872545	0.34154252754598	0.697653926731003
100001086	0.535990617152923	0.666112765884433	0.319241048685618	0.743814325564652
100005864	0.717321696990836	0.450530705837997	0.292931482988777	0.770036546249849
491	0.531924668965559	0.922437475423216	0.315204768544108	0.702159742738
100002029	0.497374464564598	0.401337045781162	0.296317328151002	0.549743397628337
100002154	0.831128708017431	0.490805157468975	0.281298892900493	0.677319919222674
891	0.495932572539206	0.204864345833504	0.354039570429862	0.670792426404201
100020261	0.36132878931429	0.439084960657964	0.3808321715371	0.677479710340929
100001296	0.551142429244148	0.501166455942717	0.315116083765219	0.594939953081942
2050	0.523619694636694	0.568396328551092	0.341474238746594	0.654538751822684
100002761	0.239931902766264	0.672892389227268	0.277926801586547	0.850921581188696
100006614	0.872490291966514	0.639992895282508	0.291735687116238	0.769584426696007
100001597	0.93122211985967	0.0960965773311632	0.204337280244096	0.491884035522748
100020853	0.796836405948548	0.65665450656153	0.312389801556796	0.678961579639441
100001446	0.29456602662705	0.438614927835605	0.284554939076558	0.691386286377702
100003240	0.292367186819381	0.154428795620088	0.366656639050935	0.630043450574626
100001502	0.0322080066445762	0.258141586818873	0.375037683517696	0.787873546951
100020866	0.0221623356881725	0.00536480964394273	0.227801078990485	0.54582376501226
100020419	0.0248519778494714	0.0876413204614438	0.351543942437436	0.447021579371093
35	0.484460907181376	0.270609512175933	0.288738056241847	0.646039653020815
100003696	0.016900095889569	0.057071358531403	0.443088737325811	0.632783970532416
100016038	0.764067269264612	0.990258173690855	0.317141815747051	0.706896511726797
100009333	0.181756733313249	0.151073716078444	0.322176633049138	0.736094704521028
100001611	0.154535188269378	0.255374507349009	0.420873626993991	0.669474089917313
100005383	0.699877037020885	0.301872485654193	0.323142416650282	0.740293873772226
100009239	0.272561034753668	0.13543145306748	0.400559175556593	0.527291635205405
100009332	0.281889401341589	0.217014929857973	0.323057090312448	0.668654445170352
100001731	0.0757544854844352	0.622981530677076	0.336312553020779	0.684438047158987
100003415	0.370862113767829	0.45760693529981	0.307526326706753	0.714137339459072
100020578	0.130337886853161	0.196508237569598	0.298621165571725	0.595273767849134
893	0.877621805021283	0.473829570723728	0.314153800598737	0.715193551072599
100000963	0.319273979337019	0.197233204145616	0.403849170546976	0.494891492172684
273	0.168769304978586	0.333297943925803	0.360316578274157	0.694343417270994
197	0.273852716298861	0.32829598573598	0.322367045399931	0.565482833130352
100000808	0.354436874180012	0.247057517152513	0.293509981513368	0.844797483909755
100002284	0.811917887005073	0.3901469106044	0.215667157373224	0.645472731395389
888	0.95456657835115	0.0772110500082382	0.340830671772544	0.676891659057651
100006435	0.54162107740129	0.319819352022865	0.245619569084131	0.992973876068661
100006374	0.278635607048064	0.728439027261612	0.319155340604997	0.69331991249878
100003169	0.0235559032335976	0.0932644895661019	0.330477617913226	0.638309805934213
1004	0.697597402751015	0.899975039031172	0.311339631756754	0.691688627134674
100005998	0.100252786986698	0.902013346921183	0.333985743765783	0.70827263966451
100000773	0.673443800893894	0.54312814281777	0.321166943862976	0.683588108827053
100010850	0.00921197726232533	0.107966865689834	0.394732566707648	0.591440376398006
397	0.995884797775575	0.268958335250254	0.224662836959739	0.785432634492177
100000039	0.0740415078873824	0.255223313680648	0.264693016086193	0.754987468669503
100020833	0.725505271433731	0.733413047521324	0.325921564523932	0.747591314364136
1021	0.49905396428803	0.361187004817246	0.289955023664633	0.726082672870985
100020479	0.319970146022675	0.634256009069475	0.324969897328886	0.71661549094581
100001335	0.533922804917309	0.309703590893333	0.355881956669528	0.667330759965047
100000743	0.620408760347748	0.886277522281284	0.316462971082111	0.7403899289942
100009246	0.180594234788126	0.530297479374787	0.297592543922197	0.738028377800969
878	0.18673932644791	0.732290984508823	0.302958153272284	0.71454358500906
100021103	0.820654932902545	0.889554960252669	0.326498994599847	0.769801641320526
100021363	0.2288143416199	0.568494582773755	0.296904122847036	0.743167905350208
266	0.159335909209294	0.189605783036738	0.303973557377628	0.602276353984833
100001195	0.325980951399642	0.226145745775139	0.398656997544947	0.629628310780951
100019801	0.793396826253279	0.733648030863886	0.328406127931202	0.689793298800619
100002196	0.0403277239525923	0.299978631277866	0.332498196281315	0.713610268848299
100006370	0.283000833306235	0.923293957821528	0.312518839219878	0.70399329178318
100001510	0.0401387377510989	0.00408649487886476	0.249914926340913	0.772815053210772
100000437	0.479424593115732	0.468166036265705	0.308731609043738	0.778096760616123
100001767	0.134469592322326	0.0273187887885218	0.393970029534915	0.770392125628591
100001810	0.449745667141756	0.505179484451229	0.328931379077996	0.854220474110589
209	0.0395117919107007	0.347198800582053	0.356803428753477	0.682689264762887
100001485	0.176510409271321	0.064876235632805	0.19016184674775	0.632046458607777
100002500	0.121424476393779	0.44885161001343	0.321447885764899	0.67231302635639
171	0.0424398509462753	0.0279146652922002	0.220670483553571	0.673990032399905
100020487	0.99753068563624	0.897776186104446	0.332440820345755	0.684975076847828
1206	0.00711573743558211	0.117913503222799	0.322190873929459	0.755827006823723
344	0.016963679715388	0.0325750092837136	0.593351955113213	0.779058417944486
100001405	0.490446185013524	0.845086472617772	0.323846735172637	0.68497408155549
1239	0.993408707664132	0.522474822014014	0.351093943865251	0.705265316036915
391	0.0879023574258577	0.232964160419267	0.290684156384741	0.883218847546769
100006430	0.3500613013224	0.1689570266759	0.413879667420048	0.438981884279004
100001417	0.855211753719055	0.557634900222585	0.299591860451054	0.789869345544404
100002951	0.0459220756192631	0.464126907498838	0.315198034606146	0.622311745795292
100000014	0.389183263994891	0.568377468099894	0.311573358153241	0.74550980782365
100003926	0.560445503475963	0.522681900792113	0.341587655467208	0.687362275173076
100021538	0.428329709747153	0.488233924323047	0.375967277702159	0.639995347608527
132	0.35275214026171	0.939965036370933	0.317119482795539	0.700218140105522
100001425	0.507147045639878	0.551362066390006	0.396832769339955	0.645945126692508
100020262	0.617106805044557	0.673356820220243	0.338233955342718	0.689665389602224
100002679	0.419021712886927	0.727849011667484	0.301068758928867	0.75950325347979
100001270	0.783065159668872	0.577522991705289	0.326566221758271	0.682784688872729
1102	0.942075188560842	0.830999124237654	0.32481753307459	0.680949917259259
331	0.220655831896223	0.184800781641526	0.264846300026054	0.591215312653257
100006361	0.476451970105261	0.600181223905298	0.294178016911386	0.779309793852643
180	0.81114388946984	0.914614335322361	0.327994467732696	0.699201132682419
1053	0.307977881690462	0.416023531286559	0.480947725244514	0.776777489456314
100001359	0.523927397809851	0.864408967814246	0.337338375982016	0.67968991239709
