chemID	simpleLRM_Fstatistics	multiLRM(chem_sig)	multiLRM(sex_sig)	multiLRM(age_sig)
100021136	0.0383505382348361	0.267513907269932	0.40678658672494	0.737208621597118
100000882	0.904042598377663	0.626526200716227	0.393588808333414	0.620251200984155
409	0.0915271188962544	0.175196372589879	0.424685875277743	0.414340031644971
100002254	0.697441423704821	0.0484900418981855	0.261904199425052	0.62965497683043
361	0.00300159839849578	0.069274269807366	0.286145189854554	0.614576340434015
100019975	0.614837550221842	0.688425192905728	0.378914897763502	0.667356341476769
100000257	0.00064933979373811	0.0184294195003851	0.384565459998696	0.581987564251142
100001232	0.912715218419873	0.871278244837662	0.395574961556267	0.640104981275188
100001948	0.491620740608301	0.446834418478297	0.389254018213849	0.535371832447721
100001073	0.579007222367187	0.620817166316615	0.471097071594894	0.564119400689224
100015637	0.98387183197866	0.42471511342723	0.404520216896673	0.643671795284551
100006360	0.561743946650889	0.667188983266605	0.357064842721492	0.719010920593221
1488	0.414271819423758	0.52018873535183	0.387928100680412	0.617185778546553
100002253	0.710102124014429	0.907770531761107	0.373346029390728	0.662231074700359
1023	0.995707674778734	0.714151402979113	0.371792307288041	0.63423049102868
100004284	0.706433147814448	0.816765141069615	0.370504915693673	0.656614963929504
100001251	0.673134098715976	0.991729733799106	0.376559283166848	0.649338410339275
362	0.708972618437175	0.501740504881645	0.343702216335338	0.644144676189964
100006620	0.760627076865899	0.885921083753256	0.376758055921146	0.653520028012323
111	0.256653756469823	0.142955748996145	0.329821980536596	0.615663560554449
100009045	0.51622235820639	0.249005492734131	0.319762758464241	0.812031424490668
100002927	0.691963895309436	0.853663771712832	0.370121474967573	0.669753013126342
100015641	0.778418057320609	0.915618750395365	0.371616540132882	0.657026377160938
1114	0.086326796914838	0.892109960671401	0.371792453926879	0.655555816851545
100020409	0.43684513567683	0.423404389555028	0.37013912281131	0.539521080344286
158	0.130871323916622	0.230897860283254	0.477094239000047	0.677589002554378
1224	0.0431904480405015	0.184102592516048	0.30159219988595	0.687624272233561
100001620	0.385280246164993	0.357130723653946	0.331950589884249	0.650693731965221
100020893	0.321278449805842	0.0695097799122956	0.340648201662845	0.38962162829134
100002458	0.691535711934372	0.594481441618117	0.41756054547952	0.60114557243313
100001112	0.909253157174132	0.94242396749098	0.375135110876774	0.645504287839948
100002953	0.492124324275914	0.875029227269059	0.372848691351142	0.657878842787011
1141	0.50937188483231	0.0680643170736943	0.451571930389323	0.486223394495076
100015834	0.405594933675495	0.952957087493183	0.379741133532481	0.653845069832978
100004561	0.504765743589604	0.808715527184598	0.384475424277979	0.64330119752871
100020497	0.650940224375003	0.85073299522571	0.36666853844757	0.665476345327554
498	0.0426612210238902	0.284906780956444	0.376797242488652	0.728848321575419
100006051	0.797953818134452	0.809553936918183	0.382712621794347	0.645010482199916
1668	0.740037081751806	0.49306252733074	0.372453893875231	0.585220898542273
100004523	0.50585989317678	0.921271700918148	0.381873783059527	0.64245922865192
100001604	0.238184474328032	0.526942039605696	0.372169117403693	0.69409907444093
100001002	0.186291576652644	0.539007975516585	0.391263189996623	0.636594761199016
100001987	0.0925908857593562	0.265272261569255	0.952711464548258	0.510254414616444
100002462	0.722541719345159	0.379694111392438	0.430117998266473	0.543596764084955
466	0.601776254695774	0.0739496104186515	0.40599584109775	0.627706940941482
100000665	0.878523523121117	0.443061723896386	0.416671215392392	0.596176760875016
445	0.962778251444471	0.459901979899831	0.406853313629153	0.697074389505765
2029	0.146863609835777	0.490052047787982	0.399383442608639	0.652179087398896
100006438	0.143257921182176	0.254276949741174	0.42930804355171	0.663316215617154
100001398	0.17455562320716	0.608659218419404	0.353243131965223	0.669246307854864
235	0.469011394056832	0.496267652680167	0.338060234429021	0.682626878341143
100000997	0.622314889908569	0.653757006353647	0.381835628910397	0.624004498442494
100002094	0.292640177259385	0.238075423346317	0.320175401123013	0.523551821283643
1052	0.436201576463284	0.823257241791101	0.362615116544293	0.689611207442579
100020823	0.42728070000038	0.665544065729094	0.356234707400236	0.642037657837131
100001806	0.544318217711525	0.812517060421697	0.397599118085816	0.656252652745748
100006092	0.713905425081395	0.829183974146117	0.386143971156105	0.634833822217832
100001415	0.0997783549536031	0.0717294501397612	0.381778513999315	0.373689872078574
100000008	0.0488211454865815	0.0776923372084952	0.409954510503843	0.491486573092251
565	0.00804803597895857	0.048813445051275	0.373768459599602	0.725929341717878
100015851	0.162605166871082	0.190151295938591	0.470604637307724	0.786328622313158
100001866	0.656672249401725	0.941378976552763	0.385993046543484	0.645298215313293
100020546	0.00133184584208458	0.0175447565541214	0.717799120770543	0.852266735747495
100016110	0.501369027513049	0.411209890632741	0.312625810007619	0.749366679505332
100001254	0.00269702746363668	0.0114200096073027	0.489813599886702	0.862554289036589
100006260	0.516928185909731	0.898778966967329	0.377779159758136	0.648320969178594
826	0.667998960680623	0.856175919387754	0.377209783558919	0.644724588351523
100001872	0.425400489358811	0.801711460431512	0.378233637784938	0.64958164997408
100000263	0.228850843850155	0.291459827347633	0.492562799303837	0.636874149262542
100021198	0.874017636292263	0.0714126666360549	0.260762522158925	0.378779185499244
100015967	0.0410289886154732	0.0958864728282033	0.45034517794273	0.479263072997663
278	0.140807648743912	0.260617467243684	0.354689367846983	0.93610578314123
519	0.672571204301482	0.307019009275491	0.450645842183339	0.581976500840316
100009337	0.128824507749164	0.326403962695325	0.489326132348324	0.635754533608823
100002185	0.355435585919793	0.92155866145062	0.373323619431345	0.643139172713986
100001278	0.313564153355281	0.236031272779655	0.469228737436422	0.596930382253256
100002103	0.849660068442418	0.609891754307658	0.376923250755212	0.600528267848261
980	0.750887876911662	0.429561736189709	0.415419751321421	0.629561167939854
100000016	0.850073195927193	0.440511453348838	0.372115512472436	0.62453020420584
100020372	0.157619975428237	0.460417653794733	0.377027224446242	0.583149980007134
100001662	0.523585081141368	0.115140539691245	0.150556276419026	0.656850897889156
100019972	0.950191618700053	0.673922711246921	0.386485586465085	0.636473079727669
254	0.763635753163461	0.726081245541576	0.373271373444094	0.653515388367574
100002009	0.62290019694193	0.676159208563371	0.373727110936573	0.572427570126765
100010895	0.456602395273255	0.528697944141979	0.4301794376096	0.628944490733838
1140	0.922061769868629	0.961049407852484	0.374743106958335	0.647468001389792
100008951	0.618703932541562	0.526232006073054	0.401137320962967	0.611450557670719
1084	0.295519335652071	0.75644872524816	0.377755537231737	0.701851396588008
100002796	0.172234823335817	0.487300274653011	0.339859030310714	0.606308443708833
358	0.971855176934217	0.94444481483059	0.374401281709536	0.646034857163367
100002070	0.855758352580786	0.735854417047481	0.366739022057216	0.67790184221759
1628	0.316946854244766	0.122291698399079	0.461681439001488	0.631766157944774
823	0.648084832706798	0.537549460671125	0.334431661125828	0.70652093744682
100004414	0.454190054982464	0.0895670290474595	0.480185919303562	0.784099991816266
100006129	0.652854292663017	0.664485149785711	0.3536135807001	0.665734374185359
100002028	0.715907934271394	0.455005989721312	0.495126540689727	0.465598364590456
100021707	0.583957846071493	0.696925147554551	0.348447782981154	0.692431093756921
100000054	0.635668579528815	0.524254238567046	0.362791761666193	0.67294877833267
100010869	0.515351026799123	0.248529804570168	0.383028613173535	0.528347151880949
100004575	0.0185630056534915	0.0803501736603264	0.494826108486046	0.998709715560542
100001212	0.941135928414397	0.701755911850875	0.378245466406043	0.598033826269095
818	0.322670602986005	0.635273948751338	0.409734833148244	0.612262545614277
100001092	0.00214114335873117	0.0235888962899169	0.361633087130399	0.639639433244563
100020371	0.988935008940742	0.873296344331131	0.381437389064871	0.648298939241423
100004112	0.244222311069369	0.539726099656878	0.391885251546711	0.657254772431883
1125	0.726831993287422	0.455881579739615	0.3932777932442	0.681005469588306
100020491	0.976896318364923	0.63476907165162	0.336963527416128	0.662095923604008
100003151	0.00403419787914337	0.0272021543317698	0.524210739136278	0.534084091213257
100000011	0.242914288752818	0.132880091404119	0.289466554869367	0.758936528802188
100003594	0.428660960186228	0.936302935841929	0.386945435231265	0.654571931812613
806	0.76553870211178	0.151590148285078	0.3705539647425	0.454088294249828
100001211	0.979435247254306	0.568780037777562	0.38752752841622	0.63080681875488
100002417	0.500160070976494	0.650224905881418	0.363691120036329	0.62161210898992
100009335	0.434170758783933	0.184334352387839	0.31615578209592	0.671791661763244
100000781	0.779423006010708	0.983269874713431	0.376920860788735	0.650008438888215
803	0.0265024350550537	0.0312967207755775	0.365067862830731	0.526659354386929
50	0.446938244989904	0.673524086112821	0.386849489090805	0.631373231881149
796	0.355627608110931	0.0437352430969216	0.424762686794356	0.633240900839664
100005834	0.819310692627951	0.56193933920086	0.449689015415882	0.642467511568537
100001580	0.888124083547725	0.491265997027374	0.40887812572476	0.65017295761245
480	0.775693139389595	0.648521581326916	0.342114729272672	0.65670409602326
100001540	0.332577973461807	0.798671695776304	0.443630372404082	0.711648032178908
339	0.660187678176281	0.140564684837541	0.33573111050398	0.56756350445155
1110	0.907934108594653	0.973181407503293	0.376280388114447	0.669605887105739
100015836	0.151075854912183	0.165833095881232	0.546698402143873	0.824954595091982
100009271	0.573163274240704	0.524583005846541	0.414580457843235	0.630874264602865
100015638	0.879609471253079	0.39510591829035	0.399702935667309	0.628470818614374
100021667	0.928619847307017	0.479024386008434	0.424626017549589	0.630054121767953
100001279	0.561333046063926	0.35714754963574	0.408722224327424	0.775925066447603
100004208	0.0258995620352855	0.126505101653238	0.537418363166312	0.766108450775622
100003695	0.283122055727807	0.175942403344396	0.389407501102281	0.456803738475866
100000802	0.88161563497567	0.853800494499808	0.380466438410881	0.644313396979703
100002769	0.985538775577855	0.12701434719032	0.275234772085461	0.759135945521483
100015835	0.0874697344918781	0.256107966932323	0.563566836248361	0.86105234315192
229	0.745441890872681	0.341207600041612	0.42982411886867	0.641701638478164
100001266	0.00377998813683738	0.0192360975806159	0.502623090543859	0.959037891064455
1342	0.279965471486393	0.346240877387828	0.327204362041052	0.667506899751102
100002102	0.898291611844339	0.568233213161432	0.418205551009744	0.746905668407442
100020254	0.287550830341752	0.706430369201177	0.364738872248831	0.670016251407843
1231	0.360114790078268	0.195655681888428	0.460641557660365	0.595504917077671
100020492	0.926225233795088	0.952159966593993	0.375300915771118	0.649178915414161
100001402	0.381942724156036	0.558164093735691	0.414818609127483	0.653665432839581
415	0.00598533538463421	0.0801669071106722	0.438930447059314	0.708309852069618
100003109	0.858189079052954	0.871710549550714	0.380756892064403	0.633249583037074
275	0.453741722612214	0.970781109607184	0.398907891612606	0.648594064811176
1143	0.168054787161991	0.0766397464282666	0.343474330181913	0.747472051892768
279	0.377755040498828	0.340667679355994	0.3784924149041	0.518450614845703
100001198	0.834430129156847	0.932528668502865	0.390093471124382	0.644819146873883
1648	0.417385187490908	0.971620333544785	0.376351023480323	0.650235788430196
100001590	0.462990484645667	0.325173229444175	0.351070426108333	0.578018583328253
100001733	0.422678999092427	0.887000551067937	0.372629297960824	0.661074786530387
100008933	0.020662043759551	0.00246224173847096	0.484692211667345	0.610129207279021
100001550	0.501954288140264	0.42670591386084	0.359481371687881	0.587428054071281
1215	0.0946761927555237	0.25676622177361	0.317409362017409	0.610382355723103
100002356	0.26612617438276	0.108220634272196	0.447900381952287	0.657192890502776
100002749	0.854016604651109	0.828446415594456	0.376524440253536	0.656271710787348
100006379	0.210301096551463	0.186880493274375	0.416252456816136	0.418916598023785
100015966	0.0939819248664656	0.167952258111858	0.399335006188523	0.485057595597327
100001392	0.752955053414023	0.894710356327356	0.380105603720475	0.64752438843591
100020425	0.116458695518698	0.0478288582621973	0.321973511485536	0.410878926755469
100004299	0.219209198727737	0.676245988727403	0.414509911590938	0.724784929117211
100001734	0.616087860962948	0.528640545780254	0.392130223841504	0.590748362195937
1002	0.774619997343621	0.856332826881307	0.37629503018432	0.648862038540013
100001337	0.415750767375478	0.898331331498487	0.369465691591496	0.650523437863747
100001452	0.727326893550928	0.82668146907784	0.373293296528416	0.630454268644293
314	0.550049954350907	0.389799380327348	0.388240580554746	0.667515952438352
100009264	0.944495752041717	0.555391052383865	0.304256832728145	0.768338986997151
100004634	0.42590023360552	0.503521275037558	0.341772717868179	0.666089796492238
100000711	0.672134417892884	0.654348726154044	0.418529844946202	0.676962922916218
100020536	0.0451773470598272	0.126345638989307	0.417559560153561	0.753453305889742
100004318	0.205321236758896	0.47009159479065	0.397458228205973	0.641239686507923
100005850	0.997140974056182	0.523162464481933	0.44894410249312	0.603853072070555
100006619	0.354372933124008	0.154185578917002	0.416423034667498	0.638219713407037
356	0.424844177376195	0.623499675011018	0.362927009929477	0.666881149740231
1221	0.702021725996598	0.626101592286809	0.454017867509726	0.684538380461445
100001397	0.7249827340732	0.737369309747801	0.376155508022861	0.64072649245826
100019981	0.637238685135017	0.89749392114714	0.380079364553829	0.66624352079829
100001208	0.34087490414675	0.219357042901779	0.337733177909294	0.951700981683546
503	0.0190269937822904	0.014165765488739	0.225183131567005	0.499722882896423
100006375	0.146450854140215	0.59145946494498	0.408425017686336	0.627044061220457
100001295	0.806475541501391	0.675009542015751	0.367049348824091	0.727158334260256
100020427	0.0488619579461432	0.025902757531346	0.369060311160416	0.353223904669584
100002784	0.591649195204063	0.421291651377683	0.325098663754525	0.712246285286022
917	0.046299921886513	0.183798177123259	0.418453033537099	0.595519132000378
1869	0.419293671925138	0.222350151807851	0.396937044085976	0.539443292934493
240	0.243145942979209	0.11553080318838	0.247130416307227	0.462504105475047
798	0.00986647417397332	0.106552501785608	0.510236958676205	0.588083327346074
100002952	0.294037408144058	0.494260905486035	0.376291439206922	0.729356037519147
98	0.575933342139805	0.786842255491426	0.401090036702249	0.656652587992942
100008998	0.260601105062189	0.322060623131634	0.305030875759409	0.716465243390814
477	0.901362694149586	0.294669018196325	0.383686221285862	0.645889473807731
100020545	0.0536520383498014	0.105301272663448	0.457248703833855	0.826670233958965
100021666	0.967347864105112	0.224348661787719	0.427600862451503	0.640949769140101
1256	0.47415174540585	0.645520031443969	0.442616138419364	0.690440765889851
533	0.413951130296105	0.101136492808531	0.268516694536984	0.425748115930458
100001757	0.6049559961321	0.989035885669277	0.377519512808276	0.650589803413768
1024	0.235446003295611	0.0761669061607624	0.265839709384436	0.869469490921509
267	0.483517905620999	0.966868384123079	0.378632520778711	0.648239392888577
100002113	0.219439344553684	0.1343029970945	0.333549622035563	0.679843589125528
100001756	0.895235952660252	0.74078239466819	0.388935865822074	0.668767841237399
100001193	0.340428205420415	0.155004042335224	0.479058597463994	0.590521427226167
100001668	0.558083702383771	0.902312531378833	0.376813462971824	0.657698823383793
1124	0.281134252744068	0.293471045882816	0.338599628826885	0.745420920728448
100021331	0.182662316040802	0.33827867501902	0.353729179807394	0.688308415118653
1090	0.0391572069391156	0.0345267064051983	0.376283211784683	0.795835683879749
566	0.901875549455933	0.337475603287937	0.289210253449672	0.654686935846629
100003119	0.444948658573456	0.277449414922147	0.417882020859935	0.586098555407197
100006367	0.754283902683443	0.561672398106947	0.38876949307136	0.629767866714032
100004322	0.203575373368142	0.23622469751765	0.388161029155932	0.735624431311928
100001034	0.639399394335563	0.874739943088444	0.373001170342372	0.64407219407537
112	0.972895792545858	0.942519657798934	0.377422727425195	0.648129842875266
507	0.794943809199568	0.805596961571684	0.374217442268361	0.655707096257434
100009233	0.226934602715458	0.16450728822289	0.358710006860239	0.666244619744041
100000406	0.0225502336488033	0.142960467880107	0.562694463464537	0.461893957815516
100004046	0.298766792584596	0.522807655497296	0.28084850201716	0.602765110242166
1025	0.559365652687305	0.594186116133857	0.363714888005742	0.674093918386808
100001106	0.125327257501285	0.153872782152962	0.322644093653002	0.68012202315463
1128	0.0367997440167667	0.590865347510127	0.40995175562151	0.696016590072849
561	0.022497429159883	0.12786916622705	0.270866116225168	0.555918446266887
100001614	0.836633925623128	0.365562447151156	0.395054562445473	0.624948351891642
100000961	0.980286257401681	0.976740553128706	0.392792227876742	0.660200842070285
100002397	0.999888465108941	0.681497318900471	0.373141673751995	0.599421210834335
100009407	0.819605857927122	0.935108152410718	0.373641982488998	0.656833738288962
100002910	0.789280941142181	0.662533766476658	0.349481280111711	0.598516941483097
100005946	0.15138210283748	0.256601912945986	0.461400534000893	0.765418737060358
100019794	0.0703548951417991	0.246515491754035	0.388814072596214	0.819401826537213
100015759	0.235403654202734	0.0873445641437548	0.333200272594314	0.652447040665467
100020417	0.814421128639028	0.667518024547827	0.359727735584818	0.629957916114075
100001054	0.715322731865628	0.962166555662984	0.379513726236933	0.650128014464624
100001437	0.271236815657382	0.31131678921097	0.320065883565948	0.575010130361303
504	0.340594210136652	0.75396772130185	0.420742995653857	0.658450831892493
100001988	0.481573885689892	0.677397585947193	0.369515951486099	0.796334754485585
1082	0.0360498826817931	0.611674013137904	0.41274018922433	0.678170958898993
100001403	0.272544250318862	0.307212898992062	0.42390617651834	0.627932731516143
100001664	0.844490790609795	0.512652420393426	0.360062755935624	0.8362065667786
461	0.397993391594769	0.253880897393586	0.538381194599661	0.630425734913764
100000463	0.726547995440681	0.985320606906046	0.380073360374088	0.649501263038919
100020208	0.75319498900386	0.639611913739607	0.401339303017447	0.572331784286279
381	0.471592258872918	0.066824547166493	0.178762636571202	0.481196781235032
100010901	0.0712565176472857	0.0692536575457148	0.38340790237558	0.764740225884305
100001468	0.222655916338631	0.952103765422856	0.37441324467998	0.66630816725514
100000840	0.79752259994048	0.780092166827037	0.353538161227263	0.670844704920212
100020014	0.263333572828413	0.609491578918922	0.369246897131103	0.664275421787149
100001993	0.667445495741915	0.588364311062501	0.308915925935605	0.809289003910003
100001051	0.148431973244676	0.0273374402696459	0.38764081947258	0.353699960132766
100006116	0.36806006970908	0.502214160981999	0.383582709242139	0.650647502342633
1108	0.724097012376398	0.891459231224454	0.385292938275128	0.640422709220455
100019966	0.345694315715775	0.124337570147484	0.447157024940893	0.620747367211757
100001743	0.666443879702135	0.444781727429715	0.36407654539685	0.635737750318716
100001294	0.0928701622423431	0.173116045577849	0.278855093833726	0.706570470144207
100001609	0.218260330982708	0.100590191070168	0.364172084362702	0.741244891534392
418	0.720074144922015	0.980116811782682	0.379520979663233	0.650162110098062
100001178	0.305353208741331	0.983824553963857	0.379518980143734	0.65176367399843
189	0.906961023266363	0.73554640542591	0.351351486680675	0.624332753908334
563	0.517243310991437	0.786063584891909	0.396034223065895	0.634147252018399
424	0.512245608444065	0.404269312132356	0.424888205117437	0.629246164307518
100000776	0.136135694721123	0.31065889091093	0.42714931800666	0.651638889879626
1001	0.809388973117448	0.410679011704899	0.39443946796561	0.652481765684235
1135	0.32608185466066	0.0996359373314418	0.361832986121058	0.708932647676691
100021093	0.371277077677055	0.491418619626975	0.429208150258814	0.672185337039282
100020219	0.102237261834378	0.204458824992929	0.398770405516812	0.537159385858636
194	0.383212126591998	0.903777571796211	0.380961846411025	0.638690862171118
100008930	0.587029803731496	0.553964158848574	0.417173456698723	0.625589194556094
340	0.486080445912134	0.211314051433093	0.239197272901495	0.733830547565676
100010896	0.964491765796225	0.727672177196836	0.355952553126321	0.657620226466797
100000787	0.269149832513672	0.126384945080674	0.356968568237927	0.384749877602823
100000639	0.0340276744836023	0.225019025374248	0.343121067878116	0.656039728148084
100001851	0.97085477034594	0.265930924631163	0.401130036609341	0.441370631400258
179	0.650519485357987	0.575252186666843	0.371274995866217	0.664482591231721
100000626	0.306968310239801	0.66400191084534	0.399661951305929	0.650119758743501
100001605	0.0112999107362411	0.0829557401884455	0.475500052187436	0.742834396360653
330	0.27054477539187	0.435766005178769	0.410848101160355	0.525529202727353
100001162	0.687888774751884	0.65225568728259	0.344635063536448	0.623869223009485
100001167	0.0643518980932408	0.275594693205606	0.363645308600355	0.63642111848804
100002067	0.574209262020167	0.73386623903804	0.479512810561025	0.577060248598751
100019968	0.79332075646108	0.418004831007682	0.40163511465573	0.595228479670364
100002014	0.986765262283244	0.996307300197682	0.37587588104815	0.670778991597854
100004083	0.541787774104267	0.15759014529185	0.40225619993266	0.525340487390699
100001315	0.190290118190848	0.300015167159947	0.414653231777241	0.726475883484638
535	0.324611979220758	0.60256343939802	0.396136707711748	0.643244543370332
93	0.32229611880091	0.206991262375247	0.441669976234219	0.469673054465083
100001989	0.397022562373025	0.657359523442301	0.35073505316948	0.689495316497241
100001740	0.700620320717286	0.399624038083729	0.346965700961963	0.669193086432575
482	0.201733757618971	0.928391415958304	0.377273828290434	0.643242473261253
1629	0.264285489992594	0.402800849824126	0.445982051333582	0.625665643374413
100001399	0.431083509092157	0.364702969512029	0.399152764117729	0.649210793307021
376	0.736734583515607	0.158423460320393	0.24001419653867	0.75906588424126
342	0.570835598602461	0.616882302609631	0.37339167512176	0.648316294953182
100001253	0.0188691843613131	0.158221972644457	0.3293908058374	0.870695304836596
100000708	0.697777615501442	0.813706242019117	0.394282576600625	0.655891167637372
244	0.24662550653482	0.0624466950368561	0.310322401171451	0.765839375897565
100006726	0.33391180719698	0.244043309642445	0.44991305878515	0.631240273463519
100000036	0.249202249240486	0.599138021458707	0.347879234761625	0.694234290116825
100001257	0.0159869324552031	0.0657772314946667	0.533904863971769	0.930739081616992
100000445	0.675034348251805	0.60388931580905	0.411564890187814	0.605470730823195
100004088	0.00720490153326309	0.142199509877993	0.417163717927066	0.722810213905426
100001423	0.883272599576121	0.813320755787149	0.377972050437611	0.630851927952417
100001276	0.334424272652121	0.267180833378402	0.346510357756197	0.563838222816466
100001876	0.658446149077505	0.987020250867576	0.376637949990358	0.649964981859026
100009082	0.543996587411067	0.0383475978137259	0.179634867989217	0.625912535907161
100001121	0.37024297673927	0.741872097960964	0.370913121377678	0.645862663569765
117	0.302844186232407	0.625806030981047	0.356082309986863	0.669965929158514
100001868	0.0284009748930905	0.0962612723814009	0.454554329549432	0.655185318328503
1134	0.788656096782217	0.357705932142063	0.268468451040251	0.628480881964704
100021012	0.210129692999439	0.437142013263656	0.391890234192105	0.67605617720352
100001181	0.695288371812794	0.241311993192704	0.467873979924837	0.576799867596522
100021467	0.826113742312791	0.326937944215319	0.37450477880694	0.567751591119032
100000447	0.26235984440787	0.258771840844422	0.423403489550365	0.616808979974153
1162	0.000380494311859788	0.0104489178944718	0.502321859451278	0.545767713870509
100019982	0.612504895947052	0.420355244085746	0.398942825981593	0.63093252979612
100001613	0.927197625254125	0.425705185174417	0.398214083617545	0.616479702126208
100006644	0.471049549859302	0.694547069056779	0.356543431669982	0.672296497613248
100000096	0.417382962492085	0.0211657075759198	0.263000901268897	0.61153271112702
926	0.465748511446437	0.708418154024309	0.381583415079183	0.653462923914652
100020004	0.961767343271584	0.632800069436408	0.401346287956997	0.647742264017777
363	0.240303894180498	0.057573549332055	0.334178411612856	0.266089153533579
1111	0.327389380916649	0.958028531561909	0.376627042504121	0.70740999899458
100021712	0.802625262763917	0.748334135812374	0.377425353733267	0.632193498334638
460	0.971453320645549	0.748342922586734	0.385062035264695	0.6821167242903
100009331	0.246592343013029	0.178424928831541	0.349955090581941	0.677645956023322
100000442	0.239099675460442	0.675680836116395	0.408186391498704	0.667343031886724
100002945	0.0811660166700809	0.0159994553209691	0.490644879106497	0.603603901454737
192	0.90367840789311	0.832863136672205	0.364223480776595	0.694969233748538
100020241	0.689312830012564	0.820390668684812	0.386289598327059	0.651262811683252
100000580	0.128341488651495	0.137315957066342	0.324015467910825	0.88369691072946
100002466	0.00665081902671828	0.0244128724132974	0.329996251262571	0.406066864555494
849	0.729891777007954	0.60445931250878	0.380536391572587	0.603145368357279
501	0.547874464240608	0.397957512486584	0.411011192319344	0.608728396962658
100000282	0.799205653605095	0.158995655967973	0.451327259980497	0.554958522148457
100001577	0.0194698349973997	0.13975582448977	0.537197291573451	0.713465051950116
355	0.0846645268596286	0.290495495960851	0.322563326372721	0.549804424799137
100000841	0.534242655114494	0.875087230303861	0.368804473579775	0.679518673870146
100000846	0.841394699925284	0.354373158496135	0.364885223130566	0.643377771409341
100004295	0.923855336656416	0.421053427901199	0.348312973090087	0.603431796135354
100001586	0.130790669850467	0.0538144084942597	0.50074934728989	0.33176959548397
407	0.0104919205891719	0.0288279511890121	0.428301803888115	0.7183779013546
1137	0.891345757402324	0.760948025100029	0.364060249939935	0.685034694943483
100021374	0.0243916901469235	0.0124856234009012	0.306749045793432	0.940687027895754
100001593	0.678367139867003	0.888967340080929	0.372964879310901	0.654826913791779
100015971	0.93177220284501	0.849191226625168	0.370483026271768	0.649119538018623
100001022	0.201633435424271	0.132259544301345	0.239744532082312	0.944013491892332
1094	0.0747606011205689	0.241167778979996	0.549406414135936	0.878281507966566
100002122	0.205969593504991	0.223422508840554	0.319289951144347	0.753149347802906
100000706	0.707595229174482	0.563761734240136	0.328288079256827	0.649509453102414
100001055	0.648549359951708	0.47953996938076	0.342073162959864	0.601918096654456
1235	0.387526460355888	0.662186445443786	0.358859789116604	0.685933149744434
100020204	0.0931819765873335	0.504013754772167	0.407448296362143	0.694650929880782
100015643	0.0290800659527352	0.266364915976983	0.41486720849839	0.599282911859959
313	0.0184712843841715	0.239591074550273	0.401384973469554	0.583499429978517
100001413	0.870895850836456	0.906248162650697	0.37355498464659	0.642468802666595
100020423	0.0199814597048843	0.0156078688413903	0.406713958362053	0.335005287900955
892	0.429144945190364	0.13985523503158	0.413792561420979	0.678586837041207
212	0.0581398895671028	0.116020730606149	0.495497048711196	0.625102796007057
100006105	0.164663386772216	0.166271938910285	0.434188389464634	0.661220962666432
437	0.7535812882047	0.60208078763405	0.351643358398239	0.665639155824608
100019892	0.49795701417427	0.767912286160529	0.375150196070183	0.674328209701207
100005716	0.112450641159672	0.123934366527422	0.390010793278258	0.732566325760329
537	0.214261911547199	0.121664927868278	0.389397060716855	0.675765748976483
100001990	0.253941150217068	0.548516572234732	0.436645057416007	0.592632215425763
100003397	0.0391688423128825	0.00442618421521427	0.29332101815677	0.415402249366109
100001320	0.140150234656745	0.22845576178257	0.462424423104144	0.423016011900144
100005717	0.148871583357694	0.0926247449772161	0.430694273555271	0.682199384154453
100001207	0.0223493889259841	0.152468141623885	0.441567886156594	0.655154953200821
100001999	0.493531326665748	0.809562919697717	0.363692858564343	0.748714977260522
100002488	0.247691774160266	0.0206821599468505	0.430475790158797	0.596194923202984
62	0.209135664406806	0.683491598559177	0.366116505130933	0.656770614070284
100000467	0.418513736425284	0.362006653889509	0.370891525791116	0.614954392294635
297	0.00397565762333843	0.116850781699564	0.394038115196933	0.613728460530309
100000285	0.0216260706008924	0.351925139572186	0.386479473110781	0.753392147122332
100006056	0.0853559148130866	0.409751406577195	0.390095813951636	0.690424216266918
100002126	0.136786374140043	0.273652421612485	0.298252668451432	0.965174820794869
100002129	0.768578009919961	0.845321729761223	0.366461989570713	0.732627224554723
100020478	0.0518356282940096	0.252856631048177	0.337981965960485	0.679177062167301
100004089	0.0884158296229815	0.580558576391338	0.393610759117638	0.611049939833013
100001755	0.52235070011035	0.581269482455192	0.377779025037535	0.607067632832466
100000551	0.0476346555607759	0.958828269560907	0.377948264220888	0.655109425171933
100003260	0.489066310573946	0.318581441212389	0.419931700850524	0.725394933377018
100010955	0.960520898087919	0.482763166271087	0.312691981395324	0.56611169628164
100020851	0.402575917894752	0.579003152752475	0.384618223314513	0.670574341766784
100016069	0.567929865557493	0.740934632901926	0.384572680251101	0.634352032700713
100002027	0.596418894064442	0.540638420981784	0.287491269996456	0.763743037561139
1123	0.314779349684331	0.175022246989811	0.368515689254388	0.780598149714062
100001150	0.637718825832406	0.93023450586662	0.374349393205967	0.653723764231424
100001657	0.383839360362185	0.628366552887921	0.382302838584482	0.629293578294757
310	0.247500783935637	0.352346117279195	0.336205465607778	0.751267181117984
100001314	0.359092660367159	0.135157592352361	0.355453759472231	0.534276371665733
452	0.551946956366031	0.540258723293561	0.439051842694588	0.611784245806061
144	0.121669904474522	0.0663555518769239	0.438578658241856	0.5244684117637
100001182	0.178083580928036	0.140399779711575	0.466151374804509	0.631306749297724
100015965	0.671826693471841	0.448640419059555	0.363222236180098	0.722327961174068
100006108	0.819010945581277	0.441061589294985	0.395031674426302	0.688116433116008
100001400	0.578459798882184	0.566968974066384	0.35876680616851	0.636265101883461
100004541	0.285826446153676	0.203156537888098	0.368829449908837	0.407271862820641
932	0.781915313715723	0.362943199903009	0.37972199168876	0.682358565415506
100001992	0.569162613049542	0.616385171147562	0.482530404029659	0.56995339552553
100009252	0.114383852497414	0.167871063130905	0.457613691969792	0.627448221936378
100021104	0.50963758499146	0.521586689017679	0.306387160999005	0.796022250510181
100015838	0.0100242028784615	0.0376570980266176	0.535632829899114	0.896592991346044
250	0.00126134096240948	0.0228579869749334	0.644848249816606	0.748434138461735
100002537	0.908775093621228	0.478951701338356	0.353070186292809	0.762413315848805
100001658	0.67329755972237	0.597877934316223	0.419966226052633	0.63205496376448
100020416	0.311666004593564	0.389180677680155	0.338779581944286	0.626826239003067
100006642	0.258471335640401	0.777254214609304	0.363962355074351	0.671390958505379
100001391	0.10295149401487	0.315512387689607	0.475889713120965	0.766662569094559
825	0.946235120704247	0.478704646866253	0.318344669402501	0.667052104062505
215	0.0167101003927225	0.0939360912864013	0.448202521109854	0.631256713821646
100001026	0.893570914722946	0.963044129886303	0.377783021548443	0.668366311657435
100020541	0.396514554560703	0.439813048610107	0.330988696113919	0.692052987662434
100001526	0.20601319424469	0.257760369587038	0.558471249052192	0.766025150156264
100005384	0.601292894264231	0.462631286747519	0.351746813745814	0.58216898440635
100020378	0.412929880997646	0.575623423789771	0.36162786800167	0.65644116325665
100006115	0.918382455900858	0.414968751153994	0.462992340284824	0.551810888869287
1442	0.146729747760205	0.0356747671863895	0.165908046620004	0.53098083844647
100001843	0.146396097932176	0.20528712731685	0.40717243876158	0.738834863130144
100015837	0.197821104660672	0.285415747523015	0.595076413425153	0.603015013839301
100010834	0.725944295607002	0.974104688390332	0.376710878788091	0.648704639919462
100001393	0.713427452316673	0.409393817619582	0.30360611894443	0.692661432715297
100000015	0.281813237027713	0.619878942049079	0.354220054667555	0.668400191064552
100003892	0.03383906550601	0.0436827510033583	0.343790202668205	0.912616463087036
100000042	0.23848300330554	0.0301524718217007	0.385666226481851	0.566286885373503
100020550	0.631433373190659	0.230945601758296	0.400129351547287	0.551996386709241
182	0.339824523486895	0.306105042286015	0.37187041874682	0.670397499429035
100015723	0.104368900886652	0.38324583586298	0.388449481408104	0.629634261848194
100020343	0.505725320879653	0.544185094248351	0.343698930695733	0.653079383150486
512	0.33640473333327	0.606969520395138	0.412454857905113	0.621071368897408
100021100	0.851372923227297	0.76856308079476	0.364716126674813	0.653174785064101
100002528	0.33287036724186	0.0704133480040197	0.44124247207667	0.435725254784795
100001287	0.442620148148291	0.683934434176868	0.510400285896198	0.580449344071073
100001229	0.795394006358096	0.824644171179037	0.393963114264718	0.633007310578467
181	0.369622867920883	0.850539695425339	0.371444143371205	0.672006204334319
100015831	0.00281292367745853	0.0255637672706615	0.469157601404366	0.452346355402327
100020515	0.152441603269136	0.343723926482846	0.308047187754923	0.841389977204315
327	0.169324551914116	0.223699682816267	0.466081635126232	0.598777369587835
100009394	0.856306678468791	0.869844529086092	0.367172089268444	0.666029221530928
100001596	0.988710532993553	0.27186994352745	0.338725533062692	0.499816818821153
207	0.713645422052875	0.430455485368315	0.402168733820183	0.603228308666728
2054	0.478758534803477	0.773492290026305	0.364232377672828	0.665559274050247
100020259	0.686254066242662	0.571726728742698	0.407153688763789	0.63491025241274
100020414	0.00322219215202094	0.0394951821524288	0.279162930047542	0.622055085766583
100021131	0.803323180647943	0.297186881617211	0.360470942250655	0.61122325490488
100004499	0.753307077396357	0.789612498809855	0.368277826151628	0.629396129073677
880	0.123851609954736	0.687283803854922	0.419160332039684	0.643590974067934
100002049	0.533930438305091	0.315891164762651	0.411390426184708	0.601267552917623
100001739	0.432176065797123	0.213009631977425	0.487510780532418	0.604840218487544
100001126	0.390199426261025	0.141265899957104	0.253368431117826	0.530198933293562
1113	0.71181826778914	0.836952339785305	0.390616955393328	0.626791040772439
1083	0.894938476010344	0.352721985540658	0.398676814157965	0.569984373969318
100001730	0.0858172625742076	0.190483026947196	0.431497554856308	0.5292577240488
100001412	0.414963332586372	0.855085013824154	0.373815984311781	0.669025848426952
100005996	0.827129026931543	0.55294606852922	0.36605564137884	0.618495193382297
100015962	0.0160595813245343	0.133688626793157	0.276364609828444	0.932578912356889
100020214	0.653908588769952	0.407331792155025	0.400587321773364	0.570201621992479
100002514	0.0987730058420705	0.304059457399072	0.397511287074019	0.583368472696011
564	0.180754016502175	0.0539050827200395	0.337860806637932	0.529440068419502
572	0.0211301250360428	0.0175274048933404	0.545800497849269	0.51273623338252
231	0.946728065393858	0.703131052944397	0.352066407562716	0.662774376591557
100000453	0.821304851403154	0.715461052582024	0.362612972477226	0.685441527688454
100001007	0.112836269722789	0.234590612131757	0.445799343727425	0.528794358206424
923	0.705528796720285	0.360953993634702	0.354278242334307	0.70109462438162
100001247	0.448716610170839	0.548201466416131	0.357723537862463	0.63425004923317
100000774	0.638147201231957	0.904520041449548	0.388892650198874	0.662626341279174
800	0.301972197719761	0.320820049678922	0.404181085170758	0.709326625401073
100021678	0.207290825158984	0.34687753592035	0.317566366985337	0.6482063042944
100021711	0.488321861588886	0.86845331333427	0.390423772809833	0.657018176725639
100001274	0.902615254900916	0.45137744000565	0.358589455621788	0.519250801547161
100021220	0.224884218440329	0.208821246514988	0.42676181603539	0.946335475191189
100020253	0.488029761194801	0.969475474219323	0.377179890099051	0.648307016610403
100001170	0.588533023261948	0.145897716806664	0.362595291527882	0.54261447866802
100001466	0.20621488519669	0.777845346785152	0.393430094070113	0.641195557436981
100009406	0.774552030599714	0.696629847209126	0.362797331502786	0.665643808580854
1026	0.179553940938539	0.43072675054756	0.402739278996432	0.615182529562476
100020837	0.814411689456355	0.367095201974701	0.430638259441352	0.551285144546541
100001006	0.0854609259650543	0.0883964895952037	0.356348288290849	0.773919987531674
100003674	0.808399745089331	0.137885499989212	0.370081036942782	0.640121882720176
100004396	0.310826978151928	0.400825490598974	0.431076477351638	0.543609571924994
100015923	0.660319238165288	0.977684041201617	0.388114610702655	0.649043544008735
100000265	0.564122675387468	0.766737553673907	0.379841978445016	0.629189286201892
100001409	0.0889832429775029	0.121390954718353	0.370370536632428	0.496493975511244
100003434	0.551495724139131	0.429070489798105	0.392923857809328	0.557393445958402
100001334	0.691815155139053	0.0832969634942361	0.448052033667527	0.534784620276788
100001102	0.692615369633381	0.76260916480811	0.387473052458492	0.630915553000669
1268	0.596466154043786	0.0694697027837187	0.241234787061165	0.607823916101559
100001300	0.184139468507217	0.0784833343728771	0.344354109020679	0.651979426233085
100021324	0.221486763749693	0.641007585026789	0.492548575628043	0.637479665754352
100001617	0.0965568796828273	0.0973306443729428	0.372150476720329	0.689457281393933
1105	0.908235172605283	0.199714335625545	0.462483505639369	0.378580999070169
100021502	0.0960324318720026	0.312566284053654	0.357636710649839	0.679290119739648
2051	0.679254900503742	0.655337521051484	0.372134484278578	0.57382182496733
100001256	0.144886962319054	0.484590935668638	0.422436795017638	0.790123536448711
100005466	0.0485051511494556	0.0691095571947996	0.439927123824103	0.432762443669843
100002199	0.227734433649983	0.831912679520633	0.380313230734807	0.662606769893622
338	0.0243408548148039	0.0553875854210854	0.549570224403663	0.430743947245437
100004243	0.697732350078318	0.723990358741733	0.356878083746585	0.65906635104634
799	0.690402392137197	0.824130850147809	0.362641246752906	0.645308783743071
100008928	0.502533874587031	0.0924512607452717	0.384739991065461	0.639250794360066
815	0.0989370828711722	0.273928296013637	0.378013106987817	0.72363155473035
100001456	0.00224221484719227	0.0411112622170659	0.388951914327675	0.555984998883647
1242	0.113976158921151	0.101939324567905	0.428667906436679	0.470038942955882
100001416	0.301207888575816	0.119707142281217	0.266634882527665	0.413480122176746
100001462	0.385639399151829	0.326048204450355	0.440241358354654	0.609330031171989
1087	0.150085935600399	0.0355094975100642	0.402642660469228	0.612122171660927
100020421	0.0798240267916727	0.111922908256836	0.421519378073797	0.422934115497961
100000010	0.00191388927646683	0.0301537598799147	0.425685949539601	0.703546526510598
821	0.622680726505802	0.42081820111773	0.404520351494904	0.520806451630784
100006627	0.282074916995879	0.145507692916065	0.50573993117144	0.551743081565504
100001277	0.297321460068899	0.139099189880438	0.449738867433689	0.603639621608669
100021141	0.0748411456021966	0.236965295905423	0.401046026492383	0.741721800215972
100021105	0.20992226596253	0.2976933833621	0.394032700303942	0.478415386485838
100001950	0.000571148716820297	0.00831415902817441	0.454575260444281	0.819084742575909
100020217	0.875331133313011	0.305537265876854	0.274294386995982	0.491268518546151
100006651	0.0348973100782577	0.17802819567409	0.418183496434908	0.427070793144761
881	0.989459783774457	0.449368602889305	0.355739328748217	0.662800449497926
100001509	0.66269714362192	0.148480890389395	0.335083680986107	0.572575605700701
100021709	0.666661073061015	0.882582143648536	0.370906919351463	0.65402728663978
100001635	0.360992208410591	0.0423934190016381	0.396263431922511	0.60198602157855
100002613	0.425242082254878	0.120589057760098	0.354646437219372	0.734731625979018
100009329	0.34215980452587	0.539672554750082	0.321352319082737	0.842061335134688
100021123	0.980412959651557	0.67340746533869	0.383484105575427	0.585300298329199
100015760	0.180139135501049	0.141296191859734	0.3230785901173	0.683884922251892
100020205	0.477765410517711	0.482738184701663	0.419658763388101	0.50712888184424
100000765	0.54703633655204	0.660985860982776	0.37041859497152	0.621526623714445
100004111	0.257674705578552	0.143373754532715	0.42693960388127	0.617015905857933
100001615	0.236999902533908	0.774627414250164	0.376778307863064	0.647694744734143
100009227	0.222832556721026	0.116534479927813	0.508013800297302	0.78866929256179
100006191	0.450990967852957	0.605353912504258	0.403460276114538	0.604530116144369
100004542	0.486894628941623	0.388499611004109	0.393047176308587	0.694084614476633
100003686	0.327771910891978	0.127937692993976	0.510032872218431	0.586968679420825
100009232	0.0445095475426123	0.260226780563271	0.367545021832696	0.567127834252719
100001501	0.0535569744461475	0.102360377194004	0.473891181451341	0.687230967674267
100002367	0.458362001415315	0.23567640171051	0.359779075714294	0.499398162856966
100001108	0.361185967903276	0.696845898467785	0.373487171331148	0.639163113716437
100004227	0.750007871020991	0.994843096731124	0.376201337092187	0.650755994653482
100001310	0.170436266832063	0.276147912034053	0.359671580294836	0.765169506187659
100001994	0.842356989079771	0.967458384017144	0.403505977477732	0.691830538115053
100015839	0.019242739697621	0.0157294326151755	0.465314502490032	0.736884420812585
100003271	0.00566464330973394	0.0763829466809468	0.483935604640622	0.45648407236283
100020496	0.663738970214998	0.926710997505253	0.393003658943046	0.644129076797189
302	0.5646076142855	0.398471551022436	0.338252677964218	0.614582482838879
811	0.685066367584918	0.693290211720287	0.368280531101852	0.691239058085886
100001267	0.847337465629854	0.85848922231557	0.365923731786347	0.647844733156461
100001197	0.0314635162485702	0.350634407713793	0.419644087380783	0.660749933798715
432	0.223601409670816	0.463897181400467	0.400265577043585	0.630243349386948
444	0.01448379102965	0.0628126388756016	0.411419923583213	0.779187573441026
100015968	0.431921959283289	0.435533098315713	0.364563201804654	0.588849897286123
828	0.939428737227419	0.811331507523022	0.366965987630674	0.657956840010882
100004054	0.215424874977897	0.78461902240915	0.381401815279084	0.656753370612504
100004635	0.125812354462721	0.15517666301155	0.751911021595688	0.403055793718569
100000491	0.336126461088725	0.491789460386624	0.372296659630035	0.535058034540789
100000939	0.0499409046830974	0.0345413637185646	0.39420769977076	0.546095487139205
241	0.278536370530884	0.657363310304945	0.393268496883278	0.667432895221743
136	0.28268922775187	0.0607120870490909	0.341068737976149	0.836045205768223
100000792	0.624035747828095	0.987042008069254	0.387362430883794	0.682645269828405
100020973	0.584761171117543	0.634332644715584	0.397692977633375	0.625280252602869
100000936	0.958093375483436	0.754883890397612	0.377888660055015	0.653968606648291
100001313	0.0100248921467011	0.158012452650667	0.390864526838443	0.702323121645931
100001951	0.0292266852083663	0.0732615881885752	0.442003299269055	0.636582929330082
100006098	0.0224204475146717	0.0937449671534915	0.412344566323872	0.763305572325433
100000007	0.250859126284692	0.546681590062753	0.38541625903014	0.655498933375663
100006641	0.828585002037756	0.990778022637331	0.383311735862028	0.649772644131375
913	0.010227100645789	0.0567541842360117	0.466017706561059	0.512584952877441
100001579	0.832893974121595	0.429257641060688	0.410363934331485	0.650898423971435
100002911	0.116003478803548	0.0105652906831938	0.497475838869523	0.602039772408817
100001293	0.20742987826286	0.346756534518245	0.337421384093048	0.795725887328042
100002241	0.202809295284122	0.50060256923469	0.397588274261448	0.616843186591281
100003179	0.451072024555209	0.0899953148590936	0.353785227044999	0.510901504904186
100021372	0.277463577087746	0.218311865325242	0.289584218853705	0.653929961625533
100001956	0.379960233265228	0.5630443065723	0.377217886326482	0.575922912758552
100021162	0.221489410006135	0.169007887502107	0.356203583574406	0.482777339359239
100002259	0.415336926338215	0.672375115182003	0.352676306338314	0.644127187633344
252	0.590306844881772	0.69062190111567	0.409093796549115	0.61089674706904
100000707	0.470071775708086	0.347690921818824	0.370970174014868	0.657769737977669
1489	0.674178555841687	0.0216564917251102	0.284693970463962	0.624840653535109
100020361	0.0295889105644481	0.0849859579962021	0.417249534229081	0.93741267679738
55	0.653652515999229	0.90710208098058	0.372174424806842	0.65898113041161
100000863	0.237418242951323	0.251853263479119	0.333032663158247	0.686374157570111
100015840	0.213220244921445	0.11110095195592	0.4740386102162	0.612707244746381
100001541	0.10904604210771	0.0718220291872054	0.271521689099608	0.637704100391107
100006082	0.148169225459368	0.0527896285658309	0.483020340321504	0.644653392396216
1254	0.695564162538874	0.955669448655772	0.38726585767161	0.661630022806623
100001624	0.458426831264432	0.348421685567612	0.3583092748114	0.626069419101341
100015850	0.764794611347815	0.644839354445686	0.436013182189721	0.621012472191127
100001104	0.00184423636114176	0.0103868248250002	0.446611902272826	0.937753310044164
100000900	0.196271451874636	0.476661716131317	0.379896699001783	0.655897305777979
100000269	0.155359199982085	0.0746577300059947	0.244573892677151	0.598122701851638
1022	0.184824998107244	0.978849516070813	0.376189494227524	0.651669204731077
100005373	0.192044483915695	0.075612905599854	0.341481893664001	0.681349802928322
100001129	0.107991475247894	0.672329517033459	0.365777811688505	0.682796870829179
935	0.0142295131079218	0.127406686236689	0.475805374166224	0.516658397998983
100001262	0.199559984350838	0.228102031238375	0.384497640042424	0.6757286218688
100019978	0.371161981540907	0.593917830552073	0.370184472441906	0.634495403392545
100002293	0.782831672713448	0.802368689978023	0.379336756048212	0.651211511020531
100001426	0.199857699804271	0.269564220044401	0.381021061080261	0.494272782649549
234	0.0219811594969966	0.127534104070307	0.386343931884593	0.621877019800663
100005403	0.227499762619715	0.965690905440297	0.388078404052601	0.648564919667526
100001083	0.0229470162966278	0.255522364411904	0.429702079856326	0.671101243532806
439	0.66468355167367	0.308730452606692	0.40529506429049	0.644583819866605
100001086	0.346577522203563	0.412038291879825	0.394068059898891	0.729530962591667
100005864	0.690772389299153	0.447046589088857	0.348977894033372	0.717050111932597
491	0.535012804411173	0.917343898709132	0.375007471622002	0.651194730695703
100002029	0.448559933498437	0.417233640408067	0.363295295546902	0.517851534914903
100002154	0.893453013213344	0.517544119061978	0.336623636082035	0.631605108650204
891	0.462865089397771	0.191813707802488	0.421971969169388	0.616787563361241
100020261	0.421679483619047	0.455789426759145	0.438863680088278	0.625141734598895
100001296	0.592919789140501	0.526470702352038	0.375585140546178	0.558138478301138
2050	0.49572345110894	0.52094239155798	0.402758402857022	0.595097599933816
100002761	0.286752496358111	0.675277027473742	0.330277373939327	0.785916864351071
100006614	0.928643211832978	0.633232722703697	0.347352488838049	0.719250482638156
100001597	0.993234438523727	0.144866007671806	0.25750025984281	0.464883312605311
100020853	0.756646200173663	0.853949454522118	0.381722489865465	0.66011135173933
100001446	0.361446445960202	0.473619909365359	0.339001956269602	0.645505069831394
100003240	0.303846581884118	0.12440681070821	0.429041341527358	0.569491955498634
100001502	0.0305261878007385	0.217892972697571	0.445788126820794	0.739875826397766
100020866	0.109196890337143	0.0133381387031194	0.235765050592669	0.47210954865799
100020419	0.032166513553655	0.0908593402107343	0.40822468600523	0.40182952472406
35	0.504009089441576	0.306556003447959	0.346606483271821	0.599338485456137
100003696	0.0120496992576207	0.0485816291772741	0.544198654929631	0.585033104032825
100016038	0.735262269913783	0.973460406064247	0.375469330586148	0.650357882024341
100009333	0.152233231237661	0.148856132066854	0.388096594630553	0.676274526535698
100001611	0.199320098661619	0.350139748661285	0.466730506027529	0.628540258310441
100005383	0.538512888281617	0.255069630144767	0.396643834475586	0.694923368715977
100009239	0.344969947364156	0.137878034456022	0.45559293153037	0.477948154556924
100009332	0.238525026978442	0.20523821595574	0.388518842698616	0.608432565721854
100001731	0.185622650568717	0.67353252706223	0.382779171707961	0.628478786111934
100003415	0.425221272676135	0.501084227005475	0.363720525202873	0.665669734814335
100020578	0.12806479725429	0.191108093378484	0.357806189370061	0.544908601804337
893	0.928927396612285	0.493703538460531	0.375390279197925	0.662976193494435
100000963	0.388595116198067	0.232578031242916	0.461358102315461	0.469754725261636
273	0.103879338593117	0.26611935772577	0.450790910255428	0.641748897149182
197	0.455768401709408	0.415033970006526	0.367156603498177	0.533071600692809
100000808	0.344177855615724	0.249918304599921	0.352126236819808	0.801259222427513
100002284	0.846631107849341	0.372368399469687	0.253115229307742	0.593478430869683
888	0.981011136705887	0.105946293418528	0.397520068853687	0.635105917339845
100006435	0.528269895111159	0.356199482088578	0.299642866066585	0.93829781045484
100006374	0.210787518922516	0.54721880802849	0.386767152351457	0.639787814941838
100003169	0.610405504781129	0.988998165631135	0.375487455676279	0.649236396557803
1004	0.280347592199771	0.592573514994611	0.347623711697475	0.607786093995817
100005998	0.120548116745592	0.92013985397424	0.391632869798659	0.656144344646845
100000773	0.658896728850495	0.541095448605397	0.382682211495889	0.633735027760903
100010850	0.0202519343932689	0.12378847222038	0.431838033406025	0.533274242012426
397	0.908941994258559	0.386466282283424	0.290574245281207	0.711416715342815
100000039	0.0556494008684102	0.205647096225905	0.315347994066412	0.705101303200227
100020833	0.753753179187814	0.766397475062717	0.385750628541875	0.69073671325218
1021	0.420091154663889	0.357515955217899	0.354656410323661	0.687343426073262
100020479	0.339785518024331	0.552134738306161	0.383237510148709	0.661500782430627
100001335	0.413929632972059	0.273789101102908	0.435862126477638	0.614069134085869
100000743	0.5264470835941	0.943087937256496	0.37608388967063	0.647469398664119
100009246	0.163241182579846	0.633336952873464	0.364878009980712	0.681879784238293
878	0.217718519542099	0.766233731859711	0.36357344351771	0.662739942852333
100021103	0.768456002071	0.891109764888156	0.385749402525843	0.71613544423718
100021363	0.22010237245364	0.5595460815322	0.353642123109256	0.691265194025477
266	0.172472954050255	0.234693075642435	0.371590920811151	0.583107818393204
100001195	0.235346678320188	0.177641915856356	0.493794001140964	0.56847912936867
100019801	0.747073187651926	0.680735436191759	0.393415631911945	0.635982632915671
100002196	0.0478022332253757	0.281278152595414	0.389703989796692	0.660692384433984
100006370	0.289026555983975	0.996019927299157	0.377484567949295	0.649767682710882
100001510	0.0201839510252362	0.0031621621621241	0.334832476131042	0.746428108575518
100000437	0.529004535742162	0.442062914999444	0.360035362011942	0.720076953453118
100001767	0.170845029713779	0.0360318715566198	0.446210123745367	0.716589952429183
100001810	0.357094553613181	0.459709638530066	0.398517360760067	0.820625330070765
209	0.0234746759247538	0.290247853204159	0.444522514579853	0.631171244393348
100001485	0.195571543322139	0.0836083061689389	0.236602573346709	0.578212370947717
100002500	0.108908438190853	0.426091009457899	0.385072283794838	0.619416669238232
171	0.00500871466854838	0.00938189745581594	0.320841404098929	0.641554034185521
100020487	0.93556142178184	0.842548311230968	0.398126433864133	0.620789978097605
1206	0.00715081655369411	0.115135007047283	0.38317590566915	0.701355049832603
344	0.0245587181300436	0.0325929076308486	0.665167773665773	0.759896943177337
100001405	0.613628197463802	0.980379405545148	0.378659579340286	0.64964837806946
1239	0.982763950350702	0.513964267098681	0.414047080067698	0.653907926156312
391	0.0626445743241136	0.185067944285409	0.355168534279284	0.859979199960542
100006430	0.514317721375707	0.199675982986585	0.446767743874389	0.408409424732457
100001417	0.788890624700992	0.443762187859382	0.367468061092435	0.772367930118221
100002951	0.0672563463355317	0.48487967454752	0.370553389487002	0.57502588945332
100000014	0.327351680679045	0.523756156635026	0.371962857904991	0.694913675008064
100003926	0.585349610781423	0.477795926084912	0.403727960040832	0.631882484546229
100021538	0.527813869317471	0.364931305029517	0.432047143027688	0.565725231908155
132	0.282650207930224	0.893067984019096	0.379379928877934	0.649420708323709
100001425	0.653932825511699	0.554132215024953	0.448136118314652	0.592644942361014
100020262	0.636629756997017	0.657735950605032	0.400492565562238	0.637645856453886
100002679	0.318840780006624	0.666314025481895	0.357763111654634	0.725101375225278
100001270	0.761961203614054	0.551119918478854	0.385315680009134	0.627451919508166
1102	0.811061228276507	0.996566493560376	0.376737693459483	0.652195147597944
331	0.201837834919705	0.182587019183413	0.320407113089271	0.538367922972171
100006361	0.44572479027456	0.58670688960142	0.349703241145606	0.727812623636642
180	0.934758977775104	0.829170049444729	0.399862658028329	0.645611851349618
1053	0.55813851070496	0.555571162852125	0.496104276646713	0.707193262705704
100001359	0.76788460435235	0.959867030242206	0.384023100807202	0.649961086010262
