chemID	simpleLRM_Fstatistics	multiLRM(chem_sig)	multiLRM(sex_sig)	multiLRM(age_sig)
100021136	0.0290559027389685	0.248871117767269	0.248292736920128	0.829868758206681
100000882	0.720796666814261	0.738710294833836	0.227634978583369	0.715721677517943
409	0.0800308844332444	0.172160889550082	0.254961209654349	0.480837549170374
100002254	0.672273888147924	0.0430460980329131	0.143558391281581	0.714208243976752
361	0.00784264047712544	0.093073946406383	0.149929181388363	0.712569974472833
100019975	0.482854212962487	0.770977888793902	0.2202564927607	0.751266271149961
100000257	0.00105478333001696	0.0246758981557905	0.226136334233351	0.665374603785668
100001232	0.819244304227102	0.931662123511248	0.218762512758331	0.745011161082212
100001948	0.389195868299192	0.405600783697366	0.237909135077754	0.599868679736309
100001073	0.668898667041325	0.768216334790016	0.269294328630254	0.684846332966738
100015637	0.890924105359959	0.386718611996797	0.234822926884836	0.735715301308264
100006360	0.55926933503001	0.623042442405932	0.202437006845224	0.820398863706362
1488	0.707675313582614	0.712112593942666	0.223057059200066	0.71791142995801
100002253	0.866784312976835	0.978909554972312	0.220071808299525	0.742183634177484
1023	0.826000375653929	0.626626791647584	0.214595180195679	0.71722632210364
100004284	0.707175006541685	0.80208472540307	0.214742424130544	0.746125903524874
100001251	0.607126791893537	0.927167090737933	0.217437696084399	0.735575567751571
362	0.76338704530472	0.458869169403583	0.195741811171768	0.731396590173336
100006620	0.66574020386875	0.956295140970024	0.219468938079093	0.739244946214791
111	0.297115965724029	0.142921906975521	0.176936112358537	0.71052606649315
100009045	0.992238091573111	0.409673748449661	0.194484061419554	0.852876681465953
100002927	0.672875673612615	0.814862011936827	0.213358360088552	0.763848743698088
100015641	0.874020724216039	0.910460726834448	0.225830809135077	0.732063458155971
1114	0.222346834996449	0.873683963234974	0.221664606319332	0.732078386821617
100020409	0.305569954496709	0.334129669396736	0.217572908241582	0.594371246959294
158	0.148120934854582	0.27735039620011	0.283981184391989	0.764969648044029
1224	0.0532321428714884	0.184102908795582	0.165621900463326	0.78023179571644
100001620	0.503195470894541	0.392061331966542	0.189192301099808	0.740357774566706
100020893	0.24927110372575	0.0546992932162717	0.198387218582353	0.438073309752155
100002458	0.855361388936434	0.525497987863399	0.255810904014575	0.675289003075509
100001112	0.618400751619816	0.881622920288555	0.219200008165487	0.75357198247369
100002953	0.341101575040426	0.752220353685058	0.214909204405156	0.754965246643821
1141	0.292606848242539	0.044916307107197	0.285103016689331	0.548060528268614
100015834	0.65369852506584	0.830290205333143	0.214663459080639	0.726606325925097
100004561	0.69725253146514	0.953457402428422	0.221075774425733	0.736280575657139
100020497	0.637849645382057	0.847997911630833	0.214162106207167	0.752665654148921
498	0.0993872276837187	0.439022594675508	0.223813166876272	0.792582682230441
100006051	0.901885740659379	0.878639428507761	0.221759383581426	0.734813958356176
1668	0.706168323318358	0.505798804518877	0.214629378647557	0.672088538008254
100004523	0.352406712350346	0.806580574769441	0.228000992443234	0.712844775719786
100001604	0.340283821798313	0.618097470390015	0.218362017206249	0.773065496215003
100001002	0.264503701661471	0.642760493000191	0.22980254851776	0.72511693438205
100001987	0.0500784923271299	0.280806972738499	0.709958819386062	0.59455859716451
100002462	0.606020932292195	0.354563530919239	0.268228107862511	0.615585694126217
466	0.605749447793505	0.076185809199673	0.243817830018148	0.713050474390945
100000665	0.892375971119823	0.366506595637509	0.249620903631727	0.674274920870689
445	0.927428869033965	0.43754937528591	0.244437278857205	0.789507525066697
2029	0.228869139709872	0.585755917476666	0.23465558053736	0.738781442666343
100006438	0.0938672895511912	0.218239157424547	0.258464847546484	0.756706332920179
100001398	0.134512480696764	0.524681096465683	0.198481633856673	0.765347970742921
235	0.431594789516566	0.453790753213669	0.192215496520056	0.774507999678835
100000997	0.820370739112827	0.775741526622518	0.221404295023436	0.720190405087398
100002094	0.46161339771614	0.321125081844583	0.195587229183409	0.612923280884322
1052	0.750314542533756	0.997495325057702	0.226945895281244	0.743508114156824
100020823	0.342554844714618	0.586940279597901	0.204782426496697	0.726572100675203
100001806	0.228904599149891	0.575415170548986	0.263998037532458	0.751090578251068
100006092	0.827135648309772	0.906897833899929	0.22249513564783	0.729846588076701
100001415	0.103635971546307	0.075190064666091	0.220957930270196	0.441789485698545
100000008	0.0458039976951254	0.0787857972864913	0.246871988328379	0.568082530058858
565	0.0159412890068661	0.0748664124777336	0.229924150010229	0.797840066510151
100015851	0.376594991815986	0.366031474429853	0.289920337262847	0.825574431227706
100001866	0.550103037954222	0.915867104583679	0.23080310893527	0.727249063834189
100020546	0.00129749207264437	0.0192134140556317	0.422422465132899	0.96378129957392
100016110	0.542001390878407	0.394007875671086	0.173986712972112	0.845321197809432
100001254	0.00453869354819981	0.016520800175706	0.297284264293293	0.940866330692772
100006260	0.29653641653602	0.71179996090566	0.222748426512027	0.73482717103724
826	0.707158115692905	0.884286993520585	0.219430743287451	0.733798142075608
100001872	0.507577587810149	0.861572158373866	0.219795059601284	0.737880129121131
100000263	0.32819694818961	0.385326090542107	0.276440513613174	0.730475854530997
100021198	0.696713965592688	0.0480074688735152	0.137065283151492	0.416884655171018
100015967	0.0367024521083512	0.0960132125140018	0.27746392001589	0.553655775272841
278	0.0904627030543793	0.191730885552428	0.194818648345038	0.914298211486958
519	0.819803694381801	0.379809011229764	0.265343834733028	0.67470869728694
100009337	0.0906237495086234	0.307552721695474	0.306740774583375	0.724380235947133
100002185	0.350320845123996	0.901852058541954	0.217095651449469	0.728011468342779
100001278	0.435160147878449	0.303029076693967	0.274370210100921	0.689247374223673
100002103	0.885241188614601	0.592881751898412	0.219345133366478	0.682811233645972
980	0.785271096171996	0.459756649294353	0.244756845339571	0.718254063558673
100000016	0.898449201732855	0.461514972087446	0.217086050792249	0.711380304909419
100020372	0.166738072258918	0.464139905558047	0.216058879956183	0.669824486577213
100001662	0.881970410817434	0.166516262780658	0.092730416359449	0.743327730556609
100019972	0.95839174061405	0.68259647893076	0.225634686733273	0.724588359412195
254	0.696472759238113	0.680365911244835	0.216063445504279	0.743566527597118
100002009	0.644773083735513	0.691363918316353	0.216602131838372	0.656920103976501
100010895	0.278271204210897	0.418119703330767	0.26498567800284	0.713741952628659
1140	0.958444171399981	0.943666366216233	0.217734095504176	0.732805749736329
100008951	0.670576383695953	0.572158037891034	0.235275781165345	0.701038955142469
1084	0.710094199357274	0.869895653079561	0.217877239908695	0.718555228131276
100002796	0.0734339638646418	0.320976432901223	0.184895352665608	0.674716443448932
358	0.910264972058419	0.971685189022394	0.218915596469689	0.737663137730895
100002070	0.874294849984375	0.738407860138175	0.213676145719269	0.766069602875365
1628	0.43613931405778	0.165763661887469	0.272498538372972	0.718668218844245
823	0.895633635113207	0.627446832878314	0.198832331908805	0.782952988233934
100004414	0.473987234941827	0.0971995560419467	0.293681402566253	0.874875776360938
100006129	0.652699885446588	0.627632336646882	0.202034809326947	0.757194912124952
100002028	0.633757046702841	0.467387579123917	0.309346191119528	0.539281396831749
100021707	0.590972627845161	0.675503195689094	0.201196072453077	0.78294882526344
100000054	0.523171748522475	0.469679660178085	0.2123190899576	0.764027844639316
100010869	0.544025342138277	0.271659172890525	0.230151460489424	0.609656602835604
100004575	0.0255401366679637	0.096949224255161	0.282398644841833	0.918060870352122
100001212	0.908515919113654	0.742246788942777	0.222306434497354	0.688953581918039
818	0.235278807634569	0.594696718936457	0.253097688890764	0.691702720401608
100001092	0.00084060845040644	0.0136990967054248	0.204434848215524	0.733929555285822
100020371	0.851262514703242	0.795231808929758	0.222994496205429	0.737384225172462
100004112	0.168532942821882	0.475105913088032	0.234396414852063	0.747088735046613
1125	0.420087295031425	0.348525428814242	0.244022987948016	0.776652011651864
100020491	0.904969780958189	0.643358599359804	0.196917431892672	0.747957401670364
100003151	0.00307952713791563	0.0280979548981743	0.345254799487105	0.611940923392222
100000011	0.436365773389566	0.186785141872996	0.167529059822395	0.833395879204713
100003594	0.421667397741708	0.943558962549547	0.226103717801419	0.742682886804678
806	0.767692019613756	0.168522763494138	0.218262764846005	0.535041597774626
100001211	0.975815722908918	0.582870930795834	0.227991631031331	0.718021584609333
100002417	0.595321900254947	0.599797619007337	0.211598040757621	0.701085608594984
100009335	0.440939543309528	0.16777358372463	0.168984941035779	0.769902720313209
100000781	0.619483103758672	0.903825660685752	0.216937211663987	0.735155064513488
803	0.0481417352586531	0.0463861308518679	0.21802776767882	0.607928244528959
50	0.499851505935022	0.715422800805876	0.224290409965644	0.721536259822924
796	0.363605487770342	0.0455596939889222	0.241837961419254	0.725660252610592
100005834	0.91410557730623	0.74867417657366	0.250993612267886	0.732938407921109
100001580	0.900544702187387	0.609448126456474	0.237563034000103	0.736185975077462
480	0.971426841810077	0.488548484311379	0.18177971590384	0.7534791513239
100001540	0.166467961129629	0.627021248684498	0.307085509245056	0.849375849676942
339	0.616033446412752	0.134649406955539	0.200250879648788	0.643421123559998
1110	0.543909795551902	0.659277582057712	0.223318788213463	0.655239709261015
100015836	0.246302654963635	0.254895729630244	0.327158360938451	0.881318296954185
100009271	0.552671492779411	0.540140679501197	0.247660579893262	0.718067472193312
100015638	0.938974431787793	0.417624709324404	0.230617433037631	0.718703928152244
100021667	0.915506781578683	0.498296287428028	0.252471484995779	0.718415334790654
100001279	0.645914760740106	0.406439865474973	0.239253452604767	0.853888770864317
100004208	0.0293615702600349	0.154838053664104	0.344801961914882	0.843055416018534
100003695	0.243621086155608	0.168678385131929	0.240135832911547	0.522343997124667
100000802	0.796711721287476	0.907104365371484	0.22036819514928	0.734516026794493
100002769	0.947704557118891	0.117925535801628	0.160514653850781	0.846921065617404
100015835	0.165509924041289	0.412356766461505	0.323898823422416	0.891406405818767
229	0.804807287325596	0.370374907480354	0.249551993746327	0.732706068227477
100001266	0.00574142132178138	0.0244452538585968	0.28179023940585	0.949404216295364
1342	0.28050030197863	0.322951640937987	0.183138368343344	0.759172880274285
100002102	0.886819172690282	0.601189959457867	0.248645335679283	0.826733487149148
100020254	0.144231531805847	0.530265588658368	0.210731629078902	0.771513216565649
1231	0.488999794704757	0.247957222533853	0.266954313933884	0.688037076597495
100020492	0.876615023147859	0.970148340713523	0.219624925945031	0.737399532557352
100001402	0.456633554097609	0.651327212188042	0.242748786389951	0.740095510373338
415	0.0164401766407192	0.142447978750515	0.278728258851955	0.772209713184459
100003109	0.921214425165808	0.988938970503607	0.219060346173986	0.744351197108656
275	0.577079232396079	0.787290620786387	0.212308875227686	0.720143497111627
1143	0.210996759587996	0.0875515963419953	0.202621584005813	0.831281928568383
279	0.429132517607439	0.370959500149631	0.22051069227936	0.604548238771839
100001198	0.905449638861129	0.872684594859458	0.214701114493151	0.751919976504197
1648	0.456630270102271	0.99032807350946	0.219523973290363	0.737597677889955
100001590	0.408005766488507	0.30934315157545	0.213312378974581	0.65367267318661
100001733	0.382748889924539	0.841996261957355	0.215848474801882	0.753651835315707
100008933	0.0145584069426825	0.00225116905863836	0.311338000620178	0.690300027570497
100001550	0.322586348981053	0.536332218258423	0.207684815457677	0.687177092975715
1215	0.0953696332716419	0.254990277113945	0.186631456527899	0.690478022866059
100002356	0.280102720326868	0.116098126066841	0.269413552946278	0.74613259099336
100002749	0.59970173176575	0.697649776075545	0.22129484476294	0.74933049131786
100006379	0.151999687202349	0.161217164710606	0.258326465315778	0.471659598557059
100015966	0.0847343638057488	0.164344767159342	0.241567364213533	0.55740510588166
100001392	0.599337084015109	0.991899158061512	0.219148113158662	0.737970456836548
100020425	0.0738829369197903	0.0315475941327996	0.167236644912157	0.465688154891336
100004299	0.235530142703725	0.695379080889147	0.238433900548971	0.81278447983173
100001734	0.45674931874805	0.452649928033834	0.231006428599186	0.663505791752908
1002	0.882430998949184	0.810315428400004	0.219788710559353	0.736885662925068
100001337	0.260630254203255	0.722922741100781	0.201970608489757	0.741500027835314
100001452	0.913869983804053	0.724447470249902	0.216231553616881	0.703315962943507
314	0.44173321960467	0.347226398448945	0.226788043016179	0.760762085438636
100009264	0.900197214465337	0.572220934002335	0.180019099877795	0.852217078462982
100004634	0.423079956083851	0.471041401746406	0.193074795715506	0.757798181300304
100000711	0.764698327344353	0.736680864262732	0.24271971933814	0.759567517247186
100020536	0.0263225663981423	0.106638064739824	0.276845406153234	0.838707800662273
100004318	0.528302311951265	0.756117844044303	0.226007039281864	0.73209762471073
100005850	0.877777969972423	0.507859361837437	0.281213418061609	0.684737458900995
100006619	0.228839793877369	0.119115556021117	0.248531341615034	0.72506488626076
356	0.609810687999828	0.724056302621554	0.212816096063758	0.749864874568651
1221	0.444989562016868	0.505455399513493	0.299758734647915	0.788504818319413
100001397	0.85429752439369	0.817680064621673	0.21931550397216	0.731089405401785
100019981	0.505129923719392	0.8015133913244	0.223063259645367	0.769247095246897
100001208	0.55703648991637	0.309038232054951	0.196952750628704	0.992393997469828
503	0.0177566020296465	0.0125553142050213	0.136324411536342	0.554573103960279
100006375	0.124060323541697	0.576495570401359	0.24194571894573	0.714338850966159
100001295	0.888764147654279	0.721305416268975	0.216065009286792	0.803635648511094
100020427	0.0325891713361104	0.0185138031953884	0.201342440037759	0.403431358124852
100002784	0.569011633719821	0.397151355820689	0.187469145879136	0.802684717364074
917	0.107484131120024	0.275069042402291	0.250761642506326	0.678768888900427
1869	0.367973196814892	0.210002041814929	0.237567963558363	0.616016778134722
240	0.234500670166536	0.0998310820647263	0.131485649296246	0.527551119082266
798	0.00686443620651898	0.103636582503941	0.336844289851501	0.667082808948886
100002952	0.233725097102383	0.546648107498651	0.21970769536167	0.810067406250639
98	0.580616725033682	0.812677868886315	0.233930808209927	0.745063432272282
100008998	0.441658031454681	0.425820967706369	0.182773504166379	0.790003935977022
477	0.836246791439749	0.320226534844173	0.225238935275195	0.732501360553698
100020545	0.0645779487414066	0.116090315654074	0.252994876292376	0.924854988553936
100021666	0.796820596446766	0.308856519862564	0.254774464564618	0.72457840070743
1256	0.829875325074193	0.953937778615677	0.2359626393982	0.743890678618647
533	0.355494460410154	0.087250840248953	0.154776449953133	0.482067622486808
100001757	0.380193505876341	0.856504372416555	0.227699097197253	0.73033223549365
1024	0.345226548452947	0.0948025697179176	0.146506291324923	0.80805074373011
267	0.479233332418947	0.990240628439329	0.220042607474077	0.737603687642965
100002113	0.102311950251849	0.0899920505641909	0.210881275579059	0.763552985019536
100001756	0.973613683719616	0.825550240245555	0.227238951208998	0.751124069689247
100001193	0.504492400924193	0.215178157253553	0.277770608869468	0.682769834490054
100001668	0.743264930969201	0.977762557739787	0.220652445591786	0.736846370375824
1124	0.340293165711279	0.308444374133503	0.192042302394469	0.834796127914399
100021331	0.16659541256464	0.31223905347903	0.203213914893575	0.781256902513912
1090	0.0714727669308562	0.0466149841692794	0.209762403631853	0.883034321331184
566	0.944275438689274	0.234414875226258	0.143709102367	0.75342340067038
100003119	0.419779482219709	0.273595579478503	0.246066424514998	0.672476499475641
100006367	0.816625885772989	0.605776815957406	0.227769244423898	0.71850777608351
100004322	0.202225548587117	0.233351106725757	0.224511193543644	0.8311213714476
100001034	0.667111424544696	0.855238437669445	0.21706084297435	0.730685248713961
112	0.742573910838368	0.805917237898269	0.221240959177293	0.695706186566735
507	0.789238695409944	0.805730439063095	0.218392439714871	0.744075504091783
100009233	0.23875576176078	0.157354175085759	0.194390330798332	0.764940053625695
100000406	0.0158253366609134	0.135760978615845	0.369113809715294	0.527813854257931
100004046	0.359427324940956	0.373280468236545	0.135582364436283	0.666533019424606
1025	0.897086938144502	0.76961612460404	0.213374495900872	0.75205502541194
100001106	0.239182479324735	0.216450851652516	0.185684462637897	0.764653604529253
1128	0.0414907802005102	0.657333499221862	0.244081060187357	0.776147534701727
561	0.0215266747839354	0.0955943064702581	0.125319126410628	0.642097402144437
100001614	0.939393540385943	0.412851260398717	0.232164942879686	0.713106007698945
100000961	0.871810217822712	0.742285590064929	0.204316113298242	0.799119532048628
100002397	0.903090323366502	0.635370680919639	0.219558442207996	0.673241824414359
100009407	0.919375156966231	0.938880103173812	0.218562529548935	0.745379714113209
100002910	0.799045476697924	0.651478622771947	0.203294586209606	0.678692762434917
100005946	0.294041408062458	0.381357853204273	0.25543418806181	0.83161050801061
100019794	0.253541496040023	0.533308468972778	0.23246521969623	0.830395278507827
100015759	0.250088563864343	0.0825742350256067	0.176794962510234	0.751064411444158
100020417	0.846344931804511	0.695368053370197	0.212843472908443	0.715969936349857
100001054	0.766204666884148	0.947180414896746	0.222278820747082	0.738546626009783
100001437	0.398948373627976	0.380522584127399	0.186931160343833	0.665842578539566
504	0.290365493213705	0.773644156890762	0.256253969360499	0.744715594191465
100001988	0.491247839023806	0.669492055628189	0.214913283120245	0.885981062052478
1082	0.065155928707483	0.801537451558985	0.238597384031909	0.750844291944273
100001403	0.385741317235142	0.401637210294964	0.246770863482295	0.718253531922623
100001664	0.986550002058441	0.555677456305373	0.20842481486096	0.912158838037722
461	0.246448467240462	0.222791382474157	0.363391528457428	0.712085068830425
100000463	0.678637528988818	0.991043740032888	0.223729062287017	0.737613606789631
100020208	0.424375241751555	0.428551186804669	0.253304960612834	0.591871621418807
381	0.495375973517156	0.0571090257541145	0.0878361296585867	0.555146532133413
100010901	0.173633006391083	0.120169547634874	0.233371504146235	0.828091223801114
100001468	0.250348672757322	0.939031059465847	0.217611014833927	0.756613023004055
100000840	0.886932517999952	0.886637001563484	0.222054267510815	0.750093434272971
100020014	0.264045554629457	0.606266183968732	0.214719552135178	0.753110541202633
100001993	0.840818413394152	0.609705915798591	0.184396918261429	0.889555035280806
100001051	0.1230253385704	0.0259290130161471	0.251069240826412	0.406431649653594
100006116	0.358112271366775	0.49645807429563	0.222714388759036	0.740423571545348
1108	0.91414666920744	0.983052035737718	0.219761759991933	0.740921416870001
100019966	0.31379293086104	0.125014349724336	0.266350108057021	0.709111104456855
100001743	0.5894923058576	0.400270429425077	0.211039819891248	0.722226694921831
100001294	0.132371480209641	0.187720686169176	0.15328730264348	0.796510377222245
100001609	0.189376413175331	0.0858119442966899	0.198984363030163	0.847106220001205
418	0.911556594374859	0.862612111151926	0.217196845935946	0.758397785214555
100001178	0.580958150962995	0.644931045770784	0.203566878045012	0.684798903523611
189	0.934098218427348	0.691024114652839	0.201194540096766	0.704646909546245
563	0.436155528385303	0.876304144893006	0.229463194058032	0.728333004843783
424	0.604762972490041	0.460446028410231	0.246899842504871	0.719688215701731
100000776	0.156632174830589	0.350888055028036	0.254410827130898	0.738574547832909
1001	0.957555246400916	0.517656941290775	0.225645693010268	0.740000777343019
1135	0.307233433016858	0.0936969036506261	0.209439677764299	0.800847926068978
100021093	0.271116355783181	0.424795353611502	0.260416502601043	0.768469235298837
100020219	0.146261808671171	0.258980350280693	0.232204056754949	0.630007317499359
194	0.800174753497432	0.557878939535459	0.228639914091624	0.651378192462222
100008930	0.705638867774013	0.632168670270107	0.240021273535815	0.71823193966029
340	0.581611476770541	0.205192152773656	0.126289149679401	0.830613168332641
100010896	0.725143575950622	0.885042765307799	0.216636552573827	0.740837025053758
100000787	0.156967943205376	0.0857402477403301	0.207559996877781	0.419247740082395
100000639	0.0398944066279266	0.234385532544638	0.198219904584547	0.743155732189159
100001851	0.489475287350452	0.0887293517809911	0.229916675386033	0.398010901126789
179	0.491808573455018	0.669800100353904	0.216390223081249	0.749613258469887
100000626	0.446206781914365	0.783122991646455	0.228159841707532	0.738670206983959
100001605	0.0140802026499568	0.100354236108571	0.292656029226783	0.825492636526362
330	0.273656724707393	0.462309950693424	0.244772081104437	0.610307284652597
100001162	0.88079142491882	0.381412186963841	0.17158817227633	0.68894879676393
100001167	0.0328818068201636	0.199878687214174	0.211916090063055	0.722736571282292
100002067	0.57431630566286	0.841103086758451	0.281255998423867	0.697258233680179
100019968	0.532510575348216	0.321836121348805	0.245209437387937	0.667790615656807
100002014	0.976687109849541	0.990827626564186	0.218842256251386	0.758416653128513
100004083	0.324419698941695	0.107447961340633	0.243943699703534	0.588719828122252
100001315	0.3974309009238	0.457112962376872	0.234165685453309	0.79403718327132
535	0.178046991862855	0.491634275628826	0.239829841075488	0.730556588074943
93	0.278693016437332	0.189883676226386	0.251378864838635	0.538201316649056
100001989	0.40364817446808	0.63590255649702	0.202450766427714	0.780579948994923
100001740	0.728710873915561	0.393219782206086	0.197220179259937	0.760158192392066
482	0.199781210522614	0.935127443137495	0.21971051245246	0.731292867275911
1629	0.316834808719848	0.481101576823227	0.264804655338831	0.714090855714821
100001399	0.556120389843746	0.447901936813975	0.233580458964181	0.736548447949444
376	0.534098936129835	0.0856998093243777	0.104889043615942	0.898886202890499
342	0.663608448205583	0.555924216297017	0.217234193099415	0.737000534282472
100001253	0.0378819584755194	0.206152052232006	0.188182132327876	0.939693035505458
100000708	0.712222137507948	0.864776949017528	0.231236233293543	0.74211261746281
244	0.200045796504555	0.0534849645032747	0.17997197241143	0.859429211394733
100006726	0.483376375309066	0.319635934196287	0.262597810572076	0.720066682011007
100000036	0.253851210303837	0.542114545748914	0.193996973077838	0.795767769160276
100001257	0.0261120375517302	0.0928747323352289	0.312356444429644	0.999032399336853
100000445	0.522950037409776	0.739216429672919	0.237242913042348	0.706992051579169
100004088	0.00991864947758492	0.181819341698109	0.262847184979467	0.796067695627369
100001423	0.83246572623354	0.667583139343832	0.221872276819732	0.699311040256724
100001276	0.185475839756262	0.178032069072181	0.183118095307473	0.635254243397432
100001876	0.864044166333798	0.856148323967184	0.215368748030242	0.742541841446046
100009082	0.555687492612383	0.0324810115225639	0.0879062355617397	0.720259369990516
100001121	0.36334127051657	0.733713925527769	0.215590941328283	0.733786723393728
117	0.305060386815479	0.601206264246116	0.203278858292634	0.761814680394409
100001868	0.0250324208375626	0.0928275048955286	0.262775582345965	0.75087207610768
1134	0.784039712054743	0.32886198264033	0.151510946188711	0.706801008073572
100021012	0.390458728631033	0.571470295856279	0.228630528138024	0.75730166323864
100001181	0.643673042529099	0.238249086243445	0.278835128314751	0.664162133719432
100021467	0.651137364989247	0.269541267126105	0.220812429664791	0.636892752725716
100000447	0.238472486235758	0.256944571184115	0.256623541086616	0.70157746051934
1162	0.000462444358899698	0.0122112702236882	0.292171359041178	0.636392354907286
100019982	0.440177445625484	0.532663951531171	0.229642735162042	0.722308713275905
100001613	0.939244065245656	0.489957185312997	0.232402042519638	0.706937448638216
100006644	0.500882136769812	0.707025208427221	0.20884615400353	0.758221314943434
100000096	0.677136530383732	0.0329620559465471	0.145267287356932	0.700501116543999
926	0.743573174738293	0.53768737992587	0.223619628248119	0.749731455544864
100020004	0.804280594512698	0.736357343320645	0.230950044220641	0.736710344982622
363	0.165135600551089	0.0426671921460053	0.19937405412503	0.291756272662574
1111	0.593010534619078	0.819664574500298	0.236731961937849	0.686540537579923
100021712	0.602403294585367	0.868796611160734	0.219082405201476	0.728574758512588
460	0.824013978581418	0.695819121802928	0.229116397675425	0.776755131901017
100009331	0.264449506333578	0.171964088558375	0.189963926567563	0.776125660872536
100000442	0.196273833329684	0.632217841178139	0.241779533470423	0.76150391972799
100002945	0.100478862515112	0.0196844898052814	0.297238030327964	0.690747381759774
192	0.872531536723733	0.905545157652695	0.221499434484224	0.766667668673138
100020241	0.382070422453863	0.951004046074492	0.218171438986273	0.737057340415215
100000580	0.154475546067232	0.149125617205194	0.186724547496334	0.967610588009713
100002466	0.00785995204694668	0.0250841923970065	0.179222530424907	0.479762056116292
849	0.636197606206051	0.554503268672225	0.222503942298791	0.681572197798304
501	0.525591942735827	0.407389959693045	0.24606208313888	0.694179610523004
100000282	0.276851829023389	0.0588997863308331	0.280273599349885	0.612386591757179
100001577	0.0323208044135966	0.190555817021321	0.312584090949838	0.799963566671338
355	0.13645916276921	0.35538268421648	0.188632215309428	0.638682313457686
100000841	0.900138994635661	0.94960969787736	0.238448702380175	0.733306899460825
100000846	0.504542730163168	0.468876899702886	0.218692204449241	0.724017996571498
100004295	0.925658128378068	0.418266040654607	0.202624316472738	0.686409481464527
100001586	0.0926469721813296	0.0469320243389457	0.322796288433918	0.380785302745624
407	0.0363533127217926	0.0601210183792456	0.275463495512621	0.776253227119012
1137	0.720276979851855	0.636301041551103	0.20590839976366	0.793694970282263
100021374	0.0590602422631709	0.0201765755144553	0.175330171448341	0.881567270638625
100001593	0.606782061122278	0.927077620925099	0.219834307679728	0.740963783417949
100015971	0.725380434704345	0.718563173033027	0.213188100796184	0.735877075964528
100001022	0.460120744529648	0.211694347432761	0.141067197665457	0.984154973822686
1094	0.026725358306107	0.155248977058763	0.371181645880407	0.96334212991389
100002122	0.235282259676662	0.218452526669193	0.175184448446715	0.851734076207999
100000706	0.55680580836221	0.600596286786892	0.191650094927124	0.737910182974179
100001055	0.790168276009881	0.411490907257074	0.19769475502786	0.676592347743625
1235	0.615739535577613	0.804589808363747	0.21299932845359	0.759009970765774
100020204	0.100930503187681	0.535964927293837	0.239795415655991	0.781089809147594
100015643	0.0358236077721096	0.294530143194408	0.241483746590473	0.689526959318566
313	0.0232169779844762	0.264902370491947	0.232960604914901	0.672013570365827
100001413	0.920130471932627	0.819910004839485	0.212955274382392	0.721577795861209
100020423	0.0110789783351975	0.0102524482408537	0.232452692557216	0.379585127763346
892	0.434461497464696	0.141919711809337	0.242072546241744	0.771073537318598
212	0.0538882344325996	0.119211119560835	0.298147102471035	0.715443637895569
100006105	0.212506011332144	0.198300517544086	0.255381532296436	0.74871816732537
437	0.793443434590753	0.568648279054042	0.202085218554075	0.755660162952318
100019892	0.451129056738625	0.792411435961478	0.218316184993795	0.761045878426951
100005716	0.0337743177465803	0.0648566113506403	0.230949562459691	0.85711983994731
537	0.281483403407753	0.146472109381134	0.231694548194746	0.759535025123935
100001990	0.208499082765018	0.521837960362262	0.259873441696924	0.675703194178468
100003397	0.0437222953956758	0.00490148169653733	0.174513035919835	0.479769447960083
100001320	0.0575166843516274	0.131698942266185	0.293517042802937	0.433968089912227
100005717	0.11160032735956	0.082677698353511	0.258762689194628	0.776884657132013
100001207	0.0311429786814397	0.183044310442331	0.253120787821167	0.747064776431
100001999	0.549559811521531	0.804988670775218	0.21154372627265	0.835356363893842
100002488	0.215414972167093	0.0194494113781711	0.264751432420831	0.677369234805172
62	0.162833590249559	0.614009084132994	0.209425790782596	0.7481128695415
100000467	0.781531297971691	0.553640640634748	0.215050161789262	0.712659427525456
297	0.00595069196067459	0.136090694171232	0.224392797332449	0.704674716623005
100000285	0.0401525627634506	0.42863595953646	0.223298308347403	0.829572647740596
100006056	0.107940283843575	0.472142287418006	0.234200932019654	0.770992895528393
100002126	0.139919608674583	0.252774075755115	0.166782625869409	0.933461059480508
100002129	0.878248442134314	0.681174363865502	0.198714377852434	0.887988017645113
100020478	0.0176866445509019	0.15384999379306	0.185983378115786	0.783080712837752
100004089	0.059609329838118	0.530333493013344	0.23522959432391	0.691424622684442
100001755	0.510989126109268	0.597311404029977	0.220963134066365	0.693648519149762
100000551	0.0512749737414094	0.876556413222225	0.217800810283349	0.75270542292976
100003260	0.473015528590146	0.322889888852941	0.249458383195696	0.816216550595303
100010955	0.656304149974916	0.28268713714999	0.155757551074757	0.60301584279275
100020851	0.176272600028566	0.413950401439085	0.238247399623272	0.765810243162453
100016069	0.687150941598718	0.823478058205662	0.222558484991308	0.727110591975686
100002027	0.473893664500494	0.514848086359672	0.166638152929527	0.861759754735418
1123	0.423627281383453	0.209606587926732	0.211266500452004	0.862614410528471
100001150	0.797677876497734	0.999317565304167	0.223684668380152	0.738179221749366
100001657	0.291405665740203	0.712951712571454	0.220880113756332	0.721965897299706
310	0.111451398038033	0.279707732275652	0.204239738009101	0.510972971460447
100001314	0.386847329968075	0.144564034756165	0.208702385050614	0.614998396764369
452	0.76522801565284	0.683082590492866	0.248480582121302	0.711460299129578
144	0.0506822936545244	0.0426063961494246	0.266366167071928	0.594514792305927
100001182	0.221243750046057	0.166132998451694	0.275480019184241	0.721033436618354
100015965	0.704058726382746	0.448230893745459	0.208010388808108	0.815170922741686
100006108	0.740219944337381	0.645181422223076	0.228619160109497	0.759901638439494
100001400	0.773861540406098	0.667278199119334	0.209314535004822	0.728351884341518
100004541	0.365357335316618	0.254168126752727	0.218932642756318	0.49671105561187
932	0.747666050789192	0.387029455804038	0.226395636986431	0.76684501314619
100001992	0.390078067483541	0.550750720593607	0.322563672347733	0.632303145093505
100009252	0.149237029835449	0.20644352953526	0.271378747493133	0.716642610779877
100021104	0.674333588129904	0.552519023983219	0.178473644688854	0.877074404172548
100015838	0.0169848493282486	0.0556965489907411	0.334744867669547	0.963734760500339
250	0.000902139704713515	0.0224971155243607	0.433160511403327	0.836707059223557
100002537	0.967679823224186	0.508979546749396	0.202576235535333	0.846957065549335
100001658	0.701130572740728	0.62758458332724	0.242478869486105	0.723437731837411
100020416	0.378363771225551	0.423251558228029	0.198002873211146	0.712330090467677
100006642	0.27145938757512	0.769580418561465	0.211293939075346	0.760532159031716
100001391	0.194849699499794	0.480534140880788	0.282063669173484	0.817684095088423
825	0.585559296871954	0.637331750257503	0.194664677081107	0.74947286482618
215	0.021266118498512	0.109387497501834	0.264779756391542	0.720368871219788
100001026	0.826749471242832	0.990530739593298	0.222101360714438	0.742992086589139
100020541	0.308872743118646	0.338915345888239	0.177166034267155	0.798509290062096
100001526	0.285555884175565	0.357317309772587	0.335874317551121	0.833881397265223
100005384	0.409296812188157	0.343766223501298	0.19918962582297	0.645414076776097
100020378	0.265769782109608	0.692228936706631	0.210193542687984	0.744841620074156
100006115	0.815955061697946	0.33128779218651	0.29663238012054	0.613626390584136
1442	0.165699942027274	0.0325647379738039	0.0784582592804735	0.6180740531465
100001843	0.209632249302031	0.260696084478445	0.243054142505548	0.814091907398368
100015837	0.216525388340893	0.365605695612202	0.388591824561319	0.687051415853092
100010834	0.709521623029718	0.971730660821888	0.219532293796402	0.736312434591116
100001393	0.870487456182572	0.283903509224728	0.149527479720398	0.808131027893206
100000015	0.284168423904072	0.606913233670793	0.206191638722155	0.756472044157834
100003892	0.0554144805279726	0.0528802288292638	0.192447509087149	0.998728137859037
100000042	0.233034804600465	0.0318312934543806	0.242793252541692	0.640282376792372
100020550	0.565625164747939	0.218916892448301	0.240080536669735	0.629828992738956
182	0.469331687301453	0.365065329594602	0.213138795841079	0.758135956058333
100015723	0.125985524053594	0.406201135879336	0.221546705726025	0.72111178687133
100020343	0.291013331831598	0.390799444642097	0.189451775245252	0.745314882692343
512	0.385593375639232	0.673901484123167	0.240458816691934	0.713179272506983
100021100	0.752543436011011	0.694983880226589	0.20948100481927	0.742830306365081
100002528	0.345729250070264	0.0788510439192231	0.269976321516309	0.509724560589789
100001287	0.514742506352627	0.870804010972178	0.284441301969513	0.712996362590868
100001229	0.667145730658022	0.933148519441148	0.225281910440369	0.731990515843924
181	0.308986055634449	0.763417481685798	0.212570383576175	0.77430898935002
100015831	0.00171494524350071	0.02199347817846	0.306049906701417	0.516340203113684
100020515	0.413450784230971	0.517395033515834	0.184489225343844	0.872468798420607
327	0.161802007582091	0.227020537440227	0.270754728137189	0.68966778690889
100009394	0.543144735250471	0.666716377130819	0.200690044386392	0.780057772413849
100001596	0.892506816925109	0.239009182400523	0.197275692202632	0.56358780382179
207	0.741398809205071	0.438789511205678	0.23075443105369	0.691478965280452
2054	0.466276051862235	0.723207486913765	0.20840420736579	0.758966825554895
100020259	0.712381094339321	0.612548293428919	0.240572886676055	0.723220395173421
100020414	0.0022689506715891	0.028872001815715	0.147410478635205	0.714631115057336
100021131	0.786117261549777	0.307182468165774	0.213730955327165	0.694705587156106
100004499	0.718856093301365	0.820705154182108	0.216261108919903	0.71831403416555
880	0.245788483875823	0.895616360657355	0.232781762060777	0.735573115426767
100002049	0.579011733340288	0.350937893951615	0.245875955344464	0.688000725934568
100001739	0.540706453071809	0.262909614889574	0.284910933458793	0.696946598848829
100001126	0.412612757947447	0.133216782163632	0.137492977070606	0.604709001349852
1113	0.644273413557974	0.836248440811453	0.23125012039195	0.711689552581192
1083	0.423729740451498	0.117435695007326	0.230317555076668	0.60839902718777
100001730	0.0554053555861966	0.163463045385298	0.256578978574008	0.603744776178676
100001412	0.638413574626917	0.993190989027106	0.220986068567074	0.73890948949832
100005996	0.698682332589631	0.607296046846662	0.212129107605748	0.709906210669897
100015962	0.0107505613796962	0.105307781521683	0.167312024574123	0.971873934225672
100020214	0.632102607560403	0.402993521003669	0.232904104062854	0.653864797087765
100002514	0.121904008083198	0.334917306692069	0.229720353965719	0.672580758187632
564	0.258331859666612	0.0674119230153401	0.19983001224206	0.605038205351546
572	0.029088921094698	0.0240622034994887	0.337154389819945	0.59527443947265
231	0.85623264620882	0.542502182652399	0.191205415164553	0.764146833943172
100000453	0.996307975124417	0.804401663705807	0.213865745909355	0.763045334339755
100001007	0.135240549636672	0.275736577655194	0.265778096664852	0.617577698734461
923	0.556237222138995	0.300891392449688	0.205849554174165	0.798266895081834
100001247	0.386587293470443	0.488457029523072	0.203246415219718	0.720921928560904
100000774	0.499756728527661	0.827800971028517	0.234363075081044	0.760101714092148
800	0.270897060672462	0.294485988420508	0.230400413069723	0.812723630142738
100021678	0.278469436090195	0.374156920799097	0.178551206509939	0.737490062578221
100021711	0.433037626056793	0.851616943629859	0.231914610301456	0.746160771956961
100001274	0.614975607829442	0.315087493412637	0.204468815204598	0.549336919419449
100021220	0.112192806053885	0.141595829856937	0.277650236548833	0.917879055051698
100020253	0.350319923967402	0.906854144789263	0.217721049771255	0.745367310163508
100001170	0.572335313698759	0.131211114417848	0.192384816837828	0.630612010210233
100001466	0.247866738640152	0.839582121354646	0.226928751865885	0.731926241481491
100009406	0.698794442104075	0.641549257430677	0.208959115159202	0.757773310611615
1026	0.212412623745415	0.473257924984523	0.234825824772135	0.705221076449739
100020837	0.623380359576743	0.485737821620726	0.249795727722997	0.654471848161849
100001006	0.103892440359131	0.0990433380912821	0.216734590819183	0.852976092169679
100003674	0.753684050025626	0.131004342491029	0.218455314320871	0.725642753344799
100004396	0.343237306890688	0.449625840595642	0.254476520625473	0.635081779643711
100015923	0.486406700991622	0.921375963297242	0.237705248917865	0.731102554200431
100000265	0.40661909256343	0.664080431596759	0.224188223038128	0.705196519874592
100001409	0.0729380255866341	0.109024656184526	0.213344845754849	0.56960083892745
100003434	0.365700672696136	0.580401751615056	0.225309735626675	0.668839831052494
100001334	0.102156837577729	0.0156806112935308	0.256410894476871	0.587408275500396
100001102	0.642457715263997	0.82003712245733	0.22609903299681	0.722512574377289
1268	0.374174940023364	0.0364599920783523	0.110695523146385	0.699864679666351
100001300	0.263840612745494	0.0988077387009333	0.194837576908452	0.740142302586156
100021324	0.205739244511206	0.686058420820063	0.295314905309779	0.728479016726213
100001617	0.110077928060048	0.101501049418725	0.213023082285333	0.781432347037387
1105	0.682670384509341	0.10566907698961	0.302397034784125	0.374867709587124
100021502	0.0361367480926005	0.207188678189798	0.204391092957802	0.78029013652829
2051	0.899753840611169	0.549413414798284	0.21918854727571	0.623015904592366
100001256	0.111933571525194	0.436564418773624	0.251213982240607	0.90005799013531
100005466	0.0399963366435628	0.0619568911776145	0.250976338538528	0.502669108335379
100002199	0.0840823472526233	0.614400148389859	0.229853194842435	0.7691127154229
338	0.0190361100909535	0.0567715541718422	0.368345134252575	0.497193772244817
100004243	0.559610818134299	0.642221538111098	0.207006657145128	0.747201957832861
799	0.427467396494924	0.955438452611339	0.230654013757181	0.736944155965031
100008928	0.650310666097523	0.121721454328544	0.224123713373009	0.723685700818668
815	0.190362383019662	0.382836679350687	0.22868154366734	0.792110066533733
100001456	0.00484591457353134	0.0641124120863014	0.207242569459562	0.657407414754467
1242	0.066187966428746	0.0781611502115884	0.267966207860783	0.529122933791794
100001416	0.296195212707623	0.110518679444422	0.148934077122879	0.474757386282082
100001462	0.150994793630418	0.206715217100768	0.266980069008454	0.694104813224197
1087	0.172190465149926	0.0387524844434224	0.228079235935267	0.703222373868403
100020421	0.0297046810518241	0.0641915334585068	0.244319106166931	0.46058719073245
100000010	0.00720509376760016	0.0590995441166431	0.241321168212935	0.782982886318165
821	0.508768539007599	0.381319115227844	0.246439624041672	0.583743582679019
100006627	0.284751411641481	0.164017817545416	0.315402586027291	0.635118983353136
100001277	0.383382296414879	0.170288349152005	0.264184257213932	0.693026711662521
100021141	0.0470580360870585	0.203655768022447	0.250281730308514	0.835666733778722
100021105	0.158432066668199	0.261862639819441	0.233133228141268	0.539624740511344
100001950	0.000219467255411186	0.00523357253545051	0.280446413750424	0.925804360148332
100020217	0.834095023237965	0.260944051858248	0.146797067579267	0.552802318699713
100006651	0.0167760088396792	0.131173939860431	0.250365760683444	0.471401886776409
881	0.98339480415571	0.451026973407898	0.20816734737369	0.748951555336123
100001509	0.516351705371872	0.113165047647144	0.183415853004114	0.652368623644542
100021709	0.461333505218453	0.728573872546374	0.209799854450725	0.750348356748857
100001635	0.343280101075055	0.0433005447617451	0.245510155835822	0.680633641306064
100002613	0.447724068305461	0.122286729849851	0.203150732148749	0.826832253414207
100009329	0.779374953019853	0.832275379685665	0.213761795969909	0.813479686154695
100021123	0.881299331814647	0.639059192751962	0.228117761474505	0.657504930626192
100015760	0.187110998075072	0.129094942352436	0.170444975987239	0.785070931675527
100020205	0.295293840912267	0.367987824516109	0.26094463701861	0.537929733428253
100000765	0.483540482310134	0.714241268275693	0.217802315465825	0.71164456084499
100004111	0.374783392531928	0.18938822051773	0.247205194343554	0.706917366293321
100001615	0.163959522334291	0.881081926264276	0.219603942168042	0.736579348466882
100009227	0.180593392819531	0.110322811081633	0.318131861354757	0.888025249722009
100006191	0.316838629687124	0.52874446911844	0.243752268495995	0.679657425157102
100004542	0.306312149255384	0.29716451025271	0.228362714942368	0.800371542218745
100003686	0.230726287298368	0.111269497508745	0.319029650345681	0.673492820107382
100009232	0.0689725170609077	0.34238714249139	0.230156625779026	0.645420901029006
100001501	0.0766629580665914	0.136580963738836	0.294518577920733	0.766184628644369
100002367	0.437247942980223	0.218469810639973	0.202513095025369	0.573991103989384
100001108	0.338214865565546	0.716684503358615	0.217648587955683	0.727447590810413
100004227	0.69974486768085	0.971497565932455	0.219361187365225	0.736288695310443
100001310	0.183036052897693	0.278040963677649	0.205070366399408	0.857874352677742
100001994	0.849711868712362	0.857722517255236	0.227154670803567	0.817689203670265
100015839	0.0185026532510356	0.0177442978789625	0.306318777495826	0.815317043652021
100003271	0.00724004766080597	0.09369098311406	0.294179833136492	0.539035074763107
100020496	0.66182135187276	0.94717930450052	0.227907933991058	0.734057131280408
302	0.933319919161049	0.625001933862238	0.205933327658788	0.711595641484704
811	0.89333030185395	0.810417212154163	0.216249775062626	0.7638494659227
100001267	0.847897934904336	0.833415260933335	0.211831090513904	0.734648552355121
100001197	0.0123157105187006	0.261956760218105	0.252102795860763	0.757075365678141
432	0.212912332643433	0.465585357324562	0.235878372577121	0.718087816076739
444	0.0196125839171682	0.0786556259503954	0.257687567824221	0.854808315228363
100015968	0.389221389348771	0.415915528090304	0.217570328915225	0.666980977047134
828	0.453598666679816	0.840020790432732	0.224774027604337	0.732547003130863
100004054	0.257432240631684	0.833638658165886	0.221198450713903	0.743920061278341
100004635	0.0497968466247262	0.107972944988225	0.56729301657234	0.441547474385476
100000491	0.495432287214836	0.608568052867283	0.214273128481688	0.647581841470619
100000939	0.014157052877541	0.0158712415895937	0.22124181564218	0.614629023385416
241	0.271903381362756	0.680882441293372	0.233821061254453	0.75345711343126
136	0.381890733843476	0.072997390381199	0.190714123805708	0.924421673404011
100000792	0.551240193481135	0.88023936427305	0.216752119569535	0.822609465828688
100020973	0.614552323250068	0.676540434649378	0.233349998283643	0.71497943354115
100000936	0.726113793772435	0.875750276546973	0.218394542709884	0.740271612916534
100001313	0.0281105014275572	0.294267899409711	0.247729314475301	0.761896500885577
100001951	0.0340985248788998	0.0757161072137519	0.247292146898216	0.735306915393657
100006098	0.0231049588835732	0.100169529774966	0.252229570201676	0.848735632700629
100000007	0.246535139380792	0.550243445818427	0.22665158141034	0.743540416901335
100006641	0.71883450543096	0.762772819994577	0.246445817042726	0.741620528943673
913	0.0110612307184028	0.06230041082835	0.277344627788908	0.596510332797134
100001579	0.664419540884887	0.375895654815293	0.244457572683262	0.742515064836805
100002911	0.157247680732222	0.0142305400046516	0.295356050357871	0.691152689034655
100001293	0.282098278796339	0.37821829448946	0.191813569186128	0.8805486115264
100002241	0.197120325602342	0.506079114367047	0.232513925356596	0.70464572285499
100003179	0.267241204574169	0.0555064581045246	0.197900310557272	0.577711256146831
100021372	0.434235269066458	0.282980608416259	0.169620935583011	0.738245422394576
100001956	0.38566988350597	0.58196921479877	0.222346684539684	0.66092151970003
100021162	0.264688272457221	0.195248911644598	0.212821997273601	0.562902413774855
100002259	0.303742315169016	0.557077489165349	0.196941210890591	0.731249875593781
252	0.476820454564194	0.670211616113996	0.251081379176987	0.691162463488215
100000707	0.504358267630628	0.364775943579989	0.217590275251516	0.744416384763575
1489	0.618170144272929	0.0182444482723417	0.156682123387351	0.710485703049721
100020361	0.0407236609578921	0.103807573593517	0.251395299896912	0.989116891873616
55	0.845444424003059	0.984642556562765	0.225243909335821	0.740233825074182
100000863	0.366818588720612	0.290147976408298	0.194538216004492	0.772551980365178
100015840	0.223786981497723	0.126665200217026	0.303233654851386	0.692988290422782
100001541	0.161700024279766	0.0817104218261644	0.145635985756872	0.729879513621307
100006082	0.103186709047182	0.0421875914757067	0.290598925955616	0.740579004925376
1254	0.691719825687638	0.870657575561106	0.220616235899299	0.764073380972189
100001624	0.455686646924052	0.335414620301373	0.203359077599605	0.714914757554703
100015850	0.794394043017426	0.694986827230695	0.26616130745293	0.709495135919468
100001104	0.00333820101446263	0.0139264451995065	0.248613653547568	0.97209776478656
100000900	0.112997632137276	0.392971724528536	0.22680223517247	0.745679556438096
100000269	0.265685548529636	0.0925480843220532	0.133372390140433	0.690266794475244
1022	0.220453871735619	0.997656916512735	0.2194895209002	0.738296582582798
100005373	0.173663407451843	0.0665719748668163	0.189286270433591	0.777506884934612
100001129	0.108247840597152	0.645975261526224	0.209083827444433	0.777015359539102
935	0.014805751982687	0.142211268040701	0.292164905606324	0.599338747791533
100001262	0.283232046467819	0.277567305484318	0.236422971844072	0.756362956163239
100019978	0.260582922436478	0.687709494055591	0.216195906613072	0.725518721948609
100002293	0.682487519200336	0.744351647782185	0.222301721277295	0.740577606482308
100001426	0.164950956250695	0.239950978741864	0.220314110950866	0.559936451990946
234	0.0185031721660064	0.111280277345715	0.208838133288435	0.718995834496585
100005403	0.257533862507317	0.999694193226385	0.226323583201162	0.740790609092731
100001083	0.0556775174775017	0.371775410229253	0.24206130694906	0.756941696933982
439	0.656415209816893	0.31108413169534	0.236502513637926	0.734418269873058
100001086	0.312534967759964	0.393140869468654	0.230833768260105	0.825884886199924
100005864	0.698704784736393	0.429342940692269	0.198424484327551	0.812062335828336
491	0.531965593367912	0.915945395055817	0.21815557160367	0.739738909002036
100002029	0.46898946483731	0.428830391272261	0.210361825933588	0.598741479311424
100002154	0.910837833491715	0.515928369864358	0.196704672391564	0.715614871296364
891	0.509391255327062	0.211058500219003	0.248731422944843	0.704868038933708
100020261	0.418564488800526	0.488357506494498	0.265517464537998	0.712296488835407
100001296	0.599602359833867	0.550256789089584	0.223401287952979	0.64224175936894
2050	0.759710705460337	0.362524625443638	0.238788315177709	0.659179868800246
100002761	0.334730030550395	0.619806926742057	0.184059396810828	0.897541133593149
100006614	0.790358274601771	0.674435294651206	0.203344094518644	0.800468633059109
100001597	0.952185144762919	0.11025131991977	0.127929770661408	0.526946090835281
100020853	0.868546428593752	0.934059895946433	0.221061073080598	0.742886699417087
100001446	0.30530188295179	0.424164946663679	0.196276653270174	0.729972274443084
100003240	0.178331964874057	0.0884057793026379	0.254026453976922	0.650520575381591
100001502	0.0375788945439313	0.254446309977329	0.270087051764432	0.820789075723477
100020866	0.151665150601202	0.0168217813783344	0.14095344456031	0.540427805742469
100020419	0.0278164610644581	0.085821501673851	0.238277658631276	0.466844789508776
35	0.455466495989819	0.270712713843079	0.193802604065945	0.684174628165705
100003696	0.0117869098695147	0.0528341310081707	0.331588740818057	0.673876087411055
100016038	0.629184802928574	0.955141843863808	0.220100367039925	0.750327295368701
100009333	0.181213909737456	0.159393711081451	0.21627722559636	0.771594671652532
100001611	0.110763636045826	0.28152242956554	0.296418101691842	0.714349902145612
100005383	0.539587193537117	0.250388053898236	0.223724117495187	0.791594940450441
100009239	0.332648616519695	0.147718865668937	0.282361711820842	0.553864426474484
100009332	0.264171970718514	0.209179335531087	0.215577345340681	0.70224870938913
100001731	0.188492841988861	0.696599248673538	0.225570219643392	0.715938712946628
100003415	0.441949130396453	0.525585865940518	0.217587153744147	0.748982230048907
100020578	0.123644249444654	0.184105198473578	0.20330727075655	0.625992735761018
893	0.967371368079253	0.469043294792804	0.214796388243201	0.755457478825074
100000963	0.129126649661085	0.10708350447034	0.298558450273611	0.481788961391391
273	0.168341210228885	0.345644844182234	0.259378877049442	0.732529337165778
197	0.382919737514832	0.367048470357298	0.209251564859843	0.599208466811597
100000808	0.549501677227734	0.345072709037787	0.21682185475863	0.858674171249813
100002284	0.722705652663869	0.363676774153582	0.141299779311594	0.677543036279951
888	0.895074054388581	0.125919571870509	0.245763713621568	0.714285373134446
100006435	0.746584791117916	0.44585984459438	0.181839502049876	0.976312336430613
100006374	0.166044057518522	0.506060212671614	0.226324653499061	0.728162840648927
100003169	0.546217590141915	0.93555175225661	0.21719170627306	0.734710630510294
1004	0.490897614741122	0.689893576995748	0.201177406983874	0.709152823002209
100005998	0.105035976921224	0.933039748700674	0.232581349719998	0.742942510852908
100000773	0.718546476585193	0.580332061172584	0.22402829653101	0.721815670816564
100010850	0.0133224416106281	0.107425266046943	0.261724190148412	0.608038072681414
397	0.763179842480754	0.198227526732827	0.126722785213922	0.857458005749766
100000039	0.314684576783905	0.52337133205372	0.205272705130814	0.754691422258712
100020833	0.713182948744934	0.804381407429028	0.224738707006327	0.773171318422288
1021	0.331064322645637	0.298682319963748	0.200717098217629	0.785369421054435
100020479	0.439154581391136	0.639697044988904	0.223854464184527	0.746229945284473
100001335	0.504604830839507	0.318512876739309	0.252085124090003	0.705867414919242
100000743	0.500500345280838	0.92179067374449	0.218663016155149	0.727114819704859
100009246	0.181456076635737	0.637772315522862	0.210428501278169	0.771675571571743
878	0.199546498501582	0.760952388513001	0.211007528414006	0.752112919357162
100021103	0.729373772642395	0.800443598464834	0.219864018935102	0.835981523561353
100021363	0.827507257612956	0.605770343717572	0.22174279392419	0.696307289717066
266	0.079036486661467	0.157653280070226	0.216523431342183	0.65597383732999
100001195	0.373014944154934	0.25249413753283	0.28651058998352	0.663944404558789
100019801	0.76577129669048	0.706295084720529	0.229476196419374	0.725104464731648
100002196	0.021768955040549	0.206481043128971	0.22666893140401	0.756895777939369
100006370	0.274084821281077	0.971340990039016	0.218399865931241	0.739828008694353
100001510	0.0393653649133514	0.00439338289454498	0.188441826311802	0.834375373204562
100000437	0.526122087126941	0.416988360940437	0.206866935692495	0.81843452799461
100001767	0.139815843251391	0.0341755610714434	0.27782302636699	0.804799312767678
100001810	0.640171598082437	0.692089182024544	0.230920251279957	0.832862324422519
209	0.0352959359313598	0.352250021841651	0.255072520154733	0.723077837121229
100001485	0.226410183787879	0.0789613740864877	0.121785266165825	0.664149718430403
100002500	0.124185037608101	0.447479179213779	0.223039559862074	0.70801202958945
171	0.0153525954280794	0.0146195825985274	0.14636197063473	0.753917785204181
100020487	0.922017042587925	0.915182987755065	0.231605169630623	0.725441205230979
1206	0.00714469891781166	0.11379031054397	0.22106674321899	0.794374868466529
344	0.00634519131673696	0.0207264249789422	0.482509445504678	0.852191994493706
100001405	0.38180286738195	0.809585019977387	0.226518262236916	0.719432197236839
1239	0.799606617800813	0.437931518039179	0.249675393828942	0.746750481336023
391	0.101975138823653	0.235017869785103	0.210880659259033	0.927740764247837
100006430	0.330688389542363	0.140930255337047	0.277504266161452	0.439183663193428
100001417	0.750393993604583	0.667801320925466	0.21595169939433	0.808286291516569
100002951	0.0516837326721742	0.443942715846057	0.215500560394538	0.649643610120292
100000014	0.553718390338116	0.652877374543888	0.216350370790059	0.771905249836558
100003926	0.579296769230341	0.491491729763274	0.239155883672638	0.71922309520377
100021538	0.528710227450275	0.39121448266231	0.260294924959752	0.651438423008694
132	0.337174698939061	0.94544592725901	0.2200563950179	0.737866576912446
100001425	0.587072096835567	0.56681134885597	0.276271866870975	0.676916519563991
100020262	0.649136939878353	0.692264104932733	0.235994704332169	0.726098165734836
100002679	0.414338240608984	0.719953282182852	0.208919499132993	0.802303531547587
100001270	0.654342915199449	0.622134988674916	0.225219131050939	0.717347264043076
1102	0.851030914092205	0.813704441200218	0.22357796377325	0.715567356651637
331	0.198633811452026	0.164865979328772	0.171414595235585	0.619782196083971
100006361	0.451978011569223	0.550099896526616	0.197216267205188	0.828200683852821
180	0.737792656918804	0.971690777803595	0.224870306030518	0.737150952960433
1053	0.247779360397148	0.422179479325438	0.351640122359299	0.812488895529335
100001359	0.68388737095946	0.957299960660175	0.227121747446805	0.735343250870544
