chemID	simpleLRM_Fstatistics	multiLRM(chem_sig)	multiLRM(sex_sig)	multiLRM(age_sig)
100021136	0.0224254668809861	0.426879336689441	0.237453731567462	0.564152350521847
100000882	0.93760444550989	0.420963207910128	0.241772514070658	0.487034690967128
409	0.0823957729510566	0.14047105999243	0.258157136435607	0.306114264762266
100002254	0.970970591652859	0.123041071649616	0.167406957828316	0.529910512561061
361	0.00318292040649851	0.0190941508758022	0.140650274806223	0.550039957353491
100019975	0.537728605261785	0.669505004879519	0.226314448333889	0.550007106781433
100000257	0.000741400434130698	0.0231391871270794	0.223680820827699	0.466259626284969
100001232	0.903533623354744	0.61020934984251	0.259780848862602	0.504482585779392
100001948	0.538693641903505	0.668856527498705	0.23748506274834	0.480353111607823
100001073	0.577729670738161	0.597747583975088	0.294264580235441	0.449140562649642
100015637	0.959788313153097	0.357676269258925	0.239386514581004	0.511942657901286
100006360	0.523801146708705	0.485887002323285	0.200306740818142	0.629210470464059
1488	0.50841264872507	0.441104679537912	0.230017915923056	0.502807305208735
100002253	0.885151824225791	0.83508212838357	0.232184285596958	0.514541432019642
1023	0.831113253319836	0.526600363320242	0.216880327588775	0.495916022906051
100004284	0.665718054203944	0.820230820132135	0.219789139736056	0.533897537566343
100001251	0.726143418567248	0.792104881507335	0.232170882341218	0.53635571016594
362	0.650158300399701	0.588195631135973	0.206595223280746	0.521481860055127
100006620	0.827292301779432	0.739450326466328	0.224822134127426	0.535389177060474
111	0.295726181894626	0.0603752343060262	0.179138732916718	0.514581173726221
100009045	0.642437839006203	0.26409316637216	0.185458068612615	0.681589777541027
100002927	0.796065125032216	0.986935720712704	0.223417210616368	0.532653662729756
100015641	0.88926346492645	0.896695599490054	0.231874140390954	0.520533703902764
1114	0.116755556704863	0.994671560200637	0.22349977281561	0.527218538766222
100020409	0.365561212003859	0.332051170796459	0.223284839908401	0.410801328458643
158	0.125844652053474	0.21649597042914	0.304279410920409	0.577989984273528
1224	0.0430641379894119	0.174754146642989	0.16424633695048	0.539313309316629
100001620	0.515241664090589	0.403161928298543	0.195672220043354	0.535508477750049
100020893	0.379224225023681	0.103241705207908	0.213770597901982	0.336921960033699
100002458	0.705372667073427	0.609496971945586	0.25625673944354	0.490287982064154
100001112	0.942697344277613	0.516694325823316	0.219817627642141	0.48771814879366
100002953	0.491167049739852	0.867215327926725	0.22475267207652	0.521358345469488
1141	0.456901988561144	0.0810961132133907	0.285114369560228	0.386618248689109
100015834	0.421466758427888	0.934154589957923	0.226446278971317	0.533069788989575
100004561	0.637041772792865	0.912269534835537	0.226015485469485	0.525362172310081
100020497	0.633533963713511	0.915184417478529	0.231584127711875	0.521563562642809
498	0.0531538771625222	0.333450944658833	0.227229738301393	0.612032960513983
100006051	0.789739366466577	0.606991938351767	0.233595790997468	0.524211514742022
1668	0.696856819226837	0.387247833159131	0.216724668347099	0.455238776000327
100004523	0.537651289661417	0.934945294095564	0.223738245588	0.535773954137601
100001604	0.201337857811131	0.407726639667127	0.219918361120328	0.581967202032504
100001002	0.180994789937885	0.522869131875992	0.236664881320394	0.520936467217632
100001987	0.0543606618867062	0.268521750819784	0.729080917883405	0.41761829880964
100002462	0.641116733888169	0.314819395925052	0.279950453582511	0.43064025625321
466	0.546010053129009	0.0586993165753712	0.242632938429563	0.495346295182287
100000665	0.988700376884565	0.317573802832365	0.25809339177702	0.461405576728746
445	0.708764318948965	0.226671291200892	0.254818599673303	0.575900059439519
2029	0.0947782415307909	0.31163364346601	0.244143235990972	0.525958896770744
100006438	0.024031325457474	0.026909442471503	0.284797318691945	0.493088195820042
100001398	0.145766706699338	0.533209413092626	0.204263937407011	0.54499929711286
235	0.693898483287567	0.944271198202156	0.222649046189944	0.535382545559953
100000997	0.61790804308105	0.45732041435537	0.22816032723091	0.492784426292924
100002094	0.278486813951827	0.193943835137479	0.185209630759855	0.408592213270583
1052	0.631695691280674	0.938830224603104	0.225801844919139	0.547136051895426
100020823	0.478932938413056	0.965510707527629	0.22323475976858	0.526843546611731
100001806	0.255812341731584	0.558234240754232	0.274573574104092	0.543314844582785
100006092	0.782537007170779	0.788657269714814	0.230572002613533	0.511508768794096
100001415	0.172392904481603	0.152268044563193	0.241612946496658	0.362822356189293
100000008	0.0510035055208817	0.0993372543527224	0.244776856885191	0.391625465000754
565	0.00916845373065901	0.0609981735924573	0.234287332215793	0.629870393596974
100015851	0.16054584550218	0.204074855515978	0.305360780234041	0.682105619597996
100001866	0.495822226584629	0.808133203297484	0.24073805814036	0.503850856964484
100020546	0.00282837285141544	0.0348701746097457	0.447703452132469	0.75150104780278
100016110	0.599324084577818	0.789736250089121	0.211553533935701	0.54991008760454
100001254	0.00307199702815852	0.0115933238132967	0.315355509914764	0.773425116922455
100006260	0.373702000870785	0.77069198203359	0.227503865457359	0.522956691393641
826	0.657277207458751	0.8367882918753	0.223855403948428	0.52177908230287
100001872	0.459930405472359	0.827523774269161	0.224311101336219	0.527528688956423
100000263	0.351362439228268	0.433010164452243	0.276439472352069	0.524199051559212
100021198	0.979200365645332	0.099617555245731	0.155787198768386	0.309670387311818
100015967	0.0324770541769386	0.0786058822931503	0.276034515655351	0.357509173278371
278	0.130060783546389	0.312043035719801	0.210333795740834	0.766274611154767
519	0.623974456191614	0.182370180125196	0.289397687616532	0.455660490306391
100009337	0.0637019045359148	0.157318839741233	0.349131542661739	0.507368631535747
100002185	0.341249474134015	0.843983581028503	0.217900574858682	0.514361847648428
100001278	0.310024890604446	0.165654479467341	0.29264535640319	0.475922233873377
100002103	0.789405784193224	0.508513734724684	0.228342318921943	0.481648161523513
980	0.656644484254108	0.295035386638595	0.256694905207183	0.501160284916716
100000016	0.915798409920777	0.486759834327475	0.221069540081435	0.50801057448652
100020372	0.160622998859868	0.383268420462894	0.218725206924215	0.454753076325289
100001662	0.753146798773595	0.102770404909336	0.076395195706723	0.535548322144345
100019972	0.954760519230052	0.56155356087193	0.23506455637341	0.516611875982996
254	0.831160818488157	0.934929389672371	0.224731522816147	0.52815770736272
100002009	0.668622395689714	0.642036177164065	0.218511195074245	0.452634024135894
100010895	0.434410448199706	0.63370075637299	0.253389271313838	0.509916830070485
1140	0.743257739916849	0.860352408107402	0.222615402397118	0.541808435518536
100008951	0.690664466650685	0.588466414350044	0.239450501550294	0.502451467679275
1084	0.258555726437801	0.664146134141925	0.220075632799633	0.583988383347595
100002796	0.14823730428442	0.606536685836474	0.206256221875985	0.492806142543101
358	0.760235754855833	0.953315319884072	0.224431542267401	0.538364631770873
100002070	0.734190304023696	0.70579170009595	0.214603734045196	0.546553286143547
1628	0.348579937940527	0.128079072170167	0.272017854237051	0.505986995413956
823	0.679193756963912	0.53833430999706	0.19448583589771	0.573774054521946
100004414	0.399093506285446	0.0759305825892075	0.29668655327794	0.645321183676071
100006129	0.68967469500014	0.669107001042185	0.209329625625169	0.542414368210346
100002028	0.701321738976563	0.427421285728317	0.31821449468869	0.364966734085192
100021707	0.586280498455885	0.815063120086237	0.215142987196922	0.553505278711997
100000054	0.496107030290992	0.444819082503205	0.215865258551996	0.548139600245758
100010869	0.594307088555025	0.323961609556715	0.236702489043334	0.451324945505932
100004575	0.023679549217022	0.121537779468556	0.28424978193036	0.815701612657241
100001212	0.892967731008424	0.661335730715742	0.229117418556186	0.481880550286661
818	0.209778776991482	0.531733043362663	0.26116260151928	0.484564553733747
100001092	0.000807580349639391	0.0089035333731224	0.207810183209881	0.477865149628774
100020371	0.951313989575106	0.813131925879471	0.226908512582701	0.522673635170622
100004112	0.134920622679788	0.319354499637648	0.245680730026413	0.534868606476978
1125	0.536271042070538	0.417441224236335	0.252967395864223	0.572716755197913
100020491	0.908785412917064	0.806143530152317	0.214029365992317	0.532894094716855
100003151	0.00283436421690702	0.0314582446849724	0.341754723910225	0.433535868071455
100000011	0.325101515604977	0.136540187076022	0.163435946405844	0.634744878582761
100003594	0.404459640357166	0.758465874601	0.243805285331144	0.547699442831887
806	0.838945193904545	0.151765215228553	0.225923572879961	0.373118731369533
100001211	0.971181795439667	0.549553415021091	0.233482521147769	0.512514089651198
100002417	0.406905123960885	0.849813101246765	0.221153710104651	0.518985387015439
100009335	0.599835492252957	0.247172698390091	0.18530535012416	0.548275981884801
100000781	0.804940345551593	0.766582631928076	0.229026676459855	0.535074035016281
803	0.0218139402509079	0.0132099399738123	0.210388025849496	0.403161316685695
50	0.506752144217097	0.782682245719294	0.2261045071671	0.514597133390428
796	0.376105631425109	0.0315172019525306	0.247053481636226	0.50507864342761
100005834	0.818293117540005	0.416755543088845	0.291055704655678	0.522812168792051
100001580	0.827877072575875	0.366544003577976	0.249017324870967	0.524083501330409
480	0.797329333081566	0.623515583081372	0.198572953804583	0.524933272633585
100001540	0.162269701800819	0.618377541936249	0.313314253990338	0.621387367653025
339	0.518204187131818	0.0859772757961208	0.19386733061808	0.428946888692073
1110	0.955773122251612	0.899754009874831	0.228705352929753	0.519485500872113
100015836	0.140550802804134	0.16564310743368	0.343084924243639	0.690809909153299
100009271	0.528935251361806	0.480401061015207	0.256582907586841	0.512460195350366
100015638	0.888066386527209	0.316772224075473	0.235293704973546	0.4987058808579
100021667	0.867234460978194	0.386388626501273	0.264810027877131	0.506912260579158
100001279	0.595996761768677	0.407783860142436	0.24392961109889	0.635963403257503
100004208	0.0113246204957943	0.0607180227630994	0.383583028438765	0.659222996756476
100003695	0.290598068911579	0.224230504251179	0.244738906457773	0.386391300180206
100000802	0.897740104728928	0.631648345533472	0.229173665393485	0.515668925956782
100002769	0.910412365157379	0.141904019431746	0.163109308038673	0.608451953630368
100015835	0.0772788652197012	0.32341984635118	0.330998066492121	0.684319300624162
229	0.751303174550947	0.259708770970823	0.260825966677503	0.517624234540581
100001266	0.00774572032577375	0.0361688416520613	0.304226804950436	0.836349393593088
1342	0.302775834655469	0.349841026500959	0.190271187855255	0.543405782295455
100002102	0.674175461642592	0.393928610166583	0.264669227544263	0.646218314162628
100020254	0.193807246000773	0.692572714901329	0.220095660467645	0.547640233616566
1231	0.379377507629465	0.135955605726629	0.280768936636796	0.473048463258221
100020492	0.883123861213307	0.924056462684438	0.228451707512275	0.526804186857335
100001402	0.49167354297378	0.840306055216541	0.238404207612273	0.534534882376964
415	0.00800123286689484	0.129653478421247	0.271237484495575	0.598761835038337
100003109	0.986140769872586	0.830082881261559	0.226078636612816	0.508411982154352
275	0.44840468384584	0.826175505379316	0.221207475608292	0.519599461447896
1143	0.175798753227174	0.0759175966183308	0.207667981599637	0.634276674635599
279	0.363713270936013	0.247171855094471	0.219598638760924	0.38392524277224
100001198	0.826707462545103	0.68523566092366	0.254871540210774	0.506300212961477
1648	0.37964068923671	0.981025750807263	0.223673044939322	0.527224357703103
100001590	0.312887285190499	0.249402300626107	0.20898944957119	0.443187626564261
100001733	0.409583698920875	0.813846520800135	0.229761274899355	0.517906560812617
100008933	0.0113531764600857	0.00152230790489824	0.304097643833708	0.460666939769112
100001550	0.351222034118961	0.460862680590738	0.206824722843485	0.473899536045834
1215	0.0785879655265272	0.222005214135508	0.191280979649613	0.505054752581152
100002356	0.22715978453051	0.0821040085317761	0.272901360162187	0.526361385161748
100002749	0.75435519481405	0.890502549472846	0.224727607702053	0.530727971573959
100006379	0.22012547368763	0.204594368564511	0.281095650571331	0.364997732442104
100015966	0.0733590456729945	0.129279530662793	0.238201237694274	0.35538469966095
100001392	0.736533828259688	0.644803307586933	0.233376033290565	0.527622738286355
100020425	0.140421128308491	0.0554205227335652	0.178005161440916	0.312716678769352
100004299	0.251154620767275	0.737441089772421	0.241665403510804	0.583795634545832
100001734	0.66031919911575	0.62285315519624	0.233926757476996	0.489334644776757
1002	0.899431398369863	0.777878327468058	0.22349748584651	0.52301661307168
100001337	0.383876543799709	0.903558749097951	0.234745048750409	0.527040924456467
100001452	0.786450680347179	0.753642475500249	0.221161495276975	0.501928493413221
314	0.504332225574875	0.360590254569486	0.232724634766342	0.543416263580604
100009264	0.938869888159319	0.688982266706963	0.201661757107321	0.604513308740013
100004634	0.45937495757603	0.515953808805579	0.20102217452156	0.542003146568764
100000711	0.405264055290122	0.238035694548274	0.295597732535387	0.580924243298578
100020536	0.0110147115558871	0.0390705300427033	0.292058094319382	0.64280955583137
100004318	0.25734945304123	0.423680747470083	0.230961133685386	0.517683104717261
100005850	0.88566588942741	0.479895268103479	0.287909284442103	0.483196768434616
100006619	0.415778116283341	0.262463077581978	0.251485282060051	0.524697269940369
356	0.542832973576668	0.854965525353167	0.219198379136138	0.532120901116913
1221	0.451893099347223	0.490386561334937	0.303834476790269	0.557423514238368
100001397	0.843063861339616	0.946046643879148	0.223412317160529	0.525448285262643
100019981	0.659080379037959	0.951333246873538	0.22311028997996	0.525606334719254
100001208	0.379063037641105	0.232597330211038	0.191659010158825	0.796331363640432
503	0.0185790397536209	0.0210972202093753	0.155490513429355	0.457084781106024
100006375	0.0786716912588168	0.330656095462675	0.260193550601312	0.481168481940306
100001295	0.840524693779134	0.870342320876955	0.222114794253933	0.564726866528552
100020427	0.0694101649469597	0.0437071340986537	0.208581594894929	0.280682068310737
100002784	0.507284137506163	0.420008751742305	0.190742212274883	0.574206462870644
917	0.0716399217004312	0.267841327806988	0.246111001576104	0.49452775869141
1869	0.411153921162214	0.244426030126113	0.238644572232574	0.431297441589132
240	0.239537465378104	0.0725387263331434	0.127086831923917	0.337458260233228
798	0.00275430184357917	0.0554298322073517	0.345887456917945	0.440633685151613
100002952	0.273670638358468	0.491457740087801	0.223472077751351	0.601295616579473
98	0.550947459223691	0.787217270205843	0.238364756401551	0.529753876918506
100008998	0.29183366368144	0.319590828506039	0.1722853859973	0.578705831609056
477	0.969589315993027	0.241207986257221	0.223309951710589	0.507880053205591
100020545	0.0989187758825254	0.177534670693671	0.27149656516381	0.704150814664341
100021666	0.924230271046545	0.152391541448719	0.262015711324552	0.516767603961209
1256	0.52788789645021	0.743837321090283	0.261023048771255	0.560074791036772
533	0.387435555170568	0.0864860727413936	0.159078028316644	0.332098011081386
100001757	0.473120138069465	0.9708180661589	0.227913591922771	0.526330661513713
1024	0.234045072556604	0.0799488105834779	0.136349387505233	0.938088284268374
267	0.441365970772847	0.986669047085289	0.223518974697647	0.527604719450797
100002113	0.138426176789256	0.141834284522777	0.223945077169269	0.568550058593387
100001756	0.477036744671238	0.321268250334146	0.238887789539003	0.542287625042765
100001193	0.38188909681205	0.111855587312037	0.294610026048822	0.475531262442507
100001668	0.598914350359801	0.828751797750699	0.221986425645335	0.53812090088648
1124	0.4136320498474	0.472977274914445	0.206923735886242	0.596626004986692
100021331	0.165706373790221	0.353724860873352	0.206484564914154	0.550285851450308
1090	0.0712469123579433	0.0592218588097747	0.215450962610904	0.654663845110593
566	0.94762139343481	0.21203203147599	0.144916753460946	0.508964970503516
100003119	0.405108167580476	0.20953658289536	0.25203590391528	0.457909766306825
100006367	0.767787160248478	0.535426068923461	0.233847989071134	0.511836539235122
100004322	0.227399211902427	0.417113433056062	0.222899981041424	0.565463500571227
100001034	0.702929095328488	0.820252771410024	0.219677887377379	0.516970712377044
112	0.857335275998603	0.753070778733382	0.218842201534274	0.599870529775217
507	0.733621417211739	0.77589681145621	0.222612576330026	0.533246500123356
100009233	0.352118851912264	0.233524972394876	0.207863482351152	0.545242613090346
100000406	0.0164625853941739	0.139594257987073	0.358994263843955	0.352835327610736
100004046	0.221283641724604	0.522025081764991	0.173283682508715	0.501716948934909
1025	0.770875919393594	0.722985507797568	0.215445685157372	0.541636289727908
100001106	0.170656415785957	0.153139011479042	0.182014379369045	0.560499214386054
1128	0.0392097745531886	0.909430344102126	0.232673196116319	0.538963136557063
561	0.0436628831621484	0.147149670279373	0.143262560003462	0.430602266293654
100001614	0.837182592542638	0.297270644676375	0.239353557622366	0.507864955286672
100000961	0.914213512045992	0.896482366906333	0.230993200817135	0.547769073816903
100002397	0.946427739269378	0.825479980397797	0.224896559170003	0.508659814309127
100009407	0.992014393728648	0.882640601593734	0.232980496104704	0.519660238800242
100002910	0.385311550553836	0.660875975878561	0.241209386799367	0.577348060770293
100005946	0.159475709278862	0.176683255275186	0.269004797774621	0.635032204583412
100019794	0.102463127001221	0.341953036385326	0.230961109211882	0.675390051270299
100015759	0.363231483892391	0.120997213880122	0.191468716279102	0.536062544028452
100020417	0.675447534196062	0.529948418360467	0.206605719323553	0.491008394473823
100001054	0.772881514738943	0.83893557674734	0.230277586809258	0.529411297954803
100001437	0.370550722095673	0.405798900002017	0.190677073463812	0.473068911814717
504	0.235956894840629	0.775945064924354	0.258013255067136	0.533226157118877
100001988	0.46656718109259	0.749700732544673	0.22208415345074	0.64960233889094
1082	0.0296965555335136	0.650527780392098	0.251203022832256	0.556221872085842
100001403	0.356688144404349	0.372005399721524	0.256709845479902	0.530959257093527
100001664	0.743454621543763	0.351299347372933	0.201195682250103	0.756470524963277
461	0.228200173444305	0.182767506631658	0.376025654373055	0.498602797490505
100000463	0.635904584956963	0.930102644155891	0.232310195741808	0.528153691806204
100020208	0.556471271213967	0.463466281671589	0.255867377845626	0.414819469723725
381	0.473645680660242	0.0327598291223458	0.0742993305488014	0.324531121138246
100010901	0.10663052852823	0.115929425099268	0.230299406879787	0.637338561051389
100001468	0.261586356207984	0.832380390230901	0.232677623309253	0.508603209884925
100000840	0.905082054560686	0.930891037937073	0.231846399860989	0.534220137135968
100020014	0.292535188396936	0.748863441382837	0.2208540496609	0.536359332512558
100001993	0.808349597497299	0.630932345889917	0.19194451868454	0.674834138117853
100001051	0.125925085561048	0.0235195975657942	0.256120707300703	0.28162618440862
100006116	0.394062831669242	0.528412327532884	0.228065614110438	0.52964521461489
1108	0.932145829082209	0.773154191365398	0.217629145690857	0.546919347320711
100019966	0.295384442377467	0.067188038979556	0.286173134992392	0.506108665398959
100001743	0.679885854222116	0.456548639779711	0.219491212233373	0.521992355712023
100001294	0.152013711724485	0.258484874858513	0.168650588951218	0.580945104055789
100001609	0.330633192110495	0.178238737781713	0.219019947895995	0.615880097475172
418	0.89162064594914	0.807399097867764	0.219961674772206	0.548649092763419
100001178	0.388859429366111	0.785105803580734	0.216607154943528	0.501538501101274
189	0.983265336441542	0.59900385945169	0.196790765031873	0.488301191144787
563	0.66824564586063	0.547415016534734	0.246402431682696	0.483798963967225
424	0.459150699653658	0.238808107454379	0.266906994431811	0.50432684933201
100000776	0.171952331122706	0.485357023178526	0.250896911978316	0.535027746352614
1001	0.905279559559533	0.571835673593229	0.231499968293086	0.539940437791713
1135	0.297544437450225	0.0813974089314573	0.210656442601451	0.572098537570659
100021093	0.277675078309114	0.414043853258497	0.262916770570386	0.535464596651123
100020219	0.111253836290373	0.186132393021752	0.231346713176409	0.419996449357751
194	0.380473964287844	0.941725831073499	0.227479166894869	0.526478170805889
100008930	0.560905938999338	0.351659919965009	0.263884782465233	0.497500608499479
340	0.70730322073003	0.303631691484064	0.149738499194124	0.601076460199424
100010896	0.871061867693813	0.773049926286566	0.213650484220146	0.536460437283926
100000787	0.201398488287222	0.0688897300723279	0.211100944811909	0.256324725698032
100000639	0.0341814209005121	0.223432678883191	0.204074983817068	0.541107820603636
100001851	0.730583165336331	0.432543423958064	0.255619136616042	0.421867786554252
179	0.602594493651855	0.550175069184744	0.218145319285401	0.541923521884849
100000626	0.456070553039671	0.87391443219116	0.229351138447988	0.52821521313701
100001605	0.00543307290321138	0.0355292368059208	0.315917898673989	0.636423267309873
330	0.237592423105922	0.323784222368373	0.255040781485573	0.391831140491015
100001162	0.794008934643193	0.537295213213402	0.192436917082444	0.482789157470532
100001167	0.0403898426950908	0.243659816804117	0.216033809310893	0.499360342035801
100002067	0.584505146876336	0.813202356768121	0.286801190380923	0.501991792886008
100019968	0.686489154950836	0.382091594987327	0.250743554931295	0.479807464466611
100002014	0.940188291362126	0.940865204193725	0.222788409592908	0.537965404910351
100004083	0.363957911824478	0.0876393708802703	0.242891826148473	0.369522309913795
100001315	0.265088341306158	0.298918622475428	0.241175791788409	0.604919033496904
535	0.298812644408819	0.81076320580284	0.232485948555782	0.524449815458401
93	0.40221916592255	0.216259724727705	0.254705206895056	0.374625140801308
100001989	0.32825886165432	0.544975783094023	0.199827575791877	0.570453446036403
100001740	0.771218718122708	0.397680445780029	0.203419610520934	0.547586608235055
482	0.207847446564581	0.964616606351134	0.223511896990541	0.527204194834977
1629	0.264904517539704	0.465665480908577	0.266016909730176	0.506949506380044
100001399	0.426061807370981	0.362141466153288	0.23322027461079	0.51814983881042
376	0.721163237283416	0.0966596613387557	0.117974780421402	0.623823311784374
342	0.558631415324121	0.588160187631775	0.224462311303975	0.531425216579695
100001253	0.0255908339153391	0.194422172118528	0.191809694852018	0.722950283008
100000708	0.679516282516479	0.931516007183722	0.231208727295691	0.529931865613019
244	0.180057022774529	0.0402648599697707	0.183815126949847	0.643807427361298
100006726	0.343215995730447	0.18057400509816	0.278042372751024	0.515255861025163
100000036	0.23807427880244	0.394334173205459	0.187167257781884	0.579283580693184
100001257	0.021121867167654	0.0838183071292512	0.32826893494908	0.800749877882425
100000445	0.599700439511752	0.636033977206961	0.246224316634995	0.495480919858409
100004088	0.00640449169055926	0.205465552808516	0.263410156514169	0.601773243784047
100001423	0.923970582959777	0.881289851370269	0.224661972473376	0.517623339156591
100001276	0.454953061127375	0.423607877283313	0.205316225946888	0.467193210051465
100001876	0.828308650102083	0.817102101182011	0.218719490082882	0.531286915424666
100009082	0.696889560337793	0.0480527334170927	0.101685938365824	0.513640855427592
100001121	0.333302771010287	0.715361409524405	0.219183098759547	0.521457432243059
117	0.324107420775586	0.641579076143014	0.210077270116498	0.544229311147842
100001868	0.0365103417084316	0.107636249607703	0.274515518722193	0.545745514282008
1134	0.740424004068348	0.331978734423871	0.154247114799529	0.502692375445712
100021012	0.25489094315569	0.475769613726948	0.231975980468956	0.552614970794469
100001181	0.675687908335029	0.177503347475587	0.291381700472848	0.452902592718112
100021467	0.845180211301788	0.391173493413194	0.227353372026875	0.467884650857285
100000447	0.229928456883896	0.254216587335872	0.258192406862706	0.492850691620848
1162	0.000645412571690276	0.0174627437860425	0.311406935332114	0.478649263690047
100019982	0.468558345935234	0.469336830760628	0.235002258781411	0.517828625352606
100001613	0.964165218168426	0.351574802201576	0.241309041287503	0.50034365749245
100006644	0.635392399079164	0.823715076820622	0.230145397243109	0.51199374904039
100000096	0.595812679956282	0.027425475445236	0.139313749784942	0.487314817060643
926	0.544987173833415	0.638028416131462	0.228560921330774	0.528848365404931
100020004	0.895522184723333	0.665293048625688	0.235337249406959	0.522254398738569
363	0.262360470008325	0.0676856430248513	0.221629566642463	0.233291462438853
1111	0.174994784311812	0.520557261510836	0.186393645185791	0.782518391942755
100021712	0.702988401549184	0.697565576609036	0.222517873895327	0.509259136652986
460	0.753189613376021	0.626992594951064	0.234884843656235	0.567450818117677
100009331	0.374064278503417	0.246267280513081	0.203883997320664	0.555608122086541
100000442	0.187443869170605	0.519547176740179	0.254047796420726	0.547158353236596
100002945	0.0694943307624219	0.00989821580551117	0.297464239043173	0.47376150520891
192	0.903569045701717	0.904005297622916	0.22521083871803	0.557488930638054
100020241	0.514194852100908	0.795608710469018	0.226618284759338	0.528122135753408
100000580	0.146652896046242	0.181415921391487	0.195582371318228	0.737691299374366
100002466	0.00735341151224119	0.0210047475400673	0.170905163096316	0.285445872673823
849	0.669588294642072	0.461482063885217	0.229025013900397	0.470073860148048
501	0.504426814257233	0.391307203172978	0.248729332051164	0.487821133654463
100000282	0.773790441233423	0.199722762557255	0.282617072842492	0.456194816181356
100001577	0.0296311686316643	0.185508355406421	0.324915947497308	0.600966973034579
355	0.130339243419992	0.42870854664335	0.196603977668302	0.466440213868107
100000841	0.764291431610193	0.996649491075117	0.237401856098957	0.534821185446358
100000846	0.805746148124827	0.33828320012812	0.21599333853622	0.523124159238714
100004295	0.843497221574271	0.330337684943914	0.198933059211565	0.467216946771518
100001586	0.144218711254718	0.0772769447524716	0.328238900002219	0.290740951857964
407	0.0179410237770199	0.059958290494486	0.259213659552813	0.607577083881716
1137	0.882762570810363	0.990137864455326	0.225017054288167	0.530949218206741
100021374	0.0215114225790027	0.00975065689623541	0.156163497322858	0.879576606123999
100001593	0.677138568711145	0.834284141944174	0.219980410681556	0.534473692350497
100015971	0.748444008248225	0.746407495872617	0.217927953891723	0.523546401693342
100001022	0.360026664653907	0.21611815989598	0.142681458517191	0.749702653891183
1094	0.0470809988598555	0.193214242338855	0.383361638823072	0.78172759176359
100002122	0.271855363459713	0.251305749662335	0.187508274098929	0.629386750999569
100000706	0.721757923333041	0.356013383529887	0.167235958300991	0.513096023830725
100001055	0.70920776270195	0.492480643468801	0.204812397273707	0.483658699130035
1235	0.51907335790386	0.827221479273644	0.217971089965923	0.546997646675644
100020204	0.101514161993291	0.588403221441227	0.244751135658199	0.569317047898923
100015643	0.0363772273384824	0.297698228913711	0.248719100518238	0.494677764125031
313	0.0238596276408371	0.295242469284759	0.236046289829478	0.476373693853822
100001413	0.853812892489832	0.788038308196874	0.214761687985944	0.509120857610281
100020423	0.0250388460893775	0.0253826190649521	0.235092866053375	0.259954746775169
892	0.385792528866738	0.0960092731428319	0.247239058561286	0.550208372396882
212	0.0638947236096731	0.135995947776952	0.301511306954787	0.510607224810742
100006105	0.186604899292245	0.175183457101123	0.260625966997903	0.543585794413931
437	0.852631662408679	0.485156173064529	0.201702989544396	0.541791690573202
100019892	0.496427862420338	0.768905439188948	0.221906468184627	0.546821683283989
100005716	0.0744270730803924	0.12786534289737	0.239021441113515	0.588142928333954
537	0.293182884054124	0.198163813779793	0.236991723387949	0.564219729178512
100001990	0.284203497815454	0.654584986997444	0.253029022883738	0.488275083841321
100003397	0.0372037679324876	0.00381687238582339	0.168792206160773	0.314093815185137
100001320	0.153877397729828	0.29450876369454	0.286061908570786	0.364486898540225
100005717	0.123510664184219	0.0941573054062794	0.259991963333655	0.545299547618811
100001207	0.0300928386058181	0.171432738712637	0.263715089020803	0.546948978002734
100001999	0.521770482005338	0.869555940234761	0.220455440556509	0.609611394757984
100002488	0.213331578802102	0.0156652530912314	0.265015409043942	0.468841662016954
62	0.207768471498588	0.741341045083459	0.217375870968707	0.529575906205693
100000467	0.614944944370112	0.425005493401148	0.214774361835334	0.506817689259108
297	0.00576525799394508	0.143369588699413	0.231893092938081	0.507045973046283
100000285	0.0250547136691161	0.397069335664078	0.226601262404252	0.612704072992378
100006056	0.052051951105767	0.321039156549846	0.238751196956896	0.570177997241438
100002126	0.118763167547099	0.263189938355217	0.173039325493924	0.834080635685304
100002129	0.785723219963732	0.794257188665314	0.215066004760092	0.633520963886436
100020478	0.0481632159393429	0.421322962326915	0.206415018263443	0.536993393563925
100004089	0.0694175049124568	0.563181741730262	0.239817154319334	0.492923383551002
100001755	0.427664087864661	0.721373170207725	0.224556000755837	0.504684062654531
100000551	0.0520438474711087	0.607931652742153	0.202911492601709	0.554263318794584
100003260	0.499343958336911	0.329101982381651	0.25838062931184	0.607043871342074
100010955	0.824758584159763	0.329586576569653	0.165918928719229	0.412125336890167
100020851	0.178664233853394	0.353085467500094	0.247986518709855	0.553355567874773
100016069	0.550777477981414	0.441149057290915	0.241123737498078	0.510574316278202
100002027	0.357507463368553	0.721784861765722	0.214967781566294	0.60574753795049
1123	0.346072765322886	0.168052905483834	0.212115181779804	0.645059729318595
100001150	0.745383648692646	0.992368736808381	0.227272562970745	0.528530528070919
100001657	0.33007428541246	0.545429916760314	0.224344094104587	0.502808621548953
310	0.245489000275553	0.345696481685793	0.195849329749322	0.620366233224108
100001314	0.472659456787492	0.235588367113696	0.216335994250508	0.455133922316453
452	0.584803224292222	0.398210664284807	0.280374000294411	0.488335410048961
144	0.13403056274949	0.113866213069846	0.271762540565917	0.434766992887811
100001182	0.167848288208721	0.106622641707963	0.283786795334337	0.505036724951585
100015965	0.661897669988468	0.449021375236554	0.208966810441369	0.578762607615475
100006108	0.949681606345728	0.454612702416791	0.235433344398461	0.570639173507933
100001400	0.758746475138904	0.718198862910382	0.21485777591423	0.52069293761798
100004541	0.334296631783758	0.159206364655717	0.231067277477394	0.321512862416791
932	0.846115478031386	0.340920423253994	0.228543522117834	0.556413061941612
100001992	0.440044215724335	0.550264343964186	0.327659892729004	0.446394990217055
100009252	0.195410206688394	0.377113470152036	0.264128098743	0.527743494082832
100021104	0.633874907568191	0.546790187049503	0.182295522767327	0.660943187184734
100015838	0.00799018628084145	0.0410909020659547	0.332241196770466	0.745730024071312
250	0.00119902421008909	0.0482238048744175	0.40470530984241	0.604592512314996
100002537	0.943782849785883	0.610932138987865	0.211108713537871	0.604491838076251
100001658	0.60572046675169	0.447331070691169	0.252107408437754	0.486388451042383
100020416	0.317633797699871	0.366652852084452	0.19930727706576	0.511614529131377
100006642	0.311031788176115	0.933943962002783	0.227027671421712	0.523809690170784
100001391	0.101704677971848	0.401868563625541	0.288303962512368	0.627444787908752
825	0.48300433750289	0.759437686296335	0.210319432253759	0.538096276384711
215	0.0236095951889628	0.13652542484758	0.269519574567527	0.526487549895443
100001026	0.998093365369584	0.927815415333565	0.223887070092751	0.556038230787919
100020541	0.394457237806911	0.416306440299311	0.189690040633036	0.557637354438068
100001526	0.170835856740931	0.2901552029421	0.339680482786915	0.610569177375397
100005384	0.600044646076688	0.448974965582569	0.215211731031462	0.478982046228388
100020378	0.22394549183571	0.800903351580661	0.218136091290951	0.53099342391102
100006115	0.93579676426289	0.462184339355226	0.288949145416606	0.457112854736888
1442	0.220214359800169	0.0319141105465674	0.0851739794663005	0.421664831466842
100001843	0.167969503532637	0.248603923859683	0.249241502257989	0.618091762260302
100015837	0.138765469570399	0.252533791783082	0.425762577360459	0.49835848780878
100010834	0.586159670730018	0.318406224412777	0.267674236700546	0.506330936493177
100001393	0.59800521030624	0.37747161453516	0.171527720470656	0.567203995111885
100000015	0.226591134495027	0.77204537731109	0.217380475177465	0.540969747631955
100003892	0.0503590284863517	0.0559415681023282	0.202293779614278	0.778752672793849
100000042	0.204941270632995	0.0339196895561507	0.236879386668513	0.446151678435756
100020550	0.55753276973073	0.192201511989689	0.239909694562561	0.422929486239087
182	0.363486843199812	0.246968808381088	0.211963280310713	0.542548710895507
100015723	0.150157528763152	0.448288814144924	0.229049320972172	0.518550142425716
100020343	0.469544085391161	0.763834506497128	0.21331503494665	0.523147825156082
512	0.359081457503979	0.592631960108273	0.250826793222215	0.505668455614325
100021100	0.843455623491268	0.968888541666687	0.223839593218256	0.526706644359159
100002528	0.340307000001855	0.0543250670515376	0.279938470647	0.345848138811401
100001287	0.428708145523979	0.696472798058972	0.321945071410604	0.473090860901236
100001229	0.814378405867312	0.674696413977135	0.243681554223093	0.498610763145948
181	0.432550698555947	0.867200579346886	0.227473240514449	0.516353690590253
100015831	0.00203641283428558	0.0307939083334982	0.301544089704222	0.358164952845311
100020515	0.308668282015559	0.467960424782973	0.182196521250353	0.657645469806008
327	0.211117631335553	0.225578262427071	0.280245119338612	0.488069154030666
100009394	0.7948801494075	0.866594895744136	0.234802412840147	0.517518172499317
100001596	0.918386752155921	0.148032947697692	0.19971177821634	0.367901163607181
207	0.897789965255489	0.532564567977956	0.233305168460759	0.495586440338608
2054	0.491743089904767	0.802452153070817	0.216763679341393	0.537812470014072
100020259	0.63315538677904	0.480924380713691	0.253349629071658	0.516098728956343
100020414	0.00349151722833069	0.0433452296296894	0.168363402793761	0.533679696188495
100021131	0.957867358046092	0.175557935697667	0.207115238083451	0.466931044547118
100004499	0.82212214681989	0.774703799808485	0.218105570376459	0.506496025054464
880	0.185781365032413	0.905838471474639	0.234883056903803	0.525451420430063
100002049	0.548673233495769	0.333787072172655	0.250183580915618	0.492722057055872
100001739	0.430153261388075	0.138622066176115	0.307389702311399	0.481902721196947
100001126	0.331565898181087	0.0624852699542055	0.118047496889601	0.369746801737712
1113	0.803569059898485	0.943415792940274	0.223696511800661	0.540555598588383
1083	0.957986740243677	0.295100782236613	0.252984183976758	0.460440006562792
100001730	0.115542785773298	0.290668126028921	0.258919771358785	0.450567699752301
100001412	0.435607159382586	0.606054667107138	0.212106243104492	0.570595164203554
100005996	0.642133111725948	0.541339469797576	0.218641264402923	0.512126056644132
100015962	0.0082179317453386	0.119203084845182	0.176134989292921	0.808911354490311
100020214	0.694328879335474	0.376243108655628	0.238632493001358	0.453568837321595
100002514	0.124437140014663	0.334262294620579	0.233391367103417	0.473429219166217
564	0.272504044375475	0.094036108821267	0.208581527543	0.462177681312976
572	0.0347977973718713	0.0428134091717963	0.329557921633375	0.435576944815791
231	0.967670112047507	0.560712953268227	0.199002447537067	0.5432524037619
100000453	0.958323795617547	0.91014728784431	0.222073471151437	0.540064066571532
100001007	0.13175007344392	0.250931921579762	0.27596007726925	0.440214616176364
923	0.659926776459866	0.372656350191728	0.216993897480496	0.582521841540248
100001247	0.516426204200637	0.734883759371229	0.216032910998874	0.517505799866252
100000774	0.504109360394263	0.834964597935938	0.238592016890734	0.546147526126479
800	0.305999829923973	0.297361511169155	0.235881023217145	0.576709163352731
100021678	0.28577663770226	0.40079370828268	0.184792491012532	0.522938476521423
100021711	0.412702636514115	0.813310290263803	0.239002494896373	0.537661376826648
100001274	0.908937364845402	0.679756427456182	0.224556815306157	0.478042739098235
100021220	0.0707315490658575	0.232091178085278	0.257187195876372	0.746567239269628
100020253	0.424943907317138	0.974975430919889	0.223686963736559	0.526701392791528
100001170	0.697634654097726	0.0992916151401029	0.198892416148289	0.418469635039612
100001466	0.132186275447728	0.371283293200227	0.254229819713218	0.498469098630084
100009406	0.799763939026467	0.893920023988799	0.220716768725337	0.530918749163648
1026	0.20114204526761	0.426177099472963	0.24264343466542	0.503300731505651
100020837	0.771300262885267	0.299850351500804	0.260140401853197	0.428371963847505
100001006	0.0549952500931556	0.154535315032343	0.197805503752918	0.571118764461903
100003674	0.763403566208305	0.130741322570565	0.219806756197072	0.512282537505127
100004396	0.464823341546805	0.571342271438477	0.265558962962176	0.488267729488076
100015923	0.463019742405405	0.881617470059334	0.244179748676101	0.517965540711609
100000265	0.513622333347881	0.868510210453475	0.225615668266537	0.517069268475803
100001409	0.0728217140155593	0.0800813068027571	0.214663661964014	0.366917307164862
100003434	0.364604335699677	0.54793747266077	0.228776325714208	0.471580425448225
100001334	0.666120770051373	0.10008313529715	0.275808834480668	0.427234389668535
100001102	0.713520671287311	0.664686449528858	0.236209129379545	0.50625518747272
1268	0.543955740418417	0.0372876124477296	0.119681344627806	0.459167552224082
100001300	0.207487232244012	0.0631548412190196	0.189674149571442	0.518972112526781
100021324	0.208284278524373	0.585595834086494	0.323038622365294	0.517901556980167
100001617	0.0970765217828307	0.0809741700019146	0.217335389377312	0.566532385529558
1105	0.966456785166322	0.134229194803937	0.308137953477769	0.264391889647671
100021502	0.0795006969824956	0.492263401548273	0.215875291828602	0.533997230507566
2051	0.688350893181389	0.726444313658888	0.224297280300026	0.481350583619485
100001256	0.111852009815062	0.401661246980459	0.264126036952971	0.689827931950683
100005466	0.140792188042942	0.285707784549894	0.26128301543803	0.43859473063541
100002199	0.147333755152143	0.89994901346516	0.227919607716964	0.534424939064388
338	0.0242354884627292	0.088522419968138	0.366598890949995	0.378331386412927
100004243	0.468447308655385	0.544929340696275	0.207149058555882	0.542341826003682
799	0.371631225643884	0.923729879764889	0.249244320384565	0.5281522628908
100008928	0.46857942259357	0.0259919038811599	0.228109134084376	0.529684909190815
815	0.0875769463729534	0.289026483025685	0.226886447505212	0.591666887871096
100001456	0.00316722222281018	0.0242769409691291	0.219632613444408	0.455900740173131
1242	0.130830080147068	0.1707125496717	0.279797051251841	0.421916921251938
100001416	0.469537227849371	0.220696280936523	0.171564358299356	0.412962772893916
100001462	0.291077840643752	0.241220897164159	0.272037746558143	0.472187396414979
1087	0.127699065899695	0.0111603554700445	0.234617046341342	0.485282263982089
100020421	0.102371345131918	0.190138245308732	0.25018419977189	0.360345348971241
100000010	0.00416472724319396	0.0449498522453331	0.242402628182737	0.591286757787106
821	0.709253224398252	0.570722666928026	0.248751406500351	0.461058984687886
100006627	0.249560703670321	0.0858207340984333	0.355078812460969	0.454450743020389
100001277	0.289136216089377	0.0927492534076377	0.27327295975925	0.480420545380424
100021141	0.0429959891584975	0.349530777321617	0.241086074790158	0.574693887326274
100021105	0.179044294950123	0.259836482788721	0.23189573296168	0.357644894547234
100001950	0.000423663658960903	0.01366415475845	0.283393919097338	0.653134207378739
100020217	0.856328707096798	0.385666053877888	0.17425740376929	0.434166349399607
100006651	0.035163324057168	0.200909440664136	0.256576878929629	0.350934660242862
881	0.894369451791639	0.633501993368479	0.216357323738149	0.535906119172581
100001509	0.70165987050111	0.151005338636397	0.194687761716942	0.455535918234539
100021709	0.725676980767976	0.781930618261153	0.231408110168925	0.522225361271728
100001635	0.340172218685679	0.0497752210173617	0.244522633897451	0.48552879114097
100002613	0.43401285862563	0.105989295694412	0.208100388113369	0.609727310360599
100009329	0.562902143283112	0.789339349056479	0.213063845279605	0.620728914255036
100021123	0.976688570515489	0.699837734799616	0.231786947342757	0.480817706883383
100015760	0.284802214875805	0.202732103163967	0.187150738516113	0.556800022221667
100020205	0.42438029291952	0.321352138013202	0.290158124164132	0.367897300609503
100000765	0.488074374772021	0.770320867207038	0.221656687225994	0.511713937508379
100004111	0.31799758965169	0.143119969790869	0.251795833992579	0.504740659419351
100001615	0.216583228970819	0.605559396608644	0.224383529718301	0.527953057686488
100009227	0.18085996710726	0.12645700137755	0.315606177324531	0.642618047665479
100006191	0.384451409166389	0.582033413703936	0.2451420702674	0.48327249762601
100004542	0.441951407258566	0.396041852310108	0.234080573823974	0.560471193224518
100003686	0.256084216195183	0.0942992539220855	0.326177962628835	0.45892565563051
100009232	0.0283434656687362	0.210035758347719	0.223605287888807	0.446023000615131
100001501	0.0552308235826304	0.147090435520747	0.288720170874689	0.561371314178193
100002367	0.531174438281553	0.254175550030597	0.208304946743046	0.400045247104479
100001108	0.312003918730199	0.70774826008585	0.222333588305703	0.520597829895983
100004227	0.747068447085072	0.995842213080042	0.223461639160135	0.529303174335173
100001310	0.207805298543138	0.342001272912412	0.216415272550455	0.634800986612764
100001994	0.811724935221522	0.872201139697041	0.232782169419573	0.610658449547104
100015839	0.0128629729923497	0.0145874488842158	0.307586806609218	0.617693626139656
100003271	0.00707278801432266	0.0990905291016953	0.299094231127757	0.385089798017756
100020496	0.632182031374408	0.655428825200283	0.25588683560894	0.496638947518803
302	0.751265505454165	0.436247376485696	0.198193756096069	0.505590555461432
811	0.827705987996418	0.798973608249651	0.221171914050359	0.560617857619086
100001267	0.813601848138551	0.937409190498683	0.234349735446378	0.527425647045372
100001197	0.0376835653157434	0.522435032465736	0.25151748114066	0.544829236425664
432	0.262871607088078	0.555362868733646	0.241175306068648	0.52256792420647
444	0.0132091091547091	0.0692132848175031	0.270024107402957	0.686192868119411
100015968	0.322039155101596	0.331379882418434	0.214338586860484	0.447406533639849
828	0.927091266658954	0.618953854694805	0.20580768653186	0.534293450360775
100004054	0.30469328035891	0.985553900085806	0.223723730766683	0.526956885471193
100004635	0.0779028761708854	0.0746156262250249	0.642064415219254	0.276918031974087
100000491	0.582336771936008	0.713657343788923	0.221082486254653	0.483303963894288
100000939	0.126411316287463	0.198961538071527	0.257506212093361	0.510272508431301
241	0.131832939490384	0.366123893243223	0.248846860181252	0.551637085540176
136	0.335066551109875	0.0617802084800218	0.191993423474546	0.692939717291222
100000792	0.540573377352607	0.994849471135357	0.230425910810716	0.57709830695718
100020973	0.520553392945211	0.514596581964737	0.244206340238339	0.499318653512867
100000936	0.967590861074762	0.52177236462647	0.218093162520338	0.525528466521633
100001313	0.00983693815883143	0.209204342216319	0.239607481077716	0.578642997374545
100001951	0.0348116741924572	0.0724575681078981	0.24684153011531	0.494673917072883
100006098	0.00687271530581177	0.0223545660529682	0.262069100412013	0.659647809386921
100000007	0.23316661908037	0.498806191533238	0.234343292433075	0.54059916701153
100006641	0.823895258128643	0.752462434311808	0.253755189082446	0.529736083585546
913	0.0189254427941236	0.121579142651718	0.276436021115306	0.440082271812491
100001579	0.707608378405246	0.310837436529852	0.254535852862754	0.526718376592719
100002911	0.136579398114984	0.0102600903304214	0.293669192679126	0.484631778150032
100001293	0.215359856907745	0.289058307359035	0.190673622374947	0.677659722265829
100002241	0.175987243468086	0.464810494249752	0.234675053581259	0.487808274843617
100003179	0.483922012285563	0.0969987852290498	0.218990760061377	0.425339071292772
100021372	0.293875097127411	0.181371724511711	0.15311828851122	0.509420172576308
100001956	0.44786957991876	0.66067945727728	0.22946561216696	0.488323568095518
100021162	0.238795888593304	0.166967966435096	0.216368453473143	0.392679855678577
100002259	0.418974677033624	0.863672588713359	0.217978338480767	0.522683557636176
252	0.416579793225928	0.503099514347495	0.271324956222322	0.472675573957958
100000707	0.587344255056929	0.541131230134832	0.222898882360441	0.535262262684883
1489	0.75185494558223	0.0289296905734394	0.166449211899156	0.506923873320722
100020361	0.0299818061499347	0.0987205998105202	0.260982537858404	0.81171505454101
55	0.834593085371353	0.940887688110527	0.235010748121802	0.524268853727697
100000863	0.270236975687226	0.297938097537399	0.195080312509477	0.552382224599953
100015840	0.172122212007545	0.09216039151814	0.310815773176872	0.503419761748864
100001541	0.141248661970469	0.0630673172597721	0.141544104112963	0.500136750840692
100006082	0.124689982482217	0.0378622570242449	0.298610404524855	0.508607845534283
1254	0.567751673906348	0.757974215814718	0.282785413386718	0.500192006218706
100001624	0.536408608309797	0.369281572521867	0.211753067863093	0.511997403103244
100015850	0.884158892925845	0.545128130405966	0.291144670578754	0.503603501228488
100001104	0.00360671786454587	0.0233400636294653	0.252137985684063	0.763770011001694
100000900	0.0811345428594163	0.285063709004261	0.229627250591463	0.519240332951615
100000269	0.264057378892226	0.0944764534010406	0.138270479059956	0.494506832254629
1022	0.194198561471117	0.926646960853177	0.2226803958585	0.532095465838131
100005373	0.228368036387518	0.106358758272432	0.196806997071113	0.542197585775215
100001129	0.117662704739462	0.686958955038265	0.215704919624423	0.556023514587415
935	0.0127038087298761	0.14531000255196	0.287843434303695	0.408687946793617
100001262	0.180281660713246	0.262071919097115	0.232441035180255	0.547300287964104
100019978	0.296658713145072	0.555034357573182	0.218990721270571	0.517810327932774
100002293	0.649662468582802	0.706340390610681	0.225306192279754	0.522901642551416
100001426	0.244172905341279	0.310986259780251	0.232457183034313	0.416124198771074
234	0.0388557274337602	0.184452138581692	0.221160904207027	0.505556179804506
100005403	0.250132566912853	0.991055388968146	0.228604584321149	0.534239409384207
100001083	0.0356184508608363	0.2816109457942	0.248574143030142	0.550514914095417
439	0.572210603909018	0.177315305120203	0.245763282623503	0.516903868288116
100001086	0.185767319822633	0.142256217820984	0.242864056600703	0.651018089505319
100005864	0.719455217389041	0.469161363445671	0.204388015338303	0.58118257665132
491	0.499082186239202	0.909127952414866	0.222384531230859	0.527953041789626
100002029	0.503439247861021	0.419656327029811	0.214004959242414	0.416126007057793
100002154	0.793305781271789	0.419826408168402	0.191256692504895	0.498772836576056
891	0.401378823256756	0.112456855078871	0.257094287482624	0.489312381116155
100020261	0.366357895192583	0.384664263476339	0.281944004362232	0.50919729709502
100001296	0.709470116197131	0.657571167315153	0.231721864687137	0.484843660890075
2050	0.536959306716172	0.396780622330755	0.244206350986052	0.459330811437396
100002761	0.319808770785481	0.727951179056282	0.204360102213064	0.635433742502974
100006614	0.960542870923869	0.648026479062217	0.202195249229264	0.573035685417198
100001597	0.656426111548148	0.199832526663451	0.159927608153382	0.416509400959581
100020853	0.679778744304971	0.690950274511397	0.231666341587149	0.548594139670089
100001446	0.406616967382821	0.73091515918558	0.215217851796738	0.530309416328919
100003240	0.246377819954718	0.0860601737617604	0.260290972976512	0.438073402399875
100001502	0.0400786845820574	0.382620935839054	0.265571457280382	0.598856764104673
100020866	0.239830810201532	0.0752987966905594	0.163987902990977	0.448055922141932
100020419	0.0503422484146822	0.186125991511505	0.239497382384051	0.352890738314717
35	0.487667024110192	0.29891048986389	0.19379444679757	0.458761851110193
100003696	0.0170226304153746	0.0753220558654993	0.332504640090112	0.490731830734879
100016038	0.749725898933176	0.891840847463341	0.220780793778492	0.517498362134719
100009333	0.233523232367329	0.207826773113559	0.226800073027365	0.560401326992047
100001611	0.171209299764106	0.439682563573274	0.281187670113788	0.508417536426835
100005383	0.636547223808381	0.259750173405496	0.233059624274977	0.572331026034651
100009239	0.335494619120052	0.130254203874764	0.288895407229061	0.38492229216798
100009332	0.381015306122946	0.297299060422837	0.225407255033648	0.504530631956511
100001731	0.142435860118471	0.645732867107587	0.227392310886401	0.500962694789152
100003415	0.310280913325198	0.388696631400211	0.213566072342894	0.531967631424055
100020578	0.139097240668309	0.182514088280976	0.207373049391057	0.431194942474538
893	0.973298060166681	0.30341027982527	0.220896730746008	0.54829163546272
100000963	0.308056760429433	0.121054357306769	0.329970561557882	0.348211780118646
273	0.179100724280526	0.443400422614892	0.256833759307014	0.53056459798522
197	0.503952906632216	0.403035437942927	0.217268522597697	0.426442181763765
100000808	0.276222932882071	0.241544092620436	0.208951432041505	0.658964764199804
100002284	0.571767767231597	0.179795175073443	0.110592876005872	0.513492732693512
888	0.918603366018216	0.0667061109196102	0.246681403472502	0.516090226043821
100006435	0.42078912220837	0.232214622759804	0.15688141096311	0.863628606256824
100006374	0.14365736293467	0.373841061513132	0.234097399362085	0.51243917444617
100003169	0.545989955273987	0.960226660417199	0.22210119852395	0.525131639129912
1004	0.48322233429438	0.373730414016562	0.184987106479928	0.479564680050361
100005998	0.0483156627221474	0.759370657342934	0.244511876967087	0.531722289901746
100000773	0.641786002784265	0.482639257971479	0.228832381656005	0.512037874564893
100010850	0.0263018351835381	0.229934952985526	0.262613557807371	0.455119623499731
397	0.999449928453471	0.203311433677914	0.138420031572702	0.588642489407721
100000039	0.0676570636629801	0.19293379198277	0.179141934848118	0.583700330831173
100020833	0.722645439969631	0.870568519391044	0.227214201825845	0.550748167235029
1021	0.365656354027541	0.259368223365591	0.20841399784189	0.573038520696541
100020479	0.300479780537284	0.502079285153233	0.2238992852067	0.52834822081748
100001335	0.425457612608143	0.18508338713558	0.267173045404465	0.493579546047645
100000743	0.582441702540287	0.924127843991961	0.223042865820315	0.524425670837689
100009246	0.177729334863689	0.666916196955917	0.216411254242425	0.555622670901062
878	0.183076154418919	0.710977678900238	0.213625094753891	0.544482808203311
100021103	0.747443636941696	0.805557067668368	0.223858720436513	0.626183718308305
100021363	0.102883105965968	0.207672029532919	0.179907922772509	0.583698904069996
266	0.13693029925725	0.205535101472122	0.229638142966554	0.470031482720651
100001195	0.255521239887537	0.130824158168355	0.304924523308955	0.449367094779945
100019801	0.736723019094917	0.599467429872303	0.238129770719949	0.513104862849736
100002196	0.04766902799081	0.424710212879988	0.230659227829097	0.527272313524634
100006370	0.281196774208064	0.892467946924094	0.228432997942726	0.521808815162774
100001510	0.033867295439979	0.0039450904461864	0.19417315442867	0.638187531588303
100000437	0.532829460121911	0.473804622092868	0.212704450451613	0.584473073244347
100001767	0.169740678807855	0.0546154735503754	0.278526186375267	0.586733137959718
100001810	0.356548461596452	0.566946467322453	0.231312696035	0.646446288213489
209	0.0295018752015569	0.324538305799543	0.258908661825336	0.509119476991636
100001485	0.247471630966468	0.0727261954711015	0.123652378667625	0.45168881505905
100002500	0.118259660513427	0.442115787601776	0.226257298721504	0.499047647029356
171	0.0319899195406334	0.0211392808200979	0.170821837975819	0.55294972827131
100020487	0.89154102567551	0.785316713727443	0.248119659707459	0.493434004963233
1206	0.00669310077450188	0.12084013221823	0.226013145202689	0.569928993719297
344	0.0143061789125939	0.0443057953797641	0.474795364307315	0.635059928247937
100001405	0.471769403359248	0.848719805859607	0.230906351298767	0.516363453888958
1239	0.862850006970785	0.379737917095336	0.259171359819541	0.528680491609939
391	0.0950109965677336	0.390456953193858	0.218429094286879	0.671905686969112
100006430	0.568914215590545	0.270181400900668	0.278190943777554	0.357260124176932
100001417	0.934869145548275	0.475015609720939	0.214537605140093	0.636862558683926
100002951	0.0582633038759352	0.509947471943989	0.218021118543584	0.459549023082454
100000014	0.39152351538342	0.511769049739837	0.218364318794227	0.573495457105126
100003926	0.550909842145213	0.375047456759968	0.253208682850599	0.519682650138139
100021538	0.480469643165551	0.329200619076922	0.264524193942609	0.443368596380147
132	0.300135565353817	0.849801951399093	0.226162690834101	0.527720737633685
100001425	0.559752428762106	0.541548983507425	0.279606436147043	0.472427928361887
100020262	0.601776442018892	0.5593255121109	0.24963410211645	0.520089633977444
100002679	0.363621861003597	0.794640164928965	0.216266109458592	0.573324098100731
100001270	0.808799789669885	0.335519350813521	0.234683970939038	0.500083974633174
1102	0.832831962695252	0.971331568836831	0.222881379382263	0.535219689431946
331	0.2165612391236	0.144727046189033	0.168938556109889	0.398282715125036
100006361	0.399459637178546	0.38678881922253	0.19170608295057	0.638823963127804
180	0.940351173158577	0.633847632639626	0.255064635530243	0.522644755533445
1053	0.264979759804444	0.457023407760395	0.347607689295784	0.588440623308591
100001359	0.634676035483468	0.838715541524038	0.23771683251321	0.50689174205027
