chemID	simpleLRM_Fstatistics	multiLRM(chem_sig)	multiLRM(sex_sig)	multiLRM(age_sig)
100021136	0.0285958956798763	0.224351001222775	0.308337537156216	0.948586235520873
100000882	0.957391521128367	0.561626249213205	0.288960074145833	0.914311034767579
409	0.0481421636379244	0.170960915946295	0.315353410839406	0.683059553803001
100002254	0.678268093887257	0.0499916192569725	0.187694294877994	0.927121865825954
361	0.00531549621244703	0.090279980169918	0.192557237604206	0.949961416811433
100019975	0.415061903816712	0.828369102252644	0.27438623315658	0.955593202331829
100000257	0.000526276281658472	0.00510592140677257	0.286757228486874	0.726057427179382
100001232	0.942798824536383	0.883047245582326	0.287632617404104	0.940111657275399
100001948	0.363207175740452	0.429220891122518	0.293613867664604	0.797625150567098
100001073	0.633475855131416	0.774155553790566	0.326699704932518	0.88187198031557
100015637	0.967661940483569	0.421615080618004	0.294296739604605	0.943946671484431
100006360	0.654188991616821	0.678008324961249	0.258600199163081	0.982847349246164
1488	0.421384703006673	0.467428679420241	0.27837829568176	0.9216796218822
100002253	0.695377206507952	0.88578945133525	0.270598754112758	0.968902003193901
1023	0.880218483981011	0.89477311057634	0.272252672219621	0.940997623350416
100004284	0.650311064895921	0.820546260418077	0.269588689796583	0.955419800643107
100001251	0.728093396026138	0.935839819063123	0.277099910818094	0.952030618646256
362	0.647085150306327	0.594082189598412	0.254903779354245	0.93861042990921
100006620	0.8528675801535	0.820487394479114	0.27490426644899	0.959156214524289
111	0.285000466039632	0.140943033304074	0.227935622040547	0.936914521035371
100009045	0.770538186743762	0.2896331501898	0.228739119936115	0.914398721224708
100002927	0.81587463044645	0.877849900454554	0.27011607082203	0.963687666556326
100015641	0.765478643173044	0.863850333779403	0.267190356786373	0.961179376819468
1114	0.141597148911646	0.982927036439017	0.274673179811605	0.948194487745979
100020409	0.291018948741409	0.382734327870183	0.274705880077184	0.813048063609124
158	0.161939005045217	0.332216464585102	0.338146369891805	0.976606415439515
1224	0.0543909013406161	0.205890840242041	0.214444350408371	0.992687667921089
100001620	0.45461917088689	0.363973925655025	0.236308477550343	0.952021646623298
100020893	0.231953999887574	0.0654658389494661	0.253233811374762	0.631378988363678
100002458	0.771851648149365	0.602350833235413	0.310811293865186	0.890509427143244
100001112	0.932222064297245	0.907233294330332	0.27252797720673	0.939545522936039
100002953	0.400188810766865	0.845353624746465	0.27146280442251	0.961380118968496
1141	0.33693474012369	0.0501168351177837	0.356633943865311	0.751395919330639
100015834	0.504481555660908	0.995168383111464	0.274990324941485	0.94839357141059
100004561	0.635751786862756	0.938830582892571	0.276217507819946	0.946336838264674
100020497	0.823705078249218	0.679055642461447	0.255864257557619	0.982665551806229
498	0.0588319147020794	0.283609011939531	0.271402660973544	0.978059122177723
100006051	0.817615698930467	0.810893346327969	0.27834676282633	0.945534653622875
1668	0.587368851247114	0.594615407849034	0.270719758346852	0.877740866427861
100004523	0.343794633315339	0.861314200952347	0.282608837702251	0.930795765748654
100001604	0.267224416170435	0.57297550980953	0.27030349042153	0.993539467408803
100001002	0.159993068984091	0.50481363386706	0.287418870129054	0.937354231451287
100001987	0.067303907516742	0.287364739678397	0.787504802843737	0.787310355901874
100002462	0.534142662981324	0.314408869654021	0.334228944683736	0.807394202499475
466	0.536151385756178	0.0608023367636616	0.301683095292737	0.929260294054856
100000665	0.996822932314111	0.407243325766663	0.310347230876682	0.890257461317119
445	0.997807984063895	0.417110573334076	0.304637133480874	0.999025999905916
2029	0.0855153608003041	0.359513457558156	0.29728481871038	0.976936245415729
100006438	0.146554736504353	0.249771922497808	0.320548901448749	0.953428605476175
100001398	0.170945762532626	0.539889536181286	0.252688468135769	0.969936795589582
235	0.486269811514543	0.542910403846712	0.248691235230691	0.976423129069479
100000997	0.617393975548173	0.63469761031932	0.276755679241854	0.922342426298616
100002094	0.154777353468483	0.236809673669455	0.230409402806601	0.837850953865029
1052	0.543392268326213	0.713309326709639	0.252137672584761	0.983232737955416
100020823	0.313628542869834	0.520920885037224	0.254199824506882	0.931559109173353
100001806	0.303734529169319	0.635662017005957	0.319818226244186	0.957718349107278
100006092	0.60395355393699	0.711192437816401	0.285576974896259	0.92621053107294
100001415	0.0786653866017358	0.0513232062972088	0.278510014479086	0.574504302994534
100000008	0.0281427347621185	0.0620692141789763	0.306252849378677	0.770222645061696
565	0.00574523172274503	0.0269579949740863	0.273467040791497	0.951524042774296
100015851	0.171205100451077	0.170365240415041	0.35860213530388	0.909829125568498
100001866	0.442896956104443	0.868861593973835	0.290329684816239	0.927194916572117
100020546	0.00245251311498596	0.0230593377859556	0.513281189565097	0.814398312343267
100016110	0.481098461388644	0.414773745369699	0.222201206153009	0.924209530638618
100001254	0.00270993700885252	0.00644782303130943	0.368091147068967	0.80504351057993
100006260	0.361308857182407	0.806013709921465	0.278444227628627	0.948312961001696
826	0.633632709909653	0.848145108936821	0.274723690831068	0.944785286317053
100001872	0.413140918293526	0.765004824885207	0.275238604258817	0.951858598868732
100000263	0.365887718983189	0.379635485432496	0.340858434183001	0.933422848529773
100021198	0.729732952301928	0.0624015254999836	0.187495582280549	0.600452566963671
100015967	0.0317071357060996	0.0973984229070217	0.339883735973185	0.751709832850837
278	0.261708463331834	0.324246845188651	0.25880684758896	0.831937960212305
519	0.657389086750862	0.299851253531949	0.332163436470466	0.878375236342802
100009337	0.12503678777231	0.337094441206643	0.369354216829034	0.928406715505922
100002185	0.433484895471354	0.887990378811037	0.270171949911526	0.935935320772548
100001278	0.343906945512108	0.251917694755535	0.340354602202787	0.902646300879041
100002103	0.986235128259187	0.545835933765791	0.274839616505154	0.888089264933001
980	0.713034741924162	0.392482478941422	0.307385657468804	0.929778665458461
100000016	0.97000784636813	0.566973300700407	0.271402473790889	0.922571726244023
100020372	0.202268266190144	0.522654656852142	0.272419265154152	0.874164016261409
100001662	0.656506296183502	0.118523864153925	0.101900796431186	0.96618454797507
100019972	0.927894642048797	0.694147869510191	0.281502467744143	0.934496294462796
254	0.800297969107448	0.786945817610568	0.272214677820992	0.951864137125936
100002009	0.143417364486849	0.486511987542668	0.26758372451664	0.828724624950228
100010895	0.331973831133615	0.448031702749009	0.329081245542909	0.937772355104221
1140	0.838852680579612	0.86778084169081	0.274132797833175	0.969372156784496
100008951	0.517774362582178	0.427971840363286	0.299030838302446	0.900010688622078
1084	0.440206596274357	0.812676186322196	0.27367114486444	0.985249843177137
100002796	0.132052458443572	0.490388789112953	0.249876178851439	0.893184958797923
358	0.847056901060989	0.891368816753964	0.270784923123256	0.930175592695366
100002070	0.926565976549698	0.680591524597594	0.265856232829334	0.976121856393365
1628	0.380973244446236	0.153207288934084	0.331337483492426	0.935551998473972
823	0.782065450251765	0.490364413960333	0.236673116455671	0.995422545572929
100004414	0.410663530758449	0.0732046585210511	0.362753183108337	0.874222848828118
100006129	0.702455405467814	0.676387135716135	0.257460646305269	0.961897026117518
100002028	0.36085886427668	0.507975067693666	0.372655449721586	0.757522125935955
100021707	0.44366821616054	0.604585775970941	0.245500240456587	0.981312911581195
100000054	0.920511051233679	0.861216022686606	0.271893431522236	0.947455720082245
100010869	0.36860999614349	0.245474489576485	0.282472771969017	0.83138094278609
100004575	0.0319257128614639	0.0878732797956433	0.351303995166016	0.698640064764974
100001212	0.985909917364395	0.75697889586916	0.276581893278261	0.892890360141849
818	0.131471398841524	0.4170572420836	0.329866954077691	0.892810607576231
100001092	0.0014167356726896	0.0161969751467051	0.270456656289052	0.929577948170034
100020371	0.965045467998849	0.959559768457389	0.275372395111875	0.948823994940284
100004112	0.213092810464867	0.522541678700269	0.291074618336306	0.953277338128218
1125	0.505752662457244	0.360581298953203	0.303860030069558	0.983136018242928
100020491	0.947534178908704	0.572805645881595	0.239045246861067	0.961888174703541
100003151	0.00192204706275996	0.0220088284007241	0.417409486298422	0.833322759419344
100000011	0.381420302152443	0.15619875439643	0.204217013940727	0.960842063710404
100003594	0.497118657346555	0.927256838723634	0.283264589550739	0.953698799559554
806	0.727988142550922	0.172871608038577	0.272276526181353	0.718681099866532
100001211	0.94568653052592	0.576585200814881	0.283852558695311	0.92781190776095
100002417	0.543338186436682	0.706803603458746	0.267648801016663	0.918045804080408
100009335	0.611865343803645	0.210528144861459	0.224834419683286	0.952194973210237
100000781	0.802085041947178	0.943894544960896	0.275352244326158	0.951948581472944
803	0.0149118845968665	0.022635586489544	0.259261481185458	0.859289692612746
50	0.559959373819692	0.802212746515452	0.278147872483869	0.935213179460129
796	0.414925848242547	0.0440131190891055	0.305058040267035	0.931121510386708
100005834	0.96305166773271	0.580927497342693	0.32804386334267	0.931289581617913
100001580	0.917785981676116	0.485771603120357	0.29881650498463	0.952764572722359
480	0.988868019468636	0.492272936683632	0.232071676783581	0.985402258844277
100001540	0.248648862621131	0.65564004270573	0.370274527596551	0.946788897608048
339	0.46695394953138	0.102938057207238	0.246779259362121	0.857393974542456
1110	0.759230760082744	0.932384668920403	0.27712069591402	0.932831722406455
100015836	0.254234467524755	0.208409257180131	0.39771298019571	0.917170687921479
100009271	0.479575658406144	0.472247470100696	0.311073553998619	0.931585318330371
100015638	0.936648228090033	0.40364572833263	0.288639705281087	0.930529051129808
100021667	0.96324181361915	0.591621054765744	0.304676553433075	0.926215757061249
100001279	0.792533100817464	0.670422536486277	0.286691599770224	0.973682418666894
100004208	0.0242801648104239	0.114651705143437	0.421572968927412	0.932589269396992
100003695	0.130097711818153	0.125905634974617	0.296832427643038	0.723685716515862
100000802	0.967208138817243	0.720857289450569	0.279030041225542	0.94492206767502
100002769	0.853860110639646	0.0849847162635769	0.195038927965016	0.928227813290342
100015835	0.145837945873852	0.289529361055306	0.41188113916516	0.863200842966762
229	0.797625119732413	0.332468737408647	0.312862728121744	0.947928493390689
100001266	0.00899064742313153	0.0262855409037551	0.349544323386902	0.765146717206637
1342	0.3069997633037	0.356747750570495	0.235442954858883	0.963003589515312
100002102	0.900622272759292	0.633696581674042	0.304283416518977	0.985990344637089
100020254	0.178593521069401	0.563653928002087	0.266661524494425	0.979218714718799
1231	0.414833532752604	0.208327706504698	0.331567128472886	0.900696129238234
100020492	0.98092107593748	0.88802791237396	0.270265327513707	0.947950605103552
100001402	0.329697195282944	0.533612280095185	0.306557810635203	0.968178216401432
415	0.00957854650029736	0.0954657076253049	0.322681602302679	0.974435197326696
100003109	0.72679564367065	0.978537253161347	0.274478275446395	0.946400457208151
275	0.603120217376625	0.861192372799005	0.275445137618682	0.935374849247208
1143	0.189503695014657	0.0735340065447234	0.249218341433084	0.959525153846232
279	0.213873301581779	0.245320249737385	0.27379216911161	0.794929314541943
100001198	0.872361450504943	0.948333141479131	0.283326508489769	0.944489516040902
1648	0.335897774280426	0.908545750577599	0.274049314908274	0.953042970416409
100001590	0.419733824574819	0.402963820057224	0.265248816801361	0.859748709206546
100001733	0.484185343386267	0.920555105671303	0.272312707472201	0.9548689866421
100008933	0.0165687244988977	0.00245562889005252	0.377780863504464	0.894167971455749
100001550	0.41283045847008	0.438872533149576	0.256405396561514	0.881288631112987
1215	0.0539615245275442	0.195962321260872	0.227273977642881	0.908259738241256
100002356	0.265849070742853	0.0996082371644319	0.332875526424205	0.959084094419549
100002749	0.798949024373265	0.789119522850757	0.276776353898975	0.951856387983602
100006379	0.101472901942545	0.140331787628696	0.321999454169814	0.653708073232801
100015966	0.0707390316862032	0.168637679174986	0.298384777580921	0.755547916499967
100001392	0.758238914038324	0.855397030233525	0.277387496568768	0.948010798930013
100020425	0.0878247595829745	0.0493188690265326	0.228222676934802	0.690969304698191
100004299	0.293600894246647	0.721968509682655	0.29643655997198	0.979646397099877
100001734	0.547724856185246	0.54899446756398	0.287729962509116	0.88392389535682
1002	0.797053262396216	0.867986970654985	0.274572233471401	0.947394136184
100001337	0.272813999349811	0.839459126690116	0.264158606428336	0.953559792855466
100001452	0.614138980406461	0.999825488707516	0.27336677208394	0.949806497562836
314	0.502871649170699	0.29468712781501	0.287548601190006	0.968279942491163
100009264	0.634173349562779	0.705660021640622	0.249517815657913	0.997632201463143
100004634	0.460902342339015	0.512586935379941	0.247101773800132	0.963203104091752
100000711	0.789142208177696	0.685412121222682	0.304429237362041	0.973372583250085
100020536	0.0245583381732524	0.0895655970000866	0.338395082527446	0.944921909540947
100004318	0.318599804287947	0.576718905884628	0.281319771413046	0.943514919516427
100005850	0.871385297348667	0.496841263524801	0.345217796972266	0.890328050655501
100006619	0.271870601510153	0.123121397816073	0.313339876338292	0.948127151385238
356	0.596247071132448	0.691476665214052	0.264729373533569	0.956513524933688
1221	0.503751593219419	0.509399789211021	0.368352815224741	0.985541979675884
100001397	0.724943615314408	0.811659858672551	0.273491665602314	0.944862052285353
100019981	0.665617990014361	0.872491811459545	0.278087287889361	0.967176884890406
100001208	0.416303625854674	0.226770459045817	0.23541505007265	0.732243256626049
503	0.0110046519760181	0.0146752691900266	0.170849344971395	0.775869048483007
100006375	0.177139557882469	0.661754995859559	0.295904399223553	0.922550755200098
100001295	0.771038592977477	0.574332164960399	0.266099931074996	0.950044291342986
100020427	0.0388808635466643	0.0295386739545156	0.26464744195212	0.611971364183539
100002784	0.550587574341969	0.380396226817301	0.234120861788061	0.987041826835653
917	0.0741429733158366	0.232191660209969	0.300000342757464	0.878482043173482
1869	0.331619832011053	0.204804913809379	0.295753406558816	0.82096645090993
240	0.146565539277886	0.0888730497132572	0.166567364387861	0.750970549065833
798	0.00466705842889143	0.0881148054453083	0.407830229843719	0.885506430214242
100002952	0.167850695947497	0.629793813504692	0.273523245473468	0.999168081292146
98	0.645734954828842	0.892970180813539	0.285523044960101	0.953867081945042
100008998	0.219005711861994	0.239523461637497	0.203744186458556	0.931322408922669
477	0.816424759290014	0.296146038343493	0.280332950284316	0.930302146369418
100020545	0.0884932506423278	0.129652610587693	0.31784672265845	0.866737188032571
100021666	0.945375863167524	0.216719411405625	0.315312340067052	0.924538261664257
1256	0.674613416406973	0.768733089841041	0.310611510451612	0.971304260912798
533	0.308057208434507	0.0888349311474001	0.197175520101194	0.652088165754761
100001757	0.49062235155892	0.959232647787325	0.279116689166594	0.945554001560598
1024	0.36820737047786	0.0913439625799403	0.183836383781815	0.615621144838926
267	0.493213355535523	0.946904208741707	0.276918991540783	0.946106767382759
100002113	0.129370684654079	0.092453422561321	0.266218799234986	0.946054771817644
100001756	0.794238588492932	0.623009047681259	0.290274941991573	0.983344702834304
100001193	0.432712331196087	0.197349776427307	0.339588498603186	0.896613977540992
100001668	0.644757370341201	0.908906073103821	0.274020260954531	0.95705284522227
1124	0.454131128718948	0.381852865271981	0.246961293486905	0.985557705157403
100021331	0.156677177558824	0.301078335636044	0.255540819517494	0.993808168339405
1090	0.105908662915481	0.0519015635453583	0.262573831822002	0.967438826919939
566	0.815369530334895	0.355962885939851	0.209169576748478	0.945081107399147
100003119	0.380515332783753	0.265860266086084	0.306715236109107	0.891393316131287
100006367	0.702179887408035	0.53209459676489	0.284835459626464	0.92840344577237
100004322	0.195639702096043	0.307840495962449	0.279476324373116	0.937892494577492
100001034	0.527147871780925	0.957836925704818	0.275401651699896	0.952359043976694
112	0.750743137869256	0.901616365725312	0.276179972026098	0.924364467561672
507	0.659339505430161	0.677408444174093	0.272752393188459	0.963827987978801
100009233	0.368818182371456	0.201155764764385	0.253517803087765	0.948975360816878
100000406	0.00269404612586049	0.0725318170357538	0.480164353189201	0.792271993147345
100004046	0.463872553476548	0.366976714631499	0.166981538432875	0.882579051911505
1025	0.670186789817981	0.640917791329423	0.261444015860092	0.98286650659565
100001106	0.150311996626136	0.17579681953348	0.225580239964244	0.993976131391579
1128	0.0412657698743296	0.622970453518621	0.301372057508562	0.989486404392737
561	0.0263805924950571	0.139263450442395	0.182932427745641	0.887944700910237
100001614	0.882022575755644	0.379373576815679	0.288103889830655	0.917861989631128
100000961	0.925705544254321	0.799555492529328	0.263156142517838	0.997061378874283
100002397	0.847021304737664	0.653716649890429	0.274320143582979	0.879591974696182
100009407	0.901780254645639	0.871960108505853	0.268632902191206	0.963676029540784
100002910	0.920842343885168	0.592606080865974	0.250751847141905	0.864206672908984
100005946	0.30412384714703	0.316184881319844	0.319637167387655	0.952411148808078
100019794	0.112003347268954	0.280845974526299	0.276125167462419	0.890908765665992
100015759	0.365886719065592	0.10482633863176	0.233668597358496	0.933471033542792
100020417	0.672104379624425	0.585450501053022	0.260293537849576	0.919995237999275
100001054	0.921058293021418	0.812411861846694	0.282711325901889	0.960715311688068
100001437	0.326272368875475	0.36431495238705	0.232545788654946	0.864388343336828
504	0.265353914411783	0.722073569554355	0.320398674096068	0.959953394983358
100001988	0.262688607248626	0.736511590284283	0.277487677562797	0.889500220513229
1082	0.0265820191115452	0.609329118147117	0.305497686246773	0.990294458885292
100001403	0.265053446131767	0.328918389066015	0.305551297719265	0.948019114324909
100001664	0.853797446100658	0.585059641995807	0.261901650236447	0.913625760504193
461	0.335216758759577	0.226588473215905	0.43606285742387	0.898793608758244
100000463	0.752841316238956	0.983909423615739	0.280566120070903	0.947823046594408
100020208	0.515184496480902	0.558780670456203	0.308626403015047	0.825378962949741
381	0.490678568195964	0.0743850715445841	0.125551383161955	0.757142668403385
100010901	0.0930602147227599	0.075559951585476	0.274360978251581	0.931370408213125
100001468	0.33870617859391	0.990282405791722	0.274677217022591	0.951771863731958
100000840	0.950655181118379	0.73315222704321	0.251750769317099	0.980900681813839
100020014	0.225891705352367	0.578810689979559	0.268284328927431	0.972004563444205
100001993	0.568092527360718	0.911442284734268	0.297289116832861	0.967998046282414
100001051	0.085319847900549	0.0240079227722019	0.304222341058107	0.577262550858983
100006116	0.405085807466404	0.521186424114263	0.278831374436091	0.948518470145614
1108	0.912728129527254	0.921519539432147	0.272629896870863	0.95626681502404
100019966	0.262926654254291	0.100789771730449	0.333809365878554	0.942194619687922
100001743	0.981559739275985	0.754671785484445	0.271441946806703	0.921326759290686
100001294	0.118150758687959	0.200732910451462	0.197316893869073	0.981404531688743
100001609	0.187683584692138	0.0776974642543238	0.256222895928004	0.898210758569833
418	0.759652996229674	0.963025287904256	0.275038367060253	0.953312266378382
100001178	0.415079786020818	0.905474375325351	0.273003518191378	0.933143828303406
189	0.978585981888597	0.693234504614862	0.252333226608817	0.91181978572153
563	0.623980108756931	0.638894054006477	0.301389372169659	0.920954233159123
424	0.531805179368495	0.385091550156396	0.310791164805166	0.932880819410247
100000776	0.16265123536388	0.34406575045247	0.312697932502098	0.941393299101292
1001	0.931362713083492	0.512080775382307	0.280447851745912	0.943943560997404
1135	0.434622783607381	0.156193519103436	0.265362722754298	0.97569963677999
100021093	0.39532232786747	0.529027113094148	0.315361350729508	0.967484560963828
100020219	0.113858918050637	0.203949040713669	0.28788702709301	0.809830680873442
194	0.545763737822221	0.779894178090285	0.284213609975242	0.901366323888308
100008930	0.643637905219168	0.557354463545627	0.302836942252045	0.927137231316059
340	0.524516011765669	0.187951680557154	0.159082821187156	0.931918836566825
100010896	0.833726052616823	0.980371202261052	0.281957355548263	0.947632445528974
100000787	0.17912630172358	0.133990796460786	0.268431850892845	0.628110928278615
100000639	0.0213468848097388	0.179383031205974	0.244374689050691	0.981760432826747
100001851	0.789443930822914	0.210808626048056	0.304528278332709	0.670137687713972
179	0.233651334384757	0.928688257781876	0.272802020319611	0.946718296830208
100000626	0.364844045037478	0.722459964458248	0.286288167881797	0.955734650503638
100001605	0.0111174666372379	0.071851096579921	0.360268654462232	0.950650530744991
330	0.150171574557304	0.389422207320163	0.306133994378628	0.805201642213785
100001162	0.837632099924426	0.579621884333833	0.245013420444939	0.915045254888046
100001167	0.0808455858999065	0.403736767876801	0.271873217123752	0.912657650226693
100002067	0.0824520716523473	0.344507242154425	0.520020024426056	0.712098728494236
100019968	0.978862058131669	0.732075032043663	0.2874627842778	0.903304774041322
100002014	0.107220590805847	0.499237232499399	0.270381593529119	0.828279637559225
100004083	0.425908111206891	0.156020642588992	0.306227627001021	0.798730498877455
100001315	0.349908905114679	0.385095505545101	0.289564438538344	0.987366023769782
535	0.264737979659157	0.587407973946526	0.295080348352942	0.938820451301833
93	0.27775797672266	0.229405355379297	0.313421364554638	0.778300601242987
100001989	0.510918123095852	0.712683481270983	0.259197927010674	0.968109698156444
100001740	0.79856863775593	0.410820836949704	0.25027123657053	0.964193135289811
482	0.134041837869751	0.959642406176338	0.274477996168767	0.944559908671783
1629	0.215976385877184	0.37986001688523	0.333717100519544	0.937180390919915
100001399	0.467498943476675	0.450270305686813	0.287105320748822	0.956770447866524
376	0.922385534844114	0.18076226709807	0.173120405953284	0.965892554963513
342	0.547048781444112	0.610937142596194	0.273341499913839	0.93948349905762
100001253	0.0307891855840061	0.170638026883333	0.231064574327292	0.828029068409538
100000708	0.669139853339333	0.820150114077568	0.289833559843922	0.955134912762602
244	0.170459720771015	0.0457320224520464	0.22578228066148	0.901114451186296
100006726	0.351073298286898	0.219936628058856	0.330288400108059	0.938273021632027
100000036	0.141557702029389	0.706582337491721	0.258616955605908	0.977966613366715
100001257	0.0191013782018146	0.0550585177395222	0.392922809521731	0.71629192087228
100000445	0.774101303236243	0.620063470738596	0.300386856782488	0.911592107402768
100004088	0.00527904292758064	0.116576212504587	0.31957810561633	0.975048287739525
100001423	0.894654919736743	0.726496831452988	0.278300904869744	0.917802783894706
100001276	0.370510262257931	0.320686604757494	0.251233032850101	0.858521565486269
100001876	0.786423503531823	0.891069560625969	0.271062382662256	0.951989484172105
100009082	0.597649416034171	0.0491481444502574	0.127367778792701	0.932867904570577
100001121	0.317639338090753	0.720336884023021	0.269736458248445	0.947441133362256
117	0.331907524887051	0.629599062300412	0.257611884423002	0.971314891526332
100001868	0.0465924464174412	0.120456162289163	0.326458654109491	0.940772352684552
1134	0.617468518677703	0.300582915256524	0.185687601612273	0.925499487178623
100021012	0.309414085492651	0.497399761852037	0.282061122255579	0.966867234649636
100001181	0.669211754475465	0.232382808735942	0.346139240204919	0.875944270193975
100021467	0.713751314640878	0.335276710395129	0.27757986063827	0.854281574621635
100000447	0.209933660114027	0.225365956839283	0.319331667142467	0.916700235705296
1162	0.000308143571471458	0.00975740314353628	0.3635225122359	0.878202783650703
100019982	0.366892205834178	0.539603601888821	0.284776018474463	0.913585545810099
100001613	0.980705196398071	0.448531196733706	0.289029978989526	0.91283295583813
100006644	0.33720621126674	0.539170661207971	0.251232565155035	0.994581609927474
100000096	0.686799109617147	0.039918543079327	0.184410966575495	0.876050621108571
926	0.51547223920603	0.675653195731532	0.280186340742067	0.953850513870617
100020004	0.755828456510115	0.708342448634882	0.28823775346987	0.939929584148865
363	0.114577264525471	0.0456406794265974	0.253244153520434	0.45167074403008
1111	0.542743402498246	0.964994004617665	0.282661700628448	0.938104843478629
100021712	0.686642922879728	0.863309331652083	0.27355519115986	0.938452189143773
460	0.824728118015051	0.608616471250069	0.288817240674497	0.998356965640706
100009331	0.386662241082787	0.212346445594772	0.247712462979963	0.96200895482882
100000442	0.242734471565143	0.606955700808233	0.304599416821526	0.974074197406624
100002945	0.0895090544388411	0.0186002627027496	0.359690018830128	0.908878830266471
192	0.719497905640179	0.958881523824169	0.281613650640677	0.957596924139839
100020241	0.560890880407373	0.847602726577951	0.277367501938333	0.956321414872753
100000580	0.236375968826609	0.171240018559778	0.236252497596697	0.899859354770699
100002466	0.0042442525849603	0.0220449237843967	0.228108556329274	0.695555372028574
849	0.714213409343486	0.560302841128069	0.279696830722666	0.876714565492039
501	0.456303971273122	0.372026484906853	0.306111136056496	0.906060364205711
100000282	0.629067261782146	0.135890040704722	0.35025407575002	0.838359095046424
100001577	0.0291365037376979	0.177756888939798	0.380919198234944	0.968298138341956
355	0.0737225301290092	0.301254905197365	0.230676348136794	0.844688165732936
100000841	0.641895909553617	0.803056646531583	0.261474865097952	0.997961254145231
100000846	0.791275626321197	0.358075599079923	0.265260827378081	0.934887182749519
100004295	0.871226327198598	0.427886423873022	0.25415907146452	0.894669275203861
100001586	0.0623272090683981	0.0393087864827388	0.3988359952653	0.55661578682164
407	0.0218023999645284	0.0382872973298874	0.309284816844382	0.955916082561766
1137	0.943840009422991	0.774046488618012	0.26609429433621	0.977787976032784
100021374	0.0446812315864117	0.0135330567762608	0.20938434587178	0.65810287215676
100001593	0.766049374379965	0.791320043715495	0.267105403113095	0.962690203548431
100015971	0.755472316303929	0.765492673846676	0.268717875292777	0.946557760980437
100001022	0.360721312694034	0.168071469322519	0.167251507071597	0.770108920730254
1094	0.0544383597514646	0.167710936454394	0.454016336854294	0.75340778516657
100002122	0.268167791346231	0.217383635933059	0.224225481340078	0.944048802562735
100000706	0.763912197520811	0.479477026566269	0.226079412318083	0.964162649872595
100001055	0.839345969624822	0.401125228098629	0.248129896948013	0.880768557625245
1235	0.476781229824707	0.696805828721153	0.260368938356128	0.984711754107692
100020204	0.0575248929659433	0.38897892952891	0.305012700414136	0.956040659054841
100015643	0.0234532755351805	0.245022758804189	0.302176661189112	0.908796900331804
313	0.0154918029270188	0.226892151994243	0.290788865023521	0.886055083356107
100001413	0.82145436964723	0.957873468301118	0.277493778884956	0.943307157844977
100020423	0.0116066361576883	0.0158196599655471	0.298795562637728	0.595461287799367
892	0.464080399177921	0.114011222451015	0.30432379941022	0.973931992158382
212	0.0372250973704703	0.0861013347752906	0.376672961599872	0.969572628292773
100006105	0.168873520695885	0.205120131271419	0.312174399222445	0.986563768323909
437	0.813295518145919	0.545577167720806	0.252844276580771	0.96902496206881
100019892	0.439578535535564	0.731034641942468	0.272890206113981	0.976924858984385
100005716	0.0851371617639345	0.102753151834732	0.296685235620117	0.965175959518738
537	0.16582943537332	0.0880201968021614	0.28451166327121	0.995195203338401
100001990	0.292966943396614	0.647721903921024	0.311155087654653	0.896853946310785
100003397	0.028392814651459	0.00499398355720342	0.215748306843882	0.679407561933785
100001320	0.0667090869843084	0.19844253474668	0.355553643974687	0.677054785208467
100005717	0.119484715728707	0.0822094532359402	0.322391013531443	0.998395369328019
100001207	0.0261741734249123	0.154753258254134	0.31630634969863	0.97371954280787
100001999	0.352285325350211	0.555097926991833	0.344513402645475	0.833389654182442
100002488	0.199950680877943	0.0171074886585371	0.326967678966054	0.899174128836211
62	0.0975007304242511	0.449889553599417	0.259167905850385	0.988167513219285
100000467	0.596277928851451	0.435023955985811	0.262991207760247	0.913679655664433
297	0.00342207275356717	0.109333514156477	0.280017164748167	0.939539748138376
100000285	0.0299673264151899	0.361467273883181	0.276967051372798	0.935967799950093
100006056	0.0452165471426794	0.294284217157973	0.292257209029283	0.973320562092888
100002126	0.635896618073147	0.457297662108244	0.215694670783496	0.965608101269181
100002129	0.124694213566895	0.594060296132508	0.35229891757372	0.833897568826229
100020478	0.0349116655315848	0.224126246324068	0.247887110037614	0.986306684858036
100004089	0.0139260471773301	0.337737742167999	0.302777676828323	0.927637756161741
100001755	0.510413533706393	0.630374352734146	0.275617316323173	0.902395211576998
100000551	0.0282411948083357	0.999838868987631	0.28051580362737	0.949073099471311
100003260	0.365395590769512	0.768493178592337	0.260957069250366	0.967210364510269
100010955	0.722871621347982	0.390011638853744	0.218242321501838	0.834463829689375
100020851	0.243039878333043	0.465102885450607	0.296177703967312	0.969101794866888
100016069	0.544683850599732	0.71243049825004	0.279785394496922	0.934725055717808
100002027	0.442612941845587	0.536408750926187	0.211668520693966	0.947111502607659
1123	0.917364054568162	0.660092261251225	0.270027759494568	0.960107176761341
100001150	0.539474887265169	0.783467259669673	0.26183559405036	0.970543922460749
100001657	0.369959839200495	0.748677679198769	0.275146347095259	0.943294938632181
310	0.282250021685092	0.348423638377182	0.241596705748655	0.948370012180986
100001314	0.440014797786912	0.162457634348577	0.260860876204018	0.78391113266418
452	0.599036300566341	0.56136724229915	0.317457727444903	0.916381649888012
144	0.0814500140881751	0.0486782889008008	0.339971071776538	0.788002748141494
100001182	0.188127981608546	0.12090181050881	0.345241387810173	0.932559057000109
100015965	0.772547888719392	0.456680429416154	0.262024506452371	0.978730116617622
100006108	0.977353372571335	0.495542703665369	0.283669607288796	0.980504858545736
100001400	0.66543412297306	0.617346217517614	0.259243447852858	0.940590765519032
100004541	0.210290565963371	0.217995639478229	0.268083224133161	0.670451572599022
932	0.856074419718717	0.325548672940742	0.280308329614761	0.989104664084235
100001992	0.309461293087221	0.485879685162314	0.407606521270297	0.825647273775199
100009252	0.0998716698730873	0.161734158635759	0.33612553559007	0.951159097016925
100021104	0.823260153232942	0.789779117576791	0.261339865257079	0.985156054308886
100015838	0.0140934313550926	0.0415155827952669	0.399935551982042	0.811701661809219
250	0.00135351484551961	0.0256083231722687	0.502743361239706	0.958334804754444
100002537	0.911720044408863	0.46110322116343	0.252377031459197	0.934368919238004
100001658	0.837907773427902	0.760698785832448	0.292938584709449	0.938803156620454
100020416	0.305404730825725	0.427366138840312	0.247326852942091	0.926719298312752
100006642	0.244954965855872	0.675640295175755	0.259916029147657	0.979600593654494
100001391	0.117911808561281	0.302119826139079	0.358383779462011	0.931667647510598
825	0.580617819100058	0.643453579115087	0.245084562836827	0.956114793518002
215	0.0155238523405963	0.0873953259792583	0.328182124755254	0.94657291141299
100001026	0.943243201158964	0.861697689745584	0.271469741862074	0.982493274300722
100020541	0.463111832603963	0.438845087877388	0.238342934192148	0.981733687607114
100001526	0.333497063778816	0.390661497693521	0.389489605886808	0.977998763185292
100005384	0.487174578421905	0.445359564307798	0.258460678478159	0.864119358202962
100020378	0.146208511465074	0.747928786970145	0.265856791229094	0.940349400986499
100006115	0.87039446790712	0.358915676114513	0.362177671147735	0.826354645732529
1442	0.196776844819582	0.0464982447187057	0.117475991046691	0.815893463794817
100001843	0.240242445054067	0.255176370499961	0.296783818348201	0.997066338310844
100015837	0.149724988474731	0.255693885659944	0.488533098937785	0.884756143502814
100010834	0.66391802791241	0.969140680881	0.274600357598665	0.946076048292369
100001393	0.631857055056887	0.388002893699061	0.213405377398645	0.999643779875413
100000015	0.229893544327917	0.561850150269196	0.256157141511235	0.953736356676256
100003892	0.0345005567592548	0.0217603479522289	0.234453701047811	0.722042295864013
100000042	0.162944844739553	0.0217020540398154	0.295172290203544	0.846285534321489
100020550	0.71011308718771	0.331967539097853	0.293909229711533	0.833573586893277
182	0.521376937496808	0.387081699347703	0.266490239180637	0.954004181169713
100015723	0.0901542881267357	0.353227591024959	0.278231727585219	0.950739649273792
100020343	0.410169613641546	0.526725672139287	0.251059479341025	0.950517406774698
512	0.32143462354496	0.585731652774829	0.303896854860923	0.917805877562923
100021100	0.715062521594485	0.733409401591733	0.264372402368972	0.958107699738638
100002528	0.329794358695976	0.0816828399567166	0.328588980944227	0.684015344311528
100001287	0.429876758295914	0.81381054367774	0.355135383950562	0.897865076873861
100001229	0.814235187292475	0.802898083604161	0.289175132342212	0.927828013742533
181	0.435965050859788	0.886962469533936	0.271186078799485	0.964626181758482
100015831	0.00121586981204948	0.0209437158401708	0.372152821863476	0.721710673325721
100020515	0.609337931550577	0.482830536262195	0.227224781971794	0.954951221362453
327	0.19505013194494	0.270987204746588	0.331814827646123	0.913936098561789
100009394	0.738264156509899	0.847300089234729	0.266076196754281	0.967005695490928
100001596	0.744430139539371	0.212924037590734	0.24658348948533	0.760654555680425
207	0.820029541404503	0.55161051271844	0.285486562886642	0.916724883300599
2054	0.607988017724551	0.871075959708181	0.270459033404418	0.953918795861066
100020259	0.611973227188207	0.542921830718506	0.301761505328949	0.936000375478226
100020414	0.00106873572160242	0.0162953436199524	0.185884999582628	0.990536047099897
100021131	0.899255226644243	0.276398650487114	0.264504830065508	0.905392538916565
100004499	0.984645379739668	0.679971044424321	0.266078887840225	0.915383933459958
880	0.118968805260363	0.6283957079303	0.310823980616512	0.953483847832309
100002049	0.443248974920696	0.287740311820764	0.305507623806997	0.901877430568057
100001739	0.455448309535779	0.206861376987891	0.357266006989046	0.914320075919729
100001126	0.255578187518417	0.0957398031368583	0.167031894461578	0.830734912508134
1113	0.527002343437825	0.793828289531097	0.289931735249345	0.912854142182174
1083	0.92072794727715	0.295875361137528	0.302530498552348	0.844574477356382
100001730	0.0559806961313794	0.178024989371301	0.320435446649136	0.824410347359028
100001412	0.686035758196587	0.963667478624646	0.277166563844538	0.944463821210501
100005996	0.635401629068143	0.615668174667559	0.265894344346639	0.907059142614508
100015962	0.0105630102507434	0.0899502475906864	0.206708319977311	0.76763355517505
100020214	0.28626515729599	0.316770528866193	0.293483771124333	0.922436645940257
100002514	0.107225559751861	0.329298031585533	0.286517144130978	0.88251969924258
564	0.331497140985721	0.087052512492469	0.246786813716614	0.73893931586617
572	0.0131167601484346	0.0137526869158234	0.412241244166073	0.847092135085622
231	0.765072783361844	0.510919551696902	0.240120651579687	0.997716292056968
100000453	0.941934421601799	0.84477067927308	0.268949178999922	0.970098394630792
100001007	0.0725257122770178	0.207592394659523	0.332093962150407	0.827679823394555
923	0.652836879832242	0.327625569951874	0.261309747911545	0.997722669379979
100001247	0.510092237567739	0.603861825811025	0.261724038330462	0.926018756687141
100000774	0.609388602445188	0.798277656076093	0.294422439175791	0.971004140466543
800	0.41527750727829	0.377230320982451	0.289071090236942	0.995784364472873
100021678	0.344471838083415	0.519611160498409	0.239870256930677	0.939827123236234
100021711	0.502317931454093	0.846816503144786	0.288865566661908	0.954235052462699
100001274	0.579819806499518	0.335167472441028	0.262744541259573	0.759043288025837
100021220	0.166891449558609	0.156026704812523	0.342375138827997	0.734204430327766
100020253	0.378684407193504	0.893624175207943	0.272496603248002	0.957793028773084
100001170	0.663608592706073	0.173526469093339	0.253265511515077	0.853248125328886
100001466	0.300011934849654	0.937515236919528	0.278664844784189	0.945811096336627
100009406	0.801090194658013	0.713401061545612	0.265077039540645	0.96085090183901
1026	0.163537409779619	0.400552553202233	0.294425865816909	0.915747665111427
100020837	0.793293689079332	0.376375791998415	0.313698578410904	0.837250408254677
100001006	0.0393134127554067	0.0670218740776804	0.259356756798666	0.834163565635503
100003674	0.816808931017256	0.1482284316258	0.273189838850605	0.927742428771513
100004396	0.275280702503312	0.403065599844489	0.317315564240185	0.828456326560322
100015923	0.700230982108557	0.864438462207455	0.26888391229623	0.969502344709235
100000265	0.393223222133593	0.722519986138796	0.279770470203584	0.925018312814295
100001409	0.0524208183503188	0.098202175153269	0.269725421091987	0.784444829176304
100003434	0.508572447285441	0.480233346517532	0.28030598337968	0.859998867952102
100001334	0.59097993935261	0.0720296896149617	0.34398262377076	0.80620835574876
100001102	0.752757479925664	0.756389117119418	0.283840540990575	0.927308386343597
1268	0.561216654650052	0.0585926774646081	0.166757277734462	0.899477940338115
100001300	0.188884270779999	0.0759229993968095	0.239846512230376	0.983028677641056
100021324	0.306009196099904	0.71023486484848	0.355901589250829	0.928959896508947
100001617	0.0972199324299512	0.0817748576480075	0.266832297359338	0.996570271106783
1105	0.793087812243029	0.192791781075748	0.36213875910676	0.611960466042153
100021502	0.0625200011771426	0.289242900170848	0.265065167297303	0.988378402490155
2051	0.95421345199082	0.539550103501803	0.27486825753246	0.824646595844919
100001256	0.154947393831031	0.432343193294596	0.314766166357688	0.887210346218107
100005466	0.0494685215982964	0.0886071834074184	0.31274609989656	0.72649449826318
100002199	0.113565565760755	0.63769474034625	0.288117948858684	0.981352671313775
338	0.00974220866599951	0.0358105270522305	0.455202516864678	0.688812702446446
100004243	0.421378601874001	0.614397735026432	0.25677482215921	0.970091937452539
799	0.381702752575463	0.986913780032125	0.2936025823109	0.949053231996264
100008928	0.475383124928453	0.0781731660008673	0.274856797351978	0.964639751487641
815	0.1211333356984	0.307087915076798	0.276966172835815	0.988344458614177
100001456	0.00572587530648415	0.0805430511244136	0.264411512591333	0.863635346549898
1242	0.0373241679356858	0.055365442868673	0.338815043644223	0.751840832519103
100001416	0.26053520653743	0.119726382290563	0.191720559922547	0.649952287952958
100001462	0.429975379640898	0.445476765425211	0.316003305145573	0.911797795059766
1087	0.358008042885804	0.0802257574159142	0.286538218475969	0.851300000335904
100020421	0.0475199898871074	0.107494352839205	0.313313604925907	0.693389259229956
100000010	0.00223775546933819	0.0222729704274489	0.292550412686357	0.937417081831882
821	0.4157162263945	0.369942178877457	0.305992336408672	0.785358354561587
100006627	0.216658223670666	0.130308320833857	0.388693640024406	0.84778696892497
100001277	0.312638192496732	0.139782391406434	0.326868260271351	0.91034884765846
100021141	0.0531488526316302	0.212884769338698	0.30798881791401	0.954468719206202
100021105	0.086887965588387	0.325757583223983	0.289466402168424	0.789532107774421
100001950	0.000573772446625679	0.00881114427076476	0.351371447110468	0.903164042294653
100020217	0.766972817437598	0.285614511193504	0.193351099221098	0.755423444339111
100006651	0.0112677802049929	0.124709476383189	0.317719358700513	0.671005669552491
881	0.969764000249968	0.43946918829207	0.259592321108259	0.961889955786319
100001509	0.591753705469906	0.13603763371677	0.241111744890048	0.868073371303766
100021709	0.661367199185174	0.927221290564625	0.271695187042367	0.95153255639691
100001635	0.311008547234947	0.0315679356689831	0.301993853442165	0.869662343272179
100002613	0.478873059257464	0.120980557644801	0.255526680032314	0.964250677066825
100009329	0.717652529758794	0.680146957210588	0.246607099507973	0.937983198819482
100021123	0.683841539462722	0.551373345982616	0.286223951573763	0.843347967884327
100015760	0.284870349333014	0.166956551962945	0.227451095077819	0.971251157161392
100020205	0.272459236578604	0.394947203705691	0.324461358785646	0.742321752243519
100000765	0.646467336575884	0.602831415814414	0.269659867259991	0.913685670929825
100004111	0.212584184918093	0.191072244217601	0.301923922232421	0.981819552465575
100001615	0.148901029357767	0.891299278409953	0.274200575326688	0.944816042040993
100009227	0.226654409373536	0.104784996030494	0.38954034676523	0.90262513375225
100006191	0.323362588972703	0.559025826850411	0.301960042260233	0.894666626629903
100004542	0.451890583683914	0.317938972646508	0.291190348555106	0.995418629120837
100003686	0.28424635616362	0.121636328068736	0.388720764724228	0.883693970221201
100009232	0.0292128534566075	0.28045122258088	0.274171753688052	0.858902576092663
100001501	0.0518980625073957	0.0951112441774473	0.358679171878207	0.987212980809491
100002367	0.564174067433691	0.298627580138261	0.260964485819605	0.764107986637855
100001108	0.380286182260691	0.743187644672182	0.272030263901013	0.942971265692298
100004227	0.593736733848684	0.940404470096665	0.274561479820743	0.943945242478416
100001310	0.243255399937677	0.322149799614273	0.260063571763977	0.957861604682952
100001994	0.380881039379564	0.696932713305121	0.412763887960083	0.862125094428963
100015839	0.0158360673832308	0.0148089594626204	0.365165864745668	0.974671156269589
100003271	0.00327370176525704	0.0748819905703364	0.359876150480378	0.747255509272029
100020496	0.860204185779199	0.887080643384378	0.269940029248662	0.961051252694794
302	0.491410464767197	0.296784086330798	0.231028758380764	0.928313574315941
811	0.902741885746021	0.846201770717257	0.270912392346548	0.958676769113034
100001267	0.953440689731511	0.82099722708867	0.263579535089513	0.944361816723632
100001197	0.020033300999526	0.276730854422003	0.318126474708012	0.973123072010082
432	0.171305582064302	0.401976763740554	0.296330715897259	0.935019981046216
444	0.0190934897231402	0.0648923998621871	0.310503630065013	0.968616634378351
100015968	0.336380909861738	0.414358265208951	0.270275324259029	0.873045755633971
828	0.816930008176276	0.92695422456989	0.272079683579352	0.951244888785714
100004054	0.283776276815195	0.783788501005062	0.277196367173411	0.953259470736897
100004635	0.0603548195224416	0.126493454884018	0.647256837611884	0.651068140079758
100000491	0.418988823166557	0.661569621225123	0.268612135898997	0.86183074720932
100000939	0.031800434420033	0.0292662228498758	0.291120919107404	0.853804640986976
241	0.191836412499382	0.465946277682217	0.301109457657144	0.982045453929402
136	0.816511511240538	0.273053790251396	0.250451394161503	0.960889659370345
100000792	0.729742053539456	0.751135133093036	0.313013678999072	0.858702687891383
100020973	0.660197081874503	0.688195133020354	0.289157909384331	0.919061843978468
100000936	0.80251684279246	0.806864607517876	0.272855653509941	0.954773684094109
100001313	0.0128900625422957	0.179262270450244	0.289163187637158	0.976653510627119
100001951	0.0264111109080982	0.0809362054902507	0.309856552101561	0.999903343994015
100006098	0.0239672727001412	0.0895397765889193	0.309340977036473	0.949603319614185
100000007	0.357670008856157	0.672744672520625	0.280581328540876	0.936759719821779
100006641	0.813992615207352	0.804588878737446	0.302491622640423	0.955229519155218
913	0.0100568647919147	0.0661003941734828	0.339602102047619	0.807940681874851
100001579	0.768165910655923	0.413604649574533	0.303645542094211	0.955731198848881
100002911	0.134458510691242	0.0112861822706249	0.359597428137834	0.913279903985349
100001293	0.316775606543348	0.389594994681582	0.242553829203689	0.921575535396899
100002241	0.204181276786895	0.553111521467791	0.288185215632234	0.92009686359773
100003179	0.420665103048809	0.0625963935896827	0.262250630746987	0.731412338975579
100021372	0.264458359836809	0.234228282271335	0.203500694344906	0.986499248556987
100001956	0.307120088018538	0.560431562856679	0.276739677080697	0.858835589958159
100021162	0.197415923802133	0.199229722257441	0.261855116584454	0.758664181244933
100002259	0.379141426912705	0.657098762959198	0.255896258541074	0.939922755188903
252	0.388614147983917	0.598598014395672	0.315777231833203	0.889037178795233
100000707	0.40300042629026	0.325973270100282	0.270185393871941	0.969651433187428
1489	0.684078540445891	0.0250804042507268	0.20599550921559	0.9190480312723
100020361	0.0529392552764872	0.101137056513385	0.306163641449342	0.818016051045586
55	0.892709877398658	0.975952707183316	0.28441690467563	0.946967405897164
100000863	0.272368845910301	0.26439708714994	0.239599417621869	0.985002341307652
100015840	0.18421602119469	0.0923167117614584	0.370596078800813	0.886445478038573
100001541	0.12115731428005	0.0655046138458402	0.1822861478833	0.96085914888814
100006082	0.142661504258339	0.0459465423953279	0.364584323380622	0.944031040235243
1254	0.575611920985115	0.962580820650089	0.287501236261931	0.955261704704507
100001624	0.479333707187082	0.320441644824852	0.257160665283563	0.917868469288414
100015850	0.912417970283644	0.606719266827816	0.335374517180041	0.90976563642384
100001104	0.00402210270499855	0.0132313149585154	0.30891358795197	0.762470302729616
100000900	0.29046976537463	0.708615071300973	0.278710455236235	0.936211116405591
100000269	0.187818494291375	0.0677495338696034	0.162986313224481	0.901899250350357
1022	0.226266998107094	0.960988065885258	0.275045622624981	0.945467788751218
100005373	0.161123722238999	0.0476351079600189	0.240817289589665	0.992503298709
100001129	0.142235632261367	0.694526572790428	0.264969006991925	0.981828432691053
935	0.00839462398179955	0.117816577397594	0.359324435933474	0.814369420623384
100001262	0.255610410551082	0.253086564059823	0.285546869781682	0.938112301721843
100019978	0.231655172144117	0.715141046040493	0.270099107413959	0.928264134622917
100002293	0.791359300629196	0.847085064186499	0.276734339295656	0.948684203467135
100001426	0.132994668429997	0.253260336972084	0.277818038342946	0.777507030855203
234	0.0336595329096696	0.142758261628012	0.271922493461393	0.921399842205717
100005403	0.480837378503391	0.886517617768424	0.29522214036063	0.941967078229919
100001083	0.0503761407069523	0.35205026680367	0.298603232657594	0.967484789459031
439	0.678100786886699	0.272638293148652	0.297506922866628	0.942085871343577
100001086	0.395861114868232	0.409279592767159	0.288563056626039	0.972346619462384
100005864	0.76742532759543	0.443377550505331	0.251355407622089	0.982366532182041
491	0.489467664322224	0.889419044307109	0.273017512618933	0.952841113464373
100002029	0.230879487383786	0.219280926054773	0.25674529478142	0.747838091088859
100002154	0.724272224515631	0.439469270141709	0.239680660665312	0.932244767467588
891	0.504841924698718	0.210890467717722	0.307101140212587	0.913802016184701
100020261	0.322434873909026	0.400428200337067	0.334813607770623	0.929346689946862
100001296	0.495369112591165	0.524482357352808	0.27713119094776	0.831850533581053
2050	0.55142135102474	0.496435585497635	0.296542200214779	0.884960813407763
100002761	0.92272661870876	0.926503576545937	0.292281291231609	0.966899551804262
100006614	0.751657683355278	0.658455032790764	0.253350781491344	0.992375568514685
100001597	0.908734787621947	0.171884620982653	0.184957795251692	0.728706591616283
100020853	0.829343089665012	0.884119238306031	0.277326724604574	0.957500556303855
100001446	0.209158131714938	0.352031131454972	0.241317059199354	0.958035368060759
100003240	0.275638272155012	0.14605836429644	0.315585883635624	0.872163846400922
100001502	0.0426061626896691	0.280627650767788	0.324510547357609	0.976518139404592
100020866	0.0707293142467276	0.0106505523861176	0.16567718668484	0.763325869564049
100020419	0.0204188375102761	0.0934126591994964	0.298009531100341	0.67255904188394
35	0.356511614583094	0.254152297024843	0.245330295706826	0.924325800557473
100003696	0.0148963275918208	0.0550804829131832	0.402623814562909	0.875031146562895
100016038	0.96927443333467	0.890979251544136	0.270815930063106	0.932185068058405
100009333	0.248432628457677	0.183812169698864	0.274356503917543	0.958542417579934
100001611	0.164620187560338	0.32418689072158	0.359135687732125	0.921634732918413
100005383	0.679859818665066	0.285929874012011	0.283130729194205	0.993148493061982
100009239	0.249052629479287	0.136202022197627	0.344401649174901	0.756388945278825
100009332	0.378888212746301	0.257562325245975	0.274888076533847	0.893121929723029
100001731	0.139282703709514	0.649329365221276	0.281270038318039	0.926272095785956
100003415	0.275610866242875	0.380195826007835	0.266003393517451	0.99305510691087
100020578	0.124183198764075	0.225159395995397	0.258657164112111	0.843440971671362
893	0.767169512637245	0.527906467269601	0.271812821156553	0.954877701202063
100000963	0.25002666121032	0.227511662041971	0.354085341682042	0.741274769327467
273	0.178172766896469	0.33631110468287	0.318893796596789	0.933238062977066
197	0.396653976318731	0.502936225056767	0.267467790648675	0.84100010175519
100000808	0.409155663945535	0.286458814495691	0.260021697216578	0.922919828103828
100002284	0.888829409449086	0.331318938793761	0.171997360016942	0.8897176856137
888	0.926204255553634	0.0755583454851034	0.300477908508103	0.922854436968254
100006435	0.779482242756292	0.37135200238442	0.217327791761531	0.817007545507798
100006374	0.238043044928208	0.575038109155992	0.282570600435461	0.931758203496829
100003169	0.606576506596309	0.932566390124584	0.275577043294829	0.953439906997141
1004	0.493382509534968	0.778700192848099	0.260663781879619	0.930494165624246
100005998	0.0647283150787645	0.776984325385743	0.301951680260866	0.976140295841712
100000773	0.638944957098587	0.523371434968292	0.279481826046224	0.930741062129777
100010850	0.00912257819958924	0.0931419655944597	0.328137641896671	0.834933153367744
397	0.835882923920853	0.352273564111613	0.202940158272589	0.987645905476463
100000039	0.0706798000772418	0.245916179361384	0.224990600469841	0.982290128689726
100020833	0.459882055715219	0.992293664349806	0.274662864777946	0.95015558660663
1021	0.414257945851212	0.282273929933599	0.255872437205667	0.984211842434011
100020479	0.400691447940173	0.602158267988579	0.278154575259817	0.956558119987207
100001335	0.439444734065506	0.257592635989157	0.316874363601871	0.919249334587305
100000743	0.307057040166657	0.719704390288709	0.274131385070766	0.881842274009881
100009246	0.199440635347946	0.661046482913855	0.264838936972899	0.979334771772551
878	0.146521717226256	0.80711164678915	0.266782858452489	0.955695483041416
100021103	0.259860839932852	0.829601816066772	0.36106719403249	0.900238270939432
100021363	0.246265836948464	0.559399152107131	0.255100076566996	0.994714884801958
266	0.100928460560787	0.240065798417662	0.277158211541598	0.893912801955582
100001195	0.269509757770056	0.211657767393099	0.352406599127728	0.880479170723802
100019801	0.710986849522707	0.669693446919332	0.287530916203349	0.937611720935982
100002196	0.0311274564130943	0.288453475035468	0.28670849994065	0.983775051781677
100006370	0.233911052650394	0.927036787139786	0.270895559053935	0.954094897199944
100001510	0.0273729343364799	0.00272189666403126	0.229639183477959	0.940257188974839
100000437	0.528343568701134	0.467573048907811	0.261104816456217	0.96975029900429
100001767	0.171558266897602	0.0294284355127033	0.343318249877109	0.989621478484448
100001810	0.608884784000967	0.5820703758807	0.285515618439305	0.942947619521503
209	0.030522155939739	0.358434801662608	0.314116863300262	0.947391583724366
100001485	0.24756327729816	0.0895071936950399	0.164154815242152	0.858515816967757
100002500	0.111937651430384	0.44909817277939	0.278692041779927	0.921701798291806
171	0.0293338990524871	0.0297144111523391	0.206138453080941	0.964220673885667
100020487	0.86989334615061	0.860885876290856	0.291677955217093	0.907286991127615
1206	0.00618684436712999	0.107626896814907	0.277134991410769	0.974526534402932
344	0.0203278568752479	0.0308814039779919	0.562571135564654	0.985123975015628
100001405	0.400650339685503	0.745894481278201	0.286667308464562	0.919944438301613
1239	0.97705498514161	0.506590969693288	0.306672305222178	0.954795537856955
391	0.131691406502165	0.269636498557449	0.259820204166694	0.914527723745875
100006430	0.278876567995501	0.169270600949508	0.343647560321439	0.668078970419908
100001417	0.854260845986315	0.557645713714828	0.264524064153034	0.965264670666551
100002951	0.0208546867804458	0.359740381962875	0.269548363364726	0.862980181368301
100000014	0.455389252343176	0.550251023695551	0.267393564474904	0.991754247047403
100003926	0.477359284056887	0.425233882006171	0.299726946081358	0.939510952632822
100021538	0.459662768447557	0.354590285235026	0.322901809284413	0.851104977441982
132	0.301508666336792	0.908864233051214	0.275695034189885	0.949956361655488
100001425	0.472650445519679	0.496417601166493	0.347660481626707	0.883419842380578
100020262	0.571560527519386	0.629760238958108	0.296124011145916	0.938003183245737
100002679	0.464781064743569	0.744274717749089	0.262741466139765	0.999638348200167
100001270	0.834898190489035	0.514478764974904	0.281231473906222	0.930210350076588
1102	0.954560705522034	0.974136636025876	0.275522708406662	0.946033678157314
331	0.173208973676896	0.163251724444892	0.222004193459787	0.840982395058846
100006361	0.528561520044758	0.602808035817131	0.252791214318039	0.973593641586354
180	0.801250311899251	0.842378185963624	0.290564378444038	0.944751998971905
1053	0.362067883919374	0.445267924730742	0.416563508833419	0.984601620674237
100001359	0.542567295321076	0.909357462161157	0.28615207498202	0.930434320605052
