chemID	simpleLRM_Fstatistics	multiLRM(chem_sig)	multiLRM(sex_sig)	multiLRM(age_sig)
100021136	0.0229710015957195	0.222548517001354	0.267874009739368	0.868584093000945
100000882	0.884138181829616	0.639377044776646	0.249874358900843	0.735340291531641
409	0.0968223375337732	0.203580266096337	0.283141105180595	0.510289807407651
100002254	0.713040691309465	0.0454567012873799	0.162577381200691	0.737080902499133
361	0.00696563222716679	0.0954317955347743	0.16376149425092	0.749390073885825
100019975	0.666504255036562	0.5853943241523	0.238663450876729	0.795922170293055
100000257	0.00074793117638487	0.020728238268579	0.243412062640985	0.69170407754051
100001232	0.946224011189349	0.906359451647571	0.250017817311527	0.757098787941876
100001948	0.359742638857704	0.385983388367649	0.259762912036547	0.619413571816927
100001073	0.572549039014102	0.681302786160328	0.303290729373281	0.685679218385623
100015637	0.906414216734896	0.470033785867936	0.258038636328851	0.75479106199258
100006360	0.617294647339308	0.657960675996089	0.224496481794289	0.837857137436026
1488	0.500972897693283	0.581444764575676	0.241208209134752	0.740247343456795
100002253	0.85661412979702	0.951233473914519	0.239711377497855	0.770850833659227
1023	0.986983103943782	0.719311200989934	0.238296767808695	0.744847678205162
100004284	0.694748642610342	0.805409507103205	0.23526579117485	0.772100751164441
100001251	0.664692998096222	0.975845479178434	0.239742342206008	0.762743462403985
362	0.588064647216059	0.487599467760039	0.221499306310708	0.74235498352197
100006620	0.784715795530361	0.874996020821825	0.240256102174949	0.768534464466162
111	0.434542227754582	0.19494110983616	0.2087523671408	0.722087426901298
100009045	0.793116286960315	0.338961392058242	0.205844451949077	0.897550152390494
100002927	0.666833006188392	0.807205731089598	0.233052307875096	0.792589781037502
100015641	0.713718317938079	0.846693075477356	0.232440721618149	0.778890502451828
1114	0.112430527094611	0.932352519793404	0.237543074484512	0.767926127369366
100020409	0.396906641941479	0.415451684165251	0.245070511479046	0.632776312579045
158	0.134811835220367	0.268072666996076	0.307422243263209	0.792095219075378
1224	0.0455766331491142	0.178867149390107	0.178774500011175	0.819270310823005
100001620	0.506177471387892	0.394968055963214	0.209158143122309	0.762877834040378
100020893	0.244129382923651	0.056763301256316	0.214862253107233	0.47327746701407
100002458	0.811122389081697	0.538112306788715	0.277569824566124	0.703735644466433
100001112	0.839805213539314	0.972144212389582	0.239219663852416	0.761902471903018
100002953	0.469266959036168	0.871327469324595	0.238301325921803	0.770744070275006
1141	0.37324462467482	0.0583451135579998	0.310353367646409	0.582562939503039
100015834	0.570118470646854	0.931607446601947	0.239053699351243	0.760247902959492
100004561	0.596139954853021	0.881968133931687	0.242609073063758	0.760315889372066
100020497	0.704191945466645	0.800937031820819	0.231736905790914	0.781191134779476
498	0.0442294815096799	0.285973681696107	0.233623790923817	0.855271810696192
100006051	0.859648022407032	0.845415317124976	0.243135102407348	0.759794507635386
1668	0.702430673519821	0.507025326051524	0.234698461029775	0.699103494194509
100004523	0.411300526932992	0.871882310497722	0.24748264103727	0.747430325890798
100001604	0.292078854174047	0.543450720645809	0.240494528300504	0.79943478241784
100001002	0.199891599046539	0.57689245182248	0.251825647045832	0.748433728815542
100001987	0.0501892381081441	0.268518922160549	0.750204628453668	0.616780949679455
100002462	0.617970632031807	0.356478936476494	0.293662445227677	0.636528116520632
466	0.511716263864701	0.0597664126598972	0.259813383562587	0.747652874283043
100000665	0.846990327002171	0.472415728179322	0.271934379145467	0.704706040083565
445	0.9394158788538	0.428770781250356	0.266729101368633	0.81613242916425
2029	0.153028004926694	0.510843790401466	0.254944407318574	0.766908124634014
100006438	0.10367646875899	0.227931486354569	0.27941011466342	0.787223183613736
100001398	0.156627110483937	0.581837147923434	0.221235931347044	0.788868923512042
235	0.416172403170529	0.449579102530248	0.20986649437322	0.804343236297575
100000997	0.689578647588314	0.690365112178043	0.241805820452781	0.740069945161173
100002094	0.284402142991152	0.220504586562965	0.20460506465671	0.610840434862218
1052	0.512571523504068	0.805917312084942	0.229250107966949	0.815049841908378
100020823	0.189340133781371	0.375844283469048	0.205175423906582	0.76247462081884
100001806	0.247933458949495	0.59308211252269	0.28464450416745	0.778047965139363
100006092	0.817250160411932	0.906329246166058	0.243403955452676	0.755499907316807
100001415	0.0891446743684437	0.0702529761712796	0.236838580584017	0.467679129835192
100000008	0.0345555887621063	0.0678222089211399	0.265269796349094	0.593089901440408
565	0.00489966785814514	0.037296659640874	0.225989893151924	0.877856948466171
100015851	0.124172953150835	0.164910820452884	0.310552398215365	0.926559977542166
100001866	0.559881007559956	0.931612469661427	0.251336890775687	0.755065850155879
100020546	0.00171924934797279	0.0220512690560193	0.443788913621062	0.997330687410347
100016110	0.610180484767832	0.443886879279669	0.197934621295752	0.857810563627541
100001254	0.00232511661757285	0.00955585920514665	0.309213258334624	0.988685982026839
100006260	0.387160917171181	0.804672536396482	0.243828944902018	0.760588454983552
826	0.682449732756991	0.872954823142705	0.240321054825161	0.759161061376448
100001872	0.297316297416729	0.754712334925036	0.237190061424435	0.773607416274829
100000263	0.330248738345119	0.378419877720903	0.30079815110097	0.756061189946313
100021198	0.869078881903822	0.0709283111169702	0.1681937502143	0.45443238667815
100015967	0.0390687428950605	0.101260724984881	0.306084072873414	0.57159615384501
278	0.150104261017687	0.263629739397654	0.221987377549447	0.944157865028271
519	0.66981945954189	0.318087881086451	0.288894088380745	0.698543420033616
100009337	0.0878971985425324	0.300887717935856	0.33001529311403	0.755458000910161
100002185	0.433005501056006	0.832942008713043	0.232859067297473	0.74713203510578
100001278	0.36724901771189	0.267584235700628	0.298583293458739	0.714453423342661
100002103	0.807307079791829	0.642677433312747	0.241902801080307	0.712703895846413
980	0.772908525623319	0.447796702963615	0.267428084906231	0.74281131941169
100000016	0.828958915078686	0.424734709958154	0.236108657663413	0.737429007051364
100020372	0.169113282520019	0.473274277797985	0.236854524775817	0.697779557497406
100001662	0.759153818336675	0.141615831223414	0.0945792268665308	0.775523284810246
100019972	0.965059741657395	0.668224221943898	0.246865858407634	0.750299728472519
254	0.799267140205376	0.751291403014802	0.238452442386328	0.766228661081681
100002009	0.63857033783826	0.703576240509245	0.237721153249915	0.68486703955579
100010895	0.374546724719022	0.491374572217817	0.283547842673995	0.743463296490478
1140	0.950110766009781	0.948270626279206	0.238514767092086	0.758949274945003
100008951	0.76409478765158	0.591306384615699	0.261802602462249	0.717753279714247
1084	0.350647166342164	0.779212990191919	0.238771683910252	0.813077690954151
100002796	0.106872774942756	0.39644790993446	0.21117029817584	0.709843754067465
358	0.908203226077676	0.90952818634982	0.2373395430663	0.751248479309113
100002070	0.758668565383573	0.655054634795991	0.230203434776219	0.805119474308013
1628	0.418704244899203	0.155801448319453	0.299276833984255	0.735869774740012
823	0.651197493600892	0.500704823539112	0.204780420067697	0.83528323796315
100004414	0.450907327480572	0.0874201817186808	0.317552304392768	0.903142056300119
100006129	0.666055820968582	0.643372367280495	0.222452992765427	0.783147638950912
100002028	0.601168032846652	0.447552235096448	0.336521069811444	0.552921119939552
100021707	0.549774316498513	0.65390820507839	0.218861507878905	0.811723466362689
100000054	0.556674749731966	0.487631577314592	0.234313947695775	0.785357522741031
100010869	0.510397849864568	0.263312151697484	0.25169413014911	0.62956885465782
100004575	0.0259761434486611	0.0940089778412281	0.303566659008558	0.885234710498382
100001212	0.998989098050414	0.682217593827287	0.243246840714578	0.700914398367826
818	0.180660517603604	0.519834588215613	0.278680955193121	0.711408792610249
100001092	0.00106666196299486	0.0161922144453341	0.224108842774875	0.774258273960374
100020371	0.995720209749398	0.877827705735133	0.242865491423728	0.763026125776597
100004112	0.153715472315867	0.455771116493635	0.254137834782193	0.779595432934016
1125	0.450943033924687	0.356849469293211	0.265849697330124	0.802673691897796
100020491	0.965147086256453	0.615182824764099	0.213556551537442	0.772123031729736
100003151	0.00174201089781215	0.0205543010746071	0.365288513146844	0.647600940785214
100000011	0.310279404679264	0.140248422571756	0.171817690934692	0.885182518377528
100003594	0.366920921506514	0.891120064078912	0.248325614593803	0.77525280719305
806	0.827660834427476	0.181720674070325	0.245465143822625	0.5524541389066
100001211	0.882785756948508	0.523616039676369	0.248743400321979	0.74358050324455
100002417	0.589215597443382	0.609762252521892	0.232333629368945	0.72853376313516
100009335	0.525119787668767	0.197625979302501	0.191958194422588	0.793447674110337
100000781	0.722215035851177	0.97920455991032	0.239423654245441	0.762874823385764
803	0.0250066385446422	0.0311262325420843	0.222071956845541	0.646381393011467
50	0.566364815411143	0.724761121130835	0.248188117586371	0.742393123230355
796	0.438424047023443	0.0505851834073283	0.269809799718031	0.742290974890593
100005834	0.816541278026664	0.564073878486281	0.286712954766936	0.76414468143747
100001580	0.964155284948984	0.529871026149673	0.261294076842856	0.762610510482697
480	0.766796757678959	0.632003316387275	0.215679199815572	0.771911997980422
100001540	0.209817983802974	0.686397546939169	0.318837730524305	0.859312992728976
339	0.630811606376781	0.137394169803842	0.22346637633395	0.659637595678621
1110	0.82666572365612	0.889239764207517	0.242891442563909	0.743367550629495
100015836	0.144528995650966	0.167724191177963	0.356533043039396	0.957255137582489
100009271	0.525055357374309	0.50982258614141	0.271571664089495	0.741862982363497
100015638	0.94090454112739	0.463158464708936	0.25433778578693	0.739433372763979
100021667	0.899002612256075	0.469476488185172	0.27690063428623	0.742572902745314
100001279	0.528098217543338	0.346728120189644	0.255795881454715	0.9149734056806
100004208	0.0157262072924821	0.103594314478296	0.373282966571471	0.902859475718343
100003695	0.228034027678392	0.162648777917881	0.263123559555506	0.539961217575275
100000802	0.815695409199102	0.884695447953664	0.241392201983409	0.759744246752721
100002769	0.842930287631252	0.0998528539712218	0.168062366817361	0.893606333698919
100015835	0.0987340249122126	0.275076921827339	0.369163449157546	0.975926746959601
229	0.868491070475676	0.382142719557504	0.273176624433126	0.754789476904494
100001266	0.00464506058400874	0.0201643637513245	0.29624006539132	0.889261713568555
1342	0.290192778635057	0.335766948153553	0.202372608082844	0.786326080271957
100002102	0.824533191844029	0.542488557115536	0.272865182883854	0.868888310483417
100020254	0.185298012818073	0.600432328597348	0.234283857481508	0.789323363403188
1231	0.480887600176788	0.239549867990885	0.291925070221377	0.709352382054607
100020492	0.918205963805926	0.948798440956965	0.2393407861867	0.762557236698075
100001402	0.409623336868458	0.606755137247751	0.266734798400359	0.765457320310705
415	0.00383916418882435	0.0670381107625315	0.278267397183915	0.847735637706393
100003109	0.988848381621286	0.974236251261512	0.240390637723714	0.762818103376951
275	0.488969271394216	0.890285469938642	0.246596489596511	0.753401764305975
1143	0.151401257482489	0.0700722342327982	0.213084745248247	0.876870581205052
279	0.358623870513893	0.338122937672513	0.237891327186693	0.625107450301226
100001198	0.827682883418782	0.952287196790202	0.247219684729352	0.760464150094216
1648	0.437971618424132	0.999470235755081	0.240305608862868	0.763426338617253
100001590	0.371587401850822	0.289851914237823	0.235300345746576	0.667087377304321
100001733	0.427400409459022	0.882903277676672	0.237719092063566	0.774316118501916
100008933	0.0146925606503452	0.00227815010220804	0.33509205213732	0.721359604317334
100001550	0.328497617821214	0.528886346047331	0.227877967980492	0.710303067877381
1215	0.0404147837056348	0.16908372593065	0.18395129027789	0.738590554279606
100002356	0.233326006918682	0.0990692312247012	0.28887939501143	0.7808250721835
100002749	0.637793054278487	0.712806316600767	0.241917495044842	0.776046705118718
100006379	0.105476952646443	0.132038008444134	0.271506812254227	0.49048148592887
100015966	0.0888999862696132	0.173432622128616	0.267723879292323	0.576854770314774
100001392	0.706544027606471	0.921454653626446	0.241330327826298	0.762393418471047
100020425	0.140596092317068	0.0554098387201102	0.204687721540586	0.504051533384237
100004299	0.283334285972068	0.755775315456367	0.256760730038704	0.824942565597952
100001734	0.624713014131345	0.554805910047121	0.254990421131163	0.699043265439109
1002	0.863468552812256	0.794529622603753	0.241022075782803	0.762143651872935
100001337	0.313887103840102	0.796832909596016	0.227820064015102	0.76586309620904
100001452	0.74269603391487	0.838289011250516	0.239118754417048	0.74264829003422
314	0.509848995351457	0.380181742199071	0.248444923769857	0.785240128210197
100009264	0.946122687488023	0.453314739121153	0.174443035002575	0.926766624705801
100004634	0.443171725337033	0.493554222785297	0.213771011233232	0.78325204921485
100000711	0.699170899123171	0.67090136292282	0.269004185021827	0.791096717973426
100020536	0.0171779655238667	0.084011016150626	0.292954977484128	0.889092862141148
100004318	0.294986779172675	0.568411549343042	0.245324015113715	0.762106641434373
100005850	0.752669847616005	0.419986678798341	0.309468985193643	0.710990673643719
100006619	0.236085430079309	0.126310816000453	0.263898830610366	0.772719869758389
356	0.49773520047988	0.653407199413695	0.230606775983092	0.779807428759471
1221	0.494730383309707	0.514190205959566	0.32235354867013	0.816073048281981
100001397	0.667582714536809	0.701751115687418	0.236786045151968	0.758360997482695
100019981	0.80612669485402	0.92022223623793	0.238545990421248	0.755699098047822
100001208	0.510963163835008	0.279629917202948	0.215026073767251	0.980308627070952
503	0.00769073485104053	0.00777846231464295	0.132161520782724	0.61046118366485
100006375	0.118567973133565	0.57055031865628	0.263075467019815	0.742148731329305
100001295	0.707984101103364	0.596643250515121	0.231843385092764	0.862659103125527
100020427	0.054455902516508	0.0290451565126898	0.234359732264561	0.442514529171201
100002784	0.529604987594099	0.382040307212204	0.204089221666563	0.831560247671046
917	0.0323437625703378	0.156250344291302	0.2562224930631	0.725529421776541
1869	0.40543206537684	0.226648311015028	0.263135918565876	0.637684630670623
240	0.190864510587832	0.0885981707543728	0.13557752078064	0.563585612368834
798	0.00252588317532597	0.0722670736535723	0.35550726073909	0.713612927140145
100002952	0.295945467497002	0.43379030732888	0.237345568703503	0.86212746387881
98	0.637309255774636	0.839610810814692	0.254376063772827	0.768803842369615
100008998	0.270967013265287	0.302438784527918	0.181018449570346	0.851084829880805
477	0.940869391916168	0.274083223996385	0.243118775951117	0.763084464742899
100020545	0.0652037060291979	0.114094617022529	0.269882010204691	0.97085445222911
100021666	0.944407282295274	0.217149945568976	0.273455809966422	0.761149790477862
1256	0.508955405060464	0.679097498135052	0.284154789052101	0.802527289098179
533	0.314359872857537	0.0746976953560238	0.167270518800494	0.495137379467711
100001757	0.425355981025293	0.904818000310217	0.247018931022639	0.758567799796564
1024	0.285231468700227	0.0723970593975721	0.149053308616152	0.733992864187917
267	0.550757632861947	0.959599469078131	0.241347354780403	0.762346417511169
100002113	0.070660892875575	0.0688645561865603	0.217544844486872	0.823340451944363
100001756	0.888137173466792	0.760887555387258	0.249610019173878	0.781129784678521
100001193	0.453158234188488	0.191823219536328	0.303111730978034	0.704610247752773
100001668	0.745686547050303	0.988899737385756	0.241276941303575	0.763109299034809
1124	0.362602650211258	0.322889871762149	0.213628020246749	0.852781519822081
100021331	0.140857767451731	0.282128655721992	0.216375622644392	0.825438831869947
1090	0.0468788331965557	0.0342830182645645	0.216405000808013	0.944410763144944
566	0.771931923728402	0.36455826229951	0.184061084528271	0.763477438098529
100003119	0.470568565166653	0.292910618399879	0.270131796064248	0.6959202066062
100006367	0.721092850305808	0.539179657239821	0.249006628233233	0.742307647437643
100004322	0.201278626967953	0.231104983916483	0.2439851102888	0.860877054711736
100001034	0.672607953262749	0.833781976796526	0.237386960620506	0.754864018025156
112	0.914447439802066	0.943983261088325	0.241249356976814	0.757663009958749
507	0.622815166720253	0.74451407453842	0.236367523953894	0.778440285708084
100009233	0.297959764737128	0.18541208494876	0.217485813607001	0.789655629938131
100000406	0.0168100053179143	0.148950887342446	0.388739640432019	0.563212430283418
100004046	0.32488930035535	0.416882372242201	0.159575188974405	0.692223523994124
1025	0.821928518271421	0.726723926172044	0.232232675637895	0.779841747191007
100001106	0.129285555412497	0.147332708486089	0.183315908725468	0.830513570420627
1128	0.0240437122823859	0.552183843908583	0.266971450245587	0.822190699470622
561	0.0229445259664327	0.114670211711832	0.139613947446781	0.704174815421342
100001614	0.835688333592626	0.363371723604596	0.252346358524798	0.73898197046871
100000961	0.733102984391316	0.92178551359713	0.27351582275795	0.753439309877648
100002397	0.930846150083542	0.65218069498544	0.241811881942156	0.698594865729827
100009407	0.963678488567402	0.949623118553103	0.245547291765167	0.759729349337013
100002910	0.961974503079247	0.540991779753979	0.214859387044634	0.682989224837413
100005946	0.28183411927462	0.368595642238005	0.278637494866432	0.857545942619354
100019794	0.079495820966276	0.249082937502131	0.235679568538514	0.952716035404251
100015759	0.315267270818881	0.100214848153037	0.200433565490906	0.774765663879659
100020417	0.809793433763254	0.670659075783606	0.233090889964377	0.735421076954453
100001054	0.726443854907959	0.96262724709936	0.242731824610265	0.763900067216549
100001437	0.321765308521273	0.321769070997708	0.199598773209676	0.683055632775246
504	0.201614896113558	0.65275017344234	0.289138419760222	0.779742968883269
100001988	0.480970048227551	0.647209585417306	0.234183720780092	0.920142270253977
1082	0.0258385396558226	0.572386730929963	0.270176345185178	0.799498553415027
100001403	0.289104602033362	0.330388938704456	0.265874600265005	0.75059766745521
100001664	0.997991417891566	0.546060405415399	0.228991072339547	0.931875752397338
461	0.311883724499376	0.249725131096759	0.391903565906643	0.725665380266102
100000463	0.663530209937291	0.977381831074637	0.246410871386122	0.763671369859801
100020208	0.461862218766398	0.448060417120733	0.274321421296678	0.625632509237112
381	0.533359132454747	0.064755179558172	0.103583395796188	0.585849207743892
100010901	0.0626113555791373	0.0621286140440608	0.229289752613413	0.91455475389615
100001468	0.262728554954938	0.960607482623911	0.239287699455225	0.777604790117221
100000840	0.92372327158957	0.761394030642913	0.224781226383319	0.796364179491564
100020014	0.242737745315671	0.589785563293663	0.234422233577789	0.780828004034198
100001993	0.827448195108375	0.605475816089024	0.200628254900364	0.915462043985554
100001051	0.106702437456665	0.0223766120635345	0.274567073499278	0.415577265628516
100006116	0.3653716239475	0.50176398248936	0.24346716318619	0.767129331443736
1108	0.983354193396786	0.933269642942643	0.238958238132503	0.771949443636502
100019966	0.315274126368693	0.112904061900785	0.29182336857322	0.732561697564305
100001743	0.394095431664788	0.296307970667191	0.212879097646036	0.782673531675663
100001294	0.126564722391798	0.184788079279122	0.168862929743853	0.824313507817647
100001609	0.280354437935798	0.11902308678895	0.227955524291253	0.852120116058898
418	0.799953704281447	0.948408029333045	0.240540465659063	0.772070872620045
100001178	0.328170456509037	0.956728489986807	0.241353829629775	0.759610279627156
189	0.94351292231765	0.69796542834594	0.221365675028136	0.72966728583502
563	0.447342072367903	0.87250287375233	0.251243629201335	0.752430322322661
424	0.589720849690501	0.448893147286816	0.2693667525303	0.745299450205836
100000776	0.135980335478993	0.324808889031778	0.277267863327813	0.765473126768769
1001	0.920875399260419	0.4424733239537	0.24390404231637	0.77342069563539
1135	0.345354703032036	0.103733904271831	0.233344379385538	0.818329091572425
100021093	0.319035137225443	0.467607043046543	0.280141400356501	0.793622598574319
100020219	0.114711928771877	0.221109463801958	0.250800721658135	0.65026511075177
194	0.476004675775251	0.86251066960586	0.246360969786638	0.740022256809054
100008930	0.683898990608839	0.612093317051199	0.262528095681904	0.74349968735073
340	0.645149562919192	0.226615703061968	0.146219046543967	0.846754571397257
100010896	0.89269989000964	0.779839539653277	0.229459027516101	0.770267165269961
100000787	0.219098179212549	0.114282811743087	0.238891998309235	0.455203470164387
100000639	0.0244235013583877	0.201464132497364	0.208528194704529	0.786756581195136
100001851	0.934143386316199	0.241931805051606	0.267898408076651	0.518219414552889
179	0.579784807672015	0.612159003960986	0.234923899841095	0.779721392184218
100000626	0.337664803595785	0.725807731264003	0.248725597009804	0.770554640598854
100001605	0.00740983920995227	0.0673873873525864	0.311366326342004	0.882450581676977
330	0.297362552928243	0.490281937079657	0.270453474849766	0.634403349742018
100001162	0.733056257698118	0.618806340048019	0.217143238241497	0.731845773598373
100001167	0.0247063889726951	0.175898162747166	0.224539856524623	0.768387573628881
100002067	0.522704865815787	0.785981475591976	0.314163842388952	0.696953093377392
100019968	0.695231672661497	0.395082617944181	0.270529530658317	0.693422012865164
100002014	0.965800532547756	0.96456585722717	0.239519780297922	0.791681308392835
100004083	0.382325498690579	0.124685847577486	0.266332690179427	0.624962635011052
100001315	0.372611092508744	0.448751658990926	0.256971856238773	0.816369543942324
535	0.242395590898745	0.559201690736755	0.261338549322274	0.754620937617386
93	0.435010992692828	0.276761474905396	0.277892734288449	0.591430763786528
100001989	0.290216129697469	0.517842194656617	0.209509565006374	0.835893546408016
100001740	0.726060118271136	0.39176949540865	0.215843464126499	0.788782854728527
482	0.198963699995148	0.939365100880603	0.240448225762542	0.757403820197208
1629	0.294497208282332	0.454797058672413	0.291562161381436	0.733996087520267
100001399	0.314807655646758	0.301255748535084	0.243265429346998	0.794993276453482
376	0.868252085126868	0.167283113654954	0.147808343660277	0.870009274649965
342	0.648435413546854	0.557691770167513	0.237059881823766	0.76558390355201
100001253	0.0214257396778041	0.150214239580029	0.193013320662168	0.987066535327108
100000708	0.627707197018866	0.796926549370499	0.256305084836251	0.77025145586897
244	0.208371427359825	0.0548530427306956	0.19945873432489	0.880929590480835
100006726	0.416699272936988	0.29016649762952	0.285322585640404	0.746725958221754
100000036	0.138696041732448	0.707782856522507	0.227183636412871	0.79362098099881
100001257	0.0184673705997584	0.0733059576994349	0.330022452467759	0.933419002784196
100000445	0.579780922945434	0.669926667386612	0.264211189986455	0.72032251705247
100004088	0.00466581425582023	0.125278687396075	0.27978168864979	0.841501026818973
100001423	0.990908113040231	0.791416912586903	0.242953627390136	0.739854351198231
100001276	0.342362560755502	0.265883881180629	0.215382519906729	0.676304324673255
100001876	0.719424558255732	0.911191784479588	0.238069073629396	0.764910108897932
100009082	0.598649477514007	0.0351206901118341	0.101180723702211	0.749407362744871
100001121	0.361938535555273	0.739621744905853	0.236495882624309	0.759064092126602
117	0.312432280198995	0.613729700734063	0.223596628010713	0.787766901233125
100001868	0.0340970511827656	0.109226818828923	0.286741508446418	0.775975362022998
1134	0.563504110137113	0.225873544332715	0.14249624216275	0.751724510253688
100021012	0.217223207935823	0.436884934998605	0.244927955476596	0.798751644250848
100001181	0.758621028778267	0.266805820663514	0.303353405489387	0.688224557661141
100021467	0.764877932953373	0.314648530282385	0.246118642019932	0.666892744516051
100000447	0.253563526021378	0.266143960309856	0.281773943376386	0.721728586562023
1162	0.000432000878712227	0.0124206655021726	0.312929024733259	0.672457296020678
100019982	0.497059689410181	0.466374976234481	0.251459362385868	0.745328188071723
100001613	0.916246254891331	0.414758517704145	0.252436583478394	0.732427386843418
100006644	0.390433069555483	0.607720570226454	0.22253141789903	0.794411025771759
100000096	0.543738980891304	0.0251246938500662	0.148795519955074	0.74465901214089
926	0.597143739921717	0.585885528032243	0.245705510776977	0.772501679358805
100020004	0.913335874550026	0.675778212513438	0.252072870771307	0.766455649156144
363	0.19852052248636	0.0553689049241333	0.228648287223513	0.321026258165325
1111	0.518481221659001	0.892597522362129	0.251768687307291	0.741708353895933
100021712	0.553215220223105	0.930520483392083	0.240133894447782	0.758151134566601
460	0.727576256655824	0.618963637522376	0.249772942750745	0.819298099831848
100009331	0.32157911826733	0.200928389494197	0.212664597775329	0.8002162175675
100000442	0.214574512631252	0.65952803467836	0.26135095994772	0.788319018987806
100002945	0.0776583811215945	0.0158062052696975	0.315251202637528	0.726940107059821
192	0.908038233596524	0.874813824463953	0.238729637805338	0.800103429167412
100020241	0.429093455107448	0.998072204538658	0.239911622509097	0.763447393193766
100000580	0.109686436235517	0.112298410573585	0.190624680588936	0.955809666121673
100002466	0.00635871052637555	0.024364928367001	0.191317905454306	0.517239999946712
849	0.711963014418163	0.604049024704111	0.245102345510863	0.711406100997464
501	0.532955139301787	0.40832033572647	0.269659799904574	0.716280988751467
100000282	0.692981678739892	0.148210926182282	0.310985677766897	0.651964438602658
100001577	0.0229573528741508	0.15570613261126	0.337235806671725	0.843508673109568
355	0.051077464215885	0.211621152992394	0.182732602807529	0.658769425823793
100000841	0.655958512160275	0.868863013363138	0.238700300847582	0.799749716355077
100000846	0.830481703559635	0.35038167520894	0.231284324083629	0.757597813478035
100004295	0.932062777946764	0.421198737901111	0.223616805781944	0.70888878594695
100001586	0.0938070910827051	0.0487251957796888	0.347810545078565	0.406041542537316
407	0.00808620921720044	0.0248288604494642	0.257786034213168	0.87230149674511
1137	0.870503251497736	0.724352661754828	0.231211833184226	0.802182089181039
100021374	0.0310482238272677	0.0121827261259373	0.172928273461031	0.799596869311666
100001593	0.641475298273939	0.89830817819314	0.239160730583681	0.767485653511026
100015971	0.706441552524321	0.719952894155093	0.23275592627287	0.764563616754419
100001022	0.266657395193331	0.121057715702798	0.125222429857817	0.887027208929609
1094	0.0807676845704251	0.278573205812888	0.382351850820359	0.960401717817079
100002122	0.219126166220232	0.207302628674704	0.188754454070258	0.890673900772485
100000706	0.569458228274243	0.614230149424381	0.211180450833918	0.764655102717341
100001055	0.737550314222645	0.434949382431933	0.220398135071139	0.699520700554826
1235	0.387295330452582	0.623028126319848	0.221250829152529	0.814863370209699
100020204	0.111502434258915	0.578216140523524	0.261421410586225	0.799652279526605
100015643	0.0127941243176675	0.220870669130751	0.253475639571159	0.735791072231723
313	0.0103116950211379	0.213840132129581	0.24491252484327	0.71240019906804
100001413	0.597695928363847	0.921184142813003	0.24924918335701	0.778133094244907
100020423	0.0218986076131269	0.0182994970905385	0.271447418586878	0.414218153844135
892	0.427097048180425	0.137369768161743	0.262121490750556	0.801027754024201
212	0.0710840269175164	0.139611055937897	0.326036029382061	0.732388281029547
100006105	0.184289351183701	0.180196882408795	0.276326824276449	0.778764438004061
437	0.77810700704661	0.573660617526417	0.222253194381904	0.780595895668112
100019892	0.434766186759873	0.784873968185824	0.239372160723179	0.785663229016693
100005716	0.0886725077671885	0.112044932276813	0.26533376233498	0.837266841633101
537	0.204937165350396	0.11819677316164	0.246446074520261	0.797028777353584
100001990	0.276111371330164	0.619877289290688	0.276541910007694	0.714270999594254
100003397	0.0395522700368455	0.0043732633256635	0.195500218304985	0.487024065453717
100001320	0.114126504344228	0.228112314113073	0.312558801689597	0.51131186841197
100005717	0.141004789360329	0.0943014607342251	0.284991794039684	0.79358805148608
100001207	0.0297165260602945	0.18242738304689	0.274164155290875	0.776603923218425
100001999	0.562198418633856	0.814572499395394	0.23227278231585	0.855121673742324
100002488	0.245831338780621	0.0211791565296542	0.294832676682691	0.690523146943422
62	0.23948237834474	0.718340761504729	0.234503020247611	0.767078864279441
100000467	0.634115815173635	0.470438908093165	0.232163725120277	0.733597615997148
297	0.00269131331598688	0.105747978000154	0.232870617915801	0.756816835322023
100000285	0.027122138055607	0.573450189829519	0.259171026255305	0.830063826621867
100006056	0.0490841327100638	0.33314205283192	0.250667533108435	0.823089419586234
100002126	0.142271993438735	0.255046243670593	0.183877175516785	0.911897743753468
100002129	0.725546743835872	0.80550081604906	0.231668346762653	0.855053458546384
100020478	0.0409403763563436	0.232331774906223	0.219194705706374	0.787754116567065
100004089	0.070156931036671	0.584125965651985	0.256338427132426	0.721681941094987
100001755	0.66675039003173	0.482697687076613	0.232888082613593	0.720269046843139
100000551	0.0190186564482433	0.907044889573125	0.251093241023888	0.756713287727329
100003260	0.491255221324215	0.322842161087542	0.272065981198572	0.840942915285225
100010955	0.786885628931757	0.358206641383604	0.184830660533936	0.646951114443802
100020851	0.183048583667671	0.419666857554504	0.258448003426616	0.796314045472677
100016069	0.611352250224281	0.772374507701246	0.24358421543999	0.750645489475096
100002027	0.450022637185372	0.546955354773209	0.189105716810986	0.876397556707474
1123	0.342220384560658	0.179221289602478	0.222063113232252	0.922778793702239
100001150	0.749562276521736	0.972008487162787	0.242592518732513	0.765129036529361
100001657	0.18622194532007	0.85845501469535	0.242322355982323	0.753116455042571
310	0.242557686959848	0.327028772506683	0.206794584030049	0.880933269954533
100001314	0.334684820775885	0.126504295322105	0.22484207568766	0.639676042979185
452	0.668656815066907	0.621352125529246	0.274385071248615	0.732766987130785
144	0.0623665747185223	0.0504591707211518	0.285689577049638	0.641362137884725
100001182	0.192243829261137	0.148903778583703	0.297727004983159	0.750572994056055
100015965	0.713851179282236	0.45023585212767	0.227375938122566	0.842523494288712
100006108	0.965051972694975	0.503384205438329	0.24866120804043	0.799240096970901
100001400	0.673910329411683	0.613662271174186	0.225180457561095	0.756654468355217
100004541	0.302772646219653	0.218881961403667	0.239065297718863	0.498467794731718
932	0.846765578161095	0.333779134180733	0.245709805381865	0.798114014553586
100001992	0.378669920355993	0.533757166612372	0.349921258749815	0.653613650779878
100009252	0.140042195539407	0.197401668495324	0.296587932407485	0.737926057588407
100021104	0.671568766812265	0.556192743052838	0.196219678199689	0.901015693932414
100015838	0.0114543036997064	0.0441998749221164	0.357063118692356	0.993616850321604
250	0.000715264248902089	0.0201683168927518	0.451042786703444	0.883592152389733
100002537	0.954050321798275	0.467439888728962	0.21710894364684	0.892566762123051
100001658	0.847389982189698	0.731645524773164	0.260222068249523	0.751234564530113
100020416	0.347543400114155	0.378079352618461	0.217335269034058	0.726185623962184
100006642	0.202403863732582	0.65783614575388	0.224787661601238	0.80183609600178
100001391	0.111575606880855	0.350423980479426	0.314128530460334	0.86881403807104
825	0.615605020053205	0.615909021479525	0.211165304780777	0.776937246974009
215	0.00607323059167999	0.0653537086849699	0.272371237862206	0.796725876747644
100001026	0.953443418747913	0.828230160132143	0.235964104086248	0.813061988824514
100020541	0.461322309831465	0.46861227892453	0.211179800398582	0.799548290543149
100001526	0.224338774516986	0.2862712675218	0.373096406698099	0.873457838253484
100005384	0.41561540755034	0.345977861578853	0.217053142292389	0.679051832130238
100020378	0.300096948973058	0.627009142434586	0.226723001475042	0.77510302540837
100006115	0.963388484556181	0.430836113374039	0.316975675163264	0.65079157796262
1442	0.233779581739575	0.0486108921386375	0.102300614965119	0.641870339198416
100001843	0.122945117191414	0.181958165762341	0.257678355489037	0.871334342207012
100015837	0.125644625830816	0.253961152946149	0.439625875620852	0.709377322663264
100010834	0.738678006157741	0.991644203092688	0.240137232599396	0.763915359709339
100001393	0.586282908445142	0.428227317263246	0.190228097935561	0.808498392350708
100000015	0.291006087228437	0.598371407071653	0.225657863533028	0.782310173518083
100003892	0.0507907291972134	0.0520047456982418	0.208537197365291	0.971974102987584
100000042	0.161081695409489	0.0197934372857562	0.258948480330409	0.662543484146725
100020550	0.409304108704443	0.16176895950826	0.249203015635282	0.667084713315079
182	0.447955450495158	0.348613037707099	0.233265838328336	0.782714465530613
100015723	0.0945687981676768	0.388244450466654	0.236939994976075	0.760546536619282
100020343	0.404252763288315	0.478839591368388	0.217117322617411	0.765127872582654
512	0.244495634790744	0.581848871274782	0.262316881687816	0.7425116756052
100021100	0.818640856275011	0.75243538452042	0.232463351877479	0.76613584504323
100002528	0.303371468279245	0.0688548210750785	0.290727144588213	0.530401384494231
100001287	0.4180229178623	0.759276160918745	0.329098383018819	0.70745710036738
100001229	0.734853031811813	0.885228504916911	0.2488879180591	0.752266814374982
181	0.416243819013958	0.87729452524249	0.237175771292231	0.781651928083708
100015831	0.00124713954346308	0.0189274176819798	0.326325581030898	0.545518128505748
100020515	0.343200517538433	0.462876828501891	0.194869685111972	0.921157603189274
327	0.173752669930776	0.246761508911612	0.291385298249722	0.728195827943024
100009394	0.74838468913318	0.802808342534807	0.230430835275916	0.785243764471511
100001596	0.894262969820595	0.246264464216351	0.217311718122804	0.590019783303168
207	0.749094795104404	0.4485604464659	0.249583733150795	0.72598977769457
2054	0.479983809341681	0.751854643901094	0.229768142301875	0.784183937982954
100020259	0.605403174646384	0.532683931795134	0.26477834506571	0.748398160179256
100020414	0.00272085831874622	0.0342023368379514	0.167069824195878	0.744782468596954
100021131	0.998047929723159	0.210530251290788	0.222933625361613	0.727295089113507
100004499	0.801388699214837	0.766343725997131	0.235746244253116	0.736358452385506
880	0.166628188069256	0.7920518081274	0.25989478379508	0.761082793929812
100002049	0.53592973657708	0.330135127334079	0.268902356341939	0.70961904336896
100001739	0.561305512699706	0.261156362863169	0.311471834824069	0.717279480551022
100001126	0.486108184423865	0.15951623872209	0.163293407405665	0.622528972858375
1113	0.601698761990326	0.812020340456951	0.253112047959455	0.733216569185606
1083	0.855738719490206	0.276854450214496	0.258723529342358	0.676377589926734
100001730	0.0830910766386647	0.200200479975537	0.282739685039806	0.634134394019043
100001412	0.655616334452517	0.986195506157955	0.241816581056454	0.763280359214682
100005996	0.764568431923364	0.557669496662179	0.230296953330846	0.732945244913246
100015962	0.00491756728147076	0.0628203088313374	0.161589021295157	0.862636002969113
100020214	0.713108416178335	0.442995824807184	0.256469626469239	0.682182069048205
100002514	0.121650576625743	0.340075661703724	0.25146472115883	0.698710556659957
564	0.153682537252644	0.0437971288445172	0.202132232952283	0.645579186993237
572	0.0268732841537634	0.0228343508134633	0.366171606417851	0.612713314389935
231	0.967405803562062	0.64140872735346	0.218576164246256	0.784188143224942
100000453	0.868636901441028	0.715506178807053	0.229004550358725	0.803291984087342
100001007	0.127261546664311	0.265402811325713	0.291931493863627	0.635233200150933
923	0.545851991315272	0.295881255381635	0.222287948988254	0.835801727283938
100001247	0.443255131106386	0.533640442737346	0.226182289829746	0.74709514191841
100000774	0.53109197027567	0.828940971032123	0.256011217084119	0.785517442258132
800	0.419887295186117	0.396694790915049	0.255948198327626	0.81314316588314
100021678	0.261971277375446	0.371337023432014	0.195157929255765	0.768966205369197
100021711	0.417224213418584	0.816566596551631	0.255099009039097	0.774106397509332
100001274	0.7576145827715	0.406964982148833	0.230887004502107	0.605110900200184
100021220	0.116189452911892	0.140823405459284	0.296603153891512	0.883337462972935
100020253	0.41059020114759	0.967068675452497	0.239509441221923	0.766407903594835
100001170	0.725032933664769	0.163404408000717	0.219632978462388	0.65959635292766
100001466	0.27652059390385	0.87989340111633	0.247056480805335	0.758478425904323
100009406	0.732040742357845	0.66857190993706	0.230283750072436	0.781617358075928
1026	0.111078506057723	0.384032067089025	0.249680045085313	0.744462880965109
100020837	0.693510747522453	0.433699162495884	0.275568305994522	0.666834388841905
100001006	0.072143077364706	0.079390939852753	0.229466808318225	0.893929579338359
100003674	0.772485638457978	0.132549317069248	0.239821971580309	0.750377050130478
100004396	0.315365385321445	0.420541209601964	0.279133886030293	0.652354476152351
100015923	0.572694105945823	0.997084616861855	0.251823882087922	0.764844964890405
100000265	0.43584249599867	0.704902421101697	0.244659789394299	0.736185631651579
100001409	0.0790220847216856	0.117632863672456	0.235250890318892	0.599224561870999
100003434	0.361446316403449	0.575427203711427	0.248142898659379	0.688285137794826
100001334	0.581409218672966	0.0648972972009883	0.307070694632989	0.627766705657878
100001102	0.746700737671783	0.742768746940676	0.249023476024166	0.742104385189838
1268	0.64085822497202	0.0686958971574233	0.147919210871745	0.71366436232259
100001300	0.261229701019284	0.0974858461950917	0.215536314031979	0.759163500521331
100021324	0.206151536728629	0.665139287346202	0.322002224697085	0.75501811074115
100001617	0.112281118658351	0.103981181065207	0.233526311801633	0.806734624573544
1105	0.998683678577111	0.200426681661229	0.332320640445715	0.447991244075785
100021502	0.0804542043424586	0.302689786470657	0.236615470571083	0.782359765959055
2051	0.836742442109715	0.60278623931429	0.241414736569412	0.661748238266482
100001256	0.125519230155583	0.443558647660664	0.272423013725522	0.926842570581113
100005466	0.0211520477923228	0.0509783781117367	0.253710557535311	0.557707638584185
100002199	0.196976620744977	0.908612958155826	0.246683756659388	0.767594220145322
338	0.0215732772261169	0.0617304428545492	0.411102808382762	0.500574274061982
100004243	0.49144842985846	0.581067388461247	0.223957402260688	0.773691998689187
799	0.455581612781391	0.925616641605854	0.247621200163288	0.762206083519935
100008928	0.575003811785235	0.0964187591132897	0.242507296751346	0.749345547760259
815	0.0854114642156095	0.247407838450322	0.242633000515181	0.844241529663186
100001456	0.00466667284127091	0.0638030436086168	0.226166847636706	0.688665176879993
1242	0.0656100712500922	0.0819757829197055	0.287331008155183	0.565594013106192
100001416	0.288513850925265	0.111550079668759	0.165313955210688	0.496689872311419
100001462	0.380797516397689	0.346594286320277	0.288099910197133	0.72039000443485
1087	0.204316856161788	0.0414459653114823	0.255428403296535	0.717251604976466
100020421	0.0699585648325248	0.114375116705282	0.27622426230342	0.51765151893082
100000010	0.00320878115665984	0.0367586193079323	0.247358709350623	0.84133805419441
821	0.418190203685846	0.332199737812158	0.263938616023151	0.602993840437868
100006627	0.215019639446243	0.122214180623995	0.343884096884961	0.658253092638148
100001277	0.331180984735224	0.148491367623021	0.286093146605772	0.72017009732228
100021141	0.041384491582753	0.189579267025893	0.271197597076872	0.867607498614135
100021105	0.204380297483357	0.327498176154391	0.258720742350751	0.580997664474179
100001950	0.000277676714860523	0.00588189980856208	0.302598440720356	0.961346399746666
100020217	0.929183687432461	0.312454734199364	0.173281141135409	0.588359819919277
100006651	0.0203219736352014	0.156572684093806	0.27152703638954	0.516244520408695
881	0.974207809316199	0.457841197366519	0.229278993326726	0.771692362082374
100001509	0.67619821191598	0.149600840170048	0.211856472256783	0.679415504598573
100021709	0.735611900649832	0.941320245045263	0.238267472784542	0.764765354011527
100001635	0.318663461788605	0.0406541452751101	0.266675999273396	0.704031387363033
100002613	0.429781914843042	0.115412701426625	0.22020826444101	0.859578499645959
100009329	0.512889041655658	0.58953131926367	0.202906599604985	0.94287816409806
100021123	0.803805364995812	0.603755945514464	0.247906817156921	0.67590886702137
100015760	0.236846380065877	0.154361951960527	0.193233481984728	0.809384286017943
100020205	0.355854794326335	0.436406566642502	0.2811474072474	0.588220357639611
100000765	0.521133951426991	0.687909808379469	0.238269355830903	0.733140632022236
100004111	0.337020103982045	0.175432017328307	0.268241007855741	0.732387109025917
100001615	0.218508394403058	0.762751872898794	0.239439603996127	0.762523967975672
100009227	0.22054045137263	0.12323087389994	0.344422988842733	0.897470834149306
100006191	0.359949250499415	0.567304173188967	0.26466959002047	0.709854503297865
100004542	0.38299712165528	0.33787710837442	0.248717620098888	0.827645271245168
100003686	0.310484293711196	0.135462658832402	0.34428463417694	0.694998507864248
100009232	0.0212426716498562	0.200311994169951	0.235240422249534	0.671529483736316
100001501	0.0474916154981297	0.102855254274599	0.314926013201479	0.804376402820061
100002367	0.476483159817316	0.242881527005721	0.224693783876456	0.606757613139206
100001108	0.299741596271405	0.701861367812205	0.239778718276652	0.748330830386909
100004227	0.951377438168726	0.783180796077001	0.235422653688375	0.796971586427157
100001310	0.166853144358174	0.258357039449238	0.220478092263678	0.899017237966137
100001994	0.886021448012738	0.899583464094779	0.254591065693437	0.823599178730211
100015839	0.00999322494106874	0.011856476151516	0.316069521235841	0.873405618889425
100003271	0.00294744915783127	0.0682960750264834	0.310165329325269	0.56702823958829
100020496	0.720049279228203	0.983785079411057	0.245964747387774	0.762965169989631
302	0.891404341047865	0.413339091122719	0.216979855208599	0.694470156754385
811	0.688684730859418	0.653397228559242	0.230427978009621	0.816979753013698
100001267	0.908540791578776	0.805524096369415	0.229630323657607	0.758807432514747
100001197	0.0361028986435763	0.425053731908858	0.277237461636258	0.762595475795549
432	0.142367030141392	0.421236679717481	0.252994768519546	0.757014460480159
444	0.00959050387270899	0.0491800407943633	0.269779518318986	0.911374636162537
100015968	0.398726391000966	0.427876407587576	0.24112208947726	0.686554585212174
828	0.89463763523054	0.872912432349736	0.235656542291324	0.769752463588633
100004054	0.294913415387082	0.894283490176746	0.242042513422361	0.766337782571886
100004635	0.0784088528580885	0.148253115531933	0.568425145490291	0.489902166725234
100000491	0.47811757198399	0.610700942637255	0.235403223965125	0.671801994077506
100000939	0.0432890342253546	0.0344195685189888	0.254138624133642	0.65716915011522
241	0.184364065224116	0.571928642355112	0.256069890704326	0.791793307896065
136	0.333453476601566	0.0650782465722276	0.200815965438407	0.977732638909434
100000792	0.635293231991562	0.959745682858539	0.244284507661243	0.8075383383865
100020973	0.509040607975306	0.608116821602757	0.255291767697558	0.739417950940559
100000936	0.713912837455862	0.891364510843702	0.239237178302171	0.765432145494821
100001313	0.00545537121093167	0.122906730499799	0.247963763357924	0.837801069682492
100001951	0.0455655060674395	0.0898115352030794	0.272051524147645	0.756534210492255
100006098	0.0124138486152451	0.070979335231716	0.262534348678144	0.91302615366897
100000007	0.203003417969635	0.49616471792199	0.24544839759011	0.776635183334979
100006641	0.822937331598394	0.832246694214888	0.262158309921322	0.76681474046417
913	0.0100203584883528	0.0618952044726465	0.298526963809033	0.62784976852813
100001579	0.847551376559345	0.447203067365919	0.267449468881644	0.760163193232483
100002911	0.162504336098471	0.014006351533032	0.324146287065593	0.706674973220671
100001293	0.235781890312165	0.339322901339425	0.204781910914204	0.924272597366116
100002241	0.133342200317347	0.463652910399759	0.249519351656106	0.739789162659222
100003179	0.32851985293213	0.071610908590231	0.218351389484598	0.622998049600763
100021372	0.278341931324463	0.201278324704283	0.166119009420491	0.79284881769896
100001956	0.339485073724386	0.549591128626848	0.24317937341231	0.678858599241488
100021162	0.192067237439666	0.166054449363058	0.225971617321991	0.581796364882816
100002259	0.356892793886	0.610659681689848	0.220625775597688	0.757085610989147
252	0.425744752331151	0.632749073710718	0.275406209595738	0.711615678158364
100000707	0.493377201996163	0.358759038234116	0.239005722341718	0.766844219711914
1489	0.713141800826661	0.0215513153805097	0.181167274045883	0.727259000627055
100020361	0.0317073014432763	0.0803124904542691	0.275309287257507	0.948834399379289
55	0.716534766994885	0.890128582284817	0.237507734519381	0.776087933719891
100000863	0.23521924915295	0.241462333086519	0.204538707884618	0.810416827420325
100015840	0.141841250804937	0.0878958803259961	0.321768941546705	0.731573172129821
100001541	0.179710659107954	0.0909105309128291	0.166644022222084	0.746801318129822
100006082	0.170346645653713	0.0619122064234342	0.326056039592209	0.74218215567239
1254	0.637694965329655	0.916615757111614	0.246692553294847	0.780780550575653
100001624	0.45526011742446	0.336630932418836	0.222131848805588	0.744872133014351
100015850	0.944548497896353	0.584686841896817	0.29953354660665	0.725862902498502
100001104	0.00273688151597672	0.0109306409000051	0.267260646346564	0.927752015459037
100000900	0.112758268318016	0.381699753141829	0.248418685203937	0.771203497066694
100000269	0.206334435054104	0.0780079051738118	0.139909444106901	0.726768420228623
1022	0.191706373916559	0.973712914525381	0.239728845038617	0.766519007441682
100005373	0.20849025453008	0.0786363346464127	0.211692488559918	0.801232870652145
100001129	0.141721692288908	0.724004217386189	0.232486218819353	0.792512411152501
935	0.0104189401139091	0.12777728047067	0.313418180359243	0.627914844262101
100001262	0.132824303207746	0.184395491487035	0.245145885336184	0.804847735533458
100019978	0.32927006052372	0.589671524047676	0.234027732864862	0.748448128657517
100002293	0.51954861912427	0.652013374548215	0.238795413915422	0.780776100157095
100001426	0.149861961172376	0.231918656447523	0.237130271166987	0.592074388180832
234	0.0170852719596826	0.116866334509253	0.222448427560498	0.771933750593882
100005403	0.267671868489385	0.964973274512483	0.25056866391134	0.761007164077671
100001083	0.0353986436566047	0.306911095472555	0.260184765512792	0.796721512866112
439	0.673583843771966	0.308711433212454	0.258169837467159	0.760926320276857
100001086	0.301775827629203	0.379630513093864	0.250121765258255	0.860122054058693
100005864	0.715139244190654	0.43507403463099	0.217609002125831	0.83911515085732
491	0.531014048947449	0.91847601791477	0.238946348230529	0.765318268562015
100002029	0.425458469441128	0.403493706267603	0.228093189902363	0.618035080751592
100002154	0.858746125410323	0.491513414387459	0.214178476425582	0.738223594568409
891	0.477919064686597	0.197761542227493	0.270159551297108	0.731623067677424
100020261	0.373746733290185	0.441512921082028	0.292344455230077	0.734545375967096
100001296	0.508944476727681	0.490274034749164	0.243575202088433	0.652213508388094
2050	0.445567021768218	0.564864580049732	0.259537400577322	0.707223732117984
100002761	0.383661962374478	0.69630547736694	0.214127928062698	0.888416694335362
100006614	0.801952315384777	0.667480601177949	0.222442120469432	0.825928951568624
100001597	0.925531451473728	0.132587481197274	0.151140175231309	0.559365939334349
100020853	0.734636872179824	0.835749931175046	0.243494462144832	0.777107783090395
100001446	0.365013602574877	0.469471404963925	0.223181920133013	0.740161358579189
100003240	0.282907438111863	0.126124918094386	0.279638477641516	0.679006294720236
100001502	0.0240929427496065	0.208363282566008	0.2889019283899	0.868278124478315
100020866	0.0973263530312638	0.0118043739527031	0.141980286750691	0.572489378416691
100020419	0.0334994091891988	0.0999775357754308	0.265277475326528	0.495372647708342
35	0.568558884085778	0.33918242094545	0.220201195502632	0.711414475478078
100003696	0.0100804125535757	0.0499093522932844	0.351998511495587	0.713071221760812
100016038	0.855361749216923	0.90767755096318	0.237321797442557	0.751660539121406
100009333	0.192499509055399	0.167219019797498	0.236083478685701	0.80147642876416
100001611	0.151785674670991	0.330825622005721	0.316370887279291	0.740915489400245
100005383	0.580427218684987	0.260512187135042	0.243352009778712	0.822858729477939
100009239	0.270611451024524	0.125818693036092	0.304116056601614	0.574634034437929
100009332	0.344623715606082	0.256970778587126	0.240904986963228	0.726417851109541
100001731	0.160024901668073	0.660392129472719	0.246678514431993	0.739345145830795
100003415	0.410582319305324	0.498763508250898	0.238995356036658	0.769486633878929
100020578	0.12499253871013	0.18902608420742	0.223365549741268	0.655228400044013
893	0.868365220577918	0.496995425821381	0.237001332721354	0.778563488421559
100000963	0.322580090410973	0.225973654396842	0.318990968940449	0.557160494761049
273	0.1577935941518	0.33177990222637	0.283970266117014	0.755053732107436
197	0.417728837871404	0.409346333191314	0.230446091106609	0.639565472445492
100000808	0.316947085721305	0.231619088613827	0.226418408540567	0.920633809123993
100002284	0.671602720024478	0.396084896932211	0.163174799838724	0.69906772611891
888	0.811084269071054	0.0698754712984863	0.253475378915183	0.764584900825453
100006435	0.600201228425144	0.351998785634065	0.187836026580803	0.95335236225928
100006374	0.162998077538671	0.505182732844773	0.246438129149031	0.75745858239778
100003169	0.422921975865787	0.877266545036371	0.235465664493389	0.759786321497143
1004	0.547328849426772	0.743057827105108	0.224925343268359	0.741417247110633
100005998	0.104612146490251	0.929384256718308	0.253957825987307	0.768513566460651
100000773	0.621785397952264	0.518336178140364	0.243748508436834	0.747900399765292
100010850	0.00661387686969239	0.0833968165833685	0.271754228269899	0.655861916724544
397	0.793910931287015	0.397527541358185	0.182907677576098	0.823659179476326
100000039	0.0566750169464373	0.189504112380709	0.185097759441016	0.841854109982801
100020833	0.954205903499572	0.571491271009436	0.245341078672253	0.860561981225287
1021	0.397901882796036	0.336915561088918	0.224016408004353	0.804429025776675
100020479	0.376831646752131	0.582315119484158	0.244491722665267	0.773749110944713
100001335	0.448219471393521	0.28069370448098	0.274104163811802	0.734067724521911
100000743	0.662497067700609	0.906875036062713	0.238659152558949	0.799128011711424
100009246	0.177304472720049	0.633835249134583	0.230451211419286	0.798013425005624
878	0.209334618615071	0.736062585743667	0.229363235955113	0.781383757005457
100021103	0.66753897359936	0.864250011024631	0.251001035962832	0.833413022409767
100021363	0.227798367373713	0.546589211393254	0.22107638659678	0.811564006053811
266	0.156359603690448	0.244262919719569	0.249338982620342	0.680364823612946
100001195	0.335699859674865	0.231415469588758	0.313519770798915	0.682596391681141
100019801	0.765321143683868	0.697556059203518	0.251156111707319	0.750300698462748
100002196	0.0496300657281434	0.300288193854335	0.256985863970291	0.76362263588902
100006370	0.210958217036485	0.910626713137505	0.236122498506691	0.770433564665149
100001510	0.0326227585627834	0.00405733278101644	0.202244768392983	0.864785022539083
100000437	0.484766800388795	0.411258395131861	0.222944167701914	0.853925583077091
100001767	0.070967102680568	0.0206491112069052	0.282518807195094	0.900943858719845
100001810	0.408232558907323	0.472237658131375	0.252552507321438	0.932096502958765
209	0.0220321654478899	0.308353077163409	0.273052852382914	0.765797508798425
100001485	0.239107232119664	0.0868962327850425	0.1379564188035	0.698527491213138
100002500	0.124970835988894	0.454946093460383	0.244446079129285	0.7337778313636
171	0.0220311162195578	0.0192786332751057	0.166350153102208	0.792666721750302
100020487	0.871994532116268	0.95289780070844	0.251558405360633	0.76245093705915
1206	0.00725789333898007	0.116798129907077	0.242008124782566	0.820626767795024
344	0.0159312021341502	0.0272323051237434	0.574742986925718	0.804031573454966
100001405	0.533780655594732	0.959738682791955	0.24441064632598	0.760306472692954
1239	0.98759525267635	0.529266154737091	0.270082911918647	0.764125255562222
391	0.0678271190193672	0.176418966921655	0.224598178066116	0.978528339510497
100006430	0.442716700818117	0.189357584851559	0.304258527265848	0.487277302013004
100001417	0.946277968929939	0.553024559081709	0.232419434826218	0.859092025364981
100002951	0.0632142854813034	0.529800470444527	0.238989683267058	0.68742343199354
100000014	0.486526168428378	0.606171088178646	0.236727959673804	0.797115638172525
100003926	0.572638379076241	0.48121869078677	0.261757998010011	0.743159386810227
100021538	0.521157285983177	0.384829799936263	0.285046416277774	0.672005799057542
132	0.251691221215218	0.886633802527413	0.2405141741582	0.766039952124516
100001425	0.365855429626929	0.389904792897442	0.310964403144928	0.692954399308865
100020262	0.615622437774382	0.659853898078959	0.259055950755393	0.750030127201051
100002679	0.319885944306589	0.641109429855527	0.223000174077112	0.851608809567873
100001270	0.80942153572222	0.51755133055572	0.244062730523571	0.742800455471994
1102	0.905219864121038	0.983465348505424	0.240692153468494	0.763348394629815
331	0.186850975112125	0.167719137604945	0.18486988092854	0.662602468045618
100006361	0.491995695338185	0.576467838599365	0.218475383972169	0.848433433392519
180	0.803899130390211	0.918718749777765	0.249457540744123	0.761722223098136
1053	0.270653521988568	0.428819984688653	0.374348370896505	0.839491772298247
100001359	0.621873810130918	0.91478714238792	0.250615034107044	0.750799720593098
