chemID	simpleLRM_Fstatistics	multiLRM(chem_sig)	multiLRM(sex_sig)	multiLRM(age_sig)
100021136	0.031308384447717	0.255951407811022	0.24626589098076	0.847358552116104
100000882	0.950024828570176	0.564360571967358	0.226690731181407	0.722595998415801
409	0.0677782804188844	0.156657483631954	0.251351558904566	0.489966054160838
100002254	0.715740973370638	0.0465775026832332	0.144896766814733	0.731234053140503
361	0.00606782761151134	0.0795385456557414	0.142911272066999	0.73779547995042
100019975	0.689088919112574	0.636118732670356	0.216466923539735	0.781913882103033
100000257	0.000654690105880573	0.018288395365088	0.216332276205745	0.689411631970779
100001232	0.517739806292216	0.652084543515187	0.23991039132833	0.732978261318839
100001948	0.388989022993886	0.407744969433781	0.235561226011622	0.618852104883949
100001073	0.508803094466131	0.632793662590253	0.283075525539477	0.666453870388222
100015637	0.910366329517182	0.480465488903374	0.233168095770979	0.749963762743234
100006360	0.581517201916342	0.637007406197722	0.201379488352111	0.836662832371917
1488	0.446017194992495	0.53125245624202	0.218018884444299	0.729009666575926
100002253	0.961462780112944	0.906313927475194	0.221265751115879	0.748187780382856
1023	0.956757490255067	0.701674179336065	0.214429054033481	0.738560772983695
100004284	0.706756042512449	0.801560116306109	0.212607656934905	0.765604505490767
100001251	0.68272143276884	0.982622402993918	0.217074032537693	0.756604216300834
362	0.680525503049711	0.500036145225692	0.19706749480039	0.750531983340033
100006620	0.733811673289052	0.908337300067337	0.217502861586445	0.760268390344039
111	0.357176185074142	0.161723489805304	0.179967391522103	0.723560056789101
100009045	0.605742013797426	0.25252986853228	0.174166049965038	0.927008448260058
100002927	0.701515554442168	0.829917477363719	0.211896653126935	0.781017674050078
100015641	0.815384541008549	0.898233598543098	0.213500948980657	0.766229568233996
1114	0.149174777454095	0.992572350535323	0.216619908515478	0.7578635734294
100020409	0.298150816686259	0.329764074969349	0.214974806532265	0.612761776275116
158	0.14637527677684	0.273070235005104	0.283562814187978	0.780683757158033
1224	0.0733770521895262	0.219495967589364	0.170755164820187	0.791017704600403
100001620	0.479503298675168	0.376368728133901	0.185408007709533	0.762591160692013
100020893	0.218866975225909	0.0444798158315622	0.191740411852178	0.446579442184754
100002458	0.721603183950298	0.624435024996592	0.248595102531267	0.706833444620186
100001112	0.835281646535189	0.770863017121564	0.211601908931128	0.735615395668719
100002953	0.625410341785414	0.98090455055392	0.216326791849558	0.75853100830856
1141	0.33204545461942	0.0510752960102612	0.284155550909763	0.570028105409736
100015834	0.641402907647115	0.847898609957131	0.213222153802858	0.747014302896875
100004561	0.605525761650072	0.881119681911914	0.219918324322968	0.753086245246715
100020497	0.660981415072266	0.829996695816584	0.211068904243223	0.773473773854641
498	0.0468247229913873	0.286832226802342	0.213397341031225	0.841424468001465
100006051	0.795953351408993	0.811113707054556	0.220165659208632	0.753147961351444
1668	0.733176634123957	0.491922808026753	0.211911867685331	0.688811851718302
100004523	0.260176056287935	0.701612937859847	0.227555319807114	0.718564962787906
100001604	0.356295772221978	0.631855282476966	0.216793823978394	0.788969824355813
100001002	0.119662297148385	0.460412892262506	0.226540006705772	0.743990168331068
100001987	0.0410829373053598	0.25110600059158	0.731698837326312	0.605472649488473
100002462	0.55594109971671	0.329059697278912	0.266299031530436	0.628829522684334
466	0.660556078153646	0.0844278973012739	0.243495157138041	0.728770716671489
100000665	0.786814694325324	0.510734363760655	0.244782667651833	0.704780566954105
445	0.741713490608059	0.574523450200543	0.241139032288501	0.792119645548537
2029	0.136176063307187	0.485841431315203	0.231148082014603	0.761905741217537
100006438	0.168473859478472	0.292106686035571	0.258045409986463	0.76461908334297
100001398	0.157739304749195	0.560571637703903	0.198935288083754	0.782439159106459
235	0.421200371137617	0.443758895740718	0.18918055339018	0.797137266857759
100000997	0.438180426634034	0.528320624264273	0.214918829465222	0.724635225821656
100002094	0.341811880349721	0.260883361615655	0.186748719729694	0.620786441915145
1052	0.693879514529418	0.947144347077094	0.220563556654402	0.772313429016392
100020823	0.372965249297194	0.616166079671238	0.204460776302198	0.745798305039044
100001806	0.331745774890227	0.697348693798304	0.253263456793299	0.763709709481887
100006092	0.726521936370627	0.847241107537729	0.221667376049195	0.743688496538906
100001415	0.0454370039665858	0.0367003960469438	0.202040860516881	0.421721878612241
100000008	0.0528994482881743	0.0859692826046633	0.246544062561439	0.58653717507977
565	0.00394352735303027	0.0325827689545353	0.205451970068964	0.858569579023023
100015851	0.0949981707660307	0.14268562923463	0.286493252925479	0.926818242276328
100001866	0.627840718057842	0.986567177687161	0.224158064923286	0.759016675959982
100020546	0.00484526858195355	0.0443852186651676	0.423234790263926	0.921505330955071
100016110	0.567414625471478	0.405161240083358	0.17379357880653	0.862216790859707
100001254	0.00222590595080984	0.0104724802286875	0.282835340737105	0.993184251936289
100006260	0.522377686966475	0.935540031582261	0.219414189696833	0.755599847339817
826	0.672142577796556	0.863762513491048	0.217317873762127	0.752572012853907
100001872	0.398056877322665	0.774994273680625	0.21732423507862	0.757978193770945
100000263	0.339429159728725	0.394318886977465	0.274081804931993	0.747572391695984
100021198	0.843987457760684	0.0662495150437554	0.146549538271946	0.450082603104389
100015967	0.0374993461617568	0.0981424909846761	0.275411913004384	0.570781954509691
278	0.185824174553483	0.290123049991463	0.204982096749131	0.971678393610322
519	0.6316737678375	0.309993549892061	0.264524431017192	0.68753383145199
100009337	0.116812940335399	0.34684341206322	0.300753285868238	0.741631832420253
100002185	0.360613327190271	0.879350640717028	0.213887992285952	0.744593096550176
100001278	0.342482635220208	0.261562113548443	0.272539450697476	0.707060758195928
100002103	0.962762572942893	0.508295727059995	0.21441135904336	0.69074176841855
980	0.769387136516297	0.453658788855304	0.242694307102495	0.736186884682128
100000016	0.820208533857759	0.428693864268459	0.213440559352669	0.730539106724365
100020372	0.156665916721585	0.452057300164953	0.213383044112332	0.687163789852266
100001662	0.761877239535551	0.134181220234236	0.0819309484556059	0.767495653191531
100019972	0.802501672093895	0.558915775754906	0.222856863982806	0.741870499266425
254	0.938922332109914	0.830948299870834	0.216613463296528	0.758565880505146
100002009	0.632884952414549	0.689615791530442	0.21443779517286	0.674083675664884
100010895	0.53649904940266	0.628938695593726	0.252660765360397	0.736185397119364
1140	0.912346743306562	0.971510238666526	0.215841273760394	0.755553406815946
100008951	0.535044414965893	0.499250808985654	0.233342773392128	0.715120581790133
1084	0.397784204394513	0.836332990564749	0.216962589368573	0.793585754906486
100002796	0.22241639407425	0.557517571453639	0.202872121107479	0.711463841198981
358	0.980865323624854	0.901076138167425	0.214527273317609	0.742574147518848
100002070	0.691087642515241	0.623153884188806	0.206809993814177	0.801420382370185
1628	0.213650932022403	0.0902144526855628	0.264331732814365	0.749613265898556
823	0.685836749834845	0.514037200797313	0.186726035765829	0.821529219289997
100004414	0.515325851788092	0.106770976586506	0.291205758671193	0.88555076105503
100006129	0.653664557656745	0.627646200859555	0.200024608507719	0.776794211174149
100002028	0.619669119067244	0.465419413806815	0.306927007041187	0.553725976597276
100021707	0.367735647910638	0.495500658242208	0.182252458956765	0.836872000350603
100000054	0.608435527744907	0.517329672399945	0.212462475741041	0.778543217181972
100010869	0.358105928934784	0.182887682873735	0.219851612380381	0.612637981753381
100004575	0.0417897779010643	0.130821862956453	0.285073907937569	0.940906110770461
100001212	0.820364473555729	0.56595075618397	0.217670612362872	0.671113439604834
818	0.139064730146393	0.467547720325549	0.256331149261087	0.698821100660356
100001092	0.0046764814612002	0.041526553156661	0.234146775095286	0.717068791679098
100020371	0.652695755419174	0.890435714472531	0.213779893863098	0.760782603140932
100004112	0.240970550031405	0.560175391718065	0.232422357341495	0.761398367004269
1125	0.66547616118023	0.461794239028131	0.243634115378481	0.784470662794454
100020491	0.906151996682051	0.641714030104535	0.194850933253246	0.766857001302334
100003151	0.00174763149291339	0.0208201248061693	0.338216668451364	0.632767637926711
100000011	0.275669704482834	0.12616848180724	0.150844958608131	0.882160076116487
100003594	0.671453909331613	0.827115090185108	0.211376717174171	0.747046994918914
806	0.355492476058691	0.0643922042684512	0.190873148570129	0.50113815161404
100001211	0.841956765060354	0.51951164558204	0.225196855944714	0.736050917837483
100002417	0.559992350389753	0.624218924076787	0.210535316819997	0.722712066183807
100009335	0.498541949853777	0.186791245751702	0.171158269597684	0.786267267287707
100000781	0.771132392076358	0.990261130198152	0.217080106659835	0.75755046356921
803	0.0304382434096261	0.0335330805905319	0.206471374925219	0.629337587047815
50	0.443053465983035	0.672522776674046	0.22198649151011	0.739800504166642
796	0.475626764373521	0.0583646510646568	0.246022927556667	0.73631757095865
100005834	0.634195846803639	0.478817992229527	0.271647286715134	0.753658104610874
100001580	0.974294840042899	0.546196985396844	0.236340361445309	0.756924839801184
480	0.673881664773427	0.674104837773997	0.198944440159937	0.761532826164262
100001540	0.510988945261937	0.850731516999332	0.225081583890061	0.728600394181955
339	0.566444118444655	0.124422814217595	0.195858813726959	0.66209597339779
1110	0.688450688727704	0.772029759252284	0.221356763763903	0.705613854252916
100015836	0.190767751868739	0.20916082887402	0.329349174550972	0.917572387535925
100009271	0.456173518795669	0.476897037891168	0.246781294266406	0.737497532326858
100015638	0.97926685141288	0.43978049397498	0.228610817149037	0.737031338872264
100021667	0.887953903895152	0.485828580484946	0.250389231119157	0.737961370641632
100001279	0.461356902272685	0.30511466991013	0.235007544755477	0.908570610011326
100004208	0.0325042711751578	0.162939722590337	0.342641981813392	0.855926589639358
100003695	0.147523510328035	0.113167387567535	0.229850738987999	0.517588042705643
100000802	0.981798767071309	0.79033539961034	0.218591563630828	0.751131734878277
100002769	0.864569363502157	0.102560838446325	0.153840538394562	0.875966686679478
100015835	0.196642179786006	0.454359027037949	0.317151507131058	0.89452561564675
229	0.931560654104423	0.420883465476118	0.246899283167042	0.749285272092051
100001266	0.0100621408276425	0.0345880955650434	0.28792199305256	0.957895143235785
1342	0.281390013059222	0.323483357716841	0.181310582942617	0.779030841184769
100002102	0.985550029103764	0.675796130239662	0.243204463543524	0.826828704820645
100020254	0.123628576413782	0.492478528850039	0.206677239007179	0.796506691757421
1231	0.450839180295649	0.235171818492966	0.264252828173396	0.706665499795553
100020492	0.883666511260589	0.965219960875026	0.217277711508727	0.756611074037494
100001402	0.339360876905869	0.529840593605054	0.244545902588211	0.766843692593561
415	0.00231073695352278	0.0535015843876806	0.252294196749078	0.843227370106759
100003109	0.990661634850627	0.969548108816565	0.217559436862982	0.755745936044662
275	0.623291933839746	0.743637083000312	0.204184881177171	0.736593353557751
1143	0.13350271773784	0.064253389533661	0.191328654741781	0.868521817622734
279	0.372801220002469	0.341403438519095	0.216339346083519	0.616052272662905
100001198	0.505869746101436	0.74724655874739	0.23645499591565	0.736791796488539
1648	0.428471149849386	0.980956333318649	0.217320262052159	0.757483658539463
100001590	0.430062676356561	0.323048026859898	0.212743131650378	0.669056577869336
100001733	0.622426391137021	0.953758797605103	0.217333974748044	0.75416964175353
100008933	0.0183732716868898	0.00259191899196262	0.313467528312559	0.703878798548893
100001550	0.431916710802446	0.461408173408802	0.200970304825369	0.699280757351765
1215	0.0329776731973435	0.13915158288984	0.16317071767121	0.715176872932855
100002356	0.304996243723568	0.124632021801673	0.267475111905055	0.762374846085238
100002749	0.594788217204276	0.692667437233012	0.219048722813018	0.769442355058837
100006379	0.0718469570737488	0.0897363039419718	0.249349456339327	0.44369412470917
100015966	0.0846774858474887	0.165341509897775	0.239562300141144	0.574135376216389
100001392	0.682985068775699	0.947319249262147	0.218076006381119	0.75611346452587
100020425	0.165758976317612	0.0614140989667367	0.185968935392838	0.503211944300245
100004299	0.363442181229698	0.855952270261825	0.230529832673099	0.792839825195619
100001734	0.513918501986745	0.489083925760244	0.22912959983529	0.688627876052618
1002	0.9032011839854	0.798949694971722	0.217600563788648	0.756227023686228
100001337	0.381439049873038	0.842237335941957	0.209100176976977	0.758160657685081
100001452	0.681475399449972	0.870228197442084	0.216292053116287	0.741037751249005
314	0.299396067109435	0.267650950559816	0.22234691600074	0.786655849102432
100009264	0.938499990520984	0.54035001784166	0.173068425801965	0.881243136385109
100004634	0.42822566900467	0.475014442214881	0.191475919620604	0.777227785333079
100000711	0.784296879330403	0.7487903353518	0.239765004381509	0.77715749578692
100020536	0.0529289599518982	0.160116532234035	0.281497097271121	0.832088584509032
100004318	0.218415345358854	0.467809799665446	0.221376421318046	0.755081804894872
100005850	0.883141231972029	0.511559345229553	0.278232017774096	0.704432056267919
100006619	0.283079971398608	0.138437826711259	0.247575550563627	0.747432538475901
356	0.552811811200669	0.683605641627723	0.209394734608681	0.771184221191484
1221	0.713625568810667	0.713828104473788	0.272552325498475	0.781269137751121
100001397	0.769859876287668	0.758025161819199	0.216417620026733	0.749626611796841
100019981	0.706599190895061	0.957936942778028	0.218926041684846	0.764841508029982
100001208	0.635879722089379	0.353675456748558	0.199456950011623	0.982714231812347
503	0.0164247031673978	0.0123180936905566	0.133218934695904	0.5847249257581
100006375	0.14789717614115	0.618641175889215	0.23846526527506	0.735012078444655
100001295	0.632577348502035	0.560957005631711	0.208211169378533	0.866137722480065
100020427	0.0656556448228254	0.0327288115763996	0.214347535368496	0.440235799916353
100002784	0.510478087331395	0.362810331844383	0.181888086865121	0.828308917949865
917	0.046947817781068	0.183418235936491	0.238924222039014	0.70762040395675
1869	0.421908085325658	0.235883472789397	0.237371066012165	0.637264581214907
240	0.243617402066229	0.103112603968696	0.131147318374021	0.548331435717027
798	0.00335491488963007	0.0769944307377503	0.333626343604925	0.687796707559952
100002952	0.27331468854019	0.503203997749624	0.216504965893212	0.838163964711353
98	0.731263703586517	0.92454582929351	0.226153866136006	0.759297370818705
100008998	0.395480846772303	0.389904359091968	0.176920009941727	0.813641915155527
477	0.830752672415195	0.322726684913257	0.223407740988003	0.749405516680556
100020545	0.187085848049089	0.24661492822342	0.265617494584518	0.872646652459416
100021666	0.564445313346104	0.113695602543914	0.246091303222398	0.760364010813929
1256	0.424427391221944	0.641083611731738	0.261495359419202	0.803942192294982
533	0.238833976192523	0.0573302458599695	0.138478601065159	0.480728971149979
100001757	0.379700942867987	0.857471092038022	0.225442743141296	0.749714547967449
1024	0.592013258041223	0.153921258979742	0.164021631373127	0.860788424310356
267	0.410637463613271	0.948249093010572	0.215644725248673	0.760462042328123
100002113	0.187224521022068	0.137054510043709	0.221634151926665	0.762517208800503
100001756	0.90280891871648	0.765931377048103	0.226039131642928	0.774922964035941
100001193	0.498053183926532	0.21344308460087	0.275350366419932	0.700767310667784
100001668	0.806790992772955	0.92420955025271	0.218850821646384	0.752258469187562
1124	0.453199143003912	0.372982804177597	0.196892635075001	0.836066824659588
100021331	0.222334383403816	0.379394907837036	0.206823338338989	0.790344184905551
1090	0.0433027346204276	0.0335579007377348	0.197912709681419	0.925109862891614
566	0.670140950050384	0.399847387616394	0.170292844022406	0.755742418484612
100003119	0.472791438395416	0.299634215221214	0.24425187875457	0.693188467354864
100006367	0.690159714935307	0.538300401754381	0.225005264898381	0.73643045742985
100004322	0.292759225890215	0.289772540164744	0.226699435607618	0.833587039412311
100001034	0.616842432356256	0.890715295219189	0.21569100941595	0.751721278060559
112	0.791568129284532	0.84543010994614	0.219037295288101	0.724702854339796
507	0.80688836167919	0.817434301622083	0.21637144094146	0.762525066381771
100009233	0.291971387494966	0.181837972177664	0.196733257471934	0.779378080020115
100000406	0.0152289751135662	0.134218427619692	0.363413864958026	0.550419527275176
100004046	0.362097469312287	0.36826169381393	0.133085325666763	0.68625366336858
1025	0.86112070606597	0.746410672671176	0.210419771659036	0.773080668400835
100001106	0.215000143931581	0.198873623617257	0.180820948763172	0.788626437662548
1128	0.0195324596238794	0.499879326059016	0.246262094517336	0.820353252062636
561	0.0551686459864365	0.176899245902309	0.147853451227692	0.673150799301643
100001614	0.70526735863598	0.321470555418221	0.226753004555577	0.733060579726579
100000961	0.696945343857728	0.912971682646966	0.251398917312856	0.745372292002643
100002397	0.794037227347448	0.563496564576758	0.215344548062767	0.678995779490818
100009407	0.975486658245617	0.991819991248758	0.220044622211021	0.757433345779576
100002910	0.886091400950598	0.477350615906821	0.186501840137581	0.666941881148893
100005946	0.253135291371873	0.34471797569566	0.253064014341217	0.861156498370045
100019794	0.0685856346948035	0.227719052219321	0.21367561308647	0.949134367506605
100015759	0.300607589096059	0.0958662633759573	0.179747089662548	0.765870647198283
100020417	0.343939583563128	0.310265168676634	0.180326243699466	0.722464944817061
100001054	0.632871718057213	0.950566811979676	0.216913910468312	0.756533040176417
100001437	0.251487633722388	0.274086417697873	0.17135848407892	0.677130447134056
504	0.339630515369711	0.830415310736452	0.249492844227094	0.762187076888116
100001988	0.476102308254248	0.647571305952118	0.212020834456384	0.914501570456293
1082	0.020648557767892	0.531894677995176	0.247606046039145	0.797172673073841
100001403	0.306572567404403	0.332601279317975	0.244612956330995	0.741027447565258
100001664	0.934847881205411	0.605096200930212	0.209012929995311	0.907026283565266
461	0.26639554252528	0.234286524911311	0.358504058419078	0.730458881326824
100000463	0.663097238237243	0.997936815710065	0.222258230224367	0.757012308544392
100020208	0.596362117509143	0.579489995510033	0.246791402821983	0.65159006031028
381	0.73220466444707	0.0949188701835834	0.104928580211452	0.582338541116317
100010901	0.0401411988914677	0.0468601344776631	0.204578056901822	0.910568039660909
100001468	0.562728453673927	0.726306851819438	0.225191343528104	0.708472254538307
100000840	0.858566726156942	0.905509553482025	0.222441422051836	0.767065897461073
100020014	0.265024941135376	0.606391253821875	0.212611312450053	0.772489711118145
100001993	0.791679681262883	0.563371309706337	0.174496484824281	0.92906782070511
100001051	0.0644111895626783	0.0122932294374287	0.236081582887253	0.395185880636443
100006116	0.364754095691607	0.501186055172092	0.220643129956595	0.759582635056665
1108	0.882136487221893	0.992885215076428	0.218294399137973	0.757690819380825
100019966	0.371359079639753	0.142082958957284	0.265584905928552	0.723185954692956
100001743	0.351459320588125	0.259185715068247	0.196350831659124	0.751588523757108
100001294	0.104524757723076	0.15741200463873	0.144243623730062	0.830247574093798
100001609	0.381372198532656	0.15087206098671	0.213300222849597	0.83004709469764
418	0.806424070377409	0.943449093133184	0.217536435023197	0.766277141843152
100001178	0.299454371354508	0.994070316125742	0.220034092172171	0.759618184320515
189	0.979250498090473	0.664608735395059	0.196786690489641	0.721210128451448
563	0.505546707141351	0.832657643480197	0.229131414427969	0.743658393772276
424	0.5516676220557	0.434382575708697	0.244966870369963	0.738614002050768
100000776	0.0921376200965632	0.26755114278445	0.251411040667352	0.765062911106278
1001	0.892096927026634	0.439964384928069	0.221259599208101	0.765134721719923
1135	0.331998080524382	0.0995684634497272	0.209683216068551	0.814920203394356
100021093	0.361135625799094	0.510003803275718	0.254865696818711	0.779472761110548
100020219	0.0955983163737119	0.194420216655204	0.224802717561185	0.637540665723316
194	0.672071189969196	0.665772370991949	0.22620005345065	0.694028737256798
100008930	0.564299020771929	0.553921334256329	0.239933884777386	0.734705841558783
340	0.514607277065048	0.176735285762898	0.117560842731993	0.864243015035165
100010896	0.966270918830987	0.672261221125417	0.198926638419182	0.771573702180074
100000787	0.177339739035111	0.0964121806717771	0.208415219364718	0.443162331953175
100000639	0.0267390733071732	0.192913021494432	0.190715656722359	0.76583464835884
100001851	0.715347636822571	0.161230698396191	0.236212393132242	0.475128280768404
179	0.729918467355094	0.515964235830382	0.209115063383626	0.778741513787502
100000626	0.442740663368641	0.78052453596823	0.226127069013829	0.75753581414583
100001605	0.0211024943001194	0.125577877166255	0.293769772945174	0.830289449850266
330	0.168815159183107	0.349663783754427	0.242224636175872	0.597924269029886
100001162	0.582226794556112	0.703393812534294	0.202859708193881	0.730822453282942
100001167	0.0472501538180901	0.241613757626305	0.214142756105522	0.739724584076541
100002067	0.581522429734332	0.857348073141323	0.276341904286475	0.720999963948418
100019968	0.655037863752799	0.386214365311316	0.243204256367474	0.691762783012409
100002014	0.966124220430011	0.975153740672339	0.216669593834737	0.782167566850598
100004083	0.605298961671005	0.191219545409871	0.252503791212283	0.618234050478257
100001315	0.212572658727682	0.304487827726698	0.227247078157849	0.84675555445987
535	0.206696300688551	0.521700427217642	0.237805737642842	0.748158065857744
93	0.374044238384408	0.251133057043964	0.248471235720737	0.585422413715659
100001989	0.275036133735894	0.491332035577955	0.187858748997092	0.828814863213868
100001740	0.891548313211843	0.460342894509429	0.200691377722342	0.772063012656933
482	0.237579037741151	0.985615123322053	0.217238086830972	0.75783250308131
1629	0.193840833066466	0.355226605686396	0.268408986524239	0.730931101080495
100001399	0.555191769687971	0.446436989623063	0.231399369426371	0.756051784471648
376	0.947654505136432	0.181750146931192	0.135640849052192	0.858637216511492
342	0.519761384998564	0.659800849933223	0.217682815033094	0.754359141359917
100001253	0.030260443889066	0.179659181095689	0.181860380708746	0.974359477344187
100000708	0.480365075844105	0.704307455244132	0.236309878946404	0.769815664056328
244	0.233574946839114	0.0594918976402057	0.181585028367597	0.872719243212554
100006726	0.366422301653948	0.267460233947559	0.259492421091069	0.743360568128166
100000036	0.119693489803192	0.751497725200592	0.208006062203786	0.784442490859638
100001257	0.0245185616058436	0.0879211793768268	0.309299573986416	0.972146203419863
100000445	0.673306796778195	0.633197051227859	0.239231688837515	0.713071114446131
100004088	0.00505278637837008	0.127025978310926	0.255427490984589	0.833293476808885
100001423	0.970385860940864	0.789024390888487	0.220085759724106	0.732729017450374
100001276	0.33516085517634	0.259386625348504	0.193706653764586	0.666385280201266
100001876	0.716475819175964	0.948992084615575	0.21617119146971	0.758719315140808
100009082	0.809414336294785	0.0551679255000539	0.103800596007318	0.723963316638664
100001121	0.342329832861539	0.716661170291869	0.21302251656784	0.75328083271324
117	0.309647214570394	0.604031538040214	0.201395526191112	0.781374826859767
100001868	0.0235706836211522	0.0901424560032859	0.259643001798001	0.772992443836148
1134	0.641503293865708	0.256079849952684	0.135779031933673	0.7312073932262
100021012	0.29375778608435	0.505215397734966	0.224794226525956	0.779767696486124
100001181	0.819469569299188	0.296898008032373	0.274814719739419	0.685763324804453
100021467	0.734449440952373	0.304923936041858	0.220982437872398	0.661170545391542
100000447	0.257962214563512	0.271769401841926	0.254679634201066	0.719937620086581
1162	0.000293930073057973	0.00934116463885759	0.284156246619894	0.661376577503162
100019982	0.701439211874302	0.366795544017167	0.224012695655072	0.743030194166411
100001613	0.762912800603485	0.36437906847187	0.227665651996736	0.722554378959516
100006644	0.444868166207196	0.657459848468712	0.204034672444648	0.781990011387661
100000096	0.623731793354899	0.0292483329110952	0.140408787144572	0.718004895797724
926	0.640140132887094	0.610509846913608	0.221677749197785	0.766485173117762
100020004	0.73199373500723	0.791345107459855	0.227179105605036	0.755347700174822
363	0.140102843185403	0.036994125655324	0.192899343100122	0.297262821276888
1111	0.510709731740806	0.913103360057963	0.228248066575531	0.745825382644558
100021712	0.783144811158566	0.748280213486587	0.215480751137109	0.740040020844953
460	0.710520365343933	0.979023169641737	0.219273930887994	0.760681413795289
100009331	0.333713306867956	0.204001399592576	0.193356881686038	0.78903027089378
100000442	0.32273882665094	0.804057050580299	0.233180433423153	0.76745966454043
100002945	0.094173843136843	0.0188559238325982	0.293455908531954	0.711158315885349
192	0.856111668940152	0.915674400901717	0.220344948803892	0.782938981428005
100020241	0.676541651765583	0.799591555006723	0.218626919186854	0.763836252552079
100000580	0.25059911412498	0.218468798873783	0.197517080098664	0.943185540177407
100002466	0.0123730057309101	0.0340535040097683	0.186514453963627	0.501115789624849
849	0.595910777813328	0.528984378193212	0.219791243175879	0.697038320858043
501	0.550371988302447	0.421443284095719	0.243798960630078	0.713246975656652
100000282	0.600347793605043	0.130247096513445	0.282139489976828	0.64505319499672
100001577	0.0276955945245009	0.175433629207748	0.310450205015258	0.825655841184464
355	0.063450283958341	0.230117175627152	0.170104668956668	0.642483365498699
100000841	0.87490758666577	0.971484007243381	0.234221320993089	0.756360023505815
100000846	0.834849424635638	0.353916730336475	0.209189781461403	0.750730308786495
100004295	0.956732471884688	0.433399524431688	0.201812677010329	0.705989795288519
100001586	0.0416953496949675	0.0222886430843797	0.317311104924361	0.358269277548402
407	0.00245940905027383	0.0123204873881641	0.224767947109704	0.880406648695839
1137	0.888102102029451	0.890058704207512	0.214950125722858	0.772851423960305
100021374	0.030132167434876	0.0121135911575176	0.157323704029788	0.810869971785072
100001593	0.720441472196573	0.826671375447985	0.213074155046318	0.766008187835379
100015971	0.755607153158085	0.738542256769628	0.211843043332691	0.7553528850035
100001022	0.432145615028679	0.191957255150924	0.135222519234042	0.985584566998732
1094	0.029495945264139	0.163156705117434	0.364674121657033	0.948270873819856
100002122	0.55722160453252	0.399031648344395	0.196140079359043	0.818105020451616
100000706	0.470585770794029	0.658071539960166	0.195612700849178	0.755497211761691
100001055	0.698622808395747	0.460672885883239	0.199634983364712	0.699262830360018
1235	0.456076443978414	0.676389983302213	0.204247115669407	0.794825350133019
100020204	0.0865111336699737	0.496241520305952	0.237659023426655	0.807201302363377
100015643	0.0415750302628025	0.314483035440094	0.240135848199006	0.707469043805871
313	0.0191446467742437	0.24353206089702	0.229865551481672	0.688264337461096
100001413	0.781221008531842	0.93706702774566	0.219146067027676	0.751693815167876
100020423	0.0254149262145444	0.0197434253195237	0.245825642283141	0.415460198331384
892	0.469679183502575	0.152051685055327	0.240717748662344	0.787301299769681
212	0.0237359634826293	0.0748245051614049	0.293366745872741	0.750204851653616
100006105	0.164972062578349	0.170205596677311	0.250944731350855	0.773378803458844
437	0.916874211690638	0.506443891159886	0.19532317621666	0.782586934948824
100019892	0.427368228488083	0.814989840679788	0.216355848273332	0.777256581859462
100005716	0.0995171072053625	0.122199524387451	0.239702297877438	0.834528586671673
537	0.244984587770269	0.133273562740673	0.227205006589254	0.782750744142558
100001990	0.434719244892315	0.77517316384649	0.243436694628848	0.726402168439466
100003397	0.0438327573127719	0.00493698029156545	0.173119550567211	0.495356097571976
100001320	0.0509027004442549	0.129092923566342	0.287581652555494	0.452927679910959
100005717	0.163973235845139	0.103886166055117	0.26071394643197	0.786468520039782
100001207	0.0772711580326341	0.31401748547518	0.25987713085533	0.74418013227524
100001999	0.462728124082006	0.703754638668566	0.201222370652056	0.89989795729845
100002488	0.256021229475849	0.0230549885805776	0.267022420543355	0.691561990723818
62	0.259077341648423	0.7311355776948	0.211751515896403	0.762511425577318
100000467	0.458318913864081	0.360123480536887	0.201763017951147	0.728092734652737
297	0.00589055304942875	0.135162798914241	0.222449114307292	0.722212457971004
100000285	0.0338088413698104	0.399158137767891	0.219816340146419	0.85693149211731
100006056	0.18290059790727	0.608979202093335	0.232716198933234	0.7764603685562
100002126	0.0850692934971182	0.166549180694203	0.147312911867587	0.830397192851181
100002129	0.84660651749668	0.706245858285172	0.199522225655899	0.894588359727331
100020478	0.0846904420762198	0.326931189673851	0.206566652074432	0.771344835090176
100004089	0.0652538318467806	0.549387594263685	0.232858610383418	0.712783277084323
100001755	0.704493263577076	0.19367420178484	0.192442771680588	0.665968603551983
100000551	0.0139301915678837	0.82480634476153	0.232871689197218	0.742092625144666
100003260	0.48755056508738	0.328246076062239	0.247137831365532	0.835097261126071
100010955	0.933883058193341	0.454769280075828	0.179342085053039	0.655530590236654
100020851	0.303500660558805	0.544823527804824	0.236321333962668	0.772258807718496
100016069	0.59104419093436	0.757800258895411	0.2206464543092	0.742872158072904
100002027	0.412076220532334	0.569380239938626	0.177159806267033	0.86405595014542
1123	0.309539104508449	0.157830808939861	0.202637973053236	0.904829720946634
100001150	0.669168453946216	0.899173677574704	0.215146146868652	0.764060680632939
100001657	0.346134182937715	0.656700080516325	0.218010417222785	0.739167912263313
310	0.301639722024683	0.380513588780709	0.193134951819782	0.853274208359823
100001314	0.351092585596315	0.132055909383581	0.20412891603033	0.633368419296202
452	0.494711570716072	0.52930619623358	0.25448080639338	0.72017990074954
144	0.0561809633493143	0.0426965414467932	0.266345244121007	0.617459636830757
100001182	0.216939234700323	0.164557310096909	0.272768598657537	0.740693461033342
100015965	0.690602506105808	0.440136293517906	0.20536308114628	0.836416357994309
100006108	0.862593203428848	0.455001433902929	0.224424035552057	0.799691893372254
100001400	0.744162260579699	0.648835476272588	0.206190653391645	0.747735139785809
100004541	0.237537470439977	0.181673190430187	0.208249961837347	0.480597656216958
932	0.797783196152198	0.365828163986481	0.223424634002498	0.788349965327086
100001992	0.394625838128626	0.560432171145909	0.318203462487045	0.652374368738239
100009252	0.148207331416313	0.205711405129746	0.268961783067568	0.735125650614945
100021104	0.604968990990936	0.495859514209332	0.168204034679421	0.919349204985278
100015838	0.011741448772438	0.0441693229136284	0.328289385486979	0.996692076457265
250	0.000605637870524846	0.0185504224087723	0.423796144832657	0.872498756078095
100002537	0.938503271007778	0.459721544920543	0.196906203106746	0.882475894190995
100001658	0.82510530690067	0.706087112116961	0.237219838040961	0.744813825566404
100020416	0.261447208878156	0.338918011966978	0.188259299329265	0.731442039902031
100006642	0.269399993275231	0.764920442037931	0.209001153294213	0.780118894629605
100001391	0.0573119591637376	0.257311326036155	0.290940661487175	0.902235949668593
825	0.690001294930618	0.57211346927326	0.185655600925767	0.774248413978077
215	0.0176741691610866	0.0990620879729057	0.261570507363621	0.739777950563203
100001026	0.935139548988867	0.814280547336752	0.213088495255085	0.809102981105903
100020541	0.434006404237566	0.440667686250052	0.187024992482879	0.801515923721155
100001526	0.221784041436544	0.302167336381853	0.338717009557633	0.866393473791851
100005384	0.441501469697509	0.356333885114421	0.198305665635013	0.667482412609188
100020378	0.41514787567921	0.547493280497387	0.199689857600212	0.772469166639362
100006115	0.736944444596146	0.295002430254384	0.29699644211653	0.625438267733675
1442	0.326379936979057	0.0633545014744327	0.0987026047425539	0.631061448799876
100001843	0.121874607466237	0.188393918536266	0.235222907158111	0.858353336271648
100015837	0.0834782053286751	0.209511280576419	0.420985590718055	0.702778593500701
100010834	0.746857646109995	0.99995447613343	0.21705205732726	0.758378427636916
100001393	0.444776013421436	0.511608646454378	0.181861789988349	0.789631909338335
100000015	0.285848331450252	0.605608700420922	0.204187532392074	0.775852303675444
100003892	0.0373194039771071	0.0416033518030559	0.18272537299993	0.960012503479338
100000042	0.192701885513803	0.0270293714081371	0.236355484472898	0.66290897769869
100020550	0.588174983525041	0.22916988995401	0.238435503809088	0.649035754117941
182	0.703567751619573	0.455023498005365	0.219288246342986	0.760213215418255
100015723	0.161184471550538	0.458062983018313	0.221353752140388	0.738959212339337
100020343	0.739137888643804	0.684870101618425	0.2078204990271	0.753487844900562
512	0.322906885634203	0.616544073553914	0.240569081643575	0.727546197258955
100021100	0.512367512302975	0.830046956174602	0.218839684011495	0.760090490240203
100002528	0.19906609334185	0.0433238181502611	0.258878136308267	0.508810104617374
100001287	0.373086297604661	0.720152296832686	0.310905565137235	0.690602213063942
100001229	0.800314660812283	0.851649652678873	0.226996629580857	0.742361734464114
181	0.47969453283298	0.928528360986504	0.215717949345934	0.768733317083358
100015831	0.000923399474399068	0.0155738286177675	0.29755681610031	0.529243170294639
100020515	0.243466171151493	0.355975166559862	0.161314889427582	0.960400694070575
327	0.184203774199934	0.244024000205713	0.267644815845821	0.711168713709109
100009394	0.833567551907968	0.841801616269085	0.210391740556509	0.775998370720544
100001596	0.835042414606539	0.221790829982587	0.192871852160709	0.575411005279029
207	0.609729861562396	0.370671279746562	0.22676875468164	0.712114281913332
2054	0.454680536342678	0.710544820408042	0.20553778866529	0.779553564215831
100020259	0.522144541451252	0.503139370344479	0.240574057534193	0.743045927183849
100020414	0.00257744705746815	0.0313654005278722	0.148260485204963	0.731661700257042
100021131	0.730014798521979	0.329442866226341	0.213359375317084	0.713071290815892
100004499	0.943872745326571	0.678917935166999	0.20947441222052	0.722537727742846
880	0.209016150607045	0.843820167740468	0.233783231878647	0.754458908715651
100002049	0.489567311843764	0.310771478321328	0.242680700998008	0.70618154649509
100001739	0.556465138019073	0.269064584642798	0.282186737455047	0.715577885207684
100001126	0.563522227537599	0.179868529512951	0.148661481870109	0.627175057023124
1113	0.400114843940135	0.646009197158545	0.235879491414581	0.696855849807724
1083	0.760643899765864	0.232973231046649	0.237456572877156	0.654389990682349
100001730	0.0586184172623821	0.168791196389529	0.254282662068462	0.62441824640934
100001412	0.805796687012257	0.851414393355291	0.221606480674696	0.742388587397007
100005996	0.981029604623388	0.456461576886028	0.201690127519929	0.722446309123277
100015962	0.00563386427940968	0.0671512378744641	0.151337609319367	0.9005045388589
100020214	0.812767470614701	0.504199515695122	0.232171117059148	0.685783356474356
100002514	0.0579727328631604	0.245699548354032	0.223195400119391	0.681694402379137
564	0.133806654190662	0.0409151292985156	0.180897368106353	0.631062022712789
572	0.0282507539744598	0.023436737959588	0.334285582399064	0.61425653292938
231	0.988933077614254	0.636357775192624	0.197741495802008	0.774181987386946
100000453	0.995696361620852	0.796053607689179	0.211385633411859	0.783856427730401
100001007	0.102658267041178	0.237463331864503	0.262873490758584	0.629538656339332
923	0.541199433932672	0.291513733009546	0.202791308294529	0.821870917997754
100001247	0.458685466297725	0.543149776417133	0.204641312548306	0.740513354744256
100000774	0.846282927369905	0.884379773570222	0.214767835808572	0.746826850802756
800	0.436471907887902	0.397422907522587	0.231637895846049	0.812203268701156
100021678	0.25283777715662	0.34984820521447	0.173800129488233	0.758619027562512
100021711	0.252173612124569	0.649037862921981	0.2376816728932	0.785174070896379
100001274	0.586382172150457	0.3002480279074	0.200798853905264	0.562974529182904
100021220	0.247479949114353	0.245667684654664	0.281921226140963	0.983877135447027
100020253	0.333968016574909	0.884759661107367	0.215103481854552	0.766647898134269
100001170	0.895313989702263	0.222739292325488	0.205966968582364	0.658436712397695
100001466	0.366672050247704	0.97518957997488	0.220368891380312	0.756179231118232
100009406	0.789246917035328	0.695798721804587	0.209362834925616	0.7726832599368
1026	0.177047922474559	0.432438508494523	0.232764361009976	0.720681784008565
100020837	0.754111766883167	0.414199397598535	0.24870115191383	0.662072091094621
100001006	0.0589802018040173	0.0699396599224488	0.203589268305029	0.901632554514191
100003674	0.803595400586004	0.139734187568229	0.218272814662077	0.741823433138314
100004396	0.236518505278075	0.357566185846095	0.253592991771789	0.635845044366061
100015923	0.575126961791707	0.99868470995144	0.228096498839288	0.758488492870419
100000265	0.472743699530556	0.719110985003964	0.222327537307082	0.729850998657758
100001409	0.0363221960237802	0.0691933731308552	0.199843855376056	0.577800648237237
100003434	0.674739159206729	0.34513764903758	0.215745376118051	0.648192165060181
100001334	0.607040861303716	0.0797403375687287	0.277656102233674	0.626780449733962
100001102	0.891510438043806	0.669553822484912	0.226503609602886	0.730003421585852
1268	0.762441148685946	0.0820699918812996	0.138042205802489	0.701806325124285
100001300	0.284829307636122	0.105220939243263	0.194946274915289	0.756979353261647
100021324	0.29123775852752	0.816464611802558	0.272995329280447	0.75024355337331
100001617	0.106408593913434	0.0998676230656288	0.210246976036217	0.802342378994942
1105	0.975440335858312	0.197834213023768	0.298086615995521	0.448609309356081
100021502	0.163144425419866	0.418233669485239	0.219679813685309	0.77144904617971
2051	0.967928763841339	0.477842308623254	0.214418869223263	0.620158175112693
100001256	0.21491737877963	0.609944455583743	0.244555127093383	0.859546033915677
100005466	0.0361430633216624	0.0586321757055087	0.245898706603592	0.528223654429332
100002199	0.225785342146897	0.87663590802017	0.22345618963041	0.76458014365583
338	0.00803705064605864	0.0330610775689956	0.36343270805742	0.500677963663812
100004243	0.696209680534516	0.737055727727029	0.209664103882806	0.761244094052354
799	0.326198964246032	0.930110876379471	0.241311759715719	0.75913536704721
100008928	0.625943980046749	0.115665693889864	0.220801840476316	0.745416676550633
815	0.0705484465725051	0.233263153945157	0.216724587479587	0.848978296890981
100001456	0.0108035190677779	0.105381341860975	0.21816218164788	0.671355759140877
1242	0.0720822165643149	0.0836884264606737	0.26604560284611	0.550323765743303
100001416	0.301746586209061	0.114076384140897	0.148559999259111	0.492260994237641
100001462	0.471314592090955	0.392573502934726	0.261555241827821	0.716162220953716
1087	0.147223884338095	0.0340338959379926	0.223985044561749	0.718854786445511
100020421	0.0848503206675769	0.124944808007657	0.253224634960358	0.514085300334856
100000010	0.00617903220887617	0.0522092805378941	0.238278020329755	0.800783728173699
821	0.27990542058514	0.222971712039327	0.242092278742781	0.549178056842226
100006627	0.19201086163198	0.122546994775463	0.313930144144515	0.652611324608118
100001277	0.335528586663697	0.155855223487989	0.260670632700112	0.712341799131296
100021141	0.0547452967946775	0.218612691876657	0.24885655566523	0.850136146166977
100021105	0.14553393125745	0.251353697734224	0.230249239962531	0.552757435892769
100001950	0.000308303287693756	0.00628772591362878	0.28147928985903	0.941989051425878
100020217	0.797388958317909	0.246842114081545	0.142167041337963	0.566474591437095
100006651	0.0286681080983726	0.174514282734604	0.251655231640774	0.508722854925582
881	0.81715543411462	0.364949449208859	0.19985833403865	0.776630164639183
100001509	0.801602375632306	0.179986815253133	0.196406274741593	0.673128255871692
100021709	0.931678288208181	0.959227439714714	0.217409263264058	0.756054559676191
100001635	0.260794919054645	0.0346028718564943	0.236968687102882	0.704453262720633
100002613	0.456906884716749	0.12373722535143	0.2014721816226	0.846264618398824
100009329	0.944555062333237	0.960780523225369	0.224758646208195	0.786228513345857
100021123	0.881599406023009	0.64358545633781	0.225918830864727	0.676611343593932
100015760	0.253680501097352	0.160508575722669	0.176258239986944	0.795545501549952
100020205	0.227220639511295	0.306351889378743	0.259681677305918	0.529690204935754
100000765	0.743068911620085	0.528579520010923	0.209471644243963	0.716435189951895
100004111	0.265421886185231	0.146650625687314	0.240409033146987	0.729892056934339
100001615	0.274176138680187	0.717134090811579	0.215604036622445	0.757156606640858
100009227	0.241203149793684	0.134474983847628	0.314851623581716	0.890493583096218
100006191	0.447584778751935	0.641869812063423	0.238409731693663	0.711386665765843
100004542	0.527885262878988	0.415428090284697	0.231049032091973	0.797196516327096
100003686	0.35007128172236	0.14890671616798	0.315437253438589	0.690952162039769
100009232	0.0287122146047923	0.22136832668155	0.216816704415111	0.660528160331621
100001501	0.0486311807191088	0.104365104647901	0.288777627470962	0.796236665202916
100002367	0.483038525271204	0.242635489758013	0.203824137883815	0.595175746342157
100001108	0.29339890920308	0.756601029373388	0.216353443208614	0.74662387742127
100004227	0.735447074795089	0.997027289747883	0.217087163507467	0.75807893978384
100001310	0.172060709869106	0.264589389845336	0.201602191113936	0.882703161525741
100001994	0.798343342021988	0.799696753788691	0.215317647857829	0.861909720818328
100015839	0.00964594242727198	0.0117268012825914	0.293573363131601	0.853541583812788
100003271	0.00654311456769125	0.0897263805454408	0.291080289723214	0.554603659203328
100020496	0.685128383281076	0.965376065224558	0.224514842582377	0.7549666487717
302	0.569659936188989	0.368605224068	0.183209872410441	0.72376658580113
811	0.657987280321156	0.646914165582347	0.208268083905759	0.809643523842185
100001267	0.840933081178157	0.83773883322126	0.210090460769746	0.753790177352806
100001197	0.0392736642802267	0.404807331070402	0.250098429650852	0.762345051260105
432	0.185594456373947	0.435403729847052	0.234067908538387	0.734975611647064
444	0.0073191309499862	0.0435107388254979	0.242405355629646	0.917189797468944
100015968	0.362549523904431	0.394421037249212	0.214510732257047	0.682081787144942
828	0.931697646780622	0.760719843133345	0.207145281917987	0.771413126943967
100004054	0.166079978214107	0.702748757628513	0.218233837139798	0.771124302790428
100004635	0.0304797873021376	0.0795641329848179	0.591925444004309	0.437073079268527
100000491	0.106273855333535	0.249435020749505	0.185216947553302	0.557502195369965
100000939	0.0469493098516404	0.034398200016406	0.232591135614577	0.646329231901136
241	0.421818465234544	0.830024922989583	0.228490430132899	0.762486085799
136	0.286527236324	0.0536980232560229	0.180809434194244	0.964963825431804
100000792	0.557935083933663	0.876809136061822	0.214357918853897	0.8418764344166
100020973	0.60700911536109	0.671328075481205	0.231264324780028	0.733603298312214
100000936	0.630286705992569	0.935466057258113	0.216513060283473	0.758160192926946
100001313	0.00402740710479246	0.10741028733563	0.223705307599159	0.83265212359234
100001951	0.0512255364795471	0.0968275973923309	0.248581369885215	0.749408851153541
100006098	0.0349333369851649	0.125448092490744	0.255879631485032	0.849902802182506
100000007	0.168739885760509	0.44731057446936	0.222283230077165	0.769029651365139
100006641	0.933582469015569	0.919295234524435	0.232308602514153	0.757590999711338
913	0.0100868116016783	0.0598118561223602	0.274190458636935	0.613977394801333
100001579	0.847114252232431	0.45547350375125	0.241637809165204	0.757224875569984
100002911	0.109764304728137	0.0100078667413984	0.287868960066222	0.711337163657317
100001293	0.538342452400727	0.562473845773278	0.204450212767574	0.846208188963168
100002241	0.096167781413696	0.371175137770875	0.229618131280362	0.722078741558132
100003179	0.267173354848442	0.0571333576227977	0.196352539754325	0.594566775700816
100021372	0.40387553266429	0.263932887653102	0.164911054084379	0.760244492641247
100001956	0.340074905026846	0.545640194162127	0.219467590948234	0.672020348441664
100021162	0.105939290264457	0.101095122343472	0.193680937209047	0.543095934119175
100002259	0.387857148766606	0.631620225806026	0.200473575082301	0.749919414820909
252	0.361238127357283	0.574969363148243	0.253963048482644	0.696749880031242
100000707	0.402867890316598	0.316853132590342	0.212193475094656	0.768565859992437
1489	0.716082390078736	0.0224470049438803	0.161593374067451	0.724187976304739
100020361	0.0401537000704039	0.101537875423619	0.248706344940558	0.966289817533303
55	0.897814315780463	0.985960401377373	0.225131788661213	0.756777480960607
100000863	0.239428695072673	0.239049880682991	0.184955732281526	0.800116185591169
100015840	0.114062692404203	0.0783947466716545	0.295219345189236	0.720955776063742
100001541	0.18268612358692	0.0895050392900711	0.147312910134106	0.747572043522048
100006082	0.163906500237221	0.0619776016538266	0.294025404983127	0.745750443188288
1254	0.533500869622273	0.988983710096809	0.233608173031558	0.76231019483156
100001624	0.614511586503242	0.416479944632874	0.207468556455701	0.73263258433241
100015850	0.897334735145448	0.507358057349061	0.280739625294409	0.714154993169235
100001104	0.00220006059547629	0.0107549662057602	0.239275430321711	0.929251106030568
100000900	0.131540980690705	0.421186430858393	0.225387671366945	0.761652801809141
100000269	0.209563077876005	0.0773806033955903	0.125131112608533	0.713140021027029
1022	0.318111413308833	0.864383887201796	0.218417257584595	0.749077356886534
100005373	0.27524443297052	0.0953374393105123	0.19832268532951	0.781520095985431
100001129	0.138733279068205	0.697680955548178	0.209187077143289	0.789552802320958
935	0.0131824222005929	0.134744591078585	0.289285359249673	0.61619257670471
100001262	0.115624210882251	0.172530403546667	0.222296294068859	0.796410552037305
100019978	0.481129277347671	0.49257719056869	0.206303154346455	0.742352133701822
100002293	0.726467346003995	0.776862398186651	0.220128170779464	0.75930255973447
100001426	0.078522083283207	0.138344261027325	0.206238191687402	0.541436211031711
234	0.038206479775934	0.158255629088571	0.21576801291934	0.730823843074696
100005403	0.224053331215441	0.9495953729389	0.219603085531042	0.767591152029314
100001083	0.0449032061559839	0.334602819706607	0.239002722684228	0.780956706887785
439	0.70877352902445	0.331320472782274	0.234927887787865	0.751868502520317
100001086	0.460658657169342	0.491790375254432	0.23118786899283	0.82207519076523
100005864	0.691155655311938	0.423511522582082	0.195906668138039	0.833337563694076
491	0.514616745996907	0.903737847339324	0.215949672967429	0.759486967014952
100002029	0.458567563782239	0.424852347667562	0.208103171009133	0.614436650086911
100002154	0.990882580569069	0.56310575475479	0.198483231977563	0.734793543491959
891	0.519540546165898	0.214723465613934	0.246743144467399	0.722482276791045
100020261	0.312569798355982	0.407321756150067	0.266930621371543	0.731786634607955
100001296	0.605569619371716	0.557927458137407	0.221481058982213	0.661350192464167
2050	0.387917567959354	0.619601938435436	0.233426807347866	0.709239291619608
100002761	0.393819909997724	0.686798268368472	0.192548838488131	0.887264675123928
100006614	0.82438916123855	0.648758254629244	0.199424613339944	0.824894871175973
100001597	0.802492795183382	0.174549003750462	0.145234947147381	0.566821225820718
100020853	0.8679583301247	0.929377943628975	0.219047365063051	0.762382565565695
100001446	0.380522951961429	0.488528608581005	0.199444400993875	0.745882716331017
100003240	0.370153105896426	0.150823450425773	0.258171721932391	0.670804605428316
100001502	0.0176175688503107	0.177757276407149	0.265570407025552	0.867038377623686
100020866	0.0875402487114965	0.0102506525345279	0.124498350227749	0.559558154211248
100020419	0.0252041453903959	0.0811989348920245	0.234715791185116	0.482161881610945
35	0.569055246718072	0.327224162266755	0.19795731941486	0.70452609236249
100003696	0.00772826977430979	0.0431059280035718	0.326817854899961	0.69862596779017
100016038	0.905407908977607	0.866040444836274	0.213272700281975	0.738043634597352
100009333	0.158620231511014	0.145560774133747	0.211678357320023	0.795885657800414
100001611	0.202306864710044	0.391844436446852	0.286340916102052	0.731584337898087
100005383	0.987895728110884	0.387864465356598	0.234621932586338	0.779303565049979
100009239	0.287245215746918	0.133391287013102	0.278742177442077	0.567753480599812
100009332	0.275791509804308	0.216852317112721	0.214105082262453	0.721705433059062
100001731	0.14319776422358	0.619576110112701	0.223091621844151	0.731560872874007
100003415	0.179907938093378	0.268854774403312	0.197989494388124	0.798215748130359
100020578	0.115027370321386	0.178192181523586	0.200276142087858	0.644211282792368
893	0.733055742278913	0.30847675844022	0.204545856521197	0.787254710456187
100000963	0.179491220392909	0.141647382643651	0.293108512669188	0.522195739852755
273	0.172648977140934	0.349207991947871	0.25744625244795	0.74974490021753
197	0.352868803779875	0.34651867471491	0.205422349095006	0.614414888848195
100000808	0.381056663852125	0.255348201719947	0.207371962963876	0.914427622444502
100002284	0.71588416763477	0.36734607133493	0.140421940873656	0.697699921791699
888	0.866441152186908	0.088169746160001	0.236195331896172	0.739415776783082
100006435	0.88890811280397	0.522581848614691	0.188118191544628	0.956337432500019
100006374	0.265615322709851	0.613735647711952	0.225246945891666	0.746517771944031
100003169	0.610845375595753	0.983890399092926	0.216193750374805	0.756582298622898
1004	0.526349030274289	0.715397556782191	0.201240653426116	0.731088451089621
100005998	0.155249049316945	0.934823872463701	0.221191428851112	0.753672847468774
100000773	0.539571094435141	0.480272555657539	0.219556468053831	0.740824714949287
100010850	0.00898336162352346	0.0850414242293194	0.257786903600881	0.626259569259486
397	0.618809880354996	0.469965901386351	0.174414430992202	0.804788916142013
100000039	0.0655323502636082	0.199435645411232	0.169995570481662	0.82399959451262
100020833	0.78118037943839	0.750215329187151	0.22340529606308	0.802255325764637
1021	0.383132494637309	0.332817648266432	0.201791825748752	0.797361152504972
100020479	0.402677367854393	0.605308500340843	0.221260217098802	0.768090600689645
100001335	0.421918986090255	0.282654025743623	0.249318230399027	0.724495952563702
100000743	0.56551607245072	0.981594296520213	0.21667535436506	0.76101066831934
100009246	0.172606770605563	0.62345159862532	0.20769368312069	0.792857062863914
878	0.205554023093763	0.750238515971677	0.208370202489493	0.772256515375723
100021103	0.76080149377083	0.763307808561778	0.211307182842957	0.870666519418933
100021363	0.219353769405396	0.529767273398368	0.198742678619398	0.806121120781882
266	0.108492929471453	0.188880917636258	0.218569016257183	0.677078696538111
100001195	0.319586861609888	0.229250940092615	0.284315133737853	0.680431854950883
100019801	0.722058436867731	0.682297160504249	0.227566631732522	0.743880804564293
100002196	0.0615844969282014	0.313507225809415	0.235231834248467	0.766867728740351
100006370	0.344044550026332	0.95918505540185	0.21888326215095	0.755341678442454
100001510	0.0242944656841275	0.00324020273002061	0.175827703998953	0.868474115864729
100000437	0.656671116837901	0.506749762760907	0.209690458799198	0.818559438499882
100001767	0.12002451674286	0.030010017379944	0.274281671705646	0.826099638791465
100001810	0.60421562944856	0.653257216216107	0.229449123959478	0.861696979278195
209	0.034491433313578	0.347053141054053	0.252904704276687	0.74183180483071
100001485	0.260652557609246	0.089123549967495	0.124979349826766	0.684102401022782
100002500	0.0900407539897201	0.396091191111152	0.219062024702523	0.7254750592102
171	0.0181970477580424	0.0160884645959525	0.147254574265127	0.778416368140968
100020487	0.875500323156385	0.771476695851676	0.238057975835686	0.698153489385586
1206	0.00701894864746712	0.11264217041614	0.218602260951789	0.814993638165692
344	0.00970120305531055	0.0267374651140596	0.475210483997985	0.860716262726672
100001405	0.392447596423754	0.822148784862852	0.224188830556392	0.739590214643162
1239	0.951310567904257	0.55836431206216	0.243621154751294	0.759340013508951
391	0.101125653439384	0.235784753126986	0.208553968850185	0.943054083446202
100006430	0.304902424338709	0.131998435159389	0.273498815384432	0.45301146091828
100001417	0.896978466561455	0.465811392478511	0.205194056278577	0.881420155631114
100002951	0.0550963789983134	0.45634377116279	0.213870736171465	0.670925107298113
100000014	0.519325029421751	0.637863404815762	0.213686775023853	0.790786601147617
100003926	0.536667419012597	0.467923183411251	0.236853131405222	0.738204311946515
100021538	0.519302592742579	0.387466609741782	0.258096265889742	0.668500027516563
132	0.325290607404913	0.935101217035429	0.218039692095677	0.757121404531857
100001425	0.337957428510001	0.364913194390852	0.29408170348677	0.669567522198176
100020262	0.501649833159044	0.587952825608341	0.236052696750372	0.744630777359303
100002679	0.479869484175186	0.7748112236804	0.209539534326707	0.808340187112205
100001270	0.692060969488363	0.60042015982268	0.222857709452505	0.735630141658173
1102	0.837039562017393	0.990185387521827	0.217194104792887	0.760845521316137
331	0.305642069625633	0.223280894743548	0.18061895719906	0.64749699561443
100006361	0.462488172120314	0.556010461533687	0.195684150949996	0.846703791019193
180	0.951778317397211	0.845492054453338	0.230333963118046	0.754483451487853
1053	0.379400242380812	0.534926888574209	0.329850817403095	0.812268435963972
100001359	0.466498732331516	0.788971862773017	0.234224767157437	0.717134947628212
