chemID	simpleLRM_Fstatistics	multiLRM(chem_sig)	multiLRM(sex_sig)	multiLRM(age_sig)
100021136	0.0132307122840447	0.184566085742593	0.301507274618792	0.517181471963388
100000882	0.768692587337611	0.70071361472655	0.275900227989706	0.442518333595145
409	0.105600684030229	0.177656621013704	0.306661229094788	0.279613229642113
100002254	0.737955306837714	0.0479727749673718	0.180998789934935	0.451626558081298
361	0.00924865954624614	0.107007986345329	0.190833086752088	0.439466078144517
100019975	0.775870183284194	0.507002398035356	0.267352721881738	0.467941771747599
100000257	0.000908348283167528	0.0230790213674048	0.269264160643469	0.420741016506657
100001232	0.964950986416476	0.938953968250443	0.275213829018548	0.456788918104103
100001948	0.493644801150602	0.458690416890071	0.284948765094924	0.381838520241572
100001073	0.598392275656768	0.612344002087891	0.345228381765486	0.392569802003846
100015637	0.863384758436102	0.328775828036677	0.289312464483173	0.434352424088794
100006360	0.64994969005658	0.74921941609561	0.255597478865422	0.514150887322599
1488	0.530996671466421	0.581069059238366	0.269112203540652	0.435767688528023
100002253	0.816525650174319	0.941456017250096	0.265558931321315	0.468968828802751
1023	0.924719531887661	0.733797378595858	0.26378418281865	0.451012997610799
100004284	0.701606222429499	0.812470543517349	0.261578083485579	0.464946622771401
100001251	0.840130318587023	0.851088044520555	0.272064934756125	0.458877122969743
362	0.726948976607293	0.444949713348395	0.238837621067391	0.454632277192187
100006620	0.923944765803987	0.712744103015793	0.267470146637542	0.461287354407881
111	0.354474451315562	0.153449816035717	0.22224027862221	0.430789822030617
100009045	0.567040166326773	0.254998772589194	0.217981916072682	0.594759708099616
100002927	0.681766116317984	0.849800981597895	0.261275029392043	0.477306025737276
100015641	0.761265530274152	0.900108516716185	0.262079689488036	0.466776970500429
1114	0.100430522350358	0.919630559682366	0.263279582079917	0.462611442809327
100020409	0.404802620668743	0.372598242314077	0.267036909963633	0.364822936877434
158	0.0827939289388499	0.194777920617934	0.349175647474735	0.463624943479315
1224	0.0682540964371801	0.235314824616334	0.212216588759216	0.503815039949172
100001620	0.549765151165414	0.416563277368798	0.233584462345009	0.472745964408461
100020893	0.363290256111857	0.0731119866045813	0.247189680122409	0.272474121556035
100002458	0.647777141097072	0.648247120583125	0.298979023207051	0.433391872567411
100001112	0.743367839765317	0.991420357829203	0.266002458229856	0.462290363681411
100002953	0.41308208747046	0.807918179206503	0.263416715241844	0.470828665818584
1141	0.467339187855846	0.0657796584868731	0.343552710836508	0.338158146726814
100015834	0.543065181519252	0.835624502969057	0.262010200939401	0.448585004355747
100004561	0.567411970158728	0.797736754265046	0.271017161301844	0.452989062184861
100020497	0.7824824217707	0.812804936372973	0.257491601350046	0.476282059955833
498	0.0329831765021708	0.246620152639408	0.261787970445993	0.513988314197366
100006051	0.837102878191547	0.803961361241859	0.270607355644876	0.455055064537689
1668	0.218722569371355	0.733609008395403	0.26572946867866	0.456150781834142
100004523	0.432114359180444	0.836998679425709	0.275695341515893	0.445369509441505
100001604	0.248090252123029	0.555054701513619	0.262866097085838	0.498177017760188
100001002	0.158219302715978	0.517912648592899	0.278524238026093	0.44220617929444
100001987	0.0507430324432713	0.237185195374304	0.82947342861401	0.337135013724311
100002462	0.701770663370247	0.387326518769612	0.317796103203103	0.383923466369868
466	0.576552672896254	0.0690583613367041	0.292757314883418	0.440302038872987
100000665	0.874943283026763	0.43932045511389	0.299750437378162	0.416513469775056
445	0.913399943400757	0.443374712651721	0.294858246888952	0.501589464214358
2029	0.172707323953583	0.540410431169759	0.281986656694511	0.465320134858289
100006438	0.150035153292518	0.29394569044945	0.308879957883022	0.480940634477625
100001398	0.144207163447154	0.537434124945511	0.244774177757505	0.475199541732886
235	0.513914206752355	0.55260244676816	0.242600879999463	0.493121425401813
100000997	0.719909662739391	0.673339023698103	0.268566719576347	0.440584255448853
100002094	0.259542417674565	0.182885902962126	0.219238237077442	0.337177857652453
1052	0.58349871215373	0.958745010820739	0.27085603591199	0.474389720300679
100020823	0.330969023628438	0.604818457756765	0.250096493443954	0.447450780495613
100001806	0.272159278267145	0.627509377025023	0.312591932179399	0.469469866386065
100006092	0.99166162035775	0.969811072713887	0.265259037475787	0.461839878123835
100001415	0.143803865326499	0.0824418269410881	0.269671023431088	0.265958326481655
100000008	0.0485722776933426	0.0772736693525811	0.295989433068011	0.331498925115495
565	0.00758309187277371	0.0525449841050919	0.264872356612368	0.52396935446075
100015851	0.132969721753751	0.193855169549569	0.345231646814073	0.577542944657278
100001866	0.621346440174136	0.925958243645027	0.277928188790809	0.456185642991667
100020546	0.00160258306667658	0.023796841827589	0.499382446202663	0.600845960967879
100016110	0.539322109375617	0.44967114941899	0.2204721488513	0.53639694979177
100001254	0.00185921945728573	0.00974024976422408	0.349874712766565	0.618504233882751
100006260	0.401652466102276	0.869301036826872	0.269465313335711	0.457101990935208
826	0.690083098377437	0.865773797512233	0.266702435653417	0.455601507554699
100001872	0.437066628810287	0.848095158718682	0.266741884549401	0.457900694851861
100000263	0.265814598929585	0.301604426660926	0.342119375572444	0.435785750289163
100021198	0.977748430965249	0.074021435593239	0.18394197609469	0.259988883658018
100015967	0.0348918266056666	0.0787716534565857	0.333742570081504	0.308591835762752
278	0.120806445067333	0.277020664157071	0.250172286113387	0.717959158258131
519	0.747162272140081	0.3234940018616	0.320948400971467	0.409147781254569
100009337	0.120581531871657	0.363432943696204	0.356212854316836	0.454695980550533
100002185	0.302307883046947	0.979120375322387	0.268955254178071	0.460743360220172
100001278	0.43233348821829	0.29242764311744	0.32731931331206	0.431550214806056
100002103	0.740258862329441	0.674802927815129	0.266980499894069	0.430556822227802
980	0.811207114967457	0.466463981842918	0.294480064745063	0.447689012445435
100000016	0.849660103776091	0.433005949529397	0.262570738965642	0.435627286030358
100020372	0.15665483875185	0.405050560703581	0.262474057811682	0.388955671999949
100001662	0.772851952911917	0.147255024345068	0.107722303566593	0.465359774487765
100019972	0.945644275984928	0.659350470290712	0.274429083936765	0.44765928956201
254	0.782126767568802	0.758950410908056	0.26425776202843	0.462638888170295
100002009	0.760497136095089	0.578884238424054	0.263262961515048	0.380596533498257
100010895	0.382245919057025	0.483417841927418	0.316250463512133	0.435105814691413
1140	0.789053947949895	0.922713937210285	0.265944493715631	0.470177184316341
100008951	0.571510513273593	0.467036399604153	0.288050361615329	0.418149072783804
1084	0.2538957507211	0.717092227742878	0.265003535284447	0.505005451973892
100002796	0.227563291235632	0.637135719883759	0.250559386736603	0.451422201878442
358	0.887823848890961	0.953281248578873	0.265307017884813	0.461476956924195
100002070	0.948541562966553	0.802391988505134	0.261655736835036	0.487643442742907
1628	0.326596991777115	0.120736545711197	0.326698994948073	0.434146728057778
823	0.755423036551992	0.57055824062295	0.236622978719555	0.51404335363467
100004414	0.448446881497997	0.0999584259375475	0.348202990576383	0.580855063104213
100006129	0.660866360204603	0.648629581048809	0.247948869798431	0.472268896556533
100002028	0.720887769815581	0.417686631844753	0.376417041313306	0.310066858095213
100021707	0.418574783663043	0.562619336009195	0.234606182004542	0.501935358985255
100000054	0.585207726027999	0.540542044009383	0.260102834478955	0.484257552629063
100010869	0.508516315002899	0.230960938464817	0.275364880626546	0.359476697858133
100004575	0.0163874062157519	0.089175137758683	0.341586027967758	0.743635388416069
100001212	0.928518493358187	0.666827213553351	0.269330708533306	0.415154678193597
818	0.205273526819332	0.507035777808654	0.311164617676988	0.414041025154085
100001092	0.00353435653685085	0.0480233393780319	0.268004093509616	0.535565513039656
100020371	0.946545994400436	0.850249426355084	0.270417905265824	0.455848003948124
100004112	0.243536975886527	0.603678304336855	0.280716998844098	0.47333665154008
1125	0.396303577061802	0.345205616710262	0.295733041266816	0.478368495290563
100020491	0.993595947555263	0.606106827218583	0.235470134078178	0.474121395131169
100003151	0.00269331076452184	0.0241578377608045	0.406011756117549	0.367223467609407
100000011	0.317670392851287	0.130760931721306	0.193312160075009	0.567816087203983
100003594	0.488241211707342	0.973904871332232	0.269093146493723	0.459692227088176
806	0.77749498156599	0.143897025962227	0.262551273962047	0.298808831905226
100001211	0.879277681738844	0.490387224517952	0.277938481817996	0.436058104188432
100002417	0.605020181714705	0.602799356909607	0.256780981462532	0.427405685623438
100009335	0.499957012714451	0.190531197228446	0.214354005649276	0.468049697028672
100000781	0.917032495056431	0.80637607625763	0.270524517369346	0.458148856275242
803	0.037724412187514	0.0358308100070381	0.255646947566063	0.381734361343941
50	0.454127356627018	0.642434233917963	0.273365965073878	0.43963023702634
796	0.367372915494783	0.0450696750611457	0.294358837613316	0.424496995530848
100005834	0.912788931390136	0.664637942147615	0.3086374360071	0.453718812350966
100001580	0.936608701633235	0.521667824574424	0.288767513751386	0.460461307290992
480	0.687243046968844	0.69192985174911	0.245668840725441	0.469819056273695
100001540	0.232781057619661	0.812139716207738	0.328855009964405	0.520051675262091
339	0.591782501695765	0.117021922456421	0.2406444838506	0.38987957212825
1110	0.950991449894477	0.938806490799403	0.269165855880484	0.463224892414937
100015836	0.159068112330517	0.232706786431947	0.383887950255112	0.597244508610423
100009271	0.512379006644636	0.473196373378726	0.302933228850126	0.441125449261152
100015638	0.97319287829892	0.414015498370675	0.280199726362151	0.441747878368645
100021667	0.87516313832493	0.415358283170477	0.311561592307812	0.439840852367455
100001279	0.627782891105008	0.453372344417935	0.286408551253789	0.560486378641937
100004208	0.0227058687540037	0.149706422909714	0.40094748892144	0.574857245845891
100003695	0.273209118620984	0.160308313654207	0.28823695362257	0.31119205642487
100000802	0.83966926849811	0.808905552252003	0.269460779833911	0.452949654893827
100002769	0.955521983416455	0.144530755312479	0.199761837894061	0.565810018596777
100015835	0.0993881077645498	0.352539537300398	0.386941105897183	0.624037307258095
229	0.881166282891795	0.391083611382564	0.300561643752544	0.458583999942048
100001266	0.00275524414541882	0.0178258702297694	0.342333180383105	0.678158838363373
1342	0.285810710743516	0.332906911404544	0.226105317717093	0.470225211059428
100002102	0.697418737966221	0.508839099075695	0.305874805068081	0.54794700209149
100020254	0.134768832436147	0.526914507187971	0.257653227637841	0.476555069186501
1231	0.493528755204407	0.236706508602469	0.320180219368099	0.426546629833413
100020492	0.934709450655838	0.942507796133971	0.265358813189027	0.459358262350657
100001402	0.323013921630627	0.487491304829391	0.301478551452565	0.45569415952896
415	0.00287803403142213	0.0544752018139418	0.319024188043445	0.482826748047671
100003109	0.704595802911638	0.760024127237387	0.261561756059932	0.492788252558277
275	0.486307417657071	0.895099686133412	0.273940077808032	0.454544039795959
1143	0.206541736402563	0.0958885313856864	0.24496720844177	0.568212993681869
279	0.492212312588056	0.378106544185951	0.266976084208636	0.370822086869729
100001198	0.988307156219926	0.949673168236381	0.267019887389266	0.463935118222883
1648	0.354588695259624	0.911421453305041	0.266216540391515	0.45990538826948
100001590	0.340222458190091	0.249711119167363	0.254181665515154	0.391380743843052
100001733	0.426648673805616	0.985504236606578	0.26608741844433	0.463110446455419
100008933	0.0125046188166979	0.00165811360551427	0.372155302590781	0.411228949155573
100001550	0.338633348878641	0.481365321111352	0.249947745682788	0.415615121644467
1215	0.0786552929702524	0.220271572631259	0.223092826776251	0.42732475954408
100002356	0.265292657962595	0.105420768964082	0.323890614542948	0.470135429324807
100002749	0.656958067503868	0.741171029045476	0.26931320934916	0.464824380000938
100006379	0.195603738934246	0.160647468579316	0.311339595600262	0.274414405082978
100015966	0.0791021757970233	0.13181203081122	0.291111525207395	0.308713640351421
100001392	0.836891162049393	0.77382531742659	0.27084158446178	0.449746625522765
100020425	0.152391450699352	0.049932075274284	0.221512493817328	0.277225332821483
100004299	0.241060764365525	0.752836096043462	0.286240973289191	0.509736718954653
100001734	0.630042395199828	0.524314376090858	0.280625328509983	0.413733124730874
1002	0.796438686560041	0.870899367145449	0.266743708121918	0.459348341046649
100001337	0.365760155192482	0.85267693777923	0.257791041181603	0.461627849853723
100001452	0.682002309855801	0.859476724851447	0.2648690513155	0.449072143736445
314	0.472238529969445	0.358926613345971	0.276883510449171	0.469056834116813
100009264	0.971659092205304	0.588771592270999	0.220693042098736	0.554525787224961
100004634	0.433926009611743	0.485984429299231	0.237790059412611	0.471105302022737
100000711	0.745552515575779	0.768426584840457	0.289346695737873	0.478523180820005
100020536	0.0223322737304029	0.0996310617728395	0.32990508605046	0.56804639074513
100004318	0.35876804576117	0.553175259302265	0.275380057655297	0.468009109584648
100005850	0.992756207479081	0.558872085066072	0.328516804260571	0.435255161434751
100006619	0.348911252338428	0.153964086123951	0.303377598687827	0.460500151074542
356	0.466971653647348	0.648198115632829	0.255541874795479	0.473604473890321
1221	0.614177061688176	0.708518472862899	0.325228982378928	0.488765777699972
100001397	0.644855028374713	0.604292611197624	0.264419838953737	0.440152105645291
100019981	0.57827643048246	0.920007239470825	0.269022034195442	0.472000464336306
100001208	0.367017134872928	0.252485983451675	0.232274917569925	0.712380565408987
503	0.00896500045588355	0.00784337909865341	0.153404354302203	0.288533249301905
100006375	0.238267248287579	0.823540598435479	0.279109742456996	0.457656976337565
100001295	0.615310027379947	0.615201266360885	0.258990464457724	0.533010383049746
100020427	0.0665615270904314	0.0275795977946062	0.256733476803118	0.236108449801117
100002784	0.542874078678025	0.435051049166384	0.231447966679857	0.515138556581902
917	0.0532819415933341	0.173314620779199	0.294961932294821	0.413449118663768
1869	0.411390053581092	0.209896732440049	0.287467945803153	0.371170197584121
240	0.309324979987266	0.117095464144288	0.169749616254309	0.324678000147251
798	0.0063898507754799	0.108804834256718	0.392278588873182	0.41153101836416
100002952	0.29924556615044	0.552400153750537	0.264699159843706	0.51127561578214
98	0.499587626306312	0.726312889122407	0.28939118994854	0.460745225814762
100008998	0.29008521596889	0.315381167401689	0.208222707680192	0.51422951920013
477	0.915045179449257	0.290764547554705	0.271603932283342	0.451517417659808
100020545	0.0617056952674527	0.121829658776493	0.309371118106159	0.586518644889372
100021666	0.896623846273859	0.18689340048668	0.307966698402553	0.437998943399496
1256	0.441488579898462	0.670211895586794	0.314662111162164	0.489318789320942
533	0.436349709004764	0.100941374067828	0.193137767919034	0.295247206023202
100001757	0.419399743339018	0.868181444567089	0.275776869176722	0.453450393294195
1024	0.235090296776877	0.0825292572267168	0.176131922895845	0.879804043662756
267	0.512938314664737	0.983072481018674	0.267531629598717	0.459557037785323
100002113	0.0999657483174117	0.0892659024663903	0.257015303036812	0.473946543172042
100001756	0.793510403964435	0.712788666376065	0.278267194506355	0.476029097937226
100001193	0.477138235967251	0.198431099952234	0.331362741228213	0.422957520685886
100001668	0.646276152877448	0.970030439918743	0.267124483207959	0.462755101315071
1124	0.27846129863119	0.275850887521912	0.232607019948229	0.538166218370626
100021331	0.204891515419037	0.384153622563409	0.25219771855962	0.503826540637122
1090	0.0749736369140525	0.0459292987992397	0.25639220465097	0.625979814030441
566	0.708404969203384	0.438738937534491	0.212653792854359	0.470837878874467
100003119	0.460389089658491	0.257498970050614	0.299574530714189	0.406691812634045
100006367	0.701312048340131	0.493417889048877	0.277721785465287	0.436381636513298
100004322	0.207712322912788	0.255200558700329	0.273713692318313	0.531876818214883
100001034	0.616867635386446	0.898374396568495	0.264654608092582	0.456357990805523
112	0.991705293622623	0.903466155532678	0.26827370471286	0.4563406525942
507	0.801797558291102	0.847731445839503	0.265338026690367	0.465055623067031
100009233	0.298070169620782	0.189397098027503	0.244355217726298	0.467376697830001
100000406	0.0231393988680848	0.15294141139121	0.423374854613796	0.322191384694517
100004046	0.29786485971059	0.427394651926641	0.178645381772343	0.416505552853038
1025	0.829352167356785	0.767460254495989	0.258918792652615	0.475182632935017
100001106	0.164630187845593	0.164657674161525	0.218044801656942	0.481417485188983
1128	0.021827831013529	0.563928155569242	0.297124027889776	0.496998480980536
561	0.0589456174179857	0.183865007671355	0.186202436345553	0.398599464517373
100001614	0.772981196649163	0.311205290714294	0.281308633345387	0.427704421737425
100000961	0.815025062749126	0.925111566891298	0.30223616556924	0.45747034574315
100002397	0.994524917880263	0.670497147301416	0.266526417939085	0.421096015869727
100009407	0.925106439422158	0.969791887797489	0.267136966411714	0.46327008826716
100002910	0.808717870256544	0.610708926696207	0.244194203933433	0.41296573577716
100005946	0.203586618409343	0.319669406183424	0.309679444591843	0.536850313170325
100019794	0.0786319360596473	0.282783749250136	0.26823402800929	0.593344099892341
100015759	0.307915237094856	0.100684931520804	0.224454366991096	0.453714984268396
100020417	0.811552899591677	0.672166596685851	0.256590957000189	0.448242995532363
100001054	0.938742429086097	0.612118083581687	0.282046350403086	0.439806603770299
100001437	0.361124697069692	0.327401038289606	0.222229403671405	0.406500150557564
504	0.190302091988963	0.642594668147445	0.322965830312382	0.463410094063749
100001988	0.429084130219923	0.780390410803946	0.263364942482585	0.566615261628338
1082	0.0203135870746282	0.535744545086469	0.303168506655901	0.481992016725014
100001403	0.273552040752097	0.285213867740879	0.300020126929191	0.432647107171167
100001664	0.802367024959967	0.547146733295041	0.252591047289017	0.611288717213812
461	0.238533970091516	0.222874965246675	0.427784434066589	0.429333803077066
100000463	0.627444843979436	0.959233725043636	0.274198099457539	0.459954539115014
100020208	0.63617543292726	0.542848727249525	0.301172326809751	0.38203973454551
381	0.642855894409794	0.0778269231153186	0.122255910652313	0.343866435612377
100010901	0.0615555678634872	0.0644459663596679	0.265186772285627	0.537551147603093
100001468	0.232000724555512	0.973165460102443	0.266054993390454	0.473405200593435
100000840	0.913768662768316	0.929913690155182	0.274354459953018	0.467283639894436
100020014	0.260042738467106	0.622329416042898	0.261405028005619	0.472959793906799
100001993	0.766410165422531	0.676881623973899	0.236275730794636	0.581785851310839
100001051	0.131629907820487	0.0248708020476396	0.295702968650736	0.231931886679411
100006116	0.361319642563204	0.497177254982619	0.271006947273535	0.457686650059871
1108	0.913078062181201	0.877445977532921	0.263210749801951	0.468223096373252
100019966	0.373981386809451	0.154131860764227	0.318392758733372	0.43556519949223
100001743	0.5811993327979	0.377354725826289	0.256911676798403	0.438452219883331
100001294	0.0831881358912239	0.135830113695684	0.177642033411708	0.478034958287185
100001609	0.184081744002436	0.0793640371086382	0.24791286179979	0.509376081080775
418	0.887488783991001	0.894267770564436	0.265156091398793	0.472164687314472
100001178	0.323819906156699	0.903055742397251	0.265125002472473	0.454095766877868
189	0.847476254919866	0.741745444883921	0.249584744823113	0.44275078476933
563	0.468674401166453	0.807956786126126	0.281273966423374	0.45074129568445
424	0.584479962984814	0.453920470585912	0.297338684774948	0.443143198456233
100000776	0.162253239118818	0.339455256229517	0.306933943224064	0.482344689524034
1001	0.793700980098352	0.3372133685124	0.27358772912165	0.442134857131042
1135	0.320613751566402	0.109712451384601	0.25606387524305	0.50456340132142
100021093	0.340324674377074	0.496012423885587	0.310087059195047	0.479020036993214
100020219	0.102017948411324	0.174306461763274	0.278002832905912	0.34771404475137
194	0.349209742776819	0.933884964244089	0.270575395723961	0.458815927163616
100008930	0.736061809934423	0.639693299742982	0.28916527713136	0.445890675456757
340	0.5183973502855	0.189975553783172	0.152944492929626	0.504271470160096
100010896	0.830851978496808	0.838851770677083	0.259298391069204	0.467048538669115
100000787	0.276342788324987	0.116738573810295	0.260849720178387	0.256908267025909
100000639	0.0359862771569466	0.237532811472893	0.241238146647046	0.466153979505259
100001851	0.941294315768518	0.236262432366204	0.294926585775939	0.295597640100696
179	0.720901339931876	0.542415499568896	0.258866114326141	0.459526091587602
100000626	0.39049110112771	0.769265517739156	0.276437045902461	0.458299021561802
100001605	0.0142125922380744	0.118964965432238	0.342146455138448	0.561765948991947
330	0.28404027762006	0.427275979502488	0.295549576954462	0.360180770590737
100001162	0.657841587466657	0.650861485944557	0.243881995956822	0.440985074301309
100001167	0.0597371295422787	0.288573120315412	0.264234406290781	0.462142822498458
100002067	0.67646118143735	0.762119313282363	0.351392143469515	0.424966303218042
100019968	0.665655967513529	0.365049440263406	0.296452071439037	0.409403264700309
100002014	0.832770820900048	0.895983206421455	0.266360849272066	0.460376985215607
100004083	0.541296943644208	0.172267999824725	0.297903354504828	0.376145156724545
100001315	0.265999942986833	0.317522354849893	0.284807042236896	0.529378510780029
535	0.201069553284509	0.494819930123167	0.291668435219651	0.446908072604718
93	0.47842289527751	0.270280703942322	0.302631515406435	0.344201384960234
100001989	0.400886055100541	0.694560348945681	0.25053328985735	0.495304681540069
100001740	0.719314556238259	0.392467400487207	0.241409171628826	0.472021072206794
482	0.225513916606601	0.922043529487603	0.26700453431758	0.454968071259961
1629	0.194710107309677	0.323501766802154	0.331354223208885	0.417982580556522
100001399	0.388620334621327	0.30661418130676	0.283168654143888	0.448640191470072
376	0.76404414581174	0.151251776620818	0.15999338990161	0.543888041306207
342	0.566811148909088	0.625360865939467	0.265559331943021	0.461129853905507
100001253	0.0177947482464789	0.16158598619439	0.222765611602768	0.636004400251549
100000708	0.62102817134465	0.824885108501757	0.281605586915834	0.46487562390778
244	0.084392435499905	0.0299706607743436	0.201884971673783	0.501274616631914
100006726	0.394409505049421	0.265208376901514	0.31659079290148	0.44746666950511
100000036	0.182261628177485	0.681509027649985	0.249352659669471	0.490031769874172
100001257	0.013599728852053	0.0714135925599069	0.374607637003515	0.676983825472341
100000445	0.40342010228488	0.890865844122468	0.27584965409542	0.454503827592362
100004088	0.00281682454236989	0.0983953516203224	0.311971815304684	0.503313276026324
100001423	0.979743904626168	0.732609663464269	0.270237641815731	0.436746058892747
100001276	0.443280631946981	0.275386801819421	0.242428896239551	0.405253572636603
100001876	0.79966479757379	0.857489636203932	0.262248787041706	0.463452924369773
100009082	0.67328004458608	0.0414631438796773	0.119782662733667	0.453783165376844
100001121	0.366306675587003	0.740612175150049	0.262325180338939	0.456610128124487
117	0.308247321035386	0.623285253213355	0.249700606150662	0.47513970195102
100001868	0.0413430233269216	0.131499695826879	0.316755502285757	0.470974921251616
1134	0.738501472281222	0.294974376048589	0.179339070349617	0.44432756807014
100021012	0.233308298375943	0.472579606856227	0.274215895882853	0.476850936674127
100001181	0.808299791243209	0.272745004347827	0.332147957876803	0.410715211168994
100021467	0.689194616531186	0.260120350223379	0.268914419183001	0.372327124183623
100000447	0.2532591556094	0.262989731825002	0.307946443511911	0.438608050210306
1162	0.000579006036486776	0.0139844335838242	0.350340925474852	0.38145626494219
100019982	0.544648812762012	0.430083377532091	0.278382682537085	0.43965329636708
100001613	0.988668644208988	0.435509142065636	0.281266675473346	0.433461591609255
100006644	0.273300004047507	0.566825775333682	0.243304735544167	0.466091553933661
100000096	0.587496964359363	0.0279194266426626	0.171968706749244	0.430490132929807
926	0.572740727783367	0.630793953241411	0.273132985712199	0.460602819713558
100020004	0.856540476908039	0.658908385616764	0.282576309437327	0.460911571054247
363	0.223081600980936	0.0428371803697691	0.244187834366785	0.15471172994676
1111	0.289430702660672	0.998930764749678	0.271814320128299	0.510385975897293
100021712	0.471142562478362	0.812667587031372	0.266603484538446	0.457224862050476
460	0.776063107829416	0.673151905230097	0.278458051603449	0.495332865523429
100009331	0.30723629577447	0.197613650084921	0.238239983898855	0.473973585660143
100000442	0.276430832955584	0.776262149541523	0.284775908796613	0.473892827153644
100002945	0.0910543098680283	0.0161245447017979	0.3537335790384	0.429822894517391
192	0.96922614581109	0.896921703608983	0.266546849454576	0.488585624986263
100020241	0.427488718885801	0.984218466214483	0.266667530112693	0.459722469906577
100000580	0.0961185507261557	0.110368438489644	0.221348346777749	0.659278596617654
100002466	0.0146957488159785	0.0368805371172724	0.227719302928243	0.309915769463573
849	0.924158175476529	0.930196112187536	0.267776049042682	0.45721668934798
501	0.539104836214515	0.39933505174228	0.296511160297193	0.429396779724474
100000282	0.701236731560683	0.134716730906989	0.341896492655732	0.380629564129389
100001577	0.0169008690122147	0.137819656552982	0.381835294764021	0.48755041609886
355	0.100082575625569	0.254004124613012	0.219090394661279	0.372573265082693
100000841	0.734400020011198	0.965637253494511	0.285767334177337	0.463178867797178
100000846	0.835803909210856	0.343923678362655	0.256935986023733	0.452443127174203
100004295	0.944040167281179	0.407614898163056	0.24594919188708	0.423729331514957
100001586	0.121698268966817	0.045139403561342	0.385217552784753	0.209402718288279
407	0.0106558707211454	0.0291238181076933	0.300400244260415	0.511033900417676
1137	0.787302473738193	0.721840347270465	0.256171437603049	0.493316521579295
100021374	0.0317737248911463	0.0155516015323043	0.205065938621009	0.830153947850446
100001593	0.818764804493527	0.710238552205369	0.254717577319677	0.461257646312099
100015971	0.81987091473018	0.798344104730636	0.26206734203382	0.460817456715616
100001022	0.304891787729586	0.178031134839748	0.164298369753403	0.686447993681742
1094	0.0578564272536424	0.275078670599598	0.407867372153948	0.66541301715007
100002122	0.293669536351901	0.297087645173614	0.225289058455439	0.550864194729485
100000706	0.515007044919361	0.643811499061322	0.238251894559182	0.464854698906939
100001055	0.676435226230763	0.463079079828045	0.244377997541855	0.425657325206804
1235	0.429510471291151	0.679629069165503	0.251925621491145	0.487419327643226
100020204	0.0617691729220832	0.440718608040456	0.293227717837027	0.488992436414103
100015643	0.0382010014073192	0.303779720778416	0.291058736166546	0.423593680556189
313	0.0259030639584447	0.282969181626083	0.28110406044576	0.412774443401596
100001413	0.545617496068469	0.817069957015446	0.288126536713141	0.465759803037274
100020423	0.02433998468866	0.015817492374806	0.291056795274904	0.220816525191106
892	0.424166744268972	0.130030973459165	0.29427574749747	0.482633863147003
212	0.0717065847570404	0.141715365014321	0.353576610943831	0.452379830186472
100006105	0.178307788578956	0.172761029240178	0.307235175216552	0.4688337726646
437	0.854580403412153	0.540646796268526	0.244764905983	0.47007048219298
100019892	0.672423056939691	0.670102483933116	0.263583768261776	0.473187220424753
100005716	0.055191086046314	0.0881047144180012	0.28876636468363	0.518615603036084
537	0.20696269348091	0.126923443686142	0.275384282737895	0.475152600507331
100001990	0.317452756628698	0.581866027566509	0.310284307324077	0.422819411108642
100003397	0.0457074409954695	0.00468736538367288	0.209443964159432	0.287586178032019
100001320	0.14381278618448	0.21388796291463	0.344158515327126	0.281864923555805
100005717	0.116188430576129	0.0884178928139446	0.312851158345307	0.477204723176085
100001207	0.033222260177905	0.190470422661511	0.305292090275386	0.47365428865971
100001999	0.532219315007289	0.947407131824858	0.268653560492669	0.518627074816336
100002488	0.238002262400239	0.0207342146713543	0.317525765262459	0.423133539665602
62	0.242992838054163	0.671341553837205	0.258700479110907	0.47658198377503
100000467	0.594447977303294	0.388002909796698	0.254150271199305	0.437025224213783
297	0.0059507744962696	0.143186242790809	0.272007490162092	0.431301171359033
100000285	0.02257127294925	0.36372635036843	0.26964730513655	0.545739499583709
100006056	0.0635191964940083	0.372187080074275	0.282554427727385	0.501176850442529
100002126	0.131757156939641	0.31218431155725	0.212998444947422	0.745577493617466
100002129	0.875928881148212	0.858288663224934	0.262810253263119	0.536014826970621
100020478	0.0386975293204088	0.23309562688283	0.241595797852232	0.488233835652435
100004089	0.10190942962783	0.630687159303978	0.282972601268583	0.444101965082692
100001755	0.481918290739558	0.571759446707034	0.267982962840699	0.426518777920554
100000551	0.0343292475806997	0.972547510198368	0.274807569366513	0.459192105783377
100003260	0.46971782735314	0.350105697737744	0.299284759352428	0.521009489938488
100010955	0.940214373835826	0.42442664205778	0.216203574136793	0.389273407992176
100020851	0.237631941089913	0.507135429778125	0.286499185215662	0.481753832867483
100016069	0.716067921158468	0.82762788723866	0.269840151035126	0.453515055555823
100002027	0.487439652177702	0.570578726959712	0.214552508132628	0.55449161845911
1123	0.419115619617898	0.236521257100134	0.256878558492422	0.574445893304254
100001150	0.678212596867227	0.916392684758848	0.264809190441027	0.463287972206025
100001657	0.237987918291959	0.751702775466955	0.267961109626547	0.453358612468817
310	0.230578487326491	0.341082724225728	0.233784498299255	0.544517393766333
100001314	0.273033066085885	0.0893596716970008	0.245565119905278	0.322798014752844
452	0.747941714906195	0.645632967201025	0.301225201199341	0.44101206611975
144	0.111817390760098	0.0649813712983431	0.326991120463166	0.365705721304352
100001182	0.219678000279304	0.157145739400923	0.330533337880287	0.453300009732501
100015965	0.715862171090074	0.469510331640777	0.255106986588868	0.52306302954382
100006108	0.918769189688491	0.464476492234673	0.276725992429516	0.494581311545314
100001400	0.739125049103442	0.640566007090763	0.252914639702709	0.453395613536672
100004541	0.333211552431152	0.186894588276779	0.259578951014633	0.266736059643509
932	0.839649340075761	0.181783031381172	0.271639663804746	0.454301299584187
100001992	0.44563857182452	0.530002742143397	0.386048368177989	0.380599715203901
100009252	0.142894745514545	0.201108211526711	0.323341888657682	0.45402531525206
100021104	0.60288592922903	0.587290500444406	0.223070726543141	0.573138826805991
100015838	0.00789086172423465	0.0426581833007473	0.390045191387705	0.665019910592589
250	0.000904248117909979	0.0226616316047816	0.501006853422944	0.555815289407096
100002537	0.959996431183457	0.51203370674948	0.247326914222968	0.552141916401411
100001658	0.936496761095101	0.768959122521076	0.287569099563831	0.4660154074451
100020416	0.287234563183157	0.341863743609865	0.234564617126779	0.434551381222562
100006642	0.169493660566009	0.704671140473544	0.252851680616345	0.473934204903704
100001391	0.109717912969159	0.416723280056307	0.333862018522014	0.556186405218336
825	0.547462285022129	0.735260595207991	0.247265310848916	0.466769958450764
215	0.0191144298337673	0.107753212659564	0.316436811642021	0.443366299165216
100001026	0.935490068924443	0.879730170636918	0.264540010146722	0.495508259637161
100020541	0.472280972590044	0.513074197358849	0.237260554871737	0.498257163205758
100001526	0.159939868765399	0.254748434982133	0.414370501821301	0.545328994749471
100005384	0.625727036063637	0.45797567435201	0.252131922932302	0.415138800432955
100020378	0.310460152521958	0.651267899284431	0.253407238177575	0.46006631286465
100006115	0.937338218529922	0.415545819455746	0.344267387677748	0.388575305579377
1442	0.229633210033869	0.0434325576449471	0.110400874774488	0.36061818717961
100001843	0.118622750347373	0.199177141987589	0.289689791502304	0.522656558523241
100015837	0.140767083092197	0.260507122495375	0.476977629834153	0.423647475194274
100010834	0.760861647449582	0.969641430022238	0.266766407945215	0.459002910017382
100001393	0.596361121085525	0.445805102575862	0.214144756862825	0.491708400332177
100000015	0.25780558578076	0.674016877438393	0.253913192469531	0.478956432750128
100003892	0.0490941754367868	0.0588892349614836	0.235735883452922	0.695385033338317
100000042	0.145411557414442	0.0222698024478918	0.28411077264029	0.346184405343838
100020550	0.641551906653139	0.234619167440038	0.289659611614919	0.386702243292368
182	0.398910926126151	0.326105989672307	0.257059536960134	0.472542094889973
100015723	0.147912603510857	0.452365652274169	0.269980079615368	0.446089630387599
100020343	0.437749732643206	0.517952288778026	0.243481881478592	0.465887512204664
512	0.353741455455414	0.659834052095944	0.290394196311402	0.43725006936305
100021100	0.777259413488904	0.72504025366765	0.256569027613322	0.462230210945795
100002528	0.347600789116965	0.0684899188900665	0.321000276186234	0.289924917569488
100001287	0.449262128586284	0.689544391772703	0.378511538114951	0.410185542887248
100001229	0.681085010085831	0.888060213422499	0.275523628420156	0.452547262447334
181	0.477794734545107	0.913607170256227	0.2691344966889	0.454901031073074
100015831	0.00201665543737079	0.0223547583957092	0.36225561588905	0.302074660871854
100020515	0.391756133957989	0.597417125919443	0.233705759323111	0.573169056777153
327	0.245686807911612	0.278525871797684	0.32325597105339	0.429464039129594
100009394	0.601738058872117	0.724051588429315	0.250156743595215	0.484249908274618
100001596	0.973057195405222	0.268986751060868	0.242712541397439	0.347561205369464
207	0.851999341849108	0.441973561780247	0.281242791592821	0.424710479812061
2054	0.7379613019044	0.893634681749217	0.276112499156883	0.453137126244074
100020259	0.648792284905986	0.543579361432627	0.293789858454565	0.446749799725761
100020414	0.00425840171714371	0.0501570141063501	0.196345468336432	0.459245342338087
100021131	0.749597348253432	0.314716846125251	0.258471163239629	0.441362231477864
100004499	0.877183442044851	0.443811700332755	0.248516206851886	0.384001129524552
880	0.216375539537413	0.896954159415077	0.279843534607735	0.459452487090676
100002049	0.534429791405564	0.318278838105131	0.295584218227802	0.422774189753439
100001739	0.57844015272703	0.265340047660501	0.339478888350017	0.435866472041823
100001126	0.536457298409507	0.162275151267996	0.178297253292008	0.390435707582029
1113	0.68824586256281	0.780153621272343	0.28300960153885	0.435662547538321
1083	0.894732019528003	0.373628555470716	0.290872838909788	0.408009876266154
100001730	0.0855596147170775	0.180361220448026	0.311709565900401	0.358773507373159
100001412	0.489071352281208	0.902694241171996	0.264630741565404	0.469372493483916
100005996	0.689896164135876	0.581845151248549	0.257135204510419	0.438763709630642
100015962	0.00584897087733662	0.0913646877611984	0.200161098370632	0.718820538064464
100020214	0.837727010553462	0.473230935522762	0.282489484528539	0.416960603082688
100002514	0.127612978019048	0.326432827666573	0.278304190896737	0.407214975882866
564	0.143989210279493	0.0369439786919866	0.227869036573906	0.317499281255336
572	0.0216635698837187	0.0155069111059083	0.400707815935388	0.342079145806659
231	0.959364624286306	0.679658428401793	0.247228266895931	0.47355431523103
100000453	0.629546177651959	0.498403409898465	0.241943342028214	0.490771000342055
100001007	0.134156354644598	0.250556794478251	0.318859318481493	0.37003878610747
923	0.501353573576927	0.268366891458199	0.250535957423075	0.490922641810633
100001247	0.619033517652837	0.725194723270678	0.258440859098047	0.460993832830036
100000774	0.543222991928857	0.919911146180481	0.27709087316856	0.470783693046781
800	0.40586554390601	0.382534947794034	0.282353751019564	0.521409410753359
100021678	0.26935898901438	0.370861400336488	0.218995942979464	0.453869149907728
100021711	0.44680983906869	0.873085891848955	0.279201647156227	0.467417535348803
100001274	0.910862399083779	0.422922495377962	0.257376345542654	0.356495426359984
100021220	0.109164855460102	0.174318765069402	0.331638610793601	0.741792835522133
100020253	0.342717261524314	0.922344031355978	0.265070498179661	0.463113470507462
100001170	0.841740725556747	0.193531576668394	0.247539728310603	0.393525303748271
100001466	0.205509501694894	0.785669248339602	0.277282359071292	0.448587448681582
100009406	0.763303559455008	0.725084894252327	0.257847106066783	0.47375521185962
1026	0.192448688082159	0.45664204218799	0.283652512888664	0.428684902986648
100020837	0.71128435290506	0.367053569681245	0.305864064294419	0.383889382636164
100001006	0.0643684862852034	0.0816849160193287	0.255520368030778	0.563116782878029
100003674	0.834989875605925	0.14486712689941	0.266087730245715	0.46514281074133
100004396	0.340058323359011	0.385888969510325	0.310244819773247	0.373220995802951
100015923	0.590805004353333	0.98816870214478	0.278342728381143	0.459950815029057
100000265	0.463100308334648	0.649531084598924	0.273471233305673	0.432410245403313
100001409	0.102070904807368	0.121519382387156	0.263047103729206	0.342335619421511
100003434	0.402957545375054	0.508511278464028	0.271604601620339	0.398734968153155
100001334	0.680364812559409	0.0872509064754701	0.332158908593818	0.377147615005445
100001102	0.781049214489235	0.648272970088929	0.280155073957035	0.433203106650357
1268	0.689037819142676	0.0720549516302183	0.165820388960534	0.438304669499532
100001300	0.250620306575011	0.0937176487814366	0.235691461224567	0.471360312693325
100021324	0.305607292109279	0.851741264124798	0.319093780979042	0.459852900453795
100001617	0.118565009737645	0.108092054493309	0.260443914721263	0.502185000839171
1105	0.94921539867672	0.173626336790315	0.357065672948001	0.246873273979836
100021502	0.0807060602625175	0.345971689457538	0.259177452328873	0.48888644084118
2051	0.85610455337754	0.478408725790034	0.266268831355996	0.357630784589236
100001256	0.0991775638404202	0.458801723502116	0.303948246507985	0.581108795781782
100005466	0.0722488304122682	0.0746372541983125	0.306877889766051	0.301025277908735
100002199	0.143136426105397	0.782652393740035	0.275086183513934	0.475754123156668
338	0.0163564508942259	0.0421512580530341	0.436798049519444	0.270559735103921
100004243	0.390708704660905	0.507151366239836	0.243417356720493	0.460958416249714
799	0.367613655346297	0.967969647997682	0.288267299503891	0.459629263595495
100008928	0.595989943383975	0.111210019691124	0.267579285807534	0.45583133156617
815	0.0632202061506572	0.221344765030789	0.269133835366236	0.518071308565187
100001456	0.00539486857905593	0.0657690465316303	0.255203517990685	0.383620408884857
1242	0.109937184038879	0.0995221123433472	0.323128892317681	0.332337712445188
100001416	0.302356471908856	0.0916859036527897	0.177966036221723	0.254152767388507
100001462	0.328865310824156	0.292791731637898	0.321863026386462	0.41682552557426
1087	0.197605801512531	0.0414528117551623	0.278700912401161	0.431586943395805
100020421	0.0871378460799601	0.108087133156712	0.304902577853589	0.282074929661527
100000010	0.0043690804091136	0.0295913052793483	0.295771678203403	0.622460109443762
821	0.57608345945652	0.353127981785985	0.299019130033838	0.344703327738535
100006627	0.231751443669879	0.107379482121865	0.388488512930292	0.365790687406276
100001277	0.364692386346788	0.156127778452992	0.316681871298072	0.427944668196485
100021141	0.0261354150004641	0.164481987352156	0.302284917912774	0.523613748168222
100021105	0.171944561298577	0.201448390225899	0.285919938784406	0.287273811857683
100001950	0.000383739721192951	0.00787821616134483	0.345380333686039	0.618053591618956
100020217	0.963323222252273	0.323959247367634	0.193512606716108	0.347682818275488
100006651	0.0496480111802769	0.235129097061178	0.301390943633875	0.318268172413596
881	0.947287465169624	0.405433668258699	0.251090642127113	0.472179065048269
100001509	0.74720378775932	0.162518430295996	0.236317785979416	0.40660494050923
100021709	0.59179144317717	0.815933500872291	0.260165838487508	0.465148451066637
100001635	0.214302197177055	0.029087972723886	0.289559566436857	0.363567712540594
100002613	0.427007457614869	0.12159765347522	0.248002974209945	0.530076517122785
100009329	0.494349722488037	0.684201356249778	0.239966515935607	0.58448896532817
100021123	0.98426567778226	0.643507253240737	0.276044756674558	0.408120075809016
100015760	0.238796525901027	0.160688908951557	0.218762195758243	0.480668304337365
100020205	0.481563081540581	0.479126141946042	0.308118992571269	0.353420986421944
100000765	0.595027561814494	0.607156296327139	0.261439511382868	0.428497979469837
100004111	0.310522160313137	0.148323086283149	0.297293973089908	0.432600908786926
100001615	0.224907547606896	0.788994942741821	0.265888546390732	0.455466809839608
100009227	0.162823445631358	0.115068488987402	0.376923481671472	0.569883459543891
100006191	0.423014254244458	0.603705341269224	0.291022414399076	0.423952990468011
100004542	0.517201767912665	0.432530182652112	0.280282136820389	0.504842570900232
100003686	0.308389772713497	0.124270211030485	0.379424303791355	0.411734456309813
100009232	0.0203345442031123	0.150300389595957	0.265092339431909	0.355431525691292
100001501	0.0465991835557798	0.105136274292066	0.347176821260559	0.492268854621193
100002367	0.439846883217599	0.178437458233919	0.245840234659827	0.305845360546144
100001108	0.253649172476912	0.857371991140747	0.265334742043087	0.457685465907281
100004227	0.664661685538292	0.898165225008559	0.26692077301298	0.452903891404335
100001310	0.146657411019398	0.248267552018839	0.249176184661667	0.549705968861835
100001994	0.817940287512778	0.989547600959796	0.299019246267532	0.505469693071842
100015839	0.0129872444248648	0.0143982425691644	0.357726022677359	0.545875090001608
100003271	0.0068716416728718	0.082633396308786	0.348994835279984	0.310492690239815
100020496	0.828214583855823	0.996224479869663	0.272393207340987	0.461005393863325
302	0.831798988663123	0.385046713586171	0.231428353765072	0.454121580011919
811	0.615014632155682	0.645178756124051	0.257037022287607	0.491521781047841
100001267	0.987281726937697	0.765601814970973	0.250834848809087	0.454683409769279
100001197	0.0238500757377066	0.351058271297749	0.303275361638739	0.464107649735867
432	0.229735023932611	0.487430047005284	0.284669809726358	0.445391057175825
444	0.00935936020990767	0.0590018825605965	0.300988439265435	0.560046762725219
100015968	0.325919077934074	0.32944407596391	0.26067475663948	0.387915729638428
828	0.971204595073377	0.830374950661772	0.259292325462661	0.463778763537773
100004054	0.28536151901531	0.919673647473147	0.267576039914806	0.463131842448279
100004635	0.0985934417847473	0.136111968149934	0.62575344392439	0.259265566230946
100000491	0.532356058770735	0.567449845361838	0.259184507002023	0.390067116670153
100000939	0.0512272807743314	0.0351089767278815	0.283136924533145	0.379120994316534
241	0.190204690778298	0.581526519911261	0.285906542758832	0.474643433365469
136	0.396232795087084	0.0852965103731349	0.235212442863393	0.633507935311759
100000792	0.491826190718306	0.997357419344231	0.275015626218784	0.510043969160367
100020973	0.606282782809457	0.582915530143175	0.287462553737225	0.442287855305352
100000936	0.724524131618724	0.886745869726566	0.265399462562006	0.461928353359529
100001313	0.00486072884997942	0.115450054558293	0.28180204721203	0.487119773911723
100001951	0.0461818340005826	0.0981248430537231	0.300751323443548	0.445295807992811
100006098	0.0222063324937719	0.108490659163711	0.300965169865007	0.57948970529996
100000007	0.200008752790367	0.504285827129165	0.274559620972737	0.456170064436848
100006641	0.831872209308648	0.832247308745236	0.291342201083311	0.459707939342458
913	0.0105152683310967	0.0551913434738156	0.332690364583064	0.339018426950672
100001579	0.725525975467329	0.389777212970734	0.296730281939009	0.45389358719182
100002911	0.133676627036539	0.0109714049917014	0.350311442076208	0.416735555627506
100001293	0.180016205132498	0.328707534222116	0.229787564954122	0.569872450442856
100002241	0.192229984067694	0.450228207749095	0.284109121945907	0.427373199311146
100003179	0.425843722054279	0.0772000637183912	0.253125507224921	0.343011918340586
100021372	0.381385118278551	0.259549420308461	0.202702866884825	0.476296103324967
100001956	0.374725825979165	0.525607836225426	0.268808159050586	0.395331191615097
100021162	0.194386537884741	0.127974971667125	0.250390507868291	0.302799183352164
100002259	0.415611850892169	0.688173599596283	0.25023957714088	0.457137423729043
252	0.447531363744246	0.62622415655555	0.304612549060729	0.419304438711014
100000707	0.440860819228526	0.325639911974896	0.262840638656235	0.465587527325727
1489	0.733816306787515	0.0231712360203897	0.19927285213509	0.455287076597374
100020361	0.0196171860456947	0.083844754655846	0.297973187323294	0.699036588913229
55	0.67237978724324	0.854397637652123	0.259464282182285	0.469316347962441
100000863	0.260173041630426	0.271582379770338	0.23272124695821	0.489080858610289
100015840	0.1625094438235	0.0898166741590803	0.361427272957509	0.425166004904901
100001541	0.163332654729848	0.0813586561851328	0.180909588169141	0.451784052233945
100006082	0.148225016421755	0.0578620988216885	0.350522610731086	0.455420308911122
1254	0.739414252609722	0.879492524824014	0.266970475629956	0.480038337353943
100001624	0.804487618870715	0.596578986114159	0.258016963976085	0.469737688364199
100015850	0.866292762326225	0.59511427960483	0.329399546950015	0.437646461912625
100001104	0.00178610339276587	0.0116033248079858	0.299380802638746	0.672784780359179
100000900	0.103536225171018	0.335826820714793	0.27817306684541	0.462011566709235
100000269	0.296961064273929	0.107495971988892	0.169314822148136	0.443734139941573
1022	0.249852174596367	0.926130886861635	0.2676106641446	0.456462995132946
100005373	0.247044606558144	0.0934908908536253	0.239639928317408	0.503829982958578
100001129	0.122673641251965	0.711040061995744	0.257813300095851	0.484925362527994
935	0.0137736892811588	0.126117671307079	0.348606993378705	0.35190512180923
100001262	0.117954636884402	0.173234508871275	0.276884784415928	0.460482601959954
100019978	0.382954365734358	0.521460403929054	0.257985478869987	0.43627609015397
100002293	0.841559474458077	0.867251435877146	0.26882771482578	0.463932520822408
100001426	0.253288541219094	0.290384395477883	0.270849194193468	0.351127931601581
234	0.040221813020792	0.175076151021863	0.264196112181194	0.44306204286491
100005403	0.259115728407373	0.91200773159343	0.283292386353134	0.454695412580158
100001083	0.0533933488403271	0.365737205953901	0.291684982059604	0.49583548257401
439	0.666312626167333	0.309794125675779	0.286918850580177	0.450375512594904
100001086	0.325966025957273	0.431072520628465	0.280113890347017	0.527970182104271
100005864	0.71863591042373	0.4684318412286	0.245327231687174	0.515836081288701
491	0.528511790785457	0.927480318702853	0.265226176484081	0.460538957679067
100002029	0.537006809660275	0.448207710244419	0.256086603518629	0.365782890233563
100002154	0.856514511348891	0.486243533334845	0.236365369377883	0.444747384258564
891	0.512405495158313	0.205869985362578	0.299333864522126	0.436500874743592
100020261	0.387047324434186	0.435967723288465	0.322650658727718	0.441513389714846
100001296	0.571166206933424	0.481015290231741	0.269095274994621	0.379908293419517
2050	0.425830571168018	0.550258334625053	0.285902828813504	0.422221194806685
100002761	0.374657068968153	0.831747078203234	0.260850138670619	0.547518411269865
100006614	0.935481295472506	0.644255477168555	0.244601997166385	0.515559011934115
100001597	0.78756482589673	0.15839485796062	0.175840974725948	0.32444369188364
100020853	0.806535873907937	0.930907799297838	0.268224647831317	0.465163060251099
100001446	0.220045975108921	0.347295531523121	0.23257139550876	0.434683147601334
100003240	0.265672363122494	0.103497296164798	0.311799344436936	0.381888744585852
100001502	0.0241552035156112	0.228841441427771	0.321427019967677	0.529973864794899
100020866	0.128354802217556	0.0134948615103913	0.164444448164487	0.335688051012581
100020419	0.0402660920452771	0.0935003922482428	0.289785123126867	0.268891873251018
35	0.506273101899186	0.2639934336615	0.239138825986236	0.408574093299085
100003696	0.0186684511112991	0.056395383505357	0.401234365850952	0.456177076555881
100016038	0.640273302924322	0.982340044287874	0.265940910683847	0.46244187577686
100009333	0.191254396198022	0.172501000847145	0.265246680320308	0.473648963490993
100001611	0.141404389394286	0.301896876034918	0.353643145645456	0.434419294635491
100005383	0.624887173212098	0.310812427921435	0.274308646955975	0.489036548773992
100009239	0.33976754317604	0.129417910689941	0.337296940732655	0.32409909009514
100009332	0.308072101240685	0.229354982116231	0.265495344294096	0.419536337169748
100001731	0.190619603383915	0.697688455213357	0.272747296240062	0.446610476515493
100003415	0.400362081118855	0.50960164153778	0.261752764304007	0.481824792436838
100020578	0.188862182650488	0.379516243056313	0.249006736251164	0.462674227828237
893	0.970196573209967	0.429315584446024	0.261823184531824	0.45461362135072
100000963	0.365474564368791	0.217713625823315	0.34735705105305	0.31874456689649
273	0.150571615348265	0.321509506549433	0.311944446714275	0.461270187927292
197	0.598667235822479	0.474699287332	0.260261962401137	0.387136669062982
100000808	0.245196415675608	0.210840855408239	0.249900769198957	0.593756971846348
100002284	0.663505047206028	0.388609748742136	0.17884767595629	0.418275541412595
888	0.663082890493778	0.039953450358884	0.290580758055804	0.380672307920016
100006435	0.427185826712844	0.333712399024524	0.205163696442702	0.725114909612635
100006374	0.269122535168803	0.681787642580229	0.272658260617742	0.459681655290677
100003169	0.62380056335459	0.99851072611757	0.265819295975783	0.459324889726579
1004	0.679537741843072	0.806161768588426	0.255260175849907	0.446949181257393
100005998	0.0945846876659315	0.934406820033539	0.279999644457697	0.465028328565964
100000773	0.634762732693313	0.499765337880181	0.271744266535572	0.443002588282144
100010850	0.0231719991689621	0.145170435579899	0.314075993304045	0.383427649873322
397	0.876943628584907	0.382113227865917	0.200468363391017	0.507902768801665
100000039	0.0626270317209051	0.200082087920969	0.213588193175311	0.499499831470976
100020833	0.775552916213851	0.814519234664831	0.272097624532161	0.489669863516126
1021	0.667275687097647	0.575786885981346	0.257746993665494	0.508242698516212
100020479	0.406342681090739	0.639633329509188	0.270213736090925	0.472932068117307
100001335	0.528859538546721	0.314217766078703	0.304015674918244	0.43777381099539
100000743	0.664298570160776	0.939915298782645	0.266013402878777	0.461530627787984
100009246	0.177756123741617	0.68140115566965	0.25778335266076	0.483922046276397
878	0.196419619960133	0.771754716957675	0.257150078175329	0.470357066892072
100021103	0.845417806992404	0.841687304218872	0.271637850637897	0.538446840493891
100021363	0.225286828796715	0.569225784722842	0.248109974839821	0.492968607422695
266	0.103018275493522	0.15843227229925	0.269320600669614	0.376218565443657
100001195	0.346592370441668	0.220117597389368	0.343426816090502	0.40977401071927
100019801	0.785343239542424	0.689014070276433	0.278867803896501	0.44908862692883
100002196	0.0434588461453412	0.241354190995149	0.28454292584586	0.496917795979714
100006370	0.239894596588494	0.957032905449316	0.264677339048476	0.461769115901817
100001510	0.0338882636554922	0.00433644981847705	0.2259924378913	0.563403802525282
100000437	0.30487908369689	0.24580973240919	0.243394594232816	0.505139211839839
100001767	0.146409545784713	0.0355779944450931	0.332408627104509	0.527370891760414
100001810	0.317372718780214	0.483426961154845	0.279639706575918	0.598594743846025
209	0.0327189028923702	0.344863516327957	0.306885766894311	0.443453203653061
100001485	0.312373419950788	0.101239096514611	0.161948931059102	0.421446490758065
100002500	0.126200518443113	0.441823642702202	0.270792153498845	0.434473944726377
171	0.0318377896380496	0.025555906393557	0.19907720461959	0.463041322625777
100020487	0.890654802595252	0.82928423735309	0.286399927344633	0.441604154355062
1206	0.00730206017890694	0.122111879033532	0.269927414310607	0.503103306393389
344	0.0100305630431506	0.030192936310626	0.55032207510465	0.531123978950296
100001405	0.504242311610089	0.907660400965658	0.271969604260242	0.45454352115199
1239	0.841597486733974	0.445321372662107	0.302577687931441	0.453027558607915
391	0.0338635480249661	0.134694376830441	0.24488824728585	0.634265281104196
100006430	0.532108917163186	0.191957369048692	0.331995451521476	0.275692469557921
100001417	0.861172356669296	0.451349857215698	0.253946972037634	0.563967099047995
100002951	0.0513879609332315	0.356641470998206	0.262239099748969	0.375926547170952
100000014	0.460678755542614	0.595779057483089	0.260992427678062	0.50314732903119
100003926	0.515722439110406	0.399865404959988	0.293357317627097	0.43860193616954
100021538	0.518806319435855	0.35040700421459	0.314639415645741	0.390953877835397
132	0.316598245795483	0.956966414567375	0.267042505033291	0.458926105614693
100001425	0.55326907727456	0.479304447388907	0.3414612761309	0.402541391302908
100020262	0.60265254526205	0.625801662707088	0.288391630011447	0.448605794587178
100002679	0.267533325646347	0.593831062191365	0.247182450481861	0.536537424598754
100001270	0.948555565651166	0.394235286641626	0.273568294825282	0.408615356295679
1102	0.741296195020789	0.993524129498555	0.266552197982145	0.463021052235148
331	0.3124791506526	0.207065850140061	0.220750899296573	0.385761049276193
100006361	0.532264451457609	0.663600050552968	0.249805902894868	0.524837633596828
180	0.832794397304379	0.901912250958073	0.27756972431545	0.457246078440166
1053	0.294050297976969	0.485250793355666	0.397593681987407	0.519813431048158
100001359	0.744697785701399	0.93862178883233	0.276015242384828	0.460075516695582
