chemID	simpleLRM_Fstatistics	multiLRM(chem_sig)	multiLRM(sex_sig)	multiLRM(age_sig)
100021136	0.0304111315007462	0.259952978886021	0.29171388258685	0.82324941666095
100000882	0.813112630494917	0.678791447997097	0.264011728296754	0.723621280734701
409	0.0896754096825963	0.186352652482978	0.300573690676452	0.489284362505124
100002254	0.657943447789645	0.0399078177688244	0.164069113582731	0.742075421509235
361	0.00900431763229794	0.110358610817606	0.184580040289224	0.714295332142998
100019975	0.547271338655272	0.715237034619656	0.253835843477647	0.768727925979546
100000257	0.000608788585959752	0.018511807567475	0.248332439799111	0.698313213696373
100001232	0.995278631110572	0.944855452270409	0.261030638946536	0.74800678624421
100001948	0.269866282027273	0.309691140153976	0.263553341550068	0.606826851970713
100001073	0.566047571583043	0.668309214999511	0.318844304073317	0.67273600495439
100015637	0.988247046779788	0.437320655743059	0.268004349947302	0.753390304830854
100006360	0.617907170685783	0.668711690188074	0.237156996350324	0.825526769999185
1488	0.571561282687967	0.618836726180728	0.257763591899073	0.723511004599961
100002253	0.789971891976178	0.923613398052165	0.251500762463267	0.764822351485665
1023	0.966306952873486	0.706046642020607	0.250442619087653	0.734228012737384
100004284	0.691428888764133	0.808121939740825	0.248170743494356	0.760357821001269
100001251	0.671928738632732	0.990694082401299	0.253264220402085	0.751404977624124
362	0.769642740266591	0.452535181018016	0.224639216087198	0.753192156343319
100006620	0.764000752001529	0.877354639033401	0.253591610386916	0.756055474991558
111	0.403072797809267	0.182081275174912	0.219642821210464	0.70702851458772
100009045	0.640932260543048	0.268461480605917	0.206162145341151	0.917988428857718
100002927	0.780786534857292	0.891336796467264	0.249966018073893	0.765448210659255
100015641	0.779678234046362	0.89236898631328	0.248500830821845	0.761295769223494
1114	0.107855004053418	0.930314916209555	0.250427509972918	0.756424079942085
100020409	0.355572346236513	0.382054583364147	0.254971229831908	0.619149028187872
158	0.120736572901308	0.235991220741116	0.33126402519562	0.781809352466301
1224	0.0458856906823367	0.176581731964254	0.188594697293089	0.811001778934748
100001620	0.458856006511408	0.374628569883112	0.216713015634149	0.758810995045684
100020893	0.260474899688424	0.0582438810735397	0.229577155808705	0.465174224607604
100002458	0.706309002345706	0.613176959262405	0.292140734331928	0.693374202339931
100001112	0.793778894218824	0.994666053371841	0.252613997067887	0.753904773163872
100002953	0.429187973582688	0.833032141375418	0.25061123787948	0.761830868325313
1141	0.437274093405315	0.0637607874027408	0.341267616227253	0.547620347256532
100015834	0.490432036390958	0.967568588573849	0.253189706459526	0.749990986067815
100004561	0.627220677880145	0.900270814422451	0.25593750707201	0.748235583888669
100020497	0.74753229288219	0.776896259592227	0.24283153318613	0.771387251351501
498	0.0462883908491997	0.291544710472772	0.246783554542297	0.842137095843027
100006051	0.871161315546495	0.854202267278567	0.256297393584727	0.747972415111498
1668	0.676153431075027	0.517216434842102	0.248591021417082	0.688193856993646
100004523	0.455018496179364	0.918322993824343	0.260067953313363	0.741831334360191
100001604	0.217486591546476	0.49901107948064	0.245182474003278	0.811102303100605
100001002	0.175357660029497	0.536481950422663	0.265008746708763	0.738340851742762
100001987	0.0521488235488103	0.267115800719255	0.769406936313206	0.608325309893704
100002462	0.609110567475994	0.350227393418271	0.30874917559126	0.624798293045443
466	0.610706732213125	0.0756889561536017	0.282595194785708	0.716892524491621
100000665	0.855193558802962	0.46778860135293	0.287172058647733	0.69066245951218
445	0.98188057671592	0.45233493467723	0.285545813407595	0.790948463129245
2029	0.137869923275986	0.490900145528387	0.266979569774947	0.760144957105504
100006438	0.113761357490397	0.237466150335899	0.293741295517051	0.774587582344073
100001398	0.178028874079128	0.608192321186578	0.237097419128568	0.768585216640487
235	0.442314302405561	0.468845794940988	0.224540008172677	0.786167171339231
100000997	0.726776544841993	0.716965951987607	0.255908613377892	0.728296278141073
100002094	0.289747889780752	0.235725211305888	0.219449800615937	0.600936395326249
1052	0.668057450513766	0.947005453490485	0.256054803912977	0.766306024597311
100020823	0.343201313153357	0.60070641603259	0.238425799829951	0.739007059771169
100001806	0.261317888041727	0.606722819729592	0.297764551366895	0.765668118704772
100006092	0.836500428663119	0.909335905774901	0.256925693034525	0.743513871810501
100001415	0.083147460183875	0.0638415229068667	0.244221253029714	0.464194080511163
100000008	0.0386483276707946	0.0731416439453625	0.281118430157084	0.58258272381588
565	0.00721868100252427	0.0473255268867784	0.24781217550763	0.84150174468276
100015851	0.128574855851607	0.167854678415386	0.322792547388245	0.921059684074099
100001866	0.588617064768377	0.952875162358719	0.264364161350539	0.747533738808094
100020546	0.00241834714655944	0.0273515178782815	0.465086622532007	0.962985918999513
100016110	0.513969998285129	0.381703324304193	0.198114166069255	0.87578786011147
100001254	0.00339678479682972	0.0130074175031152	0.337824785638655	0.958232514168775
100006260	0.425604892273933	0.850435347018911	0.257338456841174	0.747501963436749
826	0.665064646575401	0.86053551482578	0.253381230640171	0.747231001344235
100001872	0.49198014390845	0.854201880782534	0.254312169539462	0.750182189991025
100000263	0.31742398499868	0.368025204790463	0.313583082818146	0.751245740213435
100021198	0.818854473291267	0.0617867518682044	0.17279955543601	0.440434043107073
100015967	0.0367622178367693	0.0964100188290658	0.320647014919653	0.560709115541259
278	0.156863267816643	0.261626482908386	0.23847517742775	0.967771567806857
519	0.723779157644292	0.335886553005665	0.304883542255984	0.684455850472002
100009337	0.0955314640828659	0.310136805321667	0.344219057312495	0.744557526950358
100002185	0.375880534452972	0.883765434026971	0.24920575237134	0.739782880825667
100001278	0.382902380070354	0.273908465338921	0.314192874698586	0.701062663818117
100002103	0.91500277993185	0.570832509167603	0.250261988062445	0.700848032787059
980	0.768690629463319	0.446269483152285	0.281091028746125	0.731698136708365
100000016	0.867435443202034	0.446150110878221	0.250626076854028	0.723914884241663
100020372	0.193126813422021	0.509959064801665	0.252865879744167	0.68658036700494
100001662	0.812715528176195	0.157982532493456	0.108024947898087	0.735303214170179
100019972	0.922342503548553	0.694278335183221	0.260555337621355	0.737732286183136
254	0.734404932357578	0.704399039795332	0.249588027008546	0.758861504631007
100002009	0.64039127823015	0.703266333478322	0.250885286746776	0.674042920226298
100010895	0.477713877060932	0.576433955405193	0.300789254075155	0.718948197267565
1140	0.929876413450583	0.964321955679254	0.251722767174572	0.749197300235959
100008951	0.591760631280135	0.52619265737616	0.269753062345999	0.715287968918165
1084	0.35139684398475	0.791854459232599	0.25148955638371	0.799828878252167
100002796	0.120633259717635	0.424472054156003	0.227116635139633	0.696310282319669
358	0.940967135554083	0.960442455893054	0.252305764008105	0.749013828398101
100002070	0.81021602310755	0.696599501986459	0.244920551819451	0.786342176806065
1628	0.40259503693507	0.149420079566409	0.315591972626496	0.720938029986233
823	0.681712998115814	0.519577572294187	0.218494014372288	0.819504433347257
100004414	0.431193659676784	0.0852943807031428	0.327238895128131	0.905970138544515
100006129	0.670467155194564	0.650268489489968	0.235107818765691	0.771589830243586
100002028	0.631208134439363	0.460460520905643	0.351581694983224	0.549016742450707
100021707	0.566171657280498	0.668187378963527	0.233104376096262	0.792637668518537
100000054	0.53799512827485	0.475259655425628	0.246746163784424	0.774439766083324
100010869	0.519891341004614	0.256562701219528	0.270577751142022	0.604516729942322
100004575	0.0327976429757381	0.112916314476596	0.329515240500123	0.944223478699219
100001212	0.952546519865524	0.714811047060071	0.257958001586326	0.693732244842592
818	0.231644581506835	0.59117189498159	0.292589937514688	0.700225497115102
100001092	0.00140957828391402	0.0195735243695083	0.241984053604191	0.755135620349469
100020371	0.926356916958685	0.928737893719645	0.255525340935467	0.750279890290477
100004112	0.173078404073533	0.480560487050221	0.267927675857459	0.765754484481009
1125	0.523224571253443	0.378742605674078	0.290034860058472	0.770033938743102
100020491	0.919798400207544	0.553522172940921	0.216938890177242	0.771787190642246
100003151	0.00263070789167889	0.0253233965612776	0.398985556807607	0.608243714022004
100000011	0.317949668292659	0.144082395279515	0.182889998492517	0.872086150039961
100003594	0.462454987511272	0.979200265202355	0.258133901238495	0.754015783287678
806	0.72931311402204	0.155147051083257	0.248452195067323	0.550301733708522
100001211	0.967229729442024	0.572395209712532	0.263688245671725	0.729067580278974
100002417	0.638863051477661	0.547167897153605	0.24032351394031	0.714967334306966
100009335	0.665357707288144	0.222893327656592	0.219149453613121	0.729053651735269
100000781	0.688250782532699	0.96360123881313	0.252144081167875	0.750695208478953
803	0.0239985762736711	0.0290686090851627	0.230766739698121	0.645660122441719
50	0.458050974525458	0.687040959274354	0.257392591360916	0.737857643994495
796	0.44125325235622	0.0526401746606677	0.283581402191894	0.730563455862644
100005834	0.947184814469848	0.647398781239876	0.296199459426853	0.745885340953152
100001580	0.960207233765337	0.529379895371427	0.275056939051196	0.750479455714754
480	0.720197399942885	0.649267195786922	0.230618847880244	0.752811464303185
100001540	0.269454886989237	0.78147508631886	0.322051303180648	0.811262372826933
339	0.590572344223333	0.127921776567856	0.233901343663214	0.648338123832103
1110	0.982833661782633	0.997494737215632	0.254731809873845	0.762081193091589
100015836	0.16691975735894	0.173184953578699	0.386364015229244	0.933209752581757
100009271	0.551708697675177	0.53268454228783	0.285711218723608	0.728253174659079
100015638	0.92691927388478	0.406020913316346	0.262561934841403	0.740862726793507
100021667	0.953529861997177	0.501398996767936	0.291380497982743	0.727869300686228
100001279	0.603523092979356	0.371985297807567	0.273544051996813	0.878849821287738
100004208	0.0190350564367826	0.116249763617343	0.3902294508757	0.878818953858587
100003695	0.209383091433296	0.147818714385845	0.273837203363036	0.52984380815215
100000802	0.749295673668664	0.932981185737544	0.254311849473654	0.748712599615513
100002769	0.913119164684466	0.109193112574487	0.186831170853161	0.852587410062133
100015835	0.125605416794518	0.336330824060877	0.385003604607925	0.916410444570351
229	0.88674995691789	0.393676947934201	0.287685463561706	0.740562084890798
100001266	0.00728297531953943	0.0282070428144716	0.326607099141574	0.960572224679517
1342	0.292755862866489	0.340292859588347	0.214084383597432	0.775445830328718
100002102	0.886919731640677	0.577746627193357	0.288476409389641	0.841662823629765
100020254	0.200526943549155	0.630905168981092	0.250443525052595	0.767134420493889
1231	0.470272705510621	0.236291170491364	0.306226419753445	0.698571911289538
100020492	0.956554081447278	0.869539932666284	0.248234901614824	0.752656056006533
100001402	0.416602626896825	0.608519934613051	0.282509575812625	0.749344891109451
415	0.00573623495444647	0.0826733811289954	0.299837923377324	0.812362019304065
100003109	0.960439250935629	0.984264431157352	0.253707970319407	0.753554845524789
275	0.534676688584163	0.849314761994883	0.253182859793576	0.738535493035847
1143	0.14994391229317	0.0690437125551149	0.223000497776935	0.871919939773947
279	0.425018355288535	0.376063403004772	0.257861478537717	0.612634351355084
100001198	0.953448577576732	0.972627080957367	0.255804688124304	0.7554917848579
1648	0.409049122698623	0.972642682918179	0.253304457998314	0.75211721994387
100001590	0.339644561838602	0.278695945727991	0.245993808513479	0.657670865543554
100001733	0.376539268442833	0.843248375371757	0.249104836650018	0.76839542709965
100008933	0.0172538531733496	0.00238712838652477	0.366666965241496	0.677236959991745
100001550	0.332503456074281	0.522187734101263	0.240535752579782	0.69724054448641
1215	0.0716263428657846	0.222961415669525	0.212858292800506	0.702375058804586
100002356	0.283377078371304	0.115619229294349	0.3093642447987	0.75249239400274
100002749	0.723730351251962	0.776679487015371	0.256294963995902	0.757452855665376
100006379	0.162850822438516	0.169675116806677	0.301074399769038	0.483244950047896
100015966	0.083585136462538	0.164848171387748	0.281262280543341	0.56405160754042
100001392	0.677936377241422	0.93865813335161	0.254281439267427	0.750667843744341
100020425	0.133682260943283	0.0521737735592458	0.216094396818064	0.489354720790812
100004299	0.343011344956979	0.826850986913058	0.269759416245368	0.790607398017349
100001734	0.612872783798638	0.544631464519769	0.269820555974245	0.684171168251279
1002	0.813710084984647	0.842852687897374	0.254203038775252	0.749549123677808
100001337	0.321572842099771	0.808948126171788	0.241466864780607	0.753077887053957
100001452	0.739365170415117	0.833137111892019	0.252718219733245	0.728910767990735
314	0.534713298412249	0.386912673607219	0.263355592886929	0.769093186241302
100009264	0.968441229561425	0.537385880016403	0.201093449517261	0.876591703729907
100004634	0.44299930369602	0.495869347030039	0.225629616337434	0.772544104298492
100000711	0.666575320489047	0.662992464954769	0.280855517842682	0.785053827785751
100020536	0.0177659147215736	0.0849020173581003	0.305904402597831	0.882214479610181
100004318	0.271716422383925	0.526241447982118	0.256766650623286	0.755601767791021
100005850	0.927645582216642	0.519259854344687	0.324012095457104	0.691224243074369
100006619	0.339621198110925	0.157263764764746	0.291662151040883	0.727853014276291
356	0.44281044390228	0.621717104107559	0.240537493108062	0.774299399257548
1221	0.614667886945268	0.616884199709663	0.328753979142335	0.778779800342885
100001397	0.82569114906702	0.800619005843396	0.254032613887327	0.741336409400231
100019981	0.60366564729981	0.875867961886684	0.256043846315994	0.772277422239503
100001208	0.445941085694407	0.249543946653399	0.219238582765692	0.962793593037503
503	0.0101974297612084	0.00989979679940095	0.148361905732208	0.595007369131067
100006375	0.137049471296928	0.601886823225661	0.276644431779521	0.730064698846383
100001295	0.779732651369775	0.651201082879975	0.247940820712191	0.830449971601049
100020427	0.0582189945334499	0.0299217702693447	0.25416706125462	0.422728660474294
100002784	0.52597636814778	0.378103235185416	0.21596535360407	0.816882318049091
917	0.0601247933034583	0.211903036694151	0.280715356621233	0.694727728130388
1869	0.37087856703076	0.2091747825715	0.273858893162281	0.628523666745095
240	0.28271108553695	0.12268225088135	0.170188895618751	0.522948990478129
798	0.00599448173995924	0.0987076030173902	0.388732733892192	0.662549034820624
100002952	0.260820843289535	0.497511943288293	0.251817550829523	0.834031785469776
98	0.635883303268006	0.839644480594925	0.267989982786071	0.757274062088345
100008998	0.34337752521188	0.361075777500215	0.205611160272286	0.804306650883665
477	0.907279335358699	0.291855187838901	0.256282469706755	0.752438663124869
100020545	0.0838836290404358	0.136966607890289	0.290397725335394	0.928079596204045
100021666	0.976902027804204	0.241522412043502	0.291487912021058	0.738473772495655
1256	0.453312297727947	0.649993528198562	0.296901142809606	0.804286920281797
533	0.354558023705278	0.0888805244499178	0.186805897019625	0.483364049761613
100001757	0.420875113578048	0.898997448008622	0.260224962380525	0.746882126096223
1024	0.342170635080496	0.09115270187627	0.172679592247047	0.805212705027944
267	0.431468955676464	0.982708832337374	0.253070433593423	0.753291173914754
100002113	0.119063805363463	0.100249122041862	0.252330681066598	0.757346843010203
100001756	0.820473432092314	0.709083375332968	0.263207101760125	0.776734139914092
100001193	0.467101364692911	0.197803467788009	0.31952856259359	0.689573643519271
100001668	0.723067450214646	0.988538619245124	0.25438853790753	0.751327932870084
1124	0.310213416599252	0.292796417112251	0.218634220091475	0.86122197121885
100021331	0.192499661040032	0.349452075546627	0.24171893767392	0.779495915651986
1090	0.0707512528232258	0.0446272025791657	0.248652611838633	0.877891582745439
566	0.891255966304267	0.30770370841518	0.18209599789978	0.771673135923499
100003119	0.472027764862009	0.295272673363132	0.284443692959269	0.684229639447544
100006367	0.781631997252081	0.583029857320519	0.263528667197723	0.728676812465613
100004322	0.233356841245784	0.252878840442511	0.262695492095863	0.830226257962709
100001034	0.684826917220967	0.842302593882682	0.250198066404288	0.744418684196415
112	0.960891431194522	0.968369841867866	0.254345020188629	0.753665080563104
507	0.770234042627944	0.79613591091387	0.252568962775523	0.756529321934633
100009233	0.376481990811047	0.212287304090979	0.245130543721074	0.736463909677909
100000406	0.0192722272595566	0.152915938762113	0.41377320663566	0.542743388175907
100004046	0.330964346443582	0.421760564057111	0.169229173903892	0.679276458131433
1025	0.748374607714198	0.680879990290088	0.241887844390212	0.775639383742976
100001106	0.201086548068781	0.195605397853633	0.216111651437716	0.765328903186423
1128	0.0285689517550319	0.576307070838925	0.282273523549293	0.80100783745776
561	0.0542530846110236	0.187783050044437	0.180412186616463	0.659155457061685
100001614	0.848685760239947	0.371342969904892	0.265595452287562	0.728179766034587
100000961	0.838846055493511	0.993923839680793	0.275734850913182	0.757847722824312
100002397	0.83193364430722	0.57472857271689	0.250461942589034	0.675186332998305
100009407	0.955596309549004	0.977706962992946	0.25473426023388	0.755405605675334
100002910	0.909018890383443	0.603109963670322	0.231868696063056	0.683550122462254
100005946	0.222087811278112	0.31027726791014	0.286685574191086	0.882432930501967
100019794	0.084549538424484	0.25966988237257	0.24799414166315	0.939907317705561
100015759	0.387008392211107	0.110001437771675	0.22788258969826	0.715424835460968
100020417	0.760425555381217	0.633462625705611	0.24407257124051	0.721413343316816
100001054	0.682444219903951	0.998205404892137	0.25490692041989	0.751529819535143
100001437	0.284773920450283	0.307013641116033	0.205146603142271	0.684352760454251
504	0.211789049619144	0.667000584887572	0.30093398702709	0.769056939992563
100001988	0.482605630567898	0.652872762652168	0.247091221371614	0.905764641164933
1082	0.034520142890755	0.646714314098516	0.284247580869118	0.771345114426417
100001403	0.343911690842904	0.367156983519786	0.287085441967157	0.721042952251016
100001664	0.945572940260458	0.53334488351679	0.238444905360429	0.931717541119809
461	0.274459572219834	0.216874734511656	0.41841562713546	0.71880799845882
100000463	0.673027792616179	0.998215870486025	0.258096547821143	0.751573399357452
100020208	0.644129315084742	0.61106216423522	0.291515847783679	0.645205211224984
381	0.53173449266925	0.0652827516499458	0.109686468027241	0.576621482653247
100010901	0.092970783466725	0.0795402501819811	0.258702255607229	0.853308460793462
100001468	0.294677378189867	0.992949842400402	0.254268620324966	0.755491847164457
100000840	0.875241173695866	0.913858777059036	0.258077985105037	0.759679424221368
100020014	0.246994585157945	0.595915614267862	0.24763245364118	0.767991056325808
100001993	0.819336872217911	0.609728010708509	0.212166674155872	0.900916854732409
100001051	0.105199721161458	0.0226328752580844	0.288531582507305	0.408970168354729
100006116	0.380832636851311	0.512132776924051	0.257257359459688	0.753833448291591
1108	0.699102146096271	0.878327898012956	0.253734787428254	0.746885472615694
100019966	0.367542218949374	0.138093026226783	0.307224381543875	0.715369446315804
100001743	0.570365417371367	0.38649846250019	0.239937578425866	0.747616522805069
100001294	0.121125451839348	0.183235029462962	0.177275693653964	0.81810488295752
100001609	0.290537911944683	0.117139710494709	0.246221322507129	0.8227313970554
418	0.825230298424456	0.929621988268038	0.253111224129072	0.7640550230917
100001178	0.341832719079061	0.938982875742384	0.253588795015255	0.74496466641332
189	0.973398956533857	0.681046418245708	0.231831122749737	0.717155412921766
563	0.574369793098252	0.750690106902025	0.268647892704581	0.736460962757998
424	0.583287316242733	0.44332904795115	0.283233541171366	0.734260676413005
100000776	0.141775140865237	0.331340964283493	0.294727770906341	0.745962506293932
1001	0.971992068131296	0.501734791794628	0.261442323101606	0.749367277091367
1135	0.322205079834871	0.0953118180099628	0.241903715509779	0.817137533130966
100021093	0.384489991067751	0.524957545429938	0.297805366518405	0.763568468730552
100020219	0.114823093266803	0.222596659521299	0.263396348934099	0.642530475588594
194	0.445638239759535	0.870907597196766	0.260423878425514	0.729468582307487
100008930	0.69743198161122	0.619849589386115	0.276091177037411	0.731866830777953
340	0.583394509484162	0.210526002100652	0.147241989137671	0.86138175968046
100010896	0.942949490506458	0.738974732624495	0.238310112144986	0.763017410196789
100000787	0.205784588982355	0.10892879960213	0.248917064188198	0.448128073432869
100000639	0.036493117653725	0.23360712257701	0.23275694285566	0.747144309671824
100001851	0.981385559274893	0.260111231089689	0.286857438720538	0.509145821758526
179	0.579570469306719	0.605641873068075	0.247739816903685	0.767922166067446
100000626	0.402936374997876	0.742907570247272	0.263556951724765	0.753782531385569
100001605	0.00930508727111649	0.0783559548737636	0.327272775111431	0.861843473358808
330	0.264536776292914	0.455474221484428	0.284558476319386	0.616329747128152
100001162	0.7021006808604	0.628998204515133	0.231267898930584	0.716310622300901
100001167	0.0491811149159746	0.253800190646532	0.253991861699705	0.724623543104141
100002067	0.529473757095861	0.784811630434734	0.32858471765399	0.686478599029363
100019968	0.65591874356068	0.380452194524186	0.283193919051563	0.683734284355468
100002014	0.967860746854918	0.969268393287311	0.252596118532686	0.778687687158588
100004083	0.402275937190687	0.128399313995233	0.280521259955185	0.617301436837036
100001315	0.30711470063711	0.381944190741402	0.267308588569089	0.821152092503926
535	0.259864778979623	0.577508773922476	0.277124448216505	0.737556274387379
93	0.44865364458666	0.289071288664259	0.29491995968261	0.578998350052393
100001989	0.380761097272037	0.620900747763316	0.233282733304711	0.795275034590678
100001740	0.736650395204801	0.397023160535426	0.228142725719908	0.777582301747506
482	0.227995715461434	0.988967031198613	0.253380103180942	0.753221613169836
1629	0.270044790315432	0.429617440116165	0.306386639755465	0.724296706456892
100001399	0.513895036547936	0.418838048327446	0.27233280394789	0.739545852471433
376	0.811935795060042	0.151790146048489	0.151217498178112	0.87179445570946
342	0.623370212571145	0.572643291797648	0.250304867018631	0.754118460831992
100001253	0.0301255125484486	0.188103023653576	0.217496996062039	0.952096965616971
100000708	0.5638964006971	0.7534429608719	0.270215833377768	0.764783617093984
244	0.202095214802109	0.053735342273645	0.210014694465361	0.870347388334426
100006726	0.42391387309107	0.287399540318329	0.302298550567295	0.729694220057064
100000036	0.163472026069073	0.661793269405345	0.235943695805516	0.788681308313559
100001257	0.0255158003460115	0.0892754506528144	0.358499511527064	0.997273914259746
100000445	0.688410154700883	0.603425207268665	0.276484758733852	0.710187255197705
100004088	0.00416731670785027	0.118075533886291	0.291003192230554	0.839585320729466
100001423	0.992518750925146	0.771871256783768	0.256759342967526	0.72528133253639
100001276	0.374807095034669	0.281915235304497	0.231531750820529	0.661193080446409
100001876	0.772710543877097	0.91713054434453	0.251012867169777	0.753817730786559
100009082	0.637215348979345	0.0402592937331005	0.113187380262019	0.726438936832208
100001121	0.347740144029149	0.729676036393573	0.249098304189466	0.747538167352517
117	0.315486472226531	0.619689977913179	0.236307809402224	0.775759552495369
100001868	0.0351818241930473	0.109493846072331	0.302372748733292	0.761800228632784
1134	0.738584227287624	0.316076896201535	0.176526918029521	0.708235514655166
100021012	0.252788855038088	0.469859603657091	0.260226620818863	0.779555186070345
100001181	0.786963411216738	0.2769911576328	0.31984518163618	0.673493522278775
100021467	0.748845218272298	0.307198704975972	0.259405545214786	0.654318908998752
100000447	0.238438706648917	0.253805030790322	0.29516725870475	0.712208131071682
1162	0.000577345687595106	0.0143110632257795	0.343257560322633	0.633762600798737
100019982	0.519121293136046	0.459764497916778	0.262232353361974	0.740345255618751
100001613	0.978983247763258	0.447976828229399	0.266994942366106	0.719651441797316
100006644	0.387845088767953	0.618360751372905	0.234930449423598	0.783628644185562
100000096	0.56831955997664	0.0259312856291777	0.160766352930444	0.72829178324917
926	0.491874961877946	0.695855543454277	0.259265006837333	0.753516507028334
100020004	0.943604791776298	0.633717251781141	0.264594291816768	0.761119669225883
363	0.201082254148966	0.0524554867488661	0.24868163339094	0.300984554233747
1111	0.373078665675876	0.939295076433143	0.25414593104608	0.811995208823222
100021712	0.719129284074767	0.783448684405477	0.251418852834742	0.738730524726526
460	0.877220185343107	0.716058100019873	0.264724284334997	0.783558017536887
100009331	0.404629718878295	0.225956988417476	0.240475101837805	0.743555223458013
100000442	0.241396068130847	0.693480582709011	0.274272334948617	0.77224286006217
100002945	0.0952370924828994	0.0183413782586607	0.339355495659282	0.697725794001621
192	0.880633681544757	0.906901370035722	0.255020310123333	0.780467724794485
100020241	0.429115081395796	0.990161057141432	0.253246811628751	0.751760949333245
100000580	0.149573821047191	0.145945906105031	0.219776050121462	0.966569633570428
100002466	0.00710853344051767	0.0253638316575689	0.204978383544312	0.510593984008005
849	0.645248618171823	0.561342925837245	0.255066846059936	0.701720894226585
501	0.504499287793235	0.392112556869682	0.283024710878949	0.705758364650772
100000282	0.738634712235938	0.155204832384454	0.334460718448725	0.626075951651015
100001577	0.0365767110981051	0.208600009786755	0.373520027424782	0.770487465001688
355	0.114828162397577	0.34168734466069	0.224251014309166	0.630018571272504
100000841	0.841582409949096	0.973260829982135	0.269459752727433	0.751061043212895
100000846	0.827389133192729	0.351085332635293	0.243862320354971	0.74651966695657
100004295	0.914510887836079	0.412485765234108	0.235787886191939	0.695783123642079
100001586	0.0989007526564114	0.0491057445785487	0.367245351866777	0.3964047214142
407	0.0147959617988267	0.0358654631927801	0.29915522320352	0.789921464713002
1137	0.819232614292898	0.701933487277266	0.241800744569887	0.797474313880246
100021374	0.0400886038966746	0.0142169659781801	0.197604550918535	0.854971012439675
100001593	0.63898932967017	0.897081459727908	0.252062849785099	0.754947934034666
100015971	0.822333639303117	0.79162369479762	0.25020836125363	0.74540656719739
100001022	0.391937867239581	0.185785164060255	0.16049439446062	0.999633911586032
1094	0.0686842327241785	0.251019916803285	0.402195135353277	0.963513640560399
100002122	0.305660202061973	0.26933161980131	0.218688501688504	0.82370356860654
100000706	0.571792693682688	0.595740089481422	0.221802906620185	0.749461622699624
100001055	0.755566336937935	0.42876605993603	0.23238520279122	0.686614287255049
1235	0.546429302923004	0.764752501835493	0.245264423029913	0.770859486345509
100020204	0.106892822116047	0.635189380145118	0.290539646901772	0.75532129213935
100015643	0.0397498302489446	0.315618414559488	0.283365801155037	0.691144370063468
313	0.0246642175245097	0.280049756387197	0.273705453597267	0.676034863435204
100001413	0.768359739658561	0.961034242627521	0.256073360609158	0.748723832844418
100020423	0.0210411156265211	0.0169353528636073	0.290032581387794	0.393795499626143
892	0.47452879883352	0.149852827595746	0.279968901880239	0.777707016288205
212	0.0564645158245577	0.118886487712215	0.335725236566568	0.739904006858257
100006105	0.186289201484331	0.180455435645738	0.290472224800275	0.767200051853737
437	0.770110330711813	0.578724742733942	0.235319844316065	0.766879241997287
100019892	0.442214102505653	0.792265882041825	0.252312101256954	0.77290350013795
100005716	0.0834383005987191	0.111383999569547	0.278579519049986	0.824134087364406
537	0.251995070140778	0.134837151613577	0.271661223388617	0.755136912239721
100001990	0.313064588568051	0.647290238054191	0.294617718790248	0.697692534616968
100003397	0.0381916224710135	0.00443425205185722	0.208792310305005	0.472836753322094
100001320	0.110997803812473	0.221241403723991	0.327887903503768	0.500426347044392
100005717	0.131274397708273	0.0895429203943008	0.297133392287452	0.787313794308528
100001207	0.032311069768412	0.189085526592795	0.291671540113612	0.756308790826833
100001999	0.566062818532674	0.826435585438483	0.245914157355013	0.837838084040685
100002488	0.223936917175535	0.0190770311821309	0.303046513683734	0.692196275842694
62	0.205862878987462	0.681070494984668	0.245352610231809	0.758875650459391
100000467	0.563250775588674	0.425462226216405	0.239588370034727	0.729645958865695
297	0.00628746721637859	0.146301533427889	0.265201319642889	0.704891654621507
100000285	0.0244890217339781	0.358876478688964	0.251068714411036	0.870837518637785
100006056	0.0636240115037328	0.376690566146014	0.266563748740776	0.799121618007262
100002126	0.138761644773232	0.254102301457458	0.194139477537369	0.923306900413116
100002129	0.736615280403237	0.803637153590733	0.243847915574036	0.844017298817529
100020478	0.0403992057863444	0.234754563440241	0.234220452348306	0.766783447892084
100004089	0.0638120718000144	0.552868732539503	0.27015313917095	0.708534377125155
100001755	0.486755050933325	0.604600588146074	0.256775375247874	0.704225115230142
100000551	0.033289065335525	0.980182715526617	0.258301221319352	0.755187468688532
100003260	0.481280591744433	0.317208803420003	0.285029220416079	0.832909767955037
100010955	0.850422016113736	0.410791906321501	0.204583193714732	0.641821724708306
100020851	0.209171668485895	0.446793433112864	0.273282538574274	0.778800862821095
100016069	0.631819058219625	0.78026176468997	0.257181768844391	0.738851425714677
100002027	0.442526235371021	0.561899932451448	0.2023827533193	0.856045082797128
1123	0.385996337381518	0.19130442319807	0.240666620251694	0.885529442144844
100001150	0.653242113199592	0.903639703418299	0.250978610866566	0.760041112935032
100001657	0.312977373309701	0.674425227635092	0.25377830186341	0.736379116598111
310	0.251524992937297	0.33751622711546	0.219616062789621	0.865983686056858
100001314	0.365620228281622	0.136829326995882	0.242822280366362	0.620017634563576
452	0.680612971873788	0.62496616600661	0.288551406519066	0.720909357040407
144	0.102527634492728	0.0650591059641625	0.319423602850572	0.599509986412621
100001182	0.212577715836226	0.159346918556564	0.314465437102405	0.733249483066541
100015965	0.718951197618643	0.453144752493733	0.239563216442031	0.831703597052528
100006108	0.922679809432654	0.47448052306539	0.260572594925524	0.794092305135986
100001400	0.72760389961834	0.64559238069062	0.241008984680353	0.740009367646239
100004541	0.208663991275569	0.153225247280002	0.23324142072178	0.472462497350734
932	0.810569101285232	0.351679672514925	0.260948098711466	0.77938970697371
100001992	0.399962824013528	0.548895859546077	0.362773078289322	0.647288604913026
100009252	0.108229282199937	0.165533663918049	0.307182423925917	0.742419406863599
100021104	0.682287495975241	0.571217585413981	0.209856337369499	0.880140138249657
100015838	0.00941107483394455	0.0367680696973807	0.372478388133637	0.984368819314626
250	0.00112762298534315	0.0253669963419866	0.49081545263294	0.821105133606037
100002537	0.951009392239385	0.510771389700557	0.234716534955057	0.858606679545323
100001658	0.807253375620245	0.684819314616441	0.276110579702676	0.738285050036859
100020416	0.308920811535668	0.382529573562922	0.226487360570479	0.725608412043823
100006642	0.250958631781371	0.758728546298411	0.243902554259547	0.77395194430375
100001391	0.0987349024400211	0.327864194307467	0.328855476745715	0.866900424465473
825	0.599517529081978	0.61938803495454	0.223224852390044	0.764802109279489
215	0.0216301664948223	0.110915835556423	0.308643899345599	0.720174320172408
100001026	0.968882921842756	0.841726456969839	0.24936775136834	0.798481133192691
100020541	0.440820313240628	0.452564485415948	0.221477474521315	0.78952214369903
100001526	0.208302567880608	0.276008973065091	0.385582916255691	0.874690774267961
100005384	0.541600547560363	0.43503230082449	0.241654051775855	0.664982755013767
100020378	0.262221868537779	0.686923919341817	0.24275272158192	0.75873308723431
100006115	0.99286833508238	0.407097175369369	0.333532624479438	0.637121934423258
1442	0.217318519957142	0.0458375310470733	0.106299601710403	0.63719928321076
100001843	0.140924298000952	0.202567866603323	0.272178330763887	0.851893667081538
100015837	0.131721307493849	0.260997223858923	0.455088415662399	0.698370473869198
100010834	0.753492197198035	0.992591192477845	0.252998212369086	0.75393800720437
100001393	0.544096081166771	0.451497809656193	0.205735524333559	0.785876051564206
100000015	0.307732322304159	0.571141040209533	0.235974312689613	0.773444131623773
100003892	0.0494527313300801	0.0493999279626327	0.221071083853833	0.987913820073441
100000042	0.168194617119635	0.0238011795508665	0.268777066603845	0.66312559518991
100020550	0.599883149588628	0.227997724654036	0.279768967052424	0.637889606517357
182	0.421537005193228	0.338497674164473	0.243354146949865	0.777208636638914
100015723	0.158962468439186	0.462750630582797	0.261222536766008	0.72495722330953
100020343	0.400103596858646	0.479191386823518	0.229519224838023	0.752471133557351
512	0.368871467108758	0.654814976731927	0.277849746474785	0.724081980433503
100021100	0.783599461121183	0.722698755370391	0.243777680537248	0.755309287737764
100002528	0.325676682811826	0.0721898739182865	0.310669119296457	0.515255704151689
100001287	0.418154313362328	0.748601257013974	0.345442489128263	0.694515556350423
100001229	0.709160537983275	0.895149046102449	0.262208884478715	0.741062860089861
181	0.409625605164739	0.87258211200666	0.250125964018844	0.769982334284465
100015831	0.00174702580732757	0.0225374356977681	0.358882049824058	0.512239412010256
100020515	0.371742566079007	0.491218196153924	0.211193759058768	0.89070316302819
327	0.264922416725623	0.295659714414129	0.318289019665077	0.684460416284755
100009394	0.664237946522047	0.748645552352944	0.23895090453394	0.782783440282806
100001596	0.866318299609019	0.224150983708861	0.225495388534643	0.578092588772823
207	0.913732686802757	0.513638523870364	0.269175111543182	0.704882449559082
2054	0.489076301618332	0.757652825258248	0.242741684334704	0.772075924912377
100020259	0.674345046439439	0.583185407046845	0.278111903002235	0.734289344187793
100020414	0.00365618669134476	0.0442178897554014	0.199205041723996	0.671860276210096
100021131	0.857793630211015	0.273440413277919	0.244404180681805	0.707935790786008
100004499	0.916168281726075	0.695997410429288	0.244334717539973	0.722880690157291
880	0.18249763321059	0.799473447325843	0.274874605468085	0.746983658486209
100002049	0.400589366620668	0.260841010158232	0.273867423898178	0.717485893486506
100001739	0.533163402912171	0.252898951971785	0.324975174784398	0.709792432090023
100001126	0.427225880011275	0.143277562446165	0.16721323922057	0.616228827346333
1113	0.666192660985141	0.847528020586733	0.266444225845343	0.726571031824738
1083	0.993072288399516	0.323575012744478	0.282840754320866	0.652157255099304
100001730	0.0850804248571105	0.201833505384175	0.299275707212416	0.619885739311401
100001412	0.661291989017639	0.957596804011458	0.255327701377654	0.748695223523646
100005996	0.7069362781644	0.599652610557924	0.245755112663636	0.720826743452122
100015962	0.00694603517844342	0.0804221057771267	0.181725417237846	0.913572771427531
100020214	0.671978741793961	0.421945526837117	0.267496925331271	0.67398925304166
100002514	0.1115242828244	0.327264740775148	0.263052255158621	0.690449896459312
564	0.193197109822375	0.0553842826694888	0.22389963716454	0.624249897839867
572	0.0261870702500158	0.0216716948618377	0.387798122898784	0.592828209541012
231	0.969836787970472	0.627320227485624	0.229552267413593	0.774261176996988
100000453	0.962238266759802	0.778141786306458	0.2463005801605	0.776150512484369
100001007	0.128599743413156	0.268802172007318	0.309291823616076	0.619457899000344
923	0.882372059772565	0.388018679356114	0.272641994248904	0.726549179586444
100001247	0.450783921959001	0.545476786422721	0.239550742659856	0.734508681181069
100000774	0.545537359481752	0.857681163380237	0.267210414011523	0.770448860362902
800	0.412502844263245	0.382490071872225	0.272532129346952	0.795149202387777
100021678	0.234288507131812	0.343882345613694	0.199934607507225	0.770629335701283
100021711	0.446419176748514	0.857585971107549	0.266722658736686	0.758968776671617
100001274	0.820898164765956	0.425524314860927	0.249467640767498	0.590847964029612
100021220	0.147268904313626	0.167602163295196	0.320733339782862	0.944748227975233
100020253	0.485960544564631	0.941437712394892	0.252985969070107	0.749644895665543
100001170	0.695082420281566	0.161501691973151	0.225439154773984	0.666292207078086
100001466	0.29902553265943	0.9114799923835	0.260232862341468	0.746560807670101
100009406	0.72415015091428	0.66156270531905	0.242715096543891	0.769765063938459
1026	0.223706540553014	0.488392289278158	0.274097761674808	0.710496850050083
100020837	0.880277564021949	0.316431389599588	0.279882493202642	0.665765236671805
100001006	0.0623905501540422	0.0731960979137825	0.234619201628577	0.90386161871433
100003674	0.784775628614086	0.133361929064319	0.254826774430277	0.733556080270203
100004396	0.341376318310886	0.446172864999073	0.295003366360018	0.642233043598123
100015923	0.502107951668514	0.929128855010722	0.271406589444947	0.745622433361244
100000265	0.501207412631736	0.747967873660079	0.260046381328952	0.723837400538151
100001409	0.0768745788727534	0.114756004973556	0.246270468759477	0.593050721332381
100003434	0.382216420284748	0.550139840023071	0.262165573736075	0.670812894111803
100001334	0.582911822021763	0.0647380875174101	0.319592871215946	0.62717815899234
100001102	0.723510607375521	0.75966994650722	0.262060517303951	0.731592541517804
1268	0.608506973104418	0.0646414545714348	0.153613640350463	0.709952498832598
100001300	0.245893273360074	0.0925052006972744	0.225515565857724	0.750441562502779
100021324	0.226966517227584	0.707054816345215	0.328157551810964	0.744858739636824
100001617	0.103477075125918	0.0985488650611989	0.242837580454058	0.803905485051693
1105	0.863188041557551	0.152896912880948	0.337003509485923	0.431521551777542
100021502	0.0682914823847847	0.280453348250731	0.246825166496798	0.775419999425971
2051	0.842884459786102	0.587696742951952	0.254846909095127	0.646253820786815
100001256	0.185298122918667	0.58889301537455	0.29442520966329	0.84124284679602
100005466	0.0710837239247004	0.0924574197588974	0.300795118041011	0.523622615706435
100002199	0.130677842890923	0.720175551034742	0.263640591470598	0.770973226680561
338	0.0169509131197468	0.0517800284073133	0.42171865713548	0.497148902982634
100004243	0.60708606498005	0.687751109401177	0.246481371640873	0.740380778178287
799	0.424278592345425	0.975242274624327	0.266378188742281	0.751007832746591
100008928	0.603111171447889	0.109191733786504	0.258205118169198	0.731886171107069
815	0.084964152396862	0.258453136556581	0.25394348025022	0.83411392126137
100001456	0.00615152176113931	0.077805933962654	0.248122495217365	0.662609024157269
1242	0.0712954765710935	0.0799243793351905	0.305590499701431	0.552203909968605
100001416	0.293652357662444	0.113198774567515	0.177283935565443	0.484514434084021
100001462	0.368659105707274	0.333890691158817	0.30339298388753	0.70809383491026
1087	0.184215095472857	0.0401787756484812	0.261790934738414	0.722602776023311
100020421	0.0805926850070606	0.121081349053239	0.300652130477192	0.494788877087714
100000010	0.00310197838654247	0.0372571377016577	0.255197402212717	0.846053486195606
821	0.533138265984574	0.39330878191257	0.28509665705025	0.5984112144546
100006627	0.252899410474261	0.142993503197934	0.359317213490564	0.647238415373575
100001277	0.361474810818759	0.160254652592282	0.302833099628642	0.703493051135388
100021141	0.0455366877823021	0.200608654264579	0.2890375223136	0.842881323396309
100021105	0.186749360266571	0.296479839337546	0.272506649843198	0.561619922224796
100001950	0.000434897970796052	0.00823804423393977	0.362431241248209	0.85200795156262
100020217	0.898948298398935	0.301426364964594	0.180773064654632	0.578094440506136
100006651	0.0302730760411813	0.182461692383994	0.30055818432196	0.494230456006357
881	0.990169387513565	0.43549164756036	0.241175599685498	0.759639507460125
100001509	0.621842069763727	0.13540354212689	0.216457107890321	0.682496752798465
100021709	0.61465726192232	0.84603382796448	0.248176370583417	0.757222281210975
100001635	0.294892463012413	0.0364182861976257	0.277136969305465	0.697956178743977
100002613	0.448162419158655	0.120092893711036	0.233827196471334	0.844065375653084
100009329	0.582332606206504	0.667299334485312	0.225667957811174	0.890089578384374
100021123	0.889081238018546	0.645740611649609	0.264276092494707	0.670176809319402
100015760	0.315992283134218	0.182258757393911	0.224655018979723	0.73618038008666
100020205	0.384000740141808	0.448998397253883	0.298146656697178	0.579367661509687
100000765	0.557863674497514	0.651395271825432	0.250262698961889	0.718812635739743
100004111	0.326967156674268	0.168273749169087	0.281605502609062	0.722140215681995
100001615	0.206345974083108	0.793326430402176	0.252591622023331	0.75110202593643
100009227	0.199919096090252	0.114283634474601	0.357284182148008	0.897729511159917
100006191	0.253126168366182	0.472670469097742	0.275644302242659	0.703323600493614
100004542	0.460907734267697	0.373460782140253	0.266510009977407	0.801190388069907
100003686	0.302591353545383	0.130653932945774	0.360626374810245	0.684163230947272
100009232	0.0245606781667743	0.214434664388515	0.249838558963246	0.662095727594743
100001501	0.0467815602560183	0.0996213600436453	0.331776283489017	0.791805306310043
100002367	0.513623632166868	0.259289422566536	0.242207440116738	0.592783715902906
100001108	0.359629717254576	0.683177911661897	0.250132527831441	0.742407406575098
100004227	0.773446829838316	0.970892885827161	0.252755192583005	0.756980199683209
100001310	0.187378051561114	0.282833942463594	0.236551207756101	0.873193066070232
100001994	0.884496533564818	0.91148657648894	0.269224059458863	0.806771019409991
100015839	0.012573261553795	0.0130960435505416	0.342868478388181	0.836748488945465
100003271	0.00597904292077103	0.0861336075939882	0.340439920672343	0.540601859246175
100020496	0.76958598867035	0.988990889411422	0.257128540219029	0.753422971971961
302	0.692307405978363	0.436644835684054	0.222757921451446	0.722203033125428
811	0.713178620718782	0.684977071252219	0.243791506387729	0.801909729842663
100001267	0.938154312399489	0.792563328175885	0.241094798554183	0.746208693168312
100001197	0.0231516176951103	0.333673765654757	0.287278633090141	0.768199906409476
432	0.232308590969977	0.486284832001683	0.273540402173875	0.726715381200625
444	0.0114994143350064	0.0578492386756287	0.287183057983586	0.88340702446141
100015968	0.362343089163427	0.398008987933396	0.251989120627228	0.67371762749492
828	0.885997731012813	0.879127955064137	0.248880220019558	0.757081254019723
100004054	0.257229046867025	0.842267678767571	0.255317759663245	0.756933761846572
100004635	0.0857275454281509	0.150479053262152	0.590119170332781	0.4796697291505
100000491	0.417680868563914	0.555192383110846	0.244472381062461	0.651507852981652
100000939	0.042710201991182	0.0325988045205103	0.26830811550553	0.643062023166624
241	0.209414037937192	0.606502740028567	0.269306876422074	0.775618086817861
136	0.379956321984407	0.0713798189995287	0.221450211110304	0.933630975006813
100000792	0.616697351799137	0.951664170836836	0.256595638008477	0.800344374546982
100020973	0.531502773007349	0.620254410457744	0.268400714242355	0.729145502504948
100000936	0.764282379914241	0.843343594864552	0.251797840587731	0.755410782964689
100001313	0.00858112639277809	0.155837766388242	0.271142887647052	0.796230204941874
100001951	0.0548338586158829	0.099249469172743	0.299903764309212	0.714161104013159
100006098	0.0145207658676385	0.0773037161745319	0.276663271001661	0.899203407872949
100000007	0.260661837965009	0.569639694757934	0.264164966988011	0.749403036536516
100006641	0.873719846446245	0.859687935251903	0.274183849888308	0.753313506942493
913	0.0127662310196577	0.0675843275188609	0.324333435152998	0.598811248651021
100001579	0.782525253881705	0.419977535681648	0.279468693859346	0.755151431519987
100002911	0.152775237782757	0.0132230128670567	0.337154233639588	0.699381902048508
100001293	0.274241179056539	0.379857952033572	0.222808601511073	0.889544249563956
100002241	0.2243537500603	0.536723601360027	0.269326147615313	0.716383311146413
100003179	0.413863727134237	0.0845239609042677	0.24457873866974	0.59426479343558
100021372	0.366221388952196	0.249103328842236	0.194233784317029	0.743234674269586
100001956	0.342813104547649	0.555189826626789	0.256984361884661	0.667704796092727
100021162	0.15503737048762	0.130130907429135	0.229421094293921	0.573567903922513
100002259	0.390091387486649	0.651874619663876	0.236771598530644	0.740605053139474
252	0.4910779296634	0.674252961055817	0.292102331517531	0.698265894128166
100000707	0.478847213724669	0.352401180650097	0.252148177626798	0.753692679603051
1489	0.608584062462089	0.0138058015242475	0.17248504948264	0.751379282514461
100020361	0.0340307133077299	0.0940184070835398	0.292382563203296	0.988845324187118
55	0.741357705681469	0.917320676928285	0.252959724909712	0.761379879819897
100000863	0.233509656661872	0.238912642542362	0.21499027019084	0.802768172316547
100015840	0.180820779826756	0.106003632536575	0.346488027716155	0.698005681373586
100001541	0.167443054229898	0.086016198127039	0.174702783192259	0.736839106863908
100006082	0.152566279617733	0.0562997612563505	0.336557245940416	0.741442691266914
1254	0.657017353141338	0.915403987151712	0.259468595865329	0.769475715355989
100001624	0.517877393608303	0.36857390546834	0.239734225686151	0.725243681432267
100015850	0.93540077037209	0.589276992589183	0.313245034110724	0.71562828238674
100001104	0.00407666056298316	0.0165680087421495	0.309170112363856	0.975005381409768
100000900	0.134054308018283	0.428187908942638	0.263035645762074	0.754285668507494
100000269	0.230444986574281	0.0861821499461141	0.153784403579139	0.70654348265795
1022	0.227800594351151	0.973070926392521	0.253773836611502	0.750314453813285
100005373	0.22730309111883	0.0822346622506199	0.230144326926737	0.771445430225814
100001129	0.139536332366724	0.753174777126166	0.248082435608124	0.771194731986084
935	0.0129776116796592	0.135159444171154	0.335333550867179	0.60589191542076
100001262	0.173849616615628	0.213807469788935	0.26795876883871	0.768330322001523
100019978	0.318196085414796	0.617776620293042	0.247235012035271	0.738747917686016
100002293	0.750402629689147	0.790901146255828	0.256877941295389	0.752028555831564
100001426	0.200417885193765	0.27700739380278	0.259835250546992	0.582005385393817
234	0.0419597499759579	0.171924765455586	0.260721347763683	0.705362306729852
100005403	0.267312065035854	0.955999848813535	0.264492933544185	0.748043229328553
100001083	0.0368702217348078	0.309948064964293	0.273295649995556	0.786954511153794
439	0.714521795095528	0.327823206928797	0.273140407331886	0.745085101782308
100001086	0.317989821953889	0.391281920234949	0.263180604433516	0.846849053900977
100005864	0.7288352950357	0.444671319625288	0.230459158991307	0.825252289974063
491	0.519597365532205	0.912166139928549	0.251959725212185	0.753640781838418
100002029	0.431764487505621	0.409536045462538	0.240273647903142	0.611975556561351
100002154	0.819595549557952	0.467457008876621	0.223444277206208	0.728237813788316
891	0.498482329979524	0.204588315072674	0.285328791643216	0.717515443772989
100020261	0.383595422485321	0.454099193174066	0.3061930459244	0.722957868347049
100001296	0.506863866269215	0.493467127544047	0.256590832986723	0.642649975667337
2050	0.440546209241625	0.564905639791078	0.274511802027921	0.693139008336972
100002761	0.367624913654927	0.688175143549346	0.224276518431021	0.880324215973095
100006614	0.863172665385456	0.628779880819045	0.23081680358533	0.825319004954504
100001597	0.823968118974428	0.169213054361321	0.174364243349902	0.546663012790387
100020853	0.742816669574813	0.845678056142621	0.256147103224397	0.765289587228392
100001446	0.33076340655945	0.461075954536322	0.235731470010848	0.724274075579724
100003240	0.296614731172356	0.127919843448532	0.296599362003309	0.662966726819827
100001502	0.0296512742913348	0.226796961193392	0.308235788856999	0.837547818690485
100020866	0.0859496193250413	0.0100685631495057	0.143955171866587	0.576545274054385
100020419	0.0340621261878905	0.100620517042606	0.282209507210532	0.481249547266224
35	0.429713412766491	0.259274774736274	0.216748514707994	0.722228202497749
100003696	0.014020534125428	0.0565264871450506	0.377364201345854	0.683658813567954
100016038	0.987157871656626	0.760329828728941	0.241090187365591	0.719878137904939
100009333	0.219611122033355	0.180764750440189	0.255491289199587	0.772619598772238
100001611	0.182214402129402	0.363703806198006	0.339423102743998	0.710670334458522
100005383	0.612398711151496	0.273154847083227	0.256459699567281	0.811111191330056
100009239	0.289011475865626	0.130457409726269	0.321299555253325	0.562759120122359
100009332	0.374595919879849	0.261497853639399	0.261723406534062	0.694543079607866
100001731	0.145985118549243	0.637140412930523	0.259089558439772	0.72833651579913
100003415	0.375994181290366	0.466990848506056	0.250362960956509	0.760089184997126
100020578	0.131925031690617	0.194674075928333	0.237182137852412	0.644433734574331
893	0.836976884046147	0.52359010803804	0.250724880752743	0.764426352116798
100000963	0.32895604088104	0.224908931102941	0.339034507111988	0.540795410042406
273	0.12709175989518	0.298908212967491	0.295107106948993	0.75542218464226
197	0.427112798983898	0.398154274491366	0.243332316988953	0.626415991558581
100000808	0.363085265728701	0.257506867875224	0.250555046613431	0.870854275260567
100002284	0.714582850185526	0.385218414480762	0.169854713650138	0.689709093136257
888	0.972516137339613	0.10024152538263	0.279139895713727	0.726009654014216
100006435	0.556459911391607	0.334122823594104	0.194155802484382	0.948367219631982
100006374	0.186509059248128	0.533061577056833	0.260703872322123	0.743888504957182
100003169	0.584551125338476	0.978168742152472	0.251965839757534	0.750755489326758
1004	0.612352866613332	0.78783500861255	0.241302493903412	0.731343141263642
100005998	0.0789344324194886	0.849521210389804	0.270926277622576	0.766391866149254
100000773	0.687499344660975	0.560431590082937	0.259306303288041	0.732010157242177
100010850	0.0163880934545466	0.121568119685787	0.302664911095291	0.623243699351944
397	0.874868958444468	0.358358044567399	0.185357704613513	0.828164092835943
100000039	0.0716558392063859	0.218276676108351	0.20348391106193	0.813815245098999
100020833	0.735568359357686	0.769138503338531	0.259143263964573	0.794138134556235
1021	0.410280349243584	0.350825438031873	0.237448428656263	0.790039794098385
100020479	0.349820250583695	0.561852038314754	0.256049560493699	0.766515718981545
100001335	0.517834382562915	0.319520832364552	0.28996833967955	0.716968345485049
100000743	0.537071900523331	0.969136398984588	0.252642101735958	0.752332929185833
100009246	0.172840428984871	0.635559108313719	0.242647594493421	0.787603581402709
878	0.201195048803083	0.745822691745708	0.242433234035025	0.769393084354
100021103	0.66879065953437	0.868767993891713	0.26391401480579	0.819092029058179
100021363	0.231402243583346	0.553934200936811	0.233719524836916	0.799243023949229
266	0.103703847098994	0.183478950614779	0.250010788183125	0.687559881600593
100001195	0.310427460505369	0.219697386493183	0.327174028798558	0.674756738421163
100019801	0.783967549823133	0.710028374066641	0.26454125673252	0.738502135782999
100002196	0.0345410715269472	0.252747143434562	0.263003811121742	0.772225833812849
100006370	0.288495663416285	0.981364569780191	0.253670405474785	0.75115384503195
100001510	0.0285925835785172	0.00358798244148888	0.207978238509628	0.865602178535811
100000437	0.597873504024334	0.472368515650185	0.245554945047912	0.807694377812326
100001767	0.153158310556434	0.0350656977412592	0.322932677426327	0.80161358956753
100001810	0.415534895320718	0.494131096034105	0.265535407874644	0.912214236666889
209	0.0391847289868561	0.3741941292716	0.29553458904119	0.727782018554068
100001485	0.249966338954524	0.0883801799445686	0.148607037223592	0.683888963975182
100002500	0.12355691085353	0.453302853316211	0.257781167833895	0.721849555608267
171	0.0341017932823547	0.025890183113742	0.197589431093477	0.726766041574273
100020487	0.819682839319371	0.683112160446225	0.280055823577682	0.667812233904189
1206	0.00737080973125027	0.118316962963791	0.255621616362603	0.807045389445672
344	0.0113854821573215	0.0273579855771118	0.532648282417686	0.850547195663276
100001405	0.43527028640228	0.866549007791568	0.259188102482109	0.740005443162004
1239	0.96297178148372	0.506929220086011	0.283392994645353	0.756466770295698
391	0.0727918609995758	0.198047688728043	0.241051054728469	0.945024285335739
100006430	0.473601227553625	0.201853911336355	0.32477456855534	0.476277768501613
100001417	0.95274937770705	0.53982803648225	0.246054466201647	0.845277036062803
100002951	0.0599957186133215	0.486746928503121	0.252693014034671	0.667467756715985
100000014	0.405402815163047	0.557191165642466	0.245191719297394	0.800140351389745
100003926	0.598260412649682	0.498023951517761	0.277049708888342	0.72740581231933
100021538	0.252322050613889	0.216231091288677	0.284983027559339	0.684974495568065
132	0.351882538903936	0.969296762161041	0.253883478170105	0.751292980514594
100001425	0.563466671117989	0.532549103474027	0.319311715315022	0.684873809497705
100020262	0.625255618129004	0.669235102820459	0.272673799744977	0.737874152934838
100002679	0.360307920966596	0.678008998155668	0.238903292046887	0.825171845905639
100001270	0.743507498459478	0.557501368410028	0.258686337154311	0.73024771000313
1102	0.801858395202273	0.973011185838022	0.25270112636205	0.758499694111123
331	0.244383654213435	0.196213831924856	0.205955649424345	0.645231617462082
100006361	0.499078955124442	0.590837975043962	0.231409428876416	0.834744020727239
180	0.819962540597793	0.905652768118437	0.263447772096662	0.749861134885413
1053	0.311196968873998	0.452285782291192	0.398084304889949	0.813591397736559
100001359	0.703915602297322	0.971837386250537	0.261350864420459	0.752568151813226
