chemID	simpleLRM_Fstatistics	multiLRM(chem_sig)	multiLRM(sex_sig)	multiLRM(age_sig)
100021136	0.0359700085873394	0.269929753436731	0.358521359763855	0.784393301403312
100000882	0.774898263438419	0.697347064901483	0.340830454567383	0.676144664652261
409	0.0887480707894641	0.208909605529453	0.374267083830121	0.468430466661567
100002254	0.640221619602059	0.0603747212857201	0.241059458267846	0.680181117902331
361	0.00933299395211673	0.110681273216269	0.237681714241534	0.669365894917986
100019975	0.603645413088814	0.662168365451172	0.333900849529168	0.721250576390815
100000257	0.00085259672409249	0.0222820640764493	0.325891401398367	0.63052468864076
100001232	0.885710724852178	0.980458715380847	0.336200402490442	0.699529117536187
100001948	0.276165793748908	0.333867542418534	0.369413652608882	0.549448012013742
100001073	0.588052930539907	0.668928789191451	0.409381425863804	0.624346840970851
100015637	0.847425610956871	0.477796399594183	0.347199986558974	0.693789979285077
100006360	0.604082363303328	0.638586644490264	0.310869760119101	0.777293319072901
1488	0.527449755367479	0.6336802425255	0.335774642200704	0.677904911242267
100002253	0.851534550646112	0.99629531533147	0.332663373314224	0.702743377220054
1023	0.89928968231756	0.725188631001475	0.329612164010666	0.685047024343488
100004284	0.69801512901492	0.810788172971294	0.325797309397526	0.707805265827804
100001251	0.618991268508478	0.964310067293614	0.330276389187273	0.699091098158551
362	0.736932685980116	0.504699629969956	0.303498997222785	0.69416373838613
100006620	0.724166420545692	0.936895958481969	0.33128344212778	0.702321087698945
111	0.341494593836847	0.182956962536346	0.286810975850892	0.672846628706587
100009045	0.615028223674137	0.260598156271107	0.276956505696113	0.862899101731789
100002927	0.810490615872413	0.934824568352946	0.328895210744288	0.710139203988962
100015641	0.738173971540065	0.896038223094963	0.325557083371732	0.709260630582844
1114	0.0983296574541098	0.926935585712345	0.328184022404801	0.704608258812513
100020409	0.355997811741173	0.363849931411264	0.329993326994026	0.568372730604741
158	0.107410978846965	0.223243027692228	0.429939779406724	0.73539384703628
1224	0.0196500387583953	0.196582982612678	0.278367609865683	0.749420738709676
100001620	0.462328891398583	0.301705184113897	0.27685415478699	0.703253033332158
100020893	0.266602785734921	0.0593833634871697	0.306603902404666	0.417653457784376
100002458	0.733365294377866	0.544363646082241	0.375632443092285	0.6417855347789
100001112	0.755218725754808	0.983713270205034	0.331186605241139	0.703712006666749
100002953	0.39043329161392	0.80532219304547	0.328289568167372	0.712555554718039
1141	0.447730019236008	0.0668394741172201	0.40948722558865	0.524951669552701
100015834	0.408933572483138	0.900684949405055	0.336492868249754	0.709043610286528
100004561	0.608865507366304	0.843742659960952	0.335399115109645	0.695558971442752
100020497	0.859195463154406	0.684138331135125	0.310783403302967	0.732367152038626
498	0.0724487878691078	0.309755692117362	0.309691724651022	0.774444039784702
100006051	0.895909240288115	0.856735278834933	0.334318283158945	0.696737069072249
1668	0.645505930298992	0.53994742251531	0.324415275156466	0.640799705140039
100004523	0.233468502914143	0.655933343595772	0.363752824426601	0.655098365851619
100001604	0.224382867997954	0.505522504949084	0.328475548411265	0.749127290622098
100001002	0.220284588136464	0.600181217127529	0.339907193585467	0.687827475653866
100001987	0.053057355427133	0.223502656003303	0.961571448373214	0.547373387186173
100002462	0.68074201917444	0.351768370673962	0.383865377973489	0.579675827430349
466	0.591522120691529	0.0768769744414641	0.361574530581326	0.677137431341631
100000665	0.941665603645489	0.372486622224323	0.375586273225462	0.637052022486494
445	0.924259632696497	0.381882834087577	0.369126374647736	0.758354919813435
2029	0.156920819584411	0.481461708015807	0.350478748593128	0.703112666194716
100006438	0.101402125174122	0.225755234050573	0.394730234156356	0.717793305654147
100001398	0.188101817300335	0.632597209922982	0.310572547580381	0.71757277919911
235	0.439255124196755	0.495582353788248	0.298416851617408	0.731808888260149
100000997	0.73990068883764	0.703030500464588	0.332105312779259	0.677962049037606
100002094	0.254026575456059	0.218347770367091	0.280592945691713	0.562455155441281
1052	0.66131768948867	0.96874266410037	0.336683196990985	0.712053389743777
100020823	0.365910711595814	0.653298154531146	0.314059962548848	0.690137441539639
100001806	0.257667530961973	0.601470748527245	0.390164678734363	0.712355299143392
100006092	0.871467414048878	0.833152362855841	0.336689120686611	0.685304473994655
100001415	0.119702537923046	0.0766262246115974	0.321753706489045	0.412647654101464
100000008	0.0452378381050326	0.0792545256592822	0.362500009035514	0.536190973771504
565	0.0113021212235842	0.0587953500531881	0.312306431898086	0.769437711928338
100015851	0.166191050565582	0.205646936377905	0.416900022831304	0.834161136658312
100001866	0.580171640577076	0.898269992177926	0.344754286180479	0.687384731071542
100020546	0.00248737007981864	0.0276819201580731	0.600049362062961	0.902445564563623
100016110	0.542916261827967	0.384188060232727	0.268348244619923	0.806628314880324
100001254	0.00315972191083738	0.0112220285005541	0.426855459941614	0.922805780389808
100006260	0.440501025396637	0.90269844888384	0.333650068700333	0.698448822013516
826	0.642004696055122	0.947582574926609	0.331275245279931	0.698436466986709
100001872	0.452881022987788	0.847578367855194	0.332176328781137	0.700397786427889
100000263	0.330280245182009	0.352474027546761	0.411434048162	0.693952550562564
100021198	0.795843763692859	0.0682983496065513	0.231638268169256	0.411985837294046
100015967	0.0345422156271265	0.0866484908311204	0.407765182180553	0.517838450302075
278	0.100096797891722	0.271342588590332	0.326068507048692	0.995189042587907
519	0.799548153122313	0.362714812879285	0.38496526767736	0.638781064741669
100009337	0.11247148821926	0.343557267586462	0.438425048184273	0.687290707114997
100002185	0.337867226155664	0.919763973508321	0.328827327151215	0.692838474989609
100001278	0.424766818612021	0.290493879757935	0.396954869824092	0.653791050058637
100002103	0.783884821608923	0.629689832379705	0.329019542355759	0.651240274832712
980	0.852559641176696	0.476584553590119	0.359284608179357	0.681342588217773
100000016	0.82059645632547	0.413133287845929	0.32797382722822	0.673568363661693
100020372	0.185221891986856	0.481172186866344	0.327480760030031	0.635698406178397
100001662	0.719738446357378	0.151940367944558	0.139566237344791	0.706760091213506
100019972	0.927911656373433	0.675691022797462	0.339769184484612	0.687005741378038
254	0.720246017667052	0.702959781481511	0.329389521248555	0.704979236645319
100002009	0.632675075178122	0.700770356214758	0.3279914351305	0.626172527624429
100010895	0.429654110293741	0.537924769053726	0.382475708314082	0.679640387234903
1140	0.898747197003863	0.990613831666318	0.329986990889646	0.701373462688363
100008951	0.590939429987782	0.495457412256111	0.356203255279869	0.658806276502421
1084	0.320973773470103	0.735765546094973	0.331904509955475	0.758672397615031
100002796	0.102032262589189	0.425252294705701	0.301617122676858	0.648145380538948
358	0.932263471881845	0.967545097048176	0.333301674875155	0.712571431387353
100002070	0.74056636129266	0.676879497540875	0.323337534012313	0.736211349055532
1628	0.362070446132204	0.129047570776797	0.401737259753294	0.686921266240945
823	0.747764828344255	0.53216272452087	0.289692740864328	0.758402419006276
100004414	0.505296857325474	0.0964334641294149	0.419849997857054	0.833247331411025
100006129	0.661441337003008	0.663988591369766	0.310774104006721	0.716811723278123
100002028	0.62276286459993	0.424530967928478	0.45593406875346	0.491909587937449
100021707	0.444587866997459	0.652356059100647	0.30543346197945	0.750199829628517
100000054	0.235755235090103	0.532204621971113	0.343508441477724	0.733230312146711
100010869	0.526160741550029	0.282817669071021	0.336406039826248	0.579450934755166
100004575	0.025107044075667	0.100427536849684	0.429618747114677	0.958943104266418
100001212	0.943804519480469	0.70062230665744	0.332174119178827	0.644992150566182
818	0.228046799442273	0.543711320790567	0.375830264003796	0.64992166557384
100001092	0.000925344036499971	0.0165997665785001	0.347723970797305	0.692762192461171
100020371	0.872599623499494	0.984280280511485	0.331481293699774	0.699881804395912
100004112	0.160795447284455	0.486197666810822	0.356938638301063	0.70958681039982
1125	0.430641214948128	0.321347422394059	0.370947575213167	0.741134199360747
100020491	0.955666121815154	0.574428363618315	0.28940317665519	0.713452368024108
100003151	0.00281089756836439	0.0220600700883871	0.479820978934324	0.576570546786092
100000011	0.338642862924064	0.149137376547398	0.245514690742663	0.807726838731091
100003594	0.58271131171128	0.835055676800006	0.324129235182645	0.689868010257874
806	0.701359599578638	0.170679237546149	0.335349555700163	0.506833357954995
100001211	0.971361596402581	0.587518870522629	0.341522231962861	0.681458678129242
100002417	0.552851548327586	0.678818064304346	0.322356702366858	0.672494045192754
100009335	0.491041700865238	0.203366088766701	0.277004292897667	0.725238827653196
100000781	0.606755321085848	0.924245730829641	0.329431639254532	0.698083207812292
803	0.0399845114454233	0.0347016418305387	0.296215918857273	0.568121728179334
50	0.578898152742223	0.719323645484243	0.334634227022311	0.684065703238191
796	0.437401950334082	0.0469684303622988	0.362480615223199	0.685875193242063
100005834	0.986274756469494	0.684610097158744	0.374702654765172	0.696107053727922
100001580	0.98210061985423	0.505250638993154	0.355853264761569	0.701128610224708
480	0.805778087654692	0.667020677066415	0.303605930503779	0.706619801831692
100001540	0.229879910613517	0.63534491900519	0.446135954568447	0.808527398305778
339	0.53834448118418	0.140822846198515	0.307279169655512	0.61277739668313
1110	0.969764159618841	0.991028095285453	0.332324963423214	0.709516493035318
100015836	0.137091678309628	0.174351653213687	0.501762091816636	0.885756115482128
100009271	0.553075715122832	0.51531440281434	0.367925807929383	0.680227366113135
100015638	0.926053858298372	0.44799870587137	0.342061849631433	0.680376653085962
100021667	0.798691549281229	0.435664880733248	0.389515903337204	0.681570466614121
100001279	0.60337930393463	0.366410697639013	0.359036997669868	0.826585319091868
100004208	0.0159755279284976	0.106291566116477	0.515955426692109	0.831128715304432
100003695	0.256520251435307	0.164857502233139	0.343922023666362	0.488952344701515
100000802	0.674472222052616	0.945199298014703	0.331247434048517	0.698156072938477
100002769	0.872989354040157	0.108219851956625	0.244145321689265	0.812193773602737
100015835	0.0855266029441569	0.241897481608682	0.518267654575209	0.931112112215923
229	0.896466919939762	0.373613554281204	0.369015789688018	0.693920814373067
100001266	0.00585318037410378	0.0268372010441898	0.431611392795995	0.993948420389002
1342	0.286256285977925	0.348674286114993	0.286531996032081	0.71882872537827
100002102	0.87409344346089	0.57226948920205	0.370642763877839	0.796243581030635
100020254	0.169836027786118	0.604866353202005	0.324425935171782	0.726331929784647
1231	0.502550066894161	0.231377401749569	0.38830267692421	0.650942199658298
100020492	0.950015944516401	0.918968788253492	0.328317443074937	0.699292296580197
100001402	0.416408741747787	0.584092076610932	0.361674016455766	0.704507565184169
415	0.00798983895140619	0.0803952975100284	0.367669079179173	0.755947761686125
100003109	0.718457499868512	0.719107212417112	0.330278014056677	0.76346137650006
275	0.59430902688303	0.778034744135663	0.313683708949983	0.681536016240443
1143	0.165085561973928	0.0712538659274539	0.301063509022185	0.802161547329886
279	0.45980168197321	0.377725533122331	0.324372946002189	0.571837671953563
100001198	0.9646219280912	0.927863736629746	0.328963722565237	0.70808232057232
1648	0.42328364284713	0.983139921890709	0.331309833493868	0.7005457341818
100001590	0.398009980436606	0.364017520948344	0.315257324326222	0.625525598612461
100001733	0.332921339039993	0.810784666230596	0.327197561655942	0.719156378561059
100008933	0.0157529044244552	0.00230108411353808	0.449110176983532	0.655625443952828
100001550	0.323121852743773	0.52165399825543	0.311768821044893	0.649689645446005
1215	0.0798633198801167	0.268821376646226	0.282853821539749	0.655931740173414
100002356	0.279759158881844	0.114040619855298	0.394920711845279	0.708843317500379
100002749	0.768466148543199	0.821753023345019	0.332651405052942	0.705731207628375
100006379	0.20473496108483	0.189383599099793	0.363123313209242	0.453682006779874
100015966	0.0787545955363092	0.15030425895063	0.358464843274769	0.520438214816126
100001392	0.622053092312143	0.97915054917226	0.331562089210031	0.699722330321893
100020425	0.110783499600046	0.0615718073300769	0.290153545210616	0.460954803062663
100004299	0.263537015480304	0.779696970830839	0.356465092664016	0.755731563138454
100001734	0.519445131254374	0.495281398204469	0.352005979754618	0.634687160265085
1002	0.904725944928784	0.819455724144629	0.333390983746664	0.699503090008325
100001337	0.279044805725001	0.799565604480161	0.316106996496443	0.701794048112381
100001452	0.761208869948382	0.829782146367309	0.328680477476786	0.680195871829303
314	0.546206263266386	0.391444230746526	0.342434439132994	0.718227650555863
100009264	0.886308026854855	0.466639100615157	0.250021121531509	0.849466316244206
100004634	0.439463415239547	0.512335645835336	0.300183559277033	0.71675314993367
100000711	0.719570324629886	0.613077660531978	0.37201100239318	0.732997739529835
100020536	0.0152735960287516	0.0745310716477767	0.421414526751177	0.820806942290691
100004318	0.335159150749974	0.57860009612119	0.337697493829541	0.69499944231594
100005850	0.939126244922274	0.458851922339549	0.41096647258935	0.643133630086336
100006619	0.327443671368836	0.152604044944436	0.372383901509909	0.686848062039187
356	0.376003019589065	0.557456697658088	0.318251488626021	0.724249933852921
1221	0.608303238542647	0.569671452618108	0.420261669250164	0.740446357857444
100001397	0.816401404321609	0.79234322730412	0.329494818675413	0.692925555923623
100019981	0.58048950407321	0.86159633780265	0.337023984286399	0.722026295912643
100001208	0.398726835590982	0.200309977725226	0.289390993776667	0.978174894088302
503	0.00963461592148644	0.0108483474539113	0.211943287108417	0.537349013219991
100006375	0.233634816986704	0.732473072059207	0.343888219592141	0.683454763272478
100001295	0.862032301855175	0.655058049647362	0.320102123579857	0.780582014444156
100020427	0.0400285414787789	0.0310422555756869	0.338544311580867	0.397542964031258
100002784	0.538854501970008	0.43500203210548	0.289399292327755	0.759095578736383
917	0.0721511108739668	0.221036290933067	0.353080991431016	0.648622863283635
1869	0.400308575879173	0.224581282227489	0.351418984716572	0.584553291890672
240	0.292839913428641	0.131739860267141	0.209886114830861	0.50596292074922
798	0.00584393673360659	0.0789999175455145	0.476761881111397	0.627751845200848
100002952	0.245608749573857	0.518772884746293	0.329554582273301	0.776742044925852
98	0.58402930043727	0.783369216328336	0.35469938898766	0.708606915676569
100008998	0.356725652435774	0.38092528057984	0.267297156944258	0.758178966822743
477	0.878422839515774	0.307533358320248	0.337817807450659	0.696043880372275
100020545	0.0858819421671552	0.14494927468571	0.382552682879461	0.867267579129184
100021666	0.918068388828466	0.295909920541235	0.369153043831172	0.691651614190779
1256	0.649340821196481	0.788289013269101	0.365325401924724	0.725002469665521
533	0.341546956960137	0.0886410215918536	0.236777533529415	0.45391910586044
100001757	0.415715400587022	0.90398881409003	0.340532439961535	0.69542763303211
1024	0.358897257808336	0.0994185090300708	0.223162607566068	0.854303091075332
267	0.461905409107566	0.955029952483158	0.32954677739231	0.702656502419092
100002113	0.0992048744572849	0.0958681416177265	0.326106702825142	0.726874267118994
100001756	0.811363316972146	0.690457034536024	0.347583822543345	0.724146478326194
100001193	0.492277151020014	0.194581796109515	0.400321186802408	0.646594130839434
100001668	0.651714957467427	0.923433940029143	0.331280863476515	0.707253168226995
1124	0.307441373015964	0.317472126309127	0.298358316599461	0.794355116956403
100021331	0.135043396975566	0.328515044641839	0.321529173040016	0.744818598851108
1090	0.0835534740006537	0.0637376789591083	0.311044160129711	0.830790086625572
566	0.985044537024078	0.340359837645762	0.258268703583304	0.707605148228034
100003119	0.504646122180452	0.30018219951455	0.361884973133059	0.637867510255498
100006367	0.776868819351054	0.578536540094073	0.341306259034777	0.680616752271515
100004322	0.213185206072746	0.195056984263401	0.337704178012781	0.798154185436356
100001034	0.651992645725085	0.859813129970985	0.327869013716119	0.693474868012583
112	0.887401426236973	0.866777355316032	0.33407169908248	0.67650012809997
507	0.680975509081774	0.806070053246073	0.331423030801129	0.706658470470446
100009233	0.299626999056711	0.203518800867943	0.310716501754839	0.719455737436241
100000406	0.0236102390823237	0.153048401106139	0.491607720032472	0.506644903448328
100004046	0.378801538385715	0.431589497081031	0.221409728998548	0.636389543892878
1025	0.772744202805734	0.689808094612376	0.318831351592829	0.720046728417829
100001106	0.189935055377378	0.201305997623535	0.277589075353238	0.729754389425303
1128	0.0322317312634937	0.555679657673807	0.365474891732127	0.751431133138337
561	0.0425491376064326	0.192515355895485	0.241389194455488	0.620913708534878
100001614	0.872365294518267	0.373453771747283	0.346307507055944	0.675814370803904
100000961	0.857519027071918	0.996024786500355	0.355175793585052	0.70492326922137
100002397	0.912791757795748	0.649832403070349	0.330097028918112	0.640552262625834
100009407	0.988769766347991	0.98106849138816	0.33567144140459	0.699699302825342
100002910	0.867846806989198	0.60531726409351	0.302628699443926	0.634997078032925
100005946	0.296391130955663	0.366522770229659	0.373386363617091	0.795590060096343
100019794	0.122799123294229	0.398944030855752	0.330463018101525	0.828661739464396
100015759	0.31324394780281	0.112516114511103	0.288157548929485	0.706297787778543
100020417	0.616630624037513	0.540674433844444	0.317158890967306	0.671106180648464
100001054	0.838871635604184	0.885392112002838	0.339924145252093	0.702508909257989
100001437	0.28914505299175	0.31693905514471	0.279258207489068	0.62500098390509
504	0.304257817043296	0.669932873919313	0.384302216594697	0.710634353761808
100001988	0.490563023448962	0.662967040759274	0.325157057343568	0.851115149943635
1082	0.028534723512821	0.501346129595481	0.374881784412743	0.74002969287693
100001403	0.315253625177804	0.336931918621283	0.366996765761884	0.682059195576527
100001664	0.929539937021562	0.505156137546459	0.31400701857885	0.890691814662361
461	0.262899677507287	0.221136349644415	0.518174671008887	0.677422130611814
100000463	0.659464659791312	0.999178677581253	0.337140351086278	0.700307778497668
100020208	0.660288094195343	0.587748906818113	0.360098229446734	0.602065392042916
381	0.406408671195224	0.0683894234279731	0.160988474114955	0.532061690741101
100010901	0.112825607845997	0.0755504138879057	0.313768969026713	0.811390919173027
100001468	0.318922330608957	0.915844707183208	0.337331619770043	0.690017546514554
100000840	0.896984197249201	0.98994337718178	0.349189844891246	0.702381535790229
100020014	0.250475563567109	0.601058134955899	0.325033759237892	0.715321782062351
100001993	0.833079021706932	0.658348410342648	0.287135370133701	0.832669604890483
100001051	0.10962642318421	0.0208012007417142	0.355441545285871	0.373612999523919
100006116	0.362654275423706	0.502227289890812	0.33832562382406	0.7022281439256
1108	0.918045403125874	0.896821516180646	0.327972130100683	0.711881622824142
100019966	0.408363891234439	0.152945026823313	0.38571905433481	0.669670484539397
100001743	0.706219772485805	0.499889954073697	0.320018702638328	0.685057160215486
100001294	0.105058041678721	0.168994568617776	0.239342394269323	0.76251539698922
100001609	0.272979043133421	0.103540412517768	0.310185039532757	0.793086484239995
418	0.849349009598739	0.899122130245066	0.329962925241588	0.715521328145436
100001178	0.397622834441789	0.794732200513663	0.322656118852684	0.672095869582442
189	0.96272620706603	0.704280585731499	0.305912514859247	0.669185790909793
563	0.465452314607734	0.840831403241255	0.344187215874676	0.68848752128849
424	0.658266137298585	0.470430257767374	0.362583568367021	0.682793456148346
100000776	0.14258025785293	0.290182763322499	0.374765124557672	0.70371313453137
1001	0.984810675459239	0.438347296175122	0.33821295446033	0.705162966553678
1135	0.311966213674832	0.0867305502141927	0.320017319835932	0.764462346724637
100021093	0.348085314427766	0.501208096905491	0.382869395895946	0.723637335186113
100020219	0.131656481311795	0.237764347770418	0.339945537003336	0.592227710533273
194	0.374985238264399	0.932670006498615	0.334373179120424	0.693542723900862
100008930	0.776882297025226	0.646838655269805	0.354325183613394	0.681812692846198
340	0.59432768713803	0.242371165344585	0.211839242535601	0.781214474728511
100010896	0.910998937076939	0.784096959204669	0.316907599380794	0.706722459076197
100000787	0.204873373646435	0.11790630316849	0.325105335924695	0.414961547217877
100000639	0.0289009759133389	0.218908986308385	0.303783277135649	0.707037471707231
100001851	0.980897649656342	0.267586656811598	0.356750801988492	0.480360215321763
179	0.549530549496373	0.645860151096274	0.325182845608768	0.713496391033805
100000626	0.394345039198273	0.808356435869353	0.342753337631395	0.701272054728474
100001605	0.00817581378849372	0.0769678008190839	0.439778071934631	0.802749424701053
330	0.270038531823797	0.470743600085891	0.359892289008109	0.57961908553162
100001162	0.805449186506095	0.637311776060078	0.304073220693999	0.671640733323579
100001167	0.0383263525364338	0.314233068289244	0.336357906549552	0.684849399713637
100002067	0.540709040615492	0.73606698359783	0.429850482362454	0.621653026161325
100019968	0.471298443888411	0.350288904131168	0.385944069821264	0.636379630900752
100002014	0.976151365325683	0.972258960663873	0.330730627838106	0.728914050874973
100004083	0.507783330463948	0.173202049898056	0.358577778078485	0.569404460848479
100001315	0.34726529602317	0.371809187610027	0.34297411261891	0.769240600790559
535	0.346063135920664	0.733152675903758	0.342958805839286	0.694121791744463
93	0.380891082052085	0.266829895879203	0.377710333199574	0.540418687373045
100001989	0.384810726664781	0.662874779308124	0.309132035476808	0.738876765489679
100001740	0.773542561872733	0.433985608967104	0.304586763794183	0.718690377150032
482	0.142630907829385	0.963080602745459	0.330764633979973	0.708709035459488
1629	0.276258227266568	0.417216642390717	0.391766802405166	0.676682159647466
100001399	0.446821161021146	0.376813427341444	0.350756918848628	0.702718780565554
376	0.665445849437881	0.176332305875435	0.218776550413704	0.814649680964955
342	0.588085231585542	0.598708714179326	0.329282864884362	0.698351320988631
100001253	0.021841954439836	0.166630697999258	0.288265616163969	0.923768471489067
100000708	0.626272335887844	0.669322006266749	0.359903875363566	0.712363990324145
244	0.195994958585711	0.052758031850768	0.27819822757027	0.818854990174507
100006726	0.409131483995592	0.284426300843171	0.387428856231335	0.685949207685202
100000036	0.203871513537737	0.726688424736171	0.315840667998959	0.732893301991159
100001257	0.0230580604296875	0.0716527790249163	0.457008625263248	0.984051102745294
100000445	0.709057479390975	0.573530751204662	0.368287863122914	0.652462364260219
100004088	0.00740064491113318	0.1331815106708	0.349588422294613	0.765660694295481
100001423	0.984749239147881	0.756491360364929	0.33559709919658	0.673711654566362
100001276	0.299558766886408	0.280693415798134	0.309382306399722	0.616809695449745
100001876	0.768609098409527	0.838476310188855	0.324884570790113	0.704833737561504
100009082	0.534678819763679	0.0261061798812331	0.144698165797354	0.682112332706642
100001121	0.350216202248044	0.731896089159437	0.326327208056142	0.696065804960082
117	0.308725186093535	0.630324178745918	0.312976029651328	0.720924894515578
100001868	0.0734204167092421	0.213687151097625	0.363278688608642	0.694164375369569
1134	0.669156320013005	0.296937106733118	0.225961037833329	0.67020727379972
100021012	0.23462939340384	0.479011431390759	0.343671575843113	0.726457737087881
100001181	0.755481306105936	0.238761632433119	0.409867894086325	0.627445585391961
100021467	0.565893862351959	0.274512206736443	0.349888341799549	0.607713344884552
100000447	0.236101313288943	0.253779859404715	0.379941814414832	0.66570290271206
1162	0.000593276137274715	0.0148512442141052	0.423888057592734	0.60062996026777
100019982	0.497396158804923	0.45746555032549	0.344422124445968	0.6842849530835
100001613	0.988657811577897	0.447193098960052	0.347876359158202	0.668921592940934
100006644	0.350056243874435	0.571923567851481	0.308993043868495	0.733171625135654
100000096	0.545956187531397	0.0317839597276338	0.227039120247548	0.670382418426117
926	0.481942750538711	0.695698646284014	0.336712107276538	0.703856752067534
100020004	0.864236942121877	0.654102534587333	0.349692175583063	0.699663937497705
363	0.159532368274014	0.0449187200175039	0.311858156474533	0.277916677821978
1111	0.428888645436276	0.921623827425288	0.344546032311574	0.699503514264875
100021712	0.606213260078141	0.819167133927102	0.328842484160401	0.687532989144672
460	0.792054336410587	0.602773385601508	0.348896460805186	0.752104318778061
100009331	0.317256994054433	0.21693293719329	0.304217571348337	0.729920678847091
100000442	0.208181904450613	0.659945833809519	0.366074363975131	0.721585533342929
100002945	0.0964634365094537	0.0200976080192779	0.428231480711176	0.657775593246298
192	0.877587700294275	0.98901552714915	0.341904342978636	0.710688445119853
100020241	0.423456986612437	0.95544668624532	0.332075184777201	0.700892709929112
100000580	0.127583064458654	0.151356878489472	0.289500527814203	0.93162004186354
100002466	0.00353494992276137	0.0237722240509502	0.308208501594207	0.450470132392231
849	0.636947407640336	0.566687584534658	0.339423945066701	0.647500379738825
501	0.527483996992507	0.401216967550403	0.363997984119618	0.657628215978513
100000282	0.63611964969507	0.158239831124957	0.424706703442486	0.60079130819458
100001577	0.0271377816148963	0.143119869853032	0.464667126441511	0.772074682137213
355	0.0962212890965196	0.289060669513507	0.27685450310443	0.59532380704339
100000841	0.828430617442451	0.904965004540886	0.362173543126592	0.688228471155865
100000846	0.832707957151702	0.347134877439495	0.320665973279436	0.693911557957025
100004295	0.826535722891917	0.42071179671092	0.311366243781066	0.652272672837031
100001586	0.118381143204552	0.0535033197019159	0.448572978857775	0.362631514968475
407	0.0178815556839733	0.0362145870724476	0.349339983875101	0.763682792227961
1137	0.834752028376498	0.684851008604882	0.316857248714341	0.745735491526461
100021374	0.0750216088891593	0.0242736084546754	0.221190422906273	0.931178727151837
100001593	0.706750415663015	0.80914467818057	0.32387328047573	0.709113541297253
100015971	0.874998978829557	0.809001349141594	0.324311602412425	0.697741747616741
100001022	0.366933307669714	0.205105873660197	0.216081516490804	0.951093567406313
1094	0.0490251706778563	0.19958474384465	0.534095360859519	0.959687022803595
100002122	0.24194155306728	0.24474573145538	0.279214632159627	0.802745927585483
100000706	0.57537414178533	0.683623162138651	0.301574900153267	0.699690273605707
100001055	0.796153385340444	0.431424134858332	0.302869020817799	0.643062695458601
1235	0.502391175721222	0.680266907478054	0.312759425729555	0.735213036455727
100020204	0.093076636818716	0.497192904487953	0.360079033851645	0.747928344789922
100015643	0.027888883598483	0.28636881958565	0.366853114840617	0.653928741870997
313	0.0189339800898692	0.281238187889116	0.353501892693914	0.639636321576203
100001413	0.920097321285047	0.872948125274439	0.32637215243234	0.689522705221015
100020423	0.0157067320540642	0.0174651315825461	0.373923840530818	0.375188534366923
892	0.482063949199073	0.15626437038467	0.361016040792606	0.72943960543218
212	0.0819910748386279	0.132048438595156	0.417298519761643	0.674302797304733
100006105	0.589881245564954	0.379919635472388	0.315751088894695	0.676176524820712
437	0.826258495847401	0.70139553835954	0.317594370416022	0.712717711809249
100019892	0.411283549387625	0.877437547251457	0.32989588632553	0.713760911420471
100005716	0.0717114276917925	0.126278953573588	0.363924986857872	0.782938978389293
537	0.182102173533407	0.1196561197905	0.352381736112509	0.730995022611774
100001990	0.264345554880438	0.583512407444172	0.38205319852493	0.648082486343776
100003397	0.0324437739339353	0.00379708329178252	0.260027980758282	0.450543577331562
100001320	0.120716344814874	0.224636775256932	0.414990118492212	0.460165357458629
100005717	0.130713164144646	0.102698111606234	0.389623993850495	0.733868158179664
100001207	0.031125542504532	0.15724330454571	0.375652225711682	0.709859033164742
100001999	0.585338250273033	0.860997436069526	0.324630024377645	0.776610713743141
100002488	0.225259049225612	0.017580397290453	0.388744855138938	0.643397943565757
62	0.198214884002446	0.644784111845704	0.320810375352141	0.707772610986661
100000467	0.560519715072134	0.394723166328794	0.317428098520947	0.670861917766538
297	0.00485208618025289	0.141499149639795	0.343712628425305	0.669072862437394
100000285	0.0316890628731656	0.376199023739296	0.333025273694391	0.800737878567353
100006056	0.0518694627015431	0.288078053536039	0.354756391567371	0.756487342209212
100002126	0.143377590552569	0.268884138761065	0.259259723383684	0.98342185449434
100002129	0.725096714372961	0.848399369056734	0.323783409981663	0.778510884865481
100020478	0.0369280197921227	0.24349191184564	0.303053017518723	0.727775881603052
100004089	0.0646101947669201	0.518465315324898	0.353234908055175	0.653153299244424
100001755	0.499137993342444	0.639673855328279	0.332421801323198	0.66256682488434
100000551	0.0337050162987386	0.922217927941215	0.343216915939763	0.693997149708969
100003260	0.509628319219166	0.316363952478277	0.370031134219312	0.777730187013068
100010955	0.950487133258114	0.459687456826014	0.268858752842756	0.602007206762422
100020851	0.179224071610015	0.42742049860589	0.36455442216746	0.727234806645725
100016069	0.711285100730453	0.819592879336709	0.333697306882202	0.689360611136525
100002027	0.506435183736329	0.56332603201364	0.260991592431846	0.807066951894142
1123	0.380246833035404	0.188452018584596	0.318855831409985	0.831438951251391
100001150	0.717296667816209	0.952669928400074	0.332123621230427	0.70313588982836
100001657	0.20820531808876	0.795478942094043	0.329831864737903	0.68857684239806
310	0.248363242226783	0.342534563695502	0.294418181593199	0.806348336428129
100001314	0.278687978898705	0.0930213273743061	0.319079767533803	0.570688389440291
452	0.757711302991698	0.64077203096657	0.36801404781636	0.67181839518696
144	0.0953813300552079	0.0658609490653986	0.401294760173577	0.567925746949674
100001182	0.2217902138921	0.157427749116304	0.40211122917313	0.684373290425186
100015965	0.791498532449831	0.5105380226734	0.316752632507269	0.764021764012243
100006108	0.970197192179417	0.47064492960533	0.340979152763789	0.738219773596292
100001400	0.673960028547273	0.627928338967208	0.315613740856189	0.690786578112415
100004541	0.320567884332431	0.205631130956392	0.314263772737742	0.444684123996467
932	0.822458130055917	0.376758181967075	0.338265257669761	0.731763012364443
100001992	0.384789676870035	0.503076694460945	0.479944631486762	0.586286436181768
100009252	0.112745097982682	0.156341231620439	0.406813908900706	0.683093309675988
100021104	0.701308694051783	0.612357859329397	0.281665008042202	0.817621462028798
100015838	0.0084865418794076	0.0297728426904359	0.493090530368442	0.970376074549033
250	0.00156048433216184	0.0336342704211732	0.561074259925029	0.788868758767742
100002537	0.868735092142	0.549638603663807	0.307862842929854	0.796683430682646
100001658	0.875169794624364	0.74990658743381	0.352145726945655	0.689853660320444
100020416	0.281871350348683	0.379622807108258	0.298602556683303	0.677103028827856
100006642	0.116461290297175	0.543135332866702	0.315343936675501	0.752824393826188
100001391	0.0878443080725978	0.292129305465359	0.432990094492275	0.828101209828087
825	0.614986408536898	0.664538543684831	0.299213571965807	0.71024398594384
215	0.0173451368442692	0.111162797048817	0.396606916662071	0.686248729753639
100001026	0.988119774106719	0.900531413320715	0.329520101551552	0.73121992929746
100020541	0.505695935741181	0.508666289979027	0.290947081487195	0.733444520798124
100001526	0.205955371014081	0.27326246824385	0.501396218433828	0.82038786936248
100005384	0.50604652566591	0.40081916383202	0.30984323650642	0.618001517527051
100020378	0.268859424430044	0.720410630795688	0.319988158942042	0.706558266128298
100006115	0.926859055030012	0.378495132335261	0.431724092698596	0.590549469526737
1442	0.191907074838998	0.0493815224393145	0.150767048490161	0.586876930740639
100001843	0.213095292095621	0.214647077719465	0.339082360970421	0.783498802378954
100015837	0.134521793442148	0.236617189391634	0.579417363447493	0.647815443718368
100010834	0.735811524440109	0.980034619301522	0.331362511267831	0.69964582959957
100001393	0.646156059935678	0.462404701431915	0.273276173377718	0.740546016905138
100000015	0.29775518115189	0.6526696451803	0.314723342079234	0.717039681816256
100003892	0.0469137269239914	0.0484253988105274	0.294346442931538	0.962209212217002
100000042	0.198110203827125	0.0250481865945515	0.346570192829406	0.607152211108057
100020550	0.549690127486836	0.199520527185389	0.36155458490216	0.592158035896257
182	0.391470243047992	0.318288754421255	0.323772156806294	0.724630407184053
100015723	0.138361677547743	0.439471213341111	0.336320436099573	0.683530374664217
100020343	0.336314729169199	0.459424989362543	0.30326910348829	0.703928160321579
512	0.383622300903826	0.705375922816869	0.355217148156974	0.67890673670936
100021100	0.704925461491537	0.694930964222957	0.319881930568598	0.705298821548501
100002528	0.349062597492333	0.0749518375554249	0.384639846007768	0.478864731651486
100001287	0.449576846377081	0.756386423562921	0.435921253156713	0.647629382938613
100001229	0.738379382061283	0.82002884113749	0.346322884115459	0.682883765944812
181	0.347068490987372	0.827235371581314	0.326606944939582	0.726173350228492
100015831	0.00162856308137624	0.0212837280913923	0.440258314528834	0.487369398790354
100020515	0.375634098405436	0.513819375888725	0.28000817430522	0.834369436114384
327	0.196215028896998	0.270402765652029	0.405382260379925	0.656744877201702
100009394	0.626097975898544	0.758857107745247	0.315491824772281	0.728365321749916
100001596	0.944819494432994	0.245298816271418	0.295468197349286	0.531982689038135
207	0.759646332101811	0.448317366838647	0.352664400359456	0.658303768198782
2054	0.717045865184462	0.926695854012609	0.330908510854629	0.705135697413758
100020259	0.688253514034817	0.578370737362248	0.358794602492322	0.685279542289976
100020414	0.00290489630084391	0.0414960952983394	0.247134495727911	0.672718953296488
100021131	0.987518904483465	0.237357134039998	0.330220996413827	0.658695843108632
100004499	0.992612263174996	0.702413086754037	0.325812960129287	0.669800692485342
880	0.220638825201245	0.853023250393378	0.347849253948971	0.697459853398376
100002049	0.554771406185005	0.327455351627766	0.36013046953484	0.651221285035319
100001739	0.585679878496663	0.249290046608493	0.411339613486575	0.659718970212823
100001126	0.274140179744094	0.103606286859501	0.220402874331306	0.567708657495893
1113	0.574288691653859	0.748546170998585	0.353977144803858	0.660048802006654
1083	0.872878913311964	0.378793322276274	0.34822633837092	0.616989437264146
100001730	0.0900247135297108	0.207042839177696	0.377308482252079	0.579787090531182
100001412	0.52468892301957	0.944674226355961	0.330871399510939	0.709292328517152
100005996	0.721094387970728	0.58762404278111	0.319588008838107	0.671587259383345
100015962	0.00739629554997108	0.0980808611777506	0.25846963139808	0.998600694526661
100020214	0.724159379121601	0.465534017572628	0.34758306599344	0.627929092005311
100002514	0.120401536917823	0.340893272831774	0.345252708763538	0.638428928291588
564	0.194394741540993	0.0595333221658455	0.294488443383613	0.578907672001805
572	0.0285862647489775	0.0192222777094676	0.461644680586955	0.560038933506212
231	0.955160477626468	0.660539391190469	0.307485777940304	0.715557997576367
100000453	0.914691109245792	0.755549337136386	0.319789098282722	0.7316778262938
100001007	0.111872515305188	0.233345381655065	0.393664513336434	0.576536821009901
923	0.60788080853288	0.349476994608647	0.318225910657243	0.752493137612622
100001247	0.406998060419624	0.532073581990213	0.315655764424864	0.684627120682258
100000774	0.519046156714501	0.80886362377774	0.354225530647109	0.724904889116752
800	0.3334236665512	0.334699796652971	0.354120090031296	0.763439679258132
100021678	0.328445080280887	0.433772187596299	0.278483714746506	0.697019498726223
100021711	0.501993999277281	0.876979720656776	0.343179561677579	0.706790348901222
100001274	0.622546136551091	0.305566776561965	0.32628107748805	0.514787609570405
100021220	0.163356547355054	0.194849912007209	0.398457086452655	0.997987926696688
100020253	0.404146169047818	0.97880258080147	0.330789231414319	0.70233719995429
100001170	0.837486226610856	0.223056104553414	0.30485719866941	0.60723147090366
100001466	0.167293327026585	0.771487479070158	0.35035320203079	0.692959597525163
100009406	0.670905170272114	0.640770367837199	0.31908488247694	0.719911548216257
1026	0.188228115275552	0.504651301035355	0.353068200109118	0.671131240710541
100020837	0.816271205968489	0.369296979435266	0.382689172971374	0.602476772092525
100001006	0.0508450075868536	0.0724128409333971	0.332823063951308	0.83735324877452
100003674	0.667823683294375	0.153240277644502	0.345131567374131	0.692610421375433
100004396	0.349544062941132	0.444380578287125	0.372563931287648	0.599950377314386
100015923	0.541702435201826	0.923264042384523	0.351392988781821	0.693974247099217
100000265	0.48278435919541	0.720297820985367	0.336948364037018	0.673585941074827
100001409	0.115661494207493	0.132720128899506	0.310202916328132	0.538359021893392
100003434	0.371830636074427	0.542204601927437	0.333128446999485	0.627336919501611
100001334	0.683862729396827	0.0851274116298587	0.396251627388127	0.579221412110887
100001102	0.687017666324053	0.770786883172194	0.340827273063074	0.681524279472871
1268	0.455164817982995	0.073753263195218	0.224049915234013	0.659188727336002
100001300	0.257058627339825	0.0915168765016549	0.288569306079742	0.702953904143256
100021324	0.32411398453738	0.755833626209636	0.401154053688194	0.691388136055107
100001617	0.109013578505306	0.099654466086794	0.323760086594009	0.742639727957787
1105	0.915876962683104	0.174945912728759	0.435886784222141	0.398984814479893
100021502	0.0559158962051764	0.274008604557123	0.325386996640965	0.730650220955378
2051	0.857706329673661	0.593652653610622	0.332180129681306	0.602427422495881
100001256	0.126686592172679	0.414992022239243	0.38434111939691	0.868957468584552
100005466	0.0589892921814952	0.0893865090350862	0.379328613255457	0.496264773097249
100002199	0.137097881896195	0.729382150072214	0.342677384796509	0.719176475869322
338	0.0198732939766312	0.0541568322753336	0.499720486520656	0.466097002031531
100004243	0.460899448735947	0.584731172638796	0.310102766539883	0.712332055819856
799	0.500892712933428	0.924626247179075	0.335910445014479	0.698880383021248
100008928	0.620353198088041	0.112113358449008	0.327294588573268	0.689259218438604
815	0.0788489594350192	0.228926976502402	0.336714470808442	0.783932674540115
100001456	0.00470133534497998	0.0660831617270354	0.325152643914027	0.620979055207671
1242	0.0935726840554774	0.0925853725749363	0.385843837200083	0.504245096316226
100001416	0.300147121247162	0.118627561135232	0.229488335795812	0.448215384893697
100001462	0.437845382998802	0.390865900900722	0.380253058202245	0.662177428906783
1087	0.206684505485597	0.055571464908146	0.348374450667805	0.664014963493637
100020421	0.0710035356997318	0.11923686072203	0.37592448980503	0.468233673440657
100000010	0.00758246819058193	0.0639331410397419	0.323049173472678	0.743005204368255
821	0.576466672029042	0.391564903178552	0.359172637001909	0.554288236980322
100006627	0.287630027148164	0.147036154728391	0.447248301409632	0.598616246992447
100001277	0.390852747261611	0.166076018008141	0.383015731598557	0.657225155550673
100021141	0.0473078034343391	0.205624688345531	0.369466536390917	0.795924604788784
100021105	0.188055488475497	0.286765235712196	0.348371589379227	0.517502679903054
100001950	0.000423342359921043	0.00810241821935656	0.420054540721465	0.866404380429405
100020217	0.8531809689164	0.271099272004039	0.232879150703275	0.522132944929822
100006651	0.0264554667954748	0.201109449274417	0.376585907104242	0.477524737932716
881	0.967621028668689	0.435204293568972	0.313784106145687	0.712886083717254
100001509	0.575443891833634	0.144531295100622	0.303396463379486	0.621893911881394
100021709	0.547158327053858	0.825166667072899	0.325059638930083	0.706994862491364
100001635	0.346894075764711	0.0395679827066327	0.349555316181625	0.645411881535647
100002613	0.454013389502608	0.121033287580703	0.309737408500767	0.787115461596799
100009329	0.57583687627874	0.719005644413898	0.303809919423791	0.819413708126759
100021123	0.917695150230018	0.620517139272628	0.339309702281274	0.617982801435814
100015760	0.237226002939365	0.171655228719877	0.280954838409222	0.736119262839288
100020205	0.478038539251212	0.492992338459606	0.36661509674272	0.550203339668016
100000765	0.521679435078769	0.686738790327009	0.325590215364196	0.672756057566588
100004111	0.880434695521742	0.380793777510204	0.315546452657519	0.64995198894934
100001615	0.183669929367016	0.813801744849929	0.330228951417567	0.698609853638784
100009227	0.20513966922637	0.134098649067273	0.460553294852749	0.838593063513354
100006191	0.359745545098377	0.572393431032979	0.363545503056925	0.649157082770485
100004542	0.353787247558221	0.473003557323308	0.3617527304323	0.7452880687588
100003686	0.332194954888429	0.130712247473267	0.451969130070279	0.636507078562872
100009232	0.0265707976442764	0.218180666784098	0.332314982773768	0.605888893594717
100001501	0.0444337293044294	0.0871823558333195	0.431824676511984	0.744097710951043
100002367	0.472484852050331	0.253024247767998	0.315762156818541	0.55089678000321
100001108	0.374989724075119	0.679008167021372	0.329383041971017	0.689488926558435
100004227	0.79171302272358	0.98899206967573	0.330996136871022	0.700665237452581
100001310	0.172596914733629	0.279154146128063	0.317628548322909	0.819193435708011
100001994	0.898227574552449	0.963975399858332	0.359907050450831	0.739349260170138
100015839	0.00976716973853553	0.0089673757826058	0.452038565145977	0.801260227106895
100003271	0.00533253547743087	0.0880024938428722	0.428847975835898	0.508575991362607
100020496	0.871594751600223	0.904087593326049	0.327354810475293	0.710651562707778
302	0.844217364282665	0.529505288281657	0.296695800535885	0.671686558988214
811	0.841178989412424	0.736955493364936	0.321883992219424	0.73593450280454
100001267	0.982251526738438	0.720743565581358	0.307547642051643	0.695804203106386
100001197	0.0261859678209474	0.357688301699368	0.374595652674197	0.710843695329402
432	0.209246639646158	0.50638871007488	0.354079487855405	0.682515299829693
444	0.0137395144737585	0.0522845111593	0.358383235446375	0.832606480311275
100015968	0.320907793571274	0.346263033401745	0.327414589716063	0.623212353987299
828	0.987132068356007	0.750243415804858	0.318921377532571	0.712933057011561
100004054	0.268297686919411	0.762515898090036	0.332894982783256	0.708724253060994
100004635	0.104391219171144	0.145057830029906	0.704450002878896	0.435515258024257
100000491	0.40855071955942	0.663947028123653	0.327821700137192	0.627474281968236
100000939	0.0508615030267409	0.0339705443641541	0.343554018113274	0.591825397923209
241	0.207068794280391	0.610832825183335	0.354148026221313	0.721543584538489
136	0.386017232393758	0.0699901983520253	0.288015150825245	0.884382610416126
100000792	0.632576448470146	0.989760645838672	0.33906040436176	0.737480478537911
100020973	0.592157022249861	0.640650770192296	0.349558539295999	0.676098231382296
100000936	0.732803259061325	0.868709037965802	0.3298181129912	0.702660842977558
100001313	0.00943136399808776	0.140618704450704	0.339822072607592	0.752739543650866
100001951	0.0563526952222067	0.0862601211623133	0.36196988199727	0.688969428723291
100006098	0.0116041916257599	0.0728591252343776	0.391621899526524	0.831147924001321
100000007	0.171316959120507	0.484081837273936	0.35070776411803	0.710429353221693
100006641	0.961640621876454	0.989391521947848	0.337189593596906	0.700080376409699
913	0.011971221099472	0.0613992662612093	0.403580426664164	0.564423930079002
100001579	0.847225508965956	0.426117972564693	0.361534247919519	0.700652956823122
100002911	0.144387985433434	0.0106968734892488	0.427099929168163	0.660376119780613
100001293	0.277703735411398	0.388180702332389	0.293682520698375	0.834793233089534
100002241	0.214065380764745	0.513829525204065	0.34837590841558	0.668439702025319
100003179	0.394470184549755	0.0983235328795029	0.321211710011409	0.557811176488393
100021372	0.356447373224717	0.22260982434843	0.243706004429048	0.703253918018348
100001956	0.16162475732845	0.385142924842231	0.352950515067053	0.585545072080558
100021162	0.177961741440946	0.138195748381444	0.316424874244185	0.513747405729977
100002259	0.34860487444871	0.645558979486485	0.309763662036218	0.693809971326114
252	0.296803752665984	0.629623810337273	0.389802496033783	0.649980039986838
100000707	0.51249826732995	0.357510289288219	0.323102959046825	0.706199274754297
1489	0.682781936818183	0.0276669172454049	0.255542012649414	0.674788055208146
100020361	0.0288438000441553	0.0643700368703281	0.367441858802883	0.984559797702998
55	0.782538394120349	0.986868185457381	0.340850180546123	0.700256900657754
100000863	0.246877059003067	0.252023487249979	0.291190649125198	0.737955914885583
100015840	0.153989819676609	0.0847422745074907	0.447121293516896	0.66140335804217
100001541	0.161018440471802	0.0940200681624779	0.233633829698064	0.690272968719837
100006082	0.0938981370619662	0.0239932244295137	0.477341155067069	0.706571886817219
1254	0.7498244052653	0.880164046589943	0.328691294325461	0.724175598385379
100001624	0.492193756708607	0.369004849778885	0.314076320423231	0.677484158107884
100015850	0.990353355085832	0.486503954469244	0.427734105953558	0.656664054838195
100001104	0.00259039872781842	0.0104315924099356	0.383909619765426	0.996827014855561
100000900	0.10618817010261	0.369773047363121	0.346797917339865	0.707557460371027
100000269	0.201072419745273	0.0602537470218707	0.195617482341646	0.650623754769166
1022	0.218212134099755	0.952389378050957	0.330487841307147	0.704183808333252
100005373	0.217916855669159	0.0833897607995863	0.296725438399388	0.731669904930403
100001129	0.117438834691562	0.686653645256155	0.321557295443654	0.733021333041176
935	0.0140574347924775	0.132198473592057	0.418493968076144	0.563924299853137
100001262	0.189735403832068	0.233061156796659	0.340057962105437	0.723841933708027
100019978	0.328280410094681	0.617782604426124	0.324832207830008	0.68683737717857
100002293	0.729651764555955	0.81126784701164	0.335168176816429	0.701707856013383
100001426	0.233660178192074	0.294050972768956	0.326694908858093	0.542876869978376
234	0.0322058642016542	0.175851998706745	0.334723880114096	0.678070805126116
100005403	0.254705226157462	0.939272841492432	0.346490415861581	0.694909278504319
100001083	0.0409598062829233	0.312238044906892	0.362282013254057	0.724692861181739
439	0.7592231404509	0.338528948377864	0.351165284135702	0.694924733301785
100001086	0.297314502761189	0.38273002640166	0.354192279421824	0.789463208722984
100005864	0.785346736219903	0.472756981942725	0.304012810311097	0.764073885131552
491	0.520600548490862	0.912160513084911	0.330016184838559	0.701999609236868
100002029	0.414573914019205	0.413354658564767	0.321769575715112	0.56202185542522
100002154	0.689482477961555	0.409508849598288	0.293933596466417	0.677435628660792
891	0.530495235097401	0.219474825737278	0.366153689788656	0.668884285235102
100020261	0.417078338042124	0.466736602306027	0.387635652937655	0.674668089891842
100001296	0.272034375199471	0.316111676682992	0.358428343484227	0.548558027931951
2050	0.619702071066061	0.332091809119687	0.374960644078396	0.616797057309606
100002761	0.367215896699505	0.739125577674585	0.303023959821385	0.810643856690353
100006614	0.888005436878246	0.635214874473487	0.305143562914306	0.770497975691019
100001597	0.960497484650264	0.124969920309913	0.215765781911346	0.501161673980912
100020853	0.715672862064517	0.833705775643073	0.337841101361832	0.713098043659676
100001446	0.283569571787604	0.415002746443042	0.29714744144487	0.692354933365369
100003240	0.31940259689416	0.129361190047082	0.375767292008892	0.617076739146785
100001502	0.0358737760471924	0.234598622677121	0.386604711289676	0.786242349991003
100020866	0.0880889425480797	0.0120045354671992	0.211755852809426	0.512009859075892
100020419	0.032809517453346	0.107186093685697	0.358157042669669	0.452119854153756
35	0.506243752000618	0.302961736998441	0.303793507877042	0.649041725231379
100003696	0.0167289153506856	0.0675929274773152	0.466275598115737	0.639521150572613
100016038	0.791324701196924	0.92388331729345	0.328487897413685	0.691885898136942
100009333	0.222926449474258	0.211849263268542	0.331808138927487	0.725846986351701
100001611	0.185912590401119	0.311913528340118	0.419712570384322	0.67500475920624
100005383	0.683091263636377	0.292530395362522	0.339113799871985	0.743676321770099
100009239	0.264529349364133	0.125190142237848	0.421064224140114	0.517566493801153
100009332	0.330673976578239	0.268273470494064	0.333427380087208	0.66609975746928
100001731	0.176843933264621	0.669610105365966	0.336870229706727	0.677185565950507
100003415	0.328184610710043	0.421837559667627	0.325521402637294	0.71883677314031
100020578	0.135116231065957	0.202617534651439	0.312920897375555	0.595249819939636
893	0.742650357013434	0.558882287493159	0.325112280852431	0.710754916941874
100000963	0.327510173104965	0.216157318005838	0.41896168019464	0.504784703411435
273	0.0975184731214503	0.236532012972612	0.404877372344879	0.701655834142974
197	0.508047323111261	0.480115553050459	0.320897914615431	0.593701201438941
100000808	0.285430692645757	0.233301343089279	0.31683632893117	0.85853817480111
100002284	0.744609512514028	0.41347867281061	0.229906105011439	0.64478391886756
888	0.995432977203752	0.121937340420972	0.356763304626698	0.683050261936834
100006435	0.470079374444343	0.323970025398448	0.263067077310788	0.989147038688596
100006374	0.247435948350171	0.564232042666122	0.335893491355708	0.68923576277194
100003169	0.609675912369136	0.996983805822114	0.330773280401739	0.700312648356301
1004	0.628434265501641	0.809007152792366	0.317775756107663	0.682765486944676
100005998	0.0908780634729753	0.838250772994748	0.356198651495861	0.712595668873539
100000773	0.656268484139789	0.530352186108632	0.336966959436419	0.683586831053033
100010850	0.0193168924758825	0.114624515660767	0.378080506447134	0.572691979565406
397	0.970093342660906	0.416646717035868	0.26244857605545	0.762535500099558
100000039	0.0718909228270523	0.169196531224956	0.257916164680207	0.763385829106349
100020833	0.691054410578402	0.795737084706927	0.338030174191947	0.736867312466295
1021	0.428230694982198	0.308693561175702	0.305962723451761	0.740576820284966
100020479	0.343256803309967	0.563997780391289	0.337714757832056	0.713023237628554
100001335	0.556192756303306	0.322690077651209	0.369459716555818	0.668644575906197
100000743	0.547487806082244	0.956872690196634	0.330629928049353	0.699610511529169
100009246	0.190683403177049	0.688006330141029	0.321201280274787	0.727783050001869
878	0.202281579455497	0.771406425488257	0.320187909780501	0.713567751078421
100021103	0.680300384412416	0.93013088003768	0.354212062096743	0.748628518618474
100021363	0.225750437142493	0.56575761240573	0.310895553922169	0.742455261266209
266	0.147504704681449	0.239086540740394	0.331519778854925	0.627480471789886
100001195	0.342857176512731	0.22587002566611	0.413049305013625	0.627407733565193
100019801	0.812056919057783	0.708380601037945	0.34365704378823	0.687605285374878
100002196	0.0389621018825143	0.230116964084169	0.34499259335634	0.711395636450988
100006370	0.24398111996755	0.956199609414041	0.329183643281856	0.702987020770584
100001510	0.0286446978835804	0.00402617434763313	0.286055313427816	0.800461862165598
100000437	0.529270418120773	0.44130841479898	0.317238925984418	0.772578463790606
100001767	0.137097962692013	0.0410162638316093	0.415181978590656	0.766847601485682
100001810	0.365314358278597	0.459944619762932	0.353385068047535	0.876046728969869
209	0.0368945164032854	0.381963535935258	0.375667013820043	0.687012720743501
100001485	0.167919678159864	0.108902456533246	0.216555954487444	0.631191558115834
100002500	0.122459497216451	0.453795596536258	0.336646900255641	0.671791505826414
171	0.0395006920091253	0.0241826886069166	0.233929309555612	0.693648743411983
100020487	0.905401098641844	0.838682265203854	0.349570540654719	0.666321911508615
1206	0.00725637790114722	0.118631592565554	0.336833460226861	0.753385900130801
344	0.0149545082709034	0.0252611800522019	0.637113354865102	0.796611956895733
100001405	0.525440172933703	0.938542080839614	0.335165306836502	0.695450777524118
1239	0.976173379230807	0.50391671776943	0.365896180298187	0.703904939110149
391	0.0522427870188643	0.16075649251468	0.317400836083701	0.92853682375546
100006430	0.50524952912976	0.20252329372538	0.392970608106343	0.445397982730276
100001417	0.968401719787794	0.466597120486807	0.316923483055832	0.820353765109559
100002951	0.0549246799481039	0.481352069446982	0.327671710472009	0.621866306823254
100000014	0.481946903626426	0.632273352053448	0.323116906082396	0.734780272793323
100003926	0.598909505177919	0.48890947075217	0.354731773732109	0.682082070475105
100021538	0.51451717472683	0.362188808526502	0.382996780653144	0.612521201401981
132	0.340525092124877	0.953268232079225	0.331927764211626	0.700075973513304
100001425	0.649150447722818	0.540108124931011	0.398248704699745	0.636773413037532
100020262	0.64211147482712	0.667700363487043	0.352486705436508	0.688098752252902
100002679	0.257429938035712	0.547601831619321	0.310320441878024	0.808570398090793
100001270	0.701464272494398	0.614417917877908	0.337186713464821	0.680548991528859
1102	0.903013972031238	0.999284106134264	0.331952060556749	0.702875220014317
331	0.19568837520459	0.187109024862493	0.282826654265366	0.590954987225695
100006361	0.492317567771757	0.552180476596136	0.302289978538719	0.787712173769925
180	0.736346622824826	0.926946856065181	0.340550020346212	0.698558459240874
1053	0.325811235871596	0.45903438745136	0.484619880773763	0.767734350130293
100001359	0.684718569863275	0.903240273555283	0.343925921310786	0.686887089834401
