chemID	simpleLRM_Fstatistics	multiLRM(chem_sig)	multiLRM(sex_sig)	multiLRM(age_sig)
100021136	0.0322538841095706	0.271030792254528	0.244328716032613	0.934852092198814
100000882	0.940934278649428	0.609565433031634	0.213517144818368	0.84744689108963
409	0.0668961577967233	0.167058024194025	0.239109570274391	0.601149135229657
100002254	0.684184499772178	0.043289805367751	0.135419785534377	0.859384795629288
361	0.0066480226431805	0.0855984755762964	0.132887517871855	0.878625235662812
100019975	0.539858401300609	0.716395988417473	0.20902597105763	0.88654919421764
100000257	0.000563118575107846	0.0172997128696451	0.196378428139042	0.830563917918355
100001232	0.943664211901576	0.916005343939952	0.215873815537247	0.864508167708718
100001948	0.349246928980166	0.392415529691103	0.227040427554396	0.720038922110652
100001073	0.465371312712421	0.606220019847517	0.265973615186699	0.776155447071743
100015637	0.97486037909245	0.445878720557608	0.221078149589469	0.86921195886736
100006360	0.649162597341288	0.673824022456436	0.19501517357991	0.939746872562569
1488	0.444468459617013	0.522973648431196	0.202939565540403	0.857641399500765
100002253	0.895977075523919	0.988348791972293	0.209139090492971	0.871841421124033
1023	0.99094500141619	0.738578755828191	0.207715890795605	0.850332002111675
100004284	0.66655381688322	0.818552580418008	0.2044627815825	0.877397135871039
100001251	0.727736084037829	0.961912062065796	0.208887514490395	0.872416439743851
362	0.671779884646145	0.507424729788918	0.19197945060224	0.855396835940761
100006620	0.830004647446477	0.823306239470989	0.206986715833091	0.880984037014641
111	0.344445731588947	0.159037346320922	0.168413450571274	0.854568946784872
100009045	0.700565674771466	0.281829659986207	0.172556202372714	0.980562072060288
100002927	0.768789586043982	0.866305135789365	0.20466353920124	0.887409615717666
100015641	0.832529798712604	0.910322147714758	0.205349305825689	0.877114920060482
1114	0.118334743005264	0.936592048304609	0.206104121231607	0.873999848450584
100020409	0.327070507680649	0.3680805038568	0.206995775354998	0.733373056026889
158	0.0867366813537924	0.207399185210285	0.2555533149785	0.943504752097414
1224	0.0616234117187625	0.197034675083643	0.167391886666826	0.88771657386584
100001620	0.467040952062637	0.371602879728341	0.176448165147288	0.880084030107794
100020893	0.276674233560822	0.0648116185725361	0.198867732072482	0.55336721526886
100002458	0.764837671694395	0.596613197742089	0.241787405494294	0.809688834221598
100001112	0.904295297300252	0.927250081885337	0.206544422862	0.864474999093306
100002953	0.476940826369551	0.881251507535229	0.207426761863407	0.874722598600919
1141	0.371481238172166	0.0582862840845257	0.273331479695471	0.677430440676461
100015834	0.446607293163092	0.990327953215262	0.209059799588154	0.871153442341571
100004561	0.624360177240049	0.902624319155246	0.210873230434036	0.866129343717107
100020497	0.766939799938606	0.751656400319296	0.197837960154137	0.895182829612661
498	0.0426911307618049	0.268504375289224	0.195317251867971	0.980409698935341
100006051	0.810281746629489	0.813934444290594	0.2099357908316	0.868662307257775
1668	0.757911040553639	0.463098583712286	0.197242357210425	0.811393290043518
100004523	0.420253309248417	0.914855605185666	0.214452293713384	0.857796124435565
100001604	0.245238633569529	0.520546693305628	0.202928593505942	0.921131930733914
100001002	0.198064892114651	0.586068517952295	0.221476018671778	0.848756274277154
100001987	0.0217952724106025	0.190135736334827	0.732586545676797	0.748748131120162
100002462	0.592149277157324	0.361313253012006	0.258057879304435	0.73548730815137
466	0.544968232104929	0.0679835783259282	0.222963478486273	0.860063991897076
100000665	0.96668909265633	0.430240880303479	0.233131382884828	0.815705385586005
445	0.726606364568292	0.308234587540585	0.212695746390169	0.997342083900795
2029	0.140471691394675	0.488197745273064	0.220195424648983	0.877983226795515
100006438	0.0712523808670126	0.183768177659799	0.228021792230026	0.938739877249205
100001398	0.165062741960962	0.567418934301371	0.190989265489029	0.896350655168302
235	0.448579563353986	0.463779704344894	0.183071557679018	0.907396851938051
100000997	0.641826168513586	0.662228952867974	0.207338064988757	0.84971079342837
100002094	0.239203612068529	0.207659291234556	0.169514231318511	0.72243411219246
1052	0.711222128608222	0.953568238694319	0.211413385304527	0.880570064953406
100020823	0.301334738075867	0.545632188930161	0.18960590390355	0.868060987135257
100001806	0.275632359204555	0.63778265547231	0.246985249208451	0.877220119835236
100006092	0.809085627405472	0.905391082989006	0.211717093329776	0.86080941341585
100001415	0.0907516845314836	0.0721765906193752	0.206453838901078	0.562153284957978
100000008	0.0458388971160149	0.0825647613827182	0.247730543212274	0.670486643149766
565	0.00541782587520377	0.0375544738978985	0.183795725984374	0.986630175110567
100015851	0.166960636312532	0.205677727988961	0.281804201119297	0.983150798329933
100001866	0.464150463142181	0.862378547102075	0.220832850466999	0.848698837684283
100020546	0.00279518472225421	0.0307109296585487	0.407046997343635	0.956661859003542
100016110	0.605193040845395	0.419621369801887	0.168663309396984	0.969201528100781
100001254	0.00248068138313527	0.0103711889648299	0.250675955555885	0.857088693158748
100006260	0.439508744232216	0.877061562173602	0.212509822464126	0.864862065159356
826	0.6614746375629	0.863984477092323	0.208319688540223	0.865669128216098
100001872	0.407596068324233	0.776903711984724	0.206710150770013	0.8757145843347
100000263	0.370906194562052	0.425402256804116	0.269205992516735	0.843477189359327
100021198	0.784769818957447	0.0611159936529934	0.138739386407073	0.550386169535801
100015967	0.0327706960493711	0.0931966649270078	0.263546024982869	0.67661812772893
278	0.166370897259223	0.2626014852809	0.194544913512261	0.858307028970796
519	0.660795655430144	0.320170851363691	0.249326116072576	0.807690026484013
100009337	0.059287651879263	0.255565964251426	0.279512788116285	0.894483392159231
100002185	0.419754536071187	0.830860225441313	0.201888171884574	0.854483842361888
100001278	0.33169705161629	0.256139434994273	0.255479897067584	0.829806576114647
100002103	0.811530119878719	0.658323841970528	0.211942416523729	0.815553266807963
980	0.721747408309378	0.429250711800483	0.229920425737733	0.855279061914686
100000016	0.862906549242912	0.448324550714729	0.206432704560496	0.841464249119211
100020372	0.168410086440107	0.481951431622059	0.204569288022102	0.806456067924853
100001662	0.856971827586324	0.165694296332561	0.091600427513225	0.844721004523475
100019972	0.960989514239748	0.679265438901764	0.213775865468098	0.857572260422718
254	0.79770019032645	0.746425251432732	0.20752065819973	0.870900531575463
100002009	0.673106979643918	0.755036402066985	0.209312732630891	0.796561159260226
100010895	0.417449107072492	0.537872217146789	0.247726405168506	0.843902838264356
1140	0.911289764885109	0.994260437831958	0.207113511291654	0.87059599374639
100008951	0.563335465782452	0.514415963248827	0.220834285816245	0.834895678310661
1084	0.362249631351448	0.773790676286712	0.206319295759929	0.92075562696694
100002796	0.142425823786397	0.469192773125281	0.194100506212269	0.803401307197918
358	0.977006190477823	0.908289231535418	0.205866235091092	0.855554832587959
100002070	0.803904380296394	0.681972667966555	0.199626352989137	0.909377747333886
1628	0.388947664413856	0.150881212225583	0.263001503424485	0.838331944337133
823	0.724188341465029	0.521504091494867	0.179393292988598	0.93585102791236
100004414	0.471590427250529	0.0948128747733123	0.277785395402107	0.998984733196143
100006129	0.692881616175631	0.656209484105601	0.193929196751169	0.887923336560824
100002028	0.636461686037156	0.506878710349044	0.29893118768518	0.659838877267595
100021707	0.556749486896691	0.64364926350211	0.188992631205224	0.918526335016306
100000054	0.546789164857285	0.482729645208157	0.203410859167123	0.891202567739059
100010869	0.484287958078586	0.250879562034999	0.222196401298023	0.72264571946827
100004575	0.0348112474895668	0.113839117465366	0.28148473950402	0.843494495902455
100001212	0.947336945379126	0.663811996505454	0.20980039553183	0.802973786433514
818	0.193750421878569	0.560914371283657	0.240683742132174	0.819866229075212
100001092	0.000730850126018622	0.0115436852473335	0.165368477178354	0.953921205071672
100020371	0.916792914116633	0.944364730017058	0.210385533510202	0.868429106418455
100004112	0.143070439332025	0.436322965792248	0.213916848498742	0.902305563400091
1125	0.373252041752148	0.310337437644908	0.218737709255252	0.944929793694959
100020491	0.959680979140711	0.619721668610669	0.18621130993503	0.874369967961929
100003151	0.00207373108819367	0.0239637303723058	0.323838486429318	0.742335892910141
100000011	0.341258443146635	0.145476721918973	0.150421241673747	0.984970706404316
100003594	0.543036613435689	0.926366879467563	0.209222980025556	0.866878657390599
806	0.80609187882243	0.186629077428853	0.221889456851177	0.637747299510102
100001211	0.92722536919692	0.559337126493721	0.21622404777521	0.849473790717597
100002417	0.561455796146117	0.630938400132323	0.204081703046765	0.830643883972875
100009335	0.55615790350639	0.2037102990792	0.167539406420107	0.896356698185622
100000781	0.749395019901638	0.99282098671123	0.207950147071525	0.870425786392917
803	0.0223967715549437	0.0269481494212164	0.181117219503717	0.775081630782523
50	0.545879067385907	0.767001885210078	0.214893130829156	0.851328913635641
796	0.395884126799077	0.0477785984777313	0.223663227910943	0.872943311484985
100005834	0.83416765855189	0.586176820577621	0.243617333019958	0.876414905181864
100001580	0.888728789374933	0.496233541133419	0.223554098059003	0.879146275846702
480	0.457401599899099	0.819566125258483	0.203612952093055	0.853621585287577
100001540	0.240992908644814	0.729625333668798	0.273677727879815	0.944854105707638
339	0.609252700575268	0.133192725733297	0.199399159327282	0.750392967722929
1110	0.854375226698649	0.917525154644575	0.210466293857266	0.852867242393669
100015836	0.168298234183384	0.18534487477319	0.311984375674801	0.958220428760982
100009271	0.511434530476639	0.514732347457204	0.234943111636566	0.850066176980776
100015638	0.945673460295716	0.421090826464108	0.216369509866617	0.856003244080727
100021667	0.936305988550595	0.511908032992616	0.241318451042722	0.844509943303044
100001279	0.538426324375008	0.321803708533539	0.215549395900785	0.964579814199237
100004208	0.0183576334555795	0.116364966499665	0.323107663391264	0.998786808877758
100003695	0.196703294588754	0.149727931551554	0.224340003814734	0.6405266047701
100000802	0.857401026375826	0.860231617478071	0.208386618222222	0.868076215414117
100002769	0.910012332359229	0.106380509201943	0.150448384949453	0.980633792875503
100015835	0.109490893678661	0.306805838390496	0.315924422161925	0.940449783351645
229	0.817694134937599	0.371604503544714	0.234181111233689	0.869025681678847
100001266	0.00805540213414319	0.0294577012221335	0.28481137661634	0.87222401672568
1342	0.305145431770604	0.34459659721647	0.176323905715665	0.891007837132524
100002102	0.776005715500305	0.477712540826378	0.234541459787509	0.992636688256536
100020254	0.176893781744341	0.582387116638789	0.201847910133843	0.899234915286035
1231	0.404175117889631	0.216691930516597	0.246445540603531	0.831700639560892
100020492	0.933333986446215	0.948289291028455	0.207621102680183	0.868640733543053
100001402	0.37233371067697	0.566431849117286	0.231522463034407	0.876977665066488
415	0.00364606882308835	0.0648169996482005	0.226771549636916	0.986865424811299
100003109	0.970031108482527	0.982288535059693	0.208177866327168	0.876307297184587
275	0.493627210723797	0.881116266291324	0.213161071657692	0.857242666867266
1143	0.16188180260116	0.0678097233251132	0.184455437627441	0.984187729303192
279	0.444755374426811	0.411814042028102	0.219492290726417	0.720409312206816
100001198	0.861510909096824	0.979923919047984	0.212785957276945	0.868793607735108
1648	0.517544267169852	0.888051549553452	0.20659825103511	0.874817156888579
100001590	0.321375491150391	0.274392402824046	0.200993257142968	0.776322475932375
100001733	0.434651940768198	0.893607255689606	0.206659310113234	0.878420983864757
100008933	0.0131229328302614	0.00207445536563386	0.285509269362371	0.837606733018314
100001550	0.335377883547418	0.528460654334611	0.198798110110884	0.812841081657323
1215	0.062382558510992	0.201962684472747	0.166019365677352	0.837629440056024
100002356	0.234594045940613	0.101964444196378	0.244159902512268	0.900803633113681
100002749	0.752951097734676	0.801646919829976	0.211989101947273	0.872557177623067
100006379	0.120904709211588	0.145486505142546	0.23528633828081	0.596142343382343
100015966	0.072489602819351	0.154210461810326	0.226920213010484	0.682724264057067
100001392	0.745867496544264	0.882232928909868	0.20868465427423	0.871001410375043
100020425	0.148772762710219	0.0602955628309596	0.193427891334788	0.570395578356217
100004299	0.352653942061061	0.837848916557651	0.223256158346879	0.902862779747835
100001734	0.596715199570033	0.559016865524469	0.223360714500572	0.800830462211158
1002	0.777198297821694	0.879580529229978	0.209647785447091	0.866620946203564
100001337	0.362257047118058	0.844725844160768	0.200987896209957	0.868829889819951
100001452	0.8190646700469	0.796332196260834	0.206792813142539	0.842971366819207
314	0.499015588726719	0.368733283709907	0.213330633852807	0.897369569150933
100009264	0.820691412900519	0.610446182395495	0.178011898553223	0.95313173002732
100004634	0.458913942055849	0.499329681361339	0.185642752859542	0.889303875123036
100000711	0.66183800374703	0.663836791721286	0.230649699748656	0.904191876301269
100020536	0.018512618033034	0.086186022923191	0.25059831196388	0.99953935295571
100004318	0.280034305875642	0.525188090946686	0.210938404350021	0.873376518129753
100005850	0.82931833721147	0.476813871499524	0.267111351602792	0.814728894134767
100006619	0.33997338635513	0.161936682774032	0.244476810405656	0.840050847925153
356	0.50240652480774	0.650475894501553	0.20048389747699	0.884790508794545
1221	0.550943694993362	0.584174578462501	0.275187959078011	0.908677963825744
100001397	0.824270066026027	0.802391453167854	0.210018551276123	0.858158248572207
100019981	0.681691221140939	0.941576766231242	0.210825097523063	0.87758820883576
100001208	0.470331121477873	0.247264382225537	0.1795527243499	0.852941436847847
503	0.00846712651676523	0.00806526193845129	0.107633340381474	0.743525868727869
100006375	0.131080317779928	0.604660282928435	0.22788597078433	0.848421717672326
100001295	0.822992959473452	0.671825351277255	0.205303582443867	0.93909382749446
100020427	0.0621455636165674	0.0339584039569691	0.226893543140771	0.501170924427904
100002784	0.565493776571781	0.394562694812858	0.179912321984665	0.9264820248969
917	0.0404885359061096	0.171164140327249	0.218301400455919	0.842498283289288
1869	0.358995370158911	0.210071322411337	0.225748490236919	0.744497079487317
240	0.243046337170344	0.106481855796341	0.129415999646424	0.654053447394224
798	0.00464543047913359	0.0926393619413946	0.317558451336386	0.796837837206286
100002952	0.254927176016179	0.495194317432645	0.206745974178922	0.952397232191526
98	0.712844793910777	0.923862873938021	0.219353542627992	0.869562246129923
100008998	0.378781585456167	0.388678758258334	0.174876394913914	0.906393638253173
477	0.967999500513279	0.267923779394118	0.203604693670287	0.887702128587358
100020545	0.0934684149646717	0.147718671049676	0.247051709969839	0.978587433184192
100021666	0.965928313082017	0.225304471671147	0.236231124621304	0.869547736312044
1256	0.494576609401698	0.681165523328939	0.244599815134251	0.911521275349343
533	0.286283856888899	0.0734599949165632	0.13669858079237	0.613659676135021
100001757	0.44034569003116	0.931027896057869	0.214099507856355	0.865587251003789
1024	0.355372316793084	0.0884606987993683	0.138449522338333	0.695398078673193
267	0.430706397607706	0.958624798215535	0.207422558167778	0.873557575642943
100002113	0.107705092847286	0.0899937411432203	0.20185606770188	0.895307976352428
100001756	0.869490617270628	0.740554954608532	0.217482814728314	0.888264058058327
100001193	0.402337689470159	0.18182071311619	0.258172699071181	0.822632381039767
100001668	0.737859271790154	0.975040431586861	0.209433900716574	0.868154607861635
1124	0.415512018231706	0.3602774669469	0.195787469499948	0.9264221472509
100021331	0.213540641215593	0.378043545201663	0.20780951642631	0.87744816058788
1090	0.0618092054832943	0.0387050857901184	0.192345462604543	0.966356856998851
566	0.71342105109574	0.384034853570987	0.166011165611714	0.850577457107928
100003119	0.39949271484331	0.266564207781308	0.227202607724146	0.816322593727763
100006367	0.745424052023156	0.569233605736106	0.216221165318544	0.848870664623929
100004322	0.208242234504304	0.227067040326733	0.209442804527548	0.97280812808082
100001034	0.717792982819746	0.81311138935552	0.204463827956134	0.863630916193142
112	0.926881354911958	0.982441347750881	0.209250644218772	0.870576157692446
507	0.694154508415523	0.74030621928502	0.205219879072954	0.883244913939043
100009233	0.323960933965075	0.195652223169195	0.190648676121232	0.889802098660738
100000406	0.0209662803014569	0.175509715520464	0.367225916219477	0.632011481262311
100004046	0.234394629593461	0.508185038823433	0.159645077848644	0.777529848375442
1025	0.727914500154226	0.652923930651956	0.195809670303846	0.901726197359023
100001106	0.196271841569658	0.175069526331187	0.177317387582917	0.884751416810075
1128	0.0279035069796511	0.562887397966286	0.232010764811057	0.923863692294576
561	0.0640810758502224	0.216155314207924	0.159327211256128	0.747695315541228
100001614	0.839035611644653	0.370231240644551	0.218568022464777	0.846519909377765
100000961	0.708042184309347	0.929267706773141	0.235648953659733	0.859723675293647
100002397	0.856850127077575	0.617225284880872	0.207783421433736	0.799721391499063
100009407	0.93350372060438	0.963648890697327	0.211370541866314	0.867468950422146
100002910	0.926959971045677	0.600575613769187	0.189844182009366	0.799594745277878
100005946	0.226192509509331	0.305762109767581	0.232313111251689	0.99503908564942
100019794	0.105316654769907	0.293595941498127	0.211608742889746	0.979831162631109
100015759	0.327974891978802	0.101856848627587	0.173474484129523	0.880698094483372
100020417	0.737045051679004	0.620554575328941	0.199853906977005	0.840251968193103
100001054	0.652775650255398	0.955618341765482	0.208530440018601	0.870451617872114
100001437	0.350649594134131	0.362266917350074	0.179783521438449	0.783673295252541
504	0.268197676546727	0.760247375466142	0.247925954153659	0.871517576110819
100001988	0.459475191686453	0.587526231560878	0.196666010628198	0.943825044593009
1082	0.0267997624051696	0.578602970313574	0.233865205728522	0.906768334533514
100001403	0.321282941315166	0.353397226266676	0.236144428922981	0.844485343400656
100001664	0.948196132700208	0.584248400920793	0.201649370707623	0.990143486348923
461	0.320638435645743	0.272952288325762	0.361150940864474	0.802278069089215
100000463	0.629955290370711	0.957225975372313	0.213887538174336	0.871074279989856
100020208	0.564415934024222	0.577672375908658	0.239731735573376	0.753061320034005
381	0.600481127175937	0.0755756110354524	0.0977912960373101	0.661322741896684
100010901	0.0722605045321132	0.0638254568727215	0.193254591198456	0.96999019073445
100001468	0.306834266596323	0.995263463826372	0.208827602592037	0.87362691984186
100000840	0.841231096091885	0.914474819175403	0.213171485761415	0.877232496815986
100020014	0.2945156503754	0.793246705720509	0.223098185801453	0.847607582936116
100001993	0.779499393007223	0.508474201120121	0.156876608421143	0.921106264882218
100001051	0.0877445432567635	0.0209333381153679	0.228858486478489	0.518993171588269
100006116	0.39682490783639	0.52581627196073	0.213165846646231	0.868456191685369
1108	0.890831101781794	0.99761076489169	0.208901879994673	0.870042950862475
100019966	0.283133459506963	0.115580981752684	0.23801675079823	0.871147607774223
100001743	0.689648479098429	0.46937130617445	0.20909647552785	0.838767239411156
100001294	0.136061161085518	0.193359946350297	0.147854988897595	0.924716668239749
100001609	0.265568408245268	0.109637294959097	0.193450893783059	0.968600083089481
418	0.772533172217979	0.956129824470111	0.209014482802688	0.87608311174728
100001178	0.391919733484406	0.881860697294221	0.206740646465932	0.853257827880602
189	0.937707663087721	0.706335761498247	0.193190459285476	0.833706864486121
563	0.536351928433386	0.797866705103141	0.221658591889669	0.852867829816489
424	0.519157813327863	0.413481923869114	0.229622194542854	0.863148154354382
100000776	0.116863806908269	0.302462917502679	0.236294146519695	0.884417721469804
1001	0.980327473864196	0.497279713043976	0.216402157025436	0.867171350766369
1135	0.308250302296441	0.0889790772174596	0.192258747982308	0.952325814765715
100021093	0.376706552391082	0.529365477764732	0.247116901932914	0.881177630692662
100020219	0.12078712941979	0.235373033692071	0.222411116606604	0.748276384126636
194	0.497896116732935	0.840084222084069	0.214695122621103	0.838561308158898
100008930	0.61065480711838	0.575589341504711	0.224910350860026	0.857349546830003
340	0.664595600821493	0.235101252206221	0.12754813473591	0.954255542043722
100010896	0.899690448254269	0.751669473098982	0.197258903824738	0.878417620613099
100000787	0.174367634899416	0.100277319061796	0.196642514949869	0.554643810374512
100000639	0.0266148386500518	0.192791197578135	0.176395153981544	0.902974639224526
100001851	0.882541228215342	0.238892423413455	0.229091847951504	0.618099741007808
179	0.604529928743682	0.582650771037954	0.20140130533316	0.892716999657289
100000626	0.373302896428701	0.714184634270244	0.216137433425915	0.87605249285175
100001605	0.00698987337625659	0.0665855012476673	0.253204883120919	0.977130225458718
330	0.238187398291586	0.450302261798718	0.234708263561822	0.728274224046
100001162	0.732213195691402	0.612438962495675	0.188138850836074	0.835774134972488
100001167	0.0391333157338828	0.221255780885424	0.198764781343516	0.867354786501898
100002067	0.587195458942308	0.923161811204188	0.265275539372985	0.848851449666529
100019968	0.61932066937912	0.374048079310064	0.232499447647687	0.802779394480195
100002014	0.935593984132623	0.905905388372374	0.206649770298329	0.915332715457524
100004083	0.391809782215853	0.124429867832916	0.231647313819892	0.723759587414067
100001315	0.326553478957032	0.396753587153119	0.223247666198166	0.929724749920941
535	0.215943834844822	0.536749243909081	0.225388443789592	0.86576409691647
93	0.427475251662128	0.296978175667803	0.246800949227692	0.688600347040907
100001989	0.332288462423632	0.537662472817377	0.181133350202823	0.944416293977634
100001740	0.707531729424546	0.374817168547532	0.181880324442686	0.908736564467193
482	0.180642008105765	0.920351765498146	0.2082858399418	0.860570189475026
1629	0.274646112710942	0.450992778805201	0.256685970829395	0.835822813710683
100001399	0.523861385332763	0.43115590260363	0.22939605464536	0.85036809575345
376	0.937832542396177	0.178285054729916	0.135216100781264	0.947541830829577
342	0.760981346273766	0.444160582469433	0.189412345534519	0.91456841258641
100001253	0.0329452292126826	0.191777176706583	0.180227167969076	0.938630291716073
100000708	0.616422128280126	0.792681319775061	0.223156320160299	0.876652807291618
244	0.23906404194524	0.0606238612370491	0.184827406675077	0.950034134129953
100006726	0.3488755427964	0.255188704132548	0.24165517650818	0.870373193989015
100000036	0.168035983695037	0.64054735800111	0.192032638792037	0.913280648548237
100001257	0.0265675586950874	0.0906952020310314	0.305392670288893	0.893558135823199
100000445	0.674948524397539	0.635227366420876	0.228295595964427	0.82616785627944
100004088	0.00549562735762877	0.140894389140607	0.256418430887359	0.91567685932489
100001423	0.992962552254041	0.777614419985514	0.211512088270032	0.842522194525675
100001276	0.379493527718385	0.29078198903329	0.192239443590594	0.773917138996589
100001876	0.741053303976645	0.934960011261302	0.206959054988062	0.871103282363517
100009082	0.679197483292725	0.0431443676392033	0.0961939184352794	0.830385248698146
100001121	0.328926815425657	0.708804420509162	0.203367826457135	0.868593897266161
117	0.328286202392532	0.618411893495673	0.19360834651361	0.894728850763921
100001868	0.0347655420608674	0.109603828867129	0.249803897501533	0.881006911171304
1134	0.780693030736642	0.338317652260235	0.150292361445006	0.816021830612278
100021012	0.240459622707057	0.45297648807896	0.21191574449977	0.904697569423609
100001181	0.702089144305616	0.259536310687462	0.260914866251483	0.800074528135214
100021467	0.744201311985424	0.315888684122816	0.21610347795367	0.766596619565626
100000447	0.221940431486627	0.245144301022515	0.241605978357598	0.836098277547582
1162	0.000338857896057961	0.0104159445763995	0.256777650838872	0.80857367779374
100019982	0.502628489261092	0.477881524677155	0.217676522287948	0.853364067649259
100001613	0.96640431194734	0.447957257445518	0.220122123476729	0.837179703715896
100006644	0.456549201836667	0.669091677140087	0.198522264416583	0.8866020060757
100000096	0.714889199864712	0.0350021304323056	0.161094001635168	0.755631232840842
926	0.509875307677101	0.690752603268225	0.213165618671443	0.87302730943376
100020004	0.862168469729381	0.692160883124984	0.220169454352414	0.868556832450923
363	0.193590145188688	0.0557916249751231	0.215301799418005	0.372736671641805
1111	0.482480899613771	0.970987922165735	0.214237522411287	0.870608587505335
100021712	0.695029064937679	0.809068001471681	0.207491164797127	0.856436377105314
460	0.735790371723865	0.608076920118106	0.212658467975486	0.935930399242783
100009331	0.349891413997931	0.210692083587861	0.186972389470099	0.898759040252597
100000442	0.189937451818402	0.613666009016457	0.221732607039327	0.913112983508436
100002945	0.0745911981359097	0.015866923287988	0.264878056075137	0.852058294703965
192	0.8366283256544	0.901010544445574	0.210251887438121	0.896579593330471
100020241	0.43061135294941	0.989397238071723	0.208380089847843	0.870041606129894
100000580	0.139749950079519	0.130250915998898	0.170301160445714	0.883530753366624
100002466	0.0103911666383336	0.030952606240913	0.202059857245078	0.547263010084391
849	0.523539939799171	0.472513757801993	0.198118297462807	0.829533723273891
501	0.485781055889081	0.388867925435826	0.233487987309428	0.824176761033672
100000282	0.673633856225964	0.147110082484249	0.275302801502013	0.749667492854141
100001577	0.0316870120042457	0.189450916696761	0.302235249293079	0.917979143140595
355	0.0629565141523926	0.224426016035873	0.154997303009073	0.780925091719509
100000841	0.884003692357536	0.971567716670812	0.222441949800378	0.866681846048078
100000846	0.8065544162031	0.360796270712221	0.202315042419918	0.860181040955901
100004295	0.874977349246263	0.395190329029598	0.190802257657758	0.817861017484694
100001586	0.0854814538164338	0.0452590650642563	0.30699578728768	0.487291272685257
407	0.00844083550662732	0.0232262223971602	0.209144944264926	0.986425294283243
1137	0.943200049406357	0.781306461280613	0.20403348020449	0.893925594386396
100021374	0.0376592414891334	0.0127967146145771	0.148368364073448	0.708404360769323
100001593	0.692754789253967	0.836903200143745	0.204740390563102	0.879593792705514
100015971	0.745385159045443	0.738501066360055	0.202609520112269	0.869510607957437
100001022	0.40867327239237	0.177173721979428	0.129049219102194	0.877410899108058
1094	0.0514952666238458	0.199769458234797	0.330977238100156	0.85883694846446
100002122	0.219776112037168	0.189427187876559	0.153189290524197	0.970247892304093
100000706	0.584839577906597	0.572100773852747	0.179374757970905	0.872625027200176
100001055	0.818071362380991	0.398066026593228	0.185322227117259	0.811661147288209
1235	0.438423353112754	0.646244551332865	0.191947202613343	0.920433641184939
100020204	0.0975413468770461	0.527946633140199	0.227666134641282	0.912552862692086
100015643	0.0291424368950742	0.275976143572219	0.225514559207699	0.828125704375292
313	0.0166488611243614	0.236704324716551	0.21419254890979	0.816177756971379
100001413	0.798111929157753	0.934876534467539	0.209793703210095	0.863018140357508
100020423	0.0230427968636334	0.0199529299357042	0.264687031827974	0.463459574596862
892	0.420563521975124	0.135252756571448	0.22170754625171	0.92096843489171
212	0.0797565750021758	0.156482001662134	0.307098821608577	0.797400261702886
100006105	0.202824484464312	0.193823141537426	0.246606625327279	0.869524299744308
437	0.633465212359349	0.64134283186705	0.199007378183656	0.870524750309831
100019892	0.434526351316551	0.795052534631816	0.207656718604937	0.8904749803107
100005716	0.0924968449237775	0.12068749548578	0.238707422380716	0.922819846293453
537	0.185577500545094	0.108531891794265	0.203453592971049	0.928689664576405
100001990	0.306140800690715	0.664801604881107	0.244856378040424	0.814978140184105
100003397	0.0262395693762913	0.00352101940917349	0.147376880931781	0.631849577705605
100001320	0.12356137650121	0.255916950974105	0.287774152808433	0.595864256229889
100005717	0.153581263426088	0.100933897445446	0.259782324604951	0.873977442381719
100001207	0.0299794929589853	0.176704133146149	0.240836241000266	0.880340275805146
100001999	0.527643908973739	0.726285846636267	0.193542537419421	0.999633900036042
100002488	0.207857841780253	0.0180728201182953	0.244267944104861	0.822740253426778
62	0.224440812195749	0.702264943033398	0.203158586641734	0.873721737325272
100000467	0.530454160364176	0.397727464185104	0.191295399271909	0.857711003120949
297	0.00418058398811104	0.117624168558377	0.202329270756417	0.861211022210191
100000285	0.0305411764460352	0.382295504502096	0.208623627700612	0.973634528960952
100006056	0.0429432718240536	0.308091095279819	0.20649600079662	0.959598012005231
100002126	0.120763828518632	0.193240058678348	0.137716447155369	0.728426700108554
100002129	0.766117754891581	0.724414537179582	0.193064716515277	0.996397335712785
100020478	0.0452693752398276	0.25226421658976	0.199429176955158	0.870413323198494
100004089	0.0589049843446629	0.541201114412934	0.222615567351158	0.82560289459852
100001755	0.530289751223975	0.582530942340303	0.210293746021711	0.821852974276192
100000551	0.0249772341791935	0.965556929950728	0.215563615929572	0.867509145362274
100003260	0.470252307752659	0.310207078438625	0.232866608777027	0.957190255505465
100010955	0.785857159735666	0.362254613130683	0.157877271362423	0.762944733642208
100020851	0.210813072271282	0.450584386677808	0.225034809159048	0.896433354498582
100016069	0.574534631328223	0.743941657753388	0.209652134980237	0.85954786798448
100002027	0.411752744648196	0.544542343905336	0.165002614028123	0.980398391377094
1123	0.359006982909963	0.170429637036499	0.188662579345497	0.968506439118363
100001150	0.727838648856195	0.959101420834121	0.210479172941675	0.872453932667839
100001657	0.291069977382316	0.704549293243955	0.210618094815521	0.851195482632875
310	0.263934738564352	0.337066548128471	0.179374807704042	0.983353080556705
100001314	0.366501573517982	0.141980844572362	0.203301461381556	0.730550649937884
452	0.618361577811986	0.602397812279605	0.237683017103491	0.841046146236697
144	0.0997818673860595	0.0676935862630339	0.270464196999666	0.70617902368261
100001182	0.18184470782047	0.14700288363033	0.253056720353884	0.869155647070055
100015965	0.696449458044553	0.410944244253145	0.19136942932938	0.969351118725813
100006108	0.939034096167563	0.4698290379207	0.215439082463494	0.911180368125331
100001400	0.760648600580075	0.664897289172408	0.200721530408248	0.853824557847136
100004541	0.269308305841297	0.216239907496663	0.206135676084263	0.592404987361463
932	0.851060936415868	0.333642356660505	0.211838838818555	0.908036510850288
100001992	0.386516498225609	0.571474674691827	0.303833763699256	0.760632757748033
100009252	0.114438645088608	0.177019691935705	0.252117265354402	0.859485436265698
100021104	0.64252453350565	0.490949171832816	0.158927385383939	0.956768524235069
100015838	0.0128492493530436	0.0471514007277948	0.332250322401914	0.934554537680003
250	0.000728526701203313	0.0206285693658289	0.387097099882136	0.999671827775527
100002537	0.912299759707165	0.515280832046642	0.193379456374416	0.972197460059466
100001658	0.808202580945894	0.694388924444782	0.229008814716611	0.854342441254285
100020416	0.293061265042545	0.369616092918214	0.182393749655166	0.848578631315222
100006642	0.299539795663761	0.828267162012292	0.204971344763728	0.879090739666128
100001391	0.112705856395336	0.359471030255062	0.279598387679373	0.959961650056839
825	0.493153547897495	0.69938636862857	0.191874850416885	0.870259480616137
215	0.0151156855190957	0.0921085494064326	0.239975626504311	0.876964569266083
100001026	0.998788872509593	0.835061895742206	0.204969446582768	0.91473641353086
100020541	0.39735747347817	0.403050945181574	0.1718712667519	0.934541407336876
100001526	0.233628556246089	0.311571289919703	0.32849128751515	0.961449150484483
100005384	0.410917117743158	0.340669208056542	0.180876854222816	0.802130996604934
100020378	0.216225026465908	0.736801714063762	0.203259559234377	0.869198074719503
100006115	0.938367449274627	0.403555323209622	0.277224791637016	0.751483226932428
1442	0.209085208527382	0.0412997230051122	0.0798499562108036	0.773387271465858
100001843	0.112375103808301	0.171008850203989	0.20981236232565	0.986977106617832
100015837	0.139976832651071	0.290203756194959	0.391036166151793	0.797858124870563
100010834	0.695378447334219	0.975002575161422	0.208380166996888	0.868135498745442
100001393	0.512500743845866	0.462246596162204	0.170429308894875	0.900970065113889
100000015	0.315674527536168	0.561332129386153	0.19270552666889	0.895817168179835
100003892	0.0566991775668857	0.0534085898655265	0.18674213430766	0.892835529127356
100000042	0.18321381983107	0.026323018682966	0.229982546094575	0.760190080778819
100020550	0.563729381687195	0.222057498485138	0.229158560832187	0.756750927285346
182	0.451764290699967	0.350160616036291	0.203847859723941	0.886015487886043
100015723	0.136194271461318	0.428567236710719	0.210660859637798	0.8541150333967
100020343	0.445595380494083	0.513936225548505	0.193504109462307	0.860257530802973
512	0.287269131186673	0.582785851348566	0.225751090698936	0.850059157366185
100021100	0.829490854096137	0.752111605378035	0.202504980450479	0.869552696782016
100002528	0.30440148091432	0.0725490484350156	0.257334150044775	0.623087783051359
100001287	0.29407279227912	0.64226519821494	0.300659859669707	0.789946272406008
100001229	0.784339600872031	0.863386330991361	0.216556955469929	0.856396169390365
181	0.426599444619032	0.880960613042155	0.20597393477217	0.88581725428288
100015831	0.00161698316531424	0.0233723311241128	0.304098234511914	0.617037571968569
100020515	0.355777778749985	0.443707519887522	0.1645533380361	0.96230746465553
327	0.237146476856371	0.287071664218194	0.262412868469587	0.80893214944868
100009394	0.753057361012156	0.795485260406393	0.199738919979652	0.890280547481615
100001596	0.866200620603262	0.232802781683541	0.186846558307827	0.688423999915679
207	0.715581199855997	0.422062305358109	0.210484621345964	0.844130514181811
2054	0.499391289789573	0.748990447312135	0.198842557541967	0.891725111444125
100020259	0.630553095596901	0.566242768031235	0.228547496085254	0.855631314115553
100020414	0.00349699539480004	0.0411634108601331	0.155437993676209	0.823814345016048
100021131	0.869932505644685	0.273353475239952	0.200386253666341	0.826559339155203
100004499	0.912328963448505	0.698814992730235	0.200672308663768	0.840474688473678
880	0.189385245693815	0.831746546131638	0.22657688080298	0.863935410377454
100002049	0.471107845867939	0.302668499350272	0.229847855944473	0.823128017436545
100001739	0.486328916137409	0.243565948458473	0.266494223238929	0.834776282827944
100001126	0.414932107159728	0.136783311765676	0.13386098334828	0.735318759507976
1113	0.630740061767468	0.855940181176875	0.219725563310173	0.843430261691407
1083	0.906960823189682	0.293302116161562	0.224882261017001	0.781972360569276
100001730	0.0786615783822677	0.202639421194541	0.248622083264025	0.733586977300892
100001412	0.63400760561259	0.9939633006677	0.209753620260242	0.869626717212663
100005996	0.711987110538366	0.601825161322871	0.202643941437258	0.837645520296883
100015962	0.00792590079327273	0.0806208770713505	0.146482204997706	0.804413315562403
100020214	0.720598287456258	0.464926770929843	0.226383530783414	0.782501290921528
100002514	0.115209533159026	0.336796263517572	0.218274380641731	0.804037344265704
564	0.177113660454519	0.0515159415655949	0.177045059773406	0.753509320354745
572	0.0284568525547922	0.0239479454560048	0.356554343289734	0.660697506409534
231	0.869261606912724	0.732650348739171	0.198069346315434	0.872571021820423
100000453	0.926121296881279	0.851515175383431	0.206802692541618	0.879638414589525
100001007	0.117510750159946	0.269227136316517	0.257078646658782	0.734148534544206
923	0.541672086735947	0.276244663455749	0.184268557519722	0.964985583776688
100001247	0.506183674762153	0.595287941756496	0.202493939237324	0.843486661308792
100000774	0.502286314098834	0.80747006678335	0.220629609790911	0.898577196580461
800	0.336250354714174	0.332120982194714	0.214086640097659	0.948181123285284
100021678	0.312288429043305	0.413361785529238	0.176845141496052	0.859470527110735
100021711	0.400439496243867	0.809892498757954	0.219883409908408	0.883872475426545
100001274	0.776250769227793	0.422353981057762	0.205196642398186	0.700891984323488
100021220	0.147260958412244	0.164023498541391	0.264166366826519	0.827538012908249
100020253	0.438273640121399	0.997852323988793	0.208126199611843	0.870200576371732
100001170	0.708375416366805	0.161859690713541	0.185090764700923	0.779039361163315
100001466	0.215079926664051	0.796735849355762	0.214551961977796	0.86674913859511
100009406	0.77376032658869	0.688498116399298	0.201759950728366	0.882102648043141
1026	0.16699604075038	0.424171708492728	0.218101044586632	0.845571408495947
100020837	0.743683832522424	0.42666675093117	0.240497542475636	0.768499965965404
100001006	0.084147165219677	0.0887563693306877	0.208968331309909	0.97045359693113
100003674	0.797703950969637	0.137667087838257	0.213752445716487	0.843632655502161
100004396	0.2982992949124	0.425664320958153	0.242246234423044	0.757645744447789
100015923	0.45593946253617	0.915064059205084	0.225009213670202	0.862230180534405
100000265	0.443303517059816	0.708401063726996	0.212520396110418	0.84163949560409
100001409	0.0727432671331111	0.111449961650309	0.200180990688746	0.707565703186312
100003434	0.439634707755983	0.518370709924246	0.213415397625163	0.786924858690233
100001334	0.599471618995707	0.0792497205279336	0.267857536255537	0.733470181654362
100001102	0.743829381553478	0.757392424983725	0.215801605688677	0.849177137626399
1268	0.689311313486474	0.072889673103668	0.136489684482524	0.792482607548361
100001300	0.274459507328549	0.103965674456919	0.197027457445528	0.83961847702805
100021324	0.234001097381541	0.740683490885152	0.272341747372067	0.859267654041624
100001617	0.107438294762733	0.0980433785933797	0.199551050937099	0.921162311688144
1105	0.865350921094601	0.17035401067296	0.285956280886588	0.526499510590111
100021502	0.0782422045508715	0.303425444441854	0.209980806866075	0.877540941698907
2051	0.755242773905201	0.671299884329315	0.217171358428254	0.768720921525104
100001256	0.146640201852444	0.481104164293517	0.234006391561897	0.985220828506443
100005466	0.0503531072643209	0.0785873743937382	0.233828130322003	0.655909946861482
100002199	0.146556243165502	0.761392221529429	0.218604821948628	0.881833420085425
338	0.015170829796541	0.0532579706631827	0.357703372218644	0.600550005026427
100004243	0.461132580498725	0.570658767380577	0.191083289076284	0.887988564442974
799	0.446559603869658	0.927252446641039	0.2166642805657	0.869371168958879
100008928	0.532688150286134	0.0943100194425789	0.19915097347965	0.883262982442841
815	0.0790836311054425	0.242976798168287	0.203006846161352	0.968549529109498
100001456	0.00515736412251332	0.0701137865714252	0.195415708269844	0.797325677284852
1242	0.0732583594063627	0.0879803665887522	0.256122858525278	0.657991211832798
100001416	0.284157432214266	0.111509506267396	0.144340286704359	0.589264513900349
100001462	0.348361841508803	0.332933753824487	0.250489907389622	0.827184111290245
1087	0.159145162101943	0.0361194762384989	0.203185872329838	0.867139239147487
100020421	0.0770002003835568	0.126751664065534	0.255040734550479	0.596467036916632
100000010	0.00381021198014847	0.0398814927663667	0.214010336116428	0.948150164098283
821	0.452565497469202	0.356468405425839	0.228880750634899	0.711261076096651
100006627	0.233583046335447	0.143470687189881	0.296709678911669	0.766058279480756
100001277	0.303772134747255	0.144054237456325	0.240898944521749	0.842812172457524
100021141	0.053548108326587	0.224386793692666	0.2485747317538	0.934630626632356
100021105	0.0853551291034163	0.194078313424184	0.194359112974517	0.682862333783287
100001950	0.000189094286171207	0.00420790238955228	0.228074968116092	0.845874437565588
100020217	0.894324616750923	0.295482057223357	0.147318528819484	0.684898903032312
100006651	0.0258047351110878	0.18213513030013	0.246192982174676	0.60867060660097
881	0.948078606295471	0.470140816917265	0.203340318901054	0.865876271461303
100001509	0.542480534451228	0.112176736536281	0.160521337366369	0.833141267002141
100021709	0.691027891707431	0.902771692436391	0.206129890125687	0.87096180620609
100001635	0.304453890292706	0.0388137354426402	0.233338042943952	0.804682734337642
100002613	0.45374366740128	0.118649696160226	0.190553579010362	0.965258063514436
100009329	0.669555947781954	0.711174162768226	0.191121390155693	0.97620913643258
100021123	0.836524205684219	0.630810086093795	0.217148694162691	0.781007112103321
100015760	0.260927654713718	0.162941819062438	0.168926966233131	0.911001024067189
100020205	0.328612488311927	0.426225628270605	0.243330745104698	0.683942171054338
100000765	0.534223732512993	0.684912345846991	0.208175246147227	0.834791520019824
100004111	0.352165375451694	0.183105055636729	0.24089977039532	0.821909711003433
100001615	0.218481123372334	0.769973641148625	0.206901207208114	0.871588194198545
100009227	0.235676429058211	0.130057499340045	0.314244334341257	0.974475495685689
100006191	0.347376943569676	0.571595671714501	0.229044217932444	0.817058311207547
100004542	0.468317291487075	0.380104134014516	0.219479611184738	0.917306013466939
100003686	0.25947866790033	0.121749197866744	0.294045397033923	0.815242505582981
100009232	0.0254904615717164	0.218465593155689	0.206429480900481	0.775571542105538
100001501	0.0518053407325141	0.11013540707054	0.282613913729949	0.891339874404223
100002367	0.538738648129068	0.284228318674973	0.208297130079397	0.694365019295161
100001108	0.339909419908983	0.712649344407132	0.206790698282737	0.858521295147616
100004227	0.661823155603924	0.955231268396129	0.208063551625726	0.866474514122785
100001310	0.199035556848527	0.288657999605577	0.195172878234216	0.985459262444974
100001994	0.895569611698177	0.850380548043652	0.215968659094782	0.943769120911561
100015839	0.0142629333905624	0.0151058328855204	0.296566986403125	0.928523800231609
100003271	0.0034323910381357	0.0719060168905043	0.264706575070549	0.677814035364165
100020496	0.786594824334884	0.961315462693632	0.210614724491378	0.874376780129914
302	0.610318193844112	0.37514237492871	0.171304860134416	0.859398813266701
811	0.619510643818238	0.581123334037523	0.189498883441414	0.960299598902407
100001267	0.966185151897197	0.768219423130772	0.196208834907853	0.867043074888439
100001197	0.0283668831693509	0.366597366796012	0.243179345905435	0.870018518809375
432	0.184576140648315	0.435209090112725	0.219773889790874	0.85931528535684
444	0.00832664601646537	0.0457205526052943	0.215798272025973	0.939790828868831
100015968	0.326883306782978	0.371934299714424	0.202420179408575	0.797636240050416
828	0.929552559464223	0.835918382524341	0.202396819430674	0.880856373135422
100004054	0.25951842234302	0.843577167958526	0.210128743344519	0.875207149396018
100004635	0.0751451958404524	0.156761861842129	0.510291390965585	0.578682586988781
100000491	0.479688910874212	0.626310331402763	0.207813995500526	0.771033443902512
100000939	0.0542013466160207	0.0386924066731592	0.246594116821944	0.706855120594298
241	0.190020842678863	0.571832335568362	0.219969366570183	0.903179605529635
136	0.346460588202194	0.0618425835200674	0.168681315408821	0.909489255050692
100000792	0.592284336434369	0.861392848455683	0.205085150165172	0.953674212534595
100020973	0.324169929400092	0.458859738370409	0.209063058913786	0.8755934382975
100000936	0.760932622580786	0.849840237812641	0.206936819334278	0.873807178661349
100001313	0.00611998750067989	0.12963466410751	0.208611718485048	0.956529117150924
100001951	0.0465982570090221	0.0883852285413668	0.240759621609401	0.857174764785201
100006098	0.0144612041712962	0.0745963740494523	0.221888684946982	0.9726839031548
100000007	0.215349985199317	0.499627085525741	0.212324978097467	0.885015095093535
100006641	0.902122471504556	0.900438353823973	0.225065486856476	0.869160584153264
913	0.00956083964983001	0.0607301955204296	0.260113559115791	0.731224513528057
100001579	0.753002296936184	0.409809388281289	0.22870923296832	0.878117501614931
100002911	0.14132866208434	0.0127444858750568	0.27647630543563	0.825843006124752
100001293	0.288243342648946	0.37833717923027	0.182364028058577	0.993907267609717
100002241	0.191392129692365	0.504963335527709	0.219410995759029	0.839727798719049
100003179	0.412572638738849	0.0877684844067713	0.204595239116567	0.701721992912068
100021372	0.415531710957877	0.278622248001057	0.170782871489308	0.833234971557619
100001956	0.385405444802249	0.628374590833949	0.218484934401683	0.781632116489333
100021162	0.135949267437821	0.125961618560589	0.176889810216381	0.706349049546574
100002259	0.415288999568061	0.674407716439301	0.196940391323083	0.856146624603691
252	0.358493331777948	0.568154028024118	0.240821268053966	0.813166617984509
100000707	0.499817497394526	0.349049238838052	0.213043575770739	0.861650130399715
1489	0.673597811956386	0.0203257832301451	0.15136536947804	0.848895935409475
100020361	0.0271029409058811	0.0754105326309632	0.22221105369069	0.810455373711349
55	0.804855011217308	0.941477813711103	0.210143170782395	0.87560118428346
100000863	0.26542513760632	0.253739723653557	0.179823513622297	0.909266799895571
100015840	0.176348517282037	0.108646819275002	0.291655865719786	0.811286422146033
100001541	0.17218855749719	0.0860676428073001	0.143152290262387	0.854017668428703
100006082	0.146536869766157	0.0555344913443915	0.279530009772796	0.861263143450782
1254	0.594563987124802	0.926982826139958	0.215896300828987	0.883694342857631
100001624	0.341944049591227	0.239641447460034	0.170049101878353	0.900174356715145
100015850	0.881631870523927	0.655101565382877	0.26133469188448	0.827262100096723
100001104	0.0036147126311905	0.0140160486135822	0.235076946552029	0.850335235899127
100000900	0.10404837488889	0.381851009095178	0.209015213584078	0.892966058755473
100000269	0.228389617015261	0.0830748947321235	0.121378510564806	0.836104093010231
1022	0.23192008434606	0.98144540449835	0.208716957744416	0.868740256184301
100005373	0.298296735029965	0.0887458193292193	0.235883934027671	0.776092461686516
100001129	0.109413554567205	0.630393622971499	0.195319112837601	0.920538911340699
935	0.0113985814960447	0.133160986391029	0.278087947292144	0.722221536162467
100001262	0.15619211403264	0.203022984612293	0.213265740972612	0.907019992879896
100019978	0.310726359134383	0.626003842925424	0.204170222814074	0.855098307379545
100002293	0.809543933939651	0.843525944699003	0.213106980049496	0.86589820195964
100001426	0.178357557533831	0.267617161824571	0.210225104448238	0.697772891019041
234	0.0363267126456126	0.159632791728811	0.207743498439654	0.842249230980487
100005403	0.23710242681995	0.956302920312863	0.212411846426039	0.879732409273909
100001083	0.0372630411713105	0.30687481924168	0.223344227874381	0.907841228870642
439	0.615315693275582	0.288742042365274	0.21545003363273	0.888274531743089
100001086	0.326751634355026	0.393142129590835	0.21515049925318	0.965451725623036
100005864	0.744225172085861	0.439224667033068	0.188364663689256	0.945047182038703
491	0.500762017777653	0.89376108543491	0.206744464826089	0.873518219821444
100002029	0.454072763062055	0.43939235654712	0.202311386529331	0.722558036319902
100002154	0.85949594408699	0.493237135979738	0.18731707390776	0.839551128619307
891	0.436470342475554	0.186707331202605	0.22757047399155	0.853655204278797
100020261	0.349377128312187	0.436857871800193	0.252265456302695	0.84554190308918
100001296	0.551571451877602	0.551621693067741	0.218229056853933	0.753701002776365
2050	0.512382409885472	0.533272568377981	0.224358899287139	0.812449698412565
100002761	0.384473439244155	0.651499777225212	0.179442288691536	0.988952069301636
100006614	0.795990394725414	0.652596111730001	0.192191663964363	0.93259364358603
100001597	0.885272811659562	0.156197097980369	0.136905648431968	0.667721404703896
100020853	0.724710618944221	0.832231348184899	0.209870372777003	0.886514450795097
100001446	0.271685228812154	0.396121054709411	0.183365474847175	0.86704511315214
100003240	0.242313017861303	0.113782641570544	0.234272602678981	0.801459565746135
100001502	0.0269436888927709	0.215447129182463	0.250940983986813	0.969515729706189
100020866	0.110458177446706	0.0128954482365465	0.134891268115356	0.642123952915171
100020419	0.0399707871846158	0.120761743935178	0.256518702088146	0.560547184632644
35	0.585443547999567	0.338888138017654	0.196958686344053	0.801738597483701
100003696	0.0112090745112662	0.0522138154484808	0.307679642802353	0.816635822565278
100016038	0.773952309541907	0.977009341482869	0.207566251441182	0.867998565132454
100009333	0.228357872638902	0.189725157843242	0.213459833173472	0.884563832186575
100001611	0.208883156419938	0.423534756570024	0.294670497496686	0.806443382525071
100005383	0.682767044445529	0.303513126772847	0.21779397728415	0.906947227933297
100009239	0.292475470464412	0.140758343926629	0.2724599100781	0.66566565243894
100009332	0.335812769247476	0.251478759850436	0.209449323797801	0.83018886649575
100001731	0.132970506514515	0.60989364122952	0.211139266817354	0.849390700049881
100003415	0.359736381319456	0.449746101606827	0.203820382357205	0.885048625703171
100020578	0.142002523322383	0.206383385673383	0.199737616699238	0.751002892196293
893	0.892460252660459	0.490795634544723	0.202037623368082	0.894266708666765
100000963	0.271751575390501	0.209991620218332	0.275499131882903	0.656613367267332
273	0.154668805387159	0.330291422197908	0.253315167420371	0.851904000723869
197	0.428553301461248	0.407245906417536	0.201200051122868	0.738649935618437
100000808	0.331925433779714	0.237924988549489	0.198331098635055	0.983575108636032
100002284	0.646776375776375	0.397609254354368	0.143050315989275	0.794813916236535
888	0.906599159718572	0.0896877780128772	0.221763186718227	0.866310110535883
100006435	0.568254829719185	0.309492908105158	0.152693200180896	0.816344521590208
100006374	0.175611243723524	0.524407072409747	0.212754748788351	0.865600742704226
100003169	0.528692953467873	0.93144605720316	0.20603750353235	0.867257403908584
1004	0.568023996379915	0.753757785909168	0.195339408780811	0.85002311252919
100005998	0.0840131561940177	0.870545597973012	0.222681715973766	0.881515319050753
100000773	0.633874537936069	0.532367137389819	0.210766378630042	0.856225724527119
100010850	0.0143917916567206	0.117372134164291	0.247657947796365	0.743159577375482
397	0.712997923094605	0.424425927396352	0.1650977038169	0.909021085010107
100000039	0.0658837727522092	0.196827579970131	0.157833830887517	0.955970835049756
100020833	0.689399701580902	0.792084924826183	0.21416140620382	0.903995301060045
1021	0.450508919902345	0.375682825257473	0.199691067222552	0.895141977536374
100020479	0.318931599263881	0.523695027282402	0.206104901417315	0.897391953914349
100001335	0.446415186980306	0.29068053385521	0.232693737809638	0.850995634229505
100000743	0.48433587808036	0.948637554262621	0.207483810284411	0.861495281945278
100009246	0.182085588337608	0.636472456531954	0.199212234289653	0.905441964428119
878	0.203508370819637	0.707701996510786	0.196885807182397	0.894014776285902
100021103	0.708151019366814	0.75923098056675	0.204372520578531	0.984695076538492
100021363	0.243409529003711	0.552809432618043	0.191358616153356	0.91788088453599
266	0.0884085114974931	0.169102372233926	0.194357155837887	0.823498726173636
100001195	0.271772994888792	0.208146855979723	0.266959292757833	0.800860008032502
100019801	0.742727063271648	0.693249661533945	0.217146375586901	0.858441280673455
100002196	0.0427661879936947	0.282446523035996	0.223071258297587	0.871719505186819
100006370	0.279519768461402	0.986995800457196	0.207690717204166	0.87081432419475
100001510	0.0284400403608817	0.00327859249236815	0.16626079510281	0.994868750122281
100000437	0.672914667676147	0.508549213058521	0.211857052829303	0.902222355471362
100001767	0.167098070645294	0.0387056058006417	0.283150416441766	0.890928022572131
100001810	0.428904576565995	0.489489345421731	0.218290131893382	0.973560948931845
209	0.0267622498694281	0.31242355543051	0.234630775776632	0.873702113705367
100001485	0.281123974271306	0.0966088763016751	0.12759442840997	0.782409495314069
100002500	0.120393913346457	0.452655246313044	0.211998565269693	0.840109753717593
171	0.0231401820354078	0.0178290525500023	0.134709153316945	0.922489459978597
100020487	0.965916672596435	0.870595981854095	0.223265770999202	0.834693437794326
1206	0.00692369658984417	0.112870171016401	0.205951294096722	0.936685776734814
344	0.00706019843529053	0.0209299374992463	0.422337942909979	0.961062905284978
100001405	0.376638063700941	0.816260643898095	0.211918243742969	0.85688956617162
1239	0.916967369511624	0.489752497222368	0.232082592368352	0.88076770926853
391	0.0570204947118779	0.156507733919174	0.178874947054756	0.87068406423953
100006430	0.498887349067904	0.234270005902302	0.288242289860236	0.567016215871705
100001417	0.955528037836051	0.529128099941443	0.201707766781502	0.966176397186432
100002951	0.0463054234330911	0.449242198367954	0.202818700958668	0.786423911547913
100000014	0.406008408403115	0.541901100371607	0.199812829253606	0.923088513478939
100003926	0.530378156148056	0.461867298098048	0.224897885233021	0.855432024495018
100021538	0.483243376424116	0.373174024904827	0.249174471149834	0.774001524957573
132	0.288777933550485	0.894327593403181	0.208466852201306	0.872347474794606
100001425	0.492839927013829	0.497809141971282	0.262831891740286	0.804728025912997
100020262	0.595127403874742	0.656154316904064	0.224593092236988	0.857409573156869
100002679	0.371221891700215	0.662974891457045	0.19482704309249	0.946999569457834
100001270	0.756772391120625	0.547616563760635	0.212767959436395	0.8481828428857
1102	0.869961713382564	0.990930953205728	0.208940773567056	0.869956737744123
331	0.288004425383985	0.223865583120903	0.179703851675059	0.741422824032684
100006361	0.522102305580017	0.591942359600381	0.189767310862083	0.950790117372882
180	0.892007945802195	0.868242238601784	0.217762583009013	0.869821449692489
1053	0.23768034066884	0.396344621719078	0.325659501716349	0.9660311954686
100001359	0.600145232334747	0.92138182620651	0.217201951039514	0.855791244098971
