chemID	simpleLRM_Fstatistics	multiLRM(chem_sig)	multiLRM(sex_sig)	multiLRM(age_sig)
100021136	0.0188250230511075	0.164088224719827	0.323541882101253	0.792703953466213
100000882	0.811124834305688	0.676507989526967	0.289550366155222	0.661046925779529
409	0.0820917556492051	0.176296805824682	0.326066295978314	0.440049698448701
100002254	0.69291342986506	0.0432619243648621	0.19135834393226	0.666157521827896
361	0.00777245598918812	0.11408793955741	0.206089247767669	0.653222724157074
100019975	0.541201092626043	0.723913765767193	0.280933135422786	0.700800992493033
100000257	0.000547467630013291	0.0184690275090191	0.262493027392311	0.639438178542338
100001232	0.954432616962692	0.972687244767427	0.285670903917387	0.684159448557461
100001948	0.362574570545343	0.391865031773986	0.306714236996586	0.546283875502232
100001073	0.59292146159101	0.646435988128702	0.357325187145947	0.603069440141004
100015637	0.909516942422128	0.483940838977189	0.297823093879455	0.679353260912208
100006360	0.628426913241149	0.691785709442307	0.264065041349526	0.752151661471026
1488	0.559218333943805	0.628933686486975	0.28141786668635	0.664015731173098
100002253	0.822251700203455	0.918292822110069	0.277709914823168	0.697284480125171
1023	0.970633977251196	0.701977105897682	0.27580829643965	0.669859791435544
100004284	0.678514221292931	0.807483169196227	0.274516386297528	0.693343977818768
100001251	0.610012814665003	0.880695026830125	0.276028835071414	0.681425092017197
362	0.730245697743067	0.450026964769415	0.251374310081499	0.680301970833403
100006620	0.723336984178465	0.964106221766927	0.279615616758212	0.686796141368225
111	0.352873188723809	0.155294909551712	0.23724250764267	0.654188173406672
100009045	0.67438517597057	0.313591719848993	0.234664187881283	0.830613160727353
100002927	0.737609423575696	0.877663974624723	0.275209639881492	0.703573372086429
100015641	0.766022858513236	0.890786532280996	0.274524799583797	0.694874329713297
1114	0.111221280132746	0.995020339114335	0.279276929482256	0.685943640680333
100020409	0.356922036553041	0.38839850040787	0.283627596174567	0.559079732259235
158	0.112492147912081	0.204874876127369	0.369396753089146	0.712523683205175
1224	0.0383079708744892	0.123294773255974	0.198358328586073	0.748784609946208
100001620	0.484497334713945	0.399580484578018	0.24179320102351	0.692010987535744
100020893	0.270845917489514	0.0529175786097461	0.265526545120169	0.393691793382651
100002458	0.750303184749118	0.554180505255869	0.322734532303001	0.628179842136034
100001112	0.798771410745176	0.994125940998521	0.279303125389566	0.687681478402803
100002953	0.410638128147801	0.841964641859775	0.277416059797136	0.694421215941351
1141	0.401218482654986	0.05780444040186	0.371972059200566	0.499313755546722
100015834	0.445804332981983	0.964758378619558	0.281512594587452	0.689117263735832
100004561	0.624320476428164	0.905780114506934	0.282155730975621	0.682815918622913
100020497	0.808240638071918	0.722595253305499	0.264221971170706	0.712978492534259
498	0.0415309571459165	0.239073553081774	0.271798175008347	0.783172437829261
100006051	0.884365712412457	0.884921531536654	0.282180752099161	0.682736181581992
1668	0.657097100179471	0.500931377040508	0.273372388927993	0.62355997797924
100004523	0.429728709403031	0.912894030836751	0.286215253541639	0.676507994286619
100001604	0.251125258797881	0.557875058838589	0.273741150505834	0.729807698112975
100001002	0.206426795123529	0.695983598555078	0.288029060238633	0.676120389298067
100001987	0.0582454146738807	0.267696676512378	0.83503471789908	0.533573257432046
100002462	0.615238000103308	0.351145893798666	0.33760430774124	0.567036593926837
466	0.586352136744898	0.0666328589852905	0.308714597679045	0.659977135528891
100000665	0.880924526208719	0.437811301322259	0.311925602916068	0.632298495821205
445	0.96063657969597	0.424557432969668	0.30733004811774	0.739181632944431
2029	0.153795589900657	0.51322957366867	0.294835917211624	0.68918348402947
100006438	0.127223777814004	0.252589342092737	0.322613749761881	0.701295969573703
100001398	0.16411288867	0.619998696706459	0.262516455453034	0.703438342918291
235	0.435540962865015	0.491424375747658	0.251970664241166	0.714960388376263
100000997	0.71047786447371	0.716940162129627	0.28217811853039	0.66432075570018
100002094	0.210782023911037	0.136459670070465	0.23114091775334	0.517672372229836
1052	0.607887095132758	0.85976021218508	0.273524158484852	0.721558915076595
100020823	0.321772003170166	0.56465747039778	0.26090248523861	0.675028971136292
100001806	0.277997796812239	0.623062606420768	0.325560777720789	0.696581412047414
100006092	0.828662623654049	0.905123861667131	0.282983197397674	0.677984007804901
100001415	0.123720732592468	0.117138463373214	0.285543189716802	0.426599826259576
100000008	0.0402698664673032	0.0736376613578822	0.316465970770339	0.516397150257241
565	0.00728091275552389	0.0476942940326936	0.271679825568378	0.772879710711127
100015851	0.140134608472911	0.158587416511129	0.366885042746109	0.833933900038333
100001866	0.470752435373716	0.688131772708558	0.310220966647182	0.63736212204555
100020546	0.00253020171523284	0.0281234474835437	0.500479934396169	0.890859359852742
100016110	0.573442721067255	0.4743327959235	0.236963602348581	0.768189595721705
100001254	0.0033453478159636	0.0151294837725291	0.361680724958434	0.892096720754343
100006260	0.393772169336142	0.820610002698092	0.284084142095438	0.682237761042625
826	0.672873283921627	0.87217904673178	0.280062947973086	0.681153970300024
100001872	0.460043374002847	0.862052391427418	0.280598079574866	0.68482256358262
100000263	0.341685437769642	0.372118925833526	0.344462266879622	0.681117546523617
100021198	0.813494730554788	0.0558063078182937	0.193137667576695	0.389106810247352
100015967	0.0352213722885983	0.0919538588401176	0.350843524913327	0.504512944847663
278	0.1199570189851	0.182687417253265	0.254336075637092	0.969279518063989
519	0.74376862297812	0.335473841407807	0.333804096361482	0.622416971810907
100009337	0.108061413481721	0.322313027886987	0.374037855119318	0.674244318264185
100002185	0.344793896093399	0.936770343851002	0.279108900432159	0.680413896331398
100001278	0.394605642789188	0.275288349686541	0.340134152239998	0.641485051561302
100002103	0.792631443833376	0.719203328254149	0.281431738399102	0.648939588019813
980	0.803142039467848	0.477991530855064	0.307727336803865	0.667051112704132
100000016	0.864198403361355	0.43995158002605	0.276566936870484	0.659682650563587
100020372	0.178436566798851	0.472570979417842	0.275116052358847	0.623412903697229
100001662	0.714580003379637	0.112332626541739	0.10106422137517	0.705038457865412
100019972	0.934509487186505	0.673048419790441	0.288117046029601	0.671671558804405
254	0.789869451859313	0.786557082418341	0.277822913458617	0.688101268253842
100002009	0.658146723427969	0.704849413047397	0.276811635934428	0.614541373156346
100010895	0.432639969613401	0.541033220862757	0.322962576319103	0.666475348655641
1140	0.827781376509677	0.837831133353161	0.279410829274179	0.709476243164137
100008951	0.637109063702798	0.546758922144185	0.298268933445322	0.648769502760622
1084	0.36745823544544	0.838382172611748	0.27855791617494	0.723050372573692
100002796	0.10044057882015	0.342245502500298	0.246753892193826	0.623018815730483
358	0.953685856823116	0.963281504440953	0.278855868653211	0.684770008872871
100002070	0.824018458064173	0.710850054235938	0.270924959301155	0.71802321611747
1628	0.366665394727323	0.131623881250784	0.347516472789141	0.664002967398614
823	0.75361619195985	0.630375425355773	0.252794773518253	0.732872886166392
100004414	0.47882884814557	0.0955918832705234	0.360144227947885	0.819611000453921
100006129	0.681280698636095	0.667153056543751	0.261588348522909	0.702698761023011
100002028	0.646976929467711	0.441859424438195	0.404399791851548	0.479094773424833
100021707	0.498075853463054	0.700782270658142	0.261192162205843	0.72266857521417
100000054	0.517987574486611	0.470217759336344	0.272275169083309	0.70935122985778
100010869	0.464942786545607	0.219392922909026	0.295926670606383	0.546256552314782
100004575	0.0287296017665728	0.107881309242959	0.351303607106611	0.988353149550208
100001212	0.960284437586702	0.732717191630468	0.281482068031622	0.638976642052048
818	0.228692257585748	0.64622517040435	0.314217814171351	0.646681529273284
100001092	0.00150905944250447	0.0207764198328567	0.266442658401497	0.681476075962911
100020371	0.884870453355655	0.634905984716615	0.300014411923314	0.674173230350405
100004112	0.186226127566164	0.490671091790235	0.295468841093399	0.695510965897653
1125	0.462088018282874	0.352902665481012	0.312573883344102	0.718195984871313
100020491	0.887272234215547	0.43970674529763	0.227162097249071	0.710316077418088
100003151	0.00198303918459952	0.0174326041313794	0.428099721012735	0.563743373120231
100000011	0.328165275137444	0.148858643998125	0.203662876019124	0.801124127544859
100003594	0.466583753112897	0.946859398208141	0.28580550182039	0.691213318864173
806	0.740615820590305	0.130559716092256	0.281724180180001	0.473581797758174
100001211	0.941455102168148	0.544095569146768	0.29127640866347	0.663962919261545
100002417	0.604116953281242	0.565146217349141	0.270857458379981	0.647493237920692
100009335	0.506288871018649	0.155883777841208	0.222755632072857	0.713444512925523
100000781	0.670611491984896	0.91646476752473	0.277701193552252	0.682720474789944
803	0.0277988274476609	0.0285599616948849	0.269221595421781	0.556600685839292
50	0.502301324053882	0.711530344424121	0.284955222971569	0.670669258794912
796	0.367067214482442	0.0209199095958211	0.312201670340875	0.6777234179454
100005834	0.983869552173689	0.695531164581356	0.31852116342968	0.681599763330259
100001580	0.969793426124298	0.630848993374065	0.29448881462572	0.688270437238236
480	0.775988725864088	0.630992236465083	0.252644452267102	0.691375665570441
100001540	0.24279103294193	0.716580927601499	0.358475438826978	0.770980553921743
339	0.552328205848425	0.107687045658318	0.253942153816246	0.591942257150218
1110	0.95267281973732	0.995774019852158	0.281033968336832	0.696685498030528
100015836	0.142209890464569	0.104847683525023	0.437891919472333	0.904788988930428
100009271	0.520290799251817	0.47075970985252	0.316200917355795	0.664489838629961
100015638	0.969115375127476	0.473214340944929	0.292017416385728	0.667817814938463
100021667	0.950084984555133	0.491767294642755	0.315110834513667	0.669497686759004
100001279	0.581670304155405	0.340230857442638	0.308261039553642	0.812595806142805
100004208	0.0191765195291655	0.117014532684045	0.418534343729394	0.81238275775836
100003695	0.222021814752674	0.156066264976804	0.305333914330102	0.473593674584562
100000802	0.805107279373172	0.836090742395366	0.28222074372711	0.680049638560389
100002769	0.872373603352643	0.100971746513427	0.205066111605465	0.796488302855347
100015835	0.0921927102041022	0.209528260964241	0.439013989746134	0.932555538482061
229	0.908483316789131	0.421732882439282	0.309344121461602	0.682185920350208
100001266	0.006835756088897	0.0297115487737666	0.340858048949935	0.992346841882801
1342	0.29838352864548	0.351316519210336	0.239024173364672	0.705359537786324
100002102	0.859257532866023	0.565324292116833	0.313297385791473	0.783717444795011
100020254	0.152556727182503	0.508250270167371	0.271493372251427	0.718204950070115
1231	0.471476653873887	0.225650205160393	0.331577317631117	0.640479812552187
100020492	0.996129562554341	0.850040322203852	0.273234583972691	0.685514430176017
100001402	0.386004652408122	0.585453403735317	0.310994249071863	0.687918434645191
415	0.00603460920086045	0.0944278253078992	0.325833578519447	0.74333854696365
100003109	0.995822628571171	0.983701819558999	0.280105420145675	0.687847756435101
275	0.561491408157537	0.813640248313411	0.272004074974378	0.669530601414489
1143	0.162395546611898	0.0693392292786538	0.248859493949589	0.794826838355382
279	0.396787498757053	0.339309375840607	0.278888155184525	0.552732697636111
100001198	0.986537837692493	0.925430967457181	0.277966117807329	0.692884209547492
1648	0.392258772741727	0.980151905838166	0.279947315823748	0.685767413178666
100001590	0.328702689346797	0.286353132766515	0.26968624054131	0.603013650820514
100001733	0.411688200525582	0.970799691668258	0.280044273156473	0.684104420346971
100008933	0.0145266616224418	0.00190670962312301	0.394720608233585	0.631653199375326
100001550	0.34765138717398	0.484233283639617	0.263755154686555	0.632154854774301
1215	0.0569025150007813	0.173896720449362	0.234193630634139	0.629679199290141
100002356	0.265011051869745	0.0980410738967724	0.338020411016792	0.694844924579155
100002749	0.714472685929439	0.787250734519923	0.281265494893446	0.693499321124782
100006379	0.15755385412594	0.158307478677083	0.33055380764652	0.428263982323362
100015966	0.0791626411035802	0.15529372827487	0.307573056772793	0.507831600415256
100001392	0.629133224470769	0.97814798705977	0.279208381229844	0.685738102092593
100020425	0.126746139236593	0.0499496113978617	0.239169107861209	0.439420195505068
100004299	0.318922280221493	0.857986962952221	0.293213774301427	0.721464186414707
100001734	0.539739383129702	0.457471027718534	0.301145357345005	0.609587378109957
1002	0.799444414762007	0.914624999982514	0.279718882212293	0.684575292661891
100001337	0.285681972244854	0.768399945184769	0.264092425078707	0.686146111348528
100001452	0.783698383681874	0.819667273593508	0.278188882911972	0.664431349549415
314	0.524840342570952	0.376889925607766	0.291221377472534	0.702988870317545
100009264	0.999764787264783	0.538446461299531	0.222961824800281	0.807511035057003
100004634	0.44945742240642	0.506589604540851	0.251165698505148	0.703344779726438
100000711	0.7245163372964	0.682726252452499	0.308203765417113	0.71281785903597
100020536	0.020662167670511	0.0950078643293573	0.33646280076053	0.797532321898892
100004318	0.318875772417582	0.590710696705533	0.285734053904865	0.681728399227739
100005850	0.895518513011939	0.49276361186086	0.353911532026238	0.632207812819205
100006619	0.310485440655666	0.139940541587756	0.32374282146607	0.665239592173583
356	0.475652877419825	0.660168369285197	0.268300291567021	0.70301909547139
1221	0.551965586634224	0.495245552139637	0.371730950629183	0.738708722803113
100001397	0.755966283221797	0.742792371223256	0.279736993002389	0.6759193719523
100019981	0.64517086312768	0.954361907646858	0.281214042109755	0.694586715639654
100001208	0.431924673957328	0.240891562472143	0.241358512674265	0.978669054235472
503	0.0131951298658694	0.0153494734800436	0.176681174191291	0.529005899874612
100006375	0.142748246305077	0.616937172315509	0.302233797053552	0.6658526824768
100001295	0.783913065536434	0.742722771836337	0.274667599010086	0.746652055795626
100020427	0.0492504640123118	0.0235994816069935	0.280131133318201	0.370375845612768
100002784	0.487402242320993	0.353233235213981	0.238878449099421	0.752390796866768
917	0.0554422961471463	0.196949301770809	0.307064087027963	0.634416385425043
1869	0.375357827779551	0.202844909437168	0.304700164248696	0.56420318739021
240	0.242510737997686	0.107578628322496	0.178197488281432	0.488525016179147
798	0.00523362850386423	0.0939615665402654	0.411013120914299	0.61725991543117
100002952	0.25916623141868	0.484666794687126	0.280391614347129	0.765134362502228
98	0.653709858225156	0.906776066062299	0.290684275489649	0.688152262664567
100008998	0.325740901543643	0.382077140198733	0.222643995629445	0.754472231384608
477	0.878911954401752	0.284530208791863	0.285933644151142	0.68079296155188
100020545	0.0855377601869319	0.137624139688026	0.316304807382998	0.862052279310149
100021666	0.977806201491519	0.23390200241853	0.31938790516611	0.677215133730089
1256	0.528981759413501	0.696651987958303	0.324422686405735	0.721577802250744
533	0.336970613457212	0.0838574107324535	0.197942854749145	0.446011621559541
100001757	0.444717585540191	0.920411493914238	0.286182290525894	0.681681125314485
1024	0.329759580932812	0.104569321590868	0.187185486786131	0.863120070910506
267	0.450357443699571	0.97841142069186	0.279289708691723	0.686861433849865
100002113	0.101056883254988	0.0787859211773094	0.26869226759904	0.71573580403742
100001756	0.85509068596389	0.713874286884734	0.290832379849544	0.707399598715632
100001193	0.499770824456634	0.235631632073171	0.334992737045478	0.641879827700418
100001668	0.695433192801032	0.982581841782326	0.281286378672492	0.685243795829623
1124	0.319407186176193	0.294307084523884	0.247115972208148	0.781449228595569
100021331	0.175939978852383	0.342339254527266	0.25531637758045	0.735432932540544
1090	0.0396982900858562	0.0124406326592084	0.267346952081039	0.869898758229349
566	0.889841223913344	0.242948554289697	0.195213052336132	0.695569095331786
100003119	0.474525021196171	0.293998650321042	0.309427767086283	0.625577333396193
100006367	0.759311870471263	0.564514401523982	0.290064074709986	0.664970045467199
100004322	0.215201693074049	0.233863533320098	0.283798873683384	0.777140406131548
100001034	0.684595387404635	0.810416497087531	0.276428869311061	0.67616093545303
112	0.92364399787189	0.937061222494304	0.281318491392963	0.68107197799797
507	0.705568266109883	0.703735263420619	0.277475586191501	0.695951161533042
100009233	0.294394192377668	0.153870907171134	0.255986703967338	0.7069995515186
100000406	0.0216593532384494	0.205550563544309	0.41906747903166	0.516615765560888
100004046	0.364226400135736	0.376882285292788	0.173908967618798	0.613027957232933
1025	0.753669451597502	0.673523063298247	0.268931967393559	0.705503571567679
100001106	0.183117740679635	0.195930157754766	0.233102914584434	0.717149861672116
1128	0.0302269305792409	0.649199570222113	0.305775837943353	0.723348802382984
561	0.0373400536669043	0.114275348539272	0.182685989956246	0.591265918746625
100001614	0.870665610505717	0.370201266569058	0.293592524492146	0.661416257580386
100000961	0.829088172419024	0.95062160249141	0.311527417236146	0.682294865760142
100002397	0.895635048687301	0.625719884537179	0.28131734489882	0.620893518768335
100009407	0.974119521719389	0.987461465157334	0.281813655780678	0.688171570133265
100002910	0.808021656554688	0.77842121106546	0.267304651353379	0.652770439986103
100005946	0.271198102178483	0.372161760585906	0.317894753235805	0.781530467844823
100019794	0.0941478983338132	0.286471761930363	0.278627607710938	0.84897868167454
100015759	0.306159610110755	0.0790420347814459	0.233946575372248	0.694923845018178
100020417	0.713973636242338	0.602342462909573	0.267912957764015	0.65735255830761
100001054	0.731486026358221	0.934540283156263	0.284240384543894	0.685961620716185
100001437	0.312367747392412	0.325630251171266	0.234484843425998	0.612056278449437
504	0.249327620175199	0.725872430037627	0.32545147430979	0.694231201255455
100001988	0.465501531141806	0.659150865100738	0.274367652813625	0.83700423075388
1082	0.02662123845385	0.570647212319614	0.312855974610195	0.719240117812033
100001403	0.321288743941047	0.365959316322472	0.312805053238912	0.664286058507829
100001664	0.986490203331415	0.639374748282791	0.267406940068478	0.825886786432243
461	0.284396273500135	0.237050217584581	0.434894272127243	0.662292676573163
100000463	0.691082051348346	0.998460775718126	0.284239053071968	0.685596500912119
100020208	0.590050418800838	0.575847011236783	0.313947075073402	0.586676835650571
381	0.513842637611802	0.0535249678264856	0.120728327579569	0.509666484489835
100010901	0.0901074384091268	0.0852318744568368	0.275550274157984	0.80216133614015
100001468	0.303370725866972	0.840735693997227	0.288619214780202	0.661041298825564
100000840	0.999503673755947	0.715229703472704	0.254007600264384	0.717032621218184
100020014	0.242685217601618	0.604210137698947	0.274762894181215	0.699564931172947
100001993	0.784478446758098	0.620890190314889	0.236098199405288	0.834322936201603
100001051	0.0941439100613162	0.013968713929435	0.312055023150033	0.351995202082421
100006116	0.381825042905621	0.508610904390043	0.284002470033651	0.687181101008966
1108	0.945201016132311	0.980518755803568	0.280166328262086	0.689135526741093
100019966	0.366244334793586	0.13356551026389	0.332900248054594	0.657177924090143
100001743	0.578982397401268	0.324596994925733	0.271321040233147	0.665611363024294
100001294	0.115783594884994	0.166953052491158	0.193784481790768	0.752792362067479
100001609	0.245730715987059	0.083583145621449	0.260377681801918	0.789946998074498
418	0.823322214287643	0.871018014832285	0.277661025256778	0.704402529412822
100001178	0.368975869803742	0.869874033097622	0.276618285002438	0.669649765860204
189	0.967683082701592	0.56050030938843	0.244786225236805	0.63880252858848
563	0.507205966097498	0.794756466668094	0.295512297622429	0.670461267033228
424	0.609779727440383	0.455514978531638	0.309750510782761	0.669788075039404
100000776	0.117620656960206	0.269081447619258	0.327804870249055	0.686932435023547
1001	0.968054073049951	0.543571516127284	0.284757337947808	0.68930133737232
1135	0.319641676313419	0.0895882103009212	0.272525641487165	0.743155961260391
100021093	0.356265648625824	0.490297728927571	0.322033204832121	0.710979703762644
100020219	0.123728503978391	0.241631547289013	0.289443191463317	0.583283889198823
194	0.462813277359459	0.825400389101324	0.288883651191467	0.657037689679213
100008930	0.726835810743095	0.639038518949427	0.301474720213313	0.66847539750645
340	0.633384829047557	0.251269804814953	0.176775576777162	0.767917996981255
100010896	0.981433363279094	0.63275115207042	0.256470820321083	0.695437505987003
100000787	0.215269900878345	0.112793560496249	0.276830619241045	0.399618548214817
100000639	0.0305087033956303	0.219164093332053	0.254420858908329	0.689027184626702
100001851	0.947954261028502	0.226954332275856	0.31607849183776	0.446892173091306
179	0.582218011794112	0.583164919139852	0.274989504195096	0.700226952942846
100000626	0.414457913065239	0.784423125526129	0.290417950610267	0.685092387879038
100001605	0.00952974272943944	0.0806792706456536	0.3522856222828	0.792368465523725
330	0.248066441402346	0.424927485896079	0.311378976324457	0.553764886364197
100001162	0.761560643650516	0.572943361698775	0.250666174785873	0.650145042598026
100001167	0.0419111604224456	0.233443389525795	0.278136577344798	0.665606299197777
100002067	0.5686408860087	0.778535206394074	0.360988052966555	0.626032573787853
100019968	0.642822906107146	0.365306381288282	0.31411521073767	0.618629709321629
100002014	0.946322096906475	0.968568702113773	0.279238997566452	0.71562502305777
100004083	0.444133713014249	0.130424459293655	0.307803088641616	0.553892125584719
100001315	0.307354000857046	0.391854687742802	0.294693991045643	0.751990074550046
535	0.212764105687393	0.474412800683872	0.305392980410341	0.679161175068868
93	0.380945368812375	0.194760260509905	0.325451754335983	0.50067061421145
100001989	0.36573050138224	0.645710442586337	0.260257014620204	0.725131648517814
100001740	0.756984111035784	0.396621771752944	0.253568559006247	0.707796621647098
482	0.190606348318533	0.889785543665088	0.281032391103427	0.673004528867193
1629	0.257622653373128	0.415144726677182	0.339699390231488	0.658350740147775
100001399	0.485057714458514	0.423507449867696	0.293088522494974	0.687200475033097
376	0.772956000073393	0.119994608169911	0.162632606724255	0.80887728131171
342	0.585389781128479	0.572124229533829	0.276732711496602	0.686054271434466
100001253	0.0251504585027784	0.172520070912067	0.233530849135413	0.906413012054047
100000708	0.614691900400467	0.760047201191659	0.298520243830471	0.694742102070769
244	0.189377393988416	0.0471745479354292	0.233291100218926	0.804727412552959
100006726	0.412171061363878	0.279253585944903	0.328956132420246	0.670325648776862
100000036	0.181570446172005	0.579111622733539	0.254632752613687	0.732783386149208
100001257	0.0225123568842845	0.0816462214766234	0.378997220860688	0.964337660168176
100000445	0.627729325691059	0.619242689005761	0.306291928604984	0.643129192399119
100004088	0.00377347378951376	0.104023858566567	0.328141836711529	0.76341088643752
100001423	0.997702137199252	0.753334612608256	0.284472207756709	0.657997401467914
100001276	0.325479262270814	0.208696527886318	0.251250282048345	0.588903524225126
100001876	0.775071194095364	0.918438812720943	0.277307540374984	0.688237638477401
100009082	0.631310604144504	0.0399546111798818	0.126353145633311	0.668974749907543
100001121	0.3314164423781	0.703136991127138	0.275268244251038	0.680842909307575
117	0.320769426138466	0.63762570185958	0.263150168589286	0.705758262559085
100001868	0.0350724517363987	0.103998845787666	0.332124892714307	0.695543869925753
1134	0.67888443715456	0.294220510547019	0.189025028402412	0.658043619273406
100021012	0.253668848484764	0.468614134378592	0.286447134490685	0.712422142332435
100001181	0.786917141151745	0.270284023926952	0.342051649372019	0.621233371783673
100021467	0.714752152761695	0.270360628802068	0.286112412612803	0.589121713617913
100000447	0.231391481103708	0.243227149789814	0.326820184176438	0.646753007036285
1162	0.000470042480435331	0.0130247556940093	0.375709571333951	0.577274804074197
100019982	0.467005036586423	0.514568942729453	0.291346881289069	0.669937941344137
100001613	0.998843830837113	0.452765510916227	0.295150508409251	0.653939681500665
100006644	0.395406472842801	0.646784826447153	0.263566943351059	0.709881576539132
100000096	0.566294645651969	0.0228838780213649	0.18630935615102	0.645590303087424
926	0.513111900078202	0.657866260356426	0.286088076374272	0.689840132139728
100020004	0.877552618045765	0.566857313328046	0.29654512438919	0.689336924893801
363	0.187234509905606	0.0491112859512018	0.262860318582572	0.274177848331227
1111	0.408691623392532	0.908840432579503	0.29370444661731	0.6809667954163
100021712	0.681853910791303	0.784254295209952	0.278915045011582	0.671012687047949
460	0.848124028874388	0.708421532389147	0.288758343736017	0.723933988436209
100009331	0.318239058274186	0.171491588042728	0.249280595235255	0.719073251961226
100000442	0.247183261128926	0.679830325293243	0.303155659478446	0.705014417436695
100002945	0.0857055886077255	0.0132118876171033	0.36928753263899	0.643158455647518
192	0.817322993113927	0.899149577668971	0.307011373825386	0.671758201070564
100020241	0.450270443655734	0.905377491425019	0.28169465204097	0.687062835621202
100000580	0.124963974076759	0.122351141289214	0.239716328638913	0.924941649682611
100002466	0.00595275644847364	0.0157985379031794	0.217155773361218	0.436068302577081
849	0.709385337034753	0.601767611128337	0.283131959308931	0.638614323699331
501	0.501771333710119	0.379405692959198	0.313256843486581	0.639828447862872
100000282	0.679763638934868	0.128649595741689	0.360036759703127	0.57886409913307
100001577	0.030875238651037	0.198656461551653	0.376516416249796	0.749577122120652
355	0.0934923575195295	0.317413831281837	0.238572203906538	0.588023738303466
100000841	0.782025612915186	0.994185365671373	0.296972245568248	0.691469437913075
100000846	0.816640719706522	0.33751275229158	0.26950136498088	0.679951135216116
100004295	0.874306125159223	0.371151685243793	0.258203111587144	0.631161434709081
100001586	0.109393615189545	0.0566983188020528	0.405152903800691	0.352149829298092
407	0.0127563366299011	0.0371244266339813	0.320109237297115	0.745349301986493
1137	0.839296702235532	0.745180284462464	0.270343631523103	0.721703958303259
100021374	0.0342614711478804	0.0118633272676515	0.207238201075633	0.889261948664206
100001593	0.669893739543733	0.891271310684495	0.277970909843594	0.69003082170015
100015971	0.76467623237473	0.757139162274987	0.273176949622912	0.684741103415221
100001022	0.337814350470719	0.144842083307576	0.161204792079941	0.990043132610323
1094	0.0602698029452006	0.251372898669786	0.434853497225612	0.901343312778134
100002122	0.256976647705412	0.238128315832421	0.22705132505445	0.795200910068529
100000706	0.586615486327332	0.60222158700622	0.245462443400939	0.686505351696347
100001055	0.792978226346617	0.394044159399548	0.256392540946507	0.619893422965844
1235	0.49289579038236	0.786529090667972	0.270295323295704	0.709168371338176
100020204	0.0886606648248606	0.490711541495401	0.302579748350834	0.735788771598935
100015643	0.0331819650578578	0.301896055103503	0.307463058059015	0.636463363059093
313	0.0196302826970692	0.249091451764296	0.297548802952153	0.619012501304396
100001413	0.82469876976408	0.919893425083949	0.279537759655554	0.679071479320403
100020423	0.0184580224411331	0.0152059369251227	0.315840643149713	0.353584741507767
892	0.453471785408354	0.130633910372061	0.308654974744607	0.715676226035419
212	0.0582994039182886	0.13425566856054	0.385357629032583	0.648232546910845
100006105	0.193908558239976	0.185482458853379	0.318584491215785	0.699820695308702
437	0.793769962621158	0.572525602342812	0.260451947825586	0.701129079135935
100019892	0.455657729934425	0.790954475710982	0.278963052495006	0.70676831261852
100005716	0.0764529045610226	0.11572400054486	0.306692879605141	0.759434018426211
537	0.227432610080353	0.138979586509949	0.293594619474771	0.704717337225105
100001990	0.282861283386306	0.593332084024207	0.321572288640768	0.635194892348599
100003397	0.0394799814939597	0.00581930983729528	0.212709519247422	0.457901452438986
100001320	0.117129284241605	0.236566323005167	0.364620169935035	0.448266332924029
100005717	0.123124356151751	0.0774346598704964	0.334733901148832	0.714003605342097
100001207	0.0301695842873288	0.184923386876277	0.311070584154339	0.703213127261937
100001999	0.532074026878187	0.826388162813412	0.271581161292533	0.776474519570966
100002488	0.220679846550403	0.0159902219631012	0.339605987434292	0.622880096464877
62	0.205162997049151	0.701652662133759	0.270814199544595	0.69320947973668
100000467	0.606755853775462	0.45577409146741	0.267427894168786	0.661129497596777
297	0.00525893342792684	0.140812157950521	0.287007089370318	0.651465211888438
100000285	0.0303788885241109	0.435232596584637	0.280043841286912	0.77540946030306
100006056	0.0593465191454086	0.363044346580962	0.289744585474038	0.737828858968168
100002126	0.128785014228499	0.257280215916216	0.217063505795709	0.990364291433997
100002129	0.775556491775275	0.797879079942973	0.268316600592438	0.783245484626237
100020478	0.0284278031907444	0.184246087242951	0.254829566096987	0.71274674068342
100004089	0.0629465705126029	0.538611292751603	0.296780568227366	0.642978268817086
100001755	0.51910139087908	0.553608293799285	0.282821107929879	0.637699614920407
100000551	0.0313168675730016	0.974052562993186	0.283852140388525	0.689351484016445
100003260	0.469324304291671	0.289211709656722	0.320358552028771	0.763213771298273
100010955	0.848260002470553	0.417843351822876	0.227017683743336	0.583990815191667
100020851	0.204414057537253	0.414410006162031	0.30367899723528	0.711324813590062
100016069	0.67367458107521	0.86327767419509	0.282084548315822	0.677900742397654
100002027	0.484378551683913	0.542424014587102	0.217064191842418	0.800434859074272
1123	0.379088030466794	0.187621478382524	0.270554119120461	0.811029640898992
100001150	0.729213533610175	0.992818463778258	0.285836371437094	0.685635671183867
100001657	0.296606652106758	0.635783920937711	0.281219932632203	0.66718378797232
310	0.254495325866772	0.343561386029123	0.244983675971183	0.792767575208859
100001314	0.349627335813155	0.122370029388504	0.26296350123395	0.566515192289816
452	0.710497906355763	0.641888501308779	0.312590386294103	0.659831442655728
144	0.0927113267295041	0.0615249249765232	0.350309341955214	0.544677540751749
100001182	0.205440573836853	0.140513394532905	0.344455992450469	0.671368900106976
100015965	0.747187148170737	0.48195471070703	0.266972005588276	0.755704058299777
100006108	0.961746674815535	0.487178324395353	0.286889720136211	0.72462332171584
100001400	0.732850991003605	0.698087641561114	0.268743864364113	0.676991762598597
100004541	0.321706922535065	0.270253729065729	0.271032492255056	0.46843573268222
932	0.83400917468768	0.338516011270981	0.287064222156237	0.717566424788869
100001992	0.381844343407295	0.544527635336526	0.437741847964621	0.56390425773159
100009252	0.124623999491059	0.180757419372996	0.343365904707906	0.663243475516392
100021104	0.651463441181778	0.58165607269923	0.232565396017133	0.817491893085285
100015838	0.00879452873183639	0.0299615504343871	0.412009868199997	0.949586133329949
250	0.000988997857459905	0.0258010781813973	0.511182127995746	0.777677627531856
100002537	0.880578252420696	0.675750399127508	0.267203328325538	0.755104386042923
100001658	0.815590680797696	0.671497037860544	0.304286410477298	0.672810757579558
100020416	0.23134422707551	0.235771159398301	0.242472095522149	0.651634971726877
100006642	0.237618395205826	0.797651362578069	0.271616130788185	0.704432154447378
100001391	0.0937527533756191	0.312145364085259	0.359947324440569	0.805676802632696
825	0.609897236663354	0.631600807765521	0.248743315842633	0.697312941778854
215	0.0176690631272891	0.096709084532807	0.33636660457757	0.665064506034133
100001026	0.999930164441827	0.881997555583653	0.277547842683768	0.722081309390518
100020541	0.408742813006729	0.420323886344354	0.242178677000194	0.728177491061988
100001526	0.214912465834732	0.258766428157634	0.424527652016669	0.808832388676577
100005384	0.485584782915791	0.356796378046239	0.261244176742513	0.596568584682211
100020378	0.269917103170363	0.642587113141566	0.267629935825574	0.692211523028081
100006115	0.977177566368122	0.378411531521769	0.372946531509492	0.570226780497493
1442	0.209973733121076	0.0435820461325204	0.121053034038784	0.56828352527709
100001843	0.145675154389421	0.198180107176216	0.30127006755068	0.779271331744481
100015837	0.121982582511084	0.188808600313262	0.533029681604531	0.624508802189703
100010834	0.701239493777353	0.923411209766958	0.280758991128338	0.679619664121609
100001393	0.590134938983989	0.428939771626951	0.225562497693013	0.723411085311964
100000015	0.318060488769077	0.536702889431952	0.2602344619275	0.708281174045686
100003892	0.0509502401174681	0.0571817929152154	0.241464076994953	0.942077777524629
100000042	0.190234769931454	0.0276967633677178	0.302816311994408	0.593327042783728
100020550	0.577597028930327	0.206175214270407	0.307286843690025	0.577063648382832
182	0.449305267167938	0.381656058421372	0.2715168880893	0.704761683419529
100015723	0.132795121800659	0.426229902607395	0.286239698576992	0.665164705015935
100020343	0.355698451530077	0.411176323634549	0.250815833585361	0.686950050488959
512	0.343455696691447	0.601386654862315	0.309968003813963	0.655087652012461
100021100	0.758293341884321	0.678159427974032	0.267501444209206	0.690597186625055
100002528	0.309510614174717	0.0632727429697798	0.352357765673645	0.448122571252914
100001287	0.457180860695674	0.75442666058239	0.377157289138725	0.632889244156535
100001229	0.68100203032431	0.927715929355576	0.285416614048341	0.679761573702499
181	0.383732446698466	0.864605412236421	0.275687225522813	0.706436879843072
100015831	0.00112880310747437	0.0125755005632928	0.389724176862306	0.459841475427328
100020515	0.340339976922479	0.495475966734096	0.235035883654193	0.823427526956132
327	0.191297575144186	0.182099064026321	0.349993968977593	0.633270463153706
100009394	0.611044333695213	0.668285231305323	0.259816594539803	0.722578225560742
100001596	0.93721216015577	0.282147597032272	0.258612759885106	0.5294393058451
207	0.773333013690027	0.354676722444672	0.301635319933185	0.629982209680772
2054	0.509703795840827	0.795686572261602	0.270671789149321	0.701979049289698
100020259	0.626663973093341	0.48328333932049	0.30927048674958	0.669797719533917
100020414	0.00240078018968174	0.0279711732361329	0.191263179227765	0.670300977633249
100021131	0.799430572212006	0.322183874704974	0.26718411986377	0.651581750135424
100004499	0.877979165785407	0.691139062929227	0.273504309130799	0.651472812867008
880	0.164678169182708	0.796301664090385	0.303736838276392	0.680304920066613
100002049	0.520370498872971	0.32604593214224	0.310315567876236	0.636547156434943
100001739	0.588116204295424	0.296824510933497	0.344429812368201	0.652776967002036
100001126	0.420463288025555	0.150435344699294	0.185110946076936	0.566981752558438
1113	0.582494142153759	0.673163335388343	0.305333313357895	0.630628131554198
1083	0.970199181277894	0.282176953748693	0.31253881059268	0.586997996140047
100001730	0.0800152987372577	0.195422088064205	0.32711732234892	0.562667344279625
100001412	0.604532386311298	0.93272405204379	0.283559408159654	0.680194634382458
100005996	0.712440252499549	0.604194914228287	0.270760922906654	0.658661363280916
100015962	0.00704699799907642	0.0958401633845044	0.215221870104176	0.97845218941632
100020214	0.712094605504014	0.430805258413593	0.294160548943205	0.61138838397132
100002514	0.118377570519745	0.334407638756713	0.29301110105108	0.622823956202859
564	0.21064148914187	0.0683607672855245	0.248493065263943	0.570027339408378
572	0.0234130593579324	0.01825905216702	0.415952151888589	0.546741263964013
231	0.983147036563116	0.69873975578023	0.262036991443889	0.69656543438711
100000453	0.912161042040978	0.787469654561982	0.271726813725366	0.71273967801662
100001007	0.118066044309399	0.281736277838161	0.33690277876618	0.567435459500634
923	0.614716537100821	0.324352262981246	0.265516521836337	0.741116793401675
100001247	0.409393911517471	0.464202236083523	0.263161740831849	0.665259295651147
100000774	0.558553008473309	0.863376175315996	0.293271908774136	0.70424711880123
800	0.356256676848035	0.337862955721643	0.297982998681176	0.742962310277161
100021678	0.210102112246841	0.244520713263778	0.221921109388088	0.676292949118878
100021711	0.430356816947181	0.854968726835821	0.294916895411267	0.692513719060157
100001274	0.760827757711464	0.36338559386886	0.27256646707249	0.518977393478603
100021220	0.124665657396103	0.127022047015585	0.349708767317055	0.961541357066504
100020253	0.374221108020734	0.881633563057322	0.277713578075963	0.694533301834699
100001170	0.746674781990611	0.15008547541856	0.259053698691823	0.581705841008126
100001466	0.233761694106354	0.754840018086214	0.2923016629514	0.676692426686297
100009406	0.696878250528114	0.627569712255022	0.268214430322458	0.704081979252091
1026	0.19878411299351	0.472516797388642	0.298604103827842	0.652472891566814
100020837	0.726334804002957	0.391169964061365	0.321210903977181	0.589214905455319
100001006	0.0701768190619248	0.0773385136392736	0.264850539048482	0.817016750857287
100003674	0.746402068081924	0.109640473065035	0.278704532646268	0.675916274208519
100004396	0.290192657521497	0.316912924810359	0.330808632992983	0.558032207936759
100015923	0.525838880875798	0.993545671269874	0.291802214598744	0.686524936266463
100000265	0.424080973746316	0.588341687913593	0.288409199190173	0.645733051010606
100001409	0.0706585720114959	0.0786921541268352	0.273205490276178	0.511232200728415
100003434	0.412376434959931	0.498414519722448	0.287016176576124	0.605890822922283
100001334	0.588979256295531	0.0567738746124363	0.35887227591735	0.554337991365745
100001102	0.709630710851366	0.750730654958262	0.290313456684099	0.664819517060784
1268	0.598060449587699	0.0567241849619419	0.172376782222118	0.638270823069956
100001300	0.234022338625831	0.0804220559580421	0.24158203201079	0.698376443819178
100021324	0.243872967268444	0.706156020363481	0.362716869778642	0.674722605346602
100001617	0.113432433934113	0.106035084134331	0.270319653643755	0.729382929991577
1105	0.960397582711148	0.182473023644829	0.377498960859925	0.389562325670014
100021502	0.0511710783605603	0.220371559778542	0.273549222679706	0.713350391896365
2051	0.836648037704948	0.578493078135351	0.28392679323031	0.581968393535208
100001256	0.150177044104136	0.530025919235452	0.309832971862618	0.815887573784016
100005466	0.0519726458171831	0.0603042778780999	0.332184203925438	0.457458472134124
100002199	0.127968332645899	0.742213356999534	0.289188165242539	0.703666516361931
338	0.0155962577467963	0.0493510125921586	0.460744130783069	0.44429309804702
100004243	0.411949603168848	0.456182998570165	0.25527667198048	0.701046981283955
799	0.4540936310622	0.921768958002311	0.284634525794989	0.683372048074544
100008928	0.560515849925271	0.076578584967484	0.273673090746274	0.686884351026088
815	0.0667877579197443	0.177943565700029	0.283762911457249	0.778076475661097
100001456	0.00487631267880869	0.0665227311692726	0.275748199859204	0.597917514939206
1242	0.071785970803761	0.0672246818573484	0.350360745525792	0.473197437203464
100001416	0.286223654390553	0.104769703917714	0.193931029625655	0.430215879043738
100001462	0.378403981648134	0.358508180190119	0.33420924456552	0.641959212359161
1087	0.196475901001216	0.039560524881024	0.290496839911364	0.651912825982085
100020421	0.0714344997424172	0.115886858614211	0.325890467528865	0.449376369829658
100000010	0.0040543751244862	0.0446836911234581	0.288822463284282	0.750813021935073
821	0.5225953545582	0.362474338076545	0.314432515372426	0.53312992304774
100006627	0.260270864876478	0.135390334776459	0.391306822673766	0.584920572297427
100001277	0.35624569827148	0.148240320681851	0.329161906455648	0.64497845486798
100021141	0.0375680466547163	0.163212577885371	0.317354495791354	0.791565393437681
100021105	0.171239730970852	0.24224637666861	0.296226216514053	0.492153079183991
100001950	0.000358063913340644	0.00710665285865755	0.355313008506323	0.856870009810462
100020217	0.87686740745158	0.26701303593974	0.196965141225759	0.505979470432117
100006651	0.0191240202514799	0.0993190891156382	0.328672844402815	0.408869009407054
881	0.957915727631112	0.429671163496003	0.266994687710038	0.695304008652196
100001509	0.652394695974292	0.127866161727181	0.250389325751782	0.597619267723125
100021709	0.570693486654877	0.791586776348894	0.272917107854216	0.692335197695425
100001635	0.304397916270791	0.0368480467600894	0.310724078918845	0.628885360462639
100002613	0.452967074295692	0.11538698974811	0.258818787841485	0.775296937841344
100009329	0.545370676833569	0.613562947569689	0.241387823788772	0.851920893416461
100021123	0.856089212015601	0.578607539994886	0.293309184210741	0.593404340908139
100015760	0.239107162102599	0.135798499016757	0.227441872464549	0.726396291007406
100020205	0.419616506427225	0.536930989098183	0.318992897142408	0.554321966333639
100000765	0.558784543075429	0.646195939517515	0.276772812534102	0.654134183038654
100004111	0.336194219778315	0.169266532273157	0.306903184889815	0.660678473222834
100001615	0.197763829227469	0.760013101246193	0.279132090955677	0.68418196987926
100009227	0.209231802520828	0.119749586573686	0.39099287301071	0.821154472036317
100006191	0.356857665983458	0.503190980099358	0.311555545261078	0.625259064951342
100004542	0.438279254377799	0.340092022062639	0.299515051577325	0.730418546347899
100003686	0.305923030018577	0.121986755944404	0.394731727178467	0.620858825382492
100009232	0.0271561518788129	0.22144573065489	0.277501809410225	0.595629714675742
100001501	0.044449697983392	0.0870989582995705	0.367859318470798	0.725547699362163
100002367	0.517600804497236	0.273988643805297	0.2653285450401	0.543294250399998
100001108	0.340617186206992	0.665495631733152	0.27651703970053	0.67495674355432
100004227	0.69001073073858	0.902832910869432	0.280021272781311	0.677730179704076
100001310	0.183439630361902	0.321014929681096	0.271804177567943	0.783015445663959
100001994	0.834410865099836	0.909845268638515	0.2959152374887	0.747995324698193
100015839	0.0110743618390872	0.00993481471388063	0.380440401120967	0.774140762918152
100003271	0.00543806456965304	0.0860098585281468	0.3680427260064	0.490983131452085
100020496	0.843401992024392	0.920090946978439	0.278262782757557	0.694423161599197
302	0.706689721927953	0.440327216485343	0.247250322962737	0.65647959862813
811	0.747043679193287	0.704483832722602	0.272577659058048	0.725746414521506
100001267	0.984849801349937	0.711129591878579	0.258612344979009	0.681460986604699
100001197	0.0253404947663171	0.392658913431173	0.318705677561269	0.689526517123283
432	0.20995870397235	0.463407446695301	0.301383887107402	0.66337954907991
444	0.0122163796870487	0.0739583978483547	0.317119658080265	0.802815216115163
100015968	0.342434551070981	0.370601819349126	0.277032258464268	0.610708025677607
828	0.869641403088388	0.944894490970595	0.278467445515084	0.688223897576741
100004054	0.238805810790281	0.804715232026209	0.282610056854153	0.692092816706784
100004635	0.0899756195890909	0.139079631307765	0.658615143206876	0.412547158632766
100000491	0.427171540340618	0.528671838639746	0.274655393364247	0.577548869315763
100000939	0.046092757070364	0.0350955091873599	0.299828579870382	0.577945221765085
241	0.216422153540587	0.609614868299077	0.295576077450332	0.708811524827735
136	0.359654992504094	0.0648000795024149	0.246064441119493	0.869503340406024
100000792	0.586258841767934	0.980564533298419	0.28659696483646	0.729061057810674
100020973	0.576449933700108	0.636906183991904	0.295458188592403	0.662846687891895
100000936	0.757023195184355	0.84300932428799	0.27874891540249	0.688081541780815
100001313	0.00678210445289682	0.133330228587444	0.291536617557148	0.746134068077686
100001951	0.0430470830773261	0.074652188790388	0.314366042578383	0.681432469327598
100006098	0.017180045432689	0.0853250318904996	0.307528349069929	0.810811624732406
100000007	0.22795650099694	0.51286501565594	0.287545967580116	0.693216779980419
100006641	0.897973159266882	0.846874725214136	0.301954169375933	0.687891513887942
913	0.0111208162340897	0.066131118032629	0.351492956754223	0.54837059503961
100001579	0.820301428478436	0.441426750997614	0.308341740769538	0.685082405740611
100002911	0.145042711601055	0.0109569955687395	0.371602895061064	0.639861394062238
100001293	0.279753121873294	0.435627062658928	0.248424185696467	0.810722217203326
100002241	0.197609334416184	0.489411521918437	0.297808814486858	0.65060749743598
100003179	0.387905546370561	0.0701260547513569	0.272721213245694	0.528250253858684
100021372	0.326581965452006	0.226963580278354	0.210849842124435	0.687431420321925
100001956	0.336465633060565	0.557820219783173	0.283584021451375	0.607428744119945
100021162	0.230264328989203	0.22405043796985	0.270266081223106	0.527888976468831
100002259	0.313400598652762	0.515282366197799	0.253401756717236	0.675238179925932
252	0.441501600767141	0.641359568837429	0.318505359428634	0.636697647967375
100000707	0.445849513410348	0.332205091634381	0.278138054035826	0.690799784916833
1489	0.688079883373908	0.0208740449159918	0.210919821092883	0.661335642916756
100020361	0.0345176750487388	0.123749493414149	0.30483176274807	0.947823743989189
55	0.773423519571149	0.971582560095812	0.289628769710037	0.684234380287015
100000863	0.251434546032558	0.249475641953955	0.243421886457592	0.723597330959551
100015840	0.156602666103326	0.0730374486491798	0.384668089759127	0.641948503776938
100001541	0.150610592099734	0.0698699740548285	0.18297974605881	0.687750607288218
100006082	0.155938055691444	0.0566247348531089	0.356449156438742	0.689356833415998
1254	0.712038200708751	0.823820493994902	0.270963652047755	0.719147420519457
100001624	0.506612681912982	0.356468401067055	0.261183712344353	0.665471499938994
100015850	0.952037030919486	0.473698959489901	0.364598082506413	0.638277057222031
100001104	0.00321437528680462	0.0137066665380674	0.315261059044807	0.96557172386656
100000900	0.116382407316652	0.379945836213769	0.291298632333463	0.689609665143633
100000269	0.229199954594179	0.0843442079390204	0.171840943519835	0.643821019202619
1022	0.222862196923693	0.964690543366562	0.280666659893626	0.683762014741965
100005373	0.2034081427053	0.0740862628013238	0.2548033214999	0.711419115887961
100001129	0.128618244774043	0.726576767035221	0.270704446432204	0.714251961458496
935	0.011879683536063	0.132405595661995	0.368213992234378	0.546620247964061
100001262	0.149183295651996	0.16921660874334	0.290310273511634	0.717503064580761
100019978	0.306863574581131	0.609015400158411	0.273930658612511	0.671312039375541
100002293	0.714689927052229	0.734975885360518	0.284004736502579	0.687526646483793
100001426	0.178007702270947	0.213489286526813	0.286395358651745	0.504645629126587
234	0.0326203159588344	0.14056252589315	0.274620907758324	0.664418175212052
100005403	0.244131323286757	0.935163635518095	0.293799170322509	0.679819174522966
100001083	0.0376840685085216	0.287996234412835	0.304241131831553	0.714537456751865
439	0.710145527351202	0.313171025885162	0.300897046332575	0.680818217005803
100001086	0.342525707426692	0.407319981371984	0.291503302683663	0.76980053260407
100005864	0.737578714406778	0.447202929816346	0.255819334892492	0.755441970604706
491	0.498152507347109	0.880243321299041	0.2785581287881	0.68788470006347
100002029	0.450759412556896	0.489405856490004	0.279694130631298	0.555058307089555
100002154	0.810554500820123	0.435202734422558	0.24193160330129	0.666598237927465
891	0.508422556992004	0.203957879656363	0.312538931076992	0.654919542657269
100020261	0.357134132215488	0.373368935393604	0.34111601056456	0.658741277130371
100001296	0.521691962741578	0.517441153739242	0.284228542689177	0.587091457116093
2050	0.46150091704995	0.519375915093494	0.298843147643417	0.631982005451521
100002761	0.341879645641787	0.720940915243396	0.253458246453916	0.802461850154399
100006614	0.849336527591216	0.65592272420301	0.257501325556134	0.752932482668916
100001597	0.883825369262085	0.145788776429585	0.185475118148103	0.497043347718764
100020853	0.785004243426059	0.868948020282371	0.282652653212845	0.69575110637227
100001446	0.275928708542385	0.415200608820918	0.247288547407965	0.684101184786269
100003240	0.296697198227474	0.124327396209041	0.325296471560226	0.602066628716868
100001502	0.0335038289338479	0.315178700403845	0.329460589379813	0.755150319429028
100020866	0.093735967963219	0.00993001829359643	0.176913298087505	0.484653087767784
100020419	0.0307747983959934	0.0973552460831603	0.312738063804272	0.427962525008577
35	0.541827736289549	0.321161472180353	0.255970966468262	0.635832670254767
100003696	0.00921300911415109	0.0309932952797313	0.43917337973147	0.608943206808288
100016038	0.791267609539094	0.948969381664691	0.278182215126776	0.681639519453276
100009333	0.201523642907996	0.154441596503813	0.278271035615326	0.7170839042122
100001611	0.149600360550556	0.290193444200108	0.370653244365623	0.661559971973769
100005383	0.681164297782212	0.310561188867481	0.285329696847343	0.730571862746988
100009239	0.306490105334816	0.130562982301789	0.353384101980579	0.505072647172943
100009332	0.294196546900136	0.174722049933436	0.282136737626308	0.643199459016766
100001731	0.145406788910906	0.597858882079574	0.285602921845778	0.660539744171783
100003415	0.347535065375858	0.449306853872069	0.27527341515976	0.699276516014083
100020578	0.136451720914939	0.195451150466327	0.262284872634803	0.582490028437797
893	0.834694699517657	0.524604399691195	0.27785362670504	0.69712273404317
100000963	0.314679992293717	0.219392607357045	0.367696023665007	0.490217348861078
273	0.148151268821619	0.333727549560186	0.32410912121297	0.682412347328995
197	0.438090578061988	0.371244982864144	0.274406500047718	0.551222730341347
100000808	0.330271521613552	0.297616891362015	0.266447670524026	0.819720974055669
100002284	0.777260842903905	0.302275731333013	0.168684397497018	0.623472848243456
888	0.953101962182128	0.0885415594923886	0.307853503286631	0.665796153326477
100006435	0.523617825164666	0.297439851032218	0.209048685505052	0.985346658934908
100006374	0.195471199751646	0.54750953246302	0.286494312041954	0.67789973821643
100003169	0.546227220723324	0.950635870185296	0.277826993824213	0.683022805802003
1004	0.596912314130128	0.799701476841438	0.267962138685881	0.667210841089842
100005998	0.0951798237845088	0.919443146225458	0.294307786240281	0.691809069524729
100000773	0.66661282733513	0.555050648098663	0.285362367946483	0.668805782839206
100010850	0.0151825675268447	0.115352872206624	0.335874792525284	0.558040648281413
397	0.86960110903784	0.337888899443127	0.20478756646372	0.756223829008941
100000039	0.0689947697767366	0.210745698325034	0.224432065923193	0.746981241200811
100020833	0.708283341437842	0.8201777995337	0.286043548076335	0.716916863483158
1021	0.473656748268934	0.498621326547946	0.267683236088429	0.711354000971323
100020479	0.334583235385319	0.484663419061764	0.283146208724038	0.702985691600829
100001335	0.511421685921369	0.29970417676237	0.316968929719558	0.655675852533913
100000743	0.543880758237687	0.933964862351692	0.278906139012129	0.67950735789063
100009246	0.177588443987413	0.667116312852421	0.269683360135262	0.71604826551494
878	0.188774343770474	0.726268807114927	0.267198726695719	0.702365158545388
100021103	0.70486157086001	0.888763290835625	0.295598484068747	0.752887656630503
100021363	0.237055219238283	0.577443983155087	0.260941057363477	0.726417572359507
266	0.143202122385899	0.264648535475668	0.278124602699088	0.623797065682822
100001195	0.321263021838703	0.216382356671724	0.351905452762266	0.61785231713183
100019801	0.793041030379264	0.718169404788302	0.290874379065451	0.673682452994815
100002196	0.0331957567641032	0.222275534323335	0.294441435617639	0.698039817413917
100006370	0.238513655635865	0.966139506241776	0.278542133821535	0.687942454592771
100001510	0.0326976423924931	0.00436055376264653	0.231543800170103	0.789530369101632
100000437	0.553139098964774	0.470065961813986	0.266956647540081	0.752447319523564
100001767	0.139167783379622	0.0323049943658925	0.353608142635162	0.744267407077802
100001810	0.408178243277066	0.505399712008912	0.292315617594006	0.841440517913327
209	0.0335316095842142	0.349306022422711	0.321317279647386	0.670862118777291
100001485	0.22678683083659	0.0678999456066698	0.162960963927079	0.609253487023975
100002500	0.120667599437342	0.45431749500787	0.284658826763353	0.657005631753377
171	0.0308596988100066	0.0292406353471251	0.217395965475833	0.676937056176821
100020487	0.937145103129014	0.907740541681437	0.291829011510717	0.673890633144228
1206	0.00711691664429133	0.122372736078728	0.283722273130178	0.735538005501243
344	0.0096754290577183	0.0161623696868665	0.60380504804237	0.792857443174988
100001405	0.446746689006312	0.821953180000188	0.288840576229407	0.668708407951659
1239	0.999198244654616	0.533804164967845	0.310187477215299	0.688766927298236
391	0.0634325757025036	0.192089290521072	0.26302065661476	0.889790821692916
100006430	0.450246184500918	0.180566674131055	0.357670243654557	0.419304876568608
100001417	0.992393372853286	0.566692548715717	0.269730160988189	0.779726339847462
100002951	0.0497906014094815	0.428223195910005	0.274405192429731	0.600784299445817
100000014	0.422002333108711	0.575767871797118	0.271423991168797	0.72878732454804
100003926	0.544647608101203	0.414041769000228	0.303693179935117	0.66816467046527
100021538	0.496488845204836	0.350346328819875	0.330993385468369	0.595375832518996
132	0.310523851799843	0.917180640276996	0.281373771562876	0.685058652060244
100001425	0.566080057212783	0.507857095494791	0.352849191802104	0.618561176478165
100020262	0.589410406621902	0.576552554709668	0.303595085140666	0.671842430837419
100002679	0.282831809921646	0.475215086214323	0.252907420401141	0.811280607248842
100001270	0.713508074784848	0.574297080894454	0.286095132133352	0.663986072652313
1102	0.869010479379414	0.922245542302337	0.283268516578873	0.678035351125777
331	0.231768447687766	0.15689761645735	0.228641267726798	0.566289467678495
100006361	0.504461660874915	0.610762854098649	0.257616260730895	0.762047575284414
180	0.777791332928323	0.937798985648806	0.287649995862504	0.684143825813999
1053	0.29388167352645	0.408205341827662	0.429928735164082	0.760924048298748
100001359	0.679492202346549	0.962594763260519	0.287641354035397	0.685468619106986
