chemID	simpleLRM_Fstatistics	multiLRM(chem_sig)	multiLRM(sex_sig)	multiLRM(age_sig)
100021136	0.0300813972028046	0.324023251752834	0.306240791695774	0.763007285726852
100000882	0.876212714920222	0.557998637411773	0.287208299143726	0.657427184916059
409	0.0701018537086538	0.121462564454337	0.322357728376326	0.414967918308782
100002254	0.70740183689244	0.046615751998525	0.188598254952481	0.671223416166813
361	0.00846335355183521	0.123873325337805	0.201841439117937	0.662018931982289
100019975	0.558066681791688	0.675938167602919	0.275752563209947	0.709492436020555
100000257	0.000651770549671043	0.0200267180015321	0.2819268232696	0.618140422036839
100001232	0.945093235437567	0.755880145161798	0.296012658451998	0.673769382058858
100001948	0.392282250860162	0.448499983272355	0.294698652681393	0.570303009347678
100001073	0.602321403982194	0.673280603660358	0.341112378175799	0.617342425939396
100015637	0.902869329052206	0.492240537014364	0.290538538361543	0.686141393147847
100006360	0.622455862959988	0.684850059560249	0.25879795803422	0.758388075332111
1488	0.464407639219178	0.415800711798596	0.276121047829865	0.656403449368643
100002253	0.821491889529093	0.918731229136094	0.272595658322612	0.702520151901715
1023	0.981473933522144	0.798612203750818	0.272310316264935	0.679041134865542
100004284	0.68110745110735	0.805182288437371	0.269384627817833	0.698518560217331
100001251	0.732818216705175	0.797321986201639	0.281726893540053	0.698776143441934
362	0.696685525333521	0.516663777237322	0.249871667275127	0.686437706165785
100006620	0.862735888010451	0.623859621719252	0.274792411917694	0.707425668186426
111	0.385369801407507	0.194675463692311	0.236738311844659	0.660270511863541
100009045	0.664783026957128	0.29967379138121	0.229814613857093	0.838559536296011
100002927	0.729072175166949	0.871861495006941	0.270072669960085	0.708747004776408
100015641	0.855699985467652	0.908445038381869	0.28285009129575	0.684619915143667
1114	0.114174710745502	0.994479285987687	0.274682333328033	0.69060236666743
100020409	0.364017660017804	0.39686012021156	0.277670864281729	0.566955398860557
158	0.140564695241898	0.294149886779194	0.341227172396998	0.717585728336889
1224	0.0354433016912903	0.103893153829572	0.195582099191571	0.748166575693324
100001620	0.493826451083405	0.427310341705891	0.24084360708393	0.693826503365333
100020893	0.283907886108033	0.0596658846118105	0.252947258164293	0.412140275605554
100002458	0.744712204867269	0.559063938403906	0.318095501906897	0.632892240776504
100001112	0.864570278801495	0.855264355142105	0.271603264046876	0.677684772529518
100002953	0.414302362012816	0.853626072722246	0.272871010281069	0.698402721605243
1141	0.450326343282299	0.0825348723862776	0.352296489158439	0.521897924476849
100015834	0.47415112695223	0.93077393745345	0.273369431971767	0.686123324219527
100004561	0.601150780047704	0.854205380599975	0.277185498357035	0.687019129313883
100020497	0.795281967022949	0.743862283391482	0.26139890270972	0.714590895508028
498	0.0436477004015266	0.26376298751609	0.269362492736096	0.778956899345091
100006051	0.788861189087825	0.670682878305794	0.280218699568017	0.684975579846606
1668	0.651844714289582	0.526796647014893	0.269444696118592	0.631033686761971
100004523	0.398107923435673	0.803872198213019	0.284321109246137	0.666854383148161
100001604	0.233014380354813	0.499553953149824	0.269131120271833	0.740022027438741
100001002	0.160177098450435	0.480661856126119	0.287465727441405	0.677057890339636
100001987	0.0586624810994211	0.268959559685898	0.798195939426302	0.551806114527901
100002462	0.620233966905666	0.359023582032617	0.329403449068213	0.57476739029291
466	0.584411905444246	0.0645309848892063	0.30445136076638	0.664390511097309
100000665	0.908561408856308	0.406005845126861	0.309338898292114	0.63286438258699
445	0.950399393287542	0.419305200105893	0.30238555883449	0.744497873199783
2029	0.152470835866388	0.515258273374491	0.289682061279348	0.693813706045834
100006438	0.121562209969214	0.236967279364961	0.320173295606268	0.705167849970245
100001398	0.152283938161084	0.55188892296401	0.253949318780778	0.713032559764273
235	0.419760831200247	0.437353302225972	0.243732290436917	0.724720480289605
100000997	0.664427736884042	0.606750754031365	0.276532549085394	0.66228214197999
100002094	0.268734762183999	0.233783853351386	0.233343130207763	0.558800562476884
1052	0.611365383607927	0.892519434920838	0.271601795821807	0.71681127638733
100020823	0.327264585578609	0.589744937254617	0.256936197472512	0.680819833948317
100001806	0.273820325679083	0.616686888399415	0.320920681789329	0.701609197824101
100006092	0.790709342611568	0.837896632216007	0.280842071451068	0.676584220021882
100001415	0.0960547476163565	0.0552741787651466	0.27518212888569	0.391202974937235
100000008	0.0381891925669866	0.0634997666493168	0.309711608897705	0.518448218844166
565	0.00711692036876183	0.0472211443664312	0.267750608743292	0.775793123372619
100015851	0.174609213278305	0.279646653213298	0.34562870151551	0.801035750559076
100001866	0.52664744633991	0.875852104515849	0.291283550816138	0.673839053199033
100020546	0.00241085472179574	0.0273876347646036	0.493755325067719	0.8967482691297
100016110	0.56372301726285	0.427011893857011	0.224989191684524	0.788150620551898
100001254	0.00315070289501198	0.014191626544673	0.345326874604554	0.911644713298968
100006260	0.402540611614625	0.849582115028224	0.278703418430074	0.687533877609068
826	0.668463218077333	0.861075746984335	0.274806297066352	0.686115706690117
100001872	0.446382704777886	0.814113510413446	0.276273391309945	0.689700460551657
100000263	0.335150703584792	0.360848334924942	0.345336681724642	0.681618194563564
100021198	0.807188425469949	0.0507471727959722	0.182146851936189	0.394176679802785
100015967	0.0353204978675747	0.0914791432077206	0.344932354649492	0.509113031072769
278	0.130951391434974	0.222876509389713	0.255396426402058	0.99835059799133
519	0.688903056001935	0.269282594311382	0.329457772757013	0.624084057304726
100009337	0.107551537874157	0.325879923726137	0.369176791047838	0.677374181585308
100002185	0.372626996868682	0.859602986756403	0.268552671434115	0.676652093199408
100001278	0.344517099446538	0.214390318270468	0.338234308247069	0.64472659457735
100002103	0.832917211561001	0.612517822040545	0.274776555852848	0.641027711708848
980	0.753098874509147	0.402301129427393	0.30291663649802	0.673454787292348
100000016	0.847488915349468	0.412636207684971	0.272643774265332	0.662018561145043
100020372	0.182986830732011	0.50607868919119	0.270545629704475	0.632243557885938
100001662	0.70680996968717	0.106732808419077	0.0958315237552336	0.712201051261799
100019972	0.93459718351283	0.668508216797228	0.282646486245539	0.676970814034714
254	0.774046036278193	0.747377407919173	0.272245296832256	0.694090624949911
100002009	0.656903052846638	0.707883796815056	0.271589087097297	0.620099541562845
100010895	0.425890053466452	0.530991414508023	0.321202313953071	0.668664387301203
1140	0.941346663386946	0.916010017409766	0.272822978875809	0.682489000638282
100008951	0.62539971302426	0.529911445204412	0.291796959824527	0.653798999825314
1084	0.354821615728141	0.802488903294419	0.273283990025885	0.734994688647743
100002796	0.1347591527723	0.563426663704829	0.256338273989332	0.64904723370951
358	0.962239558220446	0.923882506785713	0.272440709712488	0.682148687118142
100002070	0.822203954010419	0.721096351486655	0.266150371861787	0.721863044173028
1628	0.351025024973099	0.104573757587128	0.339004547297491	0.67707666028206
823	0.763536539336172	0.659989027605563	0.251375339901872	0.732170803460648
100004414	0.46422989201639	0.0863422685705403	0.362710106547671	0.823279381242705
100006129	0.678976585706629	0.663849942277065	0.256498802795782	0.707857403165076
100002028	0.663005907815894	0.446821631315912	0.375124001677371	0.49582500933838
100021707	0.55616256724285	0.777878107729492	0.261525150376983	0.720291342121528
100000054	0.513106399265537	0.455383618893278	0.267027341144772	0.71557743228122
100010869	0.488392053786042	0.246129210951614	0.28419809860376	0.564138649184507
100004575	0.0273326486244908	0.098271984346333	0.35325211076867	0.978006881712444
100001212	0.991833433842623	0.67051418363687	0.278151567022025	0.630080223536113
818	0.201710945812783	0.529613525478835	0.31423856138619	0.641660203258698
100001092	0.0014426983931306	0.0191789360233482	0.265984005926567	0.680246174429465
100020371	0.963570549814949	0.893283705678959	0.277436937176639	0.689661276883034
100004112	0.182077785265135	0.480452719237032	0.291950464719584	0.699124844919378
1125	0.479327064413535	0.374729683271921	0.304529605144301	0.723210041652489
100020491	0.938248539632016	0.555835055641963	0.238168995068244	0.704639282045288
100003151	0.00324469052358592	0.0527222885410925	0.417884798266942	0.565628669394386
100000011	0.322358694320674	0.145759014917499	0.199991614746368	0.804839984359423
100003594	0.468898940170361	0.984564189507074	0.278953712208246	0.692783846751039
806	0.767687550308254	0.1540506092632	0.273996699011175	0.491340535923998
100001211	0.946201146990432	0.546075414566326	0.286042189143875	0.669172377821361
100002417	0.565048605067566	0.639898744456027	0.267173144637958	0.659640234582368
100009335	0.609843150448901	0.297546381174636	0.238939021457787	0.698514769495392
100000781	0.810973312792597	0.728952111269607	0.27853085828249	0.702811084208605
803	0.0303498759726287	0.0347154223309361	0.261422989514783	0.568118177174218
50	0.504858208897401	0.727877566358972	0.279319128489634	0.676544945796049
796	0.517851276376645	0.0915027663550421	0.294433357458828	0.681138334877752
100005834	0.878870744214581	0.484221715063185	0.335734073380209	0.68876705631076
100001580	0.950036197481117	0.509061878541767	0.294527005356079	0.694627451669639
480	0.779202710012481	0.604425798693183	0.245909067727854	0.696366370604193
100001540	0.255050073001908	0.805109569435175	0.339769217874746	0.748339813226345
339	0.550032973709893	0.104560249811789	0.247899537628912	0.597320390605715
1110	0.953069546224879	0.987089458333326	0.276365949254517	0.699642095540405
100015836	0.199999879811825	0.27931084919371	0.382161890680636	0.829616118394388
100009271	0.516071361886811	0.466641448130863	0.31153040370751	0.668792020010769
100015638	0.997005179843488	0.432542744778573	0.286834720186825	0.672602476230821
100021667	0.935056654221404	0.478849037491875	0.318528464321207	0.66719794795757
100001279	0.604472835909395	0.367681387097175	0.29750881013227	0.814798424069627
100004208	0.0187203288169805	0.113723403221937	0.41714010565111	0.814411833591088
100003695	0.221755735126693	0.152270687902172	0.300439070351688	0.47618990481693
100000802	0.788275143661583	0.873232321333739	0.275419019817511	0.687070994192929
100002769	0.911130310418723	0.126087662232248	0.203117039657415	0.797723601332571
100015835	0.122206107695966	0.401746084068835	0.383803795360694	0.849758718161072
229	0.859538805884176	0.364234120831014	0.308572268832974	0.686084650171924
100001266	0.00578638763366793	0.0199965862136562	0.351257908439774	0.992515731194486
1342	0.297140442146332	0.349396391429258	0.234321707578992	0.710293915398268
100002102	0.840699218084058	0.534250806516162	0.31122745871573	0.79548554809127
100020254	0.187283516884364	0.688784442206599	0.269246566305293	0.710302427766595
1231	0.427822684801288	0.183779014455298	0.327802756100471	0.643999293588796
100020492	0.987528701389157	0.914751974462326	0.272005322512698	0.689621444214867
100001402	0.388488383178154	0.583850474429854	0.306321119195573	0.692877879640511
415	0.00606187963111461	0.0977918768777976	0.317721752909918	0.749655032415962
100003109	0.984925751151004	0.922580859304857	0.275393273705816	0.682258073784072
275	0.550968608991014	0.83211352522552	0.270926130020701	0.677579090738492
1143	0.151798509671699	0.0598495746670654	0.246380307987485	0.799777082264542
279	0.392031372197553	0.335729471479431	0.272903976907165	0.556653500473322
100001198	0.875207499421732	0.845449347684027	0.290301923884367	0.679042257503265
1648	0.385949390936879	0.937510472864907	0.274630373660145	0.69184470867717
100001590	0.361721039197636	0.354123999751759	0.263908418169318	0.619214755196272
100001733	0.390114628761686	0.889480660734469	0.271684503849932	0.701870202280324
100008933	0.01494110642629	0.00189460454606726	0.384346895377389	0.641384329340233
100001550	0.34043896133963	0.501124274713622	0.259018119800036	0.639484139254916
1215	0.0718596057414176	0.246754483704043	0.231438833893089	0.648409780977098
100002356	0.260745958671924	0.0951034059004207	0.331089987373369	0.701695116956939
100002749	0.705418906743589	0.779116130469222	0.2773264386851	0.697588836954945
100006379	0.155314629519752	0.14885730784826	0.321465532541687	0.430237468056862
100015966	0.0801765674725277	0.159153651561668	0.302872614933814	0.513046173839903
100001392	0.748367322166213	0.706592567580519	0.27979275518993	0.687181780745633
100020425	0.136855947136699	0.0588264133915068	0.232951894592842	0.454223517718146
100004299	0.300997447365147	0.778035853558149	0.291429685103899	0.745595210927932
100001734	0.570944610104078	0.502281184959523	0.292511671175205	0.623421872602209
1002	0.832466163093473	0.839688976177577	0.275457891208253	0.689283117352864
100001337	0.333490823965276	0.942518109630205	0.272737990634173	0.690274657682516
100001452	0.782056410051214	0.816704700002131	0.273042563518707	0.66908307978233
314	0.528759685438863	0.380235017553212	0.286783644233062	0.707259317111644
100009264	0.9907158074735	0.540590789019317	0.2183967067644	0.816217719830306
100004634	0.448602545007232	0.507155285467563	0.246465240088003	0.708259171506855
100000711	0.708577657225268	0.667538358548489	0.304249666692492	0.718960016986985
100020536	0.0190511698082834	0.0834804403957618	0.335656206558212	0.803855131344676
100004318	0.297466404834952	0.532739415413465	0.280017167958763	0.687826269070495
100005850	0.902930363544029	0.507051491912426	0.343235108360838	0.64073458447285
100006619	0.313749119176234	0.134360530482747	0.312112188650427	0.677568442638042
356	0.497140465849772	0.723578664360175	0.264884833015498	0.705070472980799
1221	0.58325767104284	0.606487628363046	0.353243318625896	0.724113158382325
100001397	0.76945849926759	0.761995547111727	0.274763358777608	0.6816607836959
100019981	0.653711623619309	0.990420085982712	0.275387151437065	0.69465416714005
100001208	0.47594195545798	0.34475933448704	0.245912837643712	0.926611255633792
503	0.013329427352875	0.0160150372622635	0.176413573033153	0.529488119653962
100006375	0.137070660042623	0.59329024574936	0.299247992616529	0.66859971595788
100001295	0.758340757275177	0.695251118794708	0.271874691528012	0.759130960565578
100020427	0.0565990573775848	0.0313030968576293	0.270879272615557	0.390759857798296
100002784	0.530783364364215	0.423151524341551	0.238189091312185	0.750780998726897
917	0.061913702708704	0.248431251290842	0.294106663447634	0.647729192263595
1869	0.379530209899321	0.205315985061559	0.298958839647652	0.570025468690471
240	0.249353306999741	0.115913646676857	0.176674646144682	0.496472911064994
798	0.00601018549089739	0.115354357395583	0.398769057857971	0.623605556258283
100002952	0.270545302756351	0.438692712940975	0.273723280368794	0.781450246751364
98	0.596673242554468	0.74262690467783	0.298754026765939	0.698440342385767
100008998	0.293338485892795	0.30415371889263	0.216828479327089	0.757430518880326
477	0.86931340734463	0.293877343236374	0.282065534269214	0.684393750044526
100020545	0.0830244105139301	0.135071282364323	0.310736364901367	0.867836664364157
100021666	0.955087510279162	0.156078291601153	0.322407598758468	0.682395891414026
1256	0.55168287231548	0.776358463183407	0.307873226660813	0.718281485236625
533	0.325504890443473	0.0756785119730216	0.193404398082917	0.442548738147066
100001757	0.441811141828293	0.924009457208974	0.280795087829009	0.686936882825232
1024	0.335867608869126	0.141842019064308	0.204425543668973	0.904442972594864
267	0.459890603056219	0.971698609137488	0.276659071470736	0.689330284104498
100002113	0.113835611320655	0.113821624126117	0.272657560855379	0.706478399787809
100001756	0.847791489808338	0.710370819029354	0.2857112680697	0.712696208449408
100001193	0.429946916487158	0.174113278951409	0.331649118672211	0.645539950476014
100001668	0.70028322568024	0.954982363148899	0.27666537681548	0.688150091089985
1124	0.320667940848478	0.296421241819127	0.244341301969521	0.784100910029309
100021331	0.16463756805925	0.29372883479401	0.253671854354283	0.737666613120564
1090	0.0706197746016673	0.0574073298813309	0.256571501217752	0.831465348596048
566	0.836881118605469	0.327680202536471	0.205286666727885	0.696472817409782
100003119	0.441664595948679	0.255822537549474	0.301676792720079	0.629715502835824
100006367	0.743145489107077	0.530393631709146	0.286243228760492	0.66800138502896
100004322	0.161912974073729	0.130347248579702	0.289944544765351	0.801545407524433
100001034	0.691370026188146	0.78119655978051	0.270773665613112	0.679910562229766
112	0.921905794683515	0.923297178533134	0.276564282778357	0.682314780497345
507	0.722481462837982	0.749137081434331	0.273555382356076	0.697955462654117
100009233	0.368925170081743	0.306577926824146	0.265230215244985	0.693773473920809
100000406	0.0147197471429234	0.119499494039958	0.435323975338676	0.491980249468854
100004046	0.357974275385013	0.390484194034982	0.173825781834292	0.625293360356417
1025	0.770129089765256	0.699813695442828	0.264615238400495	0.709321386012274
100001106	0.180538674877868	0.192244467913014	0.23151974303171	0.718073439834568
1128	0.0288690845967903	0.610389746754439	0.302046791395555	0.734216794506271
561	0.0473700231507236	0.183852646113988	0.18918775723849	0.615393963045248
100001614	0.864732455925919	0.363206592906444	0.288293165232362	0.666324301184482
100000961	0.821733486185804	0.931921546614253	0.30935230046539	0.683893513141276
100002397	0.898629276891854	0.619485297855388	0.275035981092342	0.625770468669939
100009407	0.986218871074761	0.971705181150261	0.279224903012428	0.6892307244473
100002910	0.913611320805094	0.584590282823308	0.250263154024491	0.624109539243634
100005946	0.254389322046316	0.328852400998728	0.314225272275462	0.797825760242146
100019794	0.0922715227066577	0.282858657176955	0.273028226577638	0.855692985509502
100015759	0.387535804040084	0.174208881235688	0.247644894528953	0.681666830246172
100020417	0.717211095562348	0.593155522483396	0.263167443600017	0.661225463897138
100001054	0.743619741114732	0.882546304161881	0.280102689710825	0.692600217931782
100001437	0.317048400831533	0.345613736846183	0.227031187941463	0.624511752472974
504	0.25764005815384	0.766278849676685	0.31447220913488	0.698046578848358
100001988	0.46831234765157	0.660605776002881	0.269496445162299	0.84136186963688
1082	0.0258050625504382	0.594991460200185	0.3035070793147	0.723931072097699
100001403	0.318367276446149	0.346159313568248	0.308337089812891	0.66953814335776
100001664	0.974446988242621	0.62324971941982	0.262095919648833	0.836019395493217
461	0.252603691422429	0.17558256713642	0.458852287135249	0.660477931807996
100000463	0.673415260737657	0.968209468831737	0.281397464980032	0.691286961766157
100020208	0.579788645790324	0.549515751958346	0.316324862881567	0.579850940086147
381	0.587704335447356	0.0970902344380489	0.134404629855196	0.533662187573602
100010901	0.105137122386857	0.132705302187408	0.281890996846419	0.780416236740579
100001468	0.210001139458337	0.734198780137749	0.262696455960882	0.754150221583885
100000840	0.946903371445051	0.868720363412595	0.272601101609299	0.704161769451716
100020014	0.241762326230417	0.594748981248149	0.269380794809607	0.705478154237087
100001993	0.781001315606071	0.608460618385394	0.22965940813933	0.841259304992522
100001051	0.107289807294584	0.0231862626724971	0.305565118764463	0.373674412757924
100006116	0.383052084500411	0.514863335829898	0.278803572774695	0.692063257875025
1108	0.900787348100079	0.893535380059475	0.27896639851664	0.681863290849172
100019966	0.345631002721597	0.117674629826487	0.32663955990998	0.663748028383669
100001743	0.645206892205944	0.455512983140872	0.267311066172984	0.675612135071924
100001294	0.123077616183947	0.197632435983156	0.195112157993305	0.751700864914486
100001609	0.291785550191722	0.175291656067188	0.275441660528907	0.752402152718226
418	0.798466093960698	0.948345068819707	0.274929201911061	0.699717359169243
100001178	0.363128462918532	0.886526037443848	0.272410751939964	0.677105224270225
189	0.970360579568893	0.69796976619123	0.25328244154188	0.659599551494974
563	0.536245445095824	0.711133072987192	0.295191365160458	0.669665629722681
424	0.559407721488356	0.387127443470134	0.305371008904971	0.676008352638
100000776	0.163709348506252	0.490425182690865	0.306964195629227	0.688550741622487
1001	0.99927811780245	0.483885960909632	0.280410754159277	0.695249421748161
1135	0.351024618406034	0.123227767607276	0.262176392873331	0.748987190513581
100021093	0.362223701931784	0.52127308151033	0.316147208968522	0.711559581267614
100020219	0.112549367540864	0.198692045170034	0.284575398634075	0.578966247434154
194	0.456054924603036	0.827422635120928	0.284056055472264	0.662132930440038
100008930	0.661326041492956	0.537204229150237	0.299857846464231	0.670799297898948
340	0.639740126513313	0.262602007360677	0.174736228774766	0.772102800793114
100010896	0.938522881252945	0.71664462890994	0.256849050543258	0.700873136997114
100000787	0.200673364278137	0.0888804849956219	0.271475799180275	0.38593525989713
100000639	0.0301189309328571	0.218811263989159	0.251727916710417	0.691849955179366
100001851	0.967234925174813	0.247079171611809	0.306058569994982	0.463093505833493
179	0.559164468538377	0.625825925836942	0.269720579961498	0.704515512012825
100000626	0.376584883550707	0.653374957522144	0.289782710969955	0.692310093832623
100001605	0.00928072110263635	0.0771007536880685	0.351666850368186	0.7928128814407
330	0.230571411207881	0.363100321550069	0.312442476698969	0.53803480409349
100001162	0.736320685382422	0.618013635096225	0.24832295241086	0.661411272441514
100001167	0.0425087219152888	0.245715398266156	0.276209302845493	0.667907258067379
100002067	0.56910123874391	0.796559783715062	0.34821516135846	0.637987291771498
100019968	0.664517563501825	0.392624895863015	0.301978238602309	0.631494793905417
100002014	0.949564129761944	0.968404387453428	0.274101066081885	0.72055231885859
100004083	0.506929779508419	0.214495895852264	0.306339006898027	0.569150200564961
100001315	0.303771565712948	0.384730133444212	0.287070070333734	0.761182708047229
535	0.249574185465933	0.618871313987128	0.29509589515411	0.682907401310284
93	0.383778470966936	0.202728771116762	0.312812928503265	0.512368166426018
100001989	0.355483117637983	0.590064239778976	0.251023949656938	0.73846575772472
100001740	0.755821461962847	0.400105939214037	0.249104421850166	0.712264821923365
482	0.170098559845351	0.777630791862568	0.27681202065659	0.662049495799302
1629	0.258491160557411	0.401993079318669	0.333145457231869	0.665211357576025
100001399	0.460722767102112	0.370393752902	0.293158042651991	0.689267400201236
376	0.821368353776234	0.160496648702576	0.169986480004074	0.798893970778782
342	0.53730807268943	0.722120239675724	0.274528089454678	0.688305476967598
100001253	0.0250597349984036	0.176540668216874	0.228965770861295	0.909537834828433
100000708	0.602431988479637	0.744146557007357	0.295038173420057	0.699794460803019
244	0.193749831966812	0.0491702587258952	0.227318473945578	0.811596033427504
100006726	0.351220100354183	0.197926444600615	0.325230562919066	0.680957800068602
100000036	0.1675533533757	0.638105659911716	0.254899815055201	0.729505159080168
100001257	0.0208788114400649	0.0739229277019535	0.374915845599527	0.97762479474006
100000445	0.61269080462354	0.656395104301311	0.296443757321032	0.653746232524449
100004088	0.00420527093562893	0.120900682840752	0.321163376962151	0.763317077160878
100001423	0.955313101815068	0.6468986849312	0.279347316138219	0.651914729790312
100001276	0.355912797821811	0.259145378639359	0.25052187905407	0.601711775149444
100001876	0.738413229086583	0.982664540427955	0.275330586135871	0.690027846454026
100009082	0.699537859671761	0.0676427781426799	0.137177127099933	0.665941154275321
100001121	0.343136873982815	0.734923827088884	0.270250575440459	0.686682362746956
117	0.320683495607166	0.639207815440381	0.258306448331506	0.710710654582344
100001868	0.0331286733182995	0.0966490763455665	0.32635778136999	0.702137436307441
1134	0.692388945297559	0.317837668849579	0.19152276194471	0.658884543076071
100021012	0.244792568058288	0.447992995317674	0.28225552922127	0.718028594965527
100001181	0.743110755447992	0.231861707412196	0.342260866240487	0.620147773821359
100021467	0.755457682049913	0.322318376196441	0.279480575101074	0.603848427533283
100000447	0.232836538968017	0.240946855993612	0.320507911790438	0.652906758754622
1162	0.000466186126393851	0.0119550215634246	0.362738814258859	0.589079630622902
100019982	0.498822926011935	0.425534045035897	0.287354483518628	0.673743374909536
100001613	0.985745548571642	0.429262947947678	0.289770828110663	0.658457122287002
100006644	0.408324400012507	0.67391241214557	0.25943305082439	0.714080404451497
100000096	0.577728014320763	0.0230884102606047	0.181184210977984	0.654943873732359
926	0.529602419575002	0.616866532743504	0.282723091595879	0.694826707750283
100020004	0.893476438309838	0.565678272379365	0.29124104260029	0.693722022845228
363	0.173787183108792	0.0364722438905986	0.251362176887474	0.261631139720941
1111	0.40525960665323	0.917859448770219	0.286386409001714	0.689021725299205
100021712	0.70759192421327	0.718937681350648	0.272907404103027	0.672205460472596
460	0.831596062992084	0.68999719918633	0.284979311739853	0.730246312408004
100009331	0.390832090653996	0.328672846938293	0.260703334128406	0.701958961735605
100000442	0.234785769181061	0.629306790831486	0.303168105425802	0.711812016575039
100002945	0.0870272895223896	0.0139712516904252	0.363712994024648	0.647032941361538
192	0.897873399756568	0.885895704107323	0.273489201370968	0.72517835410497
100020241	0.426545462242364	0.984950891930794	0.274748773785865	0.690728783883505
100000580	0.121651429117063	0.11687055513309	0.218585605991313	0.960538051908417
100002466	0.00647297112685583	0.0165365987630903	0.224597012698966	0.431600393535085
849	0.692788830110872	0.574954890495545	0.277431705034349	0.640390136406285
501	0.506116091463055	0.382535343028304	0.307433296257849	0.645416364152809
100000282	0.681741787407073	0.128118593178875	0.356880766538578	0.581661536441008
100001577	0.0264562990258328	0.158086284119952	0.380650679629373	0.761136052792615
355	0.100022525349747	0.352429430325534	0.234662293226499	0.601542786213259
100000841	0.754318386223213	0.950633525325147	0.281493818203171	0.705837183386961
100000846	0.819439214072837	0.33604643821145	0.2645608440412	0.684781682830523
100004295	0.884572108013683	0.38193793751812	0.253918435391209	0.637281517665093
100001586	0.10614381352381	0.0487307357070254	0.397504216435358	0.351185408725568
407	0.0133751463988674	0.0374876495206199	0.307845512403764	0.758279875307493
1137	0.928166040535659	0.957935287254058	0.274025759774445	0.698234167922113
100021374	0.0389399765453111	0.035694259697095	0.233780701909255	0.945810410828021
100001593	0.68628722115461	0.81606103972355	0.268242189586362	0.70071943842225
100015971	0.756883284428762	0.752955130600212	0.270104917305939	0.686895607391403
100001022	0.345218278558413	0.16785110163449	0.171207192221704	0.958871395898064
1094	0.0573041588445075	0.211787280676756	0.437339686490786	0.930557452426337
100002122	0.302150377748372	0.362566135703136	0.237323532432768	0.768986341694395
100000706	0.58993235398928	0.593435229893272	0.240509303708484	0.690264439320699
100001055	0.771084431561891	0.422386658291147	0.24908900610558	0.634097513235365
1235	0.500833142087999	0.812206361779162	0.266517757848217	0.711686651949598
100020204	0.091814002260179	0.530980122316081	0.295388855766657	0.735539120016392
100015643	0.0315265203617013	0.275392158586837	0.302795528331981	0.640142454961081
313	0.0181842141354016	0.22337227166245	0.290857223223098	0.622903967912792
100001413	0.804097511787177	0.950823630587701	0.276681745381051	0.687362509815265
100020423	0.0218290498590768	0.0212701275242678	0.30030298945914	0.376061866719179
892	0.457571373899185	0.13358515484247	0.301771527948504	0.721923299725542
212	0.06581222823113	0.136993551160362	0.363077964136783	0.667389725941212
100006105	0.199669374339382	0.200224012587758	0.312771264364253	0.70299821893074
437	0.983386793553981	0.248202439951509	0.224641260505776	0.74298665895634
100019892	0.455390284255479	0.781269806890885	0.273575232563964	0.713376017005252
100005716	0.0715060033699313	0.0946244439299895	0.299402403440791	0.775006493800722
537	0.197022720849941	0.0918509172929639	0.283377621220963	0.723003057596109
100001990	0.287215882615983	0.619905570931417	0.312978237158579	0.643898757396501
100003397	0.0436163242985956	0.00790569726607289	0.211624388101226	0.459972196410332
100001320	0.122339833127035	0.24513515307655	0.346930264994926	0.463294492439887
100005717	0.131050694692486	0.0844698415160151	0.324893894805449	0.721703393969268
100001207	0.0329300432180011	0.236805405243815	0.318756196961553	0.688817237313896
100001999	0.532026831007925	0.823971996913865	0.266608325446856	0.781300429655457
100002488	0.239767306928948	0.0229368960796058	0.3172272379127	0.641772662651484
62	0.200439070431907	0.686024626007731	0.266446525293367	0.697193439651146
100000467	0.594062385931585	0.436633911344313	0.261341300371945	0.665562486225194
297	0.00468469635922409	0.120700671279965	0.283091061031643	0.654625517143967
100000285	0.0259664386512272	0.364069926664022	0.27621815871733	0.794310663877928
100006056	0.059378766716225	0.354518964804974	0.288639489208249	0.738406603060119
100002126	0.129592990218428	0.258589780063634	0.214247172200178	0.987637083459761
100002129	0.771979031427789	0.791057229299895	0.26271523593028	0.790325800209767
100020478	0.0378134017224164	0.270791015077209	0.25433617993598	0.711958387160764
100004089	0.0661196742324173	0.573774505218029	0.292089358154335	0.649620735936443
100001755	0.496921001746505	0.601900068932064	0.276914268878125	0.648722340827764
100000551	0.0291471227299564	0.995011219211759	0.28064592229085	0.691410145088649
100003260	0.479652211170564	0.29839245098688	0.312239267022658	0.769086884131211
100010955	0.847421844561631	0.410503714319796	0.221091685727794	0.588163458935935
100020851	0.210778775006304	0.443911180112774	0.295517478411397	0.715763233785051
100016069	0.553122813736335	0.583082450156951	0.280409617135942	0.668097314405018
100002027	0.482824812074725	0.533089317596781	0.21107830649259	0.803781523809711
1123	0.389920226118284	0.195422483114529	0.263444334483553	0.817329967319693
100001150	0.675219905132424	0.868456193892156	0.269119502781027	0.698698212835433
100001657	0.125154309021952	0.76030574229886	0.268695574202501	0.713057077272667
310	0.252570430680276	0.340940472410093	0.240015723077418	0.79849825084344
100001314	0.350418255795744	0.125260356576981	0.256704107061541	0.573023029138135
452	0.619550040017794	0.492366839826134	0.320231672921955	0.653924456056482
144	0.084649915143677	0.0449530684935196	0.345474321133146	0.545919714644939
100001182	0.196940327884421	0.134269696172512	0.336052558323789	0.679277431299816
100015965	0.824749095147998	0.83284172410314	0.278408979082468	0.713450015343736
100006108	0.940679401289266	0.464778299725803	0.283603067228787	0.729813777117396
100001400	0.693269530186725	0.585278590485995	0.258491082883674	0.679625830494967
100004541	0.278582020448787	0.196508656533944	0.260343938143513	0.44036336487488
932	0.889138861340132	0.25439840350553	0.282355424426547	0.731788800567901
100001992	0.429099482832687	0.549958056473626	0.386883961514223	0.590984428047331
100009252	0.143908888677394	0.236178523440265	0.326563592511696	0.673490127226252
100021104	0.637921681822958	0.560588131071983	0.226676865879669	0.822953918184675
100015838	0.0133285599703294	0.0864613187757411	0.400486734122988	0.891274242966721
250	0.000996618982957955	0.0270153457987498	0.509465407382763	0.77786439661494
100002537	0.954625960455687	0.530764116797076	0.255945863526789	0.792268038633692
100001658	0.906603818332942	0.892314429675385	0.286084978747492	0.685449437093001
100020416	0.29749566144081	0.379413561237546	0.243614146799714	0.66955579125378
100006642	0.21678534156657	0.681327297186579	0.259763493719384	0.7231538765909
100001391	0.117063935835852	0.485641878739768	0.337551586593923	0.770025670801009
825	0.626616200654893	0.591371292446287	0.240036412246407	0.703351078526382
215	0.0172315068060516	0.0924828742165755	0.333231628549129	0.669114461482458
100001026	0.982988755766255	0.843588569352938	0.271266902152413	0.734539217191231
100020541	0.414726167454636	0.437053048404337	0.240695761605266	0.729131276831953
100001526	0.226596434447224	0.314063814933907	0.40199165885313	0.800199877090064
100005384	0.506158328952001	0.403581406851059	0.259373680056828	0.607993046765144
100020378	0.260953344689457	0.66734348145614	0.263156117145696	0.697650829918553
100006115	0.99123495771919	0.391481789592367	0.357538181309978	0.583326016205338
1442	0.216140290429715	0.04557728323466	0.118808573953485	0.575954606603038
100001843	0.146548410842975	0.204545442161817	0.296847867949173	0.781189435411625
100015837	0.175010099831499	0.456179478722001	0.434129213336071	0.647722134116296
100010834	0.717004436686812	0.968127991358121	0.275074266949647	0.688882560184209
100001393	0.587192042163502	0.422812047879641	0.218859912424259	0.733370789960345
100000015	0.288962586939968	0.626163209770461	0.25990742920339	0.707954574283148
100003892	0.0398634002489174	0.0334343558001959	0.237589382853474	0.973854932043461
100000042	0.184322677199288	0.0244273172874038	0.296620358300377	0.598737869762559
100020550	0.600696495234732	0.235677675490544	0.296215754920803	0.591405513906604
182	0.424755124986312	0.331268215531332	0.26347359672146	0.715190213462342
100015723	0.133224341791372	0.416760109444611	0.281015733034265	0.670505283802061
100020343	0.426655516457434	0.607395168220016	0.258472573837737	0.687787862732601
512	0.34238189954191	0.589568106047418	0.305395162726985	0.659381318716248
100021100	0.807238318423576	0.796633468383398	0.267699465393853	0.692961201047756
100002528	0.35219396415456	0.0922810403634393	0.324590475146591	0.48357084301497
100001287	0.454870551402527	0.759825288291405	0.366345531429549	0.639982382335359
100001229	0.743802868311453	0.820020737588093	0.287462668238574	0.67379128115575
181	0.395122774560474	0.927623460656759	0.272927638964719	0.701917179237348
100015831	0.0019934885946947	0.0359162709730358	0.374067609347701	0.485145895576541
100020515	0.34364416004801	0.491383510371519	0.230235754957356	0.83012013487947
327	0.243102174120901	0.310111743922465	0.330038352765297	0.646244733694241
100009394	0.702570132267824	0.88243374002805	0.268946879846124	0.702909891770604
100001596	0.950053238098799	0.293317587724749	0.252232379569564	0.539679036881586
207	0.862878298046261	0.484859552033957	0.289417287328037	0.64954864816902
2054	0.502839512699959	0.787888580396442	0.265514419092595	0.706722349693907
100020259	0.641344543492767	0.524642351841529	0.303541796856617	0.673591862821089
100020414	0.00273321275809865	0.035216638262519	0.195100771578446	0.667222979749204
100021131	0.92429024393797	0.170919094757069	0.261802255011609	0.641842729579702
100004499	0.835852454692952	0.766158897548783	0.26925845184332	0.666399668662306
880	0.175470278329364	0.807480263903133	0.295774269915558	0.686807704075092
100002049	0.515189395265516	0.313791054302052	0.305760862195593	0.640537415762306
100001739	0.523610799248749	0.229026456694081	0.346005653811821	0.655144142146643
100001126	0.419861902017388	0.150121764679493	0.180952474240014	0.571618965478811
1113	0.627744176428433	0.783772339467984	0.290655358773269	0.657131373489311
1083	0.995162403769462	0.329506121508137	0.30439233877571	0.600296696648889
100001730	0.083101622670897	0.205241441925361	0.319746856637992	0.570581515815936
100001412	0.59877448155623	0.966213587667697	0.277474616709226	0.689033871253266
100005996	0.75250064758052	0.518568830224333	0.263195592082074	0.657968383407275
100015962	0.00471685795154226	0.0862146861111127	0.221501858051905	0.985581050410605
100020214	0.728938158119867	0.47802852034956	0.288902785822619	0.621709265184031
100002514	0.121201770575903	0.343112520086585	0.287066831074003	0.62928268885857
564	0.188081484466131	0.0489600477439984	0.236407358076915	0.573081383947962
572	0.025811020876667	0.0235180378650362	0.403818396824035	0.555412941699196
231	0.975480082452869	0.693582927898826	0.254970233515406	0.705716925143485
100000453	0.901194094431172	0.75203694097271	0.26559564017832	0.721355754972189
100001007	0.122788450133235	0.278472901315264	0.323661692686828	0.578675533353239
923	0.669331198448496	0.438395298494499	0.266951497597452	0.729617104672948
100001247	0.519429856113169	0.772552420306344	0.268849835437725	0.680703922559278
100000774	0.537407122373717	0.815637517127993	0.292377874725344	0.714192639832468
800	0.419978257487811	0.477855949530163	0.28827254673929	0.732877165386065
100021678	0.278157025909395	0.398627368138288	0.229101140307548	0.690896791110946
100021711	0.403824582106672	0.736265165036401	0.296420435200159	0.705692894132999
100001274	0.756252141083084	0.34355090200819	0.260941758424495	0.522020699117885
100021220	0.138486154871611	0.176697020913096	0.344178156712108	0.994313086569087
100020253	0.427654717607651	0.930395672191287	0.275536106206598	0.686593889239093
100001170	0.752623725811982	0.155266554597117	0.251299212494734	0.590895700688126
100001466	0.230205050581852	0.748425868699699	0.287055884914232	0.681705676588374
100009406	0.812808986102436	0.884331823198216	0.271517998923334	0.695477671737909
1026	0.185527916135512	0.423334875982543	0.297565041852526	0.652308563308389
100020837	0.707526147718238	0.420300489231931	0.307435505070042	0.604177395695397
100001006	0.0615560763999054	0.0587188460987186	0.262873266862818	0.828163603139172
100003674	0.768800882339973	0.124086907075418	0.275223881614251	0.679020669001649
100004396	0.350603969520158	0.5055274508849	0.30861724593114	0.60454553879169
100015923	0.560370769325088	0.925661715332164	0.276244410143601	0.699526946528366
100000265	0.476456023179362	0.74702241894228	0.280233534799667	0.666661400077433
100001409	0.0909327261203029	0.139856679941566	0.272946983825961	0.53728600350683
100003434	0.434654915910968	0.418119408603735	0.280244303870098	0.598111868535685
100001334	0.626818764588166	0.0753967002099332	0.340995440966196	0.571796737160216
100001102	0.706237290943012	0.751908481510039	0.284614226553452	0.67034125827044
1268	0.615996312417125	0.062750361997347	0.171506879575303	0.643052543913447
100001300	0.234991189317369	0.0842068196457908	0.243212231366671	0.695006056709789
100021324	0.216682140376827	0.601941468303378	0.37420898742863	0.680962883256184
100001617	0.109200738686517	0.100057928514102	0.265526597521477	0.734718267656665
1105	0.940791398039109	0.152161703633573	0.374341815963161	0.377855248503345
100021502	0.0665514602705267	0.302975362550214	0.266942753586871	0.716040263075374
2051	0.837834374537177	0.554910078300027	0.277435782518165	0.581747035989666
100001256	0.141044576561175	0.497658192262523	0.30554643872743	0.83236125739539
100005466	0.061745666780402	0.0800684237046018	0.31396183851371	0.483694647540322
100002199	0.134547769331477	0.795288008961753	0.283002100428431	0.704131628360077
338	0.0157352833559086	0.0483948262301507	0.436253160535282	0.459484766420089
100004243	0.469702132352776	0.597146557122385	0.256324138665035	0.702847712871994
799	0.442261270193631	0.953333465903384	0.284993783378365	0.689761016761125
100008928	0.639528861060529	0.146452517456615	0.271209320673284	0.685329871536621
815	0.085637296170167	0.260869841013614	0.27706417067651	0.766208837142634
100001456	0.00579455437137274	0.0823983193644241	0.264224336422706	0.614358700015233
1242	0.0854937004726708	0.098248900956737	0.333375289909433	0.499132500795917
100001416	0.288875217021784	0.107145880525178	0.190241143015948	0.436041349431391
100001462	0.309936616807088	0.220776519551499	0.336884535545218	0.643631359848408
1087	0.188675755811464	0.0360289818659513	0.284505789327445	0.657268019149361
100020421	0.0777715408439651	0.130859631483417	0.315038925518058	0.464874705812938
100000010	0.00368243718655207	0.0400129967133707	0.283328981780959	0.757396371746399
821	0.523702756571862	0.363776762783313	0.305460156465226	0.540358063899622
100006627	0.25142909350044	0.124205497957997	0.393316446731828	0.583414711316828
100001277	0.330972917083214	0.126162177711145	0.323873544526889	0.650146975835005
100021141	0.0506794921596446	0.303197792568878	0.310383382905748	0.760998669835369
100021105	0.18746356552676	0.301014232684624	0.290517577766424	0.516460147497438
100001950	0.000332290294731795	0.00833278531884776	0.372569740373054	0.836211732256104
100020217	0.915178043740156	0.321112842101203	0.199688251815973	0.532045726429561
100006651	0.0313190317209567	0.226273132097848	0.306260476021175	0.483822962325175
881	0.932341636179572	0.375432392935195	0.25835640686737	0.70558061545918
100001509	0.659470386615179	0.127444932241077	0.237965715269575	0.612058876743575
100021709	0.630220736148572	0.926929338149192	0.272144729413109	0.692717945001367
100001635	0.294220139025465	0.0308782597522104	0.304114310899161	0.636051536750064
100002613	0.617007081848909	0.274589914500223	0.299886020333761	0.781499503693267
100009329	0.557502818451475	0.667245668394264	0.244913573537311	0.830857440143319
100021123	0.88170141042752	0.632438773150736	0.283997112932368	0.613469241131314
100015760	0.288104876953373	0.256562034027187	0.243155751560599	0.706433184785461
100020205	0.389291302649772	0.435312107622921	0.320442452967938	0.524650910047515
100000765	0.571048086850355	0.603089645332676	0.27016262760689	0.656484300680946
100004111	0.354163588833658	0.200768646022874	0.301858194285051	0.663940575507239
100001615	0.215002361083055	0.662610777496402	0.273397931105193	0.689409918963196
100009227	0.200040705294952	0.106080798533246	0.388628697319451	0.832981302516725
100006191	0.373826758764246	0.555088494052771	0.30370296593519	0.636267584905569
100004542	0.429340861360185	0.307768722176499	0.29039007745473	0.745355791167362
100003686	0.312525753079	0.129974661329349	0.386339935509599	0.626633232791855
100009232	0.0220977501358721	0.172441674904198	0.271297340096637	0.59062464060739
100001501	0.0632693732528687	0.202361990789719	0.352198202347391	0.710688039516881
100002367	0.484762499958937	0.210082864984432	0.259104644876735	0.528146345399113
100001108	0.324942855758488	0.728511481400633	0.271937817641887	0.68180776960211
100004227	0.740398176619573	0.953169955906921	0.274144039176886	0.696632128688401
100001310	0.187085986229957	0.291915418052975	0.254915157639632	0.809772225188478
100001994	0.834395283315909	0.912525315137916	0.289744696584451	0.749909473075168
100015839	0.0155420577316989	0.032876079513885	0.387259609365041	0.745108620449719
100003271	0.00511427072517863	0.0771009096049959	0.36392911958991	0.49135840322902
100020496	0.826738992095316	0.956485348808333	0.275880555378445	0.695572828901471
302	0.677919595415503	0.3914943180036	0.240715477169957	0.656162102675648
811	0.78781627346267	0.800264771262336	0.269762824270922	0.718511822715905
100001267	0.986878234067393	0.768468932736172	0.2594083186153	0.686181220185984
100001197	0.032344441267608	0.501254053550752	0.303585559761707	0.695401364951783
432	0.197205007627869	0.41760894877177	0.300112226732552	0.66518873844696
444	0.0132532040721922	0.0828577917795392	0.30689236727835	0.809081603282878
100015968	0.341025349145613	0.360613188256299	0.272402051829043	0.613744682908345
828	0.900202225385496	0.881680831809453	0.270131366180222	0.695875474355835
100004054	0.298932634938984	0.908724552348268	0.273600930785274	0.687829425097471
100004635	0.0949284400690598	0.151909984702806	0.629263468709716	0.428733549920959
100000491	0.450690954677626	0.5686069740947	0.268503150996103	0.594923755172338
100000939	0.0461873069057524	0.0344540068497541	0.294038586007779	0.583405029473203
241	0.205292625938676	0.581048134940628	0.291897668719542	0.715125160950543
136	0.35875244352147	0.0618165684547231	0.240216186678954	0.87900246826937
100000792	0.577086243803566	0.960233382118752	0.278231828493949	0.741118208103239
100020973	0.567149083476076	0.630021493040696	0.290944489270667	0.6667971043719
100000936	0.679334086811302	0.990159975009393	0.273951949651193	0.69017828859203
100001313	0.00769747973457761	0.159898954251762	0.286787275107665	0.744270373076709
100001951	0.0592057038359517	0.153669216568352	0.313739402558971	0.672716772195535
100006098	0.0166336803226759	0.0804529023133702	0.307909603010988	0.811238473131346
100000007	0.206108342960806	0.516076870161871	0.292665289366477	0.68835580408953
100006641	0.948753752137978	0.993089356116015	0.28262878520592	0.690476812912181
913	0.0121673196774208	0.0725733505058015	0.341770897514185	0.55814436420072
100001579	0.792455769484762	0.397782089746511	0.304273868687488	0.691995998909386
100002911	0.120055323726738	0.00503424802190403	0.356640381092906	0.662611124754568
100001293	0.251096007813624	0.358799734449995	0.237120396833005	0.839735045941277
100002241	0.203217960935523	0.502076650613948	0.291604482445773	0.657085512146194
100003179	0.427756520967652	0.0941300216473805	0.265640428252611	0.546096268189133
100021372	0.332985395604892	0.230496469305044	0.205921427584504	0.695127618829042
100001956	0.284903305568507	0.406864311468332	0.274584106450351	0.583094279778563
100021162	0.164067865520464	0.0922773414446321	0.261157760051466	0.479623779444803
100002259	0.421925083586814	0.858188813325387	0.268263480413378	0.686872708713643
252	0.38994504254771	0.48727737873376	0.330476606549219	0.617073870951738
100000707	0.459662039438739	0.34671776223562	0.271665943779686	0.697512467621667
1489	0.70577684629092	0.0233519179648598	0.205930732517105	0.668853531759625
100020361	0.0354846455014687	0.132975988422418	0.302626815670934	0.943092254048531
55	0.718415215616554	0.853883078943859	0.267436390799463	0.705826511455463
100000863	0.260783623984261	0.269311681245586	0.239784926942865	0.727254822896322
100015840	0.21768125064107	0.209805552507075	0.366626117019848	0.641436241824333
100001541	0.163197913508443	0.0898651547535581	0.191627524184504	0.679633185656065
100006082	0.114478366511575	0.0269227805132177	0.349905051021389	0.710542817115355
1254	0.485009834711279	0.712983053702889	0.341331244453454	0.649836928174863
100001624	0.534585715365658	0.41757616000922	0.259709866551106	0.670339001960365
100015850	0.795815810324293	0.849666470505201	0.307572997446729	0.676961715951917
100001104	0.00344414406042256	0.0187474746288588	0.293613172941549	0.975944708549744
100000900	0.123663221302137	0.408777002748754	0.283518100534229	0.696163478029978
100000269	0.275634984846966	0.141589968381099	0.184430649237514	0.644790141846931
1022	0.226608917569641	0.931931192372475	0.27605219524642	0.686636693631936
100005373	0.21256936454688	0.0784341189792441	0.249251047931637	0.718540677907656
100001129	0.0678703644162331	0.417846816136873	0.260388854460759	0.754643888174396
935	0.0120161319646105	0.129457567056773	0.36046624523492	0.552838314931695
100001262	0.132480261355997	0.135485693757659	0.284930522093802	0.727645286358606
100019978	0.314854591252498	0.576505888089407	0.267952706456015	0.675787339616194
100002293	0.717555901321984	0.745160876676857	0.280243258065471	0.691004768855876
100001426	0.180493185506887	0.219504291866206	0.278833132409815	0.513261090505607
234	0.0307552535838684	0.130871048869474	0.275233999285594	0.662586938333655
100005403	0.246464689858647	0.928113997626408	0.288883028523873	0.683946318441413
100001083	0.0407540713080377	0.338422522352815	0.29550749743169	0.716343395474264
439	0.696939061932489	0.297454118861603	0.293612491053675	0.688540346860098
100001086	0.335191160659378	0.395516737580227	0.289089955685867	0.773962121580387
100005864	0.920307345125943	0.458837895040539	0.281475173622834	0.569601241317873
491	0.515204183647368	0.921303337425107	0.27342143482599	0.69202591431366
100002029	0.462137715225185	0.422202131610737	0.260947402184952	0.557720585094136
100002154	0.813660711929521	0.459783200682655	0.241717628696794	0.668772852076384
891	0.479087332808139	0.176796589378737	0.304736454490543	0.662567460904919
100020261	0.356712915567343	0.382037907832366	0.336724246250781	0.661632693963703
100001296	0.479863300077379	0.411442504976777	0.274798569916389	0.569261907749413
2050	0.477242204415558	0.502959076943253	0.29712997509335	0.63215313725513
100002761	0.343701013266302	0.714565594466021	0.247792525639712	0.809475024539889
100006614	0.847363083534848	0.669844802920166	0.253983383726868	0.754680415907098
100001597	0.868310229042738	0.156895189170376	0.183645332655774	0.506416273915671
100020853	0.770109075960204	0.849921381149721	0.278150027859469	0.702013469874856
100001446	0.26640626226218	0.399128200726479	0.247863004478821	0.680324054244827
100003240	0.260658129955459	0.0878395958144583	0.322296600402859	0.601619218867686
100001502	0.0266520953525617	0.214213877114246	0.334071351566345	0.779114553199446
100020866	0.106925072618863	0.013783594845735	0.169845864346995	0.507404708928348
100020419	0.0339430247607017	0.108180421033144	0.301060049476323	0.444122581991583
35	0.572962056445508	0.378576910052168	0.256607500483343	0.641756261450445
100003696	0.0155747192798313	0.0705765912194342	0.39140292058797	0.633467089721296
100016038	0.78701476583909	0.9407863212884	0.272829560823621	0.685251670097009
100009333	0.242286058177846	0.270865394326062	0.282240457168132	0.703503954382848
100001611	0.168379619397805	0.377616575438632	0.347607873195883	0.671232839086601
100005383	0.651800085815412	0.275773104813729	0.280175752627606	0.739489300363903
100009239	0.294571684768955	0.116919864118155	0.345575117928143	0.506979364765746
100009332	0.377044532480581	0.338658226673395	0.280459359678632	0.65342898298859
100001731	0.14550418133953	0.630298380487679	0.279271712769562	0.667780184942631
100003415	0.348665327503684	0.446797211264135	0.271872955047042	0.703083107849664
100020578	0.133810007733273	0.191098454649739	0.25721573101912	0.585965402062046
893	0.844333660243704	0.501919592451153	0.272073044491186	0.703961032514911
100000963	0.349209737063177	0.288111427670228	0.342296209699979	0.523198568457102
273	0.13292264155447	0.302983167400889	0.314523618366811	0.694036079588084
197	0.411761715744771	0.303447889845477	0.263402515080987	0.54021755821447
100000808	0.314000144104971	0.260518801811319	0.262316920925254	0.8337614028807
100002284	0.760454333582826	0.339412425979344	0.174199281055668	0.631096211468051
888	0.946243914425779	0.0814813602198108	0.301141671430578	0.673468068237921
100006435	0.530437824888159	0.320410098436779	0.210073068397428	0.999858057272265
100006374	0.185880937632513	0.519085008848999	0.282690010129338	0.681383379544499
100003169	0.552521228283232	0.963528834526554	0.273034417326938	0.688778512974419
1004	0.597344883656331	0.801295357285871	0.262117434033694	0.674060020467331
100005998	0.103868158735815	0.967417891613546	0.27966460029463	0.689219860462933
100000773	0.648496836816912	0.513006408357181	0.281034303782904	0.672273960244751
100010850	0.0134569339853638	0.095332034506451	0.322755013770519	0.565140540487623
397	0.844444813258974	0.378662462145681	0.207906964310241	0.753002488557004
100000039	0.0687213066331527	0.215661815312774	0.220245856040498	0.751144309252505
100020833	0.73039497866581	0.74248121305831	0.283915877400746	0.734594461351731
1021	0.488408582426169	0.529428035348752	0.262642533947907	0.715767022940687
100020479	0.364100591751915	0.601345146006617	0.275689192543292	0.704265485978798
100001335	0.491232024106931	0.277398041627013	0.311245242729357	0.660985008334908
100000743	0.566225543044552	0.978107775944772	0.274029667383505	0.705864938713283
100009246	0.166538204347852	0.614683489980413	0.2637603391677	0.72542005903318
878	0.185263164872466	0.755432744531355	0.263914158929384	0.705386605641176
100021103	0.720073498136564	0.846093786059663	0.278934775734542	0.770357980673081
100021363	0.235827891489409	0.575116340062595	0.25594425221671	0.731722786713472
266	0.114987074464791	0.170981334191172	0.280807245020405	0.608673236722853
100001195	0.281054966259751	0.177879371063432	0.347254711199141	0.620540968437787
100019801	0.74783360241099	0.631549899349466	0.288709037525259	0.675615958506179
100002196	0.045372494816351	0.35161566704427	0.287718855914976	0.696238961611296
100006370	0.254206113440678	0.956967777065435	0.27703523590657	0.688533661774118
100001510	0.0298168185789569	0.00373806650468303	0.240406068513814	0.778070962045803
100000437	0.537503808003087	0.436808757550793	0.264213174985369	0.759199594557456
100001767	0.140721285547494	0.0313145676524744	0.34717514776751	0.752206169843537
100001810	0.432901338973586	0.587162276874268	0.284530630968144	0.820241734459434
209	0.0300965311203124	0.300367757043388	0.321940625621445	0.67362429247062
100001485	0.255952006119309	0.0935505321147918	0.166851344652619	0.620897559994153
100002500	0.121983745447721	0.459053893412155	0.279285357061568	0.662465630096707
171	0.0355132388306859	0.0368796577756337	0.212488969898592	0.685993539480745
100020487	0.999471683928898	0.774689728370185	0.296914170526389	0.638593876334641
1206	0.00708475939461879	0.120883079961076	0.278260161074727	0.74152837808925
344	0.013748182462323	0.0393383229041045	0.553367521611771	0.772173096645641
100001405	0.468324178816568	0.900659614028935	0.280141798011454	0.682121883749196
1239	0.965546806277409	0.477775087377461	0.30870748713896	0.694906588837342
391	0.0586326350218134	0.160826685946026	0.254288100175294	0.915661877889048
100006430	0.471331479587298	0.206883007939934	0.338883659161033	0.442742726710501
100001417	0.997514330125364	0.554214893107542	0.264656092584802	0.787531202030215
100002951	0.0598705380622704	0.539917194185614	0.272083258769363	0.62311660888399
100000014	0.417608649446582	0.577030492189061	0.266720897771251	0.733044287331019
100003926	0.551054051221354	0.437331692415056	0.299875153193099	0.670921058745686
100021538	0.50114594456113	0.356786969980597	0.324240537830344	0.601800766129199
132	0.29660517048917	0.854846746085575	0.277309158492837	0.690353929909014
100001425	0.58747677810513	0.574813010627212	0.333987988190643	0.635419373597737
100020262	0.601739638982668	0.618772666946635	0.29755109187646	0.676462852112247
100002679	0.338792374822656	0.660341962969318	0.259350102387989	0.766240940123445
100001270	0.797334108300891	0.390153746868956	0.280768160923493	0.662370556596147
1102	0.846722594243872	0.968043069005399	0.275986543510512	0.689060001502835
331	0.282109782634069	0.25141650973344	0.229204613635061	0.595903263941561
100006361	0.498979934806213	0.60368461712978	0.25242231240541	0.76818192820315
180	0.85498278395751	0.774296549154307	0.293360600253721	0.688474791826047
1053	0.311497503115937	0.474192010818402	0.407078512924	0.753822566292605
100001359	0.633263889072924	0.842106117654427	0.290834611421099	0.664660769602744
