chemID	simpleLRM_Fstatistics	multiLRM(chem_sig)	multiLRM(sex_sig)	multiLRM(age_sig)
100021136	0.019402096303667	0.221655188562591	0.321391541721407	0.794610134890037
100000882	0.821564080722279	0.668436137554224	0.289399291457809	0.651808820314145
409	0.0828067374639098	0.16901273804236	0.320535342761149	0.433057794765733
100002254	0.683881991669537	0.044115126546163	0.189166094754771	0.659161702903279
361	0.00774718997119278	0.104056199922355	0.201189469467611	0.654467627630681
100019975	0.535524057776879	0.732004667228223	0.279326665501954	0.69290001739932
100000257	0.00071193867993704	0.0203355863710269	0.280649144916449	0.61067915097544
100001232	0.96084169442967	0.959775835945574	0.286040904868453	0.675873676137645
100001948	0.348483389450456	0.372562731303635	0.303516429834314	0.5451774178627
100001073	0.616468586756704	0.673312425378805	0.346868609670248	0.603192037680929
100015637	0.939142828107037	0.456022477000185	0.298192035156329	0.674298289419173
100006360	0.632840438122233	0.696981251396318	0.264170940887957	0.740901083886765
1488	0.55946999594539	0.605811038181088	0.280534135730558	0.650713785858691
100002253	0.858759471412744	0.975387911603252	0.279544315789169	0.68276292636833
1023	0.967754664321803	0.720446870297613	0.275993236235662	0.662734119506065
100004284	0.678127588633371	0.817212264893479	0.274016358729747	0.685009904388095
100001251	0.646680283984945	0.986384381260299	0.278868660430068	0.677758930773508
362	0.710561649946582	0.48539382084032	0.252125068992501	0.668827267878259
100006620	0.76347948431816	0.857490434957839	0.279243985344184	0.682422493245356
111	0.356986498859665	0.169074401524085	0.236692718016017	0.654119567400068
100009045	0.649734484665094	0.279577685612502	0.231299776646397	0.830821287676499
100002927	0.737974308168765	0.867209710349161	0.274178307657955	0.695826698440199
100015641	0.748952275559926	0.894377298242571	0.273939852071787	0.688409640419046
1114	0.113520710656259	0.942382384095523	0.276523051900719	0.681109099335551
100020409	0.36889655165207	0.393519061368413	0.278405780654259	0.553043321235056
158	0.12915880642823	0.24161499775503	0.355076577516842	0.706021425715044
1224	0.0488076249058667	0.177120107504272	0.215022759127836	0.72190558192473
100001620	0.491278498602441	0.395438454965081	0.240660617700889	0.673287123936921
100020893	0.285895669022732	0.0580618983493965	0.252677383820032	0.391526829475533
100002458	0.763140919356907	0.562853575413483	0.320909227896209	0.626243391611117
100001112	0.7993149539012	0.99597807568204	0.278363995393966	0.679636643513078
100002953	0.41120279143537	0.812956360713359	0.275766009226489	0.689711830583719
1141	0.392530846727089	0.0548783366377449	0.362538018671908	0.50640018480042
100015834	0.448415739123729	0.977977770306152	0.28060990568437	0.680879638099829
100004561	0.617399339547573	0.87435461711516	0.28204193991493	0.67426072186725
100020497	0.812310650599526	0.735834991542827	0.264453296901011	0.705429605096028
498	0.0486009099533845	0.292082606364795	0.27359183884048	0.753200855071644
100006051	0.888142049564638	0.860742235064324	0.281502415832963	0.673852787400624
1668	0.651286956129922	0.518273568400813	0.272744179207163	0.613933551422326
100004523	0.43896857189904	0.914064564901651	0.285013017016043	0.669384256129916
100001604	0.251619273339938	0.545617437543935	0.274426743329209	0.719382329114607
100001002	0.178543956769867	0.529093751387564	0.290005844859171	0.661510070241457
100001987	0.0622447923010085	0.269746026331054	0.808247445229247	0.534911847297495
100002462	0.609654068339329	0.331289436260283	0.335653481372197	0.554734546623254
466	0.581084390738078	0.0716947291945784	0.307238997403734	0.6592997518228
100000665	0.901778381988368	0.445800330405848	0.31360032075619	0.626414142455442
445	0.959271009271065	0.432956444503683	0.307810327064181	0.726781306475416
2029	0.154206564506247	0.503438921188724	0.295566490142114	0.680039444019959
100006438	0.12715924120038	0.259222538200808	0.32576389226189	0.692843591027085
100001398	0.160854096088812	0.589356039947944	0.259955319939153	0.699714492328273
235	0.428408993665769	0.455216135754352	0.247108833695127	0.713322380208586
100000997	0.712104108998026	0.70909431073278	0.280696921997229	0.656698992941919
100002094	0.232168854095968	0.168614234863542	0.228579915353229	0.526132125942228
1052	0.608619302692046	0.894564829866983	0.276277948943255	0.706051582606503
100020823	0.31789621825115	0.590303478704006	0.26279439284353	0.670588025522104
100001806	0.278454913361396	0.614591712765681	0.32710996274681	0.688194657779989
100006092	0.82420167397687	0.882248110829358	0.283075445964754	0.668061416545335
100001415	0.108305119134389	0.0745920379667966	0.278309371585301	0.393515399996282
100000008	0.0414946016950146	0.0733902343045663	0.309960385797377	0.515381842524345
565	0.0079306793751267	0.0516472468900649	0.275342596148091	0.74834171484013
100015851	0.1487354999825	0.192702901689195	0.362113448884747	0.820227673831094
100001866	0.508165824661189	0.881981767694703	0.295279770452028	0.663745773138916
100020546	0.00266053877415742	0.0289167204751847	0.510245421091255	0.87272782686961
100016110	0.552201762420974	0.408749219453387	0.227238499954374	0.779036531702368
100001254	0.0031365425292778	0.0139237191016289	0.368147255961084	0.901440268634541
100006260	0.399558013620579	0.826830745016156	0.282947431116954	0.675626284060678
826	0.668110565698556	0.860297144737627	0.279341691670165	0.67370694298133
100001872	0.443149111262853	0.805392866081308	0.279937996218476	0.67922993279461
100000263	0.342960344633077	0.387564974604237	0.345227286037607	0.672207732246365
100021198	0.81758645057737	0.0584625805612617	0.187462589936545	0.384519629537077
100015967	0.0358085414554026	0.0933464177884243	0.346754725512387	0.503488746159005
278	0.133948511574524	0.253104323573476	0.263412055422899	0.979096521579024
519	0.744239216849531	0.339494224381058	0.332119247883231	0.614060543444083
100009337	0.103901761876481	0.34498304876838	0.380317146878223	0.6707156370399
100002185	0.369755721968044	0.896976362097478	0.275394812149445	0.668581210501025
100001278	0.393192617129103	0.276684683210242	0.341711872524791	0.629847976274079
100002103	0.821722925544933	0.607374036501807	0.277991772310254	0.624242587928428
980	0.7845085005972	0.449770230311432	0.308083598396522	0.658458644452157
100000016	0.854418172470919	0.439186670591786	0.275644795273666	0.653663359247904
100020372	0.188748816665553	0.496176131969741	0.275541808311317	0.614634593074141
100001662	0.745425772710653	0.142189617973744	0.110947323434603	0.676715361648404
100019972	0.925082037540533	0.695743775838595	0.286179616863727	0.665771062083324
254	0.76916988030465	0.720508818100714	0.276006239641315	0.681055181983613
100002009	0.660978624054594	0.693945042704922	0.275297825175341	0.603178687330971
100010895	0.437826958205785	0.528322717618308	0.323050565638648	0.650993978526448
1140	0.918503135585643	0.962956858629983	0.277441365412465	0.676045218775987
100008951	0.63409037890938	0.541774851202512	0.297608781006879	0.640499809573548
1084	0.365113936419885	0.831935596896659	0.27858491872375	0.716600991172818
100002796	0.11401529444153	0.407540685476761	0.24947518243012	0.62549117260046
358	0.972678857229664	0.936907253944971	0.277168784577254	0.672506518707166
100002070	0.816461935478135	0.698281692302974	0.270485007375556	0.709790380280238
1628	0.391794787220664	0.143909809242735	0.333552443684666	0.650539061834685
823	0.714778425597025	0.568499194722588	0.247638036241911	0.731966960034931
100004414	0.461644018020473	0.0938339146976427	0.365426037476514	0.817096682831545
100006129	0.683072596765298	0.6664663657217	0.260961868470322	0.693523704713475
100002028	0.680196914537206	0.449159692553005	0.38152579177564	0.481540344268801
100021707	0.523463861334048	0.641346240664655	0.252968598669845	0.724929732919227
100000054	0.518361543809406	0.464543160436526	0.27055060941429	0.703015401081634
100010869	0.476945573674741	0.217736887644928	0.286427673763566	0.54104241694847
100004575	0.0284286668783642	0.100615164448604	0.35390919831834	0.989482776575664
100001212	0.997992207395907	0.676610694329239	0.282351626027881	0.620678040936549
818	0.216598461739887	0.554126396807742	0.319449780796995	0.629050227948722
100001092	0.00148453359628056	0.0221050539087283	0.279748648637147	0.676114202181656
100020371	0.948739526802828	0.902350156122542	0.281439837247659	0.676711630422704
100004112	0.190478532016138	0.509869905771195	0.296812471285135	0.686077489841898
1125	0.466053211182796	0.357859109257272	0.309503863963158	0.71563913959767
100020491	0.934369864742341	0.564017094098424	0.242352319069011	0.693146157861785
100003151	0.00219675894257354	0.0236585175746473	0.428668643213696	0.571002736395803
100000011	0.327045911507093	0.147720400409709	0.204784934668669	0.781157569964934
100003594	0.496677795221933	0.983383028506147	0.281972045582396	0.67779294532977
806	0.748904607090191	0.157086467204161	0.278310001399045	0.487470671994106
100001211	0.940366839948511	0.559618648925416	0.289649607808035	0.659939622275765
100002417	0.603678755037282	0.596306100478971	0.27025743798706	0.64589753939075
100009335	0.544079518005141	0.199666598018725	0.226197750165067	0.698434891620692
100000781	0.693253328749672	0.976956032820648	0.278174095363896	0.677496130276314
803	0.0307054072047794	0.0333476705814301	0.262659473917289	0.546127997583468
50	0.514113779831439	0.715161557117701	0.28384074680576	0.660773182852404
796	0.444364026269901	0.0540284474621353	0.307678833866429	0.659914323249512
100005834	0.980088793520732	0.649728776326137	0.321922084921208	0.670066845193698
100001580	0.949219179212401	0.526090269670617	0.302019504224735	0.680246029729009
480	0.798647241274062	0.604732333526993	0.249048966317973	0.688428861860449
100001540	0.251130685798184	0.746690857472131	0.354617459729012	0.752034631685349
339	0.554180382152207	0.12244574398571	0.254373998438351	0.593336506591725
1110	0.932282343674494	0.951838517925863	0.281396465848865	0.677746599087019
100015836	0.172680471621959	0.181525569682903	0.406705466597095	0.842115103584876
100009271	0.54163821403089	0.51939448173822	0.311970819201515	0.657640371428574
100015638	0.984570014754289	0.430523536635233	0.293516486112345	0.661518139423461
100021667	0.957279694189631	0.511462863944279	0.315210897495433	0.65700734365942
100001279	0.611252752304707	0.387584711560524	0.301828946656607	0.797711130950908
100004208	0.0202940946619383	0.122887026211737	0.423451716568268	0.794420657949426
100003695	0.217787113582991	0.137997761322006	0.299703811748199	0.457482913583231
100000802	0.750592480516616	0.901833224243139	0.279726455552073	0.673656757227911
100002769	0.859481063040672	0.104725707098747	0.204510759437773	0.798507419101897
100015835	0.107429646086388	0.287918303961071	0.41630041167413	0.875262663384114
229	0.880584033763708	0.393514976624243	0.312715607849421	0.670245465915037
100001266	0.00670700590998242	0.0262442840264524	0.350611156001864	0.966255578961073
1342	0.300155667965941	0.35024209421446	0.238579210168799	0.694546779986173
100002102	0.857992966661319	0.562799542925833	0.314066582886387	0.773522126191707
100020254	0.159695841760506	0.568996626830137	0.272577576726193	0.710916061936148
1231	0.474042754042418	0.236541407886529	0.332864635750193	0.629081365206619
100020492	0.99311131157699	0.887543052527043	0.274806098597249	0.676836749262918
100001402	0.38378279235035	0.530253390946653	0.306903936821492	0.667438696426144
415	0.00581293538544676	0.0848451497197326	0.328738269004013	0.737322600947999
100003109	0.984431882843863	0.953129558228262	0.279364410487105	0.675404273782613
275	0.551930770254176	0.851087481714747	0.278132546971366	0.666413380202177
1143	0.149340795399712	0.0642525866353551	0.254487577489564	0.793098916430245
279	0.377500260133122	0.319062937876123	0.280081479514002	0.540645774508394
100001198	0.974658598550572	0.965994473716511	0.28058968783173	0.682883796469106
1648	0.406307841555162	0.968366359832488	0.278931640108435	0.678612725580172
100001590	0.329024537286875	0.278610760226109	0.266494019369005	0.593321622855361
100001733	0.394562099544129	0.86075396907305	0.275205505661392	0.690636954131347
100008933	0.0142629992409444	0.00208285781628177	0.39025158377057	0.645468619390786
100001550	0.350057845328192	0.5072150870783	0.263335638660405	0.628158775456426
1215	0.0682391343083316	0.221919807673353	0.234650160514433	0.634225924779899
100002356	0.27056567970873	0.109180579325497	0.3369181013207	0.688250806902461
100002749	0.709642363259389	0.759562750996988	0.281141895933488	0.684467726314839
100006379	0.160428203755906	0.160037371491681	0.323994283854618	0.425654442351092
100015966	0.0802084084091537	0.158721945948308	0.304517940278768	0.506570278997428
100001392	0.627856239522045	0.947511689923344	0.279595240055599	0.67646440267138
100020425	0.123015147197272	0.0451632584671394	0.232073339788715	0.434638911399776
100004299	0.310987968028829	0.786381497157926	0.296823221153406	0.729625626202171
100001734	0.567733321639238	0.509876532927107	0.294493408392519	0.616621696722215
1002	0.846940767902198	0.833802082437136	0.279787886400565	0.677627629724561
100001337	0.299858575079003	0.783296683985543	0.264074819972759	0.680110970829445
100001452	0.807492499910714	0.769523741999176	0.276635659042155	0.650817856070627
314	0.527036207189874	0.385964110001004	0.289877985629394	0.697405250459649
100009264	0.997152867341822	0.543923873431746	0.22307729665604	0.803192459253926
100004634	0.452592502216681	0.508434968447488	0.250800003585279	0.693451711892579
100000711	0.734447061953042	0.711257917223916	0.306841757655914	0.700787113602482
100020536	0.0205574573745112	0.0990928627706228	0.346024405139588	0.78948313606786
100004318	0.316167744441863	0.553780837506771	0.284914512846856	0.66930255197201
100005850	0.877340892380107	0.479587327180762	0.354862572546979	0.628284920895493
100006619	0.317857621432487	0.131281896230099	0.313232922538069	0.65387749769251
356	0.483874687329538	0.68996787813687	0.269010225309282	0.692800581372051
1221	0.578865622573346	0.57600705708545	0.359637781973942	0.71556963021273
100001397	0.749627402677422	0.675138618009754	0.276774883023144	0.664962163558908
100019981	0.613883581993286	0.904041902919476	0.282379890420766	0.694828703997459
100001208	0.433222061693254	0.24893307338874	0.243342095361817	0.963306988730396
503	0.0116320374368209	0.0113252192449045	0.171042809686471	0.514950351841604
100006375	0.146127601141174	0.610115845783709	0.30316267618197	0.655164575854694
100001295	0.740938335891714	0.662798947191597	0.273114697150271	0.759520566286185
100020427	0.0516302973214701	0.0265537890043598	0.270947470922953	0.382045433045709
100002784	0.50692401226814	0.375779710287757	0.237754771126253	0.74447709224506
917	0.0579755722969835	0.206224949392737	0.305747365297558	0.62800889303183
1869	0.382447561698356	0.215355172240308	0.300285426336997	0.563043008136874
240	0.243084276475355	0.108316939528879	0.175818696592494	0.482098659302459
798	0.00529308016445769	0.0965612332704721	0.413959591522336	0.613577798152749
100002952	0.221531180302741	0.538850199538045	0.276449531760375	0.745966959955087
98	0.622853587287453	0.833017619513568	0.295293903135543	0.685144284208944
100008998	0.315294340471388	0.350221541289067	0.222601641228104	0.739677185743854
477	0.896142321867439	0.29782924515437	0.286905707241985	0.680493672362579
100020545	0.0856446357936295	0.140430758043398	0.323197129697546	0.846836098403115
100021666	0.98736793660775	0.24040950593862	0.318556293998119	0.672274761031252
1256	0.524754872102833	0.692259120787018	0.325682886355589	0.715588603229141
533	0.322567326351505	0.0826029669888695	0.199878378881179	0.438035582365612
100001757	0.450902587668413	0.915969156278665	0.285762539431421	0.673696851696721
1024	0.306657599608651	0.0823836295925891	0.186227185488609	0.848437626883179
267	0.479111409280217	0.970749271373767	0.280743642450824	0.677064711861487
100002113	0.104824904322533	0.089324431063756	0.270163817077267	0.705639747294907
100001756	0.862708919005879	0.728675554730511	0.290023777058257	0.697301295060479
100001193	0.456083516947165	0.192529874768797	0.345345737153943	0.624942602981523
100001668	0.696721705012239	0.992286785062364	0.279995661228515	0.679577083486707
1124	0.325825519442996	0.312740393996056	0.247620487856405	0.773464141149845
100021331	0.168682803650572	0.330104510622855	0.263423285539607	0.724480847885717
1090	0.0639973671065437	0.0425809833258081	0.262626932717264	0.815223400736411
566	0.842111239871027	0.341701994921247	0.211006234790748	0.683481739334975
100003119	0.483755075055547	0.295090860581746	0.307056348827579	0.608690492015922
100006367	0.755627480183768	0.56919872069996	0.289023150612377	0.659416143355735
100004322	0.220395239992704	0.245783767984362	0.285779435351194	0.76193234043264
100001034	0.687292904726537	0.828663495239017	0.275808921251298	0.670966643073024
112	0.919279233330729	0.926649660866346	0.280436583563526	0.67128866864448
507	0.722832515470134	0.778650437552894	0.278093394591048	0.686394837078772
100009233	0.322403545393108	0.192351181021785	0.255462478576514	0.692192298137385
100000406	0.018189310175467	0.145173943924088	0.442796220267904	0.489051394347568
100004046	0.364941214955488	0.386918828372467	0.175319764906883	0.608470271826172
1025	0.761671426466454	0.695554315570081	0.268629692610324	0.698489731694366
100001106	0.169444570916562	0.149735791035688	0.221853947197876	0.699850308977733
1128	0.0293057170515628	0.579934491392602	0.30891379815203	0.724588250445044
561	0.0440939672582964	0.168915021457402	0.194741973398635	0.60271154827931
100001614	0.865977788597883	0.380429196131348	0.293129150860853	0.655234900180128
100000961	0.860095192961244	0.97165318071126	0.297446750255788	0.689798203861127
100002397	0.901034472278681	0.629896684753994	0.278623640957407	0.615833707958059
100009407	0.971812751734032	0.97995782676664	0.280319974015809	0.681298409323839
100002910	0.883297412312715	0.61987282312066	0.255754579560015	0.614685764858697
100005946	0.267667954909156	0.344282494107091	0.31857966268592	0.770182764958059
100019794	0.0964888484745096	0.287578992353465	0.279659025834607	0.832873228684513
100015759	0.328438733260659	0.100398396711091	0.235493844694133	0.680518910066953
100020417	0.732396800738505	0.59685506350226	0.263912759159901	0.647966608200145
100001054	0.720238606349858	0.9339809677628	0.282713565380927	0.678835349456039
100001437	0.331331355076347	0.359400178154074	0.234493292781838	0.604125489249922
504	0.251514559223433	0.702526959248269	0.327055629789676	0.685953620164863
100001988	0.464983367499984	0.665719450898836	0.274355243038482	0.831362339595955
1082	0.0296263695019113	0.602991299978863	0.309870881431587	0.70478712941273
100001403	0.316323682999856	0.309021598554827	0.305714293219058	0.640305128033783
100001664	0.958049231633604	0.564601296271602	0.264827600026074	0.841082609091501
461	0.267796834877133	0.219880190524636	0.446164687149989	0.65876360991617
100000463	0.684734076929743	0.996268310742835	0.283926086752873	0.678187111166041
100020208	0.556974866611131	0.539506926903151	0.318175378546345	0.574190358211711
381	0.521711819087269	0.0691496645840717	0.126812999321856	0.518931334881878
100010901	0.0845262144617548	0.0753226812075224	0.279574188187808	0.794530040979843
100001468	0.254715646828575	0.955241241832784	0.277654605353859	0.695312496589345
100000840	0.95575406122332	0.852553462055058	0.274593742028897	0.693775017680636
100020014	0.243078697122153	0.599209405038756	0.273721675247481	0.69431257129592
100001993	0.771340664297335	0.612772958445329	0.233974607384392	0.832205220700711
100001051	0.105636132347279	0.0215942307870376	0.306200370212795	0.3562941042152
100006116	0.386586617325643	0.517156783073338	0.283442438219334	0.679036313865349
1108	0.946255193181974	0.996372335202479	0.279777667164975	0.680085805671325
100019966	0.363341892475761	0.125287582880703	0.329395279213752	0.633258873317143
100001743	0.636035129006356	0.434239430547153	0.270425442166374	0.66153085148538
100001294	0.110837319738562	0.183336858118072	0.201001109646689	0.749396822062509
100001609	0.242279778362341	0.112621724831185	0.270005741071611	0.789002678786354
418	0.789829309205802	0.984701760915694	0.280364642687189	0.682694280181871
100001178	0.370909952063223	0.90032314739258	0.277332100890601	0.667326720299746
189	0.985540335764013	0.658076884418793	0.252931576464875	0.642159675679006
563	0.515861478196685	0.798964279408876	0.294533185184455	0.663848389145023
424	0.604533154044411	0.452032675605268	0.310493574038	0.660055372441946
100000776	0.130154481617693	0.333627132083164	0.321148334160154	0.686188672865815
1001	0.970107066074353	0.487241196696828	0.287991661411293	0.689263355756973
1135	0.327938146731304	0.0955089598428505	0.267057401280988	0.734998561280383
100021093	0.356337486813958	0.500772204827098	0.323556867446618	0.701265021085587
100020219	0.124684379282446	0.231528609481825	0.288595258514425	0.565678927178338
194	0.466784865012239	0.828342269421325	0.286910786137678	0.651085951898876
100008930	0.727648098085395	0.634434294904964	0.301720708908444	0.65786450383026
340	0.619430785715241	0.243340245005059	0.175503618376696	0.759966370305603
100010896	0.938812946510998	0.761664512379833	0.265355158419964	0.687698279513673
100000787	0.212119896069915	0.100487210874191	0.269394054805595	0.382011271904035
100000639	0.0300250774246762	0.215452818249588	0.253213550088485	0.689461292189415
100001851	0.945931936580591	0.236152710678489	0.307957325738618	0.451782207955637
179	0.565768173552257	0.622363208953338	0.273448330912303	0.691706922014061
100000626	0.400145839690104	0.733820720439049	0.291287963571826	0.680652062216099
100001605	0.0101065122137836	0.0862536387222065	0.364360270617407	0.778143115723702
330	0.252995979794886	0.4195636486978	0.308213583569148	0.544085922154413
100001162	0.745432929098506	0.574810678818221	0.247853155573634	0.641222738135146
100001167	0.043730853966797	0.246476972725552	0.2767043481801	0.664622641860698
100002067	0.580120285868461	0.792238825142251	0.355162161949461	0.625010433560928
100019968	0.65340397681781	0.377997898325012	0.308886432238314	0.616044577453482
100002014	0.944417036089944	0.98087194568767	0.278447278202942	0.705928206342731
100004083	0.405971426547095	0.124711594656328	0.319795832804579	0.55095270502277
100001315	0.311165782862268	0.38512731276101	0.292838854229739	0.741703054638278
535	0.223984236043309	0.526757690609434	0.30409340819994	0.672671667050354
93	0.407480571072791	0.241478161435915	0.317464891457743	0.510788576849321
100001989	0.353218149591531	0.621292138927074	0.25795761498428	0.726436833717347
100001740	0.762600046156182	0.409132919524814	0.253883903611669	0.696180509048677
482	0.200158158481943	0.930221014308272	0.279585774524911	0.67178257647794
1629	0.275019324638484	0.430085573552633	0.330527437840627	0.647381781369925
100001399	0.46051931234712	0.373762643264824	0.294767393763439	0.680973831220716
376	0.803499709770939	0.162103702629703	0.172800329577432	0.791812327330492
342	0.606504010033174	0.579529220617065	0.278403928787306	0.678957794692054
100001253	0.0269454918203625	0.1819445652631	0.235797771968402	0.885369020031895
100000708	0.615530957015066	0.779443465795482	0.29791370455598	0.686324468673089
244	0.195455356424309	0.0542780259431124	0.233408197930312	0.797949081882568
100006726	0.416984778822912	0.279859300221327	0.326667100911847	0.658822256076941
100000036	0.176697470154958	0.657790799845892	0.259706094028246	0.717940037754285
100001257	0.0234401217151104	0.0848473444725818	0.383888616924428	0.939942782575309
100000445	0.614451485400616	0.634277275270947	0.303164422313216	0.634982903467341
100004088	0.00415371910388958	0.110875701834762	0.321567833992636	0.747121523403499
100001423	0.997126265593792	0.746317816751555	0.282677986898115	0.650937166145103
100001276	0.350332830239896	0.268466979349653	0.254233608366246	0.596794436053405
100001876	0.775304141291402	0.943232121258239	0.277458364798161	0.679733021791385
100009082	0.621626574996066	0.0416419935659483	0.126939372837335	0.658908834028216
100001121	0.343215673630207	0.729541870333152	0.274666926331542	0.674388714113132
117	0.323383492484745	0.63655434376924	0.262463557027279	0.697943075735165
100001868	0.0371451771800042	0.111201090321512	0.331365144986942	0.68295299699682
1134	0.655006865384429	0.288832812530121	0.188253692535127	0.656842289339994
100021012	0.239891244667417	0.476182196043567	0.289334528648537	0.709355612197397
100001181	0.774140240857382	0.271418511449579	0.345395171866481	0.608992403788778
100021467	0.727727989022903	0.294267211035762	0.282607343303516	0.588874593844397
100000447	0.237021581910034	0.255029217828441	0.322324970367724	0.644617725200806
1162	0.000487211198450312	0.0125176528345764	0.369487169123963	0.585696733369942
100019982	0.48663787382795	0.486803039290793	0.290370361776039	0.663343434391607
100001613	0.995074548236672	0.456915504384718	0.29357773680394	0.6477271718527
100006644	0.38518560761895	0.631467408717529	0.261955788215878	0.708239474324288
100000096	0.569893258575789	0.0265633136022335	0.183016526580844	0.65480773726322
926	0.521498957396411	0.672985075283216	0.285430780947383	0.683586005205959
100020004	0.783306036023468	0.724475401202293	0.290004123147732	0.671183158422207
363	0.1870797750822	0.0453146443120392	0.253536006665083	0.260519777767556
1111	0.395800083880988	0.969872010322842	0.286575206099115	0.701807941285218
100021712	0.661034692358229	0.806241147706069	0.277505438662999	0.663851650182308
460	0.840937734436174	0.688089808750864	0.289782437754883	0.715319514010731
100009331	0.341145643277715	0.205654846139465	0.250111460760617	0.703950210446663
100000442	0.258652874311784	0.723539907833816	0.300884945105843	0.693544213406895
100002945	0.0913958806451377	0.0177203421014712	0.367564581796703	0.639227969469465
192	0.875074683831557	0.926482758825797	0.282491331743454	0.702041944164222
100020241	0.417992147961822	0.996200657613129	0.278687888641018	0.677986767274162
100000580	0.133665295887843	0.137901859468506	0.236911656357137	0.914138878230426
100002466	0.00641980258721719	0.0199020635270041	0.235596146943029	0.432630391381106
849	0.714028233096222	0.602975840252385	0.282463347972937	0.628201386771673
501	0.507511949460454	0.393268932785967	0.310218661429313	0.636453000247663
100000282	0.674922092117785	0.133519888574067	0.356821314850194	0.576773104340423
100001577	0.0300210410776254	0.177227825331771	0.385175168584269	0.736331773617608
355	0.0938083965494942	0.301290693841561	0.234684586009582	0.578339019925811
100000841	0.763221598998268	0.976384916256659	0.289838503638999	0.689249021467869
100000846	0.816009655728699	0.352511659435628	0.26910970703632	0.670752548868752
100004295	0.878972950521381	0.399606327258802	0.258057194230344	0.630594264469117
100001586	0.106748113425879	0.047337737913667	0.395531965875976	0.337789595636332
407	0.0127130996572507	0.0316114485372693	0.30980573239253	0.739334201526917
1137	0.813711281069318	0.705661988111989	0.268081434488556	0.72263901132977
100021374	0.0363604539516783	0.0143137429763089	0.212952376787194	0.921673627714918
100001593	0.680292830796054	0.836531327636028	0.27413790821931	0.685133307502581
100015971	0.732773168798456	0.743310539102656	0.273481904467737	0.679081264008687
100001022	0.351413782970279	0.1792510735945	0.174197452305644	0.944316896983647
1094	0.0614281292716523	0.243774795911441	0.434071701130214	0.910872049581182
100002122	0.246100216690398	0.24517155891942	0.233181889560185	0.787960784081075
100000706	0.591279849690715	0.588109308932959	0.24272884700461	0.676019512890807
100001055	0.788199824493468	0.40846586208376	0.252640923382165	0.619300338210412
1235	0.465103567493157	0.712733826687745	0.266096660255252	0.710864286502467
100020204	0.0863279644384076	0.499914168486424	0.306294069554439	0.73070440109672
100015643	0.0325858985035778	0.289086334953988	0.30638351012225	0.634798742700311
313	0.0201566862911495	0.261050732058066	0.296507426957376	0.619797675141862
100001413	0.819144602111871	0.91747603599413	0.278816985590391	0.671777592213826
100020423	0.0183888859257118	0.014333251790947	0.305845214216094	0.355846166909547
892	0.4629219757892	0.145247287219713	0.306623800500843	0.709256590840309
212	0.0648164632541935	0.126886390940625	0.3690573586304	0.652679891095149
100006105	0.193060538597763	0.181865790102472	0.318687880142119	0.688573124784496
437	0.795623599201026	0.579827062249563	0.259279073416199	0.695267505990005
100019892	0.472823994819582	0.781884913524769	0.278107549903164	0.703196835053606
100005716	0.0756398990823252	0.103987839563834	0.301312398643516	0.762286447757985
537	0.216217089038964	0.11159341931998	0.285861453981757	0.698787907609892
100001990	0.291534842782081	0.60002399514513	0.319449310185589	0.626174131066145
100003397	0.0317162377582489	0.00384653160261593	0.220301134761476	0.44029553307005
100001320	0.119070263046059	0.218663315380866	0.356518594871145	0.439223051380079
100005717	0.130834862494881	0.0899866697770634	0.328953043069296	0.71652185402992
100001207	0.0313449704941341	0.18079196285152	0.317641540860091	0.683858824577193
100001999	0.526395983929124	0.822985448132379	0.2706675569829	0.773331317597918
100002488	0.228357345173138	0.0177835693741094	0.327676981167042	0.612393886236545
62	0.196908352529985	0.67970521394237	0.271149168945927	0.68633763119737
100000467	0.603481044081448	0.444573722727195	0.266646235523603	0.649004421609491
297	0.00498512035411609	0.134090135666682	0.287732540910763	0.652894347217603
100000285	0.0298783332251331	0.401904763045132	0.281331009097789	0.770719054174827
100006056	0.0608680690809725	0.388023606312986	0.296753333956395	0.726940824502592
100002126	0.127507794693102	0.256132760638679	0.217738409594132	0.988353851815759
100002129	0.788713505208231	0.780257795225343	0.2655480894142	0.786361334874208
100020478	0.0336607579317097	0.206457396159283	0.250453323201353	0.706369538285855
100004089	0.0633787410593634	0.537751452291288	0.298680442305689	0.635314729126557
100001755	0.512766118538969	0.589951874177449	0.280461434613799	0.636049338927066
100000551	0.0325164397245061	0.995346900209551	0.285358748161565	0.679315008357933
100003260	0.486766186335143	0.320264852549774	0.31513449270161	0.756071438448125
100010955	0.823988455023178	0.401449187745567	0.22472819473611	0.578329627289397
100020851	0.214938256867166	0.45846382282889	0.302079112525734	0.702682535329578
100016069	0.671606942394727	0.806055718233635	0.281491845655063	0.664258553991617
100002027	0.497240570898744	0.550382192585823	0.218589593970489	0.792922637919664
1123	0.393833018056493	0.201208131961771	0.266747981713387	0.801446948007526
100001150	0.715471542024579	0.990101635647195	0.282927895719561	0.67920595522935
100001657	0.280480895079973	0.687675135449991	0.27959121263394	0.659428080452777
310	0.259354513036293	0.352880296179665	0.245800297688518	0.778799517446577
100001314	0.303347265046267	0.11939699909797	0.270050217277416	0.575707448146139
452	0.700837507540237	0.631999094521829	0.315043702114601	0.648971920587138
144	0.0917918487215681	0.0534433972031486	0.340957137976094	0.538286135973694
100001182	0.211293791536589	0.155941995291507	0.344273361733563	0.6637447132537
100015965	0.740869229382327	0.468414981996672	0.266364072858346	0.7470769113496
100006108	0.94765060540114	0.486646943789537	0.288506614551254	0.714555386585213
100001400	0.714639280425902	0.602619739073285	0.261707785048703	0.664027080829144
100004541	0.286109957733963	0.200130815271089	0.272014646772227	0.428097369958583
932	0.849412062062576	0.337646595156929	0.285949877014624	0.714918189621223
100001992	0.444232829063741	0.553758219534187	0.393018246146504	0.575885318230909
100009252	0.13021919936603	0.19200885739523	0.33828204371418	0.660495680490057
100021104	0.631505754181541	0.567544474970581	0.230942148605875	0.813936624384214
100015838	0.0101445483224897	0.0419968031039113	0.410710908131581	0.931775059806729
250	0.000942529808624765	0.0219831555668764	0.511045040664057	0.767336934188826
100002537	0.971444438514608	0.521330765993658	0.260069630743369	0.783513771521273
100001658	0.830701085766881	0.683800435575109	0.30216342375752	0.663211502808909
100020416	0.290303809194076	0.351092217719519	0.246321115480791	0.652538308526796
100006642	0.223510479116553	0.741175881216241	0.268222638717507	0.706023269020766
100001391	0.0922482429684912	0.344950757938275	0.363251697725097	0.800013950167912
825	0.563892642183131	0.686149672510414	0.253013643014013	0.684512694483325
215	0.0179082595952248	0.100807268847181	0.334500546307658	0.669867727440431
100001026	0.997748789314644	0.882412005266066	0.276953307291127	0.713275590743722
100020541	0.406644730392977	0.434873637555152	0.243036429593497	0.725071448791202
100001526	0.222978262219642	0.284144441093382	0.420377960467957	0.788589077311511
100005384	0.506571491434021	0.406459396014677	0.261332866994475	0.598706079974592
100020378	0.258130366706375	0.698877585681919	0.267832971052723	0.683959941859884
100006115	0.983279813980305	0.260290752419184	0.3863682733821	0.500174267667905
1442	0.207850998598537	0.0461828419466401	0.12045210860033	0.571758854875174
100001843	0.150331990168917	0.222408141537823	0.304182829146178	0.767254410849276
100015837	0.130351933672195	0.259352360719168	0.501606322612157	0.636942942633859
100010834	0.720481487013141	0.969121735215011	0.279269717269215	0.676661446243126
100001393	0.589184337124476	0.418633583629017	0.220590600743261	0.71803748608579
100000015	0.316198248789018	0.583083965560446	0.261679472286477	0.700794925213995
100003892	0.0465231028693154	0.0464370286625637	0.243018848398025	0.937950037270777
100000042	0.186843191691859	0.0264187818003591	0.297753817128142	0.584879113603801
100020550	0.579841953268616	0.220113391903052	0.304014152679009	0.577324251555284
182	0.434436959261176	0.344120762975988	0.269344754983632	0.697627490355579
100015723	0.133895490232794	0.430016396591394	0.284190930910176	0.664889216158185
100020343	0.373449564907207	0.447564292147487	0.250911975294272	0.682218006622979
512	0.347305052920674	0.621771855109905	0.307165211452742	0.653078241512668
100021100	0.754137019125751	0.690492902945608	0.26764122698313	0.684208154497174
100002528	0.322923378775603	0.0688202603250485	0.334731693604359	0.458181097528194
100001287	0.469085236367848	0.757116534871003	0.373196231709375	0.625928825781742
100001229	0.714138273738396	0.886623655782975	0.288104748158296	0.667835769167057
181	0.382335688540944	0.854940506265857	0.274948903505493	0.700099016971419
100015831	0.00141710037623437	0.0190076238966533	0.383231499228539	0.472022237357273
100020515	0.335562903335674	0.483101302865472	0.232663897124818	0.827202051448875
327	0.204845686097329	0.248867354552271	0.344865214128381	0.640778252926
100009394	0.627088650384211	0.73062770625972	0.263058228327985	0.712633446811628
100001596	0.900013352130804	0.239297849328772	0.252891988047593	0.51445582880275
207	0.849220044722464	0.473171169035541	0.292939691807687	0.63802532197485
2054	0.514421686030503	0.789524770469042	0.269930410471173	0.6917769129808
100020259	0.664120183814692	0.57209791314693	0.304779717327628	0.663177721573774
100020414	0.00310381007003055	0.038579813316326	0.199413650916538	0.640931367113715
100021131	0.83399044633694	0.256269516894856	0.264323228586893	0.623819926690301
100004499	0.857437854297113	0.741367515483645	0.272557285338516	0.652265892968914
880	0.167302424707221	0.740993362254212	0.305447666719251	0.674029959313884
100002049	0.532217892087091	0.322441383048801	0.305733192829875	0.622251758306833
100001739	0.553389401784647	0.257946602280191	0.352960210975788	0.636463945558045
100001126	0.411775756348364	0.139150523816007	0.180868552035888	0.550523481212393
1113	0.63325237739462	0.815082232307556	0.293807577488209	0.651101135532693
1083	0.974204886971517	0.293752981335102	0.307244073590996	0.585544108285535
100001730	0.0792979499140908	0.188305771672141	0.324974832636854	0.556758235292842
100001412	0.590298030119316	0.987568739955242	0.28013534288607	0.681982489673253
100005996	0.724691190845612	0.596366415964391	0.26963838456376	0.650863398233679
100015962	0.0073634937136114	0.0908838446850913	0.211687538658859	0.984078260079172
100020214	0.71468324143378	0.436068195493049	0.294095101055821	0.599802600679695
100002514	0.11970790413456	0.333537421190026	0.291370401539886	0.616954676078945
564	0.180255937612142	0.0547232047534531	0.250958773253299	0.570068952971542
572	0.0236292002393251	0.0199547379678131	0.413338238063968	0.549144653584631
231	0.982469812547801	0.686517539047363	0.259401430592383	0.691462497328527
100000453	0.882087302776991	0.713668380353508	0.267241593098981	0.715905748166395
100001007	0.118469408357369	0.247666334746326	0.331500399101329	0.557372385770534
923	0.608615810462711	0.326171194556611	0.265998455154593	0.733343697201167
100001247	0.440801477216415	0.552166811085729	0.264822839446986	0.66469444689534
100000774	0.563640176881421	0.886802603696966	0.292294916292549	0.693018415195362
800	0.357767081720581	0.363939743488702	0.296873320506909	0.741690340221713
100021678	0.283533165838772	0.383859368539996	0.229240988240364	0.669551286425094
100021711	0.437782627516714	0.817629551542682	0.294873669386438	0.686869000069473
100001274	0.766251978673894	0.394990225416182	0.269945857023918	0.528643487482279
100021220	0.131589634290154	0.161584844799919	0.351466761088233	0.992509662761039
100020253	0.387974076434532	0.952727527639569	0.278174362382618	0.682651044180162
100001170	0.76578254820049	0.170709799758667	0.256388776401625	0.576328391640016
100001466	0.266167122533049	0.853269256613874	0.286171318890938	0.670963318533751
100009406	0.704806716634863	0.662101734837638	0.268381372066313	0.698085291147797
1026	0.188399462894083	0.443798528189543	0.298987138980203	0.64875507220111
100020837	0.73687593338422	0.397027185504673	0.317728039831955	0.588190019976015
100001006	0.0712195869254783	0.0805543950875727	0.267598185996417	0.803216398078567
100003674	0.751832580279751	0.126134884893594	0.278775547740265	0.672200232717118
100004396	0.323492600920557	0.418453202058984	0.320894887390963	0.575064137596077
100015923	0.544549073095541	0.978563343796756	0.291752406502027	0.677911250592337
100000265	0.458840449988739	0.712199100043408	0.285440973202711	0.652607515230867
100001409	0.0858941228104173	0.119089171423487	0.273884793769982	0.518031134832459
100003434	0.39165130094696	0.543456534591922	0.283161938602533	0.603442691162304
100001334	0.606678385628805	0.0726460552791283	0.350095168442362	0.561068927469955
100001102	0.711409406431416	0.763030523232662	0.288505259267194	0.65955736510797
1268	0.621719478851198	0.068075483320689	0.172073867364476	0.629435634420982
100001300	0.23755797470417	0.0904225137828628	0.246462560958867	0.683152762871657
100021324	0.234395195554629	0.711519913427866	0.363553198988177	0.67297139511131
100001617	0.111542584197233	0.102297542812683	0.270919192285695	0.71653731386205
1105	0.955349663360329	0.173560544879984	0.369824614253446	0.378511194103292
100021502	0.061952302306156	0.262290358530804	0.269261263860324	0.707288833098347
2051	0.82932155156284	0.577266719446408	0.278834283748847	0.576740462676815
100001256	0.149866421217279	0.512429878937637	0.313356559182919	0.809744666570422
100005466	0.0591245025567447	0.0827208542200297	0.322114615743386	0.480289325109974
100002199	0.117325552128283	0.6852898325343	0.292102711138679	0.702870979738708
338	0.0166360998304476	0.0480642757818431	0.443873182720896	0.437219778759189
100004243	0.431368141103507	0.517953109277959	0.256871011283437	0.697141628688766
799	0.445248223434906	0.972133452734731	0.292019510974476	0.677677994200593
100008928	0.580381422354508	0.107847041743637	0.28147250751191	0.672527153289701
815	0.0858568821120141	0.267189848766236	0.283301373569582	0.756702500206573
100001456	0.00548428832533786	0.0693888714157053	0.261094692764755	0.57871887030222
1242	0.078513012773683	0.085991934796691	0.339947636143147	0.489129686674203
100001416	0.287860078727919	0.108102963700903	0.191878854848571	0.426319324341368
100001462	0.365510982688617	0.317416012833413	0.33325009376173	0.636992937356406
1087	0.191836917052381	0.0372263573276517	0.288733376123349	0.635959768694943
100020421	0.0700964844653632	0.105206779356187	0.319477361764055	0.444366121068409
100000010	0.00422135223851552	0.043822172188334	0.290545986809409	0.722641842252491
821	0.525444593907422	0.383387240318704	0.311024791542214	0.535795509230024
100006627	0.258557646664777	0.143807087536648	0.392116912545262	0.581649448548114
100001277	0.361285963554948	0.159525475386865	0.329281716470849	0.634958012548386
100021141	0.0341234504478007	0.183209792692677	0.322830799356144	0.798156233412803
100021105	0.170913200327988	0.2733179781393	0.299463298449934	0.499014909421236
100001950	0.00036678790410068	0.00682988407892417	0.357246581811769	0.842322683042622
100020217	0.897589682048126	0.274030717671038	0.192436618259321	0.498552834865048
100006651	0.0243830665145888	0.142127751793028	0.320717537019436	0.428888367768945
881	0.923666493701321	0.230443294434282	0.245491680746403	0.686024731616039
100001509	0.673242495651898	0.139654718210004	0.244110497393262	0.593892560772613
100021709	0.588812847485438	0.819282167829206	0.272619647741924	0.685138684662531
100001635	0.30638635750688	0.0391522453132064	0.305582029005658	0.627470691682299
100002613	0.451613009451703	0.121361645582065	0.260140836429645	0.764583291674167
100009329	0.53581607096924	0.647471516900458	0.24672620962299	0.833624156811461
100021123	0.878937068373291	0.61035968432748	0.2885257184343	0.594573185086081
100015760	0.256271807694715	0.16155518264875	0.229466915341657	0.710124537603101
100020205	0.393229175414865	0.421693725169629	0.324913244340369	0.505810097368998
100000765	0.568249928317256	0.631171488910666	0.274528759231394	0.646517619579109
100004111	0.3333237807033	0.167851267365043	0.308075662630524	0.647450581183147
100001615	0.190010915711141	0.828786332073225	0.278569820379331	0.676306530085791
100009227	0.205183552911483	0.119140633800235	0.392802291715715	0.82061736455193
100006191	0.380815448966925	0.580721794275489	0.305985691007224	0.629482990952344
100004542	0.473770913105768	0.375843639818795	0.292039925376352	0.71898340913057
100003686	0.313034883534971	0.128126982665642	0.389771360104189	0.609928140127448
100009232	0.029546725030478	0.233076346127689	0.277508511099126	0.583123961916497
100001501	0.0452919961176966	0.10381786513274	0.36780360371325	0.728635526244221
100002367	0.494078155572913	0.250123514374292	0.264536176022752	0.533739183414076
100001108	0.332964835296718	0.699853592876667	0.275969833170993	0.666240885672821
100004227	0.654007605722015	0.918389550256532	0.280072488299568	0.672411208366093
100001310	0.192644398151098	0.290178563051147	0.261920521647238	0.786759760343335
100001994	0.818380692380544	0.908464655026662	0.293489956619114	0.743328667453725
100015839	0.0121806660293528	0.0140588989704297	0.377596607591473	0.777273327257529
100003271	0.00503883382323145	0.0785169718054245	0.368148640160041	0.490200762915169
100020496	0.842350676625343	0.943167186796716	0.27939378666264	0.685129535682839
302	0.72037186513526	0.450569443400652	0.246441583312349	0.643466106907382
811	0.769363926305679	0.75157264732084	0.272859074808884	0.712234660726734
100001267	0.998198112094343	0.757134642746804	0.262157284923404	0.675131367224661
100001197	0.0254711740489772	0.344876751964072	0.317478625485908	0.689223520853302
432	0.197453246918893	0.455642125335597	0.3015964131642	0.664568364777135
444	0.0111790394783979	0.0576110507186205	0.315603305945162	0.810158176776166
100015968	0.359845983061734	0.407662931902867	0.274412913733793	0.607679087296146
828	0.8840855907603	0.972209137657792	0.282166753059209	0.67694611416076
100004054	0.255813028259409	0.863436770193121	0.280873278056898	0.683166879575057
100004635	0.0938146867715398	0.134039760989083	0.643152057307939	0.403253882948655
100000491	0.451330844748872	0.577415776463094	0.271899711434306	0.587029161601184
100000939	0.0444703099952028	0.0337741715627292	0.297501257574729	0.576373325761181
241	0.227461331732399	0.633175040429273	0.295759362451648	0.695332193841011
136	0.359599147019698	0.0702157914389406	0.245514595932823	0.868554113284287
100000792	0.565860023361599	0.95750645167146	0.282340164632387	0.734388270634339
100020973	0.580611834753257	0.680289892547165	0.295247205341035	0.657693149714916
100000936	0.754397355893353	0.846197378236201	0.277627482359775	0.680939762670502
100001313	0.0065921477790065	0.147080811464399	0.299388892528167	0.74449710260475
100001951	0.0463263641428264	0.0898065589968332	0.317038505305938	0.67417529970813
100006098	0.0176576778624658	0.0935934184195805	0.31734898489587	0.798632143219783
100000007	0.219161778508852	0.550541267721796	0.289862623157027	0.690656639560809
100006641	0.888929669021575	0.865964637674077	0.301159034571747	0.679956588271424
913	0.0106794635231612	0.0609914878810925	0.348728787329084	0.549782312503843
100001579	0.80150058535968	0.427661564318015	0.308521572834674	0.68046056659827
100002911	0.153605879869699	0.0126422983017947	0.355193458812841	0.615778075459131
100001293	0.268395235007745	0.380646538498276	0.244130228054762	0.807735251047843
100002241	0.204930870539614	0.513117140974944	0.295249438067771	0.648508787863784
100003179	0.404419000469506	0.0837068106344535	0.266660007407526	0.535414636878215
100021372	0.330945117903529	0.236637487502379	0.209894801734093	0.686063522636575
100001956	0.332656146902433	0.542823303577683	0.281801955901003	0.599431012637639
100021162	0.205168811434664	0.167491403659499	0.265356349238395	0.505577878978121
100002259	0.342862308495487	0.619310178678837	0.258649158549468	0.674337640890728
252	0.423610486997335	0.611493409423533	0.320878803005779	0.628505844490981
100000707	0.443505722167852	0.305857640363328	0.2729010912652	0.682249004970868
1489	0.671393177857534	0.0198017405238085	0.206783242712291	0.653967020223562
100020361	0.0285177696794317	0.0872321827578039	0.314761765433387	0.971967757476863
55	0.753854984547404	0.92637952365199	0.279109744057329	0.685759536585449
100000863	0.257994531084049	0.255647546840804	0.242230896893106	0.711498565661197
100015840	0.161979946948377	0.101231491846244	0.379900264934131	0.651729005978583
100001541	0.150726821711251	0.0746478652104074	0.1888586963798	0.672617810041256
100006082	0.149725548401246	0.0552213002888683	0.368176659785039	0.677620575415427
1254	0.700420517367592	0.923013292582127	0.285119661000822	0.697654179041356
100001624	0.497315484145307	0.356268061217487	0.262892211567114	0.656266116524576
100015850	0.926862310096178	0.604708232625928	0.345537292398495	0.649579600537616
100001104	0.00323907415983109	0.0149171198907096	0.320003359911511	0.97048665925891
100000900	0.132716667603482	0.435055651004713	0.287869383070134	0.681234292501516
100000269	0.238748496146541	0.0900600141047692	0.170606568480474	0.622844020081099
1022	0.22843593970225	0.978907952394078	0.279453389719607	0.677479917576752
100005373	0.211204255646316	0.078044285376086	0.248702413169603	0.710329992365332
100001129	0.128936779784091	0.735315258745077	0.271026523224859	0.706025618166999
935	0.0122150515463566	0.127340457831142	0.363792147308377	0.54537558067031
100001262	0.159949426762532	0.208181478281992	0.292125487837509	0.709377591404648
100019978	0.307780252681083	0.635909994356838	0.273253916793322	0.665546499389933
100002293	0.738344083342393	0.793205654271337	0.282282524051043	0.679608153012276
100001426	0.195781204481927	0.260174914152507	0.282057798531001	0.514794036167712
234	0.0326891615264133	0.137655659051983	0.275533639247367	0.652925669678192
100005403	0.239961285569764	0.959368585367163	0.290258608732786	0.675966861850943
100001083	0.0434549015486368	0.332977136441326	0.302525805109609	0.695402469774108
439	0.716674996156168	0.326642725775734	0.299207310976986	0.672573987800157
100001086	0.348361166710496	0.424551809625011	0.292810000796415	0.75595750886786
100005864	0.739664699124017	0.455881594307431	0.256105851638127	0.743860981176376
491	0.512387341172694	0.91166469855305	0.277770752517849	0.680082193271332
100002029	0.475394049966999	0.421913048985231	0.265340238772828	0.53910309689126
100002154	0.807519900077668	0.470839013502844	0.247134427767733	0.658163664050989
891	0.506313051540124	0.206294251502207	0.311907754836367	0.645547441792767
100020261	0.379672122302992	0.445130956162513	0.335077430219299	0.653192190687719
100001296	0.504182527037085	0.486878744458166	0.282645166750378	0.576335815044105
2050	0.472328623805305	0.541514026342954	0.299133304216028	0.625560891384754
100002761	0.335655180906491	0.69596791863765	0.248356006168072	0.809515797096762
100006614	0.85505294839998	0.650243367674674	0.256766147025406	0.743535601021991
100001597	0.884350768899618	0.147412509081862	0.181650732074897	0.488783766010426
100020853	0.790715906656461	0.909371353208213	0.281583152193403	0.68538033604796
100001446	0.261002019073696	0.396869854330375	0.250100121259634	0.675375697440547
100003240	0.292808932907691	0.121676416191429	0.323018711560173	0.595037526619207
100001502	0.02790334465525	0.220717338124333	0.337271637488523	0.770037894851246
100020866	0.102903825478987	0.0110073724627855	0.163531080669945	0.469411271499368
100020419	0.0305709066763363	0.0891175155776822	0.304968648888535	0.42679554254255
35	0.54171944404551	0.321629499660426	0.254261275619459	0.62787473583624
100003696	0.0138171650142219	0.0536426693396766	0.403583599445899	0.605784042297391
100016038	0.808149831557463	0.920150847402851	0.276475176365097	0.669759553669754
100009333	0.215178394958799	0.17595084442568	0.275727845777515	0.698626862174371
100001611	0.158470415732461	0.327262406390654	0.364437771274079	0.656932174963144
100005383	0.64926541867149	0.277118911108394	0.288061328709155	0.724103896058852
100009239	0.307566502123002	0.130113340742995	0.349114976261835	0.496144194888286
100009332	0.336098554293397	0.240963283162733	0.277962864220322	0.640259082705505
100001731	0.152856205026648	0.625500701212374	0.28651841289111	0.652878288381809
100003415	0.359784320456823	0.43963715463926	0.269558836357537	0.687100355607132
100020578	0.13698689062076	0.19596069368784	0.261917887826653	0.572696766019339
893	0.840172674634537	0.521846519961053	0.276129198912801	0.690843429595535
100000963	0.32805570106733	0.222760817881454	0.358900684259969	0.479738661103664
273	0.151190462823368	0.334111129741859	0.322995588521603	0.670261223207594
197	0.457905235665079	0.409953577842144	0.271087819243531	0.558460689141457
100000808	0.300992024555394	0.230402574168265	0.26256257442466	0.833372507188821
100002284	0.75452601393982	0.369464432566924	0.183610018305888	0.620178442927318
888	0.947476297717188	0.0957749295449824	0.304669153064473	0.666068961200481
100006435	0.531756517751491	0.351097402344741	0.21943079936029	0.975646580117486
100006374	0.200182690146449	0.557865116467851	0.287429009681806	0.668049803780823
100003169	0.552440544824656	0.951838385547601	0.277017652952063	0.675903428956544
1004	0.616865883685295	0.798253099873422	0.266449583911828	0.659002920626232
100005998	0.0963218471708669	0.887764113449587	0.296474704698059	0.68634851177099
100000773	0.66088387614978	0.547988644665068	0.284105661305633	0.662982091702909
100010850	0.0164058033204808	0.115074320715962	0.326387806343179	0.547090859277774
397	0.852428038883752	0.39076264199713	0.212572741567532	0.741384730148627
100000039	0.0723693397019584	0.228681987237598	0.228576333927765	0.733816459052872
100020833	0.666825701223102	0.827760974171698	0.283501911598328	0.707053492341656
1021	0.422441843337292	0.362894167769464	0.260853999987809	0.708099359653563
100020479	0.35333655592869	0.53708779970608	0.283014407821514	0.690530138274151
100001335	0.519870302170351	0.318182511213646	0.316170261572169	0.646005926125815
100000743	0.519370858266308	0.935210891993266	0.27869768446225	0.672822062020545
100009246	0.178428845834237	0.649913402950325	0.268911438971056	0.708618735261068
878	0.185302088421565	0.780616945533218	0.269673697668111	0.690117327168852
100021103	0.73168420358828	0.857469307923616	0.285987402544717	0.756841194871169
100021363	0.239210767488685	0.573090583989192	0.260276912711052	0.718532177865821
266	0.127427004425628	0.210163530659226	0.283220763021899	0.604777672660468
100001195	0.323338286457637	0.223761104893835	0.355354310427775	0.604429607308256
100019801	0.79137002993112	0.707061628274774	0.290404510393247	0.664894673142892
100002196	0.0358150453409218	0.259476347314073	0.295414712987809	0.694887768146455
100006370	0.243709535104448	0.949576427088071	0.276753037351399	0.680955770326275
100001510	0.0296094330269516	0.00337264069861224	0.23145605467989	0.769973835479709
100000437	0.526196789269677	0.429820653921245	0.266310255045008	0.755621739907935
100001767	0.138214729857126	0.0323959490348052	0.34849653899235	0.750650518868262
100001810	0.406404129581638	0.495625869480988	0.29266553085846	0.837822221379307
209	0.0328379952199558	0.345725522460655	0.322871184279765	0.669154962992779
100001485	0.26035030125444	0.0945762807542183	0.1665983199993	0.601536109942455
100002500	0.121747727613426	0.450515162454489	0.283660554688628	0.650402264677194
171	0.0288509271641135	0.0224216455340533	0.208012257780062	0.680483863101524
100020487	0.988810491231502	0.826663707815768	0.299775838819291	0.642612906848024
1206	0.00724098528633321	0.119321114561566	0.282990410499108	0.731770409161162
344	0.0119151845125402	0.0271408051648737	0.574973199321622	0.777814454707801
100001405	0.478395254738796	0.92648922835426	0.283975826710029	0.67239201748521
1239	0.972229885420318	0.509121599797362	0.312145254154447	0.683471501241713
391	0.0599138477462568	0.16987519689983	0.261649537132277	0.90404458761169
100006430	0.462150728931726	0.162661162053778	0.343344723237305	0.39352099524887
100001417	0.975123537804157	0.516922806865914	0.268278374912533	0.785424155024874
100002951	0.0360912573937308	0.387753454408906	0.278238900399956	0.588939219865395
100000014	0.425932932239541	0.574818911388762	0.271651072553603	0.717219013264253
100003926	0.570679738589155	0.475519842357944	0.301770530795739	0.659284087653349
100021538	0.497220620173182	0.360846304194286	0.327958427875113	0.593363895061469
132	0.314896557224432	0.930607848062204	0.280219300980207	0.678468874361971
100001425	0.568702949242325	0.522858077111134	0.349181008718346	0.615232064349828
100020262	0.618058341078873	0.660807253069314	0.299296589131024	0.666237078221197
100002679	0.338903075509961	0.676506256732073	0.264319432551057	0.754104101716366
100001270	0.715183803499476	0.538680615590261	0.284036331436579	0.650901051163364
1102	0.839314926709537	0.98444697838342	0.279786837177611	0.678988034312278
331	0.246466431922224	0.202433963982885	0.232708191671014	0.577844650281836
100006361	0.5089650949187	0.614289199192824	0.257816000443838	0.750170735166828
180	0.781578600133522	0.930902466233894	0.287742869424194	0.676405746987142
1053	0.307255380469154	0.447771879764203	0.420919677371432	0.744363519990341
100001359	0.670629388917662	0.914405030327326	0.290205849145426	0.667982031489049
