chemID	simpleLRM_Fstatistics	multiLRM(chem_sig)	multiLRM(sex_sig)	multiLRM(age_sig)
100021136	0.0348199330292819	0.263830974424232	0.407358272121996	0.598890375942262
100000882	0.914846291364249	0.615231958641088	0.387136788394864	0.488428631468923
409	0.334337431127889	0.360109302680807	0.39349419063321	0.386322191817552
100002254	0.568631658020665	0.041114761297482	0.257210725306378	0.491118467212734
361	0.00428116640950345	0.0674470854179052	0.266154846596715	0.47893745699803
100019975	0.493434060356429	0.782095155234705	0.370540258795065	0.529078867664654
100000257	0.00373560535491954	0.0463613542619077	0.356302365675169	0.490014507362021
100001232	0.795583589947958	0.788267317450743	0.398222143979777	0.500818604342174
100001948	0.997414642627215	0.747896605098525	0.375504543541076	0.482575774295649
100001073	0.768425942624486	0.732457411743157	0.436302013439	0.472882616706952
100015637	0.850096242791429	0.38374918862901	0.400512742269064	0.506059166112541
100006360	0.174128168924853	0.346943136022274	0.33112376993262	0.636047512657527
1488	0.32748170946161	0.436770093253116	0.380582827816824	0.477536800793272
100002253	0.93640326099303	0.856549805886853	0.381481334836405	0.50429350887402
1023	0.899787645367465	0.762250425117987	0.366795062395811	0.505179814982895
100004284	0.634090951426556	0.87275234436256	0.366132759723408	0.521140846741402
100001251	0.850751318303483	0.912290071521414	0.375638864032532	0.518275033867682
362	0.600384123873701	0.568716376908059	0.34290642474829	0.514441089603436
100006620	0.988402089724401	0.763901920554026	0.372961357437717	0.521870269185392
111	0.448176732954041	0.197750728111508	0.317522373830235	0.496259146215419
100009045	0.669342358429322	0.322828038425295	0.314586466416394	0.653725955342024
100002927	0.763012119296223	0.910031133946227	0.366745134288598	0.529872494209467
100015641	0.693454705178567	0.869224784412797	0.361753721523357	0.526281456761879
1114	0.0914852894770952	0.869030477181521	0.364545160446007	0.522602496843777
100020409	0.102108626614218	0.464994644556032	0.412822884887928	0.626084216066914
158	0.208092206328511	0.311019373744192	0.447007837716396	0.544718140063588
1224	0.142452112898221	0.314607546391971	0.304392632076854	0.556573173191857
100001620	0.66940425879495	0.488121068989004	0.331730853239102	0.52289373462659
100020893	0.500416334110972	0.101198645631122	0.337366242098026	0.320869402776061
100002458	0.65729247661428	0.618951438391589	0.411304361513046	0.478178366263433
100001112	0.627962429323418	0.916516354480137	0.371680298556159	0.5259635937903
100002953	0.613715028987893	0.970240022996716	0.36921222120196	0.519098050553156
1141	0.460606178307341	0.0641225087652852	0.462583056253381	0.371579257230364
100015834	0.168387934406086	0.693942956826878	0.388462502168876	0.532307964170514
100004561	0.378432014464765	0.682263816625683	0.382230884656427	0.504013590564344
100020497	0.709817646148647	0.851117639200417	0.361477889752207	0.531770116130094
498	0.0289354178158143	0.23083316474204	0.370394201072901	0.59106800303837
100006051	0.737862762198864	0.76682261468724	0.377686382672071	0.510448247444506
1668	0.281862547824015	0.0901214686328552	0.388376033941806	0.317734843167926
100004523	0.330565013205474	0.723753017870375	0.39010497666724	0.484668397140031
100001604	0.227091535971931	0.522635470326859	0.365639641021355	0.558431942282998
100001002	0.445780762793091	0.763942488497975	0.375189475188494	0.51411201094765
100001987	0.0930589768958782	0.287172979526935	0.91282587553469	0.40428353199687
100002462	0.967078221493358	0.502531127974819	0.41459044425878	0.450988716852408
466	0.518817068859051	0.0684298362714629	0.404931597440428	0.493880844757782
100000665	0.869483347638516	0.450465904292635	0.410931238929682	0.470016481093088
445	0.93479459204945	0.505418120837929	0.399322254041335	0.558501817575698
2029	0.182309326568437	0.524034069956488	0.390006372741035	0.519145984753788
100006438	0.081799383487492	0.198944181052566	0.438284503286418	0.5243673944823
100001398	0.27149797139794	0.707721522722049	0.352888599997376	0.531951148690282
235	0.721806029333641	0.66188072579602	0.345746912339332	0.54087457678122
100000997	0.313460566063051	0.726345259142282	0.3733101141473	0.527339862925296
100002094	0.336010031797271	0.244621566696005	0.31732901469114	0.408796162721512
1052	0.260993639000208	0.63635869385117	0.333016423225486	0.584019374994496
100020823	0.254010982421644	0.501370170215874	0.345685446625941	0.500740600779923
100001806	0.26845944025977	0.594695396082753	0.430825653317251	0.525779490215967
100006092	0.841134575496845	0.876672128181628	0.376398139464316	0.507691293381143
100001415	0.345801484531195	0.170051714310118	0.357084224101112	0.344478767510219
100000008	0.0586595851573461	0.0772632459269676	0.406957156065193	0.377517246746172
565	0.0224967590701132	0.0868350658150101	0.358240853268301	0.597232680097521
100015851	0.206742595904046	0.237965352184799	0.452440388478368	0.638108975030963
100001866	0.923788961101644	0.889735546484844	0.365131059660247	0.538185197975005
100020546	0.00264427058513199	0.0280057901881527	0.636494620710151	0.693847816663809
100016110	0.559639188426411	0.448441317345562	0.310130874359818	0.60353299575752
100001254	0.000193612775434336	0.00257562212806948	0.537205159444384	0.701885528741316
100006260	0.909992878965961	0.703866410425302	0.368804380564796	0.512009941272137
826	0.739711891280593	0.882729694957859	0.370787078016948	0.512650687573362
100001872	0.290282014788918	0.678728290940009	0.374650881521973	0.513724955743287
100000263	0.0134263771449058	0.0377784744999433	0.677477207605615	0.415176213049026
100021198	0.6539433806649	0.0443888424162775	0.255070437059854	0.252160763610104
100015967	0.170709192025538	0.499244554382604	0.387739373088774	0.592395315088106
278	0.126260194237503	0.274216667219392	0.348161798126119	0.788653136808755
519	0.530709284186127	0.256413969358325	0.45405959533117	0.444018667542405
100009337	0.0361959517785268	0.183520441819049	0.548468737771286	0.485061124124977
100002185	0.522473936337304	0.772956040737714	0.355020153772816	0.49517412500222
100001278	0.241894062808681	0.200463996628946	0.468226562955515	0.45935242561514
100002103	0.4104669019306	0.897591374623807	0.369597801034655	0.509341504100686
980	0.586939043468057	0.368206663516377	0.417062015893433	0.491397025634093
100000016	0.849825806864008	0.437116748430377	0.36629485101441	0.49339976835426
100020372	0.130792077431454	0.387355760273722	0.370404356683627	0.443854603699749
100001662	0.543304659034221	0.102187081216216	0.135187327901062	0.514868856824045
100019972	0.982947147082154	0.643108584292801	0.382010308156399	0.502521283136068
254	0.821243142409827	0.763541890803496	0.367531296794753	0.5199829243613
100002009	0.701938522389222	0.657887573727184	0.367284158397233	0.447884730487922
100010895	0.28486980352444	0.40067103248076	0.448866439431231	0.485389767529713
1140	0.447360659460114	0.787867747457285	0.373537405901401	0.539826514437184
100008951	0.812307268122681	0.614228596909676	0.388145153012458	0.491452043613785
1084	0.228607804140458	0.685354850909514	0.370713104511174	0.577023315983947
100002796	0.214704080385842	0.515477678226748	0.339741316704359	0.482508472694618
358	0.942639213782551	0.840086292500388	0.36421674946142	0.497928765849386
100002070	0.815705736821954	0.738240169296874	0.361523187906789	0.543235162131844
1628	0.999440767679531	0.333562817671999	0.404262109861294	0.530121491809181
823	0.654131277692569	0.538680990234711	0.327589145477517	0.568967639061628
100004414	0.395416612674132	0.0891843119753988	0.474560176506865	0.641037782041072
100006129	0.132009932753018	0.199325319934802	0.311020120189142	0.519155058932034
100002028	0.657470267375672	0.375649206878207	0.517789933932021	0.332418299507198
100021707	0.717841741971981	0.807154325235555	0.355441173133277	0.545188403005288
100000054	0.647315471410977	0.549953451766392	0.360556034494427	0.538678744050004
100010869	0.933498830205671	0.479907691414721	0.368264058596703	0.461247166101171
100004575	0.0301240191292866	0.116586104316988	0.453705806849971	0.823742458807943
100001212	0.842102794226735	0.5476322843007	0.378431073189454	0.440590331798646
818	0.952705831390201	0.861343787971518	0.362399064569339	0.526787134561967
100001092	0.000874596082001418	0.0135979973720248	0.372861486759297	0.490010394634431
100020371	0.870186686654296	0.956287025427574	0.371860270770411	0.515930580369843
100004112	0.0443333320425473	0.26454519841436	0.420372561897042	0.512332896310434
1125	0.464694035079474	0.370178686914684	0.406230563224793	0.5471012654006
100020491	0.876927383891845	0.566613160689351	0.324398478858028	0.528331830841215
100003151	0.00663026421984322	0.0349980890468328	0.518587100702567	0.428112157833871
100000011	0.199605329207939	0.115845183115276	0.274472541747358	0.617450955360494
100003594	0.432469362231877	0.939874790798692	0.379860668337444	0.521070118378966
806	0.360949530057693	0.389032604603468	0.353191806108134	0.418725261220094
100001211	0.90496454469252	0.538422791202688	0.384315394922436	0.497181332993852
100002417	0.74206723475804	0.526358744434165	0.358244867460876	0.47794022546448
100009335	0.714059363071933	0.271634093422872	0.311412199586989	0.542675049372995
100000781	0.903751013935625	0.916057418503116	0.373284106702476	0.517894586065946
803	0.0273913378436656	0.0293279239945285	0.356570183547472	0.402991546105368
50	0.628092935027601	0.773791375712306	0.375474905498476	0.506428221624472
796	0.310983471251429	0.0411509140994311	0.413773551979331	0.495250042033831
100005834	0.625276704015681	0.468601244342117	0.459306054065865	0.50290255571394
100001580	0.801126714379983	0.463817672312046	0.404309417048992	0.514600488337295
480	0.709288083415794	0.693050782277905	0.341997462666869	0.52324576993856
100001540	0.261911496054164	0.77534189285135	0.447827769012057	0.583413292743054
339	0.595584769781659	0.129474754878371	0.337052101913862	0.441793767912986
1110	0.63491754192565	0.819411854441445	0.366387178457961	0.57381558123158
100015836	0.174771140132823	0.1988701684513	0.517837965173145	0.671424808462755
100009271	0.984120778643808	0.751398707093806	0.388496728040029	0.511804531703832
100015638	0.91626362255315	0.412953226551786	0.389058632672871	0.497400172516025
100021667	0.821489981527449	0.438967655991603	0.424748590525731	0.495246855257041
100001279	0.94520524660203	0.614056224506742	0.38205077403364	0.59691981212502
100004208	0.0123265970065337	0.090445488722375	0.566111097683267	0.626845886455566
100003695	0.760962981879619	0.375637099516078	0.37361510595827	0.416041036815419
100000802	0.551514253091963	0.949086140167069	0.369108629364096	0.517416938377641
100002769	0.959546710131704	0.137291375957738	0.277916732582637	0.623768040743835
100015835	0.0941329248448715	0.288346874645616	0.533594186158138	0.703439935825327
229	0.699565373628759	0.330563459897887	0.421174576327632	0.506666391826848
100001266	0.00466683561442478	0.0220174399050842	0.469171637789821	0.800962555229418
1342	0.123126642067325	0.18728046735899	0.30909201998684	0.51977671277474
100002102	0.0947342904949399	0.14627290461879	0.525245615359277	0.708189263650848
100020254	0.082787028187544	0.430820919145416	0.361726381393226	0.544533503026144
1231	0.344884851491813	0.187668802745114	0.449022446038808	0.46378758123978
100020492	0.934441317427982	0.868534675663316	0.363966505125458	0.515051599797986
100001402	0.328040299772907	0.508999838674539	0.413321419917683	0.519068547286465
415	0.00392732130386597	0.0647704166907995	0.440107850676732	0.565908713658773
100003109	0.972575283701941	0.903705923948591	0.372820147661767	0.508909792337155
275	0.410678410251783	0.986042718863839	0.401879651072501	0.519159852597173
1143	0.0492274708715379	0.0408455229100548	0.344651039163461	0.598632793905281
279	0.357529343680731	0.302320018037154	0.373006971423031	0.390286191098461
100001198	0.691316490355197	0.824894358895569	0.396366243059327	0.502523452221738
1648	0.763167385621219	0.477574286738221	0.386166714034149	0.484579366780155
100001590	0.292120585168474	0.238352398795618	0.356426753138563	0.435278171731733
100001733	0.256554182156953	0.733628484862063	0.363511791516298	0.537289937861212
100008933	0.0188396573951777	0.00241203873394424	0.4932732017231	0.48143531318314
100001550	0.427747029782955	0.473603875133015	0.350056438209316	0.46685910707367
1215	0.0439864894135662	0.165260930803433	0.311603621800479	0.463652464859801
100002356	0.182986193740735	0.0890563930143996	0.450356660592759	0.516910721520601
100002749	0.847140506228684	0.85266404567874	0.371917964550834	0.521644553756853
100006379	0.150198194119505	0.130007569004027	0.434473468687904	0.288490487260309
100015966	0.102922994144385	0.338180370348454	0.446641240846122	0.651552537113322
100001392	0.81496908369972	0.859474670526326	0.374875701198615	0.51338208471259
100020425	0.765953894856499	0.185925731632992	0.30637256261368	0.396210652020794
100004299	0.139066304612225	0.555548804050113	0.419387345906721	0.609393734935484
100001734	0.551544987419436	0.482655723458527	0.390953684755599	0.457104837014645
1002	0.573793028238462	0.987813470150334	0.369464269165985	0.515948649523291
100001337	0.463645620115733	0.923607579949367	0.366456859652288	0.517075771395617
100001452	0.923888629982363	0.704162022714877	0.368369777620466	0.48429634819675
314	0.416136448564277	0.341546211113663	0.387025103955557	0.530309083616047
100009264	0.53836411817685	0.960573692544976	0.399139766809415	0.544675282771119
100004634	0.134638764872866	0.226095538141745	0.315964508106439	0.518646717097572
100000711	0.560715350929198	0.615201878681013	0.417720167632467	0.544001624952294
100020536	0.00881482742859495	0.0597542871695235	0.467619684033446	0.611000626992694
100004318	0.0575176032315005	0.249092264842929	0.404599173929953	0.483711424953791
100005850	0.864111680232704	0.453557726155456	0.463638995154681	0.46712681881165
100006619	0.366376362834291	0.155805649561988	0.41428987858618	0.504941183223726
356	0.492434758546094	0.662626793681215	0.35722428299928	0.531168584903299
1221	0.769713751761284	0.726085898169724	0.432732740491585	0.543875527610419
100001397	0.922577051699108	0.836242747912734	0.369384839498408	0.51236534188719
100019981	0.519581073042104	0.836556127882273	0.376744718631391	0.539395933569303
100001208	0.0345387618794115	0.0438325030502004	0.31930569386313	0.964723451681832
503	0.0076133967173178	0.00770645529860145	0.232664257107347	0.362744177327902
100006375	0.129470445753905	0.550353678872477	0.406868193193545	0.49249395190558
100001295	0.981229856936993	0.824138938948246	0.365319975842169	0.563433925272349
100020427	0.554606506292471	0.125899616667538	0.3257202546707	0.354556471010365
100002784	0.639149002633827	0.463781104064024	0.325401476346933	0.574970486084
917	0.0370056335551129	0.155786955693943	0.412805816844214	0.45917707109776
1869	0.314697064518096	0.174120644652811	0.402192805179861	0.404041647219196
240	0.620952331898983	0.238109930879518	0.262918049104754	0.406228287552804
798	0.0116635481893605	0.112086791485591	0.515199271095389	0.467081283296257
100002952	0.281386163183856	0.550535304736572	0.368676754217892	0.583750261381027
98	0.83774355575747	0.969200619443533	0.376270686280409	0.517925028361287
100008998	0.223053416457014	0.286766934448032	0.292744801434507	0.577649324318343
477	0.85914989521254	0.320630887307478	0.376300285802151	0.514007369474482
100020545	0.0473987654366594	0.099541125118933	0.435953403800646	0.674921754117581
100021666	0.951453311114991	0.228044558640247	0.419641008963086	0.50769952308585
1256	0.627665389736823	0.784126419886409	0.409777818967184	0.542354044664826
533	0.239695469282092	0.0576792715187856	0.266146720877249	0.28530704088118
100001757	0.505850358853421	0.931016131681554	0.377474010638887	0.513781082171293
1024	0.0972485825622714	0.0417057412960607	0.244091329637469	0.962051802246334
267	0.667572108847298	0.841513226229679	0.380599634796018	0.508677621785331
100002113	0.216786431263954	0.151662391058579	0.352356610759135	0.550229339639148
100001756	0.953619919234608	0.798415678180876	0.380185543814509	0.531251974552136
100001193	0.345216032994127	0.154576752206941	0.463969980627059	0.459542107339981
100001668	0.29298038230807	0.644223641427767	0.369506307409851	0.534698986574682
1124	0.179316788303294	0.232394648428155	0.327637577236337	0.608794994565239
100021331	0.0871157591985749	0.215074158390431	0.349798437297624	0.549042951015799
1090	0.0421630529707327	0.036424999329028	0.356544087500187	0.646938866545445
566	0.968757052896614	0.313148195745637	0.279294467909121	0.51839142355683
100003119	0.410879204116582	0.259621706208748	0.413478102998597	0.456087571917155
100006367	0.771651268300772	0.794725743055087	0.373595197649861	0.511332530023578
100004322	0.280320900066274	0.290665059716173	0.376063357758685	0.593882225438192
100001034	0.843061141047896	0.747548299398756	0.365012738511202	0.504278308162728
112	0.173228437167211	0.460489485622033	0.368006291383503	0.694379892117974
507	0.617504756829242	0.715564138158571	0.369673965868407	0.523030769971937
100009233	0.447290345524731	0.253025376413753	0.342903145835714	0.538577335393901
100000406	0.10311012316424	0.314390606566475	0.488908301439446	0.414291367959043
100004046	0.294857481156404	0.514986169433303	0.274871744169477	0.476822937024615
1025	0.633923680732847	0.640490888015667	0.355653276679688	0.535615071910635
100001106	0.185197925559556	0.187219115146238	0.311284772456184	0.546392698980376
1128	0.0435842040215669	0.628296955095392	0.401474120820309	0.557097360922815
561	0.114430785212815	0.267033595656463	0.278391677992892	0.467071537753764
100001614	0.834132683532777	0.367507152788626	0.388258512434887	0.494502934239256
100000961	0.701525602305546	0.81823020686001	0.437409914145888	0.494883775579
100002397	0.618188456604987	0.932467832709524	0.370397451641083	0.513620097237086
100009407	0.87384894178405	0.887975634283831	0.383184214453384	0.508587112108336
100002910	0.84419374451187	0.612011183846847	0.341807556214554	0.463873692086973
100005946	0.221162156839149	0.327268537978053	0.424838350206822	0.610872591050084
100019794	0.0912819522441577	0.290113165599081	0.372497257509002	0.663010881983547
100015759	0.460145694723288	0.140153911646593	0.318554969843717	0.530924403430232
100020417	0.816510909587364	0.670204861623841	0.356387967096981	0.500238195447745
100001054	0.64832553889447	0.974580309162383	0.370761958297857	0.516194266901455
100001437	0.595025959054058	0.491788542695024	0.326952337680739	0.478408730204128
504	0.384007862515632	0.817683441274739	0.407610193069242	0.523320214359824
100001988	0.404618319329639	0.673427400279299	0.363904347141851	0.663824251796734
1082	0.0393476491737233	0.621441408685713	0.406600581538089	0.542494012092675
100001403	0.32132119079201	0.336265940500435	0.408463873076909	0.500095598949991
100001664	0.560874694168164	0.394163545899405	0.349316940440972	0.739958140362183
461	0.217848815107323	0.171052419061295	0.604726340289726	0.489376954408567
100000463	0.184377438965608	0.498016255036395	0.440211430573506	0.505399098363702
100020208	0.926454351248368	0.857549022341622	0.383173101153825	0.501472552584166
381	0.802657162697297	0.114853019528413	0.191253433356591	0.402496237194752
100010901	0.149028218204678	0.110781674227689	0.363677185164105	0.625064958484028
100001468	0.251413037914757	0.99167485991762	0.370979285877287	0.52786453177452
100000840	0.615794175491155	0.629409221061987	0.319968758321067	0.544049912248868
100020014	0.636464699010328	0.882647837383131	0.366582826481695	0.523162447175011
100001993	0.763954686766643	0.686855676110901	0.327578068738013	0.640518182996678
100001051	0.200175267744572	0.034645228507563	0.393454963342336	0.279857930711875
100006116	0.328903936534778	0.47402530781742	0.378184393575085	0.515981270565101
1108	0.978065523779067	0.983685302024834	0.370835627722749	0.520228140621494
100019966	0.332451741311032	0.127024671291246	0.440506498811739	0.489955913471237
100001743	0.51663894864338	0.367830667738011	0.360882389067055	0.497677536521423
100001294	0.122341719541685	0.177039108593325	0.2654667757773	0.571116088891502
100001609	0.233077302980169	0.107847733772375	0.352183860163014	0.59755020140773
418	0.66000800745293	0.613303583992521	0.362148963108995	0.555367904159352
100001178	0.158983138386609	0.800284635449085	0.390939848383502	0.546309683056507
189	0.669519900826085	0.471836231219672	0.316732711447273	0.458704078490612
563	0.401827264847969	0.890623306787875	0.381054365687606	0.510772442816103
424	0.399703044268941	0.349312713103788	0.423667561950167	0.490976075923475
100000776	0.155110861383413	0.330012434451025	0.417740236191309	0.519502535694198
1001	0.44007445315809	0.245409961670424	0.396482910842078	0.501724264331682
1135	0.463245260970128	0.14409930943676	0.351800446936157	0.578181554846129
100021093	0.22022739471971	0.367409286779459	0.445667692459146	0.535664716172085
100020219	0.0907553068647728	0.17049410348922	0.392269105733257	0.40451371920253
194	0.0989374312485035	0.66722612386429	0.362301057133437	0.580710873892336
100008930	0.475439111731925	0.485620534924584	0.416267798934474	0.487062982528802
340	0.726968276644754	0.282340723754393	0.243575232938727	0.593104607277501
100010896	0.864583173270549	0.649608953860291	0.341933606880282	0.523649630235939
100000787	0.501857310339458	0.160867109309798	0.352445916268697	0.303406135608756
100000639	0.025918399146418	0.191203364585171	0.337229208049289	0.518380915823611
100001851	0.661498781320674	0.394835338662616	0.388228722658856	0.386272217413609
179	0.554879239681132	0.653249644291382	0.364021532234067	0.529086470054546
100000626	0.315025807940053	0.657413159107159	0.390488785362929	0.51595087154754
100001605	0.00481805973225902	0.0548052481916962	0.491948786270091	0.600875555520424
330	0.624723879390051	0.683132657300348	0.385690311056539	0.467342795657439
100001162	0.657641428755025	0.661483332368655	0.341132935577329	0.494561101689511
100001167	0.0895531434102623	0.320718301536928	0.362159019172087	0.511684094815941
100002067	0.502648251975679	0.598055709226046	0.518382343792149	0.414074018571049
100019968	0.85623849646411	0.428684779536718	0.401684009054763	0.469428673518037
100002014	0.881085889504424	0.989021233197405	0.370044753698643	0.542389554537429
100004083	0.0294801192067417	0.0140435357299466	0.501625127112329	0.2584128370108
100001315	0.090313868258266	0.199117521613033	0.411722267595556	0.590783978968626
535	0.199926688064302	0.47686380685709	0.406967290716278	0.504239221583251
93	0.765188535016756	0.395944948641823	0.398645810184603	0.419567193421624
100001989	0.211914773219448	0.465472348226485	0.331502033519755	0.568230022390177
100001740	0.55175952503284	0.341160463286554	0.337727087116094	0.531474614320016
482	0.423880787806368	0.886226863928939	0.369199042612051	0.533605563014034
1629	0.907715163239213	0.988913959627659	0.374011864064254	0.516474863908877
100001399	0.504519535999365	0.406661232770132	0.387292363219625	0.518759664192203
376	0.576131078364412	0.128379044022163	0.22536534005901	0.617670839369355
342	0.831553773391316	0.308865596841761	0.377595144842476	0.494786792318745
100001253	0.00798978075335121	0.104895730703828	0.314995014527416	0.742678630704628
100000708	0.703544680879242	0.834345934813507	0.387449651712613	0.521858236110561
244	0.129181580137386	0.0438259062368771	0.312890801691818	0.620572724325633
100006726	0.323699038125569	0.240068586878502	0.438965769678734	0.498674480511533
100000036	0.235479881342674	0.652350309614255	0.344696112385426	0.552139066534595
100001257	0.00135768638013014	0.0156604963904067	0.608894728170296	0.828428032607724
100000445	0.975681664892073	0.438831761042005	0.42722629793421	0.45108036927318
100004088	0.0053506872904999	0.119784325139136	0.425727257734144	0.584260381069835
100001423	0.807018647088492	0.84739107055671	0.372632806255886	0.504129848778309
100001276	0.564374282045825	0.351388306391787	0.340250835017882	0.458107320100943
100001876	0.71015957756629	0.97492628811123	0.36996711681237	0.517069550092947
100009082	0.455802386015477	0.0305078189928875	0.167928405746602	0.485491674040644
100001121	0.837419067174355	0.996111559432003	0.369605662674217	0.515787356780013
117	0.245591335752532	0.566928327851583	0.346864159777998	0.535834735514978
100001868	0.0551036788608024	0.129614194019537	0.429157709205071	0.527183649812945
1134	0.794450748831064	0.361627447399138	0.268792591009672	0.499673475536293
100021012	0.165432201621402	0.394737437347678	0.385527511363238	0.54009720657986
100001181	0.636347802900536	0.224954623114664	0.463644927906164	0.446387835902674
100021467	0.973244618489512	0.369717108320058	0.371053608989901	0.452615785728378
100000447	0.196138952847191	0.214422035731898	0.429178075251084	0.480134563250921
1162	0.000215127250117519	0.00653274203841848	0.501289336618208	0.403379258339645
100019982	0.562151571290102	0.457780013493678	0.385680736102344	0.501697923619273
100001613	0.94753416839471	0.43333345084001	0.389921305726245	0.487427600358595
100006644	0.962680491464647	0.914909951278452	0.38217560275267	0.511176681138055
100000096	0.590003174204291	0.0299024398141276	0.247958267015972	0.492337548299939
926	0.44072969457523	0.730984960176432	0.376153645991641	0.520078272644435
100020004	0.298831574840867	0.893461431336433	0.367031281314198	0.514017612558936
363	0.516021916918452	0.102132195854663	0.332479025602477	0.235463112709507
1111	0.28390118202435	0.959889230878087	0.371518334673369	0.584067716372389
100021712	0.686452138069617	0.45439981748194	0.376619845944904	0.466484566578054
460	0.944650723724698	0.78277871840345	0.379340143451239	0.544014255492407
100009331	0.477989273559559	0.274062233673099	0.336981519602623	0.546894204612987
100000442	0.205443221191197	0.635324530492956	0.40550056322828	0.533974769555492
100002945	0.0478562531679743	0.0119163435368153	0.493381934195801	0.462302826721596
192	0.271687558636693	0.362993779454585	0.289389497861052	0.657310787749401
100020241	0.830423159989972	0.730099572656583	0.380784969288385	0.516081389992339
100000580	0.0563738685586675	0.0839387404147613	0.317440945445	0.756073360052899
100002466	0.0225915584404662	0.042242256989172	0.312519102717249	0.334522153120532
849	0.527291200094167	0.463649271819875	0.381468217582652	0.4533013933492
501	0.43100280565295	0.340772208413156	0.414615671276941	0.472141537245151
100000282	0.987128698988424	0.215837072172622	0.438908412471448	0.450303039914769
100001577	0.00368427871678838	0.0593453261749977	0.588235512533059	0.561276317833948
355	0.0635110545534247	0.212334090506502	0.307984381676965	0.403681928704561
100000841	0.516243858131605	0.840572519012182	0.358104515848185	0.550502234115569
100000846	0.788564595788576	0.383222855350278	0.358556097195013	0.513057335454807
100004295	0.794510404385466	0.363586080005005	0.342684170704113	0.467362422669525
100001586	0.49643804568926	0.159149737470598	0.446561528917936	0.324582816156043
407	0.0342897585646384	0.0571473594611013	0.395360948265434	0.594243789724408
1137	0.912881983182675	0.90958649095519	0.36705816917481	0.533095506758836
100021374	0.0591348963149081	0.0238012167519054	0.287505283070273	0.894575399656864
100001593	0.914144822273985	0.724802459044455	0.357545550883983	0.524978524968507
100015971	0.737029980398503	0.911504035181551	0.376580391442415	0.515073103378487
100001022	0.137114594028302	0.10157664014982	0.215871097988479	0.805318549531451
1094	0.0806092612779192	0.278998375563897	0.531106138287857	0.722221511374491
100002122	0.115487212495088	0.155003267366443	0.301685352769457	0.622261711851028
100000706	0.998075486202139	0.412659212747555	0.30066295754606	0.50809789040158
100001055	0.990068221425216	0.328917664545496	0.334459559624378	0.450571105627036
1235	0.117901989490573	0.347528652383254	0.332584899950618	0.573674269887575
100020204	0.0420332774346171	0.364188053511841	0.416971548353007	0.565214771198237
100015643	0.0265617699346461	0.235329371833823	0.409553195067609	0.464716572968232
313	0.0183722935400156	0.215801553218611	0.394673426414964	0.450884535821133
100001413	0.977873468210689	0.766512220465012	0.354583291261887	0.497152119480216
100020423	0.346328103619611	0.0919642639902668	0.343856409825147	0.342145981335166
892	0.310624635241279	0.117058184363562	0.411556080317952	0.537831591939527
212	0.133266589773403	0.186198115999531	0.457250144683118	0.511356230962626
100006105	0.136428761928084	0.150936696608121	0.428200199028426	0.522950279337503
437	0.948116901070243	0.531226002642396	0.343164302434777	0.531084851991795
100019892	0.552092883208339	0.766910047352544	0.369085355557008	0.539103128830847
100005716	0.0703471543596305	0.103142409584736	0.398971449041065	0.593110351158035
537	0.204336340222899	0.118824322352621	0.382955115850866	0.542909432372734
100001990	0.32494395593643	0.593561603182242	0.420640943540319	0.473017927168969
100003397	0.0612561197656839	0.0048267117524853	0.2892486151667	0.316650679676135
100001320	0.500909988219795	0.499559172121894	0.412334576383592	0.414607759064143
100005717	0.0962472428035863	0.0757979243231301	0.435686356159607	0.542375263422611
100001207	0.0067112187479753	0.0752868244985995	0.45514056824837	0.498241941153274
100001999	0.516767041976952	0.883076030482663	0.365240044214619	0.593419260214858
100002488	0.240804536183519	0.021707324663707	0.429668968508953	0.471366631989522
62	0.185500996170602	0.651777622169433	0.359962087177874	0.522311764981689
100000467	0.0523833340913186	0.0885026263359552	0.366815824663115	0.408989940811057
297	0.00376326669447826	0.101142345697593	0.383630022321004	0.477131469874406
100000285	0.0171899019565502	0.32327619597391	0.377598659305275	0.616303297349648
100006056	0.0375194997216482	0.299083343673412	0.397278930366836	0.555857563533191
100002126	0.187018645895463	0.370435105806159	0.304754158193174	0.778286288412619
100002129	0.786340737630429	0.906491670900124	0.370066983320392	0.583004362583697
100020478	0.0787511481185128	0.301825394279692	0.338527550507194	0.547118242290765
100004089	0.0847339943443608	0.55057437107529	0.392912101929484	0.479005198582185
100001755	0.532771920175688	0.575232995394797	0.372389176730417	0.478319759228281
100000551	0.0380210042138778	0.933585196036921	0.383159758410147	0.512543414308784
100003260	0.457337356827103	0.320943481429055	0.413793414139393	0.585762013749237
100010955	0.897246973901733	0.557480730514227	0.321399748960669	0.460364150835008
100020851	0.144574104811167	0.374046977530508	0.406711183488869	0.53651901654113
100016069	0.496687954290489	0.672591536704141	0.380137187725504	0.497196752956042
100002027	0.634774202272075	0.534564597509578	0.281030040821054	0.624159338484513
1123	0.474488568761955	0.245067219817459	0.353820668735633	0.630413099394815
100001150	0.963624375974498	0.849023483485661	0.392631064288359	0.508581733996511
100001657	0.193191998025419	0.836078003093287	0.370582569254212	0.510633001994418
310	0.227024051644123	0.342120621533202	0.32953957106768	0.611575404003087
100001314	0.167393543456179	0.064913762270342	0.358193137966352	0.370149632722546
452	0.510585196024519	0.504408917603654	0.434333647346268	0.477259805879509
144	0.202203509118098	0.0772567672716716	0.435105120233072	0.413993079042395
100001182	0.161984281182367	0.133629221798019	0.457654310527782	0.497261932917143
100015965	0.671610794302286	0.46793652262913	0.355547635294874	0.582036380858662
100006108	0.785597848665236	0.43873448534253	0.385419076060393	0.552077898751903
100001400	0.920565400861468	0.776009338977086	0.359686302341307	0.513777916587485
100004541	0.289411222806345	0.18057369928911	0.364617166737418	0.298775437834251
932	0.756122283743304	0.389038655988988	0.37541374580169	0.54687476224598
100001992	0.455799740003946	0.513824987843254	0.515444688858647	0.425469346363047
100009252	0.0832797359024847	0.140857542975992	0.456815333186343	0.488976788830701
100021104	0.732056523459046	0.685983677025285	0.330093674479197	0.615905873219884
100015838	0.0155241740528069	0.0503011389493756	0.509922785767858	0.745504593639339
250	0.00189759089470998	0.0289629097452321	0.626439279562578	0.608599505517307
100002537	0.842294756259595	0.476732748069294	0.344681761217674	0.62143214257537
100001658	0.889448568774852	0.714261267256872	0.396390974803695	0.507052039641842
100020416	0.240683852903289	0.331770781435743	0.330821770936309	0.49071572011345
100006642	0.588996703583632	0.907767385268553	0.379918456147599	0.510375097953474
100001391	0.0873990168491085	0.308647798646072	0.471308076400139	0.625316993427473
825	0.720779558886647	0.613650647622352	0.328164953108017	0.526680049201147
215	0.00858740955803873	0.0657954691522931	0.452132826817781	0.486684329626721
100001026	0.875781155608232	0.96097513409941	0.376125429225654	0.522473116522281
100020541	0.416594488676245	0.454894788943239	0.326271940319749	0.553959389308531
100001526	0.126169223767634	0.197250828493832	0.582995245764136	0.629717113124993
100005384	0.762687088314062	0.545762703305333	0.352028284841313	0.471637199752259
100020378	0.223632220167356	0.777211469385627	0.360229907455287	0.521917400977078
100006115	0.889314082503991	0.430800047518556	0.459086692591056	0.435419787560596
1442	0.292447618700112	0.0603051875485246	0.172573901595708	0.430459604849513
100001843	0.158682385897905	0.221403284957716	0.398400712995988	0.596039343561966
100015837	0.298880956178581	0.382912753094194	0.553839125090818	0.489348365801245
100010834	0.681792234549923	0.92119996237967	0.372157679956324	0.511593970146338
100001393	0.722902004601013	0.408347236497338	0.295690981979521	0.554033883153607
100000015	0.473020964425726	0.505294869183528	0.344154340926422	0.53545806482163
100003892	0.050017866284619	0.0568366367418137	0.327223848122286	0.759530618785157
100000042	0.220269918882076	0.0297049038028864	0.391729563617081	0.443730353526968
100020550	0.469678847244691	0.176506510751697	0.406996983756666	0.413276074311894
182	0.356965153203597	0.308394063880669	0.360337369021249	0.533793958357027
100015723	0.090816699349018	0.339838358787302	0.379986025307601	0.492714174500576
100020343	0.572571305898262	0.589451752130269	0.344088577572561	0.521899178896309
512	0.10839490897865	0.349060155558492	0.444735622042464	0.455076490556201
100021100	0.809516072093857	0.745154586748025	0.358732722678	0.519925250636305
100002528	0.351043676667349	0.0688171924982735	0.438511161543311	0.328873472809358
100001287	0.6186142177802	0.815406310549005	0.457243307177045	0.491507073782304
100001229	0.875902057319424	0.770763242107984	0.392676482806908	0.496131491802866
181	0.474733069076876	0.949987369750405	0.368937027032593	0.527067898666574
100015831	0.00380063837322644	0.0276395633400226	0.47636236373822	0.349954141089098
100020515	0.28064450802621	0.469108442775966	0.30953457127491	0.656733205353386
327	0.163497434576002	0.212643457912634	0.45520750097491	0.466495414559641
100009394	0.851157860405768	0.893646475982906	0.363915798423594	0.530401107204397
100001596	0.439129189724268	0.525449686210869	0.345054360284467	0.449716969194774
207	0.884581129366545	0.476296052634059	0.388016769654228	0.480135344120357
2054	0.25267798287332	0.534614680104766	0.343743083850458	0.538850183041257
100020259	0.705464657587547	0.585842355095818	0.400505212200514	0.504238484418015
100020414	0.00787491585622757	0.0634790083190051	0.276575672316294	0.510335412310701
100021131	0.878962808158033	0.281512898784331	0.358191687855646	0.480422711605432
100004499	0.794387234474805	0.758161170423555	0.362750100165121	0.495882458360196
880	0.357729043827343	0.984248319539142	0.376814567200216	0.5161455308188
100002049	0.38806546737219	0.254358200053101	0.416076203999803	0.461721614700675
100001739	0.439482330587494	0.215756338635645	0.473414376017977	0.474663399180545
100001126	0.538984046349915	0.177421210264006	0.255248381220222	0.424940628963389
1113	0.746988686451779	0.855284646084329	0.362778588162338	0.543931518834601
1083	0.653328806633026	0.193150817344949	0.423376625625834	0.405781320277926
100001730	0.816974003186905	0.17844878793332	0.453002977789779	0.347103950986702
100001412	0.372327435278454	0.798876445370642	0.364648775653968	0.538227186656897
100005996	0.806276702699527	0.555985274760661	0.358195059693059	0.489070946945528
100015962	0.00936788986159064	0.109218523857245	0.287634815855915	0.793708299069552
100020214	0.196019904789607	0.155747593607155	0.430870312309549	0.368555229293417
100002514	0.878648531210995	0.396049112202729	0.370568910443803	0.426595077263371
564	0.107648034788928	0.0300754712905167	0.333127357874398	0.379473952956383
572	0.180129972485569	0.0480505092668217	0.479719981618903	0.452621959387489
231	0.59021745519617	0.461200029517163	0.325954586240802	0.529655749668283
100000453	0.999495124868317	0.833170973081148	0.362602385995535	0.539081604847135
100001007	0.498038756826235	0.48383912526777	0.403205045306071	0.460320625590681
923	0.661660273475626	0.37223669043605	0.353858005259347	0.564169611834006
100001247	0.607398173919452	0.640757348394336	0.354950192660478	0.508226369637296
100000774	0.179245687470749	0.504406037194885	0.437427677766254	0.55979768276595
800	0.189646237158096	0.257295174906862	0.40045732160652	0.57145868945668
100021678	0.0906306141296746	0.205066292390726	0.290829795923963	0.498719127114979
100021711	0.387437962421567	0.788733471377246	0.392811942119264	0.526224665891069
100001274	0.933513837317828	0.517019829457179	0.358011947155871	0.424453618185515
100021220	0.112351934268745	0.158942262161162	0.452841021193711	0.824198662229719
100020253	0.295159119388568	0.864246527294528	0.368312576509207	0.524717133312044
100001170	0.970468535025595	0.258237144276671	0.343707031797875	0.453050763074931
100001466	0.10950810178271	0.595562545800247	0.401549053660189	0.495641901591038
100009406	0.851437784409741	0.748902199237733	0.359805653767993	0.529675359838667
1026	0.0882958303494971	0.299834904884156	0.408873645114544	0.466248177751523
100020837	0.782558067274648	0.374340336657534	0.419816420188096	0.431494168687206
100001006	0.130622587165155	0.118061574685792	0.351346881347923	0.633349746471436
100003674	0.733142148349315	0.131488360180095	0.368806799238863	0.505731522205696
100004396	0.930447778370532	0.759962543898924	0.38737295055495	0.488523775504811
100015923	0.967042055523639	0.730573544009681	0.341654764205287	0.539989966315696
100000265	0.513784337033582	0.718666092690794	0.377406476571126	0.49419809632709
100001409	0.20680327781551	0.186131862331701	0.357714679019676	0.410599389447995
100003434	0.313338764315478	0.61131085926168	0.374145888906336	0.469857828892065
100001334	0.625803288420572	0.0746269926356332	0.454905456680696	0.409728880713806
100001102	0.745141608469406	0.733977941737975	0.383825155940522	0.497482666653232
1268	0.600769009635937	0.0704572081917098	0.236662950004985	0.479254535097238
100001300	0.291557294869664	0.111487735531082	0.329061300377388	0.527924622911264
100021324	0.439990576553387	0.895902897281621	0.415829494602933	0.51497548855199
100001617	0.109767708504652	0.104135801294571	0.362020439679322	0.552978025150743
1105	0.860261314771765	0.210720298640357	0.466318966315857	0.295916444468549
100021502	0.0696565315006432	0.277350110298141	0.359047197120132	0.544152740742441
2051	0.284694370339113	0.903948052493141	0.369388755532258	0.511746459415928
100001256	0.0520456025264472	0.3223403602424	0.441525960680487	0.690130139877066
100005466	0.0514897438660914	0.0642886084249237	0.427842513753457	0.324582793039899
100002199	0.100691346750314	0.640999419221155	0.388653885495274	0.537639306747021
338	0.105807209001154	0.136296520581899	0.498537213152234	0.382651173533182
100004243	0.365921651222886	0.518394547160889	0.343965348029536	0.527063314803131
799	0.876287916393992	0.493729978215059	0.301153523536569	0.490202736607206
100008928	0.511816604173054	0.098615473754882	0.372944543729908	0.50527576852494
815	0.146708367395298	0.333237180528035	0.370326398136127	0.583180189881157
100001456	0.0010950943947712	0.0249821003687113	0.374004715217485	0.401514921882326
1242	0.128931917481079	0.105800032812805	0.432604292552623	0.364840692949292
100001416	0.282751141786212	0.101426430095496	0.261831605720059	0.303418756692786
100001462	0.329271755207381	0.294405382717761	0.441927527485634	0.475019630267809
1087	0.127828424085217	0.0327555002467372	0.391807777554149	0.475059939564307
100020421	0.621237313604866	0.316243222507439	0.382188304461865	0.390698612450521
100000010	0.00701562768842012	0.0553193413206187	0.384864667820973	0.572023867740979
821	0.682096824260798	0.437050212926487	0.401821114339596	0.411898935370768
100006627	0.299245596948231	0.152888311346545	0.498937959070101	0.433250616401224
100001277	0.231408533974494	0.118543324509127	0.445693556063784	0.466222839445066
100021141	0.0431711199282238	0.194422016117418	0.414034957983963	0.605139730473705
100021105	0.209920703540481	0.268594409056815	0.393724531739775	0.358259147812366
100001950	0.000736081818136349	0.0100490774510878	0.454459684161589	0.674056010806572
100020217	0.752461003239677	0.461998060910408	0.296508633142802	0.424988035531429
100006651	0.0132550259423586	0.0878843911547619	0.443696413163843	0.265667210439345
881	0.988203887715363	0.447390306170569	0.351787840554295	0.528358973840835
100001509	0.671802841913618	0.148713918000417	0.330041953299009	0.446334907135554
100021709	0.884387116106244	0.984963830743599	0.371545306807891	0.515929945395251
100001635	0.281142699589742	0.0362129213409165	0.403725642465231	0.467427010640162
100002613	0.404884168250641	0.122288832532647	0.347351532196422	0.594398370632295
100009329	0.18146646223398	0.377292367065564	0.283829765609517	0.767016674414003
100021123	0.834003914512505	0.77489884483793	0.376381464585683	0.484851039561903
100015760	0.366218439090745	0.219032941957909	0.313681876769178	0.553088680120354
100020205	0.572773466933175	0.517723554262482	0.41402247124786	0.408945828569718
100000765	0.470745176494827	0.716977605173491	0.365739060268183	0.49757105362626
100004111	0.166111911759954	0.1055574211979	0.423979044097077	0.472479890180983
100001615	0.22940170766801	0.805166711529459	0.370059663736318	0.515275940143021
100009227	0.152509294520079	0.101548136135221	0.515147907516087	0.647181514648979
100006191	0.613150736058446	0.693337348025248	0.392003736453256	0.488240633469009
100004542	0.60702446370667	0.458418697594872	0.383402316426652	0.555622251595537
100003686	0.276762381700238	0.117448913172469	0.51339406539534	0.457598339750796
100009232	0.02957725457679	0.195139618600429	0.372496780403588	0.425964802402179
100001501	0.0933767616661757	0.140823046966662	0.453209963429521	0.55734808730729
100002367	0.397263762512528	0.18914472045267	0.352662216965737	0.367663124624465
100001108	0.609921730102229	0.531811416778954	0.368981122512863	0.49582177617035
100004227	0.718877651457909	0.955435173502246	0.370873211710999	0.51470345996115
100001310	0.0856626956555711	0.186526717855841	0.35386533636872	0.632008996486921
100001994	0.71698989122127	0.908005673721322	0.381730671664843	0.587026622684297
100015839	0.0282933899245956	0.0209700319272422	0.462885305405	0.608293313643804
100003271	0.00801482992500036	0.0782148013480352	0.474531704197986	0.348757533072032
100020496	0.727230088549826	0.936910086564774	0.383906180585482	0.512979149012601
302	0.456127563258309	0.326004299533919	0.323550167832878	0.473272498504791
811	0.231948993325177	0.38102197802193	0.357689825284083	0.582979993030272
100001267	0.919242472105071	0.730055594530949	0.345721137257222	0.511826450655461
100001197	0.0402424791513383	0.37659776236338	0.412469109655429	0.526859719146159
432	0.159923192621426	0.390461911037679	0.401439804452071	0.492012125121284
444	0.0359429298919874	0.107180006516778	0.395158628288972	0.641235938396535
100015968	0.190388603802133	0.543126258925041	0.408428644792854	0.536572007650226
828	0.960507147394356	0.820677009987306	0.360817818024684	0.523266920725163
100004054	0.433838073670596	0.997250988821578	0.370386763422652	0.516936855240627
100004635	0.543324733758968	0.456660614967146	0.573964666171116	0.412724176064403
100000491	0.582267011200161	0.612704252184883	0.361896520242899	0.448513223809627
100000939	0.116459681433394	0.0485702640173583	0.380338449988907	0.442184959444155
241	0.181574579607289	0.560682548675446	0.397597351736475	0.534657824036883
136	0.33277015114968	0.0748907903413957	0.32654402394863	0.686579802057481
100000792	0.675108205199733	0.86298192352301	0.399184774131539	0.514516127342023
100020973	0.294176066856824	0.447805897512572	0.411107896305871	0.47445595922873
100000936	0.74874380110427	0.875575744055284	0.369130790961631	0.518732118119361
100001313	0.0104598019409365	0.157606231904394	0.388193622315641	0.565186989997512
100001951	0.101069290982478	0.134838043155759	0.402505291710192	0.521500781442543
100006098	0.00479286978425925	0.0446391587935766	0.43563466470177	0.624588636101259
100000007	0.271171216858492	0.567333123854086	0.379157963984638	0.522998764602719
100006641	0.664630049246764	0.701118971255586	0.420996614234157	0.515884860898485
913	0.0547536394747521	0.0270246376859124	0.483478731624189	0.361268887180048
100001579	0.73142327157001	0.405198771444642	0.408688028859426	0.516174763899353
100002911	0.201606506786576	0.0170112808546569	0.461301464236094	0.490322894164249
100001293	0.0215822399086578	0.100694679685651	0.308941003167848	0.730857474262228
100002241	0.37836883374155	0.61576792953204	0.383447796979546	0.497199699008007
100003179	0.497049568675699	0.0964300306571165	0.351623515428319	0.400770550701109
100021372	0.330610215632981	0.241929624462778	0.283909663283598	0.523258757547703
100001956	0.465365774078669	0.572495768100285	0.372650733168276	0.452747451467435
100021162	0.195125488531237	0.14371827845456	0.354255429375415	0.359216416960933
100002259	0.474696954307218	0.704649188890945	0.350276124608722	0.513112888304231
252	0.243915350457414	0.417439856985848	0.453841960994039	0.435682000253532
100000707	0.519705848295224	0.372160189286337	0.365236913627356	0.524989186255386
1489	0.555212877857608	0.0188529950048893	0.281802480645909	0.487371500865378
100020361	0.0361650497337204	0.102693931306806	0.404981694894299	0.780589462813136
55	0.150939918979979	0.423946910717274	0.306359244159085	0.548706132296308
100000863	0.237951264930048	0.251679053734437	0.32607173363917	0.549783963949966
100015840	0.317297614591241	0.153197779834111	0.458406146138328	0.497387756114216
100001541	0.162354627652215	0.0885634972663575	0.261207340739582	0.512031342450691
100006082	0.0502522693838741	0.0246652930495403	0.515615686105151	0.48382078398986
1254	0.574876970857747	0.93752943868042	0.404468346543862	0.513879483225324
100001624	0.0274690723069175	0.0465808668590236	0.349887644670742	0.410213603557877
100015850	0.585343716622754	0.795962780358931	0.408409022075357	0.504989333038065
100001104	0.00250280497042817	0.0126754736979677	0.416533852532344	0.780387902344745
100000900	0.0533919255973282	0.291319080526961	0.392631630018376	0.511963207116792
100000269	0.341107186343993	0.120503238251166	0.243574434716868	0.488755517866441
1022	0.159023156234874	0.915061770012143	0.369283690388792	0.522047758287328
100005373	0.485345801316871	0.150086099664339	0.328937151688021	0.561179181449599
100001129	0.116127763245055	0.67733761943003	0.35886367275801	0.546302185820325
935	0.186548147950207	0.428246468766617	0.411327859896361	0.468773272981964
100001262	0.246217721693872	0.257766384697278	0.37980646692099	0.543698568547006
100019978	0.388418537687154	0.588819038264966	0.362757504483366	0.502556614759769
100002293	0.374443822335925	0.529425141929888	0.385475014432436	0.511328414782841
100001426	0.295844847301324	0.316882228781607	0.372121916064248	0.396942801340225
234	0.0259532234968718	0.12562990225619	0.370931100227251	0.487928364218689
100005403	0.171254844505123	0.934536938155526	0.369007534329898	0.528649918756332
100001083	0.0419212919238256	0.312121792384475	0.403507151710481	0.536051207728231
439	0.513088462079446	0.263505894672867	0.403502791701135	0.506140083593188
100001086	0.147595300082772	0.279142651155367	0.401201479612843	0.605618550554287
100005864	0.741642607817806	0.491734778288728	0.344002969453668	0.574974853981287
491	0.706715872166147	0.988677562124335	0.369197940649038	0.515723895518341
100002029	0.527024170056948	0.436013196185943	0.356775358755531	0.409381068285206
100002154	0.604446757505747	0.362545920383501	0.321736875363275	0.486145563433911
891	0.329886841168147	0.155014052844125	0.422520013185599	0.476584978563806
100020261	0.788790623912826	0.691900950620921	0.402225891780191	0.510476558222354
100001296	0.603121771708051	0.485728421968116	0.373928051232265	0.42684243676929
2050	0.501450213782061	0.521386006784763	0.396744589804776	0.46833191491073
100002761	0.257194093532257	0.655887267436436	0.320472613227086	0.656826449060473
100006614	0.891234757835201	0.682545142836567	0.345429062392743	0.574562171087756
100001597	0.752386420536116	0.193232617025104	0.258266258739205	0.377154289646148
100020853	0.270287200503867	0.549518683794803	0.39493990091325	0.538204995855893
100001446	0.419734379511433	0.519538106399859	0.340155549264922	0.516041536124044
100003240	0.233252090522499	0.103422291510786	0.432194392946838	0.434321375158398
100001502	0.0641500951475205	0.306160464661072	0.422791463278776	0.595246252184653
100020866	0.136761324285347	0.0156836300859522	0.235316778839906	0.370638879047362
100020419	0.547985602622966	0.43515286155673	0.361338555436765	0.419208799364164
35	0.565556336236976	0.324245546732269	0.339432114735106	0.475110480765927
100003696	0.0137191206496214	0.0496279907124188	0.531374728733605	0.457000349014492
100016038	0.567727618953752	0.948904039378631	0.37309799459723	0.529959068135165
100009333	0.267303655580032	0.212426280314319	0.366891576953061	0.54538727693056
100001611	0.188765318046959	0.339788568043703	0.468160607193528	0.497027217015295
100005383	0.425678208351607	0.216272478700495	0.388704518140459	0.553281341710738
100009239	0.441874599871741	0.153156042787162	0.449526767717349	0.373637790072879
100009332	0.501237627996768	0.319860954162704	0.366598918600192	0.496206431418848
100001731	0.106953660493288	0.519007731061398	0.385565088773957	0.482654957798759
100003415	0.308615487878081	0.410765673200969	0.362599244140184	0.530525261098334
100020578	0.145380568678451	0.189315447073052	0.350459568055031	0.422501117317741
893	0.998257040843834	0.475873243941903	0.368202445920052	0.526782749428773
100000963	0.60791921551591	0.663217908138292	0.398987911711088	0.466856052698108
273	0.123528371783145	0.281510478130135	0.433374636372855	0.509206272009357
197	0.699012284455963	0.517220665457526	0.360331644023698	0.439760640438901
100000808	0.537670018865207	0.358463807581935	0.349046996682084	0.642868667308007
100002284	0.861932428854701	0.346242481208413	0.240903770245254	0.461137198758848
888	0.842133528425869	0.0881720012086935	0.402860617782781	0.497072147224378
100006435	0.271054889036633	0.237159826992729	0.2771069196813	0.862120146407471
100006374	0.125374361515528	0.445161626443027	0.387574650181126	0.501193066669906
100003169	0.594462433887884	0.960312988011811	0.368581867460274	0.51470496018732
1004	0.54251139541597	0.72594359120245	0.348675498856934	0.494017016806933
100005998	0.101726706082057	0.869559473531577	0.392322005072516	0.525369009736126
100000773	0.43518350043094	0.987394762237338	0.369642548940308	0.515929702982311
100010850	0.0719078860041269	0.227523450212998	0.406587515751147	0.448107542943748
397	0.903544594923469	0.322438631273291	0.273297751535762	0.576579001362508
100000039	0.0165249932439844	0.110663204392428	0.296177978205196	0.561219472446423
100020833	0.672406475085876	0.857946091964244	0.37553351941534	0.543334759293402
1021	0.372023476854673	0.342622786679047	0.349792384565921	0.550680191865073
100020479	0.201701984992742	0.418538079415208	0.382434232971743	0.523469078409473
100001335	0.359315040771532	0.247805663268141	0.428778879700725	0.478581838630885
100000743	0.512257150532413	0.865340828960754	0.370697367315385	0.501725340349418
100009246	0.191654069324257	0.665728068453332	0.358910789842346	0.54409029755601
878	0.881880253267957	0.299419894105648	0.328592557765798	0.530166165422428
100021103	0.527181648913821	0.83441331231908	0.464486640199815	0.498414831434853
100021363	0.228434200719172	0.565589744353917	0.347225273925068	0.554162072353006
266	0.149085825627456	0.214639800373752	0.374764354578931	0.453445494840319
100001195	0.250253745618418	0.18017577468013	0.477413452791017	0.441995755645647
100019801	0.885320847055165	0.748144637698024	0.382424632820477	0.507669696531858
100002196	0.0558087673065945	0.29677664079365	0.385017669756862	0.528126321674359
100006370	0.297937510028283	0.996202875949494	0.371422497747368	0.516709506012668
100001510	0.0411782909963477	0.00504868125261239	0.312079805563166	0.617319593456856
100000437	0.579893020808676	0.48357243158714	0.354348081762663	0.578466516919322
100001767	0.100336935303029	0.0276912963831621	0.459522632606734	0.570773177205931
100001810	0.348902403589846	0.486560546294691	0.387452706833723	0.670653026368038
209	0.020764077595725	0.25440750557153	0.436700915226297	0.493440895650193
100001485	0.463649825092378	0.149648391855661	0.241844069751952	0.47788430717796
100002500	0.231915264037285	0.683296396122291	0.406391113569182	0.53789143167647
171	0.0219200896157348	0.0200254570050966	0.282745873077837	0.515600924290628
100020487	0.983936455215843	0.769675317643116	0.401708068920609	0.477938128421246
1206	0.00643792382719326	0.106888833078851	0.377007950324452	0.561772054842837
344	0.0499282882936315	0.0643669938686103	0.629697306104227	0.622493486500499
100001405	0.437333013395089	0.822224531397493	0.38163300412839	0.502256711157699
1239	0.963855055294246	0.513232172028779	0.409861390231673	0.520107046574312
391	0.145985565796486	0.3018298015649	0.345942715959491	0.687576718332544
100006430	0.595082967766753	0.216920391228329	0.442489269996262	0.320616752637355
100001417	0.537078116025238	0.344865655800488	0.355519814897147	0.653014260654365
100002951	0.0585084745895251	0.420910958905128	0.367400187926947	0.437946817652773
100000014	0.265452832614831	0.476572890827071	0.362386198065265	0.56305931576763
100003926	0.766679745622536	0.570622338283265	0.390883376751092	0.506484738644787
100021538	0.441554950535248	0.312337047275579	0.437246873398761	0.431252554418899
132	0.207336400353041	0.786553879659039	0.376419346786143	0.514527037567182
100001425	0.697006831643037	0.582731390391477	0.439863194277029	0.47210068638883
100020262	0.731471398823728	0.720434443382282	0.38967775916989	0.509161720540895
100002679	0.0605749835528444	0.34608673751211	0.334831223980697	0.650994042321801
100001270	0.825510153591843	0.524378578891367	0.380082149753237	0.494123470771012
1102	0.949991392487471	0.829419484034517	0.380381313330785	0.49929790166443
331	0.147112005885769	0.133756000532359	0.305862240052742	0.396604999850654
100006361	0.187954848974634	0.359307262337534	0.327367840093075	0.623489817038299
180	0.955553403987613	0.775068585373177	0.398989498469476	0.510270667729139
1053	0.0345022537904232	0.139086337761346	0.755571628366045	0.600270621954694
100001359	0.386814840237	0.517668230981011	0.332905577975266	0.617756705362049
