chemID	simpleLRM_Fstatistics	multiLRM(chem_sig)	multiLRM(sex_sig)	multiLRM(age_sig)
100021136	0.0445838931261853	0.273618937061619	0.349555917193542	0.819460046881026
100000882	0.806444632455045	0.698107067834546	0.328046076842663	0.711952362563215
409	0.0780603476083645	0.229716411842648	0.357896615562683	0.511449088323746
100002254	0.661831050488837	0.0315005547412327	0.212669517271411	0.709488240255827
361	0.00456738724735489	0.0781018998099968	0.225606764757276	0.713052533590843
100019975	0.695523720700993	0.621814203657985	0.31969580253593	0.760739772302817
100000257	0.000867595516553835	0.0278877222563313	0.318489064796396	0.674543506715509
100001232	0.968926859363088	0.955349467404	0.325489852952377	0.733297103801509
100001948	0.391244768578972	0.426517033350377	0.337845294679627	0.606403191816115
100001073	0.604100157051036	0.994905739098204	0.338461996635572	0.745035203146517
100015637	0.824356655203976	0.59235528142615	0.33177882329907	0.732159492114732
100006360	0.693356249998212	0.727734084713421	0.303327846727724	0.793247156075109
1488	0.624331186242701	0.698198236855673	0.319546682476613	0.717127325081636
100002253	0.790318057018067	0.833820273575298	0.311269417222641	0.757533812534126
1023	0.966786917980341	0.699574976377903	0.313917732226827	0.717998274019342
100004284	0.769868028192134	0.705503648299162	0.309411642337885	0.748245253158798
100001251	0.690835550354358	0.993838113256195	0.318400442537915	0.73633173800008
362	0.587808556926302	0.525888264507156	0.291047604312251	0.727076299920617
100006620	0.691775360941647	0.927204835377556	0.317729339400994	0.738432911037702
111	0.312427552638018	0.155276531470131	0.268944160158963	0.70767700685313
100009045	0.573083218293011	0.285978220903105	0.266482609663645	0.895519740587857
100002927	0.668740840216557	0.94859442804261	0.315887913771007	0.745126983838845
100015641	0.699590830811676	0.754889422515443	0.301032817975248	0.756777552749838
1114	0.152410368473872	0.874456477097746	0.322678295771783	0.729460179086103
100020409	0.294871600782934	0.316041773123212	0.319008025035984	0.58780929149966
158	0.141765037270854	0.330386343314945	0.387681718598543	0.765180730604809
1224	0.0967279724616818	0.347675942231783	0.266195220496005	0.763964235105633
100001620	0.202194006403265	0.12365106482156	0.248870371579906	0.745379973630832
100020893	0.234717928856575	0.0374183528826567	0.292322296761641	0.414727347091418
100002458	0.837518750120232	0.422716406699314	0.378350803881615	0.654994633591921
100001112	0.878102594582705	0.966234849568232	0.31655450375728	0.734009878610978
100002953	0.476010379905567	0.873005587979149	0.31499440537413	0.744050184600981
1141	0.431262477614098	0.0468666314298465	0.407138092623129	0.539152143799887
100015834	0.348898776929522	0.726020712432011	0.329237291631428	0.758932917054195
100004561	0.657478618154275	0.970443245908386	0.318993835273283	0.735088283990195
100020497	0.594576935487406	0.736975385190442	0.301091735699564	0.759633287922731
498	0.0408415234215041	0.3199956247538	0.315092235586356	0.81877015967878
100006051	0.731687363140435	0.769992401380559	0.323586025803302	0.731512147035956
1668	0.659451687875825	0.525750585218028	0.312084249410536	0.67236814356736
100004523	0.611487886382265	0.938982822140542	0.322359239533116	0.729833158983143
100001604	0.196566437787729	0.676109202730401	0.31489380549605	0.771712352873397
100001002	0.214387418604793	0.618906411007821	0.327990083792855	0.725556586222793
100001987	0.0813542487909568	0.321268922955204	0.811469952182104	0.604317110322145
100002462	0.523681585921071	0.259682749833768	0.391912578181202	0.589132062079919
466	0.755556395212712	0.126548792132508	0.340538367020031	0.713285669942801
100000665	0.612509874972413	0.6405216377003	0.338867053767657	0.699854854332554
445	0.985076768241954	0.415170509775697	0.350623047212595	0.787570103331676
2029	0.19774489228767	0.529951992047937	0.334368711846596	0.737654732027243
100006438	0.114675125848107	0.327677596550108	0.361950990887264	0.753859698041426
100001398	0.665607226147537	0.483415736314929	0.357853562499007	0.711098762796572
235	0.473252114833086	0.61695251704101	0.294202058921169	0.761457257046473
100000997	0.57680907458231	0.63549421215096	0.320939443855015	0.709624714035426
100002094	0.385032716175615	0.300236282852384	0.274878049637032	0.612869390733744
1052	0.43199444687094	0.882656218743321	0.312179896843795	0.766775844836698
100020823	0.248981428589439	0.51071474213329	0.295243746895472	0.724631975562719
100001806	0.317551166653739	0.706465556939665	0.357935663444686	0.744219484368437
100006092	0.784531533989013	0.841277733866346	0.324236638061307	0.722103452327194
100001415	0.084493369968804	0.0752949118369388	0.320596863198081	0.444595089933704
100000008	0.125546505415747	0.254501632537562	0.336350099152814	0.618866966184102
565	0.00626292736856331	0.0581878062162462	0.317045158640058	0.823261476224753
100015851	0.191480007417972	0.198537616788581	0.401890865699367	0.869778696296457
100001866	0.70460961220867	0.934855597476288	0.328298006639712	0.728770418679082
100020546	0.00316598234284403	0.0362524310681673	0.551950295669229	0.929277023734899
100016110	0.749557984685172	0.50487683882249	0.271105223514225	0.81506289849183
100001254	0.0038468260497575	0.016240172648308	0.404198553725166	0.949319647205863
100006260	0.482590485340787	0.773690074236728	0.322568882906002	0.730742677063743
826	0.67077004968012	0.880821770182475	0.3178061880467	0.732411749527139
100001872	0.502879621884048	0.984199520385108	0.31682985195592	0.735924429350965
100000263	0.374359917317933	0.402037124861285	0.385813079324483	0.727905101285663
100021198	0.808038995098145	0.0643711360658527	0.219879088872777	0.433957287138276
100015967	0.0293225665967123	0.0841983534253078	0.393428675739567	0.549623861287796
278	0.277463911568629	0.559762514370898	0.305536104261365	0.896501093228444
519	0.834113460245346	0.411586528989317	0.367021176090676	0.679699431601922
100009337	0.0882306051961409	0.4158188372357	0.409101677534582	0.730352162523706
100002185	0.368418815169568	0.899587065909815	0.313628665602804	0.72595940086254
100001278	0.443661194473232	0.317688342948195	0.379917751680937	0.691704101529163
100002103	0.915481591193329	0.459273135312959	0.319964038266518	0.661647238948921
980	0.83567189761376	0.532510725620326	0.34392108352369	0.720611424166473
100000016	0.814200383827233	0.411560329625964	0.313738657652279	0.708287299005028
100020372	0.190122403611709	0.524916431879406	0.315032439275392	0.677307667981699
100001662	0.502263802291343	0.0923028442099197	0.109620660132441	0.756365843011127
100019972	0.983321111239751	0.635244704640737	0.327679160495218	0.721444297738729
254	0.855005996881913	0.771537470153064	0.315048121499351	0.73875532934389
100002009	0.704530835965106	0.75525331831517	0.31453328503946	0.675514460891368
100010895	0.0508982894542308	0.131404306382937	0.465335140293269	0.707619188994108
1140	0.798078153439187	0.730119227087337	0.314424592290161	0.704252245161435
100008951	0.772133251491117	0.613162861230421	0.333847248537869	0.702863676792641
1084	0.435935275729934	0.916750716840258	0.317322558664253	0.757082676872001
100002796	0.0823159536412189	0.379357749912377	0.283797539899958	0.680089120060803
358	0.926964182553084	0.892331229466298	0.322680907894415	0.762256623103413
100002070	0.845254657085993	0.873708246467486	0.313602455038738	0.748995105421423
1628	0.305547145287838	0.0953217585461992	0.392869094496783	0.720000698634909
823	0.515540741831908	0.376652974036874	0.263869032893455	0.8229788585063
100004414	0.575958450678439	0.147700304318506	0.395543817314795	0.855790606573747
100006129	0.706456132130415	0.692416301804462	0.299678079609866	0.750324186458024
100002028	0.5819144714406	0.765843945416117	0.377247962882732	0.663514297287214
100021707	0.424980752306711	0.518363489879967	0.277870298114942	0.806879861185382
100000054	0.534649534294199	0.468995373212434	0.308671815710138	0.761383690540393
100010869	0.440758648400654	0.137802248980975	0.331193250116832	0.562857835052522
100004575	0.0309016509867839	0.115890372035521	0.396135855433439	0.938547289943577
100001212	0.904626271823296	0.599410117416295	0.32202975949953	0.65738955308686
818	0.17509329032166	0.439832494338492	0.375852774744734	0.670872684095985
100001092	0.0010198151004233	0.0137216243707691	0.315032757831937	0.724621334302521
100020371	0.869614146774433	0.860529430044559	0.322370994363171	0.735785954984101
100004112	0.230223537128673	0.609781528748675	0.332031636517458	0.742342590289657
1125	0.541294572385087	0.384648205564909	0.34777992068092	0.768885841866159
100020491	0.963295541367049	0.51244223534866	0.270276383078275	0.748695848312094
100003151	0.00665445027329269	0.0372038868765015	0.450888879606482	0.610297266934829
100000011	0.34562633987122	0.163954192222055	0.239943061233282	0.841372957128246
100003594	0.498936850358935	0.958109201375439	0.324839320464289	0.739463453083865
806	0.723384554308912	0.129025975526631	0.314396942254006	0.514362979985988
100001211	0.877087793518068	0.494537732401193	0.331053445322484	0.712479467757553
100002417	0.715008731784071	0.529450102450211	0.306074173511146	0.694836688192071
100009335	0.60359804771665	0.217208045994112	0.262166699357495	0.755910450829601
100000781	0.619828669470928	0.9200990581298	0.315343613720818	0.73384390723434
803	0.0282528734819552	0.0349759876962546	0.303637105391382	0.610418602047445
50	0.342145646593101	0.441300923247358	0.333149843991258	0.702179014330599
796	0.547392750530247	0.0384901697189939	0.349213053041591	0.706502037713054
100005834	0.875928734588681	0.807831262283859	0.345527254799599	0.733342825078702
100001580	0.994338781906248	0.606982400358177	0.33740990750742	0.737292757400281
480	0.569711702635971	0.841390943844008	0.308651664793559	0.738100844335441
100001540	0.347689751241887	0.85139337682622	0.373657716594641	0.781686680938838
339	0.45739511316167	0.102736556544721	0.288423187640853	0.640328175930927
1110	0.837313945384388	0.810010846123065	0.324801018938885	0.695309611112759
100015836	0.207758925484422	0.205956182307253	0.45001260306587	0.90001196300071
100009271	0.429343453852344	0.442307388179435	0.361964411307784	0.714276919734259
100015638	0.972461515269814	0.455443914006189	0.331897087688482	0.718160902835932
100021667	0.822904399776135	0.345760678862576	0.375984080167249	0.708545159946176
100001279	0.530097929657879	0.315344241214387	0.347403672458851	0.878621524804881
100004208	0.0175556646881399	0.138586722926995	0.469734415307132	0.860817958582089
100003695	0.133784421740138	0.097418692023855	0.34895808507956	0.487523548483595
100000802	0.935571475055635	0.713751718819745	0.324012739530821	0.727529785065575
100002769	0.732951449045529	0.0604158011614499	0.223143607197243	0.868413051294403
100015835	0.133306719584999	0.306880065231293	0.459727596383362	0.929571379871143
229	0.988559983630106	0.496569043280036	0.346658256237873	0.73074874459175
100001266	0.00996360789090839	0.0345051974073375	0.393349148963555	0.979455309629547
1342	0.305644548884536	0.360933699221815	0.274316699802421	0.753236272152412
100002102	0.917210050561947	0.779787233296007	0.337078425181635	0.785891403376234
100020254	0.24365457260783	0.744425657569112	0.312385754997321	0.752530275580455
1231	0.480380274678539	0.254956406308787	0.374254894764929	0.689452530849999
100020492	0.975023912314209	0.926219422176856	0.315229148734121	0.735324418339065
100001402	0.590067330178679	0.586954422938346	0.347627481520416	0.734252871562307
415	0.0048755710785536	0.0728048008069513	0.37474584445604	0.8034256180548
100003109	0.922977854089661	0.828320003650927	0.320938273578141	0.709944660924139
275	0.751007851607587	0.701084758849871	0.286512904724387	0.710965250811919
1143	0.185597370163143	0.0844529768831892	0.289982401811352	0.833974723795412
279	0.307967307909844	0.271924053173669	0.318854422946102	0.576196947902109
100001198	0.971627791716129	0.963439156197044	0.318806323623876	0.740681181298555
1648	0.426436755945967	0.960247328688989	0.317986639841353	0.735026294963387
100001590	0.375085748728651	0.256835657444097	0.302950868281548	0.64281694346181
100001733	0.385169872111083	0.864059408480765	0.313945900698404	0.749765394282108
100008933	0.0367053550789882	0.00697828738740586	0.413945211527961	0.690354312727228
100001550	0.346419739400534	0.396215920015843	0.295341533206706	0.664914210543874
1215	0.0898915094520928	0.268850156470279	0.272036546445255	0.692000149341519
100002356	0.307166683870374	0.134882618712807	0.375311201538579	0.744155315166023
100002749	0.727776985150699	0.881751268942061	0.318919047771853	0.740511350563885
100006379	0.154543650185045	0.170948468648547	0.36567245199978	0.47741884571406
100015966	0.0693743659648176	0.152784200423803	0.345463649908259	0.554552350825045
100001392	0.822360586550439	0.865864335205095	0.321139611767365	0.734126621065568
100020425	0.139840272038719	0.0523046370125335	0.266454350945899	0.483506209739458
100004299	0.416213330238867	0.979558222197793	0.323047964770878	0.746366017955482
100001734	0.645686091082048	0.564401460793389	0.331226185431606	0.677657253256222
1002	0.838316073147674	0.675431252573159	0.320121148011994	0.732730160170785
100001337	0.308370844217621	0.786983182952853	0.301455979992958	0.737879556960337
100001452	0.771048721310514	0.795133756083741	0.315294397327945	0.710624583433805
314	0.527314854516827	0.401276720944613	0.328824691892923	0.755146255873168
100009264	0.842984790949092	0.431416891724537	0.23018088341569	0.897474002490723
100004634	0.466969844946369	0.525634901981531	0.288028613898792	0.75146163272959
100000711	0.815217502608555	0.744383930246491	0.344291785390104	0.756943974892421
100020536	0.0212957591526341	0.120992401983551	0.382446768335822	0.843556108440184
100004318	0.286935603764381	0.686310828335489	0.323648260533946	0.734782144030281
100005850	0.884039201324837	0.402358913415791	0.411452172203203	0.668132538009131
100006619	0.509568827818056	0.230849188551456	0.348206207373153	0.719031409259025
356	0.283484322303868	0.423700440474758	0.298030434331647	0.769635657952082
1221	0.732676516228145	0.558807484814251	0.407160787973017	0.773442825146965
100001397	0.920230214974932	0.73263562632772	0.31605089480336	0.724468533062468
100019981	0.78185446521008	0.997242089945999	0.318157249509366	0.738685874553525
100001208	0.398035375572193	0.348966979916993	0.28529018534916	0.985405217693242
503	0.00770507521427738	0.00738084129019963	0.194235630113413	0.562178484643773
100006375	0.0681619944337937	0.965436370429428	0.324013809746617	0.734929875258095
100001295	0.767551047690111	0.599997515347054	0.309297168385963	0.830368205937219
100020427	0.0498667583876081	0.0313728471036442	0.3069427020584	0.429383477437919
100002784	0.545896082882282	0.432041142647183	0.277211725068396	0.797147973251309
917	0.074112045201447	0.2023946619789	0.345936775774508	0.680507733282048
1869	0.313330992418017	0.181403536483706	0.343627015251696	0.608950730897215
240	0.203739994739175	0.0972806041597417	0.200846544941527	0.526558517689999
798	0.0150585868515313	0.207174460119732	0.42205402691428	0.681997628963595
100002952	0.294297391495688	0.50201586777526	0.316958856419333	0.817885868360579
98	0.757327899367996	0.892519797137323	0.329323656276781	0.739442493720952
100008998	0.238457846169227	0.327878858383968	0.253397932026386	0.809980016815344
477	0.746304935572803	0.39615205694409	0.321688036880411	0.731226081788423
100020545	0.084855228760915	0.157372821732885	0.362988583504594	0.90190158096312
100021666	0.990264661421289	0.251270099570606	0.358752652079383	0.728282770564579
1256	0.429323009076272	0.58172494843721	0.385374089829938	0.789385041296732
533	0.24996795636462	0.0548947226782838	0.22177655298587	0.456128076165712
100001757	0.461213387056828	0.900081388466328	0.325944405435081	0.730627836375649
1024	0.268538330343845	0.107014353010028	0.220944216553065	0.809998168080692
267	0.372842051123789	0.771989348170655	0.307348743451538	0.747904901739129
100002113	0.159869123396307	0.17273044057864	0.307181737996072	0.756651054925409
100001756	0.954870747202831	0.754227435890228	0.328560780456024	0.753994303132906
100001193	0.475914836679297	0.218986978502805	0.385581284390954	0.685493165877389
100001668	0.679859076313816	0.884349624944152	0.320820727500988	0.727058903170406
1124	0.493604805822066	0.402697806457136	0.286988961110086	0.810947636142344
100021331	0.102492938627058	0.213258112078506	0.295817946693561	0.79538256729596
1090	0.0145784510234913	0.0276413942175043	0.307843495404825	0.933046415744118
566	0.661845856340239	0.48638259851367	0.262171128789925	0.736822277895373
100003119	0.444726342505035	0.313041128252335	0.350489186068104	0.676581413004638
100006367	0.622552381895879	0.492285971431795	0.331393424655627	0.713447141784658
100004322	0.258302648737312	0.262152333366151	0.324829254901082	0.819066772741273
100001034	0.623604499629081	0.651995371251409	0.309499500667369	0.714870143282682
112	0.872113663012689	0.947319367493646	0.318768625447293	0.732229704679126
507	0.854339791908227	0.96240257444589	0.316419892174403	0.737436071641019
100009233	0.376671152814824	0.215217433360674	0.293857580452286	0.751166181270441
100000406	0.026269512719391	0.147706812643591	0.488082352379452	0.532313180335765
100004046	0.487881222553065	0.315447057293985	0.177351699451755	0.656060110695277
1025	0.78704476205721	0.692604288195414	0.305894325692519	0.755813990625837
100001106	0.373259412914578	0.317216003349259	0.274413304925502	0.752368664771515
1128	0.0378311269355529	0.677009554026357	0.342804569284709	0.773938911665554
561	0.0902378165116044	0.266386118224254	0.238122707544126	0.661087555197205
100001614	0.756052451261531	0.329043721506445	0.335248213022406	0.710306617073374
100000961	0.958234492427265	0.946157542262517	0.329952717339513	0.751158056086174
100002397	0.77640456156777	0.544571853953611	0.317865671104613	0.653960152289226
100009407	0.87391019475941	0.971594733434951	0.322554665009493	0.73457177887724
100002910	0.982630810116323	0.419872259913015	0.277203670221725	0.629069887851275
100005946	0.336586301505281	0.401241051321884	0.357731540148746	0.824417492811908
100019794	0.0464401525382452	0.186540719313806	0.324440174574255	0.949408421924012
100015759	0.380474920034392	0.109152100553418	0.271439123276678	0.737158080893191
100020417	0.860626398873837	0.606200184926542	0.302083369792558	0.705044580116145
100001054	0.758926113425043	0.940979696594665	0.321586405814647	0.736798182204214
100001437	0.285338537923891	0.278366862842774	0.262026717883124	0.651334960260972
504	0.104083894200368	0.301129951756022	0.459913934943922	0.768774240872452
100001988	0.412238434336138	0.586079448778745	0.310764693748991	0.921565040988533
1082	0.0255910904431845	0.502749362257785	0.362173575202955	0.776286494998472
100001403	0.446793072771025	0.354958549260064	0.348595586445156	0.709847748238537
100001664	0.783473392733663	0.378370775128996	0.296136205361693	0.986195580635563
461	0.505698684987576	0.355103037863924	0.446732787066373	0.710726048191105
100000463	0.768860053796995	0.911188571700336	0.316214026835968	0.734521251854481
100020208	0.571089960936482	0.537089329151226	0.356440922958101	0.621020724681492
381	0.52345667593739	0.0633004530017049	0.143688840392575	0.55527186995904
100010901	0.0697108145865382	0.0717426689398215	0.319236439039422	0.860984524030609
100001468	0.249645173384197	0.983163637932583	0.317537391271045	0.745476566998268
100000840	0.926417268366619	0.842597812798829	0.309238077637582	0.753216372721311
100020014	0.261004606301126	0.476352811806478	0.309480345734647	0.754693599230257
100001993	0.654183971699199	0.510430474125624	0.242784266103204	0.930498930386692
100001051	0.091411793785648	0.0110662380941812	0.354859894259933	0.366601342345548
100006116	0.384590181813577	0.530086619893871	0.322572261489592	0.738188837796653
1108	0.87220162326261	0.91599371825719	0.31550720223674	0.745183198771669
100019966	0.418729902750527	0.166341567982017	0.372140379468611	0.706953350170079
100001743	0.796248076232602	0.497442690774934	0.308626007237031	0.718694059628057
100001294	0.112490699617524	0.199660024768296	0.232144960132163	0.796103587648316
100001609	0.270716069550369	0.1584223554116	0.302538217333192	0.82328126236006
418	0.68842786852555	0.96020762108989	0.321009954879622	0.733055299322974
100001178	0.21400253870504	0.976174215175477	0.323377872886323	0.744284784719886
189	0.960713866769562	0.388305427234824	0.256401438160085	0.655008879888224
563	0.460630304511508	0.931025127433063	0.324591063379291	0.731378306073076
424	0.705534480055838	0.574516543639593	0.343128786970913	0.723129800117832
100000776	0.177118895654125	0.356511592867136	0.35702340134375	0.737555308865727
1001	0.987975646299098	0.499914719097282	0.324348968226576	0.740238903469465
1135	0.351442290198523	0.0585871215717596	0.303865085884476	0.795269377312647
100021093	0.449167433107462	0.557528395936531	0.35843346574191	0.753839871732992
100020219	0.0966558605612612	0.257681862738579	0.331002498884099	0.635958831002537
194	0.55733139437177	0.742415832822032	0.3302814477626	0.688268647412185
100008930	0.796955452970066	0.729246461207962	0.336143417076254	0.72251642142935
340	0.347289915507492	0.139231070610741	0.174723382669705	0.854858414265588
100010896	0.256362713826656	0.65549407034428	0.364585154457735	0.732319110514439
100000787	0.279334068776158	0.150095064682798	0.308656208793141	0.459426021047506
100000639	0.039495188190434	0.327370333592683	0.293362338018597	0.744370315866983
100001851	0.849825161882004	0.180271343855018	0.3538085159952	0.465384343660425
179	0.697448043314543	0.540900798530343	0.311120502185112	0.755857453640722
100000626	0.619443119793506	0.86740930580502	0.312946919159895	0.735209696686571
100001605	0.0107479513216286	0.104186158103292	0.402391343280129	0.832940399224698
330	0.25504347086374	0.436419460801197	0.349288411172145	0.602407922100761
100001162	0.864012587074431	0.527808481313264	0.279943834523134	0.69705738070835
100001167	0.0584044125576013	0.266833902567612	0.312688764655512	0.717433655331518
100002067	0.665704738215857	0.890557760803715	0.373829113704973	0.716161910010425
100019968	0.636289488474049	0.311839200479258	0.354952068622989	0.660692287206476
100002014	0.887647377593913	0.903937054628779	0.317088736648189	0.787381423261523
100004083	0.571580647926008	0.171061806986939	0.348484380804596	0.599570848512597
100001315	0.302046643016045	0.408704089831904	0.333733182679791	0.803708908831147
535	0.162373406009652	0.421548003973743	0.352503085928162	0.728317494329612
93	0.47472936755228	0.286187802172961	0.354798811876529	0.574483924439927
100001989	0.240259901161496	0.459081381512533	0.281186345309673	0.80706712829804
100001740	0.736356014321343	0.368349973459325	0.288471720634662	0.757437913328486
482	0.188375543176357	0.971532564579277	0.317736483759219	0.734931309654415
1629	0.228229192661874	0.362921973841472	0.385881496374185	0.710452210381586
100001399	0.602097641427723	0.408090775539425	0.331858722051123	0.732351699492449
376	0.810655949976688	0.179224650826282	0.202795258126309	0.842989697277677
342	0.566583419945942	0.608395086650844	0.316050860860507	0.733114642084797
100001253	0.0392642179762857	0.216420093407449	0.273618786181825	0.932274722145476
100000708	0.622588220064744	0.808604448078774	0.335488438668385	0.743243769535331
244	0.156550503185169	0.0413991735735834	0.264934439717843	0.864742698813176
100006726	0.500029792052805	0.392702911374573	0.359704931415346	0.724687228892882
100000036	0.174048773660266	0.636625753132387	0.29401477605235	0.776410721268847
100001257	0.0463215480628686	0.106511602615573	0.420784883187457	0.978768922556628
100000445	0.940144838102578	0.283497143355727	0.384365073087113	0.639005809987015
100004088	0.00525476480787123	0.168115128356371	0.361183924582114	0.810482967591144
100001423	0.987874414299227	0.750616369648593	0.32163509645227	0.707941181194677
100001276	0.398447789636152	0.316094846773264	0.291284302448276	0.655122483974859
100001876	0.982529050514404	0.592392579144754	0.303206562888702	0.7491175707677
100009082	0.577938955013601	0.0353365991083699	0.143922258341406	0.712046397036553
100001121	0.337030332696639	0.656366365863486	0.311889455451713	0.730600646873852
117	0.328779434034257	0.6410128233374	0.29983512776137	0.756748987429897
100001868	0.0194562086768869	0.0887769392505267	0.383746172270011	0.754287038954263
1134	0.731922487589099	0.238276927380193	0.203352922695482	0.694617097966346
100021012	0.348245335191228	0.533633156992551	0.324506229770721	0.756828622469368
100001181	0.956589457187637	0.366341764125945	0.375546030807848	0.67590612615569
100021467	0.682332056113866	0.279223878690101	0.321888334164229	0.639788526811559
100000447	0.194126486205679	0.215823683997652	0.36939094753772	0.699959948417026
1162	0.000479399239816217	0.0175790071865504	0.408774447642575	0.647578942017589
100019982	0.638689865799049	0.370458988228813	0.334857601127991	0.717614296699393
100001613	0.888422064656904	0.400699087316539	0.336229671513584	0.701669254541326
100006644	0.270400325831134	0.526488914633908	0.29230158140315	0.775867942233287
100000096	0.629830784751434	0.0344645266966668	0.213008964661464	0.701358323570253
926	0.505343905436963	0.669091042611194	0.324321789012386	0.740082382108398
100020004	0.865699495474686	0.61491739086482	0.337512513096632	0.733975248955435
363	0.203011786051528	0.0780370991474015	0.294819363412496	0.337950203702677
1111	0.357179565429884	0.976893983692646	0.320429364510859	0.777442030252617
100021712	0.601083841207687	0.917344652197596	0.316904451415603	0.730610644566199
460	0.82595167533484	0.592757850018863	0.334457376139973	0.787685479143268
100009331	0.385930788357529	0.22188417676437	0.287582689599704	0.762205462593432
100000442	0.24826049396166	0.778086176900765	0.337506076174299	0.749792862012818
100002945	0.157653855371074	0.0345148641244059	0.398328828240528	0.692399752066242
192	0.900313756552654	0.840853915414956	0.308703060081765	0.781775451914122
100020241	0.305577678350326	0.775572959329102	0.312366107459731	0.732441897455408
100000580	0.266882006914906	0.232818563136396	0.275442579892856	0.918989470403655
100002466	0.0105330133753614	0.0380195130680867	0.27042735917066	0.497233956700538
849	0.715228811437154	0.705666387932178	0.321039665002569	0.700739473987043
501	0.436558408790017	0.347462770042214	0.355330926683473	0.689264406510896
100000282	0.717861860547556	0.150069229824518	0.396683306760997	0.630036672560144
100001577	0.0380055768232545	0.19829121801661	0.427430172694174	0.796534802751647
355	0.0965580962694352	0.279491621495942	0.266655108881885	0.626530298859358
100000841	0.602313689534208	0.910458645813082	0.317962231940016	0.759885628411581
100000846	0.10074225501909	0.401675230607847	0.306809729588806	0.796297371840343
100004295	0.776749776970567	0.351105092864583	0.291889947793517	0.679786134931207
100001586	0.101069747597073	0.0529318819677999	0.443453289871568	0.388742361673409
407	0.00934532337452313	0.0264879835425877	0.358736333211135	0.817248490301659
1137	0.744051722246543	0.620401945826976	0.301320766315587	0.792227371272296
100021374	0.0421755819636822	0.0138447137346884	0.245669004012199	0.860202967701053
100001593	0.896862358750081	0.654895875848372	0.302061586851236	0.75380288022172
100015971	0.969861012755748	0.852894043621143	0.313842536418344	0.733524232618557
100001022	0.324256578966716	0.214781024663187	0.208509194225666	0.991433381319385
1094	0.0987560731625656	0.336490463729523	0.450081674495234	0.925905274815689
100002122	0.115318913212681	0.109805016135316	0.249129479011412	0.88931812205701
100000706	0.637507522316557	0.597965006293455	0.278945481243989	0.736609526645757
100001055	0.968025946538428	0.324398799419353	0.28417376448594	0.665163638640835
1235	0.396781776524026	0.654376131831228	0.300062284615081	0.776347937429743
100020204	0.10377880311752	0.494757962246511	0.344829278183571	0.783518325214949
100015643	0.0472386192168581	0.442487454210114	0.337661476189069	0.702655447528356
313	0.0235696018277675	0.359385332425529	0.33152643579406	0.686362932470685
100001413	0.75641687816933	0.982213677577296	0.326193794911281	0.739071771224935
100020423	0.0194392746779856	0.0198908054505663	0.343390622569704	0.408932286978267
892	0.436236397633641	0.158003809274846	0.347177149984299	0.768612619073956
212	0.0530883521404256	0.0884996095400283	0.43028635364808	0.709843532165761
100006105	0.194485001318467	0.187704428168004	0.361426516255173	0.750121870590809
437	0.903853631937462	0.538976100212361	0.293673263451122	0.756437254563227
100019892	0.510654912973928	0.778520304680902	0.316310656464109	0.760854142160421
100005716	0.118654302945589	0.17582860402374	0.336845726682914	0.809442270300815
537	0.201907639983748	0.0588364769801337	0.331328940544686	0.760415127357526
100001990	0.394630420508012	0.721618225704903	0.348754682580706	0.700296062208563
100003397	0.0186209603708087	0.00211385494644925	0.24955237885081	0.467822374363449
100001320	0.223061773715073	0.10310589790632	0.440510314585548	0.358733463261804
100005717	0.185702482304427	0.132523698812783	0.362462867030663	0.766035777901508
100001207	0.0558360469241148	0.245967316908124	0.352282641094214	0.738091097051891
100001999	0.453510251153356	0.723785750352162	0.298956531709706	0.868390320161132
100002488	0.255556954197623	0.00652527764306169	0.382932056796053	0.647928697169124
62	0.267857652314395	0.743943912425993	0.310023920890159	0.740976853070904
100000467	0.503293523000901	0.500802545958489	0.307042120496291	0.7151976009792
297	0.00677580756769532	0.201300233650201	0.322956691799086	0.711839478609484
100000285	0.04833780848676	0.475396108393208	0.31939803325171	0.817183022116049
100006056	0.0869579908115502	0.428717026407642	0.332199028647237	0.775374849393658
100002126	0.103378925351622	0.193385813414762	0.239634486240679	0.888058305420972
100002129	0.822648127680613	0.767447512825004	0.300091227457601	0.845358350426837
100020478	0.0610743137687475	0.271379946839393	0.289755831991495	0.7591482524253
100004089	0.102537599448967	0.635413405369877	0.332843166972682	0.699715906917934
100001755	0.487035209658105	0.668866690101024	0.318514407873141	0.701017476505328
100000551	0.0283387521287315	0.997853195747922	0.323694912422215	0.737602586394834
100003260	0.429084570191881	0.282328336048764	0.360541071864317	0.8223519905713
100010955	0.777335549041487	0.367442216062822	0.251545468398206	0.618266227882409
100020851	0.257928210958712	0.535076818730718	0.337617061007203	0.755884048015293
100016069	0.513769183792176	0.718755563179297	0.324159568583073	0.720352694239801
100002027	0.580032176632541	0.455358374672378	0.220182585932274	0.874542501862404
1123	0.386052271790288	0.174075330102265	0.304248991072007	0.870959820288965
100001150	0.501506525405249	0.7988201980295	0.305213415694951	0.749293412239016
100001657	0.210100758007759	0.792352255264388	0.318268675738073	0.723863515532667
310	0.270197031491713	0.355872999991548	0.281692386907691	0.839083200282608
100001314	0.353772177689072	0.121490440638174	0.299491938345883	0.607675368012983
452	0.749843672518072	0.670050765111106	0.35254745114807	0.710011530442583
144	0.196923107228665	0.115179350991961	0.36934815932475	0.611357175352423
100001182	0.17073155927023	0.144690058371562	0.391588208389459	0.723228755509131
100015965	0.793776753975597	0.482556749972208	0.30447307647486	0.804123215050176
100006108	0.931255796406931	0.525221416881143	0.327324592706383	0.771516806854142
100001400	0.717894800114423	0.577572645199139	0.298710021690516	0.722967602962907
100004541	0.319435123296991	0.228358713819328	0.309810679143028	0.485410238776656
932	0.862619094864978	0.339731209668692	0.324387853926995	0.770820353836619
100001992	0.49423519601655	0.668600631252683	0.411372165629171	0.661597384323993
100009252	0.0934026511716831	0.151633230642918	0.38961301602534	0.719985358330999
100021104	0.523145767086	0.452520825170518	0.243066403882234	0.91125901753941
100015838	0.022160821710378	0.0579303701536237	0.439399708956329	0.958120986125698
250	0.000275226637571551	0.0154195871613883	0.604493529402021	0.87102950684801
100002537	0.523413938653659	0.245844063282747	0.282445561256612	0.940691861129948
100001658	0.983634245757641	0.7657583204085	0.336751953829702	0.725372054890197
100020416	0.424864497175193	0.466847816895252	0.289254146211576	0.713638857433613
100006642	0.146940892857737	0.615468172254635	0.298909765337433	0.77793953085114
100001391	0.134271456736715	0.345998188275517	0.39969635663686	0.846534055706542
825	0.72138924180456	0.593946451497932	0.278481668751508	0.750246634459978
215	0.0328315783313512	0.200843974400747	0.360973989631419	0.725682156699887
100001026	0.987711978685938	0.850060949203828	0.313802456550832	0.777780496352113
100020541	0.377528158619971	0.387539267014887	0.272771608319809	0.783919344909424
100001526	0.216503946442279	0.286090228041261	0.470561953824659	0.852728912625559
100005384	0.477853756083158	0.333341998809634	0.295323631097958	0.637165125622122
100020378	0.392489906261806	0.579049076013185	0.300465235091354	0.748085191138211
100006115	0.866659721320002	0.198906920237274	0.455682084950942	0.566166803122648
1442	0.140568638657012	0.0333700871465808	0.131647069150532	0.616507704039267
100001843	0.0563357149575602	0.0933125613146515	0.359451401503788	0.869210641640097
100015837	0.250975685969196	0.332735266102168	0.509095907239766	0.683070330118119
100010834	0.703877519781464	0.983660214289739	0.317138788106322	0.738849202107172
100001393	0.772973973345376	0.336712130007487	0.241667875986284	0.79097061831387
100000015	0.336767306081004	0.582291247696145	0.297907668321854	0.757391846997503
100003892	0.0497054206514886	0.091293684575989	0.284519211335928	0.980632187516794
100000042	0.185901675184544	0.0164159942850264	0.340578850471855	0.628329753026639
100020550	0.482243463510796	0.170139278057243	0.348496256446993	0.617660309148479
182	0.528536920246274	0.399772648066782	0.307964194546815	0.753283045013638
100015723	0.21993912609968	0.664500790629668	0.319109809757893	0.726348844092331
100020343	0.458699798008811	0.500154890051356	0.289790388647883	0.736659711782145
512	0.537358952413949	0.983918484679988	0.319480135398689	0.737952679670149
100021100	0.908256367193384	0.833656387336671	0.311161440011639	0.737836916871157
100002528	0.247165279059966	0.0439560051934367	0.387924032291167	0.483946640758887
100001287	0.505454190600434	0.964960981059574	0.348530005773873	0.755857049536077
100001229	0.646485831603812	0.928229597015473	0.324366522811143	0.729854445799729
181	0.371199482765613	0.794697934454616	0.311305474999093	0.766199329407637
100015831	0.00351065051187111	0.0320728239963404	0.410411762465342	0.524359004006521
100020515	0.462932580103552	0.512118433885119	0.26846541819272	0.869097508881047
327	0.259186117282725	0.398356196395212	0.366861452437609	0.702848336615226
100009394	0.722942821132947	0.798667784880346	0.304776194814857	0.75960482583355
100001596	0.734201345643338	0.166393647027439	0.285131405868827	0.535017947737884
207	0.969027456757233	0.535821797952385	0.330019436896678	0.698391702816903
2054	0.569519378530782	0.83885732584075	0.310939304863648	0.747125295916198
100020259	0.579527938787771	0.520758911977535	0.35012338289484	0.719954396726159
100020414	0.00199585218777652	0.038688168466428	0.234180362938807	0.71913445289518
100021131	0.979335385697963	0.17798782584223	0.305815070386149	0.682955689441077
100004499	0.92631408473934	0.651804024601851	0.307867779583661	0.697769327130183
880	0.148877059090711	0.739861315313785	0.346419820395431	0.733031804714919
100002049	0.435017939100846	0.281858317465896	0.353425768641297	0.684283571979316
100001739	0.69320389493244	0.353332241983882	0.383077592211249	0.702040572418423
100001126	0.484361903288707	0.213689667308716	0.224721532602939	0.626190642027127
1113	0.669493542263483	0.717517629041279	0.340073343764293	0.686783670476712
1083	0.978594677070697	0.315174590318644	0.346481667288952	0.640887285219093
100001730	0.104308645440488	0.278002399942135	0.357803789138579	0.631519625986142
100001412	0.591295840550059	0.857285802923356	0.324951937544304	0.720012446164556
100005996	0.902542147007454	0.49571916247433	0.305229169234168	0.701269874681524
100015962	0.0190118985083966	0.151484511061402	0.248723491212706	0.987990463306058
100020214	0.814952116154059	0.469716586446531	0.333113691016952	0.66032052879057
100002514	0.101730590402972	0.314536049246884	0.332015836184324	0.671338108559997
564	0.140458404680058	0.0309827745480707	0.279579936508622	0.595108478179493
572	0.0300295325119231	0.0244880865578541	0.45189659986573	0.598019029746201
231	0.988964485818073	0.629592167752063	0.291104713472807	0.751927791186325
100000453	0.958646139799268	0.677429979452566	0.302416719061829	0.776280138017748
100001007	0.092852223909409	0.21436791900965	0.381282822207842	0.605536442355111
923	0.824962463491714	0.482818319972625	0.305621971933307	0.772492834508884
100001247	0.391772155932168	0.506732658549737	0.299856773247499	0.719602498407162
100000774	0.669575903940976	0.9110808821062	0.329303811570686	0.747508257812663
800	0.465210692115112	0.38419858670406	0.332746454908008	0.789087427563203
100021678	0.310921682959487	0.480953183872662	0.275244664707848	0.7360028604516
100021711	0.35189470455712	0.724596091719958	0.343410724888632	0.752624923033274
100001274	0.754205551589459	0.452092236263535	0.307526771825094	0.594805641541371
100021220	0.146184590507024	0.136417693263861	0.396513016349087	0.924666767725293
100020253	0.499265144931318	0.855042266561232	0.320197962918652	0.72637886186724
100001170	0.600825566507289	0.142465269550762	0.294626765134158	0.629554594679544
100001466	0.31429773826934	0.655011839861504	0.302151128416258	0.746932324004407
100009406	0.855382752535401	0.740501445371458	0.308064948847257	0.748883405380794
1026	0.379424157869526	0.90126900179556	0.321006607252373	0.730624891922162
100020837	0.822842402852269	0.317751033495211	0.366732984719586	0.621976477633198
100001006	0.0576397154534147	0.0839853100813084	0.306693558280583	0.870474049207548
100003674	0.63854190461313	0.0981138667658882	0.317257145304613	0.726184117388417
100004396	0.248548082803134	0.384847721488018	0.367627368551423	0.622319728176524
100015923	0.639309697033638	0.99149930568589	0.328637541089865	0.736682949102825
100000265	0.552006541242556	0.677697970976019	0.324287520925345	0.702225433327486
100001409	0.117616987817034	0.165205910840761	0.311932074648775	0.586386340549994
100003434	0.353448699276026	0.535972790203434	0.322620693414476	0.658177387248603
100001334	0.529805386216131	0.0703386277571539	0.39550423610046	0.611156266801288
100001102	0.78784727941825	0.712892851335239	0.330334351690765	0.712228142426168
1268	0.738162702622334	0.0988851070408426	0.208671365500541	0.690269421772159
100001300	0.188976501721634	0.0766590656420566	0.281643320957227	0.744783276881922
100021324	0.224733595539107	0.682715826873147	0.409970330027845	0.726578292536699
100001617	0.128230247740137	0.104922075030454	0.309422667525761	0.775868497140628
1105	0.852444054926909	0.211903255636681	0.404739249254403	0.43840451402209
100021502	0.0990364627513277	0.318692164752639	0.307262692848911	0.760021046573715
2051	0.694271908108328	0.554615207999074	0.317264912836117	0.618884614130085
100001256	0.180091443875934	0.500100815544865	0.355569571990879	0.872332484340576
100005466	0.095943137787958	0.118132070353945	0.353692510159572	0.538693442255927
100002199	0.197669956503689	0.866177276035177	0.323138364378927	0.745500105952564
338	0.00691040173788615	0.0258402044136697	0.534714381652521	0.471654161942212
100004243	0.565711874539428	0.657279219381195	0.300654779143522	0.744862679996258
799	0.569603520041571	0.861876264596706	0.313162959224369	0.733616002784204
100008928	0.535895319377152	0.0655297644926134	0.319525272937004	0.720714272563603
815	0.116737007134877	0.329555004083599	0.319791637800344	0.803588648696533
100001456	0.0161367115108907	0.182530255790352	0.304639711204163	0.67030085002523
1242	0.0885084149749131	0.0768077814435457	0.381947032688274	0.523332052400149
100001416	0.266976295426898	0.110465360276427	0.222239912232666	0.473248103313061
100001462	0.572358634573722	0.562175791082931	0.351356391583522	0.710320556768732
1087	0.179782494355989	0.0455883827327623	0.331610067306588	0.702540617593225
100020421	0.0709290930610595	0.115553700189559	0.359366404541796	0.496286088055235
100000010	0.00437859717194676	0.0386665570335377	0.335526849081702	0.795203741527454
821	0.466527128321638	0.312015493209834	0.35758716033402	0.560238007379237
100006627	0.1844314265306	0.110278873668686	0.452896731740792	0.627155818812287
100001277	0.407683521276958	0.193959779142535	0.367716696782605	0.695685165012727
100021141	0.0678127065976552	0.228747760032927	0.351760223121106	0.825041660421041
100021105	0.240050986717412	0.347319592243842	0.332766511662988	0.56816713305826
100001950	0.000223989958425682	0.00773574431367336	0.408813794847122	0.926937778814931
100020217	0.680136783173807	0.223267184758146	0.214816636422328	0.537648732811436
100006651	0.0472645681147313	0.246225688892807	0.350802311455823	0.527100313674388
881	0.414330866337668	0.772827908277944	0.309889379970213	0.73727188659809
100001509	0.56632478958591	0.123000849243322	0.28064077424224	0.650415638944883
100021709	0.714179507545717	0.88325010536693	0.313030826864615	0.740078900216868
100001635	0.320621761257529	0.0212993499185719	0.347997050278451	0.666572548585294
100002613	0.414924701656834	0.136240501236144	0.298192665473135	0.825045003140576
100009329	0.738810582865803	0.81949836874685	0.305902511239286	0.815829014169234
100021123	0.80287988374725	0.364605133026872	0.338879865160529	0.570702994070493
100015760	0.305037986489248	0.184082619785803	0.266239938603907	0.767323611101113
100020205	0.348082576418196	0.40297918397037	0.371643315879309	0.549828854106618
100000765	0.572336811697237	0.390985824560929	0.309108972903733	0.669538066041789
100004111	0.354412420262943	0.182595708814217	0.348795284613598	0.706996544868141
100001615	0.273791734718546	0.701630785880039	0.317512162496215	0.734440263483811
100009227	0.229214090327464	0.137736051069248	0.432413608705513	0.872938570433739
100006191	0.417803854593009	0.641802301003477	0.341759715628224	0.692882911129094
100004542	0.867874868611198	0.804260680229428	0.321122276255933	0.749344634382768
100003686	0.505208805666408	0.23238267636077	0.411018623781019	0.681052439207603
100009232	0.0296595919548767	0.284449173497509	0.31755968969758	0.654850047908782
100001501	0.0774883142201704	0.118110811556069	0.400291494461249	0.76764589974633
100002367	0.478594300636842	0.234221809118643	0.299517188079271	0.574945857111444
100001108	0.557528924977797	0.350562426453887	0.313847245262618	0.709660080906487
100004227	0.712463774989306	0.934472212919896	0.318008038393164	0.730743922232511
100001310	0.215158119826556	0.305585575948449	0.300564645345085	0.846299933635467
100001994	0.703890285849283	0.752903988659235	0.296087962955458	0.860445049219169
100015839	0.030573426375138	0.0203993943962416	0.404321466517637	0.804241886716223
100003271	0.0078094457789207	0.149777433469293	0.393210763030231	0.570898419490622
100020496	0.728757581073559	0.885149376817492	0.312373905913151	0.747366816439473
302	0.657046778541666	0.4327964990891	0.282146042178979	0.704314860089026
811	0.469201896874451	0.536114122243462	0.305684934592989	0.808641034458172
100001267	0.877346734233195	0.771236816051637	0.300133397943291	0.731219540589992
100001197	0.0415758481767211	0.453511120930094	0.349652553103523	0.744607722051259
432	0.240144545619515	0.675383979011161	0.330160149404716	0.726372614415311
444	0.0105195922994153	0.0427765912583618	0.360374216787707	0.877876806600321
100015968	0.3314527497801	0.445278023495127	0.313451984752841	0.673037082335316
828	0.853403062215039	0.957224062897134	0.31673832530702	0.738259287460491
100004054	0.272467597644375	0.858539465676043	0.319528393531735	0.741371343165775
100004635	0.115010000176441	0.162274081433272	0.673102248334891	0.470841912609704
100000491	0.588527190518959	0.803593803458178	0.31347521202401	0.696445321797071
100000939	0.213763442174296	0.171464838763745	0.32372118382088	0.652252390801738
241	0.248432722422296	0.656398283977556	0.3350968556451	0.754589192707939
136	0.420860766153118	0.094684650528739	0.280898522094571	0.909141457178646
100000792	0.618101474685086	0.464757545726205	0.259708880419074	0.940720652297447
100020973	0.645608851552003	0.748572801859899	0.330260345396824	0.719545996946874
100000936	0.69459498119477	0.876048897990269	0.316317528125053	0.738333450509771
100001313	0.0115942893592294	0.174709553192027	0.332362793280303	0.786011526698394
100001951	0.0916060823015487	0.153803937038492	0.348006809785592	0.724533172461037
100006098	0.0195664696327574	0.133598806091972	0.351912025232744	0.849261498494233
100000007	0.387792397722846	0.770228691181077	0.32145162952303	0.737653875478944
100006641	0.896960265771459	0.998037507740484	0.324859105007993	0.735858030510198
913	0.0457537537958295	0.210154296945954	0.363070336817203	0.635652608674662
100001579	0.911973181319169	0.527711549109377	0.342254933576089	0.736811165593569
100002911	0.144679073828479	0.00619414004273251	0.418306600845129	0.680977798972839
100001293	0.319165747682715	0.446196016498047	0.285974891607257	0.856080957002636
100002241	0.671754421530155	0.867059013924789	0.313321638770615	0.747063594726421
100003179	0.39403993629002	0.116405786137139	0.30434037485906	0.600615323250725
100021372	0.282789092429839	0.19996129827515	0.235028436753898	0.743285484230986
100001956	0.281520766894222	0.524984200256771	0.320844777435163	0.650359315632819
100021162	0.0902779124881649	0.129712229071032	0.304545735138212	0.547904716260066
100002259	0.380849830795689	0.673357210151123	0.298093846741729	0.730363129866531
252	0.558624144338334	0.810465190283135	0.340277180448775	0.711430508263795
100000707	0.412405986643636	0.253920741565553	0.313497999621166	0.74386085898956
1489	0.636620876475665	0.0154135067586944	0.236240858780467	0.706989515098195
100020361	0.035498892299682	0.0774421415080613	0.353774763286413	0.969012846488144
55	0.74458599162977	0.919508889220814	0.316296652453772	0.744453018224315
100000863	0.22688652129446	0.235689150513186	0.277276314816927	0.777069724516825
100015840	0.280413848999216	0.125519281138418	0.407341816336578	0.687220234611665
100001541	0.126550609144424	0.0630120583539517	0.215248506440673	0.727035613273107
100006082	0.69735335499422	0.284089334883008	0.362300400119621	0.712420056592794
1254	0.7230871935423	0.876663144251413	0.315351865797105	0.760339779893087
100001624	0.533296367840862	0.370149036054321	0.299929297172197	0.711682662649152
100015850	0.633089001457817	0.725050655160859	0.363710584525182	0.709595279494576
100001104	0.00304029746106795	0.0106881284338733	0.35870900384536	0.966612399210587
100000900	0.172605472560795	0.480403206018075	0.326046211296214	0.739802928808221
100000269	0.18086661781775	0.036651905801118	0.176904757092962	0.671060692865788
1022	0.332159828218485	0.811758598170365	0.321474840543002	0.724167910679633
100005373	0.490783839217658	0.230359066778096	0.289746196830356	0.752906062719524
100001129	0.124994753296092	0.689177859472817	0.307379406368568	0.769425946127636
935	0.0286307454429213	0.300013277843399	0.377634873702072	0.638209671101845
100001262	0.171723494266217	0.250068324113775	0.32910581139156	0.763289567458882
100019978	0.440616454166581	0.514122308801955	0.309628675293464	0.719372755229894
100002293	0.772093629234267	0.792690975017251	0.321095742409993	0.737335429414884
100001426	0.207555074198005	0.259150678558609	0.321249757426899	0.563596701714782
234	0.0621795397931158	0.31523095648866	0.314124793876621	0.720368217953703
100005403	0.294069885842591	0.293408214262925	0.20166536477137	0.893225817935548
100001083	0.0668846621875814	0.4330866122754	0.338840096980824	0.753632167004647
439	0.814073660412054	0.437029252003279	0.334911232661801	0.732828652046513
100001086	0.363914422498358	0.504829616763683	0.330381003324582	0.805778732111257
100005864	0.763722947944055	0.457516417706843	0.292754610202426	0.802880232613501
491	0.500177874423214	0.869415774876467	0.316389620807624	0.739193388026894
100002029	0.486268506974733	0.527813821690428	0.307610556198464	0.626031057823749
100002154	0.930732086293216	0.508481068342716	0.284351799796315	0.712008031028023
891	0.550259716267532	0.253689819794867	0.350084326500733	0.707508796540683
100020261	0.289197741667599	0.37964006554194	0.388562797288303	0.708527742135256
100001296	0.440870151136109	0.474195409195218	0.321218311923437	0.625276597615226
2050	0.201260245219937	0.896772591948313	0.321609546758349	0.72499527616838
100002761	0.343529904690557	0.317200031268798	0.19895472421792	0.94252281235091
100006614	0.699484016299551	0.708791602204016	0.297940451485409	0.790387128046123
100001597	0.893301388159786	0.083933660487716	0.194240599535745	0.507243717555671
100020853	0.857475213959816	0.922652145428606	0.319703186047325	0.742132036964865
100001446	0.237045775099874	0.417579187061689	0.286470035265841	0.731389901645373
100003240	0.441098108582632	0.220317092086585	0.354273784867698	0.665906778725071
100001502	0.0242352597373473	0.220514015523325	0.381129349825083	0.833197913075218
100020866	0.135754611006386	0.0186766631561348	0.202093904662955	0.546813628478988
100020419	0.0266356400013744	0.0893661619047932	0.344965957040264	0.471513736472499
35	0.439667601971183	0.263357017359489	0.288273845779848	0.680498333086937
100003696	0.0150766500167397	0.074652803925085	0.447324336167934	0.682245757426046
100016038	0.869147612498217	0.876960048187604	0.313368825093112	0.719119535789027
100009333	0.232208784198487	0.195141594067357	0.31653590265699	0.762757740869613
100001611	0.16897961147849	0.361966777943448	0.402646668318634	0.715229347349022
100005383	0.344982898501664	0.214721483567891	0.333495127354792	0.803568236724398
100009239	0.264920992368806	0.124340379399096	0.397630432857411	0.547656564930939
100009332	0.420102055606238	0.280342657538327	0.316329741543503	0.698690533401141
100001731	0.292545537109943	0.689396962151948	0.323075883445746	0.710207717627185
100003415	0.506989741808425	0.55372836978709	0.31070595287833	0.744670637911542
100020578	0.134318962535887	0.193951218826904	0.299341947052499	0.627126056429089
893	0.856609550331529	0.593521222036099	0.315044875620344	0.748530758924523
100000963	0.308837587254337	0.239667408227064	0.402223967106681	0.545473782487697
273	0.0759136551099272	0.229863392768307	0.381708652299234	0.739220583316314
197	0.328340272300754	0.473880439407231	0.310866845471794	0.629466516008724
100000808	0.4521350422698	0.289277534708349	0.30012800271425	0.871454600697508
100002284	0.886888771451229	0.337296635134541	0.203029297691167	0.673417910218914
888	0.951948246798205	0.10965652157654	0.342933938385034	0.719384480907411
100006435	0.732480604224891	0.466335074482325	0.26465459015782	0.963185898026042
100006374	0.129060818154726	0.822482441737176	0.321789942479767	0.735143768988819
100003169	0.529587203511879	0.959690020528521	0.318225697912608	0.738424250669486
1004	0.800967688149127	0.956851467832163	0.317146129804764	0.733129525463681
100005998	0.154712004576736	0.950437004099676	0.320642327177528	0.733168721089043
100000773	0.560363109506886	0.508233223491543	0.324218142025884	0.719964164611845
100010850	0.0549042961052125	0.271237059396787	0.351701285659855	0.638352174767559
397	0.78182052533876	0.476604979421852	0.256472855362486	0.788051661840026
100000039	0.0806566135548211	0.230134374261582	0.261666157753189	0.791069870252596
100020833	0.733948948714316	0.78296035497043	0.325070407136955	0.775389037948683
1021	0.372131621469524	0.273890720394197	0.296794044379148	0.779583874032012
100020479	0.620014127906649	0.494908659991975	0.320808319104025	0.740273297936502
100001335	0.495123167665006	0.32646011202367	0.358234011843499	0.706217019826918
100000743	0.676272919484827	0.8584100797956	0.316967537290386	0.782093223285676
100009246	0.14210925118037	0.562792973874809	0.30448790593661	0.778110666322132
878	0.136367986847717	0.830640354113667	0.310218562257896	0.744980319905318
100021103	0.825745020641984	0.748734317754494	0.296912159022784	0.854310338440519
100021363	0.243686480192904	0.578638114773629	0.297534084908618	0.777607524796515
266	0.160046578357865	0.254116021943683	0.320437977123302	0.665030713563061
100001195	0.291410483939865	0.224387721578651	0.401467505312275	0.664062363375672
100019801	0.673137225122998	0.628228123306527	0.334814117096247	0.720672213248627
100002196	0.0483768332881263	0.287104809646137	0.331644647035306	0.745546410528203
100006370	0.268937840039494	0.947278306545115	0.315036907719364	0.739498385380392
100001510	0.0240021197639798	0.00856793384927547	0.272382533780092	0.856513483768449
100000437	0.724336880499201	0.519505576865836	0.304168620584325	0.793222350971718
100001767	0.365981932823008	0.136667861539911	0.367045224982321	0.785133441845594
100001810	0.428512547836284	0.506004889700443	0.332022186706316	0.892923924796289
209	0.036809073271053	0.444849019606579	0.35474615954685	0.727488812119881
100001485	0.217950071357303	0.091942262431178	0.194500302896318	0.666562985563907
100002500	0.105614675266963	0.432998995292509	0.323245124573789	0.707539323379977
171	0.0318516426403607	0.0231532662128806	0.239669901555775	0.734689310604785
100020487	0.907862532551568	0.771492530167178	0.345459017276184	0.678659971852166
1206	0.00549736181563003	0.106236090704664	0.322775050514541	0.796707615149762
344	0.00895704151103409	0.0241594683424745	0.642821582544398	0.845726371299454
100001405	0.552157085966077	0.948040974283496	0.317574467355325	0.743073907254311
1239	0.921928962378435	0.618667807972278	0.344174820127177	0.739285068566652
391	0.0558720111108354	0.150348129795653	0.297282580007271	0.969082770192192
100006430	0.612585848797461	0.244995128180043	0.378393238057111	0.48984789562328
100001417	0.951548334256909	0.515353122507394	0.305637885068943	0.845039918126611
100002951	0.0879381193775209	0.564885955292626	0.313576811900634	0.669882688276951
100000014	0.364457266379138	0.510547715854075	0.309778467851358	0.786517981052907
100003926	0.462795600152352	0.400808059845686	0.348462118686726	0.71610565085711
100021538	0.569867604834027	0.469258540394486	0.358629136521392	0.664332704724829
132	0.313594781359294	0.96083596957349	0.3167507221536	0.73576047814074
100001425	0.523274093440383	0.423792102045515	0.411241131210669	0.651592223321669
100020262	0.542653690584749	0.603413674608732	0.343899702314509	0.722315871877743
100002679	0.660713173252831	0.904012301032902	0.313427688663324	0.760012782631288
100001270	0.881844111196907	0.494505642920183	0.326828820794403	0.71112257329714
1102	0.659010699618479	0.905783945129208	0.314088039528127	0.752035875786122
331	0.415592962840024	0.336123285242331	0.275207301810773	0.648314858637921
100006361	0.558293206048014	0.644241222724811	0.296587351658537	0.803647714619843
180	0.77258345760997	0.966079393309987	0.323919761129653	0.73549376120957
1053	0.392618240580869	0.457572863448823	0.464713477472081	0.801172184520884
100001359	0.45945753309415	0.778277945332633	0.343183146889792	0.694617507567844
