chemID	simpleLRM_Fstatistics	multiLRM(chem_sig)	multiLRM(sex_sig)	multiLRM(age_sig)
100021136	0.0222141302582859	0.211067915274048	0.292134139319606	0.785087904046201
100000882	0.827345728820901	0.663285919141014	0.278009044928449	0.651313543157531
409	0.0815916286370705	0.163089216969832	0.29538259596003	0.430400136874221
100002254	0.689347755024035	0.0431744054958743	0.180888224115035	0.65520180072638
361	0.00794689109198937	0.0989139668962474	0.183534754062889	0.65250898491566
100019975	0.552021283077144	0.714360979480188	0.267830562570279	0.695062078164764
100000257	0.000695384409206359	0.0196800590714417	0.269284406738811	0.609083992816961
100001232	0.970516905992699	0.951605258535723	0.274935487904884	0.675163236201697
100001948	0.371615533044661	0.381298785608	0.287069645647385	0.541512363856211
100001073	0.607137417190654	0.682273565847258	0.334775315098058	0.60687878195925
100015637	0.93395953031619	0.454866378142914	0.283364642777081	0.67297550220602
100006360	0.626417418552931	0.69883987273392	0.253743932411942	0.741662474415326
1488	0.543699380307511	0.592412457644214	0.268700332234233	0.652895234633457
100002253	0.845285980413775	0.989561950681207	0.267779616767927	0.681506246826275
1023	0.962436337740532	0.705491736943268	0.264605821339679	0.661616227099144
100004284	0.681051378884797	0.819929782604664	0.262594957619752	0.685139251747393
100001251	0.644999516611268	0.945264275734986	0.265703389157828	0.676519791278036
362	0.723573180908374	0.478747522699648	0.242124816022879	0.671319428896521
100006620	0.757741367971099	0.904317954651174	0.268710261288052	0.681032818076449
111	0.358676257382819	0.167185169865744	0.233156894253406	0.64476449158703
100009045	0.643818054614586	0.279203481172573	0.223067545865094	0.833749080047869
100002927	0.727620557078259	0.86606885531486	0.262592939280003	0.696766653488468
100015641	0.768608121217312	0.880673342590885	0.261271286804177	0.688548344390028
1114	0.111544518540131	0.95289883364985	0.265169907678568	0.680962569033847
100020409	0.357840384424882	0.365362728968088	0.263081633855937	0.549833294866412
158	0.130777442540832	0.257714704467168	0.342477486796335	0.705937577317872
1224	0.0525740156227561	0.190945718443601	0.204763505062587	0.718379881680594
100001620	0.471672732649945	0.380130747176178	0.230316945682957	0.680149835463806
100020893	0.283201384530175	0.0614174520887905	0.25229938164726	0.399650543370009
100002458	0.75169237033818	0.571101372523489	0.306462427821319	0.624370696854713
100001112	0.807196887410281	0.989991385761322	0.266394139898169	0.67885733726551
100002953	0.415725970081883	0.834538920994718	0.26471846024719	0.688368804537381
1141	0.404545453489396	0.058518061009439	0.34989835411984	0.501586259048479
100015834	0.460737767258962	0.987485467282187	0.267648527835898	0.678026874917223
100004561	0.619727371182535	0.897091291773349	0.270274082294389	0.675063021375234
100020497	0.797466383109637	0.758823540266556	0.254969029498859	0.701872516521787
498	0.0489010938373817	0.307403568551553	0.265530374069073	0.75672994857264
100006051	0.870036220316816	0.865252790836313	0.271270655717795	0.674514711921167
1668	0.661775700042174	0.521208735444605	0.262716349024685	0.617383484711674
100004523	0.426185599664956	0.87370011385086	0.274377314748828	0.66377076745293
100001604	0.245149272706896	0.541641856981209	0.26516096882808	0.721327211614224
100001002	0.177321958871521	0.541402857577101	0.279012388822651	0.665370470863884
100001987	0.0527448210231309	0.242434849131184	0.808913780148664	0.530408445879781
100002462	0.607486922710563	0.336993701674814	0.320821079238027	0.558039236241148
466	0.586952057058729	0.0711525816872579	0.288494565907868	0.655427971492217
100000665	0.893212456052553	0.446890773689788	0.300889850831045	0.623658964531329
445	0.951305523125343	0.441419974431357	0.297756589584495	0.727190177559275
2029	0.154104901045706	0.510786919591102	0.283457706504127	0.680713681416143
100006438	0.125347115445198	0.253908711332634	0.317734754753436	0.690613757976026
100001398	0.162817883443536	0.581725765001698	0.246050642986997	0.699654096007589
235	0.429639831698269	0.479266210106996	0.242724928333699	0.709543126929765
100000997	0.707148983666454	0.700998980074614	0.2691651970166	0.656191130849188
100002094	0.260888314605594	0.225595523760231	0.231390473738944	0.543390842012161
1052	0.628377785932027	0.958590279261172	0.270014226532053	0.692282954159311
100020823	0.330934054913783	0.600085935904866	0.253106972179238	0.666746115302739
100001806	0.259068334409532	0.575017693619175	0.315347912382859	0.693293192616763
100006092	0.815405595445061	0.885530214095347	0.271117974808756	0.668693820882652
100001415	0.107426376027376	0.0749852440826652	0.268462701515208	0.397368304253279
100000008	0.0412518247203607	0.071837955745224	0.2876279598733	0.514475201945185
565	0.00699461817461117	0.0448310117104407	0.247979356950589	0.761298229654008
100015851	0.147747303525048	0.192934232239137	0.358045147029882	0.815169726731465
100001866	0.528887134225632	0.872223545846503	0.281551008941127	0.661352766508776
100020546	0.00255093785391039	0.0300939090040817	0.525527163399	0.86848670035992
100016110	0.557762518565777	0.423907557137852	0.220627881639237	0.775677702527997
100001254	0.00288442028348822	0.0118689953332561	0.32434559942446	0.901203644733012
100006260	0.39852003803871	0.81311763657508	0.269714313893801	0.675194555093964
826	0.671527653739287	0.860273769253432	0.267159045313808	0.673507933237724
100001872	0.45537384212196	0.817527310573461	0.266692023522447	0.678574068110464
100000263	0.336488721013412	0.369321194608997	0.323734096777427	0.672155213372301
100021198	0.824036493724898	0.0608823353794092	0.189171407687394	0.383550965572249
100015967	0.0359786691164025	0.0914896160216112	0.330385074737077	0.50118994462173
278	0.139958573022816	0.265737066525945	0.255787145903827	0.961317220675493
519	0.732497392120759	0.330071341327609	0.318176846186082	0.614167995305127
100009337	0.108714049935916	0.330099882393814	0.36684044159323	0.663285171753266
100002185	0.370653273802382	0.873360117668127	0.262088002510162	0.665843299163753
100001278	0.384765902993223	0.271144021607658	0.331694299855684	0.629812892268426
100002103	0.838307276315892	0.604724584297997	0.265751259970441	0.627363178197502
980	0.775349959776302	0.440821185664361	0.294114014210867	0.658944211894473
100000016	0.858505026390503	0.433814608536248	0.261221465711278	0.652348881139481
100020372	0.184777314378978	0.486544832562283	0.262060901365527	0.615949946050894
100001662	0.735622000462457	0.145654257107722	0.110567082519217	0.686049903727615
100019972	0.93187495213258	0.684532500190737	0.274342375466126	0.665284340985105
254	0.760497073381121	0.714502931992742	0.263668562949156	0.682766737681069
100002009	0.657474599347211	0.694405759176358	0.264179554796763	0.604071240931153
100010895	0.424724380172818	0.530968365401012	0.313717570651164	0.656679720614392
1140	0.913585617725863	0.983242503485733	0.265850028862428	0.678570837315347
100008951	0.631812408543102	0.546915049369309	0.287449368351411	0.640819806522099
1084	0.362637538335481	0.832207803850306	0.267715022017838	0.715911122387288
100002796	0.117909494887424	0.411833219756535	0.236907866037858	0.625289865525479
358	0.951349352368301	0.939717296585395	0.265425587801321	0.673007463513374
100002070	0.816066499598626	0.714351698009052	0.260510151311743	0.708420327185346
1628	0.375591974454136	0.141710821081144	0.3299885521847	0.663133007993611
823	0.703642835215437	0.549483581373642	0.236953693595895	0.733770667255423
100004414	0.461341343159773	0.0916410216374391	0.346330861970342	0.814171403730867
100006129	0.680898213175682	0.666520528482997	0.250124898397682	0.694335664489016
100002028	0.662463187066027	0.430888565927869	0.366867830915754	0.475520568508106
100021707	0.512570789570955	0.639657409181393	0.242838097230814	0.728107608422453
100000054	0.512547907863371	0.478561478323032	0.265588231318151	0.702768658131493
100010869	0.478971900186472	0.230685162875092	0.272945353139794	0.548832223663308
100004575	0.0281387525639583	0.107838129226387	0.353284073239782	0.993616660996382
100001212	0.992506303389929	0.662157334857013	0.267507752772785	0.61665117349646
818	0.215328573379417	0.559870410706866	0.305999057800572	0.630627654036328
100001092	0.00160866077572524	0.0219911596440987	0.270442569620573	0.662851825064764
100020371	0.961478680780825	0.905462717046376	0.269772981174349	0.677195643543458
100004112	0.186993579416133	0.493959510409082	0.283665621456492	0.686628532360074
1125	0.472031587509457	0.381473259872085	0.303341754607595	0.710527968422686
100020491	0.948049102986439	0.601894084878983	0.240096051579732	0.689649379071559
100003151	0.00244826730803381	0.0247649813898001	0.416390284082474	0.558570318006384
100000011	0.323043989592041	0.14875812916456	0.197132927370939	0.787991798233534
100003594	0.473166666984867	0.972788315121613	0.271154447911423	0.680939592557955
806	0.766903190154573	0.158738793813068	0.263744925050677	0.481273672465946
100001211	0.946769197976175	0.556935099615819	0.276403948040303	0.658359405570976
100002417	0.594692579867903	0.592879484572425	0.25805909620293	0.643785277623947
100009335	0.528311031485127	0.18080918799718	0.199280310939449	0.706081486355703
100000781	0.687552127475649	0.934619883859734	0.265013017520382	0.676349722099742
803	0.0281346918036175	0.0317695394782649	0.271145213755419	0.545103905607354
50	0.502224529258599	0.712640051449034	0.272731799734751	0.662689719737797
796	0.433365748925372	0.0507130340891322	0.297129745364784	0.661863808273714
100005834	0.94873128008238	0.64288392031645	0.311660868620153	0.673542190074026
100001580	0.951425013312709	0.526848962683487	0.292147724181608	0.677952892490465
480	0.781690632097557	0.606402060934989	0.237556614321761	0.686833113842863
100001540	0.247205726416365	0.756770620954116	0.340796242412619	0.749661209018931
339	0.56207627650241	0.117272965639365	0.234853341476015	0.587904512952291
1110	0.941504283212472	0.948114906173607	0.269530017884292	0.676900463842799
100015836	0.16879318663366	0.185338906471813	0.389492231102764	0.849267057747021
100009271	0.535924918661577	0.515373409052363	0.298454890041194	0.65841630373167
100015638	0.99669165373214	0.435350062372591	0.279675333307893	0.659061143391574
100021667	0.932444220265397	0.499568399442374	0.309106593908783	0.658547547606927
100001279	0.602492774902799	0.374493775989088	0.287526166951609	0.802244869652337
100004208	0.0198587778516529	0.123651648029553	0.41545174564329	0.79479569225338
100003695	0.222322788635616	0.154368649210157	0.293334465075641	0.467705768351275
100000802	0.775850208767145	0.925578694486857	0.268996896314217	0.675343529009985
100002769	0.870029540768979	0.104202584338101	0.193886187232713	0.791156637731089
100015835	0.108324792516141	0.313302674759152	0.402323182944989	0.868511221035898
229	0.864387913049537	0.385123527522713	0.303326949355472	0.671249360155776
100001266	0.00656648615263721	0.0281596649299155	0.359251470849745	0.973531399639262
1342	0.298897979903978	0.350107975966901	0.228879534931254	0.696328361381189
100002102	0.840986544240175	0.546591955894936	0.298010741723107	0.780465575604482
100020254	0.170288215327851	0.59736050573621	0.263240071240632	0.704075086079581
1231	0.466204322537004	0.234469729116815	0.3261543611218	0.628497506629552
100020492	0.988876977752527	0.923792759143034	0.264995148953117	0.677245298530423
100001402	0.386526839189733	0.567047731721988	0.292820506703707	0.683490449127708
415	0.00547832758449506	0.0799753679149356	0.306797590586198	0.73971264728906
100003109	0.998943362390821	0.950129815801638	0.26779751920343	0.674704924978342
275	0.546166792051264	0.852279614651959	0.266224235955491	0.666351162930276
1143	0.163349443310153	0.0755155110651452	0.246253703531118	0.776755817967616
279	0.394876627968813	0.368353162843552	0.279409330569368	0.548883682541304
100001198	0.951268945737142	0.988434399997226	0.270547224856342	0.680388189882718
1648	0.398133239711717	0.957939223243977	0.266932120603949	0.679014299844475
100001590	0.318112201689184	0.255327166362692	0.248535951912754	0.59219823608892
100001733	0.385086055665577	0.861963757571117	0.263945637497871	0.69191602323203
100008933	0.0150452045273208	0.00223639704983449	0.387308206399549	0.631665957686806
100001550	0.345826967404703	0.499467122795253	0.24938812824839	0.626389959055381
1215	0.0669019344870415	0.206528996365364	0.217104799002244	0.629228896019575
100002356	0.272443412252325	0.110978601043308	0.31947972392443	0.686251438370586
100002749	0.694905250945	0.752156150470343	0.269008776058127	0.686707806431295
100006379	0.161755376342678	0.161996045886213	0.310083620918965	0.427136870421353
100015966	0.0807806475224364	0.154263516129815	0.288188595609361	0.503633586828878
100001392	0.658776418458621	0.961344789647944	0.268306615542823	0.677211913521507
100020425	0.127748842467308	0.0470891728713753	0.215629557302713	0.435619129919164
100004299	0.308624829882063	0.802288080715554	0.284898416982749	0.726625509110659
100001734	0.57987694856345	0.521515497448644	0.281976482226998	0.616593762720568
1002	0.844488856305682	0.822277015753406	0.267386965028693	0.677041169923804
100001337	0.309839647673602	0.811363888274907	0.255229433436946	0.679460903490505
100001452	0.800028200936517	0.771873587546223	0.26339736529292	0.651290113533996
314	0.525862932929255	0.378362651515317	0.274169113058966	0.697127100867927
100009264	0.990935052682507	0.546175528384225	0.21463027148146	0.801398597986398
100004634	0.450731982330454	0.507455679597223	0.240218702754511	0.694795311278294
100000711	0.719636978014696	0.705938547553018	0.297381941914957	0.70153341830135
100020536	0.0207411304373091	0.0954302153946456	0.3346148886689	0.782927201928401
100004318	0.309053931698622	0.55512142936784	0.273029258197952	0.674007144634792
100005850	0.887906349888685	0.493542876033168	0.343012372973746	0.625818570664397
100006619	0.320076990299897	0.146096958405174	0.296499327150823	0.664549005753803
356	0.466386718360679	0.646125661172793	0.257293921986893	0.695276688000994
1221	0.568363053416391	0.574035131764042	0.343656878288738	0.717601636289369
100001397	0.768681558642967	0.761787909517691	0.266797220982231	0.670340287211976
100019981	0.605943665518353	0.858658643839119	0.268600032013051	0.702016026986746
100001208	0.431444037599125	0.259551479093425	0.239262940713287	0.957432725806071
503	0.0112904885159689	0.0109457904515829	0.168345333434477	0.516007721752866
100006375	0.142925838447558	0.608943858619799	0.291902063951638	0.656618511592775
100001295	0.727291451562496	0.611920842954535	0.256337760684301	0.772579497552679
100020427	0.0540999530770249	0.0277939075528157	0.264137915637206	0.378696393421712
100002784	0.504252803580641	0.372031290142426	0.227102620931064	0.745938746465594
917	0.0577989330753519	0.207967338486942	0.296141777613646	0.627174965866702
1869	0.380405051346052	0.209362305529736	0.287684533606343	0.561546515421186
240	0.244721786005997	0.109036666167838	0.170283636377321	0.482696829926918
798	0.00476712157394901	0.0855758506601643	0.385702251224234	0.611351097063699
100002952	0.263052488557854	0.500135254825935	0.265097484678127	0.758234647062222
98	0.631435048667078	0.83223247104157	0.281188705326124	0.684312759060533
100008998	0.293209629298677	0.351470452786612	0.223675182699559	0.742378067690558
477	0.877435829222309	0.301314216719687	0.272991928683737	0.673519601243524
100020545	0.0845070466380956	0.14730410179439	0.325350019868552	0.840291365885424
100021666	0.990240211047441	0.229901753612094	0.299605333407069	0.670917908413619
1256	0.524558465475052	0.699268521110459	0.309623485981996	0.714592278700743
533	0.330769787841927	0.0782703408092643	0.183853668544494	0.429340763132159
100001757	0.423597504762463	0.871546577977039	0.271969049118469	0.671545406848709
1024	0.308629167091169	0.0905060870727485	0.185299390789728	0.861961969362011
267	0.468202877913365	0.982419726167075	0.268228830585799	0.677496640014633
100002113	0.104190049781389	0.0871210690189076	0.246133987754025	0.705324375310593
100001756	0.852655172967809	0.729990157163752	0.278195921692238	0.698358009093673
100001193	0.450800002475393	0.192643980333236	0.339586999776055	0.62351555319176
100001668	0.686796657974624	0.994481724888783	0.268107386179875	0.67951095577644
1124	0.326225287758846	0.309117503090478	0.237027115574453	0.773406520293382
100021331	0.170325946849248	0.341261349282171	0.261228657835829	0.715033834141989
1090	0.0621409988070974	0.0451839072530528	0.266708007986515	0.819131502623334
566	0.83869317501839	0.337900933675596	0.202347566247679	0.682364436896134
100003119	0.464601456135724	0.290859443279679	0.303038236551428	0.613955063357511
100006367	0.758889753179981	0.566496439241393	0.276391372606883	0.658161373597283
100004322	0.217171171815692	0.249512905085564	0.278768455681347	0.762494752155001
100001034	0.671932067216102	0.836525445068384	0.263356248227293	0.670602227530752
112	0.924025760618362	0.911642266382725	0.268099982132552	0.667336166272592
507	0.73640615286028	0.778004193742795	0.265617340544753	0.68496190537376
100009233	0.300200026457201	0.170684277739981	0.225406284392531	0.701233376640683
100000406	0.0176139668783512	0.141550716452765	0.443956518264722	0.482941765860075
100004046	0.344894878433046	0.416902944904048	0.177690061616919	0.612952228346093
1025	0.770420530080515	0.708150330601332	0.258452761794528	0.69616135046895
100001106	0.175743700568524	0.178079215416462	0.222220613020996	0.712127568550494
1128	0.0277229913049381	0.570977300943132	0.29700484478191	0.728605065775792
561	0.0478083755603261	0.175995872587941	0.188235960045321	0.597201345109864
100001614	0.86397849212591	0.371852665443913	0.279305460857055	0.653990262674831
100000961	0.832575959839342	0.957022529418778	0.29375461165096	0.676154514183979
100002397	0.898800813198631	0.614642779923848	0.264726704115302	0.613281569856939
100009407	0.974582434821434	0.994287834552885	0.26942172762276	0.678934541475359
100002910	0.911249944349604	0.578257413252042	0.240202006031789	0.610318980092678
100005946	0.257847455788514	0.338762775345334	0.301025703975812	0.780967903327029
100019794	0.0949021044932028	0.290521757659946	0.270615324156459	0.836005069827564
100015759	0.311918437964271	0.0891480101740018	0.204791918354623	0.687366080030435
100020417	0.718114026932331	0.579050563356083	0.248432262061281	0.651305747725652
100001054	0.719023904940629	0.97614720463726	0.269777974192551	0.678387618078099
100001437	0.312554176068882	0.344597860584528	0.231783189893076	0.605495222142507
504	0.246035575409494	0.708970581397503	0.314974234868828	0.68763917841316
100001988	0.46860942768857	0.663825473986799	0.261320626861442	0.829634904373603
1082	0.0291311209419718	0.616741092053221	0.300402056772342	0.706107378416809
100001403	0.314378307347036	0.331478823215676	0.291137639963223	0.660846806053479
100001664	0.933907265380696	0.546892244661941	0.255591912289253	0.854182469765826
461	0.270497632720241	0.22958051231168	0.443797786724567	0.651579857040052
100000463	0.685712754359552	0.991619888900745	0.271522227007057	0.678287472737724
100020208	0.581268951231637	0.556105199723909	0.306495991771296	0.574137033558852
381	0.539518543877745	0.0672214833731454	0.11869257065034	0.508978073234845
100010901	0.083481938595872	0.0732456583552803	0.261214491853059	0.795432678002378
100001468	0.273769242899321	0.979943256058595	0.268219995896522	0.681076010049293
100000840	0.935644866040502	0.90431138539826	0.26964221650281	0.688249880989738
100020014	0.245320828011124	0.593676339165813	0.260479111670251	0.693735161487358
100001993	0.780614438094285	0.600841395511331	0.221587421681252	0.834850858654991
100001051	0.10408802655245	0.0215169886868546	0.300807853980751	0.358827194728581
100006116	0.383831982858794	0.517785438430125	0.272812360231995	0.679262341493687
1108	0.956857436237434	0.971976610487182	0.267034725542989	0.682355440365482
100019966	0.358137189157459	0.132794212241615	0.323878833235287	0.645934979329619
100001743	0.624327703739319	0.40805867650206	0.253221082683944	0.66308892462829
100001294	0.122724108931551	0.188798272243493	0.190678363170506	0.735160446499678
100001609	0.264274537733346	0.113446816111537	0.255077650687408	0.767574656802914
418	0.800003611683137	0.951527181487599	0.267540847962974	0.686802909442909
100001178	0.36261229780992	0.912402498548052	0.266204473918706	0.668911398014267
189	0.976972257759632	0.687702536210568	0.246322450653471	0.645471977799194
563	0.515427400371403	0.785892221086581	0.281360365398466	0.662616476212865
424	0.596077133868402	0.446119943054826	0.299158612819118	0.660176861044509
100000776	0.13179305822885	0.316778638368288	0.306563223342187	0.68232478794978
1001	0.990430191883394	0.477762927063618	0.271854923976364	0.682274064010849
1135	0.324556215369413	0.094858616816498	0.256188600144396	0.740641988956042
100021093	0.353821767112914	0.499242216772137	0.313636729113428	0.700732287121781
100020219	0.121353884822057	0.228734524462985	0.280616579862576	0.570772878866642
194	0.463411977314871	0.832641369364706	0.274267855764332	0.651807038373464
100008930	0.708647963882948	0.621986389940831	0.291747970907436	0.6584914047489
340	0.620054272582903	0.236537929691876	0.167108172848091	0.759271442947059
100010896	0.921584486203674	0.755956558280059	0.252851160195798	0.685860040571809
100000787	0.212286997666115	0.103117046396667	0.251037333396689	0.389004573396966
100000639	0.0312022299081939	0.220191152832476	0.244336053498984	0.684945975632784
100001851	0.95650407683879	0.240327651310838	0.292192570313288	0.45175751884102
179	0.577061261071972	0.60163071123762	0.260179801865443	0.69379472878745
100000626	0.408651786685562	0.739687672672267	0.276053818051136	0.679605207723763
100001605	0.0102348257824076	0.085291710016231	0.351511459752499	0.770654080255213
330	0.248854486776243	0.414929772894672	0.288910275150287	0.545149526815779
100001162	0.742455421315039	0.615649198997423	0.244230234403381	0.646837285169656
100001167	0.0443796176820138	0.240447322596471	0.264628520757143	0.661459470538968
100002067	0.572614973405011	0.792497351825112	0.3439889323661	0.625208816661283
100019968	0.646730604498738	0.363461719643834	0.292744634980263	0.614653455410649
100002014	0.948953323875548	0.980001259363809	0.266535496535591	0.705477870943877
100004083	0.437904189325308	0.132838543871744	0.296522401146227	0.541841546592449
100001315	0.301242480331237	0.374068236185445	0.280021439929051	0.749559100187148
535	0.228389972766795	0.56897057778007	0.296620128590699	0.669814255423639
93	0.417468652042928	0.261990514492177	0.301113943956639	0.519059624839651
100001989	0.36603868057891	0.617647547887215	0.245696996194634	0.722879374979975
100001740	0.757349696748189	0.409881394993321	0.243940412176428	0.697716901901504
482	0.205065689560411	0.936632405480331	0.266980539599765	0.672576893132518
1629	0.263907399383991	0.417948351658185	0.319611457852074	0.6547393283381
100001399	0.465676606917434	0.3837993130688	0.281790994710651	0.680473799467278
376	0.809365665987565	0.160676834012094	0.167539347245336	0.786702694529433
342	0.59414189620917	0.593720522301603	0.266037150570988	0.676368923042368
100001253	0.0259997533136769	0.184985081745091	0.232390332243762	0.887775843993924
100000708	0.619850624589383	0.785880454689209	0.283642694075247	0.685607486411242
244	0.196119095071878	0.0532614621232513	0.221430018249866	0.796718451977565
100006726	0.404641668143743	0.273395217952148	0.31207503608211	0.663581343159427
100000036	0.171682983275147	0.666180681656682	0.250320072153409	0.715216038475315
100001257	0.0228530034078485	0.0860776163811599	0.380403241250334	0.945685631045434
100000445	0.630013770559534	0.642798962151434	0.293929804358358	0.637933408110782
100004088	0.0044922312283223	0.127567921957154	0.317680935897844	0.75189238780558
100001423	0.995615322826321	0.753547509688027	0.269582216543619	0.651749840529779
100001276	0.362782276591492	0.281807265092	0.248948102556259	0.593696463808481
100001876	0.785895492145825	0.923797619348678	0.265190816768167	0.680103720267884
100009082	0.621711356044496	0.0411353897772403	0.125760982628516	0.655427927895604
100001121	0.344106919289174	0.721892514039895	0.261936180842728	0.674113616015699
117	0.321845639567457	0.63188340493836	0.25095421986346	0.698504337208686
100001868	0.0362591193762542	0.114156975668056	0.32811377435792	0.684155661355673
1134	0.675789159533631	0.302760541544446	0.186176326719328	0.648358374344229
100021012	0.255487515593954	0.476860698339482	0.275297972995338	0.703404539019727
100001181	0.763830007164043	0.264938722550624	0.333405554209236	0.608478411458489
100021467	0.729479708650749	0.285969719051075	0.26345690819615	0.587002663728137
100000447	0.235448991537668	0.248221094058038	0.3084791800763	0.64305974485873
1162	0.000501518388465229	0.0125923204300875	0.337591080480689	0.580844959782538
100019982	0.490300009175765	0.473113088031215	0.276768210812646	0.66296819995689
100001613	0.988847937181917	0.445694029562616	0.280716164781624	0.646938612997758
100006644	0.399031227759081	0.63158094734344	0.249233927482618	0.704798303001895
100000096	0.581375705816005	0.0266174948384047	0.172195543679331	0.647174330829032
926	0.513177415152394	0.681780727834023	0.272772348586472	0.682005004522436
100020004	0.84885946564788	0.69883898290512	0.281383378780321	0.677169315265004
363	0.18490316892438	0.0446712570165185	0.238906565452642	0.264484086791243
1111	0.393296708798798	0.994927818941767	0.272848953398346	0.712350597563611
100021712	0.677733813344894	0.796483696013972	0.265061052280837	0.664634442705106
460	0.827238510984431	0.695108519001032	0.279209460207935	0.716200834083799
100009331	0.320849762456744	0.183128474529188	0.220780389354958	0.712363510501868
100000442	0.255670087642264	0.723086051823242	0.289977744426864	0.693580728425494
100002945	0.0920538383051071	0.0177580223860141	0.356261849962009	0.633579342238718
192	0.883662591132491	0.935770406256515	0.271181952123639	0.700715080248717
100020241	0.428146351331614	0.959777707114047	0.267057651455029	0.678777661474561
100000580	0.132965369639648	0.136262774309669	0.225870182555434	0.915422011579672
100002466	0.00805512008215161	0.0288947011295809	0.242854614753194	0.433481191731334
849	0.699848418184929	0.583538142766525	0.270206537007885	0.627148822297828
501	0.506279402085429	0.387172184585184	0.297083782083827	0.635172402067059
100000282	0.684441281422933	0.140368161938366	0.340632266074867	0.57576618882567
100001577	0.0285571582372142	0.172700940337887	0.37128407697074	0.744656603032805
355	0.0928368076285045	0.305001355270435	0.228874426350514	0.579040037293142
100000841	0.7744449112475	0.980763010996103	0.281378467876708	0.680811879874508
100000846	0.818342995263495	0.354677371810433	0.258654507156577	0.671625999639363
100004295	0.887160617055027	0.388354589285475	0.242060898251233	0.627560103120403
100001586	0.105461292876596	0.0475639683294336	0.386019149375546	0.339674576603361
407	0.0125217389088404	0.0320148243418772	0.297024041627402	0.750049065318211
1137	0.829140878235522	0.72705248260778	0.258233247367319	0.717767694167299
100021374	0.0355571211938506	0.0153084064905852	0.215847759771294	0.921799925655268
100001593	0.669385160471019	0.896549669755752	0.265978907445728	0.682553689121899
100015971	0.756433701104541	0.751825572971102	0.262158543934529	0.675890050213028
100001022	0.346315118931986	0.181064700784201	0.172177389042951	0.942132566160306
1094	0.0612254683234658	0.244512169506284	0.422411125630412	0.904861048696458
100002122	0.255905583205616	0.247789910792956	0.224978567975587	0.777561044030342
100000706	0.581572015528698	0.608765392827101	0.238658716243001	0.676992704227101
100001055	0.784455443637564	0.40269688552164	0.239578470406161	0.617801096904253
1235	0.468073995569279	0.705233239384845	0.253985095824988	0.71108108017154
100020204	0.0932392184424401	0.51717215783419	0.288147218544836	0.723041909042487
100015643	0.0340645896096836	0.290306448595548	0.291286628626389	0.631630718794556
313	0.0215446623275679	0.260984523970446	0.2820601827841	0.615268985101221
100001413	0.814947200273659	0.933746355663253	0.267828835678299	0.673289515898724
100020423	0.0193936550262574	0.0151602550646971	0.285731403873351	0.355540976691682
892	0.464041006315146	0.145635768688401	0.290568936049077	0.707983013214085
212	0.0640854086672577	0.129206459211078	0.358386161282888	0.654996227184293
100006105	0.190406614065404	0.183680465834976	0.309126377443491	0.691092182537202
437	0.798131911486799	0.556251017441955	0.243896614337076	0.696601239486335
100019892	0.466354721615644	0.772885601423863	0.265157837534451	0.702726368673866
100005716	0.0744133359338527	0.109912969546317	0.300654637709673	0.75936913370823
537	0.216825645464855	0.119764140487213	0.279154702280309	0.702793435406575
100001990	0.285625717647925	0.600709441983644	0.307544637565241	0.628614676542021
100003397	0.0333557701868533	0.00390361681444447	0.21490696197672	0.427961252259963
100001320	0.118065851828099	0.214650921626454	0.33868367517273	0.438468772739413
100005717	0.133367786229612	0.0905375455229789	0.314774756801698	0.711385158303827
100001207	0.0311566478710494	0.186475172478638	0.308994215314756	0.686888825579575
100001999	0.534015588133888	0.817595643068128	0.258403925756115	0.773479636895456
100002488	0.226137259864667	0.0187885886437907	0.316736787955974	0.622591888847404
62	0.203275749387903	0.690079376313359	0.2605183623197	0.684312185218703
100000467	0.596878614126215	0.449330672959068	0.259014574592803	0.651504420195254
297	0.00545070019800968	0.134756659142277	0.270527577197365	0.64652444824355
100000285	0.0288633615919292	0.396615916703408	0.271921867690979	0.774128600768522
100006056	0.0634863155113064	0.3945166775747	0.288870138106715	0.719461895701777
100002126	0.130387721522462	0.251970986813157	0.202947452830932	0.991667106012309
100002129	0.777350551765654	0.787727911961211	0.255097028388833	0.782407899318387
100020478	0.0337732576857578	0.210835308942574	0.237361692800825	0.710534590603645
100004089	0.0669792602785063	0.565906556669037	0.286988469333033	0.636320049843796
100001755	0.516183758380302	0.566557689060392	0.266140823683966	0.633429508570714
100000551	0.0318992092628641	0.995753130448492	0.273019872276418	0.679218123933245
100003260	0.486301552954401	0.318148799104056	0.297489935306813	0.755636848521654
100010955	0.84263845829396	0.403305214898823	0.215257848111634	0.574065693806701
100020851	0.209580576300736	0.437673411330008	0.286503309615584	0.70453579522959
100016069	0.643037637666647	0.804797940155301	0.272844596143038	0.666145186956783
100002027	0.488375271971983	0.529289365332039	0.204430535687438	0.797869725746123
1123	0.384467039824665	0.192525611811708	0.253324737461832	0.807610690807347
100001150	0.712008139922162	0.965566251728914	0.268894890317064	0.680370203962078
100001657	0.293050844217961	0.68112180456272	0.267334631278824	0.661757483181298
310	0.256738220303752	0.350289853854087	0.234843724215429	0.781951404457465
100001314	0.352151190799514	0.127686730762537	0.245945691001962	0.559541765453758
452	0.689016829321626	0.623467922649635	0.304656343114985	0.648399770108598
144	0.0938059728013872	0.0586890281924054	0.319610076122975	0.544160947940496
100001182	0.212247911324075	0.157570855453645	0.329421154512333	0.661881668668988
100015965	0.735709913006125	0.476259699509869	0.257709158449812	0.747490077727833
100006108	0.941887023202766	0.471081727198415	0.273359546911735	0.718078691888775
100001400	0.709884034379867	0.618102776709835	0.250124220657994	0.668825039121688
100004541	0.291537276941052	0.204631641374888	0.258949461363304	0.430596350914251
932	0.842566775316516	0.336189668311527	0.270281842254298	0.712653547254194
100001992	0.427755950844169	0.535805217277852	0.374395497087606	0.574445250819899
100009252	0.127512318564306	0.183400928608302	0.323688166281493	0.660385145002945
100021104	0.639948700194705	0.563361087500445	0.220236318155936	0.812726704144289
100015838	0.0100519460703993	0.0401211342263664	0.397194805705887	0.927891767470633
250	0.000960562373523227	0.0236401498824138	0.508561306880351	0.776008586926893
100002537	0.97192207534906	0.52233306546812	0.251748028332421	0.781401872030563
100001658	0.809594644701027	0.668108242702429	0.29058817952032	0.665425518918865
100020416	0.297092386908802	0.383062101188309	0.242070797856132	0.654690732580404
100006642	0.23461213069421	0.755242174224796	0.257664614949386	0.701653563690495
100001391	0.0963351995979386	0.332071908196912	0.348685610210735	0.791907756349562
825	0.613907555373196	0.602308924556341	0.231046877502319	0.692070316676899
215	0.018686279676536	0.100425829788886	0.31062618039267	0.664029483944739
100001026	0.991279087188666	0.886169459445307	0.265619420195403	0.712757922658479
100020541	0.419161496339665	0.434096814405486	0.228355246369352	0.72128667392018
100001526	0.219191567546595	0.28771030752482	0.403275224874225	0.790162150112702
100005384	0.509825835068313	0.419187269580647	0.254804677827498	0.600017925810806
100020378	0.265642583946522	0.675325746956527	0.254552938894945	0.685826200861475
100006115	0.979896783400365	0.383505359899964	0.346446788857802	0.570475048855941
1442	0.216402356339579	0.0459955041161446	0.114073757821128	0.564647674149666
100001843	0.14785724509171	0.219081116648966	0.299670412569251	0.76312925429001
100015837	0.139525374212863	0.268617354968176	0.483859279157024	0.625917148903194
100010834	0.726681948901683	0.982020258223134	0.267186033510151	0.677833610626547
100001393	0.588711670340707	0.438074465570458	0.215459421722105	0.718755831292609
100000015	0.312100990094609	0.581408913920054	0.251310942594122	0.698352893052363
100003892	0.0396564027605036	0.0409516586320434	0.205756065657922	0.959083474821084
100000042	0.18142530867262	0.0248145941261148	0.277591270511214	0.588898168909086
100020550	0.584135934304293	0.222073427207941	0.295951366836397	0.574628611892599
182	0.428431596173669	0.337503172693638	0.256205074473006	0.701365150010117
100015723	0.13903753387058	0.426197073825686	0.26808066954393	0.66160473883262
100020343	0.385765220662147	0.468549991252009	0.240768690212146	0.681348314545471
512	0.35616259049528	0.625774424135923	0.288940584769158	0.65181212314463
100021100	0.767195884687641	0.686733272528731	0.252672575140649	0.684130524460645
100002528	0.323827144436414	0.0683587293180576	0.322674599910677	0.455343876113372
100001287	0.459336801974912	0.761930514079097	0.359243691374669	0.628005345605265
100001229	0.72699466106749	0.875352680687171	0.277425905810499	0.666772118884017
181	0.384191007807794	0.873410025222512	0.26425120798891	0.697314211945757
100015831	0.00149881881051546	0.0215197568443393	0.386718668075501	0.465493803693701
100020515	0.343794641439426	0.477509525851819	0.219938539203585	0.825089654911015
327	0.221815973603704	0.257501033420678	0.318191367981804	0.633315994077481
100009394	0.66283399658994	0.757571454235416	0.252893318624509	0.706591490643997
100001596	0.909686813479094	0.238474036030409	0.245391456201159	0.508696130427854
207	0.857989578417214	0.495116557492296	0.284814312591868	0.638605481675477
2054	0.506370389819203	0.788809122715127	0.259003375994655	0.69310218372054
100020259	0.661066428343085	0.569026234847727	0.291278281214166	0.663167412156813
100020414	0.00297152381723378	0.0360310255348498	0.184199106334661	0.652242143032562
100021131	0.854760586258736	0.274665586761763	0.257018950614817	0.636007920474555
100004499	0.855719703600495	0.715134217984022	0.25838610132843	0.648697870793374
880	0.174580733813954	0.782759424618654	0.288457755000462	0.674851303375195
100002049	0.508930969158952	0.306793246152045	0.292482695599759	0.629068730943854
100001739	0.540342566202449	0.252399198231729	0.34342423783154	0.637628007334406
100001126	0.408018062341045	0.136878048573623	0.173580935326304	0.553055557196826
1113	0.640487606721445	0.803666129404337	0.280034527378315	0.648550130387452
1083	0.982596673766303	0.303999808658116	0.288701977191159	0.587731379756658
100001730	0.0808184446328289	0.19071653223371	0.30741635177467	0.556228936317234
100001412	0.587112716461577	0.980275730746593	0.268056466088982	0.682793757767573
100005996	0.725843540771759	0.586264280121545	0.258091457789985	0.649447454883656
100015962	0.00709050122761869	0.0939959251028922	0.212197365291704	0.978387930666564
100020214	0.703811405040675	0.431794184671952	0.283882845973526	0.602014848423657
100002514	0.121177930042132	0.334597278359553	0.27882801071807	0.616062088215871
564	0.187571670806864	0.0488681603734192	0.216470188764454	0.556360790904313
572	0.0242156796084073	0.0202471256396091	0.39898686517471	0.54289101716134
231	0.994068933691893	0.658389958228585	0.246132575643801	0.693058105447912
100000453	0.893160424904839	0.738214055236216	0.257079990940545	0.712626920461028
100001007	0.116992925144478	0.24746172857175	0.319131473448404	0.559320244123761
923	0.610785750171099	0.326846619945008	0.253831024972193	0.732097815149723
100001247	0.428821298320586	0.495829231515795	0.242521482727303	0.66277900645409
100000774	0.552991345187234	0.859479633642536	0.28050570028138	0.696250932452244
800	0.359171793917354	0.360210597753178	0.293297931596954	0.734154193653673
100021678	0.27363394732297	0.399510353948979	0.227919860506058	0.676638252295551
100021711	0.433389371475814	0.876462868229945	0.283559050660097	0.684567945940783
100001274	0.782743716261156	0.390072404961508	0.254249145860893	0.52423674830136
100021220	0.132983892366399	0.165718208747698	0.34508036284372	0.994712578733155
100020253	0.40471791398101	0.982916663138226	0.266728456683538	0.679980970951923
100001170	0.770483877838421	0.182304178218669	0.249659997724493	0.579925714383778
100001466	0.259498646152838	0.848844944745261	0.274459620872519	0.672648755363241
100009406	0.712722358662606	0.645621965055861	0.254199267517469	0.698054882683977
1026	0.198430543356726	0.454985676048144	0.284003806851701	0.64617374718329
100020837	0.726363700431982	0.394799725703819	0.298572746124323	0.58549550326409
100001006	0.0702290864453931	0.0828185637601625	0.264329327461223	0.801956543315944
100003674	0.763662354300476	0.129696767725167	0.266923064959901	0.667383028102527
100004396	0.326390392605456	0.420977544143233	0.305290260655288	0.575058604804493
100015923	0.507846187968888	0.909724760380369	0.28573539712242	0.670753568926878
100000265	0.468928312230757	0.729528658223036	0.275154404458282	0.652455792105535
100001409	0.0855046313871743	0.118293588376253	0.259608376631688	0.52046457910611
100003434	0.415975803259004	0.504837063318738	0.270888921873285	0.601032688895186
100001334	0.618028737843246	0.0768150712369574	0.336524217181019	0.557442029315287
100001102	0.710508932406909	0.75238835132854	0.275580735919036	0.658285454866258
1268	0.614086060685737	0.0653516410353656	0.164411510314986	0.632771259330582
100001300	0.237415318376319	0.0895154357313457	0.234707121064725	0.683488882085694
100021324	0.25068835969086	0.731691268042278	0.341419718649081	0.669571087967106
100001617	0.110519189239501	0.103532229237095	0.261633077052638	0.718904908209232
1105	0.941042039982823	0.160835172241618	0.352928507298673	0.37492038373945
100021502	0.0621150281450926	0.267123511018435	0.257190582846692	0.709013626728225
2051	0.834451785346269	0.562562431202688	0.264645456492629	0.573535683309488
100001256	0.146730269350966	0.510598636545877	0.302494743256685	0.81121506821964
100005466	0.0635712439055319	0.0833085841485069	0.303564300390558	0.474065186273392
100002199	0.0983247010894354	0.644827572914681	0.272755062394892	0.708789106248239
338	0.0159286377832841	0.0469868197590631	0.42065157406124	0.44469369268512
100004243	0.466698886234414	0.59788856591958	0.252237851310706	0.689249790150224
799	0.438335748802411	0.972290770617169	0.279678399309945	0.67754097139236
100008928	0.580349739949492	0.101025800212212	0.262961207033599	0.668249803618832
815	0.0864656591230705	0.260627657780879	0.266560594589763	0.75451669906253
100001456	0.00568646265588355	0.0732165463661404	0.256685359395402	0.59890722198158
1242	0.081137690544827	0.0852417508100505	0.322865905926608	0.483804024273478
100001416	0.289689171168634	0.105821535572547	0.180192529823716	0.426175945077344
100001462	0.366746705876075	0.340246176613528	0.329235914057374	0.636728149188436
1087	0.195473166487856	0.0421613834351413	0.281813920567913	0.641765536281046
100020421	0.0724900458968505	0.108119030663604	0.303842992791556	0.444353336528915
100000010	0.00415927218797199	0.0458215631237731	0.291497975126128	0.733409611952865
821	0.531218224418946	0.375826062566716	0.293829674678186	0.531877444226377
100006627	0.261660786171407	0.144208096460885	0.371754626343918	0.57782588145628
100001277	0.356371763559128	0.156749295518383	0.318488865657669	0.634389761260922
100021141	0.0399676803208766	0.182961661445607	0.296339070623039	0.783655117118405
100021105	0.183213689380863	0.274972243938344	0.27947540807706	0.494982240141173
100001950	0.000364033955996323	0.00748249087082334	0.361763906626334	0.84513334175427
100020217	0.900759882575892	0.298605705011046	0.190777777136592	0.513330252854533
100006651	0.0275716200939849	0.168827798479426	0.30637983098172	0.446001474773213
881	0.953366940696634	0.417654756407244	0.250624474025583	0.692013061777224
100001509	0.672221286742845	0.150372922620542	0.249881165632928	0.594001408291925
100021709	0.597558588577065	0.832628718699875	0.26102499906906	0.684668999553689
100001635	0.301753526374495	0.0364917769823597	0.284663409897455	0.62700952021607
100002613	0.452530084509488	0.12367678112463	0.251211211994886	0.763377621721298
100009329	0.559966016717504	0.698110439258295	0.243412046694127	0.806057928353003
100021123	0.878033580398825	0.628433836943529	0.278885655977558	0.599778145018297
100015760	0.245518460919105	0.148820582132453	0.204895090798401	0.717668736473016
100020205	0.39348724596425	0.435643220051202	0.308945886759232	0.513722092255049
100000765	0.565170972787811	0.630415424349629	0.26161224255109	0.646291203044941
100004111	0.329587069315625	0.168916686386312	0.299226788960685	0.649918607161254
100001615	0.19783679166604	0.797648744759715	0.26612176764628	0.67671290532875
100009227	0.203377117742188	0.11680608864413	0.376942095133043	0.817940085797678
100006191	0.384306756091862	0.578510999575143	0.29276597889216	0.627667442663467
100004542	0.460575571961454	0.37700947605693	0.285277548724118	0.725743897913397
100003686	0.30699196450712	0.129922307903574	0.379142606465422	0.614797792073841
100009232	0.0270138518093727	0.212995586059492	0.26272126576763	0.584692772082385
100001501	0.04754315625044	0.0997604465715171	0.347082332018337	0.718967667961985
100002367	0.500677227411881	0.236284359452252	0.243422415817499	0.526503369243403
100001108	0.339146470123947	0.709834460408441	0.266660515732696	0.667753294113888
100004227	0.719581314368451	0.975392290160982	0.266936594833592	0.677245945873239
100001310	0.189399023105515	0.29365686634807	0.254144102986461	0.790716536117082
100001994	0.83362110288279	0.899953289097256	0.281142460035746	0.74461165302554
100015839	0.0125342824008487	0.0135343970822917	0.365185489766406	0.766442595311106
100003271	0.00564036814606272	0.0819387668933977	0.347802589220317	0.485864714727251
100020496	0.826280186070041	0.969092940149252	0.269395683316336	0.68231943054325
302	0.70461553312572	0.438842314844796	0.234899445196848	0.647285560571399
811	0.757100063943561	0.73770524702451	0.262461758293728	0.713930681535831
100001267	0.987778221196223	0.771141102077045	0.252465924389829	0.674678864546116
100001197	0.0254619992371863	0.346434254920104	0.304929711448185	0.688578338244661
432	0.215210845183368	0.463233209743771	0.284646962932586	0.659101286088142
444	0.0111117569318178	0.0579772250498431	0.304998919744084	0.808232039881234
100015968	0.349678980357718	0.38525933257234	0.26539036098909	0.607260970506536
828	0.906505202438376	0.8694895608527	0.261959618699521	0.684216928899484
100004054	0.250672949432212	0.844944252675947	0.270173998709502	0.683589777563768
100004635	0.0927722342500334	0.145954929057306	0.604356403361456	0.419334398786347
100000491	0.459602756967641	0.576042892526088	0.259416728962396	0.585770367330307
100000939	0.045238670457363	0.0331886635990062	0.282155813287396	0.572698923252686
241	0.220729813875963	0.626550630918587	0.285669375998119	0.697343026841637
136	0.364045996206982	0.0691451908760659	0.228395942516261	0.86438517528752
100000792	0.57877684848854	0.954042029107315	0.270605826171228	0.733602153842702
100020973	0.573085475387674	0.646649963261886	0.285262782703133	0.654465090559916
100000936	0.754480376689696	0.858508981259493	0.266393530172627	0.680717026201825
100001313	0.00775020059995679	0.150679346765644	0.284077338929652	0.731135464885896
100001951	0.0463857908137965	0.0887532585530581	0.291185273275021	0.670249823568148
100006098	0.0177859782995455	0.0897356333108997	0.307241719793935	0.792599680796472
100000007	0.218574936320141	0.495290484414175	0.263968114625166	0.686782353825377
100006641	0.890798281173874	0.861039788821574	0.288304604616715	0.679538144376391
913	0.0113994252147042	0.0625412025624773	0.331387352953844	0.544764712742936
100001579	0.804114894210843	0.42726009342016	0.295246576645663	0.678823302569603
100002911	0.148625197901195	0.0127376474790099	0.353728452613213	0.637379996258427
100001293	0.26153507598928	0.385738337788876	0.237905836756832	0.813703963718842
100002241	0.209367313456277	0.512128758116959	0.280418170282038	0.646924107992004
100003179	0.40598225112425	0.0832799231035457	0.2626365753038	0.530347413125701
100021372	0.325528204516696	0.242704956532695	0.211202398767342	0.68134194795028
100001956	0.335699859205415	0.528175850729534	0.266383111872425	0.595572526067238
100021162	0.202248679235186	0.16065016652985	0.257264316059031	0.502959539296233
100002259	0.348421852174434	0.590451229715049	0.240689532086416	0.672428332126893
252	0.43220840248079	0.602551288276671	0.302270620034884	0.625152677198747
100000707	0.453080967176267	0.337383334596461	0.261516262319434	0.686460672525824
1489	0.675066391928348	0.019354692703154	0.198798597304309	0.650713192949748
100020361	0.0288790733863454	0.0880434609814019	0.304605460134157	0.96300810560183
55	0.755915629130933	0.950081581010428	0.269150550217831	0.683848082807247
100000863	0.253485904127404	0.253193188951995	0.2320105080741	0.715627219764686
100015840	0.172437796404618	0.103284052173811	0.366828283313806	0.637131158584543
100001541	0.158318369706582	0.0836256209877793	0.184167834567703	0.670268464832911
100006082	0.151497433781944	0.0556727924040448	0.353264773814657	0.671935067306459
1254	0.676078797673314	0.922023769034408	0.273596604287251	0.695179542556762
100001624	0.504313237978865	0.362719756096434	0.252194707113572	0.654550732671998
100015850	0.909816336697287	0.602124697319689	0.331529738044306	0.643667568270912
100001104	0.0032313930533572	0.0136516340911971	0.294099191599013	0.962387458014457
100000900	0.128274411408408	0.42752897452991	0.279216127657063	0.682534891263863
100000269	0.229281207668311	0.0832742338098941	0.160233966032226	0.630820742078459
1022	0.220051549763018	0.98761811698247	0.267732863720668	0.678072026823108
100005373	0.211052599187665	0.0780491892243621	0.238275423786969	0.710119672736051
100001129	0.127202521531194	0.706231393364234	0.258939138929216	0.708269998379784
935	0.0124139541036043	0.127565196701669	0.344458048658193	0.543595840398342
100001262	0.161700025241152	0.214953886422182	0.287475263499683	0.703867547798012
100019978	0.310529652569143	0.616501174860664	0.260061730444971	0.664885919529828
100002293	0.731662766122967	0.777540674619388	0.270363690394958	0.679848946326052
100001426	0.198762655371907	0.273974816538635	0.273846426378609	0.519989740644845
234	0.0346520904948757	0.150969497597525	0.260620464741333	0.656047646343225
100005403	0.248325939144823	0.970398893168206	0.277921373804543	0.677385772387258
100001083	0.0420177860766379	0.328430442182478	0.290629508712912	0.700276921801443
439	0.710336163998805	0.322687357012297	0.285935242666334	0.673424425274432
100001086	0.341781101890696	0.419335839928463	0.28313318075761	0.75730689542779
100005864	0.735963768235465	0.458952911151067	0.246569829801902	0.744568474138061
491	0.514562165946782	0.908044129217616	0.265684034570865	0.680007714742372
100002029	0.464472881362067	0.407985006579093	0.249561784460125	0.540468702254329
100002154	0.813242949377254	0.480308544454612	0.242336396310805	0.655501420814204
891	0.499597916906092	0.202458076678566	0.299806120800622	0.646034968076011
100020261	0.379676806533406	0.44389197941813	0.318646209558565	0.652358624512619
100001296	0.512814893258819	0.472562197084459	0.265146400513566	0.570927924734269
2050	0.474800427463119	0.534934192822651	0.287406159139487	0.624210470723361
100002761	0.345141490867383	0.697485346687866	0.238148750520608	0.805637125123468
100006614	0.867114129180292	0.638960651718332	0.245036548453467	0.747230327795508
100001597	0.879119525691643	0.153151486911976	0.176950788187393	0.492537529894538
100020853	0.780686097366117	0.881068694373113	0.270794218883937	0.686880739089184
100001446	0.272057370982383	0.417057005968746	0.243463238458576	0.669653471852661
100003240	0.293814598030424	0.127813137374912	0.317835957193868	0.595273137256011
100001502	0.026225227082399	0.212428774231498	0.329515578327682	0.774329380669009
100020866	0.0961247200753936	0.0120114474495998	0.17974516642902	0.487863151508796
100020419	0.0324100177350511	0.0920931346724306	0.287121793217392	0.426096015385544
35	0.535007569266799	0.305881846242072	0.239617897863772	0.627702354066465
100003696	0.0137284781826038	0.0570110508291966	0.405025642021763	0.615162048166516
100016038	0.78994889987116	0.931037865779082	0.264926544265904	0.671432959735109
100009333	0.186370206781313	0.146122669521331	0.237939642632024	0.714749782131573
100001611	0.157100596804164	0.323988330291937	0.348201874755716	0.656340912187393
100005383	0.657799948412209	0.301022018717907	0.282610409455165	0.71995996621612
100009239	0.303388287520067	0.128358833462763	0.331770485627729	0.497174960836272
100009332	0.314175030045246	0.216093060266521	0.247165836529734	0.643545241329351
100001731	0.154863028245316	0.634726897096973	0.270964610091318	0.653821719732588
100003415	0.347021744769468	0.42484964864553	0.252878381035221	0.696989341323303
100020578	0.136940630041847	0.194438751543471	0.249763975426138	0.573401893292788
893	0.842613544220747	0.516905995696068	0.262922469918805	0.691342988851366
100000963	0.312511720197467	0.208243351324633	0.353297670744165	0.479857066425344
273	0.143952449584007	0.318064602272321	0.314259363667781	0.674914932396326
197	0.46698544422592	0.417856106692111	0.259444021717389	0.55961139425432
100000808	0.296903181276979	0.228685533474086	0.252422352439906	0.835306400867616
100002284	0.742901732468092	0.364232383482146	0.173013998028393	0.618337384291026
888	0.953364824266486	0.0942126543187601	0.28430417445725	0.66238800564565
100006435	0.535935166785516	0.342762687020606	0.208362922752811	0.973507256978271
100006374	0.195843694868134	0.545461943465646	0.276409808863318	0.668326444653237
100003169	0.557064400196159	0.952991209104973	0.265182391445485	0.675914055206987
1004	0.601806717360009	0.774494999497059	0.252964723702864	0.658150260623414
100005998	0.0960002122821779	0.904858247078034	0.283190799842054	0.685460378452115
100000773	0.66286881053653	0.547108736155766	0.27258319725404	0.661998254893923
100010850	0.0159022001760474	0.114762176937619	0.307077370185038	0.555662285622831
397	0.852271814442104	0.379970404947892	0.2026215015806	0.74131250760787
100000039	0.0719698560236964	0.226934592014935	0.220697347338635	0.732368046531183
100020833	0.721077380782379	0.804804704937733	0.275816222723666	0.712959435189752
1021	0.406699574468193	0.352821732438115	0.252461861190032	0.714216272114039
100020479	0.359269379196586	0.561873769060328	0.268297929810793	0.690926355947122
100001335	0.511447999019899	0.310134043802874	0.301446823535634	0.646925717833542
100000743	0.553443808920456	0.946574884368548	0.265905242847525	0.675731541143037
100009246	0.176946727857648	0.656789017679699	0.258789077453492	0.708598859821147
878	0.18934854553687	0.770098160514141	0.257747185652264	0.691272584105236
100021103	0.720952407131617	0.868734934327364	0.276358209297653	0.751174397344036
100021363	0.237850196336374	0.571566080102134	0.249336834913352	0.719153909335292
266	0.120362036149151	0.211001351415387	0.286022535476041	0.601863525060875
100001195	0.316181843814367	0.217816443572728	0.344146962087055	0.60436746978481
100019801	0.783645993884746	0.708555331149498	0.279051326356948	0.665424375814391
100002196	0.0389843709250596	0.27245269424058	0.283332991291609	0.688025566650238
100006370	0.239837338387061	0.948534938569784	0.264902428351702	0.681473381086886
100001510	0.0290543873578782	0.00344413106379888	0.211296482447031	0.779706294123584
100000437	0.535515664886701	0.43934303782747	0.257180499291809	0.751828374506725
100001767	0.139645159817737	0.0323072177897301	0.327218430194531	0.746543491488421
100001810	0.403263477397844	0.513620474584587	0.286213098244742	0.831239179409748
209	0.0340192022252106	0.342657653755319	0.301869186137758	0.664972066036607
100001485	0.251949643499388	0.0914738201461899	0.162343295123868	0.606329325257258
100002500	0.122686484615223	0.449299014741472	0.271110226333504	0.649705848460054
171	0.0288679137334303	0.0220188825106675	0.188475381411141	0.683158570843362
100020487	0.977393634372154	0.819717494058683	0.284190615358412	0.640243713420282
1206	0.00729262640296037	0.119024087597319	0.26960325623309	0.730653084922665
344	0.0120975989055717	0.029177542366339	0.56107201195099	0.770860915674542
100001405	0.472750887314981	0.905460193351636	0.273436999755189	0.670025265126123
1239	0.975408567354736	0.509784926255269	0.298557100347965	0.681979510124596
391	0.063410730247669	0.192610496594923	0.256874562178967	0.885051323685778
100006430	0.45655679491503	0.182476842563296	0.328660303225972	0.420096306729321
100001417	0.973174857554177	0.512482746725188	0.257522856325774	0.786916832227864
100002951	0.0555499473182528	0.466042775138604	0.263978939798657	0.597730428457943
100000014	0.419774118431955	0.588057202771131	0.263411697013488	0.717512449638965
100003926	0.567656904812668	0.476769077011181	0.289533144086662	0.659651742504008
100021538	0.500937932095041	0.359590009066519	0.312520953228306	0.591492605640819
132	0.323704298817919	0.932514423404885	0.267613347504121	0.678120535382015
100001425	0.566490121031879	0.511520615867732	0.329250745279767	0.612996595343181
100020262	0.616560108500727	0.656813120401411	0.286209543998734	0.665930809489161
100002679	0.347921308855901	0.687762920541028	0.253822624537467	0.74885815221543
100001270	0.724448458428897	0.562791922798952	0.272951239121134	0.655565206077241
1102	0.834874590004923	0.991248443130061	0.267514642610113	0.682181193398308
331	0.259815267592485	0.200808800250242	0.219472387783209	0.571508992104098
100006361	0.503418144597469	0.617169722446444	0.24804704476605	0.751181262998566
180	0.803491212516917	0.909683460125707	0.277581191698433	0.67611453854638
1053	0.301281931358149	0.457878050370122	0.412703318090761	0.743331153725898
100001359	0.670621093656377	0.931089949840438	0.277455049125915	0.671542451784593
