chemID	simpleLRM_Fstatistics	multiLRM(chem_sig)	multiLRM(sex_sig)	multiLRM(age_sig)
100021136	0.0326595230211446	0.250987581329418	0.365723982112406	0.742321469007406
100000882	0.913147139214382	0.630573451439665	0.356302877458113	0.619844391334299
409	0.0872379777546951	0.173302954587372	0.38556555944294	0.413782801200739
100002254	0.618069539770157	0.0365858851460855	0.234475772490333	0.623434576304874
361	0.00913577804420401	0.112940719351178	0.244770247929921	0.62788453826983
100019975	0.502127200532545	0.739114152678096	0.337133286023476	0.66589029139509
100000257	0.00093332882184334	0.0224549590991653	0.324633179338877	0.592418966932422
100001232	0.99095761102399	0.924853212116287	0.349811771070211	0.64485875243044
100001948	0.442308464243951	0.412262896955074	0.350815087886456	0.528130286117885
100001073	0.613825748240452	0.654806806322584	0.419151122744354	0.573731299275288
100015637	0.995810172633704	0.436321912759433	0.365696984125242	0.642084334378356
100006360	0.595351451651852	0.689401375494004	0.321427058364722	0.71465825187461
1488	0.497327580252035	0.583325064733991	0.345272400076845	0.623700648205134
100002253	0.940666316947394	0.961787215654729	0.343225284982566	0.648060793697798
1023	0.988231216723248	0.714808192318116	0.333318591776998	0.634636083687608
100004284	0.547316518665085	0.878835349522299	0.333163728779267	0.655574610955872
100001251	0.766395515124107	0.958712417291077	0.341867278883924	0.650793840515288
362	0.769759488442151	0.464349817813861	0.308300113727611	0.642409265344014
100006620	0.984991280537207	0.780738483159459	0.345918359008655	0.654685820363921
111	0.397156186829353	0.179449501554543	0.283597650890876	0.625819002442934
100009045	0.566812733778102	0.26329081284647	0.287229064277081	0.805478496779176
100002927	0.675678190162675	0.847715608820382	0.332499729776902	0.670237083097558
100015641	0.819306708633997	0.921639367128469	0.334583066201034	0.657153375819525
1114	0.129054878318112	0.966689627143823	0.336591928219712	0.652156796311892
100020409	0.348699327015072	0.368586640468124	0.34085212019547	0.524575048884141
158	0.162886373032588	0.259262780054852	0.40968319332662	0.681621238427269
1224	0.0510180464927502	0.194307704166767	0.267342466360214	0.688335329972482
100001620	0.493547813014897	0.396638351505062	0.294429458316995	0.653952024787786
100020893	0.334306060712168	0.0690756969242522	0.296786717132709	0.393143196215564
100002458	0.681842214453996	0.594821238490828	0.374834640837037	0.602245624988755
100001112	0.948295353103434	0.928401408850454	0.337486305168613	0.644124795516397
100002953	0.402528880826526	0.821892454425856	0.335157425383854	0.660507945512233
1141	0.469300633395898	0.0629302541031081	0.409745597392977	0.486058437384356
100015834	0.605257896345725	0.90678597690752	0.336781034735804	0.643237510290794
100004561	0.594688294604723	0.870110937829164	0.34256301415663	0.645780947440193
100020497	0.742236582610572	0.796866418959286	0.3249564048373	0.671189592642315
498	0.0400374677711911	0.280801545679961	0.342087542538285	0.727383923755043
100006051	0.792779021368077	0.818279902294824	0.344856124115007	0.644964180569378
1668	0.71326809796137	0.50059201113173	0.335507475746393	0.586068736889766
100004523	0.505070344752193	0.923868190372436	0.342550161275791	0.643176646020782
100001604	0.215609043763633	0.515605436084338	0.33692019773024	0.69433219050936
100001002	0.202471064014662	0.556367591597011	0.34848950242589	0.638691124079956
100001987	0.0790721928369414	0.273620137373691	0.874068579686034	0.515571944393844
100002462	0.640554609424076	0.345149688151366	0.397925080187895	0.535542637891075
466	0.570993501886913	0.0708473715493077	0.371302761854341	0.625386889418077
100000665	0.89213242409819	0.439584860823682	0.377156375516138	0.595749968096714
445	0.908105307939594	0.417747195563523	0.37637314289073	0.699391582364177
2029	0.134423770102566	0.483703244065846	0.362532162201841	0.650623730778708
100006438	0.103424741449385	0.22788473191898	0.403598472764198	0.659438940851578
100001398	0.0824983427359645	0.505837985559567	0.321896799071429	0.669474623185533
235	0.478919958951855	0.497748975703169	0.301251539814421	0.683661185458162
100000997	0.644181082168991	0.672438097853036	0.343667271990608	0.625232899494212
100002094	0.182660996584798	0.188345107473392	0.298905432415521	0.501439834568036
1052	0.632847979819922	0.954888525140325	0.341713644894308	0.665490899455962
100020823	0.356024715715288	0.612825376663551	0.318065927418972	0.640973738673973
100001806	0.246610963485135	0.581806849330263	0.402761522278604	0.658704940894884
100006092	0.776458877286125	0.863384048327967	0.345115821713238	0.638396284858788
100001415	0.122747311877802	0.0817024210061195	0.33033179389889	0.385216555654935
100000008	0.0424746281023845	0.0725479808820193	0.374451709416012	0.488316183774224
565	0.00937745333094661	0.0535767945262704	0.324785846974888	0.731409587914498
100015851	0.182519942265632	0.201345393537575	0.411951936660913	0.788392515712673
100001866	0.508412138158964	0.863224688502332	0.358286445306195	0.632137780828427
100020546	0.00212028531535417	0.024407825790676	0.627260224545161	0.838399888803817
100016110	0.503462024553298	0.403772870381042	0.279576989670175	0.748693479173143
100001254	0.00214436324787402	0.0107796291996357	0.464751714067092	0.861021871010191
100006260	0.449799365193414	0.855454024312763	0.340493414127586	0.64808211742888
826	0.708207711983355	0.875483307432303	0.338011481967999	0.645941208561833
100001872	0.490697049536434	0.846541105008473	0.338041880097381	0.650295812113944
100000263	0.351059473201267	0.378669070341621	0.412503987918921	0.642273461033389
100021198	0.887640278655309	0.0688464637732208	0.227336849527659	0.380136005033373
100015967	0.0359248245488376	0.0890654063645172	0.416757654166683	0.474222011326691
278	0.145892017161071	0.263684046661314	0.315595181609979	0.934370753005738
519	0.726512974972977	0.324601940336618	0.402518931275757	0.585591871488612
100009337	0.0872488559643152	0.289377249127574	0.470069595998676	0.62999336314055
100002185	0.387014448184014	0.887982760294821	0.332889099933327	0.639604955667074
100001278	0.362767146484577	0.258558183661739	0.417759955111955	0.600379179297656
100002103	0.737998979477795	0.647556744994321	0.334033247422136	0.607433071604514
980	0.710542599579406	0.418511604150583	0.37976956535691	0.627511174559439
100000016	0.854105480842998	0.439548596255637	0.334319977748208	0.624810147443919
100020372	0.179949062810209	0.483149680195769	0.336701335843618	0.587504550980507
100001662	0.694966661558074	0.147749627415569	0.142591059978824	0.661107147763801
100019972	0.923666226901456	0.686781503599044	0.346592051359679	0.637524284626117
254	0.798959485859819	0.728951736317332	0.334044749068859	0.654018464294438
100002009	0.632803926229476	0.679599560979586	0.336052083088422	0.573828242995721
100010895	0.589251416028223	0.599513938005122	0.367771722519532	0.637042324749047
1140	0.869985577828664	0.992065222732864	0.336913109256144	0.651414416970948
100008951	0.606351516707865	0.514821534345029	0.363265862135472	0.609322446360324
1084	0.335372491076976	0.794108877868464	0.338464235195039	0.694467518701381
100002796	0.126312354482794	0.433130498756475	0.304365289851708	0.601005557638475
358	0.881404629781389	0.986657739793063	0.338522186660908	0.653877566288089
100002070	0.782175607924469	0.689223402329771	0.329161179058861	0.682285063523823
1628	0.432154084036567	0.149787268263078	0.391227849540643	0.640274311986352
823	0.602759492273494	0.509104486667345	0.299194267840808	0.708741288647262
100004414	0.472911437982175	0.0929815946309345	0.431409400522105	0.782644182842057
100006129	0.663823985791207	0.666838515123931	0.317537004493509	0.66586909222964
100002028	0.695934415606318	0.445965676891279	0.454446651257659	0.461855746618721
100021707	0.503909505516145	0.627370050273275	0.306678588730971	0.701823191709006
100000054	0.567198604930695	0.493998984360069	0.325897443151613	0.675267143236162
100010869	0.541747650132808	0.253726728426432	0.338320680450053	0.532884516646646
100004575	0.0307796413867489	0.103430593424859	0.417221694417007	0.980636725897339
100001212	0.969834033318792	0.683494313113468	0.340654256546157	0.594691119158329
818	0.257809711693705	0.574648500968647	0.376563247141694	0.606122320232315
100001092	0.00110655369881105	0.0179873849738797	0.353846836650174	0.626146834107024
100020371	0.959046850643193	0.896877677156778	0.341530312836692	0.648805175643506
100004112	0.150717920232977	0.460982947628383	0.368272633293136	0.654608093454943
1125	0.470240574041831	0.367698067884554	0.372454317127792	0.683741127731289
100020491	0.973764513484725	0.606583257915251	0.299035507834961	0.664045677243387
100003151	0.00315599513172162	0.0245012442525811	0.479207667395878	0.536171139552423
100000011	0.282735480305368	0.143720748125169	0.258376327130475	0.755493826638681
100003594	0.465109876485513	0.974958315844252	0.344866091252286	0.652282331683474
806	0.799506026204971	0.169409435380403	0.33000910171643	0.465725383578477
100001211	0.979328700563055	0.567061396505855	0.348058154177041	0.631407202601557
100002417	0.519527068914613	0.6280890045516	0.325041542817881	0.620794884212938
100009335	0.660447249387637	0.230730024477043	0.26857979282775	0.679818664026193
100000781	0.812244437104059	0.98138660617921	0.33926799257896	0.650189384490707
803	0.0309607659212899	0.0345460082750464	0.322087151709953	0.531503004776073
50	0.631012133236204	0.769663497743347	0.338958315513165	0.639296605566559
796	0.43247714348215	0.0516076972299826	0.372493316403268	0.636941528365859
100005834	0.958034549012121	0.668706620534507	0.381158534510727	0.647116588317726
100001580	0.89496935466202	0.500368624912807	0.369464509549969	0.649276296081589
480	0.713665332287445	0.659822842699198	0.306539104297411	0.658392151400472
100001540	0.228902778296155	0.696568067060585	0.438121267086962	0.735677790260463
339	0.594849696035482	0.127117529732382	0.303145025323916	0.565445087179679
1110	0.97840238301409	0.968701449980813	0.339939132860874	0.654980644132399
100015836	0.222905285954855	0.208709000367683	0.454188931831386	0.818697515536431
100009271	0.559277341001351	0.52202615759795	0.374348844494991	0.631106080645903
100015638	0.959090875675262	0.424654021933981	0.356730306978851	0.629593190646607
100021667	0.949130450846915	0.521135394980037	0.371072651781725	0.635064132770315
100001279	0.6893820254443	0.407834992571211	0.354094905178428	0.767480224699695
100004208	0.0151220407412105	0.103450128913987	0.531245157245468	0.765422710283774
100003695	0.252871741847048	0.162775419655751	0.352884210850653	0.452667695072707
100000802	0.878385547149422	0.867287788669867	0.342510396669238	0.644711165777647
100002769	0.826590432539003	0.103272525163511	0.251966922782584	0.761135099873657
100015835	0.13666399525834	0.331731095056406	0.465029109540878	0.836873804777647
229	0.799719026484855	0.362936660955688	0.385862927742819	0.641398770617066
100001266	0.00773538200637737	0.0285173041053676	0.41225739526636	0.946000727153102
1342	0.288432895287708	0.349686540298125	0.292835218201891	0.667708551579074
100002102	0.837494411985138	0.53827214418726	0.381788652846944	0.751800368148247
100020254	0.119288318049911	0.528376358002507	0.336695709800002	0.677193796039542
1231	0.469282800782603	0.229940003760112	0.401372995027988	0.60223550142313
100020492	0.957031308692844	0.934365973071057	0.336157968628184	0.649416926879537
100001402	0.39220681958659	0.575165894474269	0.371956107886957	0.654370370203771
415	0.00610939659707404	0.0828734094305376	0.393194914737124	0.708996215684644
100003109	0.971336143473148	0.915607505289487	0.340177211833563	0.641089846561066
275	0.499302096759298	0.904233152622996	0.34672020355989	0.643555376204711
1143	0.163145834190117	0.0681114644350548	0.304995336692151	0.751238391244855
279	0.370943381044996	0.314398319027525	0.342228307362708	0.506786705576144
100001198	0.935762356973116	0.988721948617734	0.344468551784839	0.650225270067331
1648	0.438850969071022	0.991228425400921	0.338244623229405	0.650092215511979
100001590	0.356357150542613	0.279370762989347	0.319083641207538	0.571987176008392
100001733	0.403767541457128	0.870479241322226	0.334180830834109	0.662763426285202
100008933	0.0139697642583545	0.00208904394788037	0.467206726385082	0.602617891084899
100001550	0.336972244349637	0.504047997945249	0.318461018828408	0.599647585701556
1215	0.0872466638701862	0.244236191995224	0.279647732698343	0.61244944818308
100002356	0.267220881675606	0.108968015245458	0.405688378568257	0.65640048909338
100002749	0.670112031124504	0.746067678624192	0.342648923404284	0.657667021238747
100006379	0.184812615017876	0.172976069748502	0.379609111759139	0.413521432948838
100015966	0.0741840141799353	0.144852950526239	0.374428531752172	0.472138713408838
100001392	0.743289112748475	0.909185325319782	0.341722898323495	0.647734803222689
100020425	0.151258922250807	0.0542598034036008	0.273947378630383	0.42350158758995
100004299	0.335233373763617	0.796898562120361	0.35572124094376	0.700098706111998
100001734	0.608305568953177	0.532173717861765	0.352668201212466	0.591882812333255
1002	0.79347547125623	0.846718888540141	0.337989819575718	0.649228825519736
100001337	0.289782412906203	0.800958202221166	0.32277923259329	0.651093538817149
100001452	0.721733050637319	0.820935200343812	0.334629679025985	0.630394711974837
314	0.529668760601033	0.376706067558942	0.350222979310525	0.667545932037679
100009264	0.920949501825813	0.605711527925894	0.282097468879841	0.760597145799546
100004634	0.436668231532216	0.507659195273023	0.306452489018611	0.666170501074976
100000711	0.639189893522309	0.649647505945382	0.38156716989676	0.676070997492406
100020536	0.015938227365686	0.0832338447206608	0.429303141369752	0.752395110667057
100004318	0.260946231427469	0.518520420726506	0.353641925734659	0.641657730536899
100005850	0.944166707564999	0.494594520064493	0.41298382359698	0.600799284343425
100006619	0.346400341084057	0.154374852581573	0.374839835768393	0.638141025907569
356	0.460817051435336	0.634746058448556	0.324950563058262	0.667217315659226
1221	0.519083278299685	0.541691256151882	0.446086041477436	0.690158743764234
100001397	0.849952217505058	0.798483631774172	0.335316358655669	0.644275952035179
100019981	0.629424748539087	0.900661177980941	0.341600690951361	0.665981594806481
100001208	0.396404969491908	0.244410064710966	0.300700546964718	0.935207339853642
503	0.00845101631122568	0.00971768234895476	0.222647698565617	0.484639076989548
100006375	0.131133335619569	0.57425258445045	0.371993288709843	0.624929039912807
100001295	0.746903600162873	0.649907454524698	0.329825629661864	0.732615927622778
100020427	0.0659927189808747	0.0303987503709633	0.311894845759551	0.367547219129584
100002784	0.566169956591386	0.400355550523773	0.287416401856279	0.717059870786832
917	0.0535024708510275	0.198389003434851	0.373973246239202	0.598074885919522
1869	0.406098350216358	0.215777642561374	0.357600776770341	0.538948919256994
240	0.236965256255648	0.108703537701315	0.218858744992182	0.459800516037808
798	0.00491981630746263	0.0817493279518272	0.499733796994058	0.576702499116688
100002952	0.219410150502873	0.534549766689952	0.332500036254347	0.7251916392425
98	0.553505299288766	0.779154237051622	0.364606840619209	0.655861824837356
100008998	0.359419941977534	0.376318593497094	0.270026163847653	0.71564061027268
477	0.902589780742214	0.297740286227863	0.346460767438453	0.644915877839684
100020545	0.0700629460419308	0.125938816096242	0.404259809095474	0.814640590169083
100021666	0.920076044118502	0.243906420545701	0.37375759331413	0.644663170019419
1256	0.557221576665104	0.703604866792749	0.38658599480536	0.684612527950366
533	0.31418784700175	0.0823787935935566	0.247638813973628	0.411571361334448
100001757	0.554730043190938	0.954552441773315	0.341648735234355	0.647977565764766
1024	0.369830199387876	0.0992683718938196	0.218275836262413	0.88492733438799
267	0.431932051875957	0.999429970567424	0.338308486017342	0.650092928153257
100002113	0.110684500860558	0.0908432132457498	0.324115619697894	0.675235619477933
100001756	0.825645906508577	0.715779016020659	0.353117601550345	0.670064718296952
100001193	0.450388698359101	0.187676491234437	0.415960407075398	0.597293310094739
100001668	0.624226435912113	0.95473773176073	0.338866695338825	0.654066793818107
1124	0.302640389951539	0.308118025452804	0.303629581872677	0.742934161414942
100021331	0.179826382838242	0.3388700925177	0.316978472707245	0.690050337516077
1090	0.055447032870112	0.0411894273133192	0.329596498700311	0.790393153340547
566	0.883745559249205	0.337646711856914	0.258943626154871	0.654348625234534
100003119	0.400570446011151	0.266681007052272	0.385847063749293	0.582359672666221
100006367	0.763486926845007	0.565804654563281	0.349296125093265	0.630362801211602
100004322	0.18982594387657	0.230869918318249	0.353324304337586	0.734374549530867
100001034	0.677211262623389	0.847640905323163	0.33476124360163	0.642892767130732
112	0.994725982998367	0.950984646621312	0.338679690470517	0.650407613341663
507	0.708806861158187	0.771164955371795	0.337510271904046	0.656539837540815
100009233	0.430663656293621	0.21953161662147	0.294012887454182	0.677173095820027
100000406	0.0234833219234738	0.151303180668465	0.501380237026112	0.468893995895836
100004046	0.326681894496013	0.457494286936649	0.232975624541882	0.598007758393637
1025	0.804667853340006	0.72262542877236	0.326083833050898	0.668096045562009
100001106	0.183428899282384	0.186714630820273	0.281387122534746	0.683348462017359
1128	0.0413555559375487	0.618692335320512	0.360564622053944	0.696251113845876
561	0.0622503968337055	0.201006200557509	0.235928888886216	0.580935998930556
100001614	0.880795874956857	0.376786352751612	0.352749150223722	0.626732412574564
100000961	0.923565481449739	0.999692876547563	0.359204505289791	0.65602440058185
100002397	0.944121515255312	0.645383367121152	0.335773408366555	0.59318659805279
100009407	0.876875022973346	0.960999851995897	0.337463143443474	0.654631612174804
100002910	0.917510972008148	0.599904184280183	0.310831097821024	0.587563806920997
100005946	0.241525022296883	0.328431789949265	0.393437487340353	0.749482423102897
100019794	0.0811047104392201	0.269954039555268	0.347850394338318	0.810089472840036
100015759	0.402604146015158	0.112953344996064	0.275023889794596	0.663448930478
100020417	0.813880776145066	0.658105664164691	0.320786817991596	0.630737507881066
100001054	0.719564943870811	0.966346325076794	0.341116798247436	0.650299479698699
100001437	0.313534773896741	0.337031847201205	0.286484361882849	0.580271181585224
504	0.225932212801581	0.665234577313544	0.402693513659067	0.659327988302452
100001988	0.482489046691907	0.681400224982738	0.331258120591148	0.795022553568661
1082	0.0279881853803959	0.583346992035868	0.378240549312032	0.679592622425514
100001403	0.328921205436139	0.345295021463589	0.371526071675645	0.632560153547012
100001664	0.869516141668936	0.520229711943357	0.323800383417118	0.831430354862938
461	0.352230155252487	0.244606993891418	0.492439562844336	0.632392132746084
100000463	0.635926944933299	0.961568993566975	0.347827345190161	0.650244461986337
100020208	0.636659732955194	0.564752593936395	0.371181574859111	0.553194541693893
381	0.551574696615593	0.0741691793646925	0.156868434499435	0.493504799969346
100010901	0.0750683831429502	0.0709525262619486	0.345083118107934	0.762520829110124
100001468	0.296434266711337	0.97846638540571	0.340761498925548	0.653313773734814
100000840	0.927606366102183	0.920505551031447	0.343444234461073	0.659138626108149
100020014	0.2585253237176	0.607368333548994	0.331093336084905	0.66491632502529
100001993	0.713706471290882	0.610682607233294	0.282638343304354	0.801154626942428
100001051	0.111154694035907	0.0224303602683704	0.366743646681929	0.344679250848236
100006116	0.369409638981725	0.504452027727148	0.345125227069534	0.650535036704247
1108	0.959804277116537	0.930654944309365	0.336679387332961	0.657792817281473
100019966	0.337356456312119	0.129906506970644	0.407560371635954	0.618670728661565
100001743	0.528381142393862	0.384058149174824	0.337081876860653	0.629129883825743
100001294	0.0979006798035494	0.179694302353926	0.250941435421281	0.705145272474236
100001609	0.329343523954145	0.127962120356028	0.303943500753519	0.745695562535098
418	0.909581034248379	0.90100076839603	0.337514012689768	0.663785306465508
100001178	0.329846839278535	0.939702410706728	0.338391016836048	0.645422054212726
189	0.966979074075272	0.695999678997718	0.311563056983635	0.620371989949338
563	0.506322099719707	0.788240197382429	0.356159239938894	0.634669493258932
424	0.562054805090158	0.428513667914574	0.379934319098997	0.630576869733449
100000776	0.198874595498384	0.350348697159391	0.35873460723268	0.661377909272131
1001	0.946169867689231	0.471669003684766	0.348963607051757	0.653122909050605
1135	0.35401769131861	0.103901264656609	0.317830782862729	0.712284281056995
100021093	0.330638316945368	0.462197927179225	0.396724719696848	0.671450349801462
100020219	0.117228399076339	0.220438871377138	0.354772987873642	0.542262919798892
194	0.395602136364563	0.878862037301325	0.343012301646568	0.634110758778215
100008930	0.672411002516888	0.598120996088742	0.370240218670447	0.628791816464186
340	0.541447755343679	0.225076332315975	0.215931215268183	0.729936591707254
100010896	0.855683001219046	0.676711899329508	0.318994042140055	0.656490809907299
100000787	0.223236860936869	0.112197523001689	0.328551724967646	0.375477210986271
100000639	0.0384549994213928	0.235538108074075	0.302550047308335	0.658864321661724
100001851	0.988327421666367	0.258422020966488	0.361701353126855	0.439490666894933
179	0.506954879925552	0.643987913204766	0.329303437104427	0.664969809595155
100000626	0.403925679031588	0.748523295942774	0.35171666800659	0.650773612122174
100001605	0.00721336102070766	0.0718429423145886	0.457622292583721	0.738894734029273
330	0.260723144592289	0.431035725257447	0.371887166131627	0.524481185226268
100001162	0.734890962278221	0.621308226676865	0.306791561816291	0.621678426844997
100001167	0.0545225325560002	0.25752007334498	0.326041666606932	0.637315461867193
100002067	0.598993863468378	0.764825375026071	0.427506673230875	0.589714553321653
100019968	0.702034125957415	0.383749209550721	0.366842268315875	0.591516336431041
100002014	0.974807163091144	0.999226013686785	0.337691279926236	0.67247213860858
100004083	0.370590217250077	0.118978112686727	0.394471655922109	0.504538756228516
100001315	0.260188936198563	0.354213108492086	0.364618084382649	0.717846664121228
535	0.302630049492541	0.597419660264152	0.354484418826604	0.64627346874676
93	0.476688090875779	0.283998304717478	0.369561085417797	0.503669216995623
100001989	0.371139554399475	0.638782613202939	0.31362580062828	0.692368805002583
100001740	0.719054663571521	0.402945903430506	0.311375741700213	0.668915205324831
482	0.239641232451066	0.975859205215057	0.337906131125313	0.650023140402254
1629	0.299165091604725	0.434003374529799	0.392965977350308	0.629297570873713
100001399	0.49190631228728	0.39762608651315	0.352128652398603	0.652422889930417
376	0.745755449232594	0.156634686125829	0.214176040418854	0.758372363255365
342	0.649776086958785	0.568020439208155	0.339692783371998	0.646491723058918
100001253	0.0242211906986619	0.176836576611966	0.291768558157028	0.861465995835956
100000708	0.616090474054545	0.777207220395326	0.359944880347015	0.656953676592138
244	0.220549556812075	0.0579728442810063	0.277060005311114	0.769399004452224
100006726	0.420669212265312	0.274453774630889	0.393464082297607	0.635057011001623
100000036	0.203073519358439	0.646064919043468	0.315316253219033	0.688583386596983
100001257	0.0214265525065432	0.0803319804087086	0.467472573833529	0.916378140103606
100000445	0.403540593708805	0.730977251907742	0.349714521050002	0.623993682340937
100004088	0.00417777961564117	0.112341187595899	0.394517182358295	0.723307210255921
100001423	0.919881299589468	0.790484552147689	0.339752423299411	0.628830079563884
100001276	0.36304862208076	0.280565900349493	0.309296472772394	0.56847639713625
100001876	0.805068269312132	0.901143404249617	0.334790498094832	0.652555998323264
100009082	0.545664980301949	0.0375225373878881	0.161536669736263	0.625422700574382
100001121	0.336724439910557	0.722754521284418	0.333633439304299	0.645590479546766
117	0.311671751651739	0.63162288533542	0.319441261955338	0.669863968646456
100001868	0.0304261350261063	0.102845058566019	0.411627733464504	0.653350329587187
1134	0.681361923594347	0.311522449925904	0.233665957130778	0.625835435045347
100021012	0.237616941817141	0.460230572825544	0.350451213791824	0.674272674563456
100001181	0.767370067076054	0.260823950966166	0.415957908967726	0.581114989652407
100021467	0.792171808808649	0.311487162002564	0.33621412027798	0.566739640727055
100000447	0.256464909917042	0.255391520888469	0.381254116963753	0.617793037461352
1162	0.000597916709398503	0.0136604789859495	0.429970152311297	0.555506469233554
100019982	0.434699797641693	0.501608320051829	0.345522430933456	0.637508052731523
100001613	0.990254524288795	0.446409040231464	0.355236361278058	0.619220651867544
100006644	0.436093379906372	0.67346777665948	0.318496187350027	0.674965510145337
100000096	0.643440717012058	0.0300172865519856	0.214356074204548	0.628982687682001
926	0.486395042291806	0.694542132098671	0.343435756578026	0.654135055144399
100020004	0.782359235574237	0.720460153190885	0.350317352770403	0.649998194580705
363	0.210689655264286	0.050791240956843	0.302223107220533	0.25970096751311
1111	0.371046411214413	0.993683471774701	0.343851455486444	0.686271283075736
100021712	0.730295019569821	0.782187281381303	0.338510178857919	0.634919780224527
460	0.782110297680572	0.664314638288452	0.354599673193371	0.690480333896316
100009331	0.466405976053216	0.237644006799999	0.286985863575034	0.68803312183478
100000442	0.233323453092523	0.684004578374084	0.368981661765493	0.666217521047152
100002945	0.0873384109556753	0.017103888256257	0.44311078213618	0.605982398172035
192	0.873282503668878	0.958386716784539	0.345361058948887	0.668522921238364
100020241	0.46208561159733	0.958074153845957	0.339361228285243	0.650314879597926
100000580	0.159045047419104	0.152895405554035	0.277885091385841	0.884539235993968
100002466	0.00742972716482012	0.0256803615730929	0.295510699141659	0.408034411776488
849	0.637551730243455	0.557488879580665	0.348267332591726	0.595274764606994
501	0.533651723550729	0.392506857842421	0.370845745251543	0.608818957930804
100000282	0.760137868567564	0.15000971755452	0.409418507880893	0.555000789819772
100001577	0.0294884738506727	0.173335459846453	0.463516171186599	0.710333831689183
355	0.0860906352674686	0.29557346175236	0.289682372316845	0.551026018585748
100000841	0.796578992500011	0.976698024181722	0.357898734439862	0.652659256929924
100000846	0.833427948714868	0.35240662636708	0.327851512443773	0.643365412338126
100004295	0.925735545751397	0.417458410052263	0.311202019386491	0.604389916908545
100001586	0.133052266977848	0.0524697320913229	0.443911854517555	0.332708943535077
407	0.0132094186809375	0.032394989000694	0.374840796056814	0.720283576034573
1137	0.900289853510768	0.749386836708461	0.325293317554886	0.687350132849888
100021374	0.0318211161021887	0.0145440987305446	0.268975957839424	0.949107804295672
100001593	0.771902176885605	0.821993642134838	0.332689080826176	0.65669765906857
100015971	0.861042457996173	0.800314778296631	0.330415105640291	0.649814009238537
100001022	0.352871456327775	0.182261964944198	0.213422441066624	0.915821235670758
1094	0.0743528750788293	0.252716375415516	0.492623839632665	0.875556625065869
100002122	0.23605685346381	0.239240916201737	0.28498492728839	0.749844732617098
100000706	0.65458349779028	0.576283926989789	0.295573823771851	0.649749048833915
100001055	0.704476484252235	0.443971181780725	0.304215015454362	0.599388953070676
1235	0.39986723921846	0.671467990967648	0.32313790964502	0.684100760505132
100020204	0.0959618608976387	0.518699883904821	0.365290981764825	0.693512363699836
100015643	0.0348397507154531	0.293200026844891	0.368251963027281	0.604306334429565
313	0.0211731320896338	0.258450536198612	0.358145811558054	0.587380553785376
100001413	0.922524263232551	0.866673011713145	0.332774512939114	0.638315170226734
100020423	0.0246513563426343	0.0174113037599019	0.346935878074127	0.345864505708128
892	0.430246792884107	0.140009313749316	0.375419635508697	0.67681756117025
212	0.0758936822885208	0.1356041240201	0.428976198416641	0.631929328382015
100006105	0.172565597274299	0.172116509345557	0.392231099743206	0.65998019882082
437	0.788177590154256	0.582022499014633	0.314633587518801	0.666744918950058
100019892	0.44450907413808	0.792894474353906	0.335994199471936	0.67222067636139
100005716	0.0647869789866838	0.100736917391196	0.372783100709612	0.731149502226218
537	0.251454020283716	0.130070631223462	0.34031880280258	0.679449407264997
100001990	0.281998281735736	0.571217546568618	0.390143259696434	0.595736999765224
100003397	0.0357139142627807	0.00412789076393438	0.264370734161697	0.413288502054147
100001320	0.152218672397032	0.239709211952199	0.406273349714123	0.430723093919372
100005717	0.129991237023723	0.0889548989498418	0.395425907244738	0.682063620799259
100001207	0.0268188945006026	0.171009706905436	0.394125135875331	0.654593523738813
100001999	0.535922278940696	0.844709185307591	0.329809705450326	0.735828164177424
100002488	0.239062868392029	0.0199026780507403	0.390357923336034	0.597346973284917
62	0.163375443313567	0.648727992420452	0.331198946550448	0.655535529059458
100000467	0.544001691782657	0.422106634523035	0.328789084599195	0.620308532611298
297	0.0057037839786198	0.137499769105852	0.345267917841529	0.618745853003468
100000285	0.0305202574387788	0.397121298861688	0.340776765898507	0.745405067392185
100006056	0.0463420056891105	0.342217343588934	0.368032968179415	0.69144300719068
100002126	0.139942661494476	0.274937741415791	0.263672943590803	0.96663946350875
100002129	0.785596397438346	0.829783853137508	0.32781907954471	0.738667914257239
100020478	0.0385506898994296	0.225756555335704	0.304579992698588	0.680544892476478
100004089	0.0581619678428365	0.528465583493917	0.36465752838172	0.603773999027795
100001755	0.489626855964088	0.587288327717968	0.337869306446081	0.608776839036087
100000551	0.0435508248979805	0.964097197922555	0.340225567964544	0.654626040231482
100003260	0.519417288187308	0.331430813734723	0.373913381492094	0.724748521216578
100010955	0.922833262066812	0.44416157392736	0.273393934810413	0.560366468653675
100020851	0.179343201857682	0.4234227953496	0.373345307704629	0.670825639638331
100016069	0.586955923446125	0.760239228902511	0.345786444486775	0.635420205362632
100002027	0.586945543971524	0.536072144897477	0.258553340143777	0.763386644597015
1123	0.429163414666887	0.207776345877966	0.31728700016131	0.776943385038716
100001150	0.695790047744981	0.959162848386449	0.339361824603734	0.652513530194544
100001657	0.329272126939789	0.66221573516646	0.342386694906306	0.631363397752934
310	0.239174286013767	0.344624512278268	0.302122341482493	0.752050216731267
100001314	0.326998711927008	0.12677493822941	0.325258275298374	0.530828241241428
452	0.671239853271067	0.601435194350911	0.384581084571679	0.618645515032
144	0.105446533073706	0.0623217382019338	0.401447056126191	0.52238478634973
100001182	0.199708953962264	0.148733211701384	0.417915786878689	0.631173040366793
100015965	0.717777810964742	0.469247883186536	0.325066366299304	0.719541652970369
100006108	0.927306084308084	0.478934990594814	0.350347726492969	0.68574824333016
100001400	0.728865757557556	0.634643233613512	0.320297827912999	0.640849994022043
100004541	0.275663920609381	0.202668656393937	0.335618332435652	0.406737656268804
932	0.796983106221805	0.352813694642863	0.340763768441015	0.683956937089752
100001992	0.521002328512509	0.584133585353925	0.446919811353899	0.56241213616068
100009252	0.140427898716668	0.188568191797755	0.400566848838886	0.633075605552667
100021104	0.618321468136962	0.579594979640709	0.282827396831613	0.779103785047891
100015838	0.0161719112851914	0.0442660886439262	0.418851560226332	0.923529939103437
250	0.00133005316602702	0.023684672109144	0.569069628919359	0.75391887579305
100002537	0.970188949897805	0.48753068330168	0.31583769751565	0.760311453305434
100001658	0.747587452884615	0.639063852109578	0.373914500095592	0.63371051228773
100020416	0.217982007128744	0.337514128648575	0.310318818001475	0.620172355625736
100006642	0.263527168879594	0.786780048926578	0.326614962803575	0.671802500833367
100001391	0.163353297302851	0.385663434718467	0.385854025468009	0.77131533602134
825	0.679834608185287	0.616920237492854	0.300768742537977	0.660857264147389
215	0.0211676321909579	0.105006327346504	0.393492523610574	0.635276280235238
100001026	0.962362935183743	0.869253002113547	0.335112767827052	0.688459311483403
100020541	0.492330241802905	0.493305880558886	0.294416970365822	0.691435750118181
100001526	0.252379193466832	0.291194411087984	0.484347473113024	0.761625493189545
100005384	0.515795560075209	0.419759100819323	0.318017621568139	0.574962998840452
100020378	0.229509254530164	0.721221398985658	0.324644040827495	0.657301713554807
100006115	0.976073750928972	0.392503392695546	0.426645308578	0.547130969016309
1442	0.201861776940526	0.0478424493615567	0.152282716340173	0.541771796807096
100001843	0.126877975092627	0.199632502361721	0.375197376979597	0.735874343115987
100015837	0.224472831389741	0.297608712959623	0.518527458313293	0.611910226032692
100010834	0.755972880596799	0.986895264780249	0.338105119951232	0.650139620581625
100001393	0.528325615687463	0.474277013138487	0.274899679697238	0.691577457868999
100000015	0.25791004914839	0.620456527097877	0.315841360331685	0.670824486000923
100003892	0.0401287929685517	0.0465647317287889	0.305645283771853	0.906263705987107
100000042	0.163976027157169	0.0243783404755536	0.370219206209342	0.557029362616881
100020550	0.625370156701626	0.228368552300647	0.359330356722895	0.552862694546932
182	0.455852320980116	0.34328961606301	0.324108914095249	0.672124266919331
100015723	0.12971251206272	0.425016297054375	0.345674810537026	0.632297689170268
100020343	0.400583745892846	0.486453171883398	0.307305766208573	0.653317508470717
512	0.40961446258419	0.665109781773352	0.362122649220504	0.627414271182926
100021100	0.747673243744198	0.711543233942166	0.326430932802395	0.653565060586817
100002528	0.323644673043591	0.0690580357160514	0.402971292464732	0.434899946393727
100001287	0.47535562101776	0.733682522833347	0.448381251775194	0.594299829574445
100001229	0.703470683852595	0.870794985298336	0.349415910718519	0.638427568084325
181	0.350711872402206	0.842797047230357	0.333860904724742	0.672676565521043
100015831	0.00165653236296279	0.0186253241791803	0.449557633072602	0.43778143967026
100020515	0.375378742261255	0.516316026508998	0.284766795053817	0.786835139236108
327	0.263509159912521	0.281987944634697	0.395842014551587	0.610208598726193
100009394	0.61726053962881	0.753562388663529	0.321774734500497	0.677602897277733
100001596	0.879570752323461	0.234187959409254	0.30975373463452	0.486026835573495
207	0.90821125155379	0.505551180076125	0.35064127864166	0.614100041457414
2054	0.471623449178928	0.768709440389065	0.327246642320869	0.665764785399229
100020259	0.680180967246779	0.572312788909841	0.366809006479363	0.635318459550999
100020414	0.00269178683989415	0.0373382064630594	0.25399682570815	0.621921391248459
100021131	0.833411105773748	0.282037540008165	0.324151207647226	0.610600394573651
100004499	0.822846131674337	0.748250731373028	0.329885011576906	0.625348985926762
880	0.213074975940805	0.816135066382109	0.357562876670627	0.647630128596548
100002049	0.526165118755963	0.31285006116015	0.370913487420981	0.602098333131053
100001739	0.536584583971736	0.243427508809113	0.427041197365235	0.609231295783508
100001126	0.469556556175275	0.15407815748053	0.219523402953428	0.539218019729305
1113	0.676130578165175	0.814272213832877	0.35349645097663	0.6231328365311
1083	0.960498778746149	0.329054211887644	0.362505696249846	0.567316449286385
100001730	0.0897589833257332	0.196897860451137	0.385925559888787	0.532814125652565
100001412	0.563411490496856	0.972918531761009	0.338708192365221	0.655488902817014
100005996	0.689225875820022	0.605973078432396	0.325741549205579	0.624808960981939
100015962	0.00720436941338272	0.0904250037177544	0.259489678134442	0.952195531897491
100020214	0.640835945208226	0.402861887302674	0.364961931283588	0.56793277931695
100002514	0.126342201271618	0.335580940946054	0.351480024726936	0.589378468702782
564	0.18991746152577	0.0553254797304944	0.30188372067292	0.531931724697287
572	0.0294996510937046	0.0215584786500574	0.466110496752134	0.524473649036909
231	0.915485637974842	0.636197813884956	0.313102780572273	0.664323490115264
100000453	0.93421418263935	0.771013940154564	0.326670151196204	0.680332656841124
100001007	0.127718000805629	0.252636042822101	0.395346947747104	0.535342188458629
923	0.583919302565846	0.318166720531483	0.324762957469966	0.702763033995145
100001247	0.581323196518006	0.609456048912187	0.315618422034373	0.640915876103811
100000774	0.504943028317661	0.822777215747714	0.361098361774892	0.670787864726011
800	0.37641981141902	0.362568941078783	0.355027226141689	0.706777098366788
100021678	0.213243500013504	0.354656261917509	0.287358232179064	0.645501823061114
100021711	0.473638011656213	0.865550082138433	0.351541915578473	0.657516467477219
100001274	0.850096326116822	0.423114403116705	0.321501647177722	0.51201347280494
100021220	0.139687045822744	0.162053194773507	0.411956271508664	0.968650077186348
100020253	0.31807699153876	0.916694447198546	0.337744997424154	0.655522480168051
100001170	0.783113636300199	0.187221355502776	0.312410177872281	0.557739795005053
100001466	0.309831171447248	0.882707685517161	0.344028338734141	0.645991046020284
100009406	0.84174458289697	0.708097107286707	0.323189470412523	0.667310442335946
1026	0.223118163825708	0.47348064902003	0.354669306609336	0.620698575869528
100020837	0.664548329734976	0.418021960084412	0.373275627076593	0.564607469481471
100001006	0.0979409818155582	0.0921770315868139	0.304323615448703	0.781981267860452
100003674	0.787794226543178	0.132867055658735	0.332799169057403	0.641186317400052
100004396	0.357085889215915	0.433329225077743	0.380246809777885	0.552677792982627
100015923	0.554942859592618	0.921078764142452	0.358420074566952	0.643809912173488
100000265	0.450199784147833	0.711642769614829	0.346460859268183	0.623133431397877
100001409	0.0947936945551122	0.123525129305496	0.328287452091159	0.498739605654719
100003434	0.451828263523452	0.496797896219747	0.348682911408232	0.571427324453617
100001334	0.658371745936561	0.0791729869603263	0.407520018533249	0.535466274463184
100001102	0.672150356255907	0.7692249458936	0.347443038000556	0.632101591268307
1268	0.619836336819139	0.0698038561619703	0.21268239562462	0.610254881840368
100001300	0.225518328685417	0.0895968837636989	0.303443420771962	0.654519871614614
100021324	0.296120105096371	0.754188234369743	0.411391260747587	0.642930463424776
100001617	0.102939112740284	0.100432498698016	0.333606994376369	0.689113330134238
1105	0.858631051628582	0.141707375495171	0.471865540445102	0.337628345221737
100021502	0.0678197467170647	0.272675768648145	0.325195660192056	0.679277375100756
2051	0.767412026210201	0.599742944706121	0.335309187517387	0.55960310432042
100001256	0.113431999504231	0.453316977729724	0.393470238227904	0.796454528775312
100005466	0.0806471053019956	0.0924926939058639	0.367382635604924	0.459884026732502
100002199	0.134100978282292	0.715681259503149	0.350027450313704	0.669629694089614
338	0.0209701932859345	0.0520650677477851	0.502348135875125	0.42991008847904
100004243	0.373293907909819	0.540607911010907	0.319651847978	0.660244556254821
799	0.500215064286714	0.949375722669235	0.346061156856952	0.648847149750805
100008928	0.537197563996463	0.100183821054084	0.346537392642561	0.638228707406102
815	0.0926932218744576	0.268726362573034	0.339744046300436	0.724502814786541
100001456	0.00599402819382576	0.0751532554623913	0.325575935606162	0.574639573714856
1242	0.0913589623219079	0.0912411429221743	0.396775261540185	0.465110393366927
100001416	0.303575918615997	0.115332333337619	0.234709647829371	0.412689005276607
100001462	0.300738474964026	0.300677822561326	0.416022253282425	0.603223134162437
1087	0.178397231242468	0.0402933132751322	0.359002087679095	0.612164361901124
100020421	0.0889249144457929	0.117769772619533	0.369672173642415	0.430297987383387
100000010	0.00545953216756776	0.0491435828329486	0.341038646116862	0.712035078627
821	0.578212629078851	0.400489017787141	0.367364216652365	0.515841149749287
100006627	0.280261319152879	0.145970044980443	0.458515523868179	0.552667577650277
100001277	0.338509915377602	0.15150943249949	0.401516331023232	0.605865609965127
100021141	0.0565047071456367	0.211890956304859	0.363387244878784	0.748636400626538
100021105	0.144364496719013	0.250300816818812	0.373846637710791	0.456794563767149
100001950	0.000523822120258558	0.00775085457324812	0.396007672734719	0.826676337043017
100020217	0.905966678879449	0.311968601751301	0.245548954443904	0.49534975116552
100006651	0.0197660307796105	0.144400041426766	0.403277078784845	0.405058098373498
881	0.968358261321541	0.449402574273291	0.316533229312833	0.664939753805797
100001509	0.710782681028262	0.15668971369154	0.296344923464211	0.576799755520044
100021709	0.652404359672459	0.874085631101684	0.332575989120799	0.654910043719324
100001635	0.298255342287107	0.0373452971745845	0.369383987516229	0.598282942898713
100002613	0.433532253210271	0.121280022063064	0.31851555995647	0.733982714734943
100009329	0.530280056623022	0.680030356868493	0.304570316616528	0.784898100844391
100021123	0.957080491595347	0.650341167061459	0.344551445732383	0.580566874060644
100015760	0.32444040722438	0.18277387674584	0.269606098291572	0.69195649674497
100020205	0.44321635497297	0.458711359278454	0.381522284275681	0.499586104341004
100000765	0.509007494954407	0.671096316321253	0.330996102047411	0.623909277101754
100004111	0.296944397807864	0.156174898723938	0.381453728679489	0.617646786027016
100001615	0.194272659056214	0.81182985012139	0.337417283355878	0.64863105651886
100009227	0.231301665367952	0.121830622725254	0.454235759676574	0.789939653728608
100006191	0.42237445453629	0.590390149078543	0.364753438586744	0.603170291141288
100004542	0.542336182140188	0.409162621546007	0.346559604443619	0.695434093556196
100003686	0.312161760109248	0.126973276985681	0.466743450686795	0.587061949068825
100009232	0.028759263794559	0.225862615187406	0.339073075921581	0.56005109718267
100001501	0.0765107732018048	0.11111932643133	0.383774998489902	0.706061731127641
100002367	0.478333903968204	0.241257143395547	0.323367046763576	0.501387237805382
100001108	0.230541728778402	0.773537805618925	0.331927259848303	0.644221853158029
100004227	0.69577815392432	0.967795520941143	0.338500674135856	0.648434365459322
100001310	0.199003331903232	0.301438599786972	0.317825606905856	0.761530006824281
100001994	0.781092423561669	0.914730085186967	0.351681321195138	0.711693610316579
100015839	0.0175396825503463	0.0132639566790721	0.405243826483104	0.750330851563845
100003271	0.00720791287911424	0.0871723016347371	0.421726029630099	0.467725390304501
100020496	0.782453448860232	0.994940783783679	0.34529880851344	0.651004642582712
302	0.636728152432371	0.425611818038125	0.303979537959084	0.616843935541574
811	0.700795283810147	0.710193324014248	0.33157179969696	0.688850454251455
100001267	0.96597616864487	0.797623575733237	0.322230862666877	0.647444152248304
100001197	0.0318222906455778	0.360260871379479	0.37407450807176	0.661924111481557
432	0.199549205065089	0.454460018060707	0.364559761980239	0.629009650479098
444	0.0107132677600157	0.055639092268424	0.382899298327208	0.778754300041859
100015968	0.355892459436229	0.380737601951099	0.332014488621164	0.580057795157407
828	0.941991872683037	0.863636563888384	0.331808456639425	0.65593928755629
100004054	0.369640123536401	0.923259137829703	0.336664476656045	0.653867892583336
100004635	0.118749221729567	0.156537115917318	0.692979755398487	0.405613419515207
100000491	0.535517939570682	0.620472060758412	0.326298946393294	0.572474862613037
100000939	0.0519472848802895	0.0349738105557062	0.349485427004986	0.550230644444952
241	0.161182883543124	0.563821585573006	0.37078042578214	0.66924241432223
136	0.393873759834425	0.0750516001759767	0.290903362758193	0.833552296656221
100000792	0.55356932248598	0.960728822756542	0.341707050138621	0.704846173422864
100020973	0.507707289297513	0.60330994946711	0.364408256673605	0.622122512875146
100000936	0.785226232837506	0.854711015864654	0.337422561414603	0.652638014870958
100001313	0.00722669358403937	0.143928357542659	0.360131266145364	0.701276980770685
100001951	0.0516371358916896	0.0907819405945588	0.375415173290054	0.641538208537147
100006098	0.0122480028686198	0.0751789668819208	0.399637339485553	0.761603276333417
100000007	0.257873679042994	0.553626449767838	0.344483632309361	0.656754100184089
100006641	0.849322792622476	0.812646393148322	0.371350712149838	0.650590410388782
913	0.0126648290953714	0.0631366452758806	0.410634048462646	0.520265113754008
100001579	0.802573484489007	0.424088978664396	0.371955524059082	0.650377610511376
100002911	0.163551391418448	0.0132925913755933	0.422899343152078	0.612747180675801
100001293	0.240234471930253	0.373340776231714	0.302291623818923	0.786342831582709
100002241	0.163506120435801	0.486344818936692	0.365103724632155	0.614413942675786
100003179	0.450917241356719	0.0886024944672788	0.31403139536111	0.514426274379834
100021372	0.407148677677716	0.267544135995043	0.250501297664678	0.663441602922555
100001956	0.357205777599381	0.548658776803743	0.339602545426238	0.573755262148259
100021162	0.228980329230493	0.169105923058435	0.315715861136959	0.484764772127283
100002259	0.352772796132665	0.626058995738331	0.31465904065869	0.643365200948856
252	0.455211206539997	0.618295626022901	0.382228298867553	0.600048125260771
100000707	0.49724555136175	0.354791943081782	0.329876611606632	0.659383159746676
1489	0.591090435658673	0.0142585810666605	0.259329019352507	0.615820381663444
100020361	0.0260162526518142	0.0825312582972436	0.382781684685919	0.93596486717585
55	0.785551639546384	0.967354228934475	0.342866416887914	0.654387186294899
100000863	0.239495725015281	0.253094650014475	0.298658982472407	0.686296395275349
100015840	0.232164480241398	0.110241165176601	0.41159935471312	0.620276396249886
100001541	0.154142564189766	0.0860345070922486	0.237373317363531	0.6430899624631
100006082	0.189236000327419	0.0617853688632546	0.410401022756448	0.653120822840317
1254	0.730277492614636	0.920643083023208	0.342608611306397	0.667162842145959
100001624	0.475446529883467	0.354629973859773	0.321879368347991	0.62610522769052
100015850	0.679667400938737	0.654116507177522	0.385505522666265	0.62412549215241
100001104	0.00283923707311669	0.0132817605403207	0.389501316749641	0.927399926993133
100000900	0.123633160368428	0.415001901438076	0.351051188386993	0.654098955865031
100000269	0.248378146985399	0.0927776497659239	0.210588898857404	0.610357434544408
1022	0.220180782479388	0.967296975780971	0.338768657410848	0.648513987582286
100005373	0.260678336168838	0.0879414983729195	0.288607472858374	0.689869286719507
100001129	0.121925111377387	0.702651725372598	0.32840316631445	0.680101263204683
935	0.0145042184268665	0.131766787739895	0.426267077322782	0.520329526611553
100001262	0.162396173180251	0.207324836542061	0.352358814561003	0.675150059707062
100019978	0.274358855969235	0.651022616163123	0.329204572357855	0.639062061327791
100002293	0.783009978598907	0.813028701685801	0.34037682283499	0.651993425400745
100001426	0.237870614454406	0.297485314618764	0.332871980403531	0.505972196078624
234	0.0460611765986414	0.172043097124846	0.32382481146864	0.633392740654646
100005403	0.244252677570975	0.94539965407499	0.352622486262655	0.646063981735548
100001083	0.0332123381884937	0.301411735035566	0.379041099105697	0.669226163318771
439	0.674125740734614	0.314254984599703	0.366070792196816	0.643709305344695
100001086	0.299852926745404	0.391138569340361	0.361115479056644	0.730846300416705
100005864	0.729411899667377	0.462632361724556	0.312325983445858	0.715671371972456
491	0.50191312832487	0.903091681387754	0.337115499683582	0.651659525391539
100002029	0.468703253440474	0.423523336161372	0.325169121933347	0.520069644603249
100002154	0.796093663196032	0.472733162366038	0.30123571856419	0.629069893726862
891	0.473298074169774	0.196496758125231	0.381429113507791	0.616831473005591
100020261	0.410151248563216	0.453404622481625	0.396738817198679	0.625526642067657
100001296	0.550149980329796	0.501891651072948	0.338618944474554	0.553133628068279
2050	0.452143633237631	0.540368921851122	0.359477971119375	0.598582746273426
100002761	0.362168336750357	0.740617088925058	0.309490489257862	0.763886557736806
100006614	0.926745580986592	0.62758187932365	0.311689530141727	0.71979840047003
100001597	0.970541146482826	0.143972269063767	0.231667132917041	0.463230893171973
100020853	0.740846139857769	0.851057373816882	0.343772876015811	0.660285937699437
100001446	0.242845458513598	0.395089586700498	0.307372997191504	0.64109670219782
100003240	0.252015566950592	0.115791439637972	0.401859257359432	0.56364511689555
100001502	0.0429343295500715	0.251124175548135	0.375748830955943	0.743793894636448
100020866	0.120039888087361	0.0127170773118029	0.198241572806108	0.476628707096272
100020419	0.0417167144892778	0.103584288848514	0.350332997784315	0.415113135973551
35	0.514349218168725	0.312466437462193	0.311351302784666	0.600652534290717
100003696	0.0187802019678457	0.0597214161966007	0.460178595834916	0.596412450343123
100016038	0.88586871838516	0.899468760783636	0.335195178338033	0.6383836172791
100009333	0.281429181102474	0.199634231200734	0.317203267035479	0.685783805919973
100001611	0.222273980210397	0.373852052704767	0.40705585043905	0.635246785882525
100005383	0.575692444944313	0.269825160598732	0.358004762526035	0.690746408922888
100009239	0.351256923201815	0.138987164486507	0.407095963135449	0.481128002614281
100009332	0.530519967710735	0.281670786344229	0.305284588904198	0.629226584906585
100001731	0.168722682435066	0.657152213242167	0.345071316230528	0.627603241714592
100003415	0.412557128298663	0.486697709721388	0.323676157430211	0.668713175368157
100020578	0.13573591783717	0.19636891857955	0.320075818043538	0.547320383568663
893	0.901169026793102	0.506751150163531	0.337926035308485	0.661765714462981
100000963	0.354038193350005	0.216779588712345	0.42203684062345	0.464864683671228
273	0.156793972040799	0.313530139763068	0.387944677405693	0.646944250802855
197	0.528697945007825	0.452284739258239	0.324468342012521	0.544526769799731
100000808	0.295647399146818	0.228605826975415	0.319194141068307	0.806141889017466
100002284	0.784742969072108	0.390542297715871	0.230375306944306	0.596672760039816
888	0.994830801563256	0.10026872828487	0.35850649922961	0.636124954613782
100006435	0.537231762313535	0.356046099164725	0.266625962266207	0.939244934759043
100006374	0.174118754450523	0.515564887316048	0.352424066401338	0.637823899116373
100003169	0.557429406665819	0.969092477807242	0.336606987802956	0.648511650678997
1004	0.535029707388312	0.765922787995288	0.322203600695487	0.628867341287872
100005998	0.0830195452539981	0.850764842435139	0.363921998221647	0.659840216427582
100000773	0.671710683674599	0.54709112512567	0.343365151680474	0.634407134760358
100010850	0.0200173070805685	0.125741527617037	0.385491181420708	0.535700722494173
397	0.931780598025036	0.369965687715923	0.25885234328958	0.712177024133086
100000039	0.0573905999709611	0.210394956556436	0.284012592216346	0.703040256120425
100020833	0.638624253330233	0.822931179158917	0.342025363926694	0.683235341582242
1021	0.422609926120164	0.350261163825044	0.316534678293641	0.687275891823657
100020479	0.308735308598856	0.536124170418002	0.348888747845832	0.660120623149014
100001335	0.48640234928047	0.30162479486814	0.386577481841084	0.616873835980052
100000743	0.466734169728009	0.914555945453291	0.339190993804136	0.640857934349921
100009246	0.157469146383577	0.631115214984418	0.328307174645093	0.681522792898673
878	0.213013041667548	0.758118508689668	0.326394935210566	0.663092805539803
100021103	0.739266760733342	0.896226867302913	0.351728487715021	0.714891057386611
100021363	0.227127486263485	0.567407079421726	0.317275463944516	0.690568603347136
266	0.140040606538297	0.212213564845693	0.33827186641703	0.579059622394292
100001195	0.34648241686183	0.224497849037571	0.420455853051224	0.581201679302904
100019801	0.749914426424915	0.689132189022916	0.354323812855805	0.636264578428424
100002196	0.0313852363324122	0.249755903612674	0.363064934922014	0.656965394592865
100006370	0.249773506148962	0.957697549599495	0.336197325681884	0.652635775941729
100001510	0.0271571620733959	0.00369976602473461	0.292763623595733	0.746603472150358
100000437	0.549963794106205	0.451282956623368	0.321758004423343	0.719941033251632
100001767	0.169374636870445	0.0357882232723249	0.397252725253418	0.720519192264526
100001810	0.440656660957424	0.513621250482127	0.34853699385416	0.804456305105436
209	0.0393502264010215	0.359239444977359	0.380870111242839	0.637505493461148
100001485	0.26467034853239	0.0978242754203238	0.206753031050046	0.586731654112344
100002500	0.125598658875312	0.449705681309253	0.343385962335877	0.621901380990681
171	0.0373498623261648	0.026837447360699	0.243314884434376	0.66269370788718
100020487	0.993250828028209	0.81404436901922	0.364337249095705	0.612315832430762
1206	0.00739942098182628	0.118695095500771	0.34279614519892	0.701190962384481
344	0.0116416176235073	0.0264870223656119	0.674040401375456	0.741867744056929
100001405	0.429031973606446	0.856964245448502	0.348462400666466	0.636779935270217
1239	0.966994682903113	0.502107930726516	0.376789836546657	0.653147943049066
391	0.0689657658286348	0.194170696810547	0.314236974506803	0.856544297840802
100006430	0.568148795933211	0.213395897512554	0.387288550500771	0.417958164260983
100001417	0.88820292300288	0.487358017753332	0.329115747077844	0.76056234356147
100002951	0.0403526386853635	0.425565475509154	0.341845844264886	0.561169964190674
100000014	0.399506704688091	0.57043236654476	0.331898693258697	0.690492810709554
100003926	0.570201008207345	0.474898425791656	0.364839097774851	0.631889309873386
100021538	0.520798270241815	0.362322438228491	0.390683612836949	0.565774606950264
132	0.351755088772056	0.960407337632883	0.338533769754309	0.649781422318551
100001425	0.654620348803808	0.559974060453741	0.40220454107367	0.594934337512594
100020262	0.642383934172524	0.663917860993212	0.359695881595483	0.638371050307377
100002679	0.29552188085781	0.660578400700927	0.322223650679125	0.725669743431199
100001270	0.824776915103455	0.52876539494742	0.352743240149813	0.623900390711285
1102	0.783151120099202	0.987584843776668	0.337762471008244	0.654334535441482
331	0.277067108718351	0.211994720691679	0.280260068626414	0.549941296671137
100006361	0.474736573599059	0.607355193588366	0.314575135226892	0.723900537845594
180	0.793917776048571	0.901338107508996	0.350787477787488	0.647720687466881
1053	0.308761053154842	0.424091589311324	0.503985844857507	0.718330391053949
100001359	0.728359244578744	0.939435091724807	0.347415955938615	0.64587505928273
