chemID	simpleLRM_Fstatistics	multiLRM(chem_sig)	multiLRM(sex_sig)	multiLRM(age_sig)
100021136	0.0405809744149365	0.476024064198979	0.218724359328733	0.751514842059797
100000882	0.927252303619429	0.523908653256987	0.212421732287034	0.656178241489531
409	0.0683304140321429	0.195149223538425	0.221193026065083	0.464699174209954
100002254	0.799227765624093	0.0539205052558852	0.138984761314668	0.675722445047528
361	0.00611288871008151	0.0877975268669192	0.132503837784063	0.671055998687178
100019975	0.607984347885159	0.657955667826441	0.200063545155757	0.715151369353638
100000257	0.000823461187682322	0.0200162986833895	0.252032042975541	0.602151736567665
100001232	0.930528244785691	0.855164885788161	0.212894178623971	0.683809310916069
100001948	0.283406221367866	0.288668478792078	0.212188389634452	0.531701001321449
100001073	0.615331765467983	0.718169385662428	0.255613412382584	0.63116275720346
100015637	0.991722377808411	0.406757409244933	0.214016419686397	0.689226898262073
100006360	0.66670293235822	0.719371048557951	0.191912429915092	0.752588710886183
1488	0.489705320029946	0.472443705427746	0.204649052285989	0.660028218395903
100002253	0.89259643208642	0.977261412181853	0.203295383310941	0.693556041494696
1023	0.916658147774948	0.534709341030891	0.199847338255612	0.665922135459173
100004284	0.658615828199098	0.80038401089208	0.19741875405397	0.701963557605394
100001251	0.758238129695424	0.828355161076462	0.20612648297333	0.699628482375799
362	0.614059820857139	0.572516365858036	0.186827371463413	0.688851635009612
100006620	0.863428500023007	0.699416614256229	0.201523585964645	0.704546356395003
111	0.292163028383034	0.105087460290704	0.156642810957985	0.66453560539066
100009045	0.733557226248676	0.287372785567685	0.170371603076446	0.84084864597041
100002927	0.801544972919238	0.928667580807533	0.199645757085082	0.70482430157358
100015641	0.786589940220663	0.835329567634645	0.194548167986423	0.707756603839023
1114	0.132495987018562	0.896888320483628	0.203789567695909	0.689119997606842
100020409	0.357219892879595	0.350111880346629	0.203421988938087	0.559616113684877
158	0.140077569189733	0.334777898549002	0.250693872302566	0.719697405635778
1224	0.0852235228593326	0.407075257914546	0.170531016147248	0.720954163771975
100001620	0.477578002728587	0.309106758882064	0.17129073835813	0.695301893933484
100020893	0.239530711916595	0.0397061397917651	0.174665962418457	0.394780132741592
100002458	0.814568656686073	0.45037804416139	0.241700187847886	0.620957555353912
100001112	0.921415890558067	0.85938858847838	0.198539720633784	0.681640225243843
100002953	0.461935522524117	0.896665931073722	0.199982999179595	0.70043143675159
1141	0.298874060685767	0.0216178019754307	0.269451160043714	0.485321286917753
100015834	0.428632328889033	0.995589987781821	0.202112139238993	0.695307788630096
100004561	0.654145753975943	0.9158157545969	0.203998670455435	0.69131372895597
100020497	0.88552255788755	0.639316821137295	0.183283666790504	0.731750549708281
498	0.0452875955213133	0.351876544031575	0.195099357842199	0.768651505151621
100006051	0.78097892255681	0.701213383507768	0.205951478337968	0.686986584325179
1668	0.693407563453164	0.39926515210928	0.197075752017132	0.612785485429109
100004523	0.311558497818668	0.768637037685454	0.20760246664855	0.665892815322986
100001604	0.206686587445464	0.425756528578929	0.196547981424555	0.750318172578699
100001002	0.159642430989852	0.47026654220209	0.213747683851705	0.678727811186775
100001987	0.0648940411580063	0.361714286380741	0.631982283890957	0.57037143924498
100002462	0.511663049854736	0.21714389866167	0.256586067974376	0.539491705901114
466	0.595558713475919	0.0600185237435589	0.226017509999452	0.66607112251465
100000665	0.991053160631407	0.356999342175367	0.22971860210211	0.629632993930615
445	0.974781574744892	0.417843082662109	0.227756233620209	0.743671337272202
2029	0.166860036957927	0.544627192281088	0.215124762954411	0.695673922515029
100006438	0.126749875608494	0.243071669786079	0.241697123510302	0.705069619269147
100001398	0.279593886509761	0.972323785337072	0.20040389453929	0.695643719095278
235	0.422908460945117	0.440342920468666	0.175175629093049	0.73090093657343
100000997	0.572592165224882	0.563299879138147	0.199512171814175	0.663175969950182
100002094	0.243445463149119	0.256496826159069	0.162482970467728	0.574105708088648
1052	0.662301163982848	0.988102261839983	0.208132213695875	0.702311232809026
100020823	0.303052686910647	0.561327114234273	0.185266094432431	0.684162768295085
100001806	0.297316497052243	0.689826531831677	0.236709251141861	0.701070241230876
100006092	0.85267108085131	0.971189184199476	0.202136153353831	0.692907792868193
100001415	0.0906146840467584	0.0501817549526602	0.201159068054211	0.386837837104214
100000008	0.0414184032285464	0.0933661047918634	0.217954149289908	0.543862997151754
565	0.0120541941661198	0.0672323204201546	0.232976723034389	0.751302142443406
100015851	0.12908947858197	0.130886792722457	0.28066370374523	0.848267831369932
100001866	0.445666767232177	0.739564273597127	0.22248845976437	0.653920278420201
100020546	0.00308273621595377	0.0379066847306952	0.406114576062125	0.870187648248209
100016110	0.658504462608316	0.483329847616344	0.17022123910642	0.777321934202338
100001254	0.0045384545765071	0.0167508922129823	0.298646288610969	0.885360229245789
100006260	0.343686030739006	0.848928994041918	0.202387071673529	0.692637378983449
826	0.629943755132269	0.829859767189492	0.201213233911076	0.689256095024663
100001872	0.408608657974518	0.759554875376788	0.20141607666313	0.694768125609225
100000263	0.377933902300434	0.449789196456	0.253155354735818	0.68547458582825
100021198	0.836484878006212	0.04978497504368	0.131077130738615	0.394464856810129
100015967	0.0326394748363453	0.0916182277703685	0.253016969585182	0.515920434036532
278	0.138258444293541	0.285417360965542	0.185014875522116	0.964553236217368
519	0.664757294713394	0.272568525335903	0.247998316084211	0.623028556407472
100009337	0.0762043916850642	0.219571644285734	0.299705360764872	0.675076868519898
100002185	0.379948508241239	0.827517351281633	0.195147383232318	0.676648087685616
100001278	0.320199719661402	0.20559804008842	0.256854122043556	0.640695138204885
100002103	0.892705029615788	0.435534075372865	0.203573489090183	0.614883611407092
980	0.694062794956592	0.337987830184099	0.230010901729233	0.669853312378122
100000016	0.849001960678767	0.453956045022111	0.196507048478121	0.670784055758985
100020372	0.208252538112986	0.55694252389541	0.201564226767535	0.641335148941503
100001662	0.660690896624949	0.0816179217424773	0.0571197058334313	0.71798292297759
100019972	0.991079031471603	0.611683986397951	0.207664731244023	0.678543319314832
254	0.818189809316876	0.76735732483687	0.20041689982046	0.696921626097316
100002009	0.677419353701582	0.712253716711342	0.19941778857933	0.625409286590803
100010895	0.552973616284226	0.828449477910049	0.219604993652648	0.68636207792302
1140	0.888418065567753	0.959312969282924	0.200545610906964	0.701464011046523
100008951	0.686171002568155	0.616277267211013	0.214640694531725	0.663429250533512
1084	0.363240429319577	0.880694833732668	0.200842042018476	0.722505367333566
100002796	0.16510411247107	0.56321506583151	0.188280945260688	0.655957213642233
358	0.974959597346451	0.84894717558531	0.196952053421912	0.671919722350044
100002070	0.815120666379583	0.745405963229909	0.19521933613941	0.722167014010989
1628	0.384180304992384	0.165614901929713	0.243219827204676	0.681915949896141
823	0.690629802477221	0.399036177894477	0.167681531182671	0.77083753917326
100004414	0.491411822839343	0.107189604690083	0.266903236019015	0.818479968321952
100006129	0.695366636766529	0.665032737509907	0.188131025881217	0.710218278189649
100002028	0.700741522560621	0.491997533327264	0.286785280595775	0.516186286881584
100021707	0.596345343618542	0.723320630108813	0.188300038847833	0.732350600652507
100000054	0.503466821072908	0.39253162585239	0.195614490936086	0.72163125526167
100010869	0.42215753586046	0.202607092490157	0.201785580093308	0.558930823241145
100004575	0.0321338797935555	0.145106188427022	0.25693999268387	0.987897806099869
100001212	0.983238612916728	0.621304574712248	0.203772416800602	0.623692364791593
818	0.228786577716236	0.584832219684321	0.235851571171612	0.648735786230513
100001092	0.00150285928700664	0.0179190214124097	0.205731367387043	0.674132710739624
100020371	0.880920497092243	0.979104968242613	0.202097699862894	0.693847868672163
100004112	0.161645605041187	0.414549163545777	0.21848158254615	0.702269415092946
1125	0.587920797855821	0.507845485279937	0.22215619373068	0.718172605228687
100020491	0.874028051663162	0.479719327882859	0.164334555657116	0.714372611295983
100003151	0.00322190419412989	0.0345356553447618	0.322708678210566	0.579733238118752
100000011	0.370993158280744	0.147108033449474	0.150837862700395	0.798311348409975
100003594	0.441111254117921	0.977426877661105	0.206067421360742	0.696334061853137
806	0.65157403334639	0.0890100032594154	0.190054592241078	0.463258376695136
100001211	0.905359422800597	0.521780016202905	0.208585222650794	0.673072703354824
100002417	0.628807572732278	0.558814166767844	0.19143006544167	0.657979714612461
100009335	0.576584004509588	0.192665100018511	0.163332846053586	0.715694816290309
100000781	0.808941252199584	0.84110949922387	0.203495560717521	0.698926223694118
803	0.0289794882856488	0.0148184455681544	0.216695952467748	0.53408863977717
50	0.585736125544967	0.862335160288711	0.204029653742408	0.687091835576139
796	0.33494213418674	0.0270229103053221	0.215690244656865	0.681670225907987
100005834	0.916855579893136	0.601022985020371	0.242121542689383	0.688657947809805
100001580	0.859027321467274	0.401901527105792	0.223252310461841	0.695231333296072
480	0.831799989347135	0.522499274010127	0.170675102794017	0.705324587267625
100001540	0.251480206836368	0.820289410756911	0.256653369947098	0.747695254256342
339	0.554409360676412	0.107942535072259	0.17848163603558	0.602001199059835
1110	0.991263980977344	0.969311098833325	0.201654219485321	0.713802002265668
100015836	0.171015332801749	0.198040887752566	0.307065854095497	0.856087041017901
100009271	0.481792133762438	0.468589026103313	0.22880522951023	0.67250894822811
100015638	0.870538552724812	0.337783453411219	0.209311261785286	0.672693252847286
100021667	0.811893880097547	0.418958281340122	0.230628777684981	0.674117397370587
100001279	0.567494325748059	0.34950267379441	0.218066970339202	0.822849406578552
100004208	0.0190619782792942	0.125630017520265	0.323209386427563	0.807709726462617
100003695	0.251756629528623	0.169829198524771	0.225582713865908	0.488128929739423
100000802	0.889475313656723	0.79715772262555	0.202207865567204	0.687904011023978
100002769	0.809009172497813	0.0690286679824188	0.13247465088969	0.822655865514477
100015835	0.0732506967079037	0.249056646532039	0.312735711480927	0.914057477270971
229	0.777418851863949	0.272932927545469	0.235796047913695	0.684906570265112
100001266	0.00638960111033338	0.029336363184924	0.259740885210095	0.985209630200211
1342	0.303188324592972	0.346836487345749	0.170427688662444	0.71273744398438
100002102	0.696008580675535	0.437711229016461	0.231079097972804	0.825842648604067
100020254	0.231766569043507	0.899833655559527	0.200025894000456	0.701105038607201
1231	0.393142433065671	0.1726250165855	0.247021277909136	0.640024581406281
100020492	0.933031863979735	0.794334500889382	0.193866196308787	0.693173246645888
100001402	0.393323284248409	0.610332713612302	0.224539966870291	0.697563783122395
415	0.00613790922798137	0.102774395549843	0.239382481650215	0.750236607130686
100003109	0.962413992973235	0.918413846833553	0.203119951298593	0.684976896767475
275	0.618653132760569	0.678009956497634	0.180535734507572	0.668147313397312
1143	0.154670226727922	0.0676190516385869	0.177727753054142	0.798434423368566
279	0.288946694516335	0.191559687501603	0.195034415955169	0.512484230969842
100001198	0.854855437844804	0.911009832455182	0.210706487827117	0.687560101823553
1648	0.403638206500077	0.920277167921406	0.20205073798282	0.692086591500976
100001590	0.269225914408913	0.164450101378555	0.189690274972052	0.588829614593973
100001733	0.44803001602402	0.985206397140116	0.201395943950796	0.694017109062044
100008933	0.0184640376138511	0.0028728303740307	0.287905550417476	0.64632157020314
100001550	0.415306021946464	0.359678371019153	0.181798647315088	0.626012696396871
1215	0.0364809539010135	0.0971176497518884	0.146515681321755	0.636427595969184
100002356	0.240600851605705	0.0848477562444463	0.248280026761364	0.701290183165425
100002749	0.740734096921702	0.787456582041215	0.204189541305134	0.700711897133764
100006379	0.132625420742297	0.125229593268284	0.23551712138293	0.420024741733965
100015966	0.0757043719112502	0.153657126343913	0.219895773152821	0.517835478312651
100001392	0.754753647388632	0.736699446641798	0.205722424664026	0.688729111462961
100020425	0.0966865806456705	0.0346302809632985	0.150478556556192	0.442029832310175
100004299	0.326555766705993	0.921677284578088	0.209343728533122	0.716934406240047
100001734	0.493949809770182	0.461189234995005	0.209527039771112	0.625170813709909
1002	0.885213080887295	0.69390837917295	0.203474626902327	0.692105521829838
100001337	0.38717564809179	0.966193947247318	0.20155539493496	0.694455686701935
100001452	0.849995149749937	0.482864629848863	0.203433966783322	0.621048602879654
314	0.467749151665854	0.333655722258346	0.207317173193438	0.716024424432283
100009264	0.956542869134415	0.455065022275379	0.145882142042287	0.84890338984436
100004634	0.460532950474086	0.508362615513301	0.180188462789009	0.710613147559406
100000711	0.636261733485032	0.523642833240566	0.23980009450291	0.731523325680238
100020536	0.0203211270521006	0.102495767683971	0.250438183921896	0.796627306072067
100004318	0.321056767387634	0.507771676174866	0.212316223417956	0.685928610291581
100005850	0.818061370588225	0.436493366508117	0.263276194883908	0.635551532685568
100006619	0.297159186420666	0.143625701463284	0.225849480388895	0.682942109820317
356	0.460375113538896	0.6868054360894	0.192277519496037	0.710942500421101
1221	0.479970916287268	0.518900138689719	0.271632625889404	0.73987035321539
100001397	0.775196544150169	0.847743182880814	0.200296564822234	0.68959647758445
100019981	0.722660256176317	0.883369074264844	0.199276680126117	0.681741117884499
100001208	0.495460923235199	0.266288038552844	0.181515149018833	0.962836094875226
503	0.0146278044003404	0.0161922221852869	0.122659066356123	0.544477437208827
100006375	0.140926453666517	0.611390036193775	0.222469300188655	0.672331630807035
100001295	0.753518909321452	0.693993538936504	0.196203791636365	0.766267949466985
100020427	0.0443041666183782	0.0248010019356576	0.180810109531642	0.393876304091021
100002784	0.438678418352019	0.305411928540485	0.160613359223838	0.775232655137943
917	0.050274159839689	0.231296820135203	0.21481149008155	0.650795376165362
1869	0.368256660671013	0.208591477130077	0.215954864628917	0.577660346067924
240	0.185002316882461	0.0590300905481097	0.103101291050592	0.471507887296169
798	0.00405310399432703	0.125666477729773	0.284730671897396	0.639023751237229
100002952	0.305331261553724	0.38832633716816	0.197719033446369	0.794302472337325
98	0.538288026587311	0.829502791690436	0.197196615320419	0.685353580971026
100008998	0.27883616034752	0.246617732486562	0.147681498369079	0.774166753487512
477	0.844016009905543	0.308361011584075	0.206023295291904	0.689184643288616
100020545	0.108302449541791	0.186005463337357	0.245051185243926	0.837414589741232
100021666	0.954939462208122	0.201557684807348	0.229935297342367	0.687038900951299
1256	0.670002922044466	0.955839322416889	0.216391056074299	0.700372796470948
533	0.285892270160077	0.0384892457321358	0.129609267048955	0.407669234204189
100001757	0.488464516416156	0.899391123558226	0.199959379960191	0.699914289844972
1024	0.27451688719691	0.0832207518665453	0.120692181702044	0.824114112812939
267	0.522915026038529	0.906403039612512	0.204085489467978	0.690013858356458
100002113	0.107736605944729	0.11899404391725	0.188550070215259	0.723473399546533
100001756	0.874429329579531	0.712173068980656	0.212254003774726	0.71414029829023
100001193	0.409792370146842	0.168303314174473	0.25359736702669	0.639645265436489
100001668	0.707354361431473	0.98547413995475	0.202521089703557	0.693719759968744
1124	0.370752044647064	0.386783153941067	0.179922344374742	0.774578146645837
100021331	0.155228119938062	0.308243319146386	0.183191158198879	0.739262129192077
1090	0.0564751572134711	0.0324413431312161	0.189169882131523	0.84407102736731
566	0.944838370073043	0.193152989523405	0.128393071961116	0.702578148049883
100003119	0.422405004322471	0.23669883647487	0.227875412144007	0.625025838411708
100006367	0.674518235784668	0.475199467307837	0.208439098497555	0.670190274805173
100004322	0.225301625550904	0.221604097739329	0.211948791405033	0.779124146601736
100001034	0.78125507896426	0.719588003500514	0.194689317471051	0.682151037262971
112	0.851536978469295	0.878174856515506	0.202204607130523	0.674071849894654
507	0.686145333153904	0.717115159404433	0.199439178383105	0.703143045313194
100009233	0.346663629688587	0.203983904509449	0.187114815841268	0.71045860563627
100000406	0.0147745219999982	0.188052003655076	0.309113349199543	0.524058825836034
100004046	0.323230362810238	0.28827599428621	0.107316778744045	0.610377421772713
1025	0.697241333471725	0.621441648149655	0.189184179041018	0.719733146581041
100001106	0.158549916289115	0.157490668929223	0.15842745191226	0.731388713549263
1128	0.0436923434425313	0.924414091826541	0.209107838913085	0.703548647501325
561	0.0588392128001771	0.215731234502998	0.143811335665451	0.620046705753642
100001614	0.818352992152052	0.336287345995554	0.210765700207828	0.66860417917709
100000961	0.888916101549547	0.9011636173662	0.210083256170091	0.718280805037982
100002397	0.864618607374632	0.548179666823402	0.200773469735731	0.615230285034815
100009407	0.895277300489813	0.898955308486933	0.207224471174867	0.686337250651624
100002910	0.952686241202676	0.545072345684547	0.178624046067934	0.621772677355944
100005946	0.215624392481871	0.300814513135233	0.232787078467076	0.80490923150688
100019794	0.105823223196794	0.32393548364773	0.207034004937245	0.839540092545483
100015759	0.362688324121261	0.105946544528732	0.172503148478548	0.697262700104388
100020417	0.571585273052719	0.444962731841938	0.1774797427192	0.660016233755052
100001054	0.689266820564195	0.953339793882321	0.201210932674083	0.693346617873013
100001437	0.357470432127358	0.343534626457414	0.170285060721791	0.622380505120324
504	0.261385940866869	0.786402960911566	0.234563459543977	0.700614059111661
100001988	0.443618978620012	0.645354407863647	0.195674158780509	0.85155752468281
1082	0.0249039945697276	0.697703885606047	0.21924903096627	0.717846227595872
100001403	0.305001942514289	0.346607347214341	0.224570985866754	0.676182856601289
100001664	0.929648006245405	0.643590182661422	0.196474615481094	0.826622757196962
461	0.187874694797717	0.195258074852363	0.325105840798926	0.673146833719916
100000463	0.792429951256481	0.88944955735227	0.200531959955331	0.693175312016093
100020208	0.489271722682214	0.455204783060908	0.229514424721906	0.561529903204524
381	0.440353766633726	0.0222918387113152	0.0628800148424099	0.492323940363198
100010901	0.118195817971698	0.127101973956961	0.207057512208885	0.79087189186219
100001468	0.248659623252914	0.957289990437853	0.204469904469349	0.692281956250773
100000840	0.877897615204355	0.932533833635812	0.209647088571732	0.701768807217071
100020014	0.225132207536015	0.590000215324856	0.195366094947758	0.710963417674665
100001993	0.744862106816748	0.527403094663614	0.155552072475465	0.882506222677616
100001051	0.0724049699381606	0.00914696202130877	0.215631479645324	0.342271275448795
100006116	0.397451438222455	0.525262118287455	0.205666212724471	0.694815619939666
1108	0.968668704630568	0.795761995345045	0.196607536746067	0.71566680919239
100019966	0.308277190846007	0.0935133653677844	0.248386059028753	0.658676800573635
100001743	0.623159758263626	0.36935035113747	0.195586593487919	0.675569280900299
100001294	0.125072565217224	0.195845311579992	0.140064228518992	0.753522182268083
100001609	0.331873447790111	0.132242787660212	0.201034307558521	0.772433941142704
418	0.721974930068113	0.971593871742414	0.203321774717656	0.692907994185302
100001178	0.39890353882055	0.791173518264458	0.195700437692892	0.665886323274478
189	0.979619331364223	0.607252925220886	0.177063894013895	0.654420722741683
563	0.660855355846456	0.595017731883794	0.220427895941763	0.664006398048284
424	0.500853733695551	0.331113143233442	0.231619013873238	0.672186325132308
100000776	0.123234007238761	0.311508616724897	0.233143544794788	0.69871387730049
1001	0.979089762072694	0.477284692430089	0.205128865935905	0.69869682950667
1135	0.304904195130316	0.0764318669177029	0.190334286848323	0.758879715393229
100021093	0.361873514759946	0.508048122636426	0.238950768414224	0.714143820129488
100020219	0.148285463610152	0.26521749933695	0.220812190135856	0.589570819570431
194	0.506808016898334	0.656669337269278	0.213523803298209	0.629683482627234
100008930	0.59342847765989	0.47309384091216	0.226934581141996	0.66689937402386
340	0.661579258558084	0.213802068545095	0.11993792490543	0.779599337398361
100010896	0.929448857201213	0.532777385513896	0.173243011765233	0.711680253285693
100000787	0.265164616002631	0.178954378576367	0.199055757256048	0.448437156280383
100000639	0.0234404034248108	0.178376668887534	0.173587829215742	0.704026653829643
100001851	0.917073828625753	0.17423755175286	0.22766423379259	0.431609470958903
179	0.628849828081723	0.554965648834574	0.193941377042064	0.712934811254604
100000626	0.314163478620156	0.693555924936559	0.207963929240298	0.697271618087163
100001605	0.00985615178962273	0.0801715929071281	0.274683187383045	0.785285273147907
330	0.23866515096686	0.521561888463279	0.21662910008316	0.591123052791771
100001162	0.821167287389996	0.483660593749529	0.16990119985949	0.654064520235822
100001167	0.0473476087452555	0.234109020640003	0.204262655081519	0.674004622576441
100002067	0.593213526700357	0.886196301695601	0.254416028696143	0.677095069614406
100019968	0.683991674243412	0.464824123378928	0.219630852661747	0.643956846096884
100002014	0.920753234932953	0.951405238333922	0.200715316254569	0.729691932326275
100004083	0.423711737787735	0.0857609645293926	0.240195137865349	0.533130180624694
100001315	0.332985753050524	0.361685852904555	0.221384393134802	0.760596113142113
535	0.230587732290254	0.618892705317557	0.215070086733676	0.689598948890065
93	0.526733123362172	0.422909157090583	0.227520625274511	0.577152397369373
100001989	0.304571787096973	0.542264511263305	0.176568650440793	0.751650505612513
100001740	0.789321032424326	0.395030017797033	0.183026026564823	0.713766692119681
482	0.232732853668509	0.647870382107141	0.201644244729326	0.746375149400417
1629	0.252096021072153	0.447335435185425	0.241862332244849	0.673065909445839
100001399	0.416169855598576	0.356654292094146	0.209339162965892	0.697872319054372
376	0.758030707952792	0.108809576429687	0.107457642983005	0.822661458869815
342	0.623385629287602	0.421340039853159	0.202136636750028	0.68862959181044
100001253	0.0208191336644305	0.167263767148947	0.161237001783469	0.917938006683194
100000708	0.675559687795467	0.942115163269444	0.207354787711101	0.696175814245886
244	0.165508577421439	0.0347451860435388	0.158319071423837	0.822991030360575
100006726	0.319368742263037	0.191459710737138	0.244002382995695	0.676210279101547
100000036	0.172521123667033	0.621895372467209	0.184117010247809	0.736909207141592
100001257	0.0117664537183604	0.0749886611171765	0.259124321205225	0.990469822674116
100000445	0.875917471360929	0.329961090526914	0.230366176035487	0.612224416932784
100004088	0.00389190027143639	0.158839581443476	0.225666563417826	0.768276365881517
100001423	0.972244913993384	0.77947431040031	0.202507418692542	0.671426038815948
100001276	0.413555937530485	0.330505505298993	0.184293673861263	0.619699574498268
100001876	0.650450758840876	0.973244246975111	0.200713028221031	0.694782775591424
100009082	0.669467219329781	0.0273462323077591	0.0842009170826281	0.66976184938357
100001121	0.383829238677516	0.77230566617665	0.199080603605913	0.690622877339826
117	0.325146963240813	0.639364768835402	0.18844299109934	0.714460399942709
100001868	0.043333826774114	0.123240530303048	0.251745781851599	0.697293738764467
1134	0.707209210615321	0.195034707942975	0.121954665094188	0.653313070769836
100021012	0.23851596505772	0.399022542061074	0.211175733498649	0.721249144231138
100001181	0.683913619677494	0.200711923733735	0.260619830782654	0.615145229843583
100021467	0.664222626377625	0.255121511341817	0.199004249128902	0.599661258000934
100000447	0.238250492422019	0.284575516524693	0.232172477399978	0.661996692005506
1162	0.000307621159939912	0.0105596506875127	0.25606478434253	0.599680801403597
100019982	0.559474571226566	0.381413919767992	0.207913160336647	0.676071839360601
100001613	0.927835036059934	0.394644066506201	0.211754692895425	0.660254383205965
100006644	0.413407681226976	0.64582801214176	0.18857280743052	0.719842044919377
100000096	0.528677887252385	0.0157736906335122	0.116291483249914	0.665358534328157
926	0.58326953805535	0.572129585774211	0.205923501198194	0.700042863636235
100020004	0.881431509924373	0.596176871062994	0.2172164205486	0.691802434763189
363	0.141280519093217	0.0238104757908697	0.171859472063636	0.24002643481693
1111	0.462595211836358	0.887234468160525	0.211913576442358	0.678549364400658
100021712	0.653004109268673	0.85067344716267	0.200612160994878	0.684456568944545
460	0.966582961916524	0.832243634116075	0.208343194172101	0.714654293217716
100009331	0.357453609621742	0.201861464388521	0.181947772258904	0.721532245840336
100000442	0.269442413112652	0.776821746128158	0.217927678673441	0.705759417620496
100002945	0.0837495862647072	0.0144990987575841	0.269300195435641	0.649106820503348
192	0.904544094931088	0.901117043585613	0.203772688529083	0.724727410548511
100020241	0.373935078557763	0.876896455412249	0.205447475726292	0.694971264924873
100000580	0.124983504257443	0.112340934264396	0.165671147359291	0.945500663576166
100002466	0.0125353046232883	0.0576855496138976	0.170130461831176	0.485277056255892
849	0.674664733051951	0.492543729915506	0.207404249369599	0.629207854962082
501	0.478674365335448	0.370598257141252	0.22525891403767	0.649793126067546
100000282	0.69000311440433	0.141744531289056	0.261322914397419	0.591945171872682
100001577	0.0302293455276229	0.228274901139657	0.278578051958417	0.749851057836553
355	0.138259589749432	0.44257229407311	0.180599330386796	0.618895954177588
100000841	0.815334488409019	0.957663708796832	0.218996083812141	0.692041903261692
100000846	0.800027109131296	0.320156028934015	0.195016849780275	0.685475153882179
100004295	0.895359694070844	0.412836692084435	0.183556228846442	0.64656515377549
100001586	0.140718192993961	0.097159788464046	0.292348743312468	0.398987363789085
407	0.0197170614679151	0.0584649297425199	0.239522931197419	0.751026444966553
1137	0.911203902008159	0.782225430319921	0.196043728652861	0.724898037436283
100021374	0.0430832584682473	0.0143279853578694	0.159807301186116	0.913581713187211
100001593	0.692545694661217	0.802192300136214	0.196645656729183	0.702940168362752
100015971	0.756154876566207	0.6121317834524	0.19603714907	0.688932450152315
100001022	0.397033944222753	0.193882400797601	0.12561105224006	0.949794063056022
1094	0.0439174626155907	0.199879983875663	0.330448933078386	0.941753515093789
100002122	0.272637402416194	0.225490104539254	0.165940997753288	0.796273533713264
100000706	0.661944093162403	0.475391516118094	0.162478862649126	0.696881515420406
100001055	0.814574784410472	0.346338906508788	0.176883972075138	0.627798825856521
1235	0.504599942989237	0.720207501866623	0.192365260067279	0.724133943213861
100020204	0.114656015079804	0.659904702603163	0.217894139949161	0.723366199544305
100015643	0.0226415266282218	0.246722331793036	0.216754585890253	0.646163617114386
313	0.014362079341316	0.259260875102291	0.20455195524833	0.636607900513766
100001413	0.798574443677077	0.954045052181387	0.20469946474911	0.690977489700391
100020423	0.0137266664938192	0.0124998931487548	0.203406894226064	0.3670577333922
892	0.408166194444146	0.103155508693211	0.223081742691907	0.725758030057736
212	0.0435329986679991	0.0755235684057692	0.282583875873573	0.667734269224184
100006105	0.192522517908377	0.169294786546691	0.238012183234911	0.705260276213104
437	0.897462666917188	0.460585768210072	0.177992716699242	0.718697542043224
100019892	0.535173486554759	0.647213784104591	0.198529713267736	0.731753968743375
100005716	0.0692860256826735	0.109954190876615	0.213642705757425	0.778531126010442
537	0.192594855172166	0.0745965509930192	0.21403252657539	0.719718956907746
100001990	0.338657168620091	0.747902909663046	0.22729316382112	0.663591636631004
100003397	0.0216330039743036	0.00102221008027175	0.145058181189673	0.420476052191185
100001320	0.0947103534467591	0.210143779125656	0.256025848468497	0.452836094769069
100005717	0.12379332170934	0.0873349621241993	0.235759245278439	0.727548094227616
100001207	0.0358679886026115	0.246853499626748	0.231781160654393	0.70120403817563
100001999	0.49189758553917	0.769015305806979	0.191329479497634	0.808500303650738
100002488	0.201437998440723	0.0108456561167474	0.244590511748599	0.631053833801792
62	0.204905249160754	0.655790127445526	0.195207156822178	0.701032203713538
100000467	0.659026716404181	0.424782633366184	0.197653486086075	0.662608749525137
297	0.00352467469853791	0.125844004849192	0.19619579411258	0.667550987892587
100000285	0.0347833699122601	0.502858797680303	0.204112822446267	0.768744950661469
100006056	0.0808753799516738	0.517309701962186	0.211672474711401	0.725921821099132
100002126	0.114164778758428	0.224939985613921	0.145177395651716	0.953678207568767
100002129	0.783705620642353	0.801868105257071	0.194570314421612	0.791462919086297
100020478	0.0535192764104307	0.329025791349629	0.190350516659813	0.71526264450457
100004089	0.0850658315289795	0.66983056174795	0.216057839285335	0.662538901401974
100001755	0.505472149311603	0.582673554840422	0.201943595284332	0.651315720958849
100000551	0.0358763996664205	0.844093715343436	0.198211164484835	0.710764913816555
100003260	0.444099796706312	0.312175718344581	0.225107850973057	0.77276813430774
100010955	0.747335292504739	0.298587128968995	0.142620646804085	0.567406831125381
100020851	0.221740605524075	0.47683522574198	0.21949215802029	0.715299928845881
100016069	0.543832791187683	0.624413731233963	0.20584735828563	0.671849439278933
100002027	0.481462708060194	0.483368497662968	0.146942711701958	0.82672901938937
1123	0.368764166044791	0.183470178670574	0.189023305172639	0.825843174475567
100001150	0.725868962453308	0.989614442461025	0.205122054082562	0.695008893932826
100001657	0.281289276660563	0.562089061628932	0.206146750489517	0.668134817934699
310	0.272818147462682	0.364914550684676	0.178127234694587	0.793463162104029
100001314	0.426460663052347	0.224719267704539	0.190391902611752	0.599379270945329
452	0.592414809243756	0.512597264332492	0.238192471212649	0.655809512749516
144	0.0871339200751767	0.0724905674430066	0.238426867753561	0.571303751351832
100001182	0.158868029427154	0.108085466652564	0.252969608480139	0.676832043769094
100015965	0.770015671566697	0.495191865927822	0.19347438499266	0.759762687811569
100006108	0.967154841620712	0.414812575901547	0.214378813515299	0.732933981366068
100001400	0.586966891406557	0.424554799401739	0.17830780322169	0.679964704353929
100004541	0.173751715023726	0.101747308281183	0.175499722535537	0.382558192160468
932	0.913716882717143	0.280838582732419	0.202399350028406	0.733532245677874
100001992	0.458895206180639	0.621338638790075	0.292260842905633	0.609422367958467
100009252	0.156576017151985	0.24700218447299	0.247599382480152	0.676762945992591
100021104	0.606591115074615	0.508346341840361	0.156878718080685	0.848642671133142
100015838	0.0115090308440973	0.0497330794368768	0.306927491069647	0.923514265662646
250	0.00115650022478664	0.0337382928135132	0.391710223429736	0.783090990669621
100002537	0.870183002853161	0.263115166804558	0.173848321056874	0.873211877054137
100001658	0.798051211577417	0.608707736275361	0.227274693451579	0.676873474625248
100020416	0.313714242562229	0.52715943254436	0.18070031593397	0.681521359016675
100006642	0.234118404189656	0.856947923529092	0.196623079422574	0.709272627580378
100001391	0.0429745757414643	0.161737902072074	0.2784797111536	0.864843323501387
825	0.575611782401925	0.692490564574582	0.182873991353976	0.704853801037773
215	0.014060933534447	0.091866365486779	0.235840093010429	0.681289010304849
100001026	0.970984191767622	0.950026734689052	0.202457335399441	0.713607193407646
100020541	0.382284050245356	0.367537700615922	0.166503032199076	0.743708280422291
100001526	0.212063689765458	0.212741000219131	0.354984140328987	0.81673995059671
100005384	0.493149420545034	0.351217683471268	0.186587535702193	0.603608316647261
100020378	0.326059999901781	0.525222873417262	0.184409226754343	0.707318948028566
100006115	0.96649808740721	0.406354394586997	0.264656312048959	0.590729642835811
1442	0.165503047810313	0.0195473057503015	0.0631122937573563	0.569743861644187
100001843	0.118146175422568	0.14294312454742	0.221982356823337	0.795506641988498
100015837	0.089726352948398	0.145618473565818	0.430269406700666	0.626749133647566
100010834	0.719368680400181	0.963060347844132	0.200711682167496	0.698942564100422
100001393	0.595979454257474	0.222035060543736	0.140090360754171	0.752747829243787
100000015	0.369950377733979	0.375931318887992	0.177713075384211	0.727728946691294
100003892	0.0481819443876962	0.0378707034596986	0.180566261968557	0.957661117687097
100000042	0.148491046297651	0.0171066748015582	0.209353117310881	0.601612034050262
100020550	0.569344486120094	0.197833027204647	0.220807215400586	0.585342449756789
182	0.473358151248159	0.450141186517508	0.194465704261387	0.71265162954035
100015723	0.118944304065134	0.382721809649787	0.202934362741862	0.676124284433255
100020343	0.477253345857123	0.583982605385393	0.187661371030058	0.695206286749187
512	0.353879114718415	0.639472848987824	0.222791657966947	0.667812576996839
100021100	0.880521808981964	0.865984092151932	0.198276688798611	0.695830064990278
100002528	0.229210660166456	0.0298657703429621	0.238753747574322	0.438452336056739
100001287	0.441105009772059	0.811820459200014	0.273447193468368	0.656246586496489
100001229	0.800858703377022	0.772715258356155	0.214003247556383	0.672210054393958
181	0.412171806466936	0.909121346822955	0.199555295062706	0.708283150907231
100015831	0.00237013741244641	0.0426016062310077	0.277265808553592	0.508675292504591
100020515	0.291138446408584	0.421761665571985	0.155876532012535	0.863561870718943
327	0.251880182250006	0.395912552876374	0.234848856249323	0.660918398964222
100009394	0.789429808881895	0.931556258135543	0.19937160608024	0.703072543329049
100001596	0.84261131383969	0.17608553767533	0.173624458398003	0.506072967028016
207	0.879094124908889	0.607274086706917	0.206380601143301	0.666530411360115
2054	0.529602764758308	0.80437708446019	0.195871178181964	0.707794902349082
100020259	0.615970076387642	0.529540912429905	0.222885510512941	0.677581506044676
100020414	0.00478931506604705	0.0601651722583601	0.168527827994594	0.655955739009523
100021131	0.933216732321437	0.122746638877465	0.195334926324522	0.630259068219718
100004499	0.998599654258834	0.569598756351615	0.188556194806155	0.649961181289352
880	0.125612188640158	0.637898293519946	0.228614301539716	0.688623082635657
100002049	0.548374117115974	0.383211441770041	0.221267388433592	0.65290407587991
100001739	0.448703485953776	0.173495547389536	0.270079688707153	0.647056374675437
100001126	0.315536301071817	0.0611244315554044	0.106206439076462	0.542813207041553
1113	0.629226201735206	0.818758667158081	0.212911398092324	0.667030371224815
1083	0.924065176833565	0.221272874674426	0.227093876078802	0.583863262803667
100001730	0.0954048172015103	0.266005082296925	0.231948187016838	0.591945964284162
100001412	0.583778495478583	0.986319354835116	0.203339591956804	0.694626721009723
100005996	0.810349996965013	0.475680882936402	0.188900167980603	0.658452596732559
100015962	0.00889472518110955	0.119933058643401	0.155384874578639	0.972352596078543
100020214	0.687799356232128	0.344673852220282	0.220576612260261	0.599754555591597
100002514	0.10447903297494	0.314034659572201	0.20856735708363	0.632504225968341
564	0.256236755101688	0.0893865574233125	0.184356008728049	0.584525422324866
572	0.0176428244616842	0.00922832202898289	0.323827704449859	0.539682490067313
231	0.979876285968925	0.48299170900023	0.175598514092872	0.715960996948019
100000453	0.857581335251052	0.729168324182431	0.191850066291415	0.730194885090684
100001007	0.115780928339374	0.245107945651635	0.246796741842761	0.57435707337131
923	0.55497369415927	0.23218959633352	0.187540747337017	0.759392187989422
100001247	0.533327089164473	0.697408340419716	0.194790456170383	0.684183950251246
100000774	0.668186046629887	0.978394401884086	0.205969399598765	0.693555656652788
800	0.393294496692593	0.310976644058014	0.222671304680882	0.75193777344418
100021678	0.359146373304227	0.601915730409508	0.18044861930265	0.694645522354464
100021711	0.36712738985396	0.683428464659365	0.222200235776235	0.711074496185662
100001274	0.685773483565483	0.279663387399093	0.186613796065306	0.501045751831296
100021220	0.126012757804711	0.189528589058765	0.246246479126428	0.995771974418883
100020253	0.524056258398268	0.635735009652344	0.205946530263618	0.66798359832811
100001170	0.674835563989594	0.122589893910338	0.175838609502804	0.585809041472871
100001466	0.312759385429187	0.863543474206352	0.198218953160563	0.699167634344703
100009406	0.809191421646644	0.785499149469583	0.196398091144562	0.705287516204287
1026	0.152392191461371	0.400515237003268	0.21207439581762	0.660080258097491
100020837	0.770994153983787	0.348566472417858	0.231941954084579	0.592143150959654
100001006	0.0888892764521013	0.110958746697292	0.196652899326733	0.806510566232855
100003674	0.713835391846375	0.0990860261991501	0.196567412481719	0.685322158838552
100004396	0.277087591232751	0.38288772506632	0.232658357267845	0.583360569083319
100015923	0.441000118780642	0.761576002404771	0.235360581381809	0.671194740728978
100000265	0.35795761822953	0.56965818176217	0.203917919958704	0.653789297494795
100001409	0.0726928953323924	0.0776055690724033	0.200946404977373	0.512623051890373
100003434	0.484202642717847	0.372094952108615	0.203034128254018	0.590852516866714
100001334	0.553479154592198	0.0540866931340883	0.254227414682318	0.565912567503035
100001102	0.757326479565147	0.704477460392074	0.209473087854755	0.670401588289818
1268	0.535786187342475	0.0321504419208794	0.106269949533999	0.646359212280211
100001300	0.210911760377754	0.0646969063227708	0.170617636274245	0.700658128543341
100021324	0.193128123557545	0.669851528187817	0.272688913086707	0.683510680954505
100001617	0.114124458963664	0.0961448507729061	0.198111009369559	0.734476188876654
1105	0.96188362378264	0.122384168374741	0.299502155418521	0.356392917725749
100021502	0.0822711859483743	0.324963841377152	0.200908781522286	0.716565150748711
2051	0.746419655173096	0.729589473345459	0.201843055297132	0.634855213041165
100001256	0.15287009675599	0.54050767744257	0.229897398404515	0.816530951632196
100005466	0.0570303827524871	0.076497767533964	0.230560759359416	0.486448388430317
100002199	0.163803516992409	0.936169764520482	0.20453797631761	0.698865786206386
338	0.0202067110638953	0.040806749856772	0.409372421583876	0.429802086252419
100004243	0.494037962740172	0.668703501353737	0.189617906735143	0.704382679969976
799	0.53257854939659	0.670094770134287	0.180095286242681	0.688887450691261
100008928	0.453413504540555	0.0431215310335698	0.193660795759316	0.685206399161285
815	0.101229911293407	0.31069577593051	0.205629678175161	0.760262863400164
100001456	0.00506121275944934	0.0760248827796994	0.190012182076654	0.619928556336984
1242	0.054652501358014	0.0494661768636433	0.244122286015481	0.475548906820618
100001416	0.27417842658473	0.0838828532184045	0.128435216096866	0.424011337272876
100001462	0.411570229217165	0.424165465594463	0.23609997095241	0.660677205801468
1087	0.141078907590045	0.0254408137216778	0.199861161628398	0.658936249034944
100020421	0.0578517404313316	0.102233988696397	0.222893932123999	0.460025737496144
100000010	0.00477043530661432	0.0506664406588325	0.222128278158206	0.746092050306097
821	0.485546644673468	0.319686459297417	0.227904924065571	0.528446008404001
100006627	0.231508809000924	0.124997889132241	0.291892816060179	0.58882186404629
100001277	0.309870131083252	0.119024892282991	0.242885664317626	0.647600386756529
100021141	0.0604579729906863	0.392239976712794	0.218735130427543	0.762091148256641
100021105	0.229749173151528	0.339569142595699	0.222199510239025	0.530257739711022
100001950	0.000482315817666262	0.0146403869711038	0.256121063542899	0.851338135364154
100020217	0.879698828496065	0.244780005088874	0.132107430725756	0.510621645995028
100006651	0.0392909980712222	0.273014330927729	0.232084378414481	0.506576345743874
881	0.889893123599698	0.371259448622638	0.184549943266844	0.711354210412717
100001509	0.620636478116116	0.154146475164868	0.166221389635085	0.622768913709157
100021709	0.714527641645434	0.962476540238828	0.200111421678858	0.695479699665313
100001635	0.267342234295901	0.0261983639071937	0.217816382209499	0.640865050035962
100002613	0.4585132417053	0.108639032417078	0.187215399778278	0.780330070897479
100009329	0.578753950564585	0.706555575581957	0.183395676223077	0.818515377681112
100021123	0.762535258449575	0.501018644864943	0.207066035278261	0.584083691952215
100015760	0.284444631780608	0.17305291754993	0.167829654206211	0.726690047013078
100020205	0.349924843886403	0.330877495261065	0.249500567248597	0.48503593032192
100000765	0.595820014105373	0.492679535322121	0.197435827844054	0.647476429929921
100004111	0.348066144285263	0.149885465258415	0.233232543271658	0.660519249243944
100001615	0.209747010456352	0.741076370476517	0.200375160742688	0.692168762158277
100009227	0.143497627214504	0.0828219348496386	0.287782991827347	0.84957106868575
100006191	0.351728474263371	0.593631983023257	0.219474819007055	0.647182202224384
100004542	0.389301836318825	0.333292123431594	0.208138449293219	0.746501835442541
100003686	0.27360120791849	0.103686172119564	0.297582929538064	0.624874886339637
100009232	0.0286060286294305	0.323107199730166	0.195721704249923	0.624009826080048
100001501	0.0462694930978744	0.0932190898921464	0.273323120014838	0.732203049244155
100002367	0.529995143113742	0.252599649926688	0.191711515145361	0.544498843851338
100001108	0.437338547909582	0.477541148436504	0.194867509601623	0.676235114683196
100004227	0.860019204004089	0.850451997365268	0.199035276411931	0.711400326448004
100001310	0.211075099270516	0.316818164362535	0.193791506166379	0.79911768888199
100001994	0.779843563265386	0.798830133566419	0.201235396937473	0.802038777347175
100015839	0.0162841440283004	0.0185113868526452	0.283623639323971	0.772000285307226
100003271	0.00346690151689221	0.0684428812050184	0.260900423733406	0.497670223186229
100020496	0.908361080056869	0.875159041705987	0.197892709913482	0.708034477520619
302	0.664523201074847	0.377147893669866	0.171725379416407	0.660786258919425
811	0.810052522014977	0.702453859394573	0.19752508045994	0.733272110718347
100001267	0.93473443743382	0.682236263794813	0.18212300341018	0.691173029760382
100001197	0.0379005937235109	0.504476673479551	0.228462729894491	0.699928842046122
432	0.22506828660903	0.523686263239757	0.214803276910636	0.677170564297447
444	0.0104877936731264	0.0365903939687226	0.254058970743173	0.825932275671222
100015968	0.345745490274594	0.390725449319693	0.197083662046733	0.624565571075523
828	0.926599096857485	0.835440556088943	0.19584072228236	0.702126531741742
100004054	0.216773038655028	0.78083151736766	0.20269545866593	0.702658179149004
100004635	0.0674964302158918	0.10006351649879	0.547091508942472	0.400667808505817
100000491	0.370403923840814	0.45977070565667	0.189546699393374	0.571946547165216
100000939	0.0402127071352089	0.029653621981706	0.210270021939646	0.589779301721528
241	0.289155014349443	0.73619768416742	0.215838912921871	0.706076335402849
136	0.512342601093204	0.1421080792308	0.184119338364677	0.842018706950037
100000792	0.551027185082079	0.92579547258437	0.203235390574205	0.760399372996084
100020973	0.52501112071518	0.594724486289239	0.215506642572493	0.667511977802143
100000936	0.843620200191879	0.712923503848228	0.198932107278389	0.700035416782358
100001313	0.00787651166279807	0.176566756810333	0.212074479652216	0.744858502790324
100001951	0.0621852104866564	0.132301006865107	0.232122866511742	0.684462364454147
100006098	0.0119327725062862	0.0613022967139494	0.224225918462353	0.823570062951328
100000007	0.243961577319252	0.567350591325126	0.208867239275351	0.698971885968552
100006641	0.911636844840535	0.815168792170269	0.226952030358451	0.694469814706501
913	0.00859335014508023	0.0611443944222092	0.2448255319224	0.566133430415317
100001579	0.732762530658589	0.345099685292925	0.227187633604535	0.694169841731419
100002911	0.139796993941531	0.0106182415889118	0.266450556189366	0.653453340878178
100001293	0.312675586248553	0.507303201182	0.182735927109493	0.79844947357491
100002241	0.438524007192724	0.843967234722904	0.19674707763972	0.705319025677016
100003179	0.404879907191498	0.100020710519484	0.184194970078724	0.560138826359249
100021372	0.273083278586244	0.181811871526721	0.133515317657394	0.707692010436983
100001956	0.296028459157386	0.49709723298168	0.200921891062428	0.606420646168321
100021162	0.181180874506092	0.135527046024907	0.186469036013201	0.510215839398641
100002259	0.477653408495524	0.87531261173655	0.197103892741095	0.692105163138095
252	0.339315904273684	0.577639436600442	0.230055358074611	0.638803724267688
100000707	0.464707805596214	0.366848443165495	0.19748355288767	0.702285182195542
1489	0.768916574410872	0.0257475697479226	0.151286967780319	0.672017023584164
100020361	0.0253946928783082	0.0483063982097508	0.247227593480718	0.985865100258762
55	0.589501396206702	0.801097329581298	0.191717972367877	0.716586621209209
100000863	0.243779867106451	0.217307221023821	0.171840868864834	0.733714455399706
100015840	0.14232698257034	0.0558546810425437	0.292569739503552	0.644608008639301
100001541	0.163844930085789	0.0763868248805621	0.133436091836946	0.685301215747728
100006082	0.151457547348408	0.0532615616916257	0.27385095713785	0.68493309562271
1254	0.571303128185405	0.991789877356663	0.218808973135832	0.697031415490892
100001624	0.544503577468816	0.363699787899379	0.19164650848472	0.669388743649351
100015850	0.98552202936439	0.43458529382133	0.272676491392151	0.642410849597674
100001104	0.00293092479844003	0.0137846642614546	0.224725039149519	0.975941355398256
100000900	0.150151089986574	0.474042926505492	0.210779314469907	0.697090931839683
100000269	0.213195754293998	0.0481804505760587	0.112670248198171	0.640879483766136
1022	0.251325100830378	0.915809737323675	0.201953815595141	0.689360491913501
100005373	0.153416559990913	0.0348988685070358	0.167847313481489	0.735553320075275
100001129	0.136117967159397	0.756841658288066	0.195438595505516	0.719194849818601
935	0.00994731807877948	0.135370859395582	0.25989026525902	0.565512718332594
100001262	0.17802290754299	0.241725127567252	0.210200778284753	0.718143799821499
100019978	0.364889641964188	0.511950854949778	0.191832466482063	0.677847925545396
100002293	0.71514612283	0.673606938584582	0.207038846823542	0.695353782867521
100001426	0.183683722538992	0.262816002685611	0.201583251221769	0.53313669976296
234	0.0308199021340513	0.150004935185749	0.19591673366486	0.672446621042998
100005403	0.308811445043359	0.788555325662236	0.225195423076087	0.668174407363889
100001083	0.0527945193904812	0.41034591490613	0.224703888161344	0.710887484479669
439	0.620239091269908	0.226254219081691	0.219517176382511	0.687759760828143
100001086	0.216168979716662	0.207474703257522	0.211634898824944	0.819670453845446
100005864	0.762517866423293	0.447628595223783	0.184734725988624	0.761106576087744
491	0.529259037127297	0.915074497339465	0.20039391041024	0.695972783926036
100002029	0.492467135616274	0.437681076282396	0.195239661596724	0.562748782627935
100002154	0.803458547880691	0.484223718713875	0.175047004130254	0.674971773629476
891	0.443605886097037	0.154450782195443	0.228671896085347	0.659228994820166
100020261	0.347210149066845	0.417112670234152	0.247506365486388	0.666107677369245
100001296	0.456417687342031	0.400117447258725	0.201654112461557	0.568484584224968
2050	0.524653005974514	0.433038439455268	0.220243204040801	0.626074567317391
100002761	0.340061974931108	0.628704455603072	0.170462367901893	0.847750478701446
100006614	0.82370565247766	0.647475361885645	0.184950897492257	0.760922008761858
100001597	0.995241110105149	0.0790837683663013	0.108267844307237	0.475747190858
100020853	0.367419581178747	0.310924314338161	0.205458075045744	0.758769190946971
100001446	0.18719749361395	0.26433508637507	0.163113230831337	0.690464602106838
100003240	0.343304514684169	0.160616541192557	0.236125531403789	0.617829696559446
100001502	0.0363557026759779	0.356114713172503	0.237072388110401	0.761785971321528
100020866	0.142362577424621	0.0226253896030612	0.130051185184607	0.521386907551311
100020419	0.0234681822155198	0.0831450315491295	0.208353846873405	0.438774937124237
35	0.550972942168032	0.254699715331344	0.184138000323381	0.634678419327964
100003696	0.0163975498208252	0.070303297427304	0.30646296899636	0.634476357646453
100016038	0.820800231902139	0.761607441587279	0.196142372856301	0.658254349948881
100009333	0.243689558773307	0.209717926626661	0.205429657498213	0.717495240222453
100001611	0.218570302670077	0.600944563123774	0.242431658589563	0.68171223354504
100005383	0.757725833643887	0.311405221908198	0.21609618147011	0.730266268242706
100009239	0.276791713729812	0.120812680896847	0.255252150768604	0.511893589438922
100009332	0.372472387304753	0.293592883704292	0.202520912911143	0.6619004012323
100001731	0.181754635503174	0.784203696754857	0.205824617763546	0.680175203059701
100003415	0.264301411121167	0.34728217420137	0.185318072105435	0.720727153657944
100020578	0.144635511427647	0.198211498607043	0.190013806602402	0.59068178658268
893	0.909639342310579	0.438684913619043	0.196811778530242	0.710403704737272
100000963	0.260476810009074	0.173685952483468	0.266822493381582	0.485401672407255
273	0.134275635803893	0.365897450120317	0.230158493439981	0.694477078178477
197	0.420560974992141	0.439696018233402	0.189916546705053	0.583122468576857
100000808	0.31152213001562	0.178193236675084	0.195192492022823	0.861838895871132
100002284	0.783406673298213	0.236174489149393	0.107030582154022	0.619338621912631
888	0.90037971355614	0.0790971130326532	0.214486714289169	0.679432546179936
100006435	0.551793956344668	0.341831147132081	0.153810812607752	0.988360901476539
100006374	0.172266116972335	0.480331311748698	0.209323096438346	0.682977707154219
100003169	0.552795750482284	0.946426158537005	0.199565126625459	0.691836832981207
1004	0.672606372292983	0.868682216109547	0.196139522733062	0.683244154118076
100005998	0.121377737875079	0.880979575117526	0.201542073439218	0.687005524583328
100000773	0.565966669906175	0.459121100298347	0.202069573986277	0.676397312880852
100010850	0.0144770217139502	0.14983387463038	0.23021739564184	0.586382124895089
397	0.928066175955563	0.254984537202733	0.132364883598593	0.777716552315081
100000039	0.0762902352352194	0.259649203580604	0.162895700951413	0.747457534119325
100020833	0.883882217132323	0.627575623626064	0.205372366865369	0.762247354232207
1021	0.321137992343764	0.143975167008407	0.187472811154178	0.747079251912662
100020479	0.384277526471777	0.728656442378015	0.202357293594913	0.702478319159652
100001335	0.415610694148835	0.219187323663125	0.233523218330671	0.657226045734047
100000743	0.664944535255549	0.908610938554779	0.199960439676322	0.727960720457455
100009246	0.198335629838772	0.739572185771782	0.196038077828912	0.717159673197682
878	0.159261045285874	0.748926883263592	0.194031123663276	0.707709655019359
100021103	0.722733217626918	0.802937725713126	0.203859051406204	0.792328672116278
100021363	0.240946214166626	0.583638921801255	0.187115595981913	0.734201231229163
266	0.126550160205781	0.173820250110207	0.210071892306809	0.610957847393051
100001195	0.241209000298574	0.168763795383182	0.261372547336833	0.616299592312158
100019801	0.714339024318728	0.620196531549283	0.212627451293622	0.677954168298932
100002196	0.0482413003691312	0.340884243206808	0.21435744252289	0.701326530798491
100006370	0.287155155315959	0.90583861906187	0.205004494620002	0.689345311728292
100001510	0.034962149950643	0.00302293360069618	0.177880378507584	0.782726156002015
100000437	0.499728329445693	0.412562557543219	0.187180844050072	0.77180777930301
100001767	0.136766636029466	0.0368137682442246	0.24680415926807	0.761478014780577
100001810	0.482935781579897	0.662170835985849	0.210875232725794	0.798466259447402
209	0.0284517454195998	0.377203008998282	0.227704457012362	0.683760055088171
100001485	0.213003725656771	0.059545393492758	0.103958394986138	0.623558920899017
100002500	0.11190552332099	0.448049398371775	0.203300587146887	0.667649981516604
171	0.0430518367128305	0.0376400976523505	0.158756735041566	0.690900494001207
100020487	0.840641563854722	0.63852395777008	0.226234193213467	0.599298181965709
1206	0.0062595156235257	0.118665152114104	0.200901097726602	0.748519330764056
344	0.011046464013314	0.0295931436563678	0.444337465297799	0.784396507784464
100001405	0.532340702934927	0.986217677040685	0.204543322736791	0.694470522641444
1239	0.917786885605416	0.446951196576968	0.229662966389186	0.69799448630791
391	0.0380028282639174	0.131774197245205	0.171359516116594	0.943963329985015
100006430	0.426823577278963	0.154971547523789	0.258545317578725	0.417788055825472
100001417	0.956368431788776	0.461772352263199	0.196568528452987	0.809173157230694
100002951	0.0692405461279766	0.555904345871109	0.202038673747958	0.630142163992606
100000014	0.436453801962251	0.564227695980607	0.197380024223033	0.735037117783011
100003926	0.494313337081092	0.410625544626369	0.218659987456153	0.674953112679319
100021538	0.468300101761981	0.328963088739426	0.241129077632255	0.601349743942019
132	0.265864621721489	0.893466995553911	0.201752920280343	0.694588016693508
100001425	0.514849535872407	0.423662771031024	0.272646858819721	0.611642962562181
100020262	0.574673714011039	0.622512469876991	0.218212471211732	0.680563176761675
100002679	0.389292409632472	0.842872118744156	0.19598413622854	0.732122157880689
100001270	0.723686123544454	0.52699266403574	0.207435110886852	0.669126252500342
1102	0.910456018082381	0.843882466437908	0.206136520071593	0.676600541794229
331	0.315066736061687	0.216054268253412	0.172196184728184	0.587103450469971
100006361	0.54084675191734	0.639597779084615	0.187641960858851	0.761862853932976
180	0.937861966265327	0.737662714759963	0.220001016679996	0.689146837363791
1053	0.328388802386027	0.521317668630278	0.308541037464553	0.748512821957548
100001359	0.621986147007736	0.93644245380225	0.20889315717199	0.688253324840728
