chemID	simpleLRM_Fstatistics	multiLRM(chem_sig)	multiLRM(sex_sig)	multiLRM(age_sig)
100021136	0.0158504717014456	0.192480318756384	0.257413552291264	0.863638251459613
100000882	0.717747837126019	0.740106630185171	0.241394879294215	0.723749538262223
409	0.071742268155888	0.158750920697448	0.269237500546632	0.481706495999056
100002254	0.715846332419008	0.0454231151134326	0.156241462581526	0.722388011758035
361	0.00972633832941128	0.111987854419477	0.166453335538448	0.717064377442257
100019975	0.498092825717734	0.753115524080012	0.233542155755995	0.760465678826908
100000257	0.000734823260097415	0.0200145983038201	0.234446226302999	0.676782763020517
100001232	0.894086799203768	0.978661897941161	0.235191588554825	0.749409598446078
100001948	0.344092712828788	0.356685212346796	0.252125098588636	0.594329261410473
100001073	0.512843326786963	0.62746182875564	0.300774817347121	0.65599532877305
100015637	0.894289120407625	0.481937473168875	0.249404573377868	0.739386105627427
100006360	0.591839500499131	0.650023371264951	0.216469827111983	0.823182590799607
1488	0.642353334937581	0.669117738881677	0.236589159479625	0.722996020696111
100002253	0.969995128091007	0.979971910405044	0.234523658339844	0.745857347839083
1023	0.899350739195531	0.775110428690389	0.231086577297465	0.731852469924591
100004284	0.701621085587185	0.802835807169139	0.227653420635843	0.75494277215064
100001251	0.5550149896442	0.890615060354423	0.228976916890731	0.743753924274402
362	0.668587391045453	0.478387965439115	0.210759690879188	0.73711819843528
100006620	0.640904814200113	0.969809623171714	0.232549030548271	0.74726268980966
111	0.440668863735788	0.197191896557307	0.200487967278763	0.711868075924075
100009045	0.586678310635025	0.243734692585965	0.185158314337886	0.922994929611566
100002927	0.677153480449844	0.818205549477363	0.226240795071203	0.77260235035731
100015641	0.751584876227051	0.857889930469025	0.225873900115531	0.759329202784035
1114	0.077572521483448	0.839064808261854	0.226032006959262	0.757888494470977
100020409	0.354740288787233	0.366763923632187	0.233756710669253	0.609563444636512
158	0.0957298730464119	0.223321917193053	0.298615297434123	0.785931730245721
1224	0.0507489289067618	0.181000608417115	0.175697491608096	0.791282015809889
100001620	0.685527723972459	0.502783521029128	0.211303421054532	0.740206465189871
100020893	0.372477130658738	0.0828202974941041	0.226959871438768	0.457173337198239
100002458	0.809974623791376	0.552351399878561	0.268361412370607	0.688264253133043
100001112	0.706839577216942	0.936540574829163	0.23219861735718	0.755647692260677
100002953	0.343916073993316	0.75737945411339	0.227705887413764	0.764139083984733
1141	0.380181449676385	0.0583343382156673	0.303828610414943	0.561084768534799
100015834	0.370076091791971	0.927421298110905	0.234558738998543	0.753799171702359
100004561	0.547523666379004	0.833516083957406	0.235219384076051	0.742265077769914
100020497	0.709308052717622	0.796840818060438	0.223946703097147	0.765949746028797
498	0.0429174160060263	0.281310313361214	0.226600809990455	0.835701889119851
100006051	0.938153024828887	0.902454895540244	0.234747998119273	0.743697389360167
1668	0.686615254954074	0.508292851020223	0.227960563051492	0.680688211872639
100004523	0.539101577775113	0.997668922242441	0.235591817051526	0.749495458377636
100001604	0.258125503564474	0.532645855135806	0.2291428318202	0.792030896753415
100001002	0.143696260925578	0.497262940282506	0.242177941686852	0.734659285788507
100001987	0.0440023034925416	0.251507493829815	0.754246061523961	0.597367735866918
100002462	0.689971563229417	0.399068290596442	0.283672403089529	0.62921451716147
466	0.648048488519606	0.081564463554941	0.260346436413029	0.716098782501307
100000665	0.811198931683839	0.494793680914711	0.262197497884686	0.692350889132985
445	0.942150533263413	0.43787294747293	0.258419519835632	0.797793283623009
2029	0.137128530858718	0.490838554079135	0.246653124629381	0.751296840884111
100006438	0.109999594375643	0.234951347015155	0.272818434151627	0.764062643473014
100001398	0.167916896715851	0.583909945741224	0.214992616495	0.768629671472808
235	0.441884204340746	0.461590285531573	0.20497037163864	0.78218707407924
100000997	0.760807068254486	0.736447245565481	0.234732996644079	0.725543450300908
100002094	0.240460774754777	0.20648032838308	0.191280915026585	0.603312883010075
1052	0.802996839373636	0.925385574798595	0.247077282311679	0.737139356407914
100020823	0.389024686142912	0.63715361315976	0.220576223478999	0.734543489354617
100001806	0.238285564223643	0.58382521986466	0.277389718121495	0.76027463660489
100006092	0.784534971249384	0.877347085203488	0.236435040432361	0.73588133533499
100001415	0.136944675306985	0.0943445654898908	0.243516521386923	0.454947881229481
100000008	0.0543806052252118	0.0831147934140142	0.267725030585561	0.569042874600354
565	0.0100346213977701	0.0566705911590179	0.236724944301874	0.816086547232621
100015851	0.107396829640897	0.152514793543508	0.302887180636475	0.912610852077727
100001866	0.604842255404254	0.958848345676728	0.241799008384649	0.743494494529302
100020546	0.00226087057898047	0.0267229374175646	0.43971805036102	0.951898463455327
100016110	0.70269049987478	0.452612857138409	0.193905589275812	0.835781930274931
100001254	0.00239816971781725	0.0109363767668005	0.30004232693439	0.982194963677728
100006260	0.277908801611914	0.684607505584034	0.235309380671402	0.745442742065741
826	0.643806550258853	0.832739148434825	0.232818883184835	0.741007334866717
100001872	0.411989844820839	0.789164791002738	0.2324448610981	0.747915516168967
100000263	0.427471470354924	0.464195369317511	0.289606720599408	0.732914884818369
100021198	0.88169784480205	0.0711981239791326	0.16059672590769	0.442596770156416
100015967	0.0367143546527922	0.0961397028560972	0.293608104323618	0.560699984582411
278	0.14652309229452	0.254874660444959	0.215481084435637	0.960207932195566
519	0.807092810040872	0.373634616736009	0.280985145954341	0.681181559726618
100009337	0.102758032965681	0.315412617517982	0.323702886519198	0.731383037326042
100002185	0.304528519466039	0.948454014568391	0.232599076068549	0.742079802877605
100001278	0.454819278180478	0.309481389139301	0.290626695872369	0.69536487034169
100002103	0.792921181518169	0.654797870830771	0.233906553393079	0.698879567976888
980	0.881978621047848	0.499327796198886	0.259142784273445	0.725011927592697
100000016	0.868514516939458	0.449966450622904	0.229535247309756	0.720298827680505
100020372	0.170735414887717	0.477137483865349	0.229251474326488	0.680929793328738
100001662	0.837168141229627	0.161268511180407	0.0978041416625573	0.749187011451679
100019972	0.909932740320933	0.704852229687736	0.239028556574957	0.733664355984401
254	0.701492979650137	0.682610813068424	0.228878726560533	0.752886295463866
100002009	0.62621824799265	0.687150082173524	0.229476572261002	0.66415309012566
100010895	0.345506200871804	0.479140650846431	0.275480769248415	0.725750937001909
1140	0.89766368788159	0.980913441458469	0.231136496410945	0.746224348352422
100008951	0.614242207637256	0.531794402132212	0.249785073652306	0.706473636392266
1084	0.228155370499491	0.646376775038035	0.226758493217892	0.832256771518471
100002796	0.0926177953969047	0.368859598014038	0.201139119484149	0.690166423552265
358	0.878514404631409	0.995984186336333	0.232861881882411	0.752736885948575
100002070	0.946089790658703	0.849790560865845	0.229976673272317	0.760883257622789
1628	0.371760223358952	0.145023277687763	0.28560564956529	0.730738113639949
823	0.835444259509576	0.580566175691109	0.207593900200753	0.796673508073051
100004414	0.504904772915559	0.103162057746829	0.309900615740904	0.874674833311212
100006129	0.660281583730128	0.637182334043847	0.214884394157289	0.765771982166579
100002028	0.57234131719569	0.424903780900751	0.329984391216664	0.52832283051735
100021707	0.472946455109149	0.584103652197473	0.205075113871573	0.808636713796233
100000054	0.595946331893586	0.511093759284574	0.227718275047398	0.76708451949456
100010869	0.500370793607237	0.250457004979235	0.242675185576632	0.613418381763963
100004575	0.0195122500560352	0.0812094360651571	0.292691194047585	0.880661574058646
100001212	0.985738203189393	0.690524120619112	0.235398088361545	0.686534654147511
818	0.215432226230304	0.576256578273889	0.268056328454515	0.698416723414387
100001092	0.00152662956905465	0.0204805291712906	0.226124384199989	0.735286923050303
100020371	0.924699352997952	0.834264487755025	0.235673167517693	0.746240606013397
100004112	0.170023727011891	0.472983890862247	0.247937272368836	0.756691180754298
1125	0.375057389282248	0.322790904983692	0.256187505832468	0.792806172815065
100020491	0.976236531286423	0.602963428551002	0.2050929163729	0.757950859616612
100003151	0.00182629771651699	0.021771890184506	0.356952811707049	0.625260372629992
100000011	0.332097819368518	0.144421451912359	0.168764358738226	0.859279664432242
100003594	0.485701638825876	0.993988298527242	0.236253915536938	0.74662264002838
806	0.810868018907212	0.175438613243364	0.234430726340008	0.542169827795966
100001211	0.847219128508856	0.528033182809792	0.2400099454072	0.727152956184471
100002417	0.533274385428942	0.633049639279415	0.226216650332984	0.712432788089399
100009335	0.552698606615213	0.205756404391682	0.187902809742594	0.770722452471912
100000781	0.602246401237194	0.889385034368311	0.229473976460926	0.743854693762287
803	0.0422540910364471	0.043107779343072	0.231410900881684	0.609590480740204
50	0.46405862764622	0.688587198617574	0.237381892763404	0.729786020337245
796	0.421125424952591	0.0519922701863883	0.258452901946575	0.731767136908709
100005834	0.944894846494916	0.722686941941376	0.267781423987648	0.740484163721142
100001580	0.950204889732822	0.579403947001885	0.252515794676766	0.744224009452565
480	0.734428470692756	0.638135690775633	0.209741087573609	0.752795034661491
100001540	0.234458072990689	0.73522428012665	0.303919860025696	0.823920684362392
339	0.541709022280301	0.11937108491583	0.208208659801586	0.65321918799078
1110	0.950820726556894	0.950848019988935	0.232152926117385	0.771112737393889
100015836	0.128534456568297	0.159898747533352	0.349087427456022	0.942087928472314
100009271	0.55390677669328	0.5426755429128	0.261741474795218	0.726186395395351
100015638	0.972151045711991	0.455016368807689	0.245002531900503	0.726109316041645
100021667	0.748650080496617	0.392404878394886	0.270285060021478	0.728425611828466
100001279	0.677831462350254	0.411665009307566	0.254534272021037	0.858189498610949
100004208	0.0183764893006251	0.116268390264394	0.364220854333769	0.871073003539982
100003695	0.310136117942688	0.203903237879995	0.262314275252054	0.532806991879577
100000802	0.648229936570697	0.986642333042617	0.231886329199722	0.747311518991058
100002769	0.948250669735122	0.135229995738692	0.177907731203037	0.839267452257015
100015835	0.072316918994436	0.248984852901506	0.359567571928723	0.980848839416162
229	0.953641344550821	0.424906844098878	0.264243037257698	0.736852286262892
100001266	0.00692488051979758	0.0270602949520165	0.300013689043023	0.952123144465973
1342	0.28641139115154	0.330996206721534	0.195267743617643	0.768260231096945
100002102	0.717711707838483	0.483410534710731	0.266594734002093	0.871688589935618
100020254	0.256486926810572	0.716613191707111	0.230493292279092	0.761621743055399
1231	0.504870422557239	0.253983646467157	0.282269620519357	0.695140443555486
100020492	0.922548702628049	0.940999950243774	0.231423134042992	0.745702089190269
100001402	0.402817218324446	0.599965546491233	0.258385757202477	0.749996420846782
415	0.00523210503679681	0.0776363723993619	0.275741681798906	0.812168085861786
100003109	0.925040482487345	0.903418457536732	0.233523822322106	0.733709863315953
275	0.499011520874691	0.861301209190015	0.235362253446402	0.734392049453618
1143	0.158618587319582	0.0714383950689441	0.208593856107654	0.852127321395108
279	0.45272614806037	0.391658153399044	0.235424244764369	0.615929989369661
100001198	0.938907603396116	0.894799216616383	0.229272552677801	0.758650042977128
1648	0.369670941519917	0.945666606664552	0.232304065484386	0.74797326577969
100001590	0.336578741693732	0.279945979159227	0.222950272386347	0.659075496592609
100001733	0.309208682562934	0.766969556937914	0.225979918377658	0.771925309155025
100008933	0.0137685901089305	0.00216113049448237	0.325536455987506	0.701950793877439
100001550	0.323734854101269	0.528765313552864	0.220296286423682	0.69438579022199
1215	0.0990918870582074	0.268637304047694	0.201375660667032	0.695418877306621
100002356	0.32255576041663	0.1289475639814	0.286704534663566	0.74737955142849
100002749	0.675321107457892	0.749448170812068	0.23465600854262	0.755621393544793
100006379	0.200539652999874	0.20159818726713	0.278113499432684	0.49314834032288
100015966	0.0845474857237103	0.164379848814252	0.256503577852571	0.564162729184711
100001392	0.598651990607497	0.991960356845423	0.232268339581605	0.746678858828646
100020425	0.139367514172137	0.0533100422207431	0.195663847855666	0.491512276002177
100004299	0.254416819258767	0.716825460516332	0.250782707100367	0.817051389188258
100001734	0.599244325051012	0.547459914281608	0.245387851697228	0.68482627719037
1002	0.782290188087491	0.854491669321152	0.233239256111301	0.744967109786837
100001337	0.281567056556367	0.761471470959797	0.217464795703609	0.749876455872121
100001452	0.722134044288738	0.846758783745675	0.231398932086339	0.727419979693357
314	0.584799681754367	0.411008207437577	0.24310132328248	0.761551627069969
100009264	0.90644460475505	0.57326248637274	0.190903710932244	0.859372274934303
100004634	0.433344004873999	0.483706434679638	0.205902363908911	0.766371845476021
100000711	0.751553485758568	0.711578398364968	0.258793067156762	0.769646364510566
100020536	0.0201235266348834	0.0876628761405942	0.290944718594332	0.858411335756123
100004318	0.270976341910434	0.523795319635516	0.237753285704618	0.743696788736679
100005850	0.840179248096768	0.476535142960095	0.298700301868436	0.691147533070388
100006619	0.368694789690177	0.171029213830924	0.268079147719636	0.727086359645052
356	0.569697695469936	0.682916267230133	0.224919816728198	0.759868602965745
1221	0.640448799345652	0.656394011248609	0.29715480707931	0.775522295812695
100001397	0.657134574332341	0.688174466953793	0.229568796472987	0.738414714545527
100019981	0.514710670229414	0.809302067120241	0.235799970384397	0.777723536704748
100001208	0.388159725586839	0.219443678115028	0.195314710813401	0.939571356731528
503	0.0148544159637609	0.0118188125391108	0.145072977900565	0.567574507596153
100006375	0.11984650910451	0.572801814510633	0.255405594939086	0.723605833564215
100001295	0.684045836756776	0.589926183061611	0.224191434192927	0.847158660641898
100020427	0.0548919157343004	0.0279018220597669	0.226034942341129	0.42722444520515
100002784	0.564117758623738	0.395888973620218	0.199401228137685	0.810237124831756
917	0.0554693091013399	0.199200621707877	0.256460565954015	0.693989439106094
1869	0.411420153895742	0.229167304201301	0.253916521251066	0.625408845335199
240	0.279416862426522	0.122666617328594	0.148971188796439	0.543026112975351
798	0.00558453521717436	0.0982187384574184	0.355057745770655	0.673848083948185
100002952	0.223508444863692	0.54079435616432	0.233270726556399	0.818161653096877
98	0.524221732218743	0.756012686050727	0.249981303952914	0.757551071147858
100008998	0.352857728797847	0.350296607239205	0.1854552728383	0.80928171238215
477	0.833598300014223	0.318400325833653	0.238988665817711	0.739443508626374
100020545	0.089946066927028	0.14740047869415	0.270987920272603	0.911570318103325
100021666	0.920596654747275	0.260608593963216	0.269530059341817	0.733238422504392
1256	0.399206473307288	0.612631187248922	0.280062726988991	0.799045193443502
533	0.333643090200156	0.0838881499094415	0.1635699507611	0.488477117075024
100001757	0.411031336244165	0.886511874451669	0.239962539927767	0.740602626850293
1024	0.353240169018688	0.0967394561549543	0.157266963138768	0.805903437829723
267	0.577177473832175	0.913793659050565	0.235283437192536	0.742999385589394
100002113	0.0986985454827426	0.0887931646272591	0.222034546114387	0.776075411210288
100001756	0.804641944297918	0.702870745063964	0.242850964341806	0.770269138959026
100001193	0.494525580257028	0.212553197039325	0.293443870931143	0.689659949656184
100001668	0.653558990091265	0.9513384085118	0.232795569043718	0.75127487803684
1124	0.327373800210069	0.305030321994174	0.203189102648568	0.845461704873338
100021331	0.226551345866898	0.3890270859935	0.223287734392156	0.775769987381669
1090	0.0658594252932064	0.0432045999103077	0.221127639686607	0.893734091147351
566	0.715085556759482	0.383172415367754	0.180807334755116	0.745407342771456
100003119	0.489904736147823	0.306829446851495	0.261257253391464	0.681833793261925
100006367	0.788697292259655	0.588308189122302	0.241422053156872	0.726017939672577
100004322	0.252870582868459	0.253605495306661	0.242467935795684	0.829232837200381
100001034	0.727375830590987	0.809109588749286	0.228748781600953	0.737794270378678
112	0.934587666077492	0.945200532568136	0.23355957473478	0.741755710802462
507	0.79055767098376	0.810325238968988	0.231600335888833	0.752085089531856
100009233	0.31049260709732	0.191614446035971	0.212189953075913	0.76746904033413
100000406	0.0136419368672984	0.121509029523147	0.387456795752147	0.534777478448038
100004046	0.308534667382103	0.433439675036536	0.158565976424182	0.67979460210585
1025	0.840937839391924	0.739284292519618	0.225135186893643	0.76251406134026
100001106	0.17753255638716	0.177739890080264	0.18978265630321	0.781715256791607
1128	0.0170051692622538	0.484660611689512	0.26158035961673	0.81550425304146
561	0.0473523984138082	0.168737883536857	0.156537608610611	0.663520756772509
100001614	0.890469726838961	0.390991483759945	0.245484425290034	0.720842377189598
100000961	0.732646178760809	0.926336779520648	0.265256391974961	0.737495406234653
100002397	0.878090613420635	0.618086868741593	0.232296531027832	0.678441566941641
100009407	0.915314444489159	0.950536797969347	0.232292586745207	0.752963147220487
100002910	0.82434847722605	0.642203011316238	0.215338448869385	0.68498328720389
100005946	0.227791164435696	0.323181119438355	0.268794032937094	0.858488850723945
100019794	0.0774888033601013	0.247011385798474	0.229614564984066	0.93007810367774
100015759	0.329382427671389	0.104026436667806	0.195610838801918	0.753033609939602
100020417	0.762311094535953	0.63351495208925	0.22281887543018	0.720389524714328
100001054	0.617168310432227	0.936915218780667	0.231593514140702	0.746047701635461
100001437	0.350420699109995	0.347158078124527	0.195454502932703	0.670713517190594
504	0.250499726080509	0.718695601770125	0.275887262751591	0.75561990457292
100001988	0.493231816079995	0.666302445282024	0.227719664760835	0.894925938197619
1082	0.0180726638254187	0.517482580589345	0.263512629322856	0.790254589529272
100001403	0.315089286397013	0.346835628170131	0.26008188488842	0.727565384889434
100001664	0.873266856180158	0.494611112336786	0.216212995066603	0.945725203177646
461	0.249530532177878	0.219409805427163	0.380866848370281	0.721396179033759
100000463	0.652444728230163	0.980539845333004	0.23836084878448	0.746723374480716
100020208	0.590658836710427	0.570483708282252	0.263911396121634	0.639566470763313
381	0.605441145983515	0.0776659624555903	0.105868180559426	0.56972939019503
100010901	0.063456588486758	0.0629967849100456	0.225292723601821	0.883462939617479
100001468	0.26948714079579	0.989125623786434	0.232973380261962	0.75473434564442
100000840	0.796040654801747	0.98201035682442	0.247594755160693	0.749121780873842
100020014	0.260612377494846	0.606039915718377	0.227731798953253	0.761606638992678
100001993	0.82633026152252	0.602702187235885	0.193870080596937	0.900552736263409
100001051	0.132596898261971	0.0274104652807803	0.271584169609428	0.407771519448636
100006116	0.360142009968161	0.498367923119853	0.235810045634673	0.749471735123073
1108	0.995657816688932	0.935159772881276	0.231387596299332	0.754848095494879
100019966	0.446438147010457	0.162221972669663	0.285958414341344	0.708485861148976
100001743	0.729242056272331	0.483481272052425	0.229157594681485	0.727548623973203
100001294	0.160481879749547	0.217225986403544	0.170828591009492	0.794678535633903
100001609	0.174356196363372	0.0798968673361081	0.206267260738445	0.869193858688123
418	0.853771270749232	0.907991578606449	0.231651318248103	0.760907504441617
100001178	0.319466329471597	0.965539489390768	0.234130807211716	0.744418753458969
189	0.86712454133325	0.74289707464602	0.218136666190519	0.717626693709749
563	0.623222510871828	0.723017072551247	0.249378438718076	0.726482334988845
424	0.702101815170623	0.504341921561748	0.261276546455911	0.726411737463832
100000776	0.0937501319264799	0.27155503528125	0.266430824237177	0.757972725244321
1001	0.843725028097346	0.410026292236369	0.234747461802846	0.758055793241428
1135	0.342076716977398	0.102614881678263	0.225192813181535	0.804148723983622
100021093	0.318086739283024	0.461142682724441	0.273604707988167	0.773862572768576
100020219	0.0988679048405396	0.197710678597177	0.240016265138639	0.631633869286058
194	0.378920966347775	0.952132270126223	0.236335763400735	0.742521697366384
100008930	0.818255262776461	0.691208493705404	0.252451570560903	0.728079441891871
340	0.81138785545743	0.293530713219097	0.155780464171983	0.808498845340135
100010896	0.825591026204943	0.808133935948849	0.224341636291308	0.751400767382853
100000787	0.214961570290987	0.108793826873069	0.228888778645295	0.440259166145552
100000639	0.0324875050935628	0.21352332063873	0.20790846900022	0.7540111196033
100001851	0.934169352632799	0.301550397837957	0.262418952912467	0.525264462016705
179	0.649664988785916	0.52863824363028	0.225213645573349	0.768476494697323
100000626	0.358259271591064	0.70674409655036	0.242749598624616	0.749597147264047
100001605	0.0126677563260553	0.0939713531741661	0.309408293134808	0.834063321809525
330	0.217209766531283	0.402941349948442	0.258735503754144	0.603481310103524
100001162	0.606152999572082	0.69455119463556	0.216688490684488	0.718697494295969
100001167	0.0570865354407731	0.274058293950805	0.232899544273019	0.724854869685966
100002067	0.545932122502498	0.804684275001196	0.302532396898449	0.689684296247507
100019968	0.551274416176098	0.319848938570594	0.259513301689458	0.676760770599218
100002014	0.980543877236302	0.985075372593974	0.231932587355072	0.768347921590174
100004083	0.432775279175474	0.132157630639111	0.264387093959913	0.600000187182712
100001315	0.305806682426056	0.378566760221846	0.246282874328233	0.816986328441623
535	0.190280410936217	0.50481564503663	0.252881806468837	0.740909215534649
93	0.362158720696803	0.248502976362693	0.26351270432909	0.576346664337431
100001989	0.433227543554531	0.673756854790656	0.217757368911544	0.782621919199106
100001740	0.718238887803841	0.389390038657682	0.208739587399879	0.770308487008611
482	0.206394341065961	0.968391078184927	0.232576766368382	0.74474978964447
1629	0.265933208998769	0.436773543133075	0.281219362713868	0.722377195671395
100001399	0.478682862602098	0.39326632332815	0.246604436463386	0.746688070867392
376	0.923658486333708	0.171810131095101	0.144676702141626	0.848989000220114
342	0.564596661977333	0.596297155461359	0.232599263277791	0.742918573237852
100001253	0.0240876656317364	0.160894182025569	0.190903976058924	0.978464610639135
100000708	0.568351218022408	0.756605250389971	0.250041848764008	0.756036294021241
244	0.233044566285202	0.0581428888211852	0.19622016851894	0.857914036081567
100006726	0.452788218937448	0.303228336812376	0.277818722960409	0.728040644205299
100000036	0.173488070240628	0.652593701309766	0.21549763192036	0.786595154395588
100001257	0.0211434359389767	0.0774527617559578	0.328519204008171	0.972044655664425
100000445	0.587533821888106	0.691532683030502	0.253244179841226	0.709431995663543
100004088	0.00346794706378994	0.108286377654418	0.268381400940409	0.834821760953765
100001423	0.918576949145329	0.818976817005809	0.235552247818828	0.725535180976741
100001276	0.418984645064261	0.303946861399149	0.213641977057388	0.659323807724251
100001876	0.720224218372847	0.951507845043382	0.23137662854231	0.747729451248668
100009082	0.660838553797821	0.0426270996388694	0.103248743820814	0.722519734681364
100001121	0.35334388465233	0.728643410663161	0.228497495016252	0.742429265756059
117	0.281071748331103	0.284258720789641	0.185578540948385	0.816303144506341
100001868	0.0780311662149495	0.174673485714274	0.297094264518939	0.725654410630763
1134	0.810217664532678	0.343281401151843	0.164730162571494	0.712170730287729
100021012	0.229254538517241	0.454670346979764	0.238280550403443	0.776617638543137
100001181	0.8401061377553	0.299125266657739	0.293478745862755	0.674176380586521
100021467	0.710533281875124	0.283998631316814	0.235840712866883	0.649181056282571
100000447	0.249688895767454	0.264501068046601	0.27186350785046	0.708841937813872
1162	0.00065248701810265	0.0153664370306071	0.314727495599439	0.638773511315281
100019982	0.493862523849299	0.47341073502709	0.243399141295697	0.72952458217577
100001613	0.99438712755589	0.460138222447971	0.245654855412661	0.71442773044238
100006644	0.439590849608943	0.664212458263902	0.218981445220521	0.770563196572889
100000096	0.612477289610773	0.0270500676890487	0.150472464715428	0.709523863178767
926	0.465832687540989	0.717767450053725	0.237773210758566	0.749029852158181
100020004	0.817368939382712	0.72588325704071	0.244788916617665	0.744673210996789
363	0.20996096235272	0.0557324527027364	0.221251108658993	0.313034205295598
1111	0.421433841173167	0.991040489816398	0.236857087076708	0.779900835422254
100021712	0.764139341669592	0.755449489229366	0.230608499330649	0.730426372156194
460	0.726030067258794	0.631624020595865	0.242438516979257	0.797347264404508
100009331	0.318262346177998	0.198081509031615	0.205972551988205	0.780335594076116
100000442	0.239274107148498	0.696308287110169	0.253109343609426	0.764915543373029
100002945	0.110287709174483	0.0207853828530883	0.316366184927531	0.693752677524996
192	0.865633377414374	0.918126379129754	0.235636448618703	0.772074088818439
100020241	0.364631957165251	0.945315891543306	0.231046577907241	0.74587034713559
100000580	0.112352857026856	0.113978890154059	0.187991153296332	0.988965477239171
100002466	0.0081264514186817	0.0264396031577431	0.191852407286391	0.491923917602681
849	0.85789978445771	0.698192364876707	0.238572259628965	0.705417925768819
501	0.539479763753049	0.412603818011094	0.260737978445541	0.701743986599011
100000282	0.729441202923778	0.153231577267823	0.303717104013408	0.635579660124906
100001577	0.0224291124003929	0.156437906253956	0.329129887035829	0.821467714789545
355	0.135922974755158	0.351298494032837	0.202220055002763	0.642213058819438
100000841	0.941002395271851	0.887189192942148	0.259391115520868	0.729950046217338
100000846	0.83376417248045	0.350990209336473	0.223837121780428	0.740384041490267
100004295	0.94753690434326	0.429552790814297	0.216310420822519	0.694842249461958
100001586	0.129327081583706	0.0605561252641593	0.34900129729413	0.393707126484221
407	0.00602105546453395	0.020085434007791	0.249300126975975	0.851171773308454
1137	0.706980989746033	0.624766212230256	0.217150832143239	0.806599162726601
100021374	0.0489957548106618	0.016484455174373	0.184061390674622	0.865272501718052
100001593	0.574555846311859	0.958061796250014	0.234095058747749	0.748004153319582
100015971	0.746477702755507	0.734351849565869	0.226613346482566	0.744740064578102
100001022	0.425971698660908	0.199976485306643	0.147936214267761	0.997527280078976
1094	0.0949749937884495	0.309153669557413	0.368262558960215	0.937126406221808
100002122	0.248812236455602	0.235161936341593	0.187970733400547	0.856591353436034
100000706	0.564992359314386	0.606526125140251	0.203728551386461	0.746656987415532
100001055	0.69197405030407	0.464799959065738	0.214734911097408	0.687818622333925
1235	0.498639674436478	0.710448287519758	0.221092505516064	0.778665452266877
100020204	0.0772910259202626	0.480555648816538	0.252953045394104	0.800355975867902
100015643	0.0317318896858085	0.286274303749389	0.254443023807692	0.698971746868781
313	0.0167435880356731	0.233360410653682	0.243848735529921	0.681375626849882
100001413	0.871380378494911	0.873546980079698	0.229735140350184	0.735430080976062
100020423	0.0207800060579209	0.0166754778365334	0.25933913928342	0.402981190777389
892	0.526001636147865	0.164279852874073	0.259684717120699	0.770393642267652
212	0.0952082663323513	0.167970270834681	0.319760413522508	0.710873281443904
100006105	0.175912675359576	0.174405796340844	0.267976554595335	0.762145958982448
437	0.699506987683397	0.609609132781009	0.217604135091673	0.760139319673996
100019892	0.527247061195067	0.702940426832567	0.230260741328887	0.781179798498868
100005716	0.0583041006907764	0.0924559330431595	0.247458250290884	0.845704917199491
537	0.278577014494259	0.146841671844546	0.246537461951985	0.764086535732844
100001990	0.240910714482732	0.564311816025419	0.271352329121625	0.690755618731711
100003397	0.0372010226143543	0.004049116759336	0.18359598728417	0.48204421355638
100001320	0.123854202047656	0.228399804419084	0.306236954048106	0.494137086548398
100005717	0.123261833248134	0.0858757347750659	0.274188316957242	0.783615783334871
100001207	0.0335186118802176	0.19110273057627	0.268723675018525	0.75316085698426
100001999	0.561749786532729	0.815778799872385	0.225010505362212	0.838714631777893
100002488	0.248794833992324	0.0217945750671699	0.284541259110318	0.680396517010726
62	0.235850298556143	0.735998920119038	0.226660155132554	0.7515747048656
100000467	0.58884263577845	0.440234431991061	0.22210170179585	0.718935530241928
297	0.00517190444824802	0.130743000894369	0.236262502168736	0.715206943930089
100000285	0.0282159583284714	0.382053687267527	0.23386676418928	0.850403607169141
100006056	0.0544204445222812	0.355602579650332	0.244292504793035	0.797579122373437
100002126	0.124902122264235	0.229435056520173	0.172631138027685	0.904631443734597
100002129	0.720529567084556	0.822132301513145	0.226120376183624	0.833083606523682
100020478	0.0278903453143495	0.194159236445911	0.203921541775087	0.785600444955368
100004089	0.0831035569470499	0.61962636044483	0.248352698729912	0.707190753916241
100001755	0.454821070915251	0.633324753394376	0.235226723809484	0.704876204541239
100000551	0.0360017546776574	0.97614297212453	0.237459877466592	0.75044488349105
100003260	0.558115806424639	0.360347546120169	0.265029753716178	0.814086089174052
100010955	0.879847154367411	0.423408148685602	0.188443143335073	0.63998688010069
100020851	0.186600382587996	0.423302886614709	0.25163707565706	0.774977144959812
100016069	0.740169479316833	0.86162175783455	0.2356755238831	0.737427988861595
100002027	0.395983490259425	0.594523603325938	0.194350418007072	0.844438153381607
1123	0.410358876490262	0.202948491798475	0.22336190276107	0.873080380454282
100001150	0.689438746997399	0.917673647575282	0.231381529092337	0.751743058183732
100001657	0.338788452701514	0.64872456004689	0.233158907311908	0.728475196881151
310	0.233808078126909	0.318444275518696	0.199484989656096	0.863686433223859
100001314	0.303698401933169	0.115022948151897	0.214324082707589	0.62209370854194
452	0.78032657119968	0.688275241360216	0.262864162131968	0.719433713345582
144	0.113593189555413	0.0698085837960122	0.293068378846753	0.603700744026813
100001182	0.244635608537874	0.176257812641587	0.292070010754524	0.725519444843403
100015965	0.690221838471343	0.43918753775462	0.219496964529028	0.826839157988023
100006108	0.934051372080587	0.472381287633715	0.241238281544662	0.785589311209622
100001400	0.78055481014049	0.67890111666003	0.222779438674626	0.736074601280076
100004541	0.331398081806711	0.234888207933498	0.231827486453487	0.493603452440613
932	0.817598569720362	0.16435086724905	0.222814103242851	0.841749584937061
100001992	0.358403347486033	0.514553886960689	0.344322850300649	0.632027335708736
100009252	0.145050526091901	0.202220521103726	0.287148223939247	0.723560061065478
100021104	0.667983159679891	0.548716329762658	0.188822792522135	0.886777633183379
100015838	0.00617818559601427	0.0308721769688348	0.340205234892105	0.970678645149657
250	0.000429688832894769	0.0154666437973679	0.443909508590642	0.875346846878898
100002537	0.77106730256014	0.612529697306364	0.221442231301222	0.827415633901833
100001658	0.746221336887666	0.645462450564384	0.255692733414547	0.732831168050571
100020416	0.324472137792449	0.392673671213288	0.207571399386661	0.721968348096212
100006642	0.27825075254659	0.793125686732685	0.225244807830915	0.766216342674843
100001391	0.0690930193683278	0.279131545520268	0.306189356307434	0.884817147744592
825	0.567963928357343	0.652815412159867	0.208205236843939	0.757128902809631
215	0.0158501059546628	0.0943932768250195	0.276431912947793	0.734626247274513
100001026	0.980763938963164	0.851721464783213	0.229703015518489	0.788733502026095
100020541	0.439233663782724	0.450500286248688	0.20175478014907	0.788115060094005
100001526	0.138900434602339	0.210304579402127	0.372612423973777	0.897583726015504
100005384	0.611833479811425	0.481185831759264	0.222953226241595	0.670407944883724
100020378	0.279354384442887	0.663477469101454	0.221521464681994	0.754928484997818
100006115	0.878730141109126	0.322392289929886	0.318582973834864	0.616706797898907
1442	0.292452706619479	0.0592429765567523	0.105401830749136	0.620530247287628
100001843	0.181913272990315	0.238267554030338	0.256576045038163	0.82607584990154
100015837	0.0798335500607329	0.2012197733372	0.443268758012537	0.697028156579401
100010834	0.710384428512636	0.978602921546074	0.232549022752114	0.745611341896879
100001393	0.469736806544748	0.501848251958646	0.19385054342128	0.77893530160408
100000015	0.254294392100196	0.63567158967847	0.22063974502557	0.762275237075351
100003892	0.0600088783975726	0.0554330337352282	0.207580225729548	0.996061584208812
100000042	0.215091816957516	0.0296065001906788	0.256547578219735	0.645660196884764
100020550	0.647465879948127	0.248529232555201	0.257209909678399	0.638974415812384
182	0.358382223323616	0.299976082638614	0.219944532861404	0.777187763822641
100015723	0.140754575461411	0.434023392195202	0.235689597860911	0.729506701495323
100020343	0.320809077944922	0.416382001189667	0.20332132425151	0.75468614247953
512	0.336460364869024	0.631811148707255	0.255455194355007	0.719657667662346
100021100	0.743285687251707	0.688167050099736	0.2217367581647	0.75210618088424
100002528	0.387843243953314	0.0862856936937266	0.290574902076942	0.514655235287075
100001287	0.374108925249333	0.70979459568164	0.330402496382325	0.678500656137972
100001229	0.643812124365838	0.944054105433936	0.238168930233042	0.741736099145569
181	0.4502984582462	0.884045820953542	0.230064598501369	0.764006716800574
100015831	0.00120108463844211	0.0185626485798911	0.316979490852874	0.526032064882197
100020515	0.401574168151769	0.511130694111244	0.195413251555564	0.881663400175527
327	0.17445688113587	0.235641230472992	0.283893610979536	0.702282814099245
100009394	0.575220078009806	0.686185090574061	0.214363427147529	0.786786165389129
100001596	0.988105607478812	0.279979025579779	0.215063235192811	0.580031931419615
207	0.840494595265048	0.490238947645097	0.244129050765003	0.705928419429843
2054	0.441769524977455	0.702785449792401	0.219274270312339	0.771023206975796
100020259	0.695561201843739	0.601020925279834	0.255022029185949	0.730929000264636
100020414	0.0055886136057806	0.057100677550032	0.182048682464962	0.696625291575357
100021131	0.701128764841201	0.336562355707998	0.230301996673918	0.699405011167956
100004499	0.7092531461698	0.827821100345245	0.22965868135274	0.726998897515047
880	0.213172189165816	0.850887056169205	0.249387925840408	0.743158041619989
100002049	0.565825421157526	0.34298604731384	0.260734051307381	0.69443538151046
100001739	0.57285973605154	0.272904123325262	0.300379497317086	0.704106146550171
100001126	0.509854056331642	0.166833515643268	0.157741954874641	0.61577909242256
1113	0.720096188142374	0.890925007004471	0.242313326056472	0.730380262554623
1083	0.917439443498124	0.369348983734675	0.258973316875539	0.656905643624833
100001730	0.0800390576495858	0.196173922917598	0.272935856505213	0.619243767004623
100001412	0.334835743608159	0.721706445830309	0.220994901757047	0.793108889493125
100005996	0.69440980241014	0.606573236994511	0.225212505540687	0.717680200334712
100015962	0.00599598189877732	0.070443160617112	0.164093063037392	0.913696625392897
100020214	0.795880652880541	0.459240330878654	0.251616353929902	0.663709284379686
100002514	0.132148014190375	0.349735653042363	0.244181750582388	0.682021150313474
564	0.178331269625708	0.0466663595864821	0.201893164893853	0.615676541897235
572	0.0196940606586774	0.0176292917725539	0.348906744375639	0.606922343219235
231	0.864126106284854	0.732973193749221	0.219517959026176	0.756308907667364
100000453	0.824913320475933	0.678364369570424	0.219601285268364	0.791194826491093
100001007	0.104062906065258	0.227438930918068	0.282563704974753	0.615506165844431
923	0.52174867291469	0.280318751810305	0.215169758831151	0.815386125303669
100001247	0.367997461338764	0.474536563709521	0.214102391282059	0.731839350798147
100000774	0.521069244618955	0.83876108791427	0.247238920251229	0.767455620670349
800	0.324966941823836	0.333165492733542	0.244364367314722	0.81320936043193
100021678	0.333319241998722	0.43375271553982	0.197114463591214	0.742761733990625
100021711	0.395918333160348	0.808699134762141	0.247141127948674	0.758040617656307
100001274	0.958222044278226	0.501325671104817	0.23081381021782	0.611238525976227
100021220	0.148320111636762	0.173033384217191	0.294061354625964	0.942301312976646
100020253	0.540515002544666	0.872161876792543	0.233196345730817	0.739000648697619
100001170	0.925015896906494	0.231692780988308	0.223434483083242	0.644245133170405
100001466	0.158787118452595	0.725206675734033	0.242045082703287	0.739622213776233
100009406	0.637919203602761	0.601807750208363	0.219151990489142	0.771236284879955
1026	0.155008141147359	0.413841041814766	0.24656960546649	0.714157000610496
100020837	0.728173726139143	0.428724781698908	0.265034843159301	0.653460440982674
100001006	0.0798612906511921	0.084633131827102	0.224886520518398	0.870702628106358
100003674	0.82233782920299	0.141084012169631	0.234630553481576	0.730431394364438
100004396	0.253208066444637	0.341424823188236	0.274692046163403	0.617512416608792
100015923	0.408082011319861	0.847387079004277	0.257650440774967	0.732809523595919
100000265	0.516304911985525	0.763574710779872	0.237703218721014	0.722673168662828
100001409	0.109208949843167	0.141381643627191	0.235414871684896	0.581382845325904
100003434	0.330115051241261	0.607131107006808	0.239802175939593	0.679656925080301
100001334	0.626305648333607	0.0823792027853457	0.29521433532627	0.619585508429373
100001102	0.901924616699636	0.669975129156005	0.241181305280323	0.720949831812519
1268	0.759770282937895	0.0819693893591751	0.150188978009335	0.689079434917695
100001300	0.281342280987844	0.10402427241625	0.209973214127665	0.743239189662759
100021324	0.265385844279531	0.773508075102037	0.296527673144535	0.737966787106082
100001617	0.103701077584481	0.0976786416630027	0.224672190447564	0.792014845343715
1105	0.908554861930381	0.165163874808248	0.318866829375793	0.423391702058068
100021502	0.0521403421854344	0.247302578958745	0.220711939090318	0.783671878249123
2051	0.868148703204722	0.57675687905368	0.232718652316935	0.639137459585371
100001256	0.106136720419438	0.423024195782629	0.264186885705984	0.917906420062396
100005466	0.0760712689981672	0.0967146462841966	0.272096362890921	0.532848981695217
100002199	0.101334292917975	0.65725829228179	0.242535748584248	0.773977678861022
338	0.0125340126285396	0.0415889604605972	0.386990817006241	0.496501328282083
100004243	0.439797843153479	0.55632348043212	0.213741332165986	0.761931303356212
799	0.409775952719293	0.974354805436762	0.245742221018527	0.745874507375298
100008928	0.666523394066025	0.123998682894806	0.23929679568686	0.728180342180093
815	0.0720382877793007	0.236111828529965	0.231910346937364	0.834718824660928
100001456	0.00110402244276517	0.0284922190239889	0.194646599550084	0.684503478335457
1242	0.134258549912072	0.126850069068798	0.298314313249417	0.541183671467502
100001416	0.305759257007093	0.11632735711691	0.161198129107937	0.483786487894981
100001462	0.279988888846741	0.292237690423006	0.278446153979802	0.707003378104097
1087	0.243727278007325	0.0495005001546019	0.250730090640836	0.700158483732767
100020421	0.0733627186305194	0.113638527158274	0.268756899847059	0.500744250889535
100000010	0.00552075916701101	0.0500083602361362	0.253157222098552	0.794588038072997
821	0.628276081448333	0.453895350293966	0.262385939951354	0.609165219436188
100006627	0.284538215131059	0.160599488216507	0.3335303052515	0.640639910034421
100001277	0.41347459941339	0.178659614277722	0.280786256085217	0.698156659320654
100021141	0.0261023924463955	0.154429532323261	0.258592922885046	0.86999256147522
100021105	0.178953645425444	0.277567919473806	0.249048563971907	0.551790078770181
100001950	0.000240012785926729	0.00536911938184918	0.294822720728585	0.940558507349948
100020217	0.998773983469445	0.341345995330652	0.171983966598406	0.581532413172575
100006651	0.03334912951959	0.196510598673709	0.270640295929005	0.507167145268007
881	0.965287288969003	0.431766550917716	0.21923610417398	0.759875738918208
100001509	0.840116871676879	0.184315338555806	0.213982503183414	0.657209675113904
100021709	0.504348489201297	0.764801356039334	0.224005888482171	0.757806997670218
100001635	0.354214611005102	0.0434463911000661	0.262167135413276	0.684107680234852
100002613	0.439546655943743	0.118965883658191	0.214628596351735	0.837592573677084
100009329	0.540316981436084	0.629985678439964	0.202112753281602	0.904006065658006
100021123	0.98114931557411	0.736186976352041	0.241910673938656	0.687583637984653
100015760	0.263553727227331	0.167671471032673	0.190753142319062	0.78297715822728
100020205	0.476420649581642	0.534247113768284	0.272280368806065	0.602420644082103
100000765	0.553467575929218	0.663479093849111	0.229481890065094	0.715978997504686
100004111	0.307428386939977	0.158286881717168	0.258820713685645	0.717843410187756
100001615	0.191943100998422	0.825387647041993	0.23246526917987	0.744875168895265
100009227	0.172143050944297	0.102328930793618	0.334432555352634	0.901438365017457
100006191	0.39375853493643	0.601831266886492	0.255650612490625	0.696563229959013
100004542	0.513166787987037	0.408592474582954	0.246660060632546	0.787940635352466
100003686	0.329578339953223	0.14157664720377	0.335078259877642	0.678563194509307
100009232	0.0244947411225073	0.210118614666513	0.230260212632839	0.650156751937958
100001501	0.0304083094892749	0.0804612224846455	0.301649676401793	0.802532813020964
100002367	0.46028960438943	0.227687245751508	0.216116023809575	0.585337579923456
100001108	0.370001125183649	0.682294452815284	0.229797376111943	0.735749560760723
100004227	0.65414667911568	0.945865669643075	0.232438847648702	0.742434966730546
100001310	0.156374299585421	0.249190309817092	0.213029549151319	0.881105473697533
100001994	0.917030959150118	0.928356817205003	0.252077409211679	0.796075722890328
100015839	0.00962166708112523	0.0118228883471842	0.30949485296325	0.848606371175981
100003271	0.00513257524175825	0.0808532285675029	0.307617994883204	0.544292549518039
100020496	0.751931591911294	0.991441821865027	0.23683677540585	0.748357007378093
302	0.641750274111074	0.405855312839948	0.200683977857739	0.715164697750179
811	0.79382800916448	0.738166264978368	0.227090344509449	0.782685377526492
100001267	0.924641321289575	0.789318422588313	0.220881586343734	0.74262922438443
100001197	0.0169302071703853	0.294815405290061	0.265487600681635	0.765135745727831
432	0.198609584942324	0.454074179634486	0.249067698833626	0.727380967679261
444	0.0115315891707626	0.0584858478686533	0.264320726007525	0.881069182543075
100015968	0.378810827329728	0.409507296972421	0.230753333048291	0.673628457863233
828	0.678360915659002	0.975331388623105	0.232430474229088	0.747355525840948
100004054	0.165966281787454	0.71050831614278	0.232906884930029	0.761596821415669
100004635	0.0972095536207341	0.16745037060775	0.552282785773514	0.479213185513053
100000491	0.561644752222462	0.662311984675349	0.229769844213489	0.667847585164874
100000939	0.050623914183501	0.036198794681001	0.250720604673232	0.633306514153855
241	0.209859968653239	0.596095014389432	0.249459764349343	0.768854169641493
136	0.396531806262644	0.0747950652410072	0.203930384076232	0.928245843065225
100000792	0.654906060114114	0.983331592626617	0.238606153041358	0.781870688480667
100020973	0.690504920087776	0.680781296097681	0.250256234082276	0.720057615571832
100000936	0.743751376086873	0.877984754722634	0.231366010128321	0.749151385761842
100001313	0.00606490640519245	0.130544610243224	0.242519828441086	0.811080692686057
100001951	0.0411850271752705	0.0867804423463249	0.261757918077684	0.742263291870117
100006098	0.0187159739349328	0.0852364594817702	0.265751408681532	0.865313280776639
100000007	0.210363674538797	0.501222202134314	0.238947799728954	0.75570987863245
100006641	0.820417923761539	0.822439537805647	0.25572326747414	0.74889982265211
913	0.00953287638167939	0.0578216401523597	0.290902578744569	0.606735944562845
100001579	0.822197917079935	0.441843670783684	0.25823991275128	0.746348135978596
100002911	0.157005245930405	0.0140373721980313	0.311255043389776	0.698615670673579
100001293	0.246343094094887	0.3539274745622	0.200497008644857	0.897061884347773
100002241	0.208242326057392	0.518110429143172	0.246115466000674	0.714356939176148
100003179	0.480935837079032	0.0977848381094596	0.228117866452866	0.591268308906919
100021372	0.368023927939658	0.250983153922193	0.174824800987954	0.749813399403488
100001956	0.380120881583047	0.582984341067834	0.236064131819329	0.668727743028948
100021162	0.166281779445061	0.137725253955764	0.215916158125315	0.555866443539321
100002259	0.305529685836486	0.568969085411557	0.209515494660158	0.741786973279076
252	0.424622532669912	0.625231775850679	0.267763635142525	0.693727393424047
100000707	0.452964700455872	0.342461666225877	0.228981788466688	0.755101256195925
1489	0.701449480955095	0.0209281540366976	0.172854444082283	0.716786141108199
100020361	0.0311575720045196	0.0889202341785775	0.261713581825878	0.96542972647396
55	0.798789610737641	0.950077769542696	0.235155406217898	0.752056509612907
100000863	0.523909537500741	0.338118974157622	0.215194117622339	0.758993001941244
100015840	0.138168878590131	0.0894148861119057	0.313094318817285	0.710286805699306
100001541	0.191305121527141	0.0939399197356174	0.161649838314352	0.731597550284693
100006082	0.18295728578601	0.0665637750670735	0.316303494165478	0.729656581652039
1254	0.752203115046963	0.83216550371311	0.227937185114041	0.780590212658877
100001624	0.588857448962532	0.413428336726994	0.221806331702658	0.720752659025463
100015850	0.928756839245361	0.513398945655844	0.296719580153784	0.706233832602026
100001104	0.00222470672533284	0.0108228091737119	0.253720058728254	0.938425075769638
100000900	0.139240029947231	0.429937610978022	0.241598640621923	0.750529603000786
100000269	0.391556568992696	0.120230412894408	0.152538087757616	0.675579708483274
1022	0.220704691097376	0.997298095307576	0.23260375244432	0.74691395570081
100005373	0.215990721133914	0.0771236646517367	0.206698667033252	0.778785174520889
100001129	0.112508340314075	0.661449847914569	0.222228081890361	0.784393645656363
935	0.0106578656357619	0.121726979280347	0.306385582897795	0.605339227358219
100001262	0.11088804326513	0.166554448837029	0.236111736016793	0.788243540369664
100019978	0.304257722410116	0.62764837723526	0.227710366401852	0.732186228830363
100002293	0.698003026462417	0.759057835949382	0.235338103808461	0.74910784799077
100001426	0.257548670685622	0.329920827909266	0.241866365449456	0.589815269712718
234	0.0337973769550204	0.152278540625485	0.228947501134556	0.724124726117029
100005403	0.293131352917108	0.936694911270475	0.245234533176253	0.740215999960096
100001083	0.0367028902468935	0.302163430514614	0.254506775904816	0.774243346154474
439	0.788806590094676	0.357346095906976	0.252641881257868	0.738025868547941
100001086	0.322896741574902	0.393152531874552	0.244517922395928	0.834598622448517
100005864	0.71044403850549	0.433781510908792	0.210765055387017	0.820552532315574
491	0.528595643275393	0.915681748130334	0.231254496746474	0.748402592023489
100002029	0.403390710963075	0.381819874976664	0.219020594998766	0.595260603573668
100002154	0.937379855913972	0.534383311342724	0.210870327275327	0.72228559999889
891	0.575428609740181	0.230427968629865	0.265192619780548	0.709736393192067
100020261	0.401417740622283	0.476871524641822	0.280907964084252	0.719592432417731
100001296	0.582796993649508	0.542741861247906	0.237218520853402	0.647486048852776
2050	0.401858685854983	0.600488364150379	0.250392933185617	0.696000954310219
100002761	0.398388875570615	0.71250924601702	0.209925644644206	0.865866824232848
100006614	0.901896282724473	0.611961413504647	0.209983661231946	0.824819365557447
100001597	0.730210990094823	0.19733726020513	0.162754523058577	0.558829644644976
100020853	0.914080239163329	0.92141207327067	0.235413789092285	0.752001658960357
100001446	0.303016562097348	0.427584335896111	0.208970603101616	0.737562780321948
100003240	0.248786403434063	0.116933260283818	0.268977187113625	0.663403081038539
100001502	0.0154389771065776	0.163814527011112	0.281727326517127	0.866859136864809
100020866	0.106230783967715	0.012254884206314	0.140769275782421	0.548886426298579
100020419	0.0302155406898827	0.0913861059789774	0.253582281160883	0.479216087190881
35	0.590695108571208	0.333644822705117	0.21380790239148	0.692847869307629
100003696	0.0111753053248153	0.0512752496476643	0.346649394932078	0.685985848784462
100016038	0.703386445859754	0.994451599162544	0.232124925529756	0.749822643509874
100009333	0.194738848497364	0.167559576567602	0.229979958073699	0.779476288421842
100001611	0.105570266770345	0.272956218816099	0.310062482442695	0.728721983624725
100005383	0.632470211561287	0.28680544456871	0.239173446013874	0.793738575769379
100009239	0.336045944578417	0.147276706775987	0.2993016756976	0.559725666012891
100009332	0.288580367210388	0.223634937796123	0.229196216500855	0.712753633711615
100001731	0.178157180832639	0.685589033079361	0.239148429332192	0.723465326550878
100003415	0.368190123778902	0.457418654283447	0.227696222588958	0.76172818639062
100020578	0.15783825082824	0.203865448713353	0.221122731841672	0.63341987666911
893	0.79866776371638	0.536835149349538	0.231035127666154	0.757915027170168
100000963	0.366652767996046	0.250103395328227	0.308939033531428	0.550389540072195
273	0.213192268083818	0.377575004002882	0.278831446513104	0.732942331059896
197	0.622851074199256	0.516796895749982	0.23219384696327	0.638575977357114
100000808	0.261383044424106	0.198218888967749	0.214070538832599	0.924905096156615
100002284	0.622485079134756	0.426385445670114	0.163209362788651	0.688167753659633
888	0.928210336625796	0.0963137680058637	0.253109407411121	0.730305307307046
100006435	0.416684340227828	0.249607774749932	0.160525772924764	0.877533694223459
100006374	0.179759448421515	0.520001513619239	0.239977545344807	0.73701017135961
100003169	0.559460586446957	0.963252977774641	0.230942786670042	0.744845365322112
1004	0.660737877091246	0.828792763805584	0.223993751028687	0.730438869233183
100005998	0.0785437173140166	0.847148853412266	0.25095248731443	0.758931239548083
100000773	0.674569621297635	0.548166009026216	0.237264590858883	0.729345424729794
100010850	0.021163552811179	0.139155651130682	0.28160017599731	0.618717707849899
397	0.720629989633813	0.424757777465141	0.181175562555106	0.80073350728808
100000039	0.0714165651976402	0.212854037570847	0.185507000704149	0.807485350679182
100020833	0.725983597947912	0.766039602152419	0.239071568958117	0.788607013342952
1021	0.409565703850302	0.353759804098417	0.217541002062159	0.785132135785857
100020479	0.391275337318761	0.602056068619393	0.23670117012911	0.756484583205624
100001335	0.602716258268455	0.358648288988841	0.268051701354782	0.711405386888901
100000743	0.540030692409827	0.980396332453071	0.231895479397341	0.750404251698265
100009246	0.225020948919607	0.991438568103761	0.232875374670139	0.748142472168291
878	0.0801525940134494	0.954463197853471	0.232431457938215	0.748427695776017
100021103	0.71074461690738	0.820281209315213	0.23565119959399	0.836002090424127
100021363	0.302479423943553	0.595368461867752	0.218986801457952	0.78342366562354
266	0.136286169520274	0.200100522672338	0.23941934414441	0.661860166112948
100001195	0.319223815631942	0.227750398517242	0.302262927030626	0.67057686115619
100019801	0.837073740660775	0.745742959291184	0.242463036749373	0.734449559914433
100002196	0.0261575020375537	0.227088014548787	0.240091466277372	0.767022546758817
100006370	0.213919453896449	0.902935755475344	0.228191597746494	0.753179920330765
100001510	0.0285939006199955	0.00346908667619995	0.19251811717191	0.852161428746844
100000437	0.459721864223193	0.379221571209542	0.215530202761893	0.836472732615102
100001767	0.154996575465136	0.0346764250252104	0.29659397576498	0.808171357866683
100001810	0.289948857168709	0.386462599522279	0.240007092715542	0.962583538750239
209	0.0327931347742512	0.34237070332938	0.268969842469182	0.733252886772137
100001485	0.335161716604985	0.110364108236038	0.145222663993639	0.666042337360722
100002500	0.126949818344215	0.455287482226497	0.236607039109545	0.716950707648011
171	0.0377422316875045	0.0275846746336472	0.17687727059302	0.740171319939074
100020487	0.901169082727996	0.918977239101932	0.245524278011535	0.734834938949456
1206	0.00724724978706272	0.11596581490304	0.234478837065187	0.802732946176863
344	0.0166307042657638	0.0319796291285351	0.524560390757283	0.822409774013707
100001405	0.386938081037234	0.818083325442905	0.239330279639041	0.729524334622456
1239	0.962000416013065	0.517650176242393	0.260889303049912	0.750611803057296
391	0.0522897453638587	0.161981849767612	0.210654485176422	0.981724266009901
100006430	0.416537409131919	0.17466137015821	0.293852858530635	0.46783021517212
100001417	0.902026922641137	0.458994921603234	0.219233635198185	0.873784150743365
100002951	0.0431078535204777	0.421986142532388	0.226795427520055	0.65683491949884
100000014	0.452826658585109	0.604737927259673	0.227309296408205	0.785387726231771
100003926	0.630855376469155	0.522564744294221	0.253323736957787	0.72666663378933
100021538	0.525611611419425	0.388159023950392	0.275525384093626	0.658285267501528
132	0.331844461335276	0.957945193159915	0.232982650788429	0.746506061571181
100001425	0.665253545499742	0.616589094574143	0.288828734004287	0.689690460925642
100020262	0.633096072638957	0.681364166113984	0.250081797787031	0.734106079586504
100002679	0.314324153485194	0.630727101651508	0.215679511588616	0.834525258916726
100001270	0.643798130549634	0.6266140524186	0.239042192796498	0.724775466514157
1102	0.760248469870095	0.935408162349938	0.230549278022457	0.758346333411283
331	0.264631167955811	0.207222432336575	0.190710254823648	0.635833323429864
100006361	0.470228176169649	0.567963722283216	0.210450889622043	0.833636293531518
180	0.731659818688408	0.964772339627615	0.238752636655972	0.745597375370509
1053	0.248920595174543	0.413654869545272	0.368949092077154	0.824314548923874
100001359	0.619001580626977	0.898382421406441	0.244102344741897	0.730574886478608
