chemID	simpleLRM_Fstatistics	multiLRM(chem_sig)	multiLRM(sex_sig)	multiLRM(age_sig)
100021136	0.0251584543570512	0.245537531564096	0.329159458223156	0.756952150197647
100000882	0.823595875540002	0.6502340268751	0.304255767214035	0.641575597437748
409	0.0751821358068862	0.157740891461414	0.342899123331167	0.41712003295361
100002254	0.790829993802607	0.0498809582761977	0.191452999478643	0.652007922787247
361	0.00717258702534475	0.0972915043280343	0.211526865734884	0.639544332354162
100019975	0.559098961483471	0.710491970889351	0.293806399252272	0.68517463839254
100000257	0.000581854094265871	0.0185971296175944	0.302607683631762	0.595351254354419
100001232	0.97720009872403	0.932256982558417	0.302571199248725	0.663892194945624
100001948	0.396405620754805	0.405501532617768	0.311576527481319	0.54052582269125
100001073	0.589960275390639	0.650375258452181	0.370211952613171	0.589291963870609
100015637	0.908846880293079	0.420323844560208	0.311400173215401	0.665591407621074
100006360	0.642326707376415	0.705403464019519	0.277676567795342	0.731283119491525
1488	0.537047515094625	0.576739930078844	0.296065354949204	0.642798504741513
100002253	0.797600074835303	0.964945129220076	0.292683188426921	0.674360077604371
1023	0.937674684995795	0.705823812304376	0.290331715895747	0.651135064332244
100004284	0.67281687978069	0.822507929079671	0.287827167873111	0.675372516093535
100001251	0.684136938052633	0.995562938739865	0.293662374002083	0.668440714017443
362	0.696374878241849	0.500477715076753	0.265865691832555	0.662980387977986
100006620	0.798851227666167	0.852545999432032	0.293847907169344	0.673133868914655
111	0.363301758287307	0.176123964422219	0.249235154778469	0.638731747076168
100009045	0.637296216292769	0.270043111275911	0.242336983783293	0.826998016123069
100002927	0.720635134912372	0.870811515280596	0.288228828162201	0.686214168612527
100015641	0.744037263871394	0.944855126971608	0.291324569791704	0.673197041467614
1114	0.116357256460094	0.96321541776712	0.291213231804905	0.670634529911404
100020409	0.376347419118602	0.384122492842589	0.291392864919812	0.546594253562685
158	0.138088482157264	0.26394427039608	0.367437916138771	0.696916596327487
1224	0.0411638392121137	0.171804969368539	0.229337013220356	0.706290872422767
100001620	0.492877975131992	0.398373626584522	0.25445689173576	0.671996067551577
100020893	0.294670754705207	0.0639515903469476	0.26813595485505	0.398341896533317
100002458	0.717172867930134	0.603661938172531	0.329734418865341	0.619606446109747
100001112	0.809556703612318	0.979605891070703	0.292021094821633	0.66796132985896
100002953	0.420029789985377	0.833399157810814	0.289817560716168	0.678595940683003
1141	0.398344979579976	0.0584282143707433	0.378579545840698	0.491785601337379
100015834	0.487054816160088	0.977205416226463	0.292848420336738	0.667522655201346
100004561	0.649495500838437	0.910380185972795	0.295027686415862	0.665851531039115
100020497	0.753944802616164	0.792197472342248	0.281240250381893	0.689533887099498
498	0.0528312242469844	0.312895259030116	0.286813062431295	0.747664111695306
100006051	0.851849601536968	0.838643813101409	0.296775021530666	0.664423300344126
1668	0.653291899263136	0.524811994922596	0.287351590013883	0.608940347639394
100004523	0.44609187220723	0.887121742315813	0.299844726226058	0.656201547741899
100001604	0.257895248217179	0.549942549814638	0.287776865348709	0.711585612651731
100001002	0.17317310736534	0.532536419181834	0.306241518286375	0.654950473458236
100001987	0.0613960683799851	0.259536759927491	0.843994705187747	0.525890612565462
100002462	0.597390701628042	0.334992818318133	0.354306824506941	0.547727459088075
466	0.575944147401997	0.06374774574012	0.320812875735598	0.646520599555074
100000665	0.87468877442547	0.411903771993354	0.328353945864381	0.61208046132032
445	0.963177213801985	0.435113684594297	0.322366880438413	0.718987142388568
2029	0.0920084617878857	0.381431978253933	0.323349286825261	0.671183132238917
100006438	0.131855944879167	0.25667922511301	0.339053986778749	0.68169408629503
100001398	0.164369508050751	0.582837018842147	0.272091588215683	0.689852752222882
235	0.399840973402364	0.455735516755348	0.261697115692603	0.701041619524095
100000997	0.70487096972124	0.690878769486113	0.29492602360945	0.646048982183826
100002094	0.252733084203117	0.206780587905428	0.24653104110277	0.530785141912705
1052	0.639122915982173	0.931074826412854	0.294181433874313	0.688487938698823
100020823	0.340446385958767	0.59273715835172	0.274622309792334	0.658286978386097
100001806	0.289361746790034	0.634295396197347	0.339380894350447	0.678317341785984
100006092	0.820000221514997	0.872255017445592	0.297723377182829	0.657842017531884
100001415	0.111769432949734	0.0766853796213273	0.292614194201757	0.393390710275633
100000008	0.0400689639722526	0.0689680216668564	0.326502468977637	0.503443914293123
565	0.0072275897116111	0.0469225965590436	0.292315892009401	0.747269434551438
100015851	0.158088239575267	0.200952090570891	0.372803251002145	0.803264133338486
100001866	0.505007304996261	0.873816943029316	0.310376231645101	0.651836879690074
100020546	0.00293136138671995	0.0303082079907202	0.518207578067996	0.865353159550095
100016110	0.538835879171359	0.430147953380158	0.242354517357074	0.762471281749673
100001254	0.00323117034109965	0.013216445872466	0.37814639416525	0.881798432421816
100006260	0.402867855768338	0.823631098633258	0.296881045501757	0.665517680983889
826	0.664828914495883	0.859514952472	0.293368236655784	0.663586023833218
100001872	0.473999960742765	0.839236828635359	0.293080466561248	0.668596916640485
100000263	0.353516905661719	0.386917670066784	0.35900962335863	0.662223028040756
100021198	0.812670979675258	0.0625954300565517	0.201899895307923	0.382719462332414
100015967	0.0345748230110098	0.0894842094504531	0.366223433836288	0.489571653287631
278	0.118467195303326	0.237046021737113	0.277231507256756	0.967669942660497
519	0.741463311900126	0.309762036047809	0.350324195292023	0.603885607235338
100009337	0.112858575630379	0.328969529418452	0.392401292466528	0.654546762647897
100002185	0.365486014427645	0.860653903751772	0.286421827685158	0.654850700949963
100001278	0.399815405064479	0.24807839462418	0.358629103785832	0.622819988725395
100002103	0.8560181597485	0.616420429640867	0.294482717261736	0.618355583922765
980	0.796408038632789	0.409231328041466	0.323779420373077	0.650642345654265
100000016	0.94580243815701	0.489211124801915	0.286917971717323	0.645735134820357
100020372	0.188099365095889	0.492157381881169	0.290047203308931	0.607408719300969
100001662	0.61185101283214	0.112384736330288	0.108891774557104	0.667347373316498
100019972	0.938149920159492	0.682095085499476	0.300987854500157	0.655357179873677
254	0.764672840031047	0.716517533779808	0.289984325826482	0.672594469453397
100002009	0.665823986038155	0.697520475632176	0.289653540053404	0.596203950604923
100010895	0.429331974878053	0.539137274110213	0.340244860014843	0.647162714002046
1140	0.998917896240862	0.960477884436769	0.29152967202124	0.666027766968792
100008951	0.612938684820733	0.529971584385229	0.314077712266594	0.629584575234451
1084	0.388538439997175	0.842839651852872	0.291642004633277	0.705027649746399
100002796	0.105328200283994	0.402633693660854	0.263750637157698	0.612466302145067
358	0.987102119498789	0.920239824469509	0.290485705997709	0.659731669865544
100002070	0.778825268674672	0.685539107556432	0.284628221073068	0.701503675823977
1628	0.381405559241987	0.145311246398889	0.354031243494788	0.652887391683894
823	0.76372401903095	0.578080312728111	0.259363711027141	0.722753388601182
100004414	0.48307451707226	0.0718128633347594	0.378354316836339	0.826622257115915
100006129	0.688010282502242	0.674370667782468	0.274574640717613	0.684511322847853
100002028	0.677051117036662	0.449363955339703	0.400862864891287	0.477897919027212
100021707	0.536474898125413	0.672025375484438	0.2686979890769	0.714387666971458
100000054	0.51490210669488	0.466744674656565	0.284492142332863	0.693367352189542
100010869	0.495723113512055	0.237198520365106	0.300149837081415	0.543193707075751
100004575	0.0291930924648819	0.106843964170771	0.368156708914502	0.995651563256677
100001212	0.978659834150495	0.659571106244	0.297265225123477	0.606108733792859
818	0.205633886882442	0.548601015050548	0.337587127173116	0.618916766153261
100001092	0.00173194232920548	0.02300644923047	0.28701872613235	0.653604700887648
100020371	0.968727678850502	0.836011799765014	0.298822075447889	0.66654607014034
100004112	0.201718013980308	0.519657010503996	0.309370782337769	0.675767939483293
1125	0.47962220782791	0.376188893776026	0.32255640010826	0.702092049330119
100020491	0.943730286238003	0.580425926138021	0.256377121236823	0.681937539173218
100003151	0.00274764140841743	0.0259944989533389	0.433729340442402	0.55194634764262
100000011	0.32974450367026	0.149592992892988	0.216005084519992	0.778710472683277
100003594	0.515022678867736	0.965618341156692	0.294608580334843	0.666791738913955
806	0.80116027521793	0.173026189714175	0.287202359647034	0.480789457706892
100001211	0.949140379967006	0.56367203973407	0.303401461754849	0.648673623426887
100002417	0.595548171201937	0.607259933014777	0.283801258582974	0.634823055461926
100009335	0.533506625294508	0.205756896129545	0.240555250618319	0.690589819907709
100000781	0.700948101462648	0.979014493394679	0.292123268378002	0.667627372963984
803	0.028557613504025	0.0295507612556378	0.279256826549139	0.544345381649093
50	0.502292689032067	0.71076072044296	0.299008902006292	0.652766188741255
796	0.420790009630895	0.0488428822897802	0.325666467036752	0.653325003155089
100005834	0.985039644253652	0.642552076649116	0.337868228000707	0.664937348299076
100001580	0.998348776357489	0.488507669867559	0.314966161576814	0.673205785005422
480	0.743115961193777	0.636836007984187	0.263580846829254	0.676661058457055
100001540	0.26992024749369	0.771855956156698	0.362400850801484	0.737597594520383
339	0.550548553286889	0.11929962070274	0.266761052281556	0.577479823986328
1110	0.946570141460236	0.941387880290758	0.295500027586776	0.665739376580936
100015836	0.178173203261781	0.177091433615884	0.425161556975804	0.848244302796275
100009271	0.525480861491488	0.509257614839706	0.329230104649941	0.647834165142812
100015638	0.982518739401365	0.395863042998805	0.305706041845433	0.650685099263343
100021667	0.957836434423215	0.508825807114034	0.330534241204234	0.650226033385292
100001279	0.578811699633988	0.364258747502988	0.319198964276248	0.792341918731552
100004208	0.0205606823094287	0.126233053130352	0.441353086007504	0.783741280287647
100003695	0.216422093884447	0.14815581265329	0.31770003001221	0.45722648064749
100000802	0.794040405193598	0.906209663040124	0.294413464546065	0.66494997414145
100002769	0.881739539218569	0.107873611213198	0.213002090125027	0.781633224947037
100015835	0.119513900782286	0.321781942075664	0.420887901525969	0.858538144014304
229	0.92890152855593	0.34242875697872	0.326662930147006	0.668104143586761
100001266	0.00633483564367615	0.0244004056618421	0.373584043111907	0.973691699737963
1342	0.302623852509784	0.354667803381807	0.251153044664058	0.687000281476631
100002102	0.888116437796339	0.585974530749331	0.325658381071382	0.76163497868149
100020254	0.178710579779298	0.599537643543955	0.285042462908935	0.694710339800876
1231	0.487138446009549	0.211734944738832	0.347647612341576	0.62257455336857
100020492	0.996623922854685	0.904284375887458	0.289485742911725	0.667367480830274
100001402	0.411779575503562	0.560879418958592	0.321759265831492	0.676214592266911
415	0.00589557022631534	0.085213525940441	0.343823634013952	0.726907797013722
100003109	0.95975498565136	0.931034275064454	0.294370018257549	0.661796292517504
275	0.581487532457582	0.829563702368143	0.287080869568497	0.654496034937711
1143	0.166304270200562	0.0742144513400309	0.264886544090976	0.769540016828599
279	0.417950397987417	0.361777229824093	0.291586754637377	0.542047960319404
100001198	0.941838473692446	0.995445586595292	0.298073789668655	0.669146643357591
1648	0.385561972481734	0.960826457257923	0.29298026142246	0.669052946512511
100001590	0.340429622934146	0.28169042238985	0.278994640125843	0.587368613936672
100001733	0.373878832267312	0.850877635984491	0.289198076009434	0.682629484283011
100008933	0.0155894697295401	0.00206367908651667	0.399259448578384	0.626418052159334
100001550	0.346881132738392	0.505982612280135	0.276308356271562	0.618008530874397
1215	0.0641681917965734	0.222775872146007	0.248826667170765	0.620151347916894
100002356	0.278946728014948	0.0963180304955087	0.349566374025647	0.68327891660872
100002749	0.685804275833129	0.752435347892966	0.296152957722723	0.676275803479857
100006379	0.166653307582919	0.16702118056764	0.338831275853742	0.422244007675203
100015966	0.0772447001580983	0.152702666932501	0.322107134779538	0.49217163060414
100001392	0.695151216764737	0.91718912036419	0.29499048512524	0.66661414461496
100020425	0.118279552868331	0.0470964746085229	0.248718862960629	0.423926074693112
100004299	0.314964891851109	0.798233283683204	0.310212222519824	0.717862386198275
100001734	0.592395297552555	0.52901533743125	0.30718338237517	0.608444110788627
1002	0.844715124458493	0.838035065659362	0.293637782717187	0.667066352902045
100001337	0.280136050546571	0.810885062995164	0.280035181534754	0.66881760372258
100001452	0.794894064120813	0.797639639530049	0.290813913968635	0.64480243984729
314	0.529190227756052	0.380588715116814	0.303594383820856	0.686907900587711
100009264	0.992110997962791	0.553939479059101	0.236042508062949	0.787303845303007
100004634	0.455796108808441	0.512834765990876	0.263791792934622	0.685226788575716
100000711	0.727619654716079	0.700273991143209	0.322646097468657	0.692497613730811
100020536	0.0212227241588078	0.098163259513648	0.358899802475044	0.77133846479776
100004318	0.293205366015437	0.552075063918605	0.302317131439276	0.662244386529099
100005850	0.948663540560257	0.528128998773836	0.359311707937486	0.621582377596993
100006619	0.304128064237818	0.147861605085225	0.335230598570761	0.65161901310408
356	0.481690059644929	0.664750843032143	0.281576434533045	0.684422223683315
1221	0.590974364231494	0.579583289720792	0.374147948637878	0.707823450065216
100001397	0.794667619819902	0.754163302744615	0.291052794904724	0.661041422129209
100019981	0.628501047688718	0.902289320735461	0.295947799187716	0.684215234648645
100001208	0.451189401452597	0.25788690068895	0.253382373670358	0.952830518121209
503	0.00783558621174118	0.00927796511999469	0.186987507809701	0.491812201892991
100006375	0.15021530082956	0.62325565007442	0.317342794108057	0.647635031232873
100001295	0.754131504487202	0.656902270575379	0.285579677235505	0.74944102159739
100020427	0.0504808313299282	0.0263728777411138	0.287332787604908	0.367186844267336
100002784	0.503694133015439	0.384097928001847	0.251083082088348	0.733611167058622
917	0.0610600045921951	0.213869421524902	0.319336493904719	0.619283158258174
1869	0.364978980692424	0.203141289515276	0.317942094020448	0.549553535871147
240	0.222286649665427	0.0993524961732398	0.186236820274259	0.467136905445506
798	0.00557346627166565	0.0973768516928679	0.43039453466873	0.598682295315199
100002952	0.239177321921011	0.532236881280488	0.290544642753217	0.743152081644579
98	0.618849001099611	0.824826918957642	0.310131709396434	0.6741676034925
100008998	0.316719028556279	0.342960720674128	0.232784446419603	0.734915814434099
477	0.912278345162472	0.272648463681806	0.300181259410827	0.664002061928429
100020545	0.0929020210318606	0.148032037482743	0.331557113955958	0.834910178022041
100021666	0.95056165256138	0.217745811810337	0.340739077973937	0.65671602254697
1256	0.507360165298886	0.651316620319719	0.347526028315476	0.710911342585901
533	0.307528530645929	0.0800484947920222	0.212608931999307	0.420360657452402
100001757	0.458960711353302	0.922039647145284	0.299502413636753	0.664548331838296
1024	0.325583246701335	0.0916499853637872	0.194871765525853	0.866897164022339
267	0.462884080284605	0.998516854672606	0.293226515992277	0.668651255395693
100002113	0.110443535540184	0.0965433196418061	0.282346313368066	0.693441877305687
100001756	0.870662668040907	0.737947991109321	0.303842264337488	0.687838475286286
100001193	0.47664093097843	0.147973953389758	0.361629036567454	0.618136159684078
100001668	0.688687643474804	0.995262306706096	0.293934956965008	0.669748079683127
1124	0.32375391681301	0.316814205441228	0.260492589891915	0.759749588011931
100021331	0.202533222789965	0.349429450803264	0.266808368971301	0.714991837810639
1090	0.0691486575506449	0.045413136482037	0.273258997672446	0.815728009008647
566	0.847356952122777	0.352477435221977	0.22364632054601	0.670399157968004
100003119	0.483582644661541	0.262285301042358	0.323148637134963	0.60655364092346
100006367	0.745651244385661	0.556383842660962	0.303801713093252	0.647860649629384
100004322	0.233596114792468	0.252917310331283	0.29739284627165	0.754830353492007
100001034	0.666609530414467	0.859958142568494	0.290053804125466	0.661802115708224
112	0.918716953608618	0.922839950012036	0.29458443558334	0.66093864416048
507	0.744184059920932	0.780502997038953	0.291336163505603	0.675175632935528
100009233	0.31943733976048	0.197540754803132	0.270431249361128	0.686400783500065
100000406	0.0135146974041982	0.123449258912293	0.487691640823988	0.460339897074565
100004046	0.35900316067303	0.424396291440971	0.194611888308099	0.60670092099403
1025	0.764799398521042	0.704534028198269	0.282369223274044	0.68687618244977
100001106	0.177802479302324	0.172099194639528	0.240696878788551	0.703962250389308
1128	0.0299771150824095	0.584493093508979	0.323448735574803	0.715595780339494
561	0.0499887544361324	0.182647962846873	0.206169699872022	0.589126506157708
100001614	0.846802536925989	0.368459811100625	0.308661086299197	0.64330130714473
100000961	0.863471937544074	0.991020260283741	0.316972292213526	0.67266989762052
100002397	0.869493598900425	0.607668099125395	0.294059915200435	0.601727738385088
100009407	0.981094174733922	0.986251988107176	0.296973613008108	0.668532114198501
100002910	0.896790561933117	0.592581061123545	0.26726999067198	0.603988384854703
100005946	0.250220197333061	0.326413895527162	0.340069273656872	0.772491532323296
100019794	0.101395400576726	0.297151195948066	0.291924088253617	0.826505249339824
100015759	0.319984651854639	0.102281971116713	0.250275376766474	0.673346608263475
100020417	0.686527008082422	0.584122757347142	0.279509025004596	0.640135878099374
100001054	0.698235515109776	0.979613247416237	0.294911953171901	0.66860828484894
100001437	0.326540765076102	0.354078199817641	0.247465186225881	0.598074540607268
504	0.232314499943228	0.687422671018929	0.347376564011327	0.677900389865667
100001988	0.462477753245876	0.66360898965571	0.287376293129756	0.819626275844678
1082	0.0286787181404355	0.588043512239847	0.327521646455347	0.699308730748466
100001403	0.31534143423973	0.318692095886183	0.326027029703245	0.650989600757588
100001664	0.939321836082262	0.564275792944074	0.278795919358921	0.834416524281366
461	0.243714477465085	0.216307038245566	0.476928334937851	0.636745339603401
100000463	0.729846945536836	0.959330080329027	0.294866328859205	0.667725557931256
100020208	0.565863523317867	0.532045792321428	0.332462621476672	0.558742316430655
381	0.556800326370504	0.0736373223601509	0.133480797370117	0.505706496534738
100010901	0.0798458077035781	0.0755245956350224	0.296186619612918	0.780778061356769
100001468	0.278400962985853	0.998539484817409	0.293890114259072	0.675239036001927
100000840	0.912688598122248	0.91222847817767	0.297807540304672	0.678264811506737
100020014	0.238790233180032	0.594313825123668	0.287502797094478	0.683159690670663
100001993	0.767930978127997	0.613058469477689	0.245401995613643	0.819029875875177
100001051	0.104198803550535	0.0213157557281569	0.324687745505933	0.353605644303737
100006116	0.359284777576866	0.486347745134674	0.299139802165682	0.669523037213113
1108	0.942679865551935	0.968016011352049	0.292738678380677	0.673176190741566
100019966	0.347198419440175	0.106823924718776	0.353018282702208	0.640559769470067
100001743	0.616584911062037	0.417698837552757	0.28478935173581	0.652325271645529
100001294	0.123923867938354	0.193746594699513	0.210960488121001	0.725364045018996
100001609	0.265934426417196	0.112185046678611	0.276354155619494	0.759124472445809
418	0.79382430209103	0.961722294812761	0.293545518684278	0.675748277674495
100001178	0.383315423908536	0.886897147530795	0.290393791644096	0.655369064550526
189	0.886571721284214	0.724620820324865	0.271326332959356	0.641951215840811
563	0.498939499143381	0.763129688624248	0.310622943179579	0.65162880647584
424	0.623963799906829	0.419904567541781	0.325056178379549	0.653072260163845
100000776	0.147300138254696	0.340266628936885	0.329938269081979	0.672972946539692
1001	0.973109344022802	0.500273365888312	0.297596727888122	0.673253483236411
1135	0.309011652112816	0.0935021909482112	0.284869961802045	0.726593614229291
100021093	0.369602451549246	0.497509474606812	0.33679122437358	0.691953639006494
100020219	0.125139434437801	0.229429240170073	0.303986105983196	0.563225193352235
194	0.473757829787974	0.825545608763267	0.301608197225207	0.640896406407052
100008930	0.742526949822969	0.600250460041788	0.317377365098385	0.649849613915129
340	0.595708458450994	0.240653045966762	0.185103589457902	0.746665477130221
100010896	0.939749427804324	0.762977137110805	0.278636794961855	0.675415625313983
100000787	0.200622906666858	0.101853733099617	0.28980881500531	0.378830661290044
100000639	0.0317905943876526	0.222428726302649	0.265655030905295	0.67368135938239
100001851	0.950796561085922	0.241987059004757	0.323224377589652	0.444338009788524
179	0.561691756242045	0.635465647812393	0.287457382063606	0.681848988594227
100000626	0.381518452091808	0.710195446436825	0.307235280773602	0.669295668614596
100001605	0.0110858264316153	0.0901135995113824	0.375032581110247	0.76057298987065
330	0.226927739906911	0.396490562612037	0.33009389434954	0.528655326155707
100001162	0.750085691086088	0.611019852845516	0.264898477592581	0.637688876342886
100001167	0.04339904613911	0.231755766273757	0.289194719810437	0.651354871772134
100002067	0.585283581002804	0.788266840407675	0.372145154427199	0.615087909268319
100019968	0.624186740770529	0.362961382337542	0.327327680987933	0.603245838601149
100002014	0.939975400685625	0.977555845883275	0.292330715720218	0.696884456918551
100004083	0.44356625132536	0.127791121008758	0.326564839060448	0.532366545811371
100001315	0.304763435302254	0.381320379292819	0.308657576028984	0.736609127869524
535	0.254834521135486	0.590994828221288	0.313705810940753	0.661450575543086
93	0.407108976359522	0.257851456462844	0.33370852858468	0.50803249983767
100001989	0.378419766710169	0.636045509872095	0.270634455164123	0.711082512395196
100001740	0.772445533151001	0.413674482356049	0.266750098492479	0.688774837852501
482	0.16438794077554	0.873960330401019	0.295130419859209	0.653632364166542
1629	0.254196451123242	0.411172012442164	0.35325226276224	0.643494682976376
100001399	0.469229464774577	0.371105661299073	0.307962431310963	0.671407452814272
376	0.824587328058142	0.161981454757251	0.180063322805015	0.779328354560617
342	0.592955839343064	0.577642150938132	0.290991694418514	0.667250087022318
100001253	0.0282194219333103	0.189317965193627	0.247914774159704	0.877857359177394
100000708	0.612706777290272	0.768779725925601	0.313102202303816	0.676294825572562
244	0.191571553670441	0.0547805092804906	0.246051781204388	0.782833636120129
100006726	0.421926273892547	0.227372262883539	0.344461227321204	0.65940735646897
100000036	0.165310540054717	0.664561575536004	0.272365241257783	0.706747137607541
100001257	0.0242141192460077	0.0855600258747646	0.399043739901518	0.937407472396397
100000445	0.653857028963769	0.637433913969215	0.321365227919577	0.626664619974867
100004088	0.00487060335194744	0.12598040170129	0.335635231019569	0.744719747316848
100001423	0.994336008415942	0.765820730795335	0.29691401596891	0.643044390307742
100001276	0.393259389013571	0.29056929303415	0.264706018956332	0.588207801377697
100001876	0.744700590156625	0.943666866968934	0.29128915292331	0.670014474634561
100009082	0.655064952467488	0.0417445470292603	0.130633835870861	0.654026648487678
100001121	0.335639090148417	0.723819935399334	0.288613491217637	0.66389719906326
117	0.325767972378002	0.636214970109297	0.275574019627563	0.688511665614424
100001868	0.0266187662292083	0.103017443818145	0.365184328895326	0.665629558648393
1134	0.69635657299097	0.305502555867307	0.199320420195147	0.642315875790569
100021012	0.27015219047314	0.486105234582136	0.299734891536898	0.69369997394372
100001181	0.80339904896752	0.232530807142466	0.362788517418226	0.599056180801558
100021467	0.708265820339331	0.289569414926963	0.298617399388917	0.576551707502944
100000447	0.227093727881545	0.240002521079984	0.340345471025438	0.632147212646326
1162	0.000517217239948774	0.0129720146829149	0.384006968367969	0.569606507439754
100019982	0.508071971550613	0.470731727005328	0.306378867184736	0.651754189694068
100001613	0.980078718672632	0.442736886758308	0.308900388066395	0.636817144949023
100006644	0.38096082695684	0.630636560960534	0.275126059891406	0.694266718130212
100000096	0.579855056919699	0.0284677027077109	0.193015803457723	0.635132010223981
926	0.515392319990925	0.680959555180113	0.299036802756695	0.672228879652061
100020004	0.892737059795032	0.674289893193146	0.310695244043027	0.666196217735927
363	0.166384211125462	0.0378732650081982	0.275496381922576	0.245649867706671
1111	0.399177911889704	0.999142142971991	0.298587484699252	0.707053875062532
100021712	0.669541971120069	0.808567860098353	0.291794070167748	0.655796959670469
460	0.843939947565525	0.679773677564735	0.304191332227196	0.709499787093762
100009331	0.334237457360883	0.210401048420941	0.265093663229458	0.696249134991861
100000442	0.268242191078133	0.734338739359027	0.313942108432815	0.683460621240349
100002945	0.0929873035298567	0.0145963431142597	0.379542156381005	0.631322996846269
192	0.846556718196544	0.959745636612552	0.300908973144803	0.686516845615899
100020241	0.345894434046621	0.957260219060611	0.291879955652915	0.667200592210396
100000580	0.12680707822665	0.137410627330606	0.250897128197407	0.901418634089438
100002466	0.00668115818012353	0.0216894874675776	0.251078995904882	0.415047971934037
849	0.695174827985348	0.601299602768511	0.298194519855853	0.619836294163795
501	0.490703512707072	0.379188135819968	0.327317288089204	0.623910686578563
100000282	0.730487718625617	0.154956316870651	0.366721162482486	0.567779077310167
100001577	0.0264125017923818	0.155477072960143	0.414564238627064	0.735257056360424
355	0.0847146774549505	0.284990161103438	0.247769472365625	0.564854692184557
100000841	0.782679460586837	0.999931638829372	0.3076797522126	0.675084182854053
100000846	0.810918899169938	0.355575517394124	0.2825277752118	0.662538355498588
100004295	0.867824405612045	0.392983369185944	0.271175206242457	0.616994267153697
100001586	0.0988282338041507	0.0450205373272674	0.425319836999238	0.330193785147783
407	0.0126483053958049	0.0338640928121078	0.330000745212927	0.736002783260647
1137	0.840892394088295	0.748291182005656	0.282980306214444	0.704504101692011
100021374	0.0347111776845208	0.015331091802284	0.228196680697982	0.93346032771817
100001593	0.67725221095997	0.866015762613188	0.289420253119703	0.674564474360658
100015971	0.785387324050381	0.774546546295372	0.286801693823005	0.666907031962195
100001022	0.374067528192559	0.189932603881617	0.183030702691651	0.932242751890545
1094	0.0649448839129575	0.227991096814785	0.449094535480457	0.910048580387531
100002122	0.270034727610118	0.25105775548126	0.241552208586312	0.770109907343959
100000706	0.636309381775915	0.566916458095211	0.253716794265059	0.667967452805278
100001055	0.795739365969121	0.416703839095151	0.266923501059558	0.609691035715951
1235	0.40850839722267	0.662153035977882	0.277913884193172	0.704348723373129
100020204	0.0991155740833003	0.539194531924639	0.315644668017423	0.710752941497457
100015643	0.03669591562708	0.296654220533506	0.317231261023872	0.623376478707798
313	0.0203085288698257	0.252477723108424	0.310805550252891	0.603884552857427
100001413	0.82610692676588	0.915138719773101	0.292277067632663	0.661861163888253
100020423	0.0179471675714156	0.0148985989825448	0.32530709130559	0.344255870007967
892	0.480507555994473	0.130137084361683	0.317080529837966	0.705834781808121
212	0.0659517590219094	0.132269162924515	0.386132690282472	0.645404710329014
100006105	0.197749932229102	0.185697964387725	0.333231902492057	0.682029931223147
437	0.796942232515239	0.56970836367651	0.271509557778997	0.685569690874903
100019892	0.437960432497023	0.772705612764089	0.290626084709934	0.693672113598695
100005716	0.0678075123148765	0.0835262429905649	0.316818667433304	0.765067291359677
537	0.195919034253171	0.116903315828409	0.308017815751153	0.691883785313216
100001990	0.294283783513201	0.603846720114913	0.334925390106884	0.61973935906772
100003397	0.0313721954139424	0.00392639209442818	0.23373965317235	0.422692100348708
100001320	0.111338209079032	0.210774203421767	0.38042863737868	0.426395678710283
100005717	0.138639240922431	0.0826947958252354	0.338217136661872	0.70814225297129
100001207	0.0329581649300026	0.179765417284957	0.330019446373003	0.680797637900482
100001999	0.531160952049323	0.828194469691305	0.284423344453516	0.759548886118083
100002488	0.217624306345588	0.0184586757398081	0.351044348728391	0.60964994416867
62	0.174459638120027	0.620405345276498	0.283527396556923	0.676429596617298
100000467	0.579418988202052	0.437187886447175	0.281967284349939	0.640544625469347
297	0.00535288413864979	0.133664060845012	0.299913098343151	0.635716863976652
100000285	0.0256759404631671	0.362250901103839	0.297132708457598	0.772286433589158
100006056	0.0613964441624318	0.355167836163027	0.309759540404254	0.71542286626289
100002126	0.124931955820812	0.254721074541063	0.228349737071128	0.993862629566437
100002129	0.786382699588299	0.79182085769804	0.279966395125969	0.770616792979294
100020478	0.0282072209626112	0.206568962401415	0.268577927405424	0.695211880796124
100004089	0.0420383571379206	0.431625816004808	0.324571250240624	0.607796805781233
100001755	0.533579492812098	0.561389575583235	0.295191375487778	0.622641974472966
100000551	0.0308067345059584	0.986692168696866	0.300416889276019	0.668610021896142
100003260	0.55735599301585	0.368225290268736	0.324061438741059	0.742310963289828
100010955	0.811649612982406	0.391275659941998	0.235410374752717	0.561209716345271
100020851	0.228331416369109	0.472302692667568	0.314193702539582	0.690702354012105
100016069	0.636163996384231	0.775092660039563	0.29746327476017	0.655432516125415
100002027	0.483570977546468	0.560545970556469	0.231604913437355	0.777978434106865
1123	0.365174028114175	0.186397415709423	0.282316259810632	0.797062536665921
100001150	0.702194948662923	0.962295034055263	0.294538157597186	0.670754569137619
100001657	0.314946144874614	0.647283908977187	0.295661044125786	0.649539992993613
310	0.261731627893395	0.355488262912341	0.258143570856761	0.771319602996934
100001314	0.350601308447509	0.129978500863678	0.276770728835377	0.550546371871723
452	0.706979660936264	0.596525077350526	0.332746189474415	0.638209357709942
144	0.0900962089641867	0.0606425453328243	0.361917954928165	0.532424031995063
100001182	0.220044225644974	0.136199872029714	0.357111882661961	0.658605496294923
100015965	0.726865292372339	0.472377329617557	0.28091784623618	0.737829129058784
100006108	0.949331630220086	0.473256708020853	0.302319020063128	0.706926205996261
100001400	0.693624767413396	0.615249127190042	0.277416257658618	0.658209925838611
100004541	0.308393971847433	0.208917962634126	0.282917873596699	0.42645831834526
932	0.849355498683403	0.34024936528774	0.299570509948632	0.701407616453321
100001992	0.437337323048909	0.549609811699714	0.41337594449728	0.568926526550937
100009252	0.118902533568044	0.1775644594569	0.359047924971382	0.647532158135905
100021104	0.640660155091651	0.576224274086793	0.24361593361076	0.798375433535106
100015838	0.0112443173291692	0.0430331567068441	0.417752500255359	0.913457033118553
250	0.00109513590513172	0.0240496796040348	0.522004789053518	0.771380245217613
100002537	0.926744672659185	0.533244689324573	0.271591354686425	0.771381153714081
100001658	0.811443568490016	0.670354892418364	0.319005231587607	0.655264473637717
100020416	0.313796011287439	0.381769647856382	0.260289939948462	0.64700316511449
100006642	0.242046538427813	0.781635404590088	0.28316646943561	0.68953033296079
100001391	0.104321122808071	0.342667263644279	0.370981628628327	0.780744022745023
825	0.659665314693701	0.602135660266081	0.25764853971758	0.680194658543131
215	0.0205486320282147	0.108046828276989	0.344207417001339	0.653289781501137
100001026	0.967056086089237	0.832823689274209	0.288708673675192	0.716346487627661
100020541	0.421603168039019	0.443915116804787	0.254904237685612	0.710188338932284
100001526	0.218380786507179	0.270037800061475	0.443817051387528	0.785472989103613
100005384	0.532505356546885	0.421462464546879	0.273556807653496	0.593050075955635
100020378	0.203200351865433	0.779096268989999	0.284087534054399	0.673559294117354
100006115	0.966309522280004	0.379689749417593	0.382551940514796	0.559284225036446
1442	0.208972753599386	0.0456839759963527	0.126940281826605	0.555587986897137
100001843	0.14775731790865	0.213940643557681	0.31835539324856	0.75446153771399
100015837	0.14482676554113	0.275528744969718	0.508954908172027	0.615936610246836
100010834	0.722734679247565	0.985022731084012	0.292973683277425	0.668371613025923
100001393	0.577016083776382	0.453571502627796	0.237019970691269	0.70858272335208
100000015	0.310162790150844	0.590433288431583	0.274590774719637	0.688384241463287
100003892	0.0463640764725893	0.0484649626310219	0.257117552578176	0.929157799754883
100000042	0.2060413036973	0.0271229280754798	0.304281116665863	0.585197072001142
100020550	0.547779269320503	0.206657812626132	0.323090046340592	0.560149290811407
182	0.41991004569436	0.340435344465344	0.28441967784039	0.689184096228578
100015723	0.135201255952127	0.428632565937078	0.297918694116384	0.650685303092328
100020343	0.385508539215753	0.483852472244668	0.266323520561283	0.670100180113766
512	0.350796257558973	0.631186208000337	0.321139459408652	0.641474484277426
100021100	0.791068515027525	0.723999962980633	0.281834537653891	0.672696204080459
100002528	0.344932006471431	0.0748104107806852	0.346090281009106	0.454386364878316
100001287	0.455570866148052	0.739779654106242	0.396103846797434	0.613150760319406
100001229	0.734031511413011	0.849712483939211	0.30506187673789	0.654452178300162
181	0.389093431186706	0.87977711020009	0.289416157942176	0.686716897754652
100015831	0.00170273880927986	0.0220695778625942	0.393403991794688	0.460052617815393
100020515	0.330735210739192	0.470798311086856	0.242687602666618	0.81678496557848
327	0.216204602454985	0.250316787123068	0.357397183039686	0.62164333410993
100009394	0.667935061672645	0.777531941791056	0.279307883790211	0.693906788656017
100001596	0.890686718415209	0.239921856536418	0.267265753300825	0.502941035158933
207	0.871264893324823	0.490537272635326	0.306244527173872	0.629709449776777
2054	0.50300567081286	0.782234511890207	0.283287106974956	0.68395168985688
100020259	0.649134055815976	0.559594149285038	0.321152352502714	0.65271325439699
100020414	0.0028369168154068	0.035542114850329	0.2126076175871	0.641657263859914
100021131	0.919731255442993	0.253654545660791	0.286709769407963	0.621491259826299
100004499	0.788631086900761	0.781500140605251	0.286259099771886	0.646773026400723
880	0.159359826697698	0.725430823071514	0.322620802469948	0.664165030308432
100002049	0.496643035775637	0.30631573865826	0.325948126344262	0.618082095036238
100001739	0.575217303236374	0.223842673460791	0.3702829349423	0.632263818302467
100001126	0.426580276583981	0.133724088013116	0.187058181410352	0.547953558236771
1113	0.674351471566941	0.824354645692324	0.30623566741199	0.642940148163817
1083	0.957555868523265	0.301556886515853	0.324323203896637	0.57598380699558
100001730	0.0810671670824007	0.192796498526332	0.340491075221052	0.546987466087998
100001412	0.571542525798723	0.995718966598444	0.294250475312611	0.671213521011821
100005996	0.753186854309326	0.57796408797949	0.283641400225103	0.638994800558068
100015962	0.00642679459865079	0.0839236145104291	0.223571708683069	0.9764584733197
100020214	0.726936863152393	0.43392287657334	0.308131777394175	0.594240936537593
100002514	0.116479508245798	0.330483678331752	0.306882381795631	0.605311654425162
564	0.192208484356987	0.0549869921898131	0.259846055393207	0.547693664715416
572	0.0211450113451704	0.0180578831648307	0.440225086070875	0.528002083855087
231	0.935227898330819	0.69690347960628	0.272328419365505	0.682659189717647
100000453	0.903198051585612	0.723820962010332	0.28057276507544	0.705107426446655
100001007	0.105120511051554	0.23513715155168	0.354869169040726	0.54420290604226
923	0.642587183417564	0.345283137778447	0.277065638113571	0.722003357587666
100001247	0.459881795220255	0.557836571189484	0.277218286512142	0.653554564831847
100000774	0.600944010952969	0.893267735367561	0.304622144824118	0.683170968254312
800	0.367536421944979	0.366013330343642	0.309368909739251	0.72417934661421
100021678	0.280780204790936	0.395060263598248	0.244617339776564	0.668289861644271
100021711	0.403410582087147	0.823770027532746	0.311035616446608	0.677242673699272
100001274	0.769722489581342	0.390512244346668	0.283208731504077	0.515351605371587
100021220	0.135130504286444	0.163062618548868	0.362570017622289	0.986879221061991
100020253	0.412550321139297	0.983718214218592	0.292470325148304	0.670144580099412
100001170	0.733947797611517	0.1769296391401	0.274912029132446	0.568109539724207
100001466	0.235226850694046	0.840133858485498	0.303198261630845	0.661827860771254
100009406	0.731041416731919	0.675843708776895	0.281481591436095	0.685385719995871
1026	0.19794996865782	0.458434231707811	0.311967140462876	0.635932367852739
100020837	0.761243564474779	0.386814650402838	0.336009099053398	0.572589776222138
100001006	0.0673264502921102	0.0783614427343828	0.28281158582261	0.793748848080213
100003674	0.790455250076131	0.136893548899069	0.289600752220101	0.658495720538772
100004396	0.313991392700047	0.41023316805588	0.3388142160473	0.562626802435126
100015923	0.508322864459228	0.905340561833755	0.315175047827992	0.660512776512879
100000265	0.485961152718009	0.70412135569526	0.298071026248183	0.641528102850727
100001409	0.0863289890990013	0.116879279008116	0.287922128608591	0.511612264393078
100003434	0.444891564489818	0.485996421390676	0.301422555878191	0.586671531385096
100001334	0.643193135537577	0.0811982045541881	0.360674947816376	0.550682632815784
100001102	0.715318127532714	0.749359797545419	0.303268651621754	0.648260344029421
1268	0.644762815855914	0.071276156442653	0.181050456533897	0.626897199218895
100001300	0.222775225028455	0.0853434828750388	0.261384111033789	0.671629477496887
100021324	0.236456074158213	0.686175804863112	0.38319720096043	0.657739033686768
100001617	0.102911218726887	0.0934897546714517	0.286212880895235	0.711482946772109
1105	0.935123133491363	0.161560565011926	0.392959753641011	0.367946904907356
100021502	0.0572137940943477	0.264688082295655	0.285640081789444	0.695853970576864
2051	0.823649629728743	0.568079544850775	0.292910389878575	0.566871454958559
100001256	0.154531185513431	0.507136364087108	0.326856777161806	0.804384576125537
100005466	0.0669586778846135	0.0862958895906659	0.331760570650824	0.467960427027274
100002199	0.129414802099657	0.713304054547329	0.303988640330201	0.688599527563239
338	0.0107207444555629	0.0382150993291111	0.504927873678266	0.413549586068558
100004243	0.458025888395074	0.571036823159074	0.272741022565586	0.681030112286081
799	0.430925959841503	0.984487684560396	0.313130027318803	0.668661328343986
100008928	0.561540154381149	0.10187383297655	0.296450940917929	0.657095455472826
815	0.0843125061097645	0.244295542957283	0.295108555503125	0.749647077889678
100001456	0.00529872737627428	0.0741510119000497	0.286234891680493	0.586883004126599
1242	0.0804272630793208	0.085407508197223	0.354966348982142	0.474604182015189
100001416	0.286945531002243	0.107711622353151	0.203182624050534	0.419647052509085
100001462	0.384691979335223	0.28593045970934	0.34841340185977	0.628471001326479
1087	0.184786981160517	0.0370179770730862	0.30702542927849	0.63296603409972
100020421	0.0671653641508771	0.105388158882094	0.33895589790982	0.431861788029087
100000010	0.00367284843236991	0.0421651304658809	0.314942789196416	0.722100700701493
821	0.549335678407254	0.388564567714677	0.323350872505946	0.527645023633145
100006627	0.254441792391953	0.14068016108101	0.41146059618201	0.566696579825843
100001277	0.364195203704211	0.142723203565276	0.344034048461898	0.628354669485176
100021141	0.0455267153221641	0.203268030470659	0.327127594319645	0.764711674362361
100021105	0.182932003535834	0.282213861829253	0.312207462363783	0.488673079455852
100001950	0.000422234253821814	0.00765031403776479	0.365740080021542	0.84059363083607
100020217	0.862926871909139	0.291338212956997	0.210092327912501	0.500418636953854
100006651	0.022464830864961	0.141204946388654	0.341863849604794	0.419842748648441
881	0.957261721059727	0.411081327592208	0.275750630354754	0.683044809445331
100001509	0.672135499196499	0.148475623146002	0.259461829554516	0.589417414126877
100021709	0.593648473510132	0.854960729233635	0.287693430069432	0.673305394440238
100001635	0.310479542708049	0.0318956533285254	0.314910456056822	0.621633045590742
100002613	0.462217526982788	0.124318357237223	0.271927108239368	0.754657064175462
100009329	0.5565050139945	0.682403851239062	0.263558459868065	0.802600208162981
100021123	0.813770409756166	0.587467869212466	0.308067537579255	0.57877561562021
100015760	0.256837255908712	0.1673287693408	0.243031517251052	0.703577335647206
100020205	0.395164783029175	0.445022090141494	0.340718724895388	0.508477234104327
100000765	0.51935013467242	0.673028123562415	0.28757954696505	0.641594783398151
100004111	0.346791857681762	0.174649929061831	0.32115124816137	0.641924802973083
100001615	0.21694639695761	0.779046665444116	0.293340024320846	0.66603520267857
100009227	0.219081792309706	0.107870604897539	0.403721891322824	0.820374893180866
100006191	0.367054349463045	0.568058804447856	0.322835061936734	0.616284949093923
100004542	0.470549661460691	0.364679678057245	0.307258045199083	0.717278465164139
100003686	0.315546498347074	0.101163575020336	0.413694283211635	0.607320719927041
100009232	0.0320483779230402	0.231454333768833	0.287259311550863	0.581493635074541
100001501	0.051561017122788	0.108919216455212	0.375817043252519	0.705855930036419
100002367	0.501551339220042	0.24661165395387	0.276517496111223	0.520432007463072
100001108	0.333496640972485	0.718435801371482	0.29037297620289	0.658582486634705
100004227	0.739677641236375	0.998077481126392	0.292674718567106	0.670074811248963
100001310	0.203359278606703	0.306212301552812	0.274304304634632	0.780444510416588
100001994	0.829524455952694	0.916206375020395	0.309325753980441	0.728630704110936
100015839	0.0140934392005345	0.0147373875371347	0.381655739269579	0.756884286110175
100003271	0.00596702766793184	0.0821022800964429	0.378168918949554	0.478623265483757
100020496	0.776972951375658	0.989657445444626	0.300085720152664	0.668801176582276
302	0.721763639115754	0.45616562075748	0.260216879547884	0.639305269318282
811	0.769925519020847	0.744572408375639	0.28610898720403	0.703661468686108
100001267	0.953606819542595	0.79673671152714	0.278891093254233	0.665509572671775
100001197	0.0279417301879312	0.355547188919632	0.329457806949907	0.679568261802008
432	0.215525924595362	0.458623379524169	0.313310479691118	0.648855217851071
444	0.011879315510659	0.0592195755112738	0.326958389939887	0.800396589512189
100015968	0.34533138400097	0.385139960336982	0.289268051305131	0.597191897580231
828	0.9200346324379	0.864858906829979	0.287171674317351	0.674527128860438
100004054	0.273475407412835	0.871214018901768	0.294067800352575	0.673175511519768
100004635	0.0879013055472813	0.136810383907711	0.67473993289412	0.40270653531149
100000491	0.462311060127651	0.605818505746269	0.286437246707722	0.582875202773137
100000939	0.0420172593163907	0.0323826776741887	0.314335926707822	0.560302997330619
241	0.237261117280532	0.631591156929663	0.309349791022791	0.68845278320534
136	0.348526396330686	0.0687170070255722	0.258090729000157	0.851354709539581
100000792	0.577027695622952	0.962887537290481	0.297234340308897	0.720762039221959
100020973	0.54464319666971	0.606694991948657	0.313366380401233	0.641973188968051
100000936	0.744282433361656	0.852391727142946	0.291412164029325	0.671316885862788
100001313	0.0082735944616465	0.149824841183382	0.30603876350347	0.723831733273653
100001951	0.0489397214011749	0.0953907714702743	0.330215393498641	0.659368100768385
100006098	0.0183200882868713	0.0927297550352	0.329312650620053	0.780963039347539
100000007	0.240248205842489	0.551375531974612	0.301066559253265	0.674072909127264
100006641	0.893241421537119	0.832175393184456	0.318827696868345	0.670263965491321
913	0.0120199658161594	0.0651277400286691	0.361005831811579	0.536381518109532
100001579	0.826654406720433	0.377025073935285	0.32339479409962	0.673670312533093
100002911	0.144716259362826	0.0126067470200874	0.383393640540829	0.625357789993842
100001293	0.246941840741137	0.374044441513148	0.259751909011421	0.805536523903873
100002241	0.219380737039667	0.497431612023734	0.307331369786711	0.637734593749758
100003179	0.414292178780456	0.0869527798348788	0.279950389253655	0.522805641095635
100021372	0.323181889223141	0.224590605468017	0.219138148826153	0.674092583910944
100001956	0.366994737879843	0.535507476544939	0.292086305101288	0.588970206970026
100021162	0.176288915080775	0.144477792749925	0.283225151536477	0.484789383741688
100002259	0.380148125960826	0.645211538679103	0.271987337674511	0.662684990541895
252	0.410687533702544	0.590569295993628	0.339080983995797	0.61250698605145
100000707	0.440747218932804	0.327726123440325	0.289507366192288	0.676482809715564
1489	0.787451030392876	0.0230977505898933	0.206293663761224	0.652601821522476
100020361	0.0307516120385326	0.0913807345773778	0.324196094916354	0.951752549646078
55	0.780685702331536	0.974207501028566	0.298141041770691	0.672061023887748
100000863	0.259736805029123	0.253349687195226	0.254360323435176	0.707027056526173
100015840	0.186284612789351	0.109265368182868	0.384118379731598	0.629874050897266
100001541	0.15068635270164	0.0779598552523835	0.200853251962438	0.660298881419894
100006082	0.143387452106514	0.0504283466190034	0.387877496806148	0.661949182347426
1254	0.691016571018962	0.916116957809372	0.298195288461332	0.686367456252707
100001624	0.522692584930884	0.368773391968325	0.274898650290908	0.647095559571873
100015850	0.916105253781245	0.610600813405651	0.359048531448608	0.633434657199197
100001104	0.00365874247866158	0.0148777491548896	0.323063306006268	0.951905605139205
100000900	0.112393092474006	0.400602023093604	0.305832770953146	0.671872512186197
100000269	0.25440965664828	0.0958430360035437	0.180685119232522	0.627868584173263
1022	0.242955816539577	0.947006189742982	0.294044468987158	0.665483745949536
100005373	0.215145925718348	0.0821890504222931	0.261769117175877	0.699372383894186
100001129	0.131600186314189	0.707440705565339	0.283238734546593	0.698624878148193
935	0.0111640917835856	0.121274285279699	0.386077766050819	0.529421744026211
100001262	0.157430421975698	0.197193637535581	0.305739658625375	0.695919952250554
100019978	0.323565138068459	0.620362644109644	0.287323411238589	0.654251652494979
100002293	0.762164564888728	0.810672616121666	0.29556577722083	0.669828662797941
100001426	0.218303871952402	0.284815431270026	0.292512629732859	0.516868692077011
234	0.0354302030788447	0.157973616406457	0.290827909650059	0.644418940716014
100005403	0.237846885094836	0.966273410605737	0.303741718768091	0.667100879181214
100001083	0.0440077780145254	0.345847101965598	0.318609906703619	0.68938622072071
439	0.732856606379348	0.296588175952105	0.312170762274554	0.667634336424974
100001086	0.347451356146397	0.429009500692532	0.307222628098781	0.7456795513414
100005864	0.723571112148504	0.452309326794815	0.269695463305939	0.73532549167648
491	0.507020311720499	0.907154627573389	0.291693744059656	0.670079051842422
100002029	0.454928427126017	0.418802448016596	0.282472352066024	0.534081698626595
100002154	0.790872302724033	0.448758876561677	0.258145849365501	0.645290676541503
891	0.512639762256596	0.184215601455183	0.325542735724622	0.639686617224711
100020261	0.362674766307216	0.42781064248287	0.354733175644791	0.640623655995863
100001296	0.551124783860678	0.495734973171889	0.292933990224912	0.568686364398939
2050	0.473070518535711	0.50828806884552	0.314838723783405	0.612203072492952
100002761	0.331811818308171	0.694892888735504	0.260406151118536	0.796452481061233
100006614	0.91291307091552	0.648764346105632	0.270836265177928	0.734347802371532
100001597	0.92521801509574	0.145332811722445	0.195005151849895	0.479635250147553
100020853	0.801440729875176	0.887093265422734	0.295726039061993	0.676853377412934
100001446	0.302329046521843	0.424985641402896	0.260176086384069	0.664481775438481
100003240	0.292334735185822	0.0982115148876656	0.337561723170976	0.585040440010286
100001502	0.028050846326439	0.221963402056404	0.352447200314796	0.757297540822333
100020866	0.100581810549217	0.0123112920795426	0.181629677862736	0.481719066009637
100020419	0.0284701947213606	0.0882845455819505	0.325078555704237	0.411355833007894
35	0.538720411747899	0.317406329309488	0.267272633968327	0.618915921772969
100003696	0.0158529142064321	0.0581701003180043	0.415071582093696	0.613003162723594
100016038	0.814680909178348	0.909768933139778	0.289972136865899	0.658269468879242
100009333	0.207904877044295	0.177993552522688	0.293250908717772	0.695462535276877
100001611	0.164460520535306	0.347977723261109	0.378080333962424	0.645029970949853
100005383	0.687201670666545	0.304480288126608	0.299419766153657	0.712186288945927
100009239	0.284561751112641	0.12587598561686	0.373398542010686	0.485533186054714
100009332	0.302398595579646	0.234572473475021	0.297274247050144	0.629011214545583
100001731	0.148107518475366	0.63552363043538	0.301643157018144	0.64315730710594
100003415	0.321236932760469	0.423786548952972	0.288778089630434	0.683288798090388
100020578	0.140588025532302	0.196782880720568	0.274867195181935	0.56517388812472
893	0.869354191165866	0.500222175928015	0.290597230199822	0.681679977040616
100000963	0.299121295962157	0.200804555307515	0.384820211257691	0.470574972551646
273	0.151681867019225	0.322173378586897	0.338833580938412	0.665889002349589
197	0.440242631882591	0.396980543834373	0.286224747781123	0.544254016073605
100000808	0.289600005081701	0.232524257215516	0.2776037246732	0.82276338463549
100002284	0.777426328934173	0.373126972495127	0.194726454073159	0.609994561310974
888	0.923018674415259	0.0909747765401349	0.321464772184614	0.649934136482951
100006435	0.53794662880608	0.334846978096236	0.22639920807977	0.97124216277368
100006374	0.206805093553092	0.557946382141236	0.300979934338112	0.659176406309204
100003169	0.547547950662948	0.954139868684561	0.290948121174153	0.666123347613577
1004	0.587957837902596	0.759580928337187	0.277119456392531	0.647037929062843
100005998	0.104140237207423	0.912629262144257	0.307807550047257	0.675388944193432
100000773	0.658980617522384	0.542295038686449	0.298202000412173	0.652165284323495
100010850	0.0128441828216676	0.104293267975111	0.35596645750825	0.538279470579819
397	0.838736072401119	0.386652428824186	0.221956975871874	0.731613256575726
100000039	0.0761201121693308	0.224677814376752	0.23741499487675	0.726191589079069
100020833	0.714626048867058	0.782519117305359	0.299404640266228	0.707472219336142
1021	0.447050540618735	0.380934692751168	0.273802737127903	0.70485483759973
100020479	0.347105751706935	0.56471303984451	0.298346651457436	0.679433831316455
100001335	0.541528294428584	0.29137548295192	0.329450528072422	0.640305427553421
100000743	0.542197843615027	0.942665421089873	0.292444512421705	0.665351897909127
100009246	0.181817567460422	0.656369040801723	0.282477714348385	0.699254967851889
878	0.174315413438071	0.787639056033835	0.283247002516117	0.681077025737776
100021103	0.727930870816899	0.873465688858865	0.303069339265464	0.740227612232719
100021363	0.241540434599044	0.575473919639356	0.273371831167373	0.709087577161488
266	0.109160484793448	0.188968345846983	0.30211120480302	0.58814404411659
100001195	0.314661351623702	0.19852471071577	0.375952100760299	0.594716191499644
100019801	0.773753587126428	0.697264856148104	0.305896781493846	0.655405886901944
100002196	0.041410435922599	0.266842339803248	0.304578263913728	0.681081749410654
100006370	0.222434160193042	0.999788199314635	0.293133184870286	0.668605763496526
100001510	0.0290821593278956	0.00357404338158969	0.247595796335638	0.768368712657748
100000437	0.535243548626862	0.424572978210307	0.277877967941206	0.743556680968815
100001767	0.153831935811727	0.0360261009378401	0.358860447613131	0.733541286674691
100001810	0.419798560960968	0.527458323917191	0.305235663978318	0.817787344128359
209	0.0326408398003671	0.342117738237771	0.338456681905521	0.652934121039082
100001485	0.274952327491874	0.0976141837575157	0.175217531269733	0.60396006779949
100002500	0.120800446030072	0.448191963273786	0.298072594991041	0.639550728520952
171	0.0264337696613684	0.0221603452503908	0.222664587163219	0.667724117640344
100020487	0.963277089658222	0.829369128114071	0.313366745506616	0.63420678236101
1206	0.00708016908596201	0.118104026437297	0.297429879998093	0.719695573091749
344	0.013882719518077	0.0304514456369351	0.574509619031492	0.768679403144631
100001405	0.487990073635481	0.916387871626525	0.298094152525817	0.661600439952828
1239	0.976879007486808	0.460649942583124	0.327352505905555	0.677137579424186
391	0.0547364499298609	0.171241544948738	0.277447090783721	0.883817983522225
100006430	0.445122272170004	0.184006753079795	0.367352554390392	0.411345086827649
100001417	0.979463561512911	0.500496535623285	0.280000537593193	0.780205087956398
100002951	0.0586334844755507	0.47746531673768	0.288921495842769	0.591320840970871
100000014	0.408636628891053	0.55706300917526	0.285810675753541	0.711750475792823
100003926	0.552140897014171	0.470723324181426	0.318470088659745	0.649204487932898
100021538	0.488881626145413	0.353893754671758	0.345275346538338	0.58020176208899
132	0.305795736990046	0.922982944514622	0.294431868367395	0.668063263342868
100001425	0.597042982767402	0.54249673334108	0.360021361654063	0.608632494972732
100020262	0.606593487643881	0.648362607213776	0.315125567197827	0.655540128340714
100002679	0.361993960494804	0.694926229330787	0.277523552083856	0.738335924867362
100001270	0.764654623995028	0.534183840598478	0.301577817913095	0.644137348546294
1102	0.797517901304102	0.973146649547972	0.292074410004968	0.674671928385292
331	0.292013681264864	0.218139390686492	0.239529205840597	0.568770378728513
100006361	0.51613521571553	0.621790684574681	0.271053359980097	0.741361797761803
180	0.751581095647545	0.899957119609896	0.303659058981634	0.666618897034368
1053	0.322027295836015	0.463582092409166	0.432599560380321	0.733928228197516
100001359	0.667481777793737	0.905855470777104	0.305440691005926	0.656626521328613
