chemID	simpleLRM_Fstatistics	multiLRM(chem_sig)	multiLRM(sex_sig)	multiLRM(age_sig)
100021136	0.026754687904379	0.236034291271215	0.240284838413831	0.883943010933432
100000882	0.838402467514809	0.677344205845781	0.221423460749027	0.759303430476328
409	0.0737305103126266	0.169274128300356	0.247078165528045	0.519463812743636
100002254	0.699049126378235	0.0456284274046023	0.140603968707183	0.762832411159582
361	0.00830347308423055	0.095998545121422	0.145713535855912	0.761171269893851
100019975	0.553366387541842	0.720012909300716	0.213060774894733	0.803973356075448
100000257	0.000779534023563822	0.020421875898203	0.21443205841562	0.715239936035854
100001232	0.919130287776688	0.907510753486099	0.22203980740284	0.779751906512203
100001948	0.524356447675491	0.514332445580366	0.231945759694323	0.668489840298466
100001073	0.495985632533667	0.630369625625755	0.277780148559341	0.693203662049848
100015637	0.872332265187648	0.499050790174222	0.228170750359148	0.779104880738997
100006360	0.572525620039888	0.62425582723821	0.196064905955861	0.869888934565036
1488	0.460677001649007	0.543432872383461	0.213646637506303	0.758925502688716
100002253	0.965958117147254	0.915139692205278	0.216329265508019	0.778310056152413
1023	0.903856025046294	0.669013753594778	0.209065168895422	0.766824103909969
100004284	0.708433993199595	0.799612786959287	0.207935360760488	0.795292849658815
100001251	0.629455557481696	0.943925296611302	0.21121321617116	0.784804502526436
362	0.726353576721965	0.475750414907826	0.190967552549332	0.779576558955036
100006620	0.75143059670097	0.895879707918914	0.212820331614278	0.790192895137036
111	0.465924391019776	0.203150437585064	0.183171915139029	0.750845892413367
100009045	0.556540459203275	0.232130675513256	0.166584403472703	0.970854791473448
100002927	0.662446826163297	0.799232304046969	0.205991173267707	0.815490172711891
100015641	0.774776382789723	0.869374830082842	0.207149769464827	0.798412664799251
1114	0.172515801664331	0.967039742520284	0.212945718867252	0.785169157764176
100020409	0.334402139559492	0.365220770768021	0.212542863715886	0.647565767672026
158	0.185487943620709	0.312708374836461	0.275554489493043	0.805781018880434
1224	0.0821933417565328	0.232257127981187	0.169031611172106	0.817304524458635
100001620	0.546851181445693	0.411355231529416	0.184935559685658	0.786653459535269
100020893	0.370790576823389	0.0856294422958073	0.20520171905493	0.493866119284968
100002458	0.988275442696403	0.428580745287585	0.251856033740059	0.712870033560085
100001112	0.790163230955689	0.991008861105829	0.212031968586997	0.78890838824508
100002953	0.491055472168693	0.874573436973147	0.21072853099638	0.794219351781645
1141	0.378642867307626	0.0585884437214414	0.281567385112781	0.594524080906928
100015834	0.334198398913629	0.879278069246445	0.215421056715639	0.798363144580145
100004561	0.56482452441029	0.849538477994652	0.21524193904985	0.782262036968219
100020497	0.645551586354246	0.836946302424136	0.20691040938625	0.801964942610388
498	0.0838242254298991	0.39264321602161	0.215248881307622	0.846128767377156
100006051	0.847322612821717	0.845645067977368	0.215200449628983	0.7829442075686
1668	0.702365119810808	0.514794471929191	0.208268781307663	0.720169463216439
100004523	0.563424354061152	0.98028512588386	0.214558431814217	0.792527819692507
100001604	0.205826091807826	0.477934445805108	0.206553584927351	0.843541038343145
100001002	0.137898835143733	0.486353880012873	0.22209630171311	0.774057063974605
100001987	0.0399082506904822	0.25097528907929	0.723567847216363	0.632925715822307
100002462	0.63944628436247	0.377956896883991	0.26045087646821	0.663092240335306
466	0.550748523780065	0.0712968495221899	0.234175628188166	0.762610801741042
100000665	0.937120132700972	0.448615618560999	0.240633394488639	0.728728284237094
445	0.886856926700604	0.418224388832646	0.237035941838202	0.842556586781441
2029	0.122810551765584	0.467784808313091	0.226056003786781	0.792876555191137
100006438	0.1271570558372	0.25292167695244	0.251665508331749	0.800533364130405
100001398	0.178517766615755	0.589161233526427	0.196498030433162	0.808457436690851
235	0.467902286166863	0.476360526405015	0.188064630893564	0.820699114207183
100000997	0.770179427095918	0.747020017731922	0.214473551752219	0.766011561901656
100002094	0.260182901597702	0.216577411716607	0.175967089392342	0.639405365336002
1052	0.772949309223488	0.99580377768476	0.220583635474398	0.789782956355318
100020823	0.362521971497455	0.605343238394518	0.199412713350383	0.774828852841471
100001806	0.282924703981145	0.641216761880691	0.251990339989332	0.795862646718663
100006092	0.73428105205644	0.855208540519858	0.216738405842547	0.773645612620517
100001415	0.127130918295767	0.0911698744432227	0.219477548574577	0.487498083981979
100000008	0.0430530345011425	0.0777679785641349	0.239109769247437	0.611237671647201
565	0.00758300166902153	0.0472418391172975	0.209904349284041	0.871203020458882
100015851	0.131153670222191	0.174684658797474	0.281057387209759	0.937348179536307
100001866	0.515237654760546	0.897990499406646	0.224783460378063	0.771663610386576
100020546	0.00353539703461816	0.0358316146088917	0.412126698586891	0.966955658044174
100016110	0.611454217771227	0.420463675567027	0.171743944314928	0.888021785074746
100001254	0.00701674500173689	0.0213568594488388	0.298595411588712	0.96440565584684
100006260	0.431564190068153	0.850710683646968	0.215720626240068	0.783603319799469
826	0.672404250872514	0.864398059129564	0.212636409602191	0.781928217573861
100001872	0.514444322330966	0.866378095208868	0.212959199487266	0.78641631064022
100000263	0.30762491262135	0.369587630780694	0.269042804723417	0.780010754942109
100021198	0.777460945767539	0.0598787343615107	0.139680737104646	0.468352726760409
100015967	0.0360450194727871	0.0965676483637432	0.269599062220259	0.596668913434721
278	0.126896847883246	0.224533576348998	0.193180814020671	0.894282598297413
519	0.552152506013869	0.283294329366444	0.259187585296535	0.716678578985197
100009337	0.1062091424079	0.332237099127589	0.296098842652366	0.771496036267824
100002185	0.319137377587257	0.939465252940028	0.212435862115939	0.780643756668835
100001278	0.305334931390624	0.245694585035205	0.267067195683541	0.737405363355041
100002103	0.861154261669265	0.616783472416942	0.213020984051346	0.732945934067767
980	0.605442671704278	0.385707756053648	0.237373411470161	0.768725695077842
100000016	0.945799409804058	0.482551486252173	0.211223543832157	0.75943696084972
100020372	0.1804282330156	0.487591801148445	0.210225469071232	0.719953801141413
100001662	0.732335070513009	0.123344339201188	0.076122343722619	0.802490610625039
100019972	0.897947720061953	0.716372902506353	0.218527190110244	0.773827518416397
254	0.697948009921041	0.680864031152558	0.209263620441457	0.79293558416282
100002009	0.613155628227051	0.685347615529108	0.209677434509735	0.699839905481772
100010895	0.368658156838715	0.495707912634162	0.253826776465177	0.763811910607949
1140	0.923077527697388	0.970086908205256	0.211159597507051	0.784536619641867
100008951	0.623384643308979	0.547831356311976	0.228500537244966	0.746785244311583
1084	0.285560971953067	0.706674663685681	0.209797124580088	0.853900672342188
100002796	0.0702231610356688	0.316943225115794	0.178139934627241	0.725435246150638
358	0.768272679831027	0.762169676034335	0.20381624866191	0.745593260915528
100002070	0.925783884454287	0.852274776110803	0.210078558349929	0.801026292080654
1628	0.406445905689307	0.154228872125294	0.264824539415447	0.765935329176989
823	0.736129228041211	0.536842596724054	0.18479814730134	0.846898964477137
100004414	0.421280486810384	0.0887643738509679	0.283065171312462	0.931175342802779
100006129	0.651475802469181	0.624113113783994	0.195389051866425	0.806885465342018
100002028	0.562467066791508	0.437333589507792	0.304471136305854	0.56489143428161
100021707	0.494931554141346	0.592212261513291	0.187942868152097	0.84702302626992
100000054	0.609932336666364	0.516074459195724	0.207882461396306	0.807557037034072
100010869	0.488391295837964	0.249190448805556	0.221547178425901	0.650360477440649
100004575	0.0241080262846043	0.0907495204162894	0.272944445618669	0.85969207552519
100001212	0.882773217489242	0.769590735179186	0.215553851317827	0.740604861426139
818	0.114436529117773	0.419843592218383	0.256710903106397	0.719085769990306
100001092	0.00542178933972604	0.0453861252539596	0.234222608829152	0.731615880549727
100020371	0.914971164796866	0.943133596539662	0.214003397321286	0.785837185091031
100004112	0.21824159557982	0.533637611168341	0.227494827599287	0.792249649687331
1125	0.510400129273374	0.39401707701723	0.23719196700235	0.818882958445816
100020491	0.918926798465241	0.632342604482977	0.189752073652783	0.796483722117011
100003151	0.00289137695089915	0.0274370105473841	0.335955982043271	0.655674330581925
100000011	0.27782920732996	0.125579358786905	0.147101528294443	0.914573461860283
100003594	0.377865806652222	0.895402735430213	0.221126436524734	0.795683544161889
806	0.797102044264955	0.18115347826499	0.213461122821722	0.579884774480407
100001211	0.969465099256799	0.581786423312659	0.220998517848931	0.765985639563403
100002417	0.571823114939879	0.619732061948322	0.205770874512287	0.751231810055991
100009335	0.517608354985295	0.190989204998387	0.168102291281465	0.814955815972401
100000781	0.660631204414381	0.933945003615342	0.21091206379591	0.784669847643443
803	0.0327250048285961	0.0358332192632722	0.20390525008721	0.653150273298467
50	0.429030589659115	0.664558926982508	0.217185876611923	0.768579212380618
796	0.522323589857455	0.0636575312293739	0.243470699856111	0.760617797221438
100005834	0.695337161855661	0.524234871893628	0.260109876016472	0.786299838878058
100001580	0.718387503475154	0.425334826413242	0.231721101368123	0.795131493220274
480	0.715267354792568	0.647074041203118	0.192254995265997	0.792581974627447
100001540	0.313103665161574	0.860524459672099	0.262883698917747	0.827884321595641
339	0.595826614592364	0.131424174544854	0.193319104358486	0.689075455406514
1110	0.993989392924731	0.975493386232449	0.212967056991023	0.802309118223336
100015836	0.133711977123583	0.164055302595805	0.324819553348331	0.97784000391752
100009271	0.582751192601387	0.562759196051236	0.239668141144961	0.765836901589299
100015638	0.965120110562693	0.463906105539575	0.224156055364665	0.765984801349385
100021667	0.960097216280356	0.563628889933258	0.243152975650558	0.76588297138924
100001279	0.661098622817051	0.407841998588698	0.232180440402689	0.901680879756163
100004208	0.0178534602440392	0.115416956876978	0.33754462128361	0.913534026478714
100003695	0.30907365851036	0.208390788693716	0.237661819615159	0.571987905081809
100000802	0.759214238807138	0.933444176843647	0.213241126886634	0.784027075150794
100002769	0.946145189115251	0.115417925421162	0.15471483127095	0.895910419089201
100015835	0.0686156875832947	0.237486468708046	0.337003742250039	0.974497882143773
229	0.788952443949523	0.367138915902475	0.241889774041444	0.781854741446064
100001266	0.00736709927036691	0.0281455171918219	0.276271556798399	0.913412572775686
1342	0.280139116149732	0.321533236917594	0.176993502297953	0.809466031901855
100002102	0.935491095319155	0.621508337972295	0.240506247253785	0.869270234016647
100020254	0.101035346441576	0.449290617994974	0.199426285428927	0.835077878217117
1231	0.435129641409743	0.22960689099155	0.259164267997711	0.735231920497436
100020492	0.877732590409914	0.968381755258916	0.212727992253237	0.786022370836728
100001402	0.429872404210163	0.625481197322884	0.236319228611503	0.788710359431588
415	0.00687475318913776	0.0879198338867555	0.255805920290402	0.845683707391614
100003109	0.913255583689279	0.910843827829977	0.213463793070744	0.774154012570171
275	0.521639553516891	0.84573854079631	0.21414236756852	0.773003959988915
1143	0.179493846804619	0.072778879880357	0.192781983166143	0.889762583244469
279	0.335285237618092	0.314465201658517	0.210620974172047	0.632700651195246
100001198	0.78211718709333	0.933330461444983	0.220942371948891	0.781497765749614
1648	0.43125910185663	0.981740057630621	0.212642290963822	0.786843325461008
100001590	0.353973004540398	0.286312449136917	0.20453380111519	0.696769875397274
100001733	0.34633846727674	0.797999896459056	0.207745826028601	0.807824083231715
100008933	0.0136250109771342	0.0021617794186602	0.301638434759763	0.739783436925915
100001550	0.616206873457748	0.232448082098614	0.174809248730237	0.687567242697535
1215	0.0772917706157016	0.224566638965382	0.176417029570638	0.737882891202735
100002356	0.251496607919915	0.109791018183012	0.259951712055304	0.796607059948842
100002749	0.624281957140183	0.711580077370402	0.214478769751901	0.798082401209101
100006379	0.179756429725051	0.188678124654038	0.252839095266357	0.522399233607244
100015966	0.0853853932454564	0.168424900654161	0.234847894143668	0.601076303289775
100001392	0.706994442916163	0.931939389159356	0.213582192899436	0.785312927512353
100020425	0.150982772586998	0.0578588288497626	0.179920228627307	0.525802205496699
100004299	0.384736152882479	0.87520120404641	0.224367956830325	0.817663208300111
100001734	0.630488546936231	0.564546798146477	0.224976411167495	0.724791042584463
1002	0.88329416047124	0.809640101581158	0.212942937128782	0.785741978322618
100001337	0.373678568978842	0.832854401157	0.204013862729869	0.787591506217055
100001452	0.958062341987306	0.69707250934894	0.208829094568337	0.746386545016999
314	0.572923573527236	0.406272187220927	0.221999982868791	0.802897714797919
100009264	0.858239371659574	0.589793283771917	0.177286048127976	0.894222795485366
100004634	0.429007271047124	0.474515278270426	0.187185812379776	0.807228957913298
100000711	0.599755820692496	0.63568252842263	0.240468313634654	0.820417747591743
100020536	0.0209701375178402	0.0930303262808441	0.266025120187369	0.897994869982295
100004318	0.360250787528339	0.608254336893867	0.219172431890363	0.780245302602393
100005850	0.763538963647746	0.439906597397687	0.278610478282465	0.727030502485351
100006619	0.385637768347817	0.175145319996052	0.246484384743846	0.765527927299065
356	0.320243332733008	0.526861118579147	0.196660979484203	0.817633639389775
1221	0.763632197389161	0.750823604474274	0.26305947501041	0.805342299179046
100001397	0.864024936221732	0.825687613720015	0.212598450933669	0.779450316144297
100019981	0.609008931110376	0.877696916622224	0.21547916207272	0.805930643938892
100001208	0.489298140874578	0.269881378752546	0.186016702948756	0.940564175710087
503	0.0080276443420511	0.00802630461766058	0.117072876326761	0.617961417644271
100006375	0.119504388703089	0.572635614583353	0.234565425985073	0.762940561467814
100001295	0.701422675868189	0.596282177883105	0.205237836820237	0.885617987094197
100020427	0.0643624278544487	0.0329241761033032	0.210094511509849	0.461038289961578
100002784	0.4971003614577	0.354588001091024	0.176713643039763	0.861787134451382
917	0.0577202928919552	0.205793701363607	0.234959670486993	0.733383939712545
1869	0.404994853894819	0.230192516961215	0.232010867124482	0.663445449864816
240	0.260496750256295	0.112486036779092	0.131459239397905	0.575068291229922
798	0.00619583605379379	0.0995736169276674	0.329354766155128	0.711231171566218
100002952	0.310374729086298	0.470383305105612	0.210464752348258	0.877292667873249
98	0.591723044431458	0.819201744535819	0.226635316112172	0.793635185365682
100008998	0.437656475851714	0.418507044614737	0.176295535381917	0.837292794067374
477	0.969865077383139	0.279944980496064	0.21550165489803	0.784728023151841
100020545	0.101426955807871	0.15850074163166	0.250218768659388	0.944439330406036
100021666	0.741762562406051	0.168865535157525	0.241631742645683	0.790430895160246
1256	0.406670027066928	0.624759448121736	0.257863728228656	0.836869508676382
533	0.4683749167286	0.116990102944098	0.160231629886369	0.529555956272235
100001757	0.385240950915151	0.864713086185485	0.220424763078233	0.779427949728613
1024	0.38217140692551	0.101059934744297	0.14406045894669	0.774597000971641
267	0.456349377682517	0.985581983019964	0.212373694935213	0.787604911625178
100002113	0.0867637996813883	0.0790230573170612	0.200925056196888	0.820129573944352
100001756	0.786761753229881	0.698331431314122	0.222406815772167	0.811281187028922
100001193	0.354516678944053	0.16424843843126	0.270346050683742	0.730895309917358
100001668	0.655968493106881	0.946785613989888	0.212834696996737	0.791516295130903
1124	0.279080908199053	0.268806646293102	0.180884121760719	0.899306612597077
100021331	0.222735831425012	0.378213331709589	0.202314041988171	0.819017952645957
1090	0.0441240418192306	0.0336144884737452	0.193343490591506	0.958865111132195
566	0.703147312793085	0.385234031812217	0.164540359454916	0.785993397034451
100003119	0.496988685655669	0.312050803793341	0.239737148168172	0.720452865640639
100006367	0.773250366362253	0.584267869614508	0.220703044776914	0.765901791252378
100004322	0.174472563849835	0.213285220645233	0.2153291352811	0.889762638318148
100001034	0.574969841980844	0.925036379999727	0.211626484905355	0.782427427742204
112	0.959222307712108	0.972957117890616	0.213139085473604	0.787881080315978
507	0.779620406913472	0.800120697682156	0.211510873211594	0.792917103206938
100009233	0.306751522469271	0.186022215755934	0.193264617519571	0.808293989685314
100000406	0.0131406833069754	0.126098307706228	0.358734526920786	0.570925442481439
100004046	0.405386274891129	0.331046637470978	0.12124003340923	0.711367083799682
1025	0.86365426660414	0.745827029045108	0.205842324982356	0.802335828042317
100001106	0.18828507564585	0.181859360072186	0.173722693665414	0.820443851959931
1128	0.0179426411191238	0.482847191312933	0.241052602156431	0.85574355229219
561	0.0700873852119671	0.206284362926952	0.150698953342504	0.700295902790675
100001614	0.880303083427793	0.391069700538612	0.224520604165143	0.760746080378399
100000961	0.77469183799257	0.983281943197778	0.236808434362442	0.787246686732933
100002397	0.942928053865112	0.672780289092246	0.21351532166632	0.726043998666936
100009407	0.858337716121235	0.923022107539222	0.21879257508131	0.780195332607627
100002910	0.874162741803836	0.613927043661743	0.194362314618502	0.718123523400485
100005946	0.190943548041117	0.285522347420243	0.247480434355845	0.912727330645852
100019794	0.0765484639233123	0.240528225458997	0.210165770310691	0.973168160768082
100015759	0.307426724766136	0.0957592481453213	0.175901317260716	0.79570770875705
100020417	0.694417680571452	0.582993006952253	0.200620668176137	0.758232164564079
100001054	0.776236564420164	0.936962553196349	0.215602096326104	0.787513501459476
100001437	0.329377124409051	0.333340154701602	0.175737286209707	0.709026308494903
504	0.333536087554594	0.820740608206167	0.244753336967216	0.790682042470586
100001988	0.501192353116813	0.659436887832769	0.207850739928145	0.936807042203519
1082	0.0257876697279963	0.569046099929168	0.241208108392801	0.822199592329547
100001403	0.349088691231359	0.375369585766104	0.239162827002074	0.765362340615235
100001664	0.91194630681585	0.507423064694308	0.198829745096778	0.978161138258492
461	0.269646850256705	0.23612972589642	0.352342493211852	0.758622039075672
100000463	0.644702881650142	0.981090222565286	0.218227792964977	0.786641104537479
100020208	0.491071955278089	0.498236013963653	0.243820651639898	0.657133013477996
381	0.621557122002623	0.0781164724464537	0.0955231022072627	0.604609677468954
100010901	0.0686037095461273	0.0647786147443504	0.208464554015521	0.919811759851793
100001468	0.450079627496573	0.848420799039322	0.217906079758529	0.760860278004547
100000840	0.760926431201308	0.9735871103751	0.225993063441193	0.789719187694576
100020014	0.0536773527861866	0.327341719036878	0.191599288926895	0.842452725726692
100001993	0.883295843656779	0.625964567830992	0.181560090412406	0.929623313220552
100001051	0.118420162653208	0.0261819800247554	0.243991357602665	0.440159076102197
100006116	0.351966933700117	0.492498781533909	0.215612134336052	0.78997596225454
1108	0.974761264740503	0.941038158195358	0.211746235390317	0.793890681962291
100019966	0.222822891187819	0.10244155616621	0.254532386237754	0.765138311161152
100001743	0.681890472076221	0.455703368388295	0.207535204364197	0.768742543230415
100001294	0.132972939120719	0.18643562165916	0.147923173709528	0.8475924382548
100001609	0.302752181095002	0.124418552142349	0.203082251014077	0.872472681384159
418	0.689484233514603	0.966311701098849	0.214808682915233	0.783890620705162
100001178	0.30422331098468	0.993250750506037	0.215302621812131	0.788417175393138
189	0.928520234160073	0.699858817832675	0.195653867085089	0.752961108971821
563	0.53363308279126	0.816048027196769	0.224837691114337	0.771928359054845
424	0.501246439647761	0.411368366081755	0.239826323569454	0.769580913955745
100000776	0.161720337915321	0.355532336147061	0.246994658999985	0.78573759645078
1001	0.973159345141881	0.481207726780696	0.217826730806887	0.791035649991599
1135	0.360826111591981	0.108615511977456	0.207059538059187	0.841431809094872
100021093	0.437879507063883	0.578650519882123	0.247206981745696	0.80152503723069
100020219	0.140270180461543	0.254410969344335	0.225068780643488	0.673362454246578
194	0.481429681228441	0.859674679862943	0.218507655235884	0.761437693756686
100008930	0.619725300332974	0.587494802071028	0.233891899080089	0.765754958342577
340	0.640546089931517	0.226710851271611	0.127143680516401	0.874466249407416
100010896	0.730989192645639	0.878939861751954	0.20956178153531	0.789115136497171
100000787	0.187299487534086	0.102508425369276	0.205872238054344	0.468633420007381
100000639	0.0353757940238128	0.220036994529037	0.190081490571072	0.793642548719361
100001851	0.990615647041074	0.29037286149281	0.23828539821812	0.556416688126649
179	0.548239771731862	0.631923924833207	0.208658253492622	0.800531006283611
100000626	0.302831264910836	0.656339947044637	0.223096602379068	0.791895340410121
100001605	0.0115759050943311	0.0889161370352497	0.28304124148496	0.881128245915979
330	0.240870117708908	0.4381707953847	0.237480143984761	0.648083030937538
100001162	0.613234244388855	0.684752922982374	0.197140250817544	0.757685521109448
100001167	0.0382975609444771	0.216363500949925	0.206948541441377	0.771521124879562
100002067	0.477342563748958	0.761440961918437	0.286949007963538	0.706627182022095
100019968	0.678865462120237	0.39965235476347	0.238335840998381	0.720513684683198
100002014	0.992130694544788	0.982543551082845	0.21200586831152	0.807041147980802
100004083	0.402792798305059	0.132654756562962	0.240473180765563	0.639053878658971
100001315	0.23598327980915	0.322639749992483	0.223118365743748	0.87408536102287
535	0.27801218040046	0.596794327660583	0.231305825125571	0.777459676199964
93	0.457523688337028	0.302715337445846	0.24467729436183	0.623105824321954
100001989	0.452362298467993	0.678880750287007	0.199053252321199	0.822439505424499
100001740	0.747540821942061	0.399583939861077	0.191461733642121	0.80889163607626
482	0.226220098476736	0.973465637610902	0.212654076025955	0.785103027228566
1629	0.268502732537016	0.433777936992329	0.259455060529379	0.761001970802443
100001399	0.530485297446633	0.432794535265987	0.226268489558819	0.784251370918981
376	0.902023028343801	0.168559151289208	0.129163130781375	0.894859999271218
342	0.648451536239217	0.56865691616816	0.210788461232391	0.785695374254564
100001253	0.0308165055019577	0.178290925407657	0.17743360751797	0.99400439361371
100000708	0.577613298229433	0.771293560865942	0.228657368205301	0.79536897888647
244	0.195738423708137	0.0521280051639286	0.173248561193876	0.911228391602083
100006726	0.352032560671922	0.260767672224118	0.254275216791444	0.773141752487944
100000036	0.190461693911018	0.628384890941469	0.195039326579385	0.831112396328563
100001257	0.0354833795598115	0.10954183261562	0.307696946934313	0.970568264298695
100000445	0.668193408099128	0.640694860385184	0.233877518339957	0.743089395929091
100004088	0.0111165547429257	0.190708174883879	0.257220335196206	0.836130198453859
100001423	0.884917664653653	0.845926427958299	0.215061744877485	0.768154754503118
100001276	0.499679867908151	0.339076380321347	0.197933470807032	0.698887417932413
100001876	0.702263214376996	0.959176920547219	0.211727680980533	0.787592240789986
100009082	0.572094799075578	0.0312054612153176	0.0835707937864217	0.770439835331595
100001121	0.315221804716306	0.693251119930705	0.207642201322664	0.783012545433923
117	0.301222718866965	0.594684724648976	0.196365216034881	0.812218960247475
100001868	0.0233927462305762	0.0897481948791517	0.254059010969366	0.804855222922094
1134	0.742895087996323	0.309792146187205	0.143460556619887	0.755329904627255
100021012	0.260076417703902	0.474693639768096	0.219185569950989	0.813743585162168
100001181	0.743109567223834	0.274969910040547	0.269705629822078	0.712927079158817
100021467	0.781271315516847	0.326624635643695	0.217403079690887	0.692162502579025
100000447	0.25558232484287	0.270708291133794	0.24949250294116	0.748113691104308
1162	0.000395334499158651	0.0111955527238064	0.28181988332379	0.687046668258668
100019982	0.445287096430168	0.531274288734023	0.222680751649234	0.769552758560489
100001613	0.993898952549417	0.463379979534476	0.225011725078038	0.753757867781292
100006644	0.386405198095542	0.601716571964997	0.196048112495106	0.818263992502669
100000096	0.488220000530203	0.0208877767017964	0.126538188475106	0.76233964585743
926	0.525327693674315	0.688500716944534	0.217242011739534	0.790818306622438
100020004	0.765646965703393	0.76962474510021	0.222955309637774	0.784200171157026
363	0.197509923700698	0.0540973154048869	0.199883379755735	0.335670415575596
1111	0.39453378631257	0.931325298484191	0.21260901338084	0.844350271136099
100021712	0.782944782385772	0.751476266819314	0.210853467576623	0.769689932972031
460	0.957512073842731	0.822204536870005	0.219779124371842	0.807391465615805
100009331	0.323795834006499	0.196974996463944	0.188138364625761	0.820247125743516
100000442	0.500669590845173	0.992229649028799	0.218624184900531	0.786197514363652
100002945	0.0651498190895926	0.0146117138438148	0.282767625064304	0.748087827613856
192	0.880609994491227	0.888628442686784	0.213139265376077	0.818491377300323
100020241	0.498042844190701	0.943726336100724	0.213193349000499	0.787762690133816
100000580	0.152338902951734	0.144064535480279	0.179634368958117	0.980254962883745
100002466	0.0150097658026258	0.0390968387821943	0.186690328977851	0.525691824308209
849	0.605669078064821	0.539605781564918	0.215178895374729	0.72792951023402
501	0.532913289769193	0.41395699221064	0.238733474612978	0.741431558686835
100000282	0.664914996308252	0.147835879585329	0.276805093902386	0.675702740194071
100001577	0.0368424819756795	0.202862835217181	0.304394881064143	0.843650729161385
355	0.0997626832015374	0.300088831256932	0.176456296814183	0.679642264735837
100000841	0.86429701715153	0.989449039811465	0.227061079526349	0.788659944421615
100000846	0.814262099051763	0.362070729836438	0.205239422960626	0.779390709667973
100004295	0.876878753634505	0.395639969113815	0.194488766273694	0.732416145579498
100001586	0.130159483193684	0.0647125013713325	0.319157671607618	0.42786216463504
407	0.00743128811196485	0.023245572826359	0.233149378600829	0.881951946128982
1137	0.878478006274757	0.732704943280945	0.204488890027622	0.825517138118514
100021374	0.0300504193238801	0.0119769194707511	0.153132458071101	0.782205713160664
100001593	0.566426820278806	0.961247760663692	0.214382106314344	0.787854907353982
100015971	0.862051832812229	0.814419864801294	0.209695524563588	0.783760117406942
100001022	0.349247758496974	0.155988046383288	0.122848825663312	0.923558934531797
1094	0.0383307348122292	0.185203173208528	0.352992319744495	0.938270416881512
100002122	0.226996620085354	0.212230489672393	0.168122517080256	0.905279664888753
100000706	0.558631217606461	0.597467020971054	0.185299736726281	0.786508130517159
100001055	0.74384420291259	0.439677488546481	0.193734869820668	0.725390547467383
1235	0.475515064655892	0.689224166020391	0.200513421363147	0.822653843935576
100020204	0.0893309532121133	0.500929481497626	0.23265476302478	0.836072778328337
100015643	0.0313282520442811	0.279356900178158	0.23361753600576	0.737468502965207
313	0.0218613907152174	0.258866070456564	0.225467151826518	0.719678133232318
100001413	0.909250413168168	0.835595814082063	0.20751488703875	0.771449632754086
100020423	0.0241314169684793	0.0194276044458941	0.240445275885576	0.434987599349522
892	0.411237672199793	0.137775293116945	0.233622644003936	0.82221759240223
212	0.0821592277742125	0.153035440364485	0.291197374566662	0.756468171151708
100006105	0.158990303591579	0.166605861544661	0.245331636608398	0.80485635722143
437	0.818630479418804	0.555062364521154	0.19473391576727	0.806148281028813
100019892	0.45984026963322	0.785469943492967	0.211392977483059	0.810401832728161
100005716	0.0715794683022082	0.101375091545991	0.230380719026563	0.878969499944341
537	0.179190891923244	0.107998569596395	0.217559520814207	0.822155579512466
100001990	0.309389726415892	0.647640119665924	0.245703964245153	0.738346482072807
100003397	0.0436783684048639	0.0050035159437369	0.169834338138225	0.51674951024679
100001320	0.129511067220097	0.24963012039011	0.27904740385053	0.537356371664965
100005717	0.135590517064999	0.0926701457459809	0.253174601828338	0.820799519287963
100001207	0.0198214269918464	0.141680817206164	0.241915494654851	0.807719003888109
100001999	0.608777547772068	0.843278657757651	0.20773812311813	0.864824233930281
100002488	0.200990210788555	0.0183537506282106	0.255229937163423	0.727645771039973
62	0.188289976370679	0.64631798003107	0.204138049312293	0.795936399296128
100000467	0.58142417366293	0.436185196269704	0.202637685377996	0.758240577889217
297	0.00614811170346431	0.137896030875453	0.2178430170052	0.752529153467047
100000285	0.0253220062235003	0.353603173924171	0.212920270881565	0.900390109927544
100006056	0.107267759145573	0.466659708681898	0.227240643201762	0.818337469384788
100002126	0.148849565149431	0.254957277102876	0.161671574098773	0.888566146012497
100002129	0.667210229664478	0.846203418266356	0.209419414294767	0.86119386983564
100020478	0.033575333658505	0.204446606120523	0.188358899848775	0.821779091259442
100004089	0.0487478473706493	0.496527410804877	0.227956379086639	0.737472515808859
100001755	0.474024445796035	0.629258202903671	0.214715865516943	0.743811729795713
100000551	0.0382691613216073	0.955012022987707	0.216251221101192	0.792614107546816
100003260	0.487394182095404	0.326844386015304	0.242039253776579	0.864906103322778
100010955	0.930360359773877	0.455895003198894	0.175557966248358	0.682687932135854
100020851	0.246526982737644	0.487294243925751	0.231445394196883	0.806962186427779
100016069	0.636777609874379	0.792082521727499	0.215827078147025	0.773822643789312
100002027	0.368865208477044	0.605287922142979	0.181336305320746	0.882104355829499
1123	0.455933991437999	0.218837799470281	0.205932512646509	0.907099519734511
100001150	0.669507917573112	0.897127736584142	0.210302689353534	0.793239058866462
100001657	0.361311747377457	0.644777514745019	0.213110699102444	0.768064690235782
310	0.23900945446407	0.31839445966157	0.182206242019238	0.903737369320798
100001314	0.392488912885103	0.148083150846672	0.20299425384535	0.659668239231817
452	0.609288685143411	0.599131578188822	0.245563870478403	0.75412517764131
144	0.124392042540325	0.0754521132018882	0.269871726004884	0.640833236628858
100001182	0.173138689559649	0.143959186074326	0.266261573371873	0.773492323132692
100015965	0.712903933847327	0.450672262756165	0.201514176662485	0.864176826966363
100006108	0.878913029577773	0.461232902714306	0.219729661737121	0.829132224763546
100001400	0.716304436457597	0.630637096506982	0.200749980789817	0.776346118955936
100004541	0.328094128400834	0.240005961687645	0.211025510449784	0.528928595560592
932	0.864227969566612	0.338809572449741	0.217377297352815	0.822289580612624
100001992	0.341857881192717	0.514012436977174	0.320042308150443	0.667951885664596
100009252	0.0812051237795839	0.146273682201462	0.260869205278028	0.77450993202197
100021104	0.760722308525819	0.60072909455763	0.17951602262334	0.907566203961427
100015838	0.0110769364571529	0.0422571740882785	0.321432495374347	0.964541795480917
250	0.00112583304794473	0.0256424100861429	0.416741404184198	0.881933996835757
100002537	0.99786354989305	0.485501076447819	0.194506343649659	0.903877817856231
100001658	0.840189139618455	0.717444878790465	0.232081607436346	0.773578801800874
100020416	0.263591151251042	0.342809790987579	0.184214891942306	0.763445789592008
100006642	0.304499683840325	0.804771376682965	0.206307841487409	0.805026570740099
100001391	0.0895353641270115	0.315491145286777	0.281674513681191	0.910037542052569
825	0.579556093213438	0.636274243152508	0.188457099179724	0.798541836194105
215	0.0197266252182347	0.104522747543077	0.256732690993119	0.769678751165873
100001026	0.945192813014854	0.815739850613035	0.208561782475561	0.837662750429367
100020541	0.516033280932428	0.502090224642771	0.188667427088335	0.820684400625835
100001526	0.176984117664953	0.257114959423546	0.339088542574334	0.914632540617354
100005384	0.566360458129768	0.451262858545217	0.201173041969842	0.70625031037433
100020378	0.19852788340308	0.769146012874229	0.206882573083946	0.790153520059557
100006115	0.961502945748214	0.45506084991306	0.278565876956666	0.681663337486838
1442	0.288009306252368	0.0568039265344569	0.0926711286863793	0.66103346782007
100001843	0.194391424038391	0.245854150534482	0.2349558800038	0.865617707725306
100015837	0.147029607313127	0.292918856108203	0.391742627910688	0.730443868371632
100010834	0.693306729022649	0.966215550111727	0.212746349973941	0.784231644177282
100001393	0.51912290036265	0.459905184967888	0.171606503689738	0.825812366433717
100000015	0.319436506944228	0.570444557320628	0.197572767578722	0.809046385598797
100003892	0.0612577499605189	0.0470570427835105	0.18833941483282	0.941624811144736
100000042	0.212117235136645	0.0295569758656777	0.234185176856961	0.684148015929966
100020550	0.675707363780647	0.263661424979307	0.235772188892784	0.678474129511703
182	0.39622357413348	0.323264803368082	0.203359321246991	0.812773204525143
100015723	0.136117947589871	0.422840704379955	0.215235028800199	0.769566642289041
100020343	0.390155592530379	0.463212254903046	0.189892360312302	0.790167543721758
512	0.34410602261727	0.639199687349218	0.234373514159315	0.759176572318174
100021100	0.71049960160265	0.666731172326818	0.201399313711667	0.793345447969154
100002528	0.341577703710356	0.0796342099519761	0.262762743865684	0.549291765173929
100001287	0.361841021819745	0.717074907349702	0.305797949079194	0.717372509947919
100001229	0.741639920116933	0.892677789469871	0.220325704710619	0.775810752053034
181	0.465088875968443	0.90915193052842	0.210612477795458	0.8004462775335
100015831	0.00167086755402521	0.0221284534484989	0.297670432584695	0.558148202389772
100020515	0.340711273068969	0.441535224228759	0.169642117816275	0.950216672489607
327	0.174424984537134	0.237981145656689	0.262263379925329	0.740439370324479
100009394	0.841999403402442	0.842111406555528	0.20586873239656	0.804552444800193
100001596	0.904783558782399	0.324426762915343	0.200333258609979	0.624882500810993
207	0.934402270291216	0.526111577918979	0.22484180332891	0.744851699333997
2054	0.488286125161457	0.740985556319191	0.202938512865602	0.806427011170266
100020259	0.700078603651858	0.608106642896813	0.233448785879042	0.77097940605582
100020414	0.0038073811905805	0.0409750515375154	0.152204554592037	0.755246647686917
100021131	0.9202385373491	0.261921127755524	0.203000942030759	0.742512756710034
100004499	0.685955322301976	0.845043673212257	0.210132117488788	0.768507608189021
880	0.181082026626734	0.801455786104408	0.23116005923532	0.783202943211079
100002049	0.518798127505565	0.325927984002748	0.238143349451383	0.733894440467072
100001739	0.486225151114287	0.246095243978468	0.277070966894238	0.745198607952535
100001126	0.542238611994624	0.173668359126518	0.143828313015534	0.653526217702791
1113	0.670084074817842	0.860739645033116	0.223036195892719	0.763720975734099
1083	0.928759190533933	0.308374914944188	0.235111179874108	0.690232566557482
100001730	0.0897514594038882	0.209039506691325	0.251532729775582	0.657025731391459
100001412	0.562735903865518	0.933220807283275	0.212022257768367	0.796506849761289
100005996	0.718183967544701	0.601156457893995	0.205208619800714	0.757305029616739
100015962	0.0128263932596686	0.113274477500154	0.164644947350694	0.934068672114093
100020214	0.621010756411101	0.402066081793723	0.225634622926644	0.701332481858771
100002514	0.131358632033787	0.348464042357402	0.223268110924355	0.720548145181709
564	0.226358245034271	0.0636809511314579	0.190539601681543	0.654105351452451
572	0.0228458603182298	0.0206846036952115	0.324953683930793	0.641309666333133
231	0.830044713835565	0.743322639410662	0.201164791633508	0.79597361073292
100000453	0.922554082707894	0.743175369437814	0.204312012820158	0.820331659710822
100001007	0.126888160225144	0.269824001791317	0.258085646297776	0.661011717052361
923	0.539358395828875	0.289138305255666	0.198188370015656	0.852313930393154
100001247	0.399609900688752	0.499147235494691	0.197442309327326	0.770415553241639
100000774	0.551298204525438	0.86713619238123	0.225388210016723	0.803572938773599
800	0.181298106368756	0.237689139507887	0.218523447039658	0.884058893773982
100021678	0.211594994948767	0.311797117323454	0.164407981763948	0.79456506373907
100021711	0.484589514105449	0.900742874587355	0.222673657478084	0.791609311034416
100001274	0.806758759304275	0.425380006049826	0.206065234801806	0.62752420401565
100021220	0.159280275655532	0.175445649303654	0.271981223021058	0.903820594961983
100020253	0.305743117698422	0.851668208061674	0.209618869387252	0.799573458297407
100001170	0.929725204469018	0.235480093710163	0.203268479524521	0.683907085346536
100001466	0.278828519345569	0.878678317489711	0.218883769042813	0.781714192500895
100009406	0.788001489762815	0.692387648413328	0.204690481180389	0.802303772615647
1026	0.19238359099499	0.452744081994297	0.227493594434094	0.75256354584248
100020837	0.672442178627414	0.464290275539955	0.242929429962546	0.695987246905692
100001006	0.0614388641695364	0.0715493404017455	0.199783740879185	0.928105480409922
100003674	0.79732987971942	0.139112130739472	0.213361982011966	0.77147948403881
100004396	0.371332867455128	0.480846934445045	0.246412118662592	0.685324114310928
100015923	0.395741222678832	0.853964175517107	0.23624353332673	0.77299508880511
100000265	0.507140530761579	0.753427190836609	0.217399685167635	0.761200938870053
100001409	0.0835503887827836	0.120798111460643	0.20923334216504	0.617255957443555
100003434	0.496485385989981	0.477015052107177	0.216403333103189	0.698653515873526
100001334	0.582509794994799	0.0771930753027612	0.271153616364121	0.656141409732544
100001102	0.680831266999479	0.800624564936706	0.219600981932004	0.768876398404838
1268	0.755003179000924	0.0813932868055454	0.134491189270241	0.730547852006175
100001300	0.295247310662581	0.108475548457173	0.191774863723986	0.782698139051358
100021324	0.255017257274236	0.766710306289376	0.274707431754896	0.777911115679759
100001617	0.094392125852339	0.0933033776423405	0.203740251613369	0.83586935614911
1105	0.870162053185881	0.169162760644584	0.292236143563645	0.455502784429896
100021502	0.0610742470873517	0.258688369461855	0.203564584513223	0.820508600329141
2051	0.785389079118378	0.631260141382072	0.214323080084741	0.689468549364987
100001256	0.320555890600233	0.75460670126328	0.234352000751564	0.848354486777996
100005466	0.0890854865677316	0.107691980076989	0.251184900691597	0.569607237991427
100002199	0.116310516196014	0.682745375350432	0.222226050874929	0.811100425684543
338	0.0188550468841868	0.0574394347317815	0.360309718355766	0.534571680004998
100004243	0.415075720380396	0.531177087867556	0.193395778188696	0.804253382250393
799	0.42043022971267	0.964770715235931	0.224844915708433	0.785689163285367
100008928	0.709282248760742	0.133504619101246	0.220021963496323	0.765684802172216
815	0.0720916561189691	0.235198005842017	0.212250462296402	0.876755145001902
100001456	0.006047545319991	0.0738258157401162	0.204074048820155	0.703970851053079
1242	0.0888864734105814	0.0976192413826683	0.263495725593887	0.578881541486585
100001416	0.303588465623331	0.116813330209985	0.146062826499531	0.516727057552332
100001462	0.350257036606654	0.32904560837072	0.257878097393652	0.743113505673698
1087	0.175231810555815	0.0399717907505802	0.221359640550705	0.751056195380709
100020421	0.0809467077912215	0.123320735548778	0.247951493516201	0.536576287458885
100000010	0.00910883397753512	0.0675760997168769	0.237828575402517	0.820374454458862
821	0.618724606207455	0.459941115343095	0.239099528844391	0.648160514692827
100006627	0.271521251729335	0.160015704167952	0.307132634651307	0.679424620360783
100001277	0.325077692731466	0.153160738995183	0.255095865543838	0.742080518835523
100021141	0.0473712428769544	0.201680970218914	0.242781479929288	0.885473514926754
100021105	0.257676537582941	0.351725760314447	0.232859001874828	0.599989417755221
100001950	0.00124906898131575	0.0154572801600893	0.30505568888997	0.901932381442657
100020217	0.958796328163762	0.326053497190351	0.15337590105838	0.614131643958237
100006651	0.0133932449187947	0.12198825167858	0.241124019881903	0.510511970586097
881	0.96162294650698	0.425764958618167	0.20005967786269	0.800102059713498
100001509	0.782322026430548	0.176438523299209	0.191596780534327	0.699406554983176
100021709	0.64157107890661	0.853291629372477	0.208244180861079	0.792188207135554
100001635	0.253622478116035	0.033708035469695	0.231613740397871	0.734197206198121
100002613	0.458932971803494	0.123637424797675	0.197041687343397	0.876023100284746
100009329	0.549701463044443	0.608253975593631	0.182294914725817	0.950665705279634
100021123	0.931533855412483	0.684318770806982	0.221156325067086	0.713256994875545
100015760	0.243592251192687	0.153412623314746	0.170756107869482	0.827925361175582
100020205	0.444793743813234	0.516642062983823	0.249288518190845	0.632529194215666
100000765	0.543552923754332	0.67230990738934	0.210102595832367	0.755706253805503
100004111	0.273511183554307	0.150569504842306	0.235658836522254	0.759938481938452
100001615	0.16718445525156	0.87781620371181	0.212786710452362	0.784940862870135
100009227	0.213736554387431	0.123315317679222	0.308842915906228	0.927283193373631
100006191	0.451412139627701	0.648004364058408	0.233332080487849	0.740167971350622
100004542	0.490816523713929	0.397060108936442	0.225117049381249	0.831402276429777
100003686	0.294371043396306	0.132463168810666	0.310374002551858	0.718293051496688
100009232	0.0359619125200323	0.246840946146374	0.214734826667969	0.689048594424338
100001501	0.055301892189543	0.112109358888111	0.284103299733516	0.821024785348726
100002367	0.505565747070439	0.258964199582274	0.20084612563151	0.627670631029957
100001108	0.374595279313201	0.68546178312937	0.2102150822112	0.775420103144384
100004227	0.62507930934674	0.920315375568978	0.212559301183765	0.779732067417499
100001310	0.233215409439696	0.323931936906568	0.202976564776428	0.891319764200782
100001994	0.956676999630122	0.931965948418044	0.232995006902258	0.831697087934998
100015839	0.0145252538094883	0.0149367716918868	0.294295365614859	0.870386920490945
100003271	0.00548010300811749	0.0833396161513126	0.284616700450812	0.578628100678527
100020496	0.667022914805034	0.957345598276999	0.220252838110214	0.783519487604954
302	0.624142847338862	0.397801462348157	0.182200037619199	0.754041793978507
811	0.80894096420783	0.742005209393093	0.207583012685316	0.822707741244407
100001267	0.839634300499073	0.837914889614644	0.205583832818301	0.782974588741864
100001197	0.0213594113113065	0.317499543436317	0.245035644846513	0.801181219396877
432	0.206583089404973	0.45974417586452	0.228716949281982	0.766458595602634
444	0.0110094386896821	0.0548945189550821	0.242381460223454	0.926926248717765
100015968	0.361598186204112	0.396219231913806	0.209865165458411	0.711278827477992
828	0.902574838386326	0.861799740858366	0.207999193198866	0.79350636747212
100004054	0.384715676345568	0.974791742406127	0.213287967451908	0.787135756267449
100004635	0.110178112034852	0.193083989641363	0.508558397637557	0.520757147193896
100000491	0.358042760528516	0.505100551984082	0.203067480787756	0.66731508696815
100000939	0.043077009942126	0.0331790912989772	0.226602623864056	0.673146979530554
241	0.26186541937238	0.664930943856761	0.227051516420615	0.803093441560804
136	0.412621382267631	0.0771134546929177	0.186365511319731	0.967909074411612
100000792	0.678792067081903	0.977580816584139	0.218226350999575	0.820516932580361
100020973	0.566757718607718	0.649000851903566	0.226712021479804	0.761768912726263
100000936	0.731451081456437	0.870484614082576	0.21154399288922	0.789199366886038
100001313	0.00659138426262539	0.132566498741938	0.223153370088535	0.850438122783513
100001951	0.0691713952376659	0.112163528157797	0.2489948199129	0.767531933247865
100006098	0.0183366627807668	0.0867963609646702	0.241580598016594	0.908542356499399
100000007	0.223993251129383	0.519512142843983	0.219176723317938	0.794368836192915
100006641	0.82692300687018	0.843352248530001	0.233262194866463	0.788388654684258
913	0.00792629660502576	0.0539917048780727	0.266606954817112	0.643408746495532
100001579	0.805732168784484	0.439353433910652	0.236667405190261	0.786962144534713
100002911	0.157747691691453	0.0142582243156094	0.287684140812609	0.736025202467743
100001293	0.248939708083906	0.348813111314028	0.182395606420669	0.939680230646375
100002241	0.2082275519387	0.518973205811738	0.225476055357761	0.753672394999095
100003179	0.521515480577127	0.106750564314887	0.209823649706975	0.628419859582773
100021372	0.455711876962129	0.29335622541468	0.165866267507747	0.782837906912914
100001956	0.377258509290462	0.582697436680316	0.215546302882292	0.706653904794106
100021162	0.280717077622585	0.206592243454095	0.208072062419968	0.605992144031912
100002259	0.335292732659825	0.585344168269966	0.192777154733638	0.780418583584319
252	0.431947036564518	0.636105898615462	0.246009102903057	0.733088117805894
100000707	0.439082884841328	0.334027006742307	0.208824436609612	0.796185566857258
1489	0.658717213824386	0.0203395203415995	0.154379282076252	0.759326947434609
100020361	0.0321897435156293	0.0877602533864654	0.240326736355998	0.922667032275542
55	0.927040437939836	0.968644657394492	0.22171098720791	0.784535960145834
100000863	0.242547859981941	0.239919007344502	0.180963899724961	0.829636251669317
100015840	0.162557921568096	0.102055867789909	0.291740148475481	0.743352205416812
100001541	0.206397433100006	0.0975705967459632	0.147108501786847	0.770660646035832
100006082	0.154017188744542	0.0593210515520368	0.286928082200396	0.777775238551265
1254	0.546732153818788	0.972423308089782	0.226784636890658	0.794098901780057
100001624	0.542958344932225	0.380514059857663	0.200563836399705	0.761782197657898
100015850	0.859676915972497	0.665651038919005	0.260403447562622	0.753958841055943
100001104	0.0103446141875818	0.0271368993858127	0.268149380349061	0.987654046559587
100000900	0.0917551218424709	0.36192820961061	0.218672012103503	0.797978979132442
100000269	0.274720381061873	0.0898786746729535	0.127683680124359	0.732447196721479
1022	0.248708562008911	0.961287785488066	0.213146049088691	0.784246451215101
100005373	0.248314850149557	0.0878239728311535	0.19152455808611	0.81335921745182
100001129	0.12414901753127	0.669143754609924	0.203436871207925	0.82340738791477
935	0.0141271949090382	0.140879911386735	0.283960756680523	0.643031536050852
100001262	0.11782629148122	0.173020061810094	0.21796610700492	0.825889251933498
100019978	0.257559112413839	0.693866159165628	0.209669015471409	0.773296336301127
100002293	0.712583661027434	0.767910477842318	0.215422336298228	0.788724584738623
100001426	0.213766345886393	0.293135437957652	0.2174080204973	0.619362014393465
234	0.0420068942523816	0.166440542775001	0.212069866858744	0.760093713665463
100005403	0.310321548409989	0.942424831581945	0.224377561589455	0.780505364328286
100001083	0.0466361318447293	0.338530667687734	0.234451202401604	0.808851963119354
439	0.665002258235674	0.315890974343603	0.229337692895442	0.78303993027331
100001086	0.362793808055433	0.424461415311339	0.224558000294081	0.867617475337345
100005864	0.723735364792427	0.439226722088587	0.192892584575772	0.859753233727323
491	0.504649884843783	0.895776855885296	0.21122852052003	0.789236974331564
100002029	0.393629031606186	0.378401956764312	0.200301204844838	0.629280385308145
100002154	0.982890570501425	0.558656087603592	0.193894288637632	0.76270065505721
891	0.442117798016982	0.191483911700669	0.239988067268696	0.754438084928452
100020261	0.422070312006934	0.495001089445006	0.257417478863285	0.759259463802618
100001296	0.516507970921159	0.502121187363721	0.215349162399604	0.676392301244778
2050	0.440247999108028	0.587045103815638	0.22901391858111	0.733929280033613
100002761	0.411305221048832	0.69414569196805	0.189533654825646	0.912284769310997
100006614	0.855879315916608	0.622328101177138	0.192969549151848	0.86138071987852
100001597	0.698420713849966	0.208279816793762	0.149476965119317	0.597199185984257
100020853	0.744391982380385	0.850720646615099	0.215599696845388	0.798439688352026
100001446	0.284376355674681	0.406096414762654	0.188450413334983	0.778892959313116
100003240	0.315674014641867	0.135599100886844	0.251574955814868	0.697284397242632
100001502	0.0163478575339495	0.170731691664656	0.259504918159412	0.904533552913212
100020866	0.138286640988169	0.0156700132139678	0.134407935890449	0.578408040880026
100020419	0.0273872372994944	0.0877687828054832	0.231290584967512	0.509319462541286
35	0.592230583455269	0.339295431726136	0.19474636127535	0.733059720005418
100003696	0.0163208539449725	0.0619964973052142	0.324883496328432	0.717246147061785
100016038	0.85898781954127	0.901876803772837	0.209837730530041	0.772888275728185
100009333	0.199192364160173	0.16904441593489	0.211104926299517	0.818824703852348
100001611	0.204050220652336	0.393304153834241	0.281074658601713	0.759386351331033
100005383	0.75933994152085	0.336836250465744	0.222302168362316	0.823270197968619
100009239	0.30960732588644	0.143088410304764	0.274023004509428	0.594908315152019
100009332	0.317179765314211	0.237394113740581	0.211894555540446	0.749301096910201
100001731	0.202426964596056	0.719682440114451	0.2186739559338	0.764957327589313
100003415	0.358379795495893	0.44729274328055	0.207351668442227	0.80326408638269
100020578	0.126628273825838	0.188653709925759	0.197463322857812	0.673533394954323
893	0.823216620387684	0.535539021316879	0.210570462257904	0.799164925198317
100000963	0.384524816430195	0.266012845476219	0.283083924828196	0.589911324854906
273	0.0738284473510272	0.235043892867245	0.250944586378078	0.794168146546916
197	0.555322608400965	0.487214293634661	0.209358830615722	0.672346519865916
100000808	0.237316293200545	0.18907594814461	0.193464357352495	0.973145208968055
100002284	0.704309012600064	0.377962619628415	0.139507697025134	0.725712520609331
888	0.763573850576337	0.0752732837575741	0.226766940158852	0.7786883355316
100006435	0.465556949568047	0.26693731748472	0.150577127659136	0.859235034876916
100006374	0.18006261445984	0.523266122724774	0.219545378429227	0.777026960060232
100003169	0.541655803602942	0.936944179830424	0.210422963030171	0.783474504287835
1004	0.503196523894784	0.700996721113504	0.195576396502435	0.759066266000611
100005998	0.106267755207257	0.924404640544361	0.226008855070118	0.792131781819734
100000773	0.730883904777427	0.588505406446069	0.217280105391246	0.769586655543528
100010850	0.0256784764014753	0.153718970953229	0.259300923588731	0.657097271311726
397	0.706556499283425	0.426367483555549	0.164872065538207	0.842084455458098
100000039	0.0680041138642155	0.202588030483605	0.166727678263276	0.852092458213607
100020833	0.625815324134622	0.858041622217158	0.216888252310047	0.811837349832624
1021	0.350465977826282	0.312863677989747	0.19534870902185	0.832973099847177
100020479	0.472598482814508	0.665030801144816	0.217308024670888	0.792575203815795
100001335	0.512632380499107	0.324267162825514	0.244593102194467	0.753360204394588
100000743	0.461252453059032	0.903002373164567	0.211695092730213	0.769219112812403
100009246	0.152702899252063	0.589805430450897	0.201467589543946	0.827985794430483
878	0.216151945388329	0.734881269594541	0.202997749910617	0.803448881228354
100021103	0.586710185148626	0.912682224809717	0.233049656987692	0.835947574920374
100021363	0.21784468147668	0.524947967466651	0.193993591614909	0.837131528464755
266	0.136314610697603	0.214808030555625	0.217098408852632	0.705951903819429
100001195	0.295217504896785	0.218436802642537	0.27927058114715	0.708264400451735
100019801	0.765990058803941	0.709438610223143	0.222362324380262	0.773670906741713
100002196	0.0541626363275112	0.305362468106762	0.226170521138016	0.7924485466168
100006370	0.309953883734717	0.999699038187336	0.212699500357387	0.786868040719444
100001510	0.0300890203644158	0.00333039290438021	0.176533604298078	0.892135911647889
100000437	0.59465848577985	0.466588930839646	0.203066505160293	0.854767153614722
100001767	0.123456990628817	0.0312598998679187	0.267630150515899	0.859725767533407
100001810	0.410749875553614	0.488524539136442	0.223569091005016	0.950005294844482
209	0.0368714468795828	0.357923847335675	0.247323871458429	0.771781545934711
100001485	0.319640494649147	0.105655772595024	0.128471177610817	0.708217895688196
100002500	0.126504190441194	0.452329882755788	0.216271322958961	0.756312799820234
171	0.0238205052881996	0.018565164994464	0.148980403674717	0.798242953246131
100020487	0.981522458782681	0.860538839682625	0.228009482395627	0.753378517606362
1206	0.00702567434302813	0.112023909808434	0.213709698475161	0.845811983216565
344	0.01123678801996	0.0290889313624155	0.467519190817226	0.884377664549247
100001405	0.510749705307647	0.939731815004596	0.216760782202673	0.780973773097974
1239	0.982814267343996	0.544634934455284	0.238961593761938	0.788840269900038
391	0.0793258468843627	0.200254922392573	0.199533962276143	0.992204966481357
100006430	0.487676669786871	0.218826991690976	0.270889206917138	0.518145431556843
100001417	0.843390488815396	0.433757139088797	0.19845588343397	0.924013229699064
100002951	0.0705314607232579	0.506797529056739	0.211227089608941	0.706081927622897
100000014	0.466219659603675	0.598874179492712	0.207717128468988	0.826154900811592
100003926	0.653311780242219	0.537252285302136	0.23173810101114	0.766534055857497
100021538	0.529356246910442	0.396669592089366	0.252637806809591	0.697401688405718
132	0.367236833131479	0.976209390362995	0.212845335243275	0.78647580677962
100001425	0.683559152154028	0.645552833365757	0.26207838369517	0.733043063742962
100020262	0.654942491339208	0.699049343761174	0.228664552853092	0.774182507856022
100002679	0.311713709259092	0.612387293150549	0.195914166897021	0.879812628180203
100001270	0.942802057168989	0.462032653015516	0.215225781721851	0.763330735209052
1102	0.728659296203762	0.913512366670043	0.209949948700117	0.801688463208641
331	0.321328792575138	0.233203177368206	0.178281213083559	0.674247851130888
100006361	0.450599225666728	0.540874628205123	0.190104389238077	0.881018067657103
180	0.914724923103147	0.869368677319697	0.224060471144169	0.784398948650567
1053	0.259525907181866	0.429177417691933	0.341476548201207	0.860836887972678
100001359	0.721115626825603	0.997814537739212	0.217779321694498	0.792135252867667
