chemID	simpleLRM_Fstatistics	multiLRM(chem_sig)	multiLRM(sex_sig)	multiLRM(age_sig)
100021136	0.0259312968599544	0.242858600759103	0.298369436828806	0.777139072103104
100000882	0.833560668121839	0.659753071427097	0.268476039723372	0.663667427432447
409	0.0767781255049945	0.159123613679142	0.28487937686151	0.441100720790575
100002254	0.647258253030318	0.019435997096542	0.196809475920473	0.622944677961711
361	0.00805015363587513	0.10240736537021	0.181234942211549	0.666696769616569
100019975	0.55532027219643	0.70758211171626	0.260084056945425	0.707080564894667
100000257	0.000633261448182042	0.0179607302531128	0.245860203779878	0.630167036887637
100001232	0.982093767878346	0.937273599271524	0.267786665293578	0.685293171429809
100001948	0.355309587920871	0.354418547001717	0.273095292553346	0.546678526490188
100001073	0.609117371641329	0.692526995520601	0.327713556586873	0.619292733948157
100015637	0.940179601123066	0.451872193020391	0.276151932945177	0.684556855325333
100006360	0.631099479205595	0.700387228488114	0.247233942949082	0.752065839875161
1488	0.541391127606321	0.598617768192235	0.26024633674	0.666322097309886
100002253	0.846078578354701	0.973036715158098	0.260498940101734	0.694509577888303
1023	0.97163431817369	0.718082374585713	0.256983432664493	0.673760098265043
100004284	0.678917787749671	0.819456836064098	0.255696283641476	0.696345335478022
100001251	0.650399509896515	0.95920614113217	0.259179763544139	0.687974377487969
362	0.722991249323161	0.470071154027243	0.236667565908772	0.681165439627993
100006620	0.759415478083637	0.894632467809954	0.260706880652974	0.692784709874252
111	0.36585823000158	0.169279059725888	0.216369668227495	0.663305041454357
100009045	0.648686533783491	0.280993161338996	0.214717748354292	0.845533953573083
100002927	0.736907283834026	0.890403774326165	0.256380679615143	0.705963929784916
100015641	0.774022385434865	0.892202105173583	0.255320801120264	0.698398715465923
1114	0.11363591994851	0.958750775674793	0.258446816770801	0.691750673833008
100020409	0.361689746053607	0.382130248969967	0.260692074512461	0.564155573162536
158	0.134516425299021	0.27168721057282	0.336688783255672	0.714522271013616
1224	0.0529039749321655	0.193365256743743	0.199730404883605	0.731094318509623
100001620	0.477198017781012	0.38876821445848	0.227542246775414	0.690802003582226
100020893	0.27925302405868	0.0579973834013878	0.234136020982542	0.409720745893329
100002458	0.757289890392102	0.562235400471163	0.296579260505489	0.634608879925251
100001112	0.799688046894031	0.990479723059552	0.259883118975894	0.69186742423458
100002953	0.421882131537727	0.845982702991445	0.258669562637775	0.698070957681719
1141	0.384421431042253	0.0517511114542367	0.319996618524922	0.514067739699013
100015834	0.4579843580668	0.997804962019959	0.261394338798778	0.68984035617383
100004561	0.586880089223342	0.848085209436584	0.259925628768974	0.68657488144388
100020497	0.808217779652175	0.718210508814532	0.245244877134258	0.717085825918034
498	0.0481480302110292	0.297342556754442	0.256063187241445	0.769575889534492
100006051	0.863470822831339	0.847358596369441	0.262448423230645	0.686136317650324
1668	0.652498051973158	0.538160180910774	0.256529925133657	0.630299401903314
100004523	0.434029365263253	0.905574783877595	0.267533935705634	0.67913486948376
100001604	0.248683211885136	0.547970130856431	0.259671720260229	0.730398687623798
100001002	0.179876394909985	0.553669231974176	0.272090077586597	0.676579654677466
100001987	0.0587217155344256	0.275101264351895	0.77864803551942	0.547114023070314
100002462	0.607254810068835	0.343023626259015	0.313700121709171	0.569905350004578
466	0.587550184422709	0.0724992168423961	0.284073487583053	0.666348439020922
100000665	0.897216433046427	0.443648114975109	0.291120119968383	0.634887283600207
445	0.9563869580913	0.443530389822973	0.291276477531756	0.736504888101957
2029	0.135696190231968	0.517013849669676	0.268522278440262	0.69847288684303
100006438	0.128640118707315	0.261638758857925	0.306630209144674	0.701431362664577
100001398	0.163519379940131	0.587951352327772	0.240893250122652	0.710967460422757
235	0.433796257300261	0.46252078575879	0.230174200008948	0.724128180305613
100000997	0.6988498115229	0.690156448863846	0.25990497565652	0.667729531883557
100002094	0.238371222791072	0.194941529078296	0.198669332027308	0.554660235542277
1052	0.629687469004204	0.923856156387428	0.260910527498608	0.710244379841207
100020823	0.329788616659266	0.579618278582607	0.244240326522089	0.677380888988342
100001806	0.282127325803145	0.646910557184259	0.305928172171141	0.697512866654404
100006092	0.801468532590283	0.862897191013137	0.265008711296478	0.677575577206054
100001415	0.102088294759464	0.0668013958743171	0.25426447841955	0.400374333991027
100000008	0.041759296213306	0.0738553414815373	0.288514071251741	0.52496118379716
565	0.00778150733293324	0.0515921490159137	0.262532669947252	0.76554677933634
100015851	0.150407915256924	0.193945681107792	0.347167782664223	0.820873165619555
100001866	0.542982327355011	0.913231906476157	0.274982861325642	0.679157366008979
100020546	0.00264779901142016	0.0307414046560885	0.512301546932911	0.868515788981401
100016110	0.56905649077786	0.432852521782196	0.217084092269163	0.782141707028488
100001254	0.0032727919590022	0.0141057439868073	0.346711382028729	0.898845194364435
100006260	0.403603187283118	0.834108285087738	0.264393666006377	0.686281881176335
826	0.668390422287365	0.858217927904292	0.260166096406423	0.684762469697208
100001872	0.450665664312011	0.821230563625917	0.259260118227545	0.69042686017468
100000263	0.347610727349047	0.401991168069125	0.333337633732285	0.676659451982853
100021198	0.815937265013291	0.058111092757447	0.169998549619586	0.397930748784548
100015967	0.0365251138933097	0.0956212995733674	0.331994354059195	0.509072873864146
278	0.139113554812619	0.253489434356677	0.239004966305239	0.982750756191717
519	0.722947946936237	0.325050632143655	0.309961996483867	0.625200359673335
100009337	0.111323752236	0.342939574550999	0.357425101501428	0.673154767177065
100002185	0.381836914691253	0.81015310724254	0.250942475859099	0.668900555543492
100001278	0.379005672822847	0.267239672451923	0.318536383364321	0.642774585153922
100002103	0.826600499926715	0.633807732090695	0.261685688952386	0.641690839750444
980	0.77076633259498	0.44222111480859	0.286392906108378	0.671057062001681
100000016	0.851536125381444	0.425768160008454	0.257078887841569	0.662111396623574
100020372	0.187543697527787	0.502386429741269	0.258893892990684	0.628357984349106
100001662	0.753007247511366	0.150138372630147	0.10923286696094	0.694721745818165
100019972	0.936025538300423	0.679708486428093	0.266945013259415	0.676450575789823
254	0.766414921011311	0.727754271444847	0.258624565069031	0.692584922313045
100002009	0.660327938532337	0.700078233081019	0.258216361202874	0.615788884990971
100010895	0.434970514233656	0.559588291195295	0.309559734701503	0.66631550177487
1140	0.91036854161192	0.974319997666359	0.258786904242348	0.688551914211034
100008951	0.63552221348344	0.548209411574142	0.280837141310551	0.650822434014557
1084	0.367031623025181	0.832787487181428	0.260054317265471	0.726795227182436
100002796	0.113856689539023	0.393427876390629	0.229532424296491	0.63375710447846
358	0.959451674846895	0.929729831869985	0.258088487848215	0.682076254076366
100002070	0.828178496642928	0.725833765879575	0.256108497530486	0.716515179069872
1628	0.363319764083889	0.130777807778238	0.308978086306974	0.678066183959294
823	0.724959317413089	0.57403226875426	0.233416116664638	0.740984222243493
100004414	0.463550325745193	0.0939674446560931	0.342418802608781	0.821629390597619
100006129	0.682971506408637	0.666136494542276	0.243568619994852	0.705553267423543
100002028	0.674759030475	0.472414994004476	0.365956415489408	0.501854916597256
100021707	0.510295591119386	0.624281423628789	0.235503815140074	0.741150254476603
100000054	0.50452269422138	0.450255452439418	0.2467064870923	0.719308253187704
100010869	0.468147098825302	0.217086955910209	0.265133344948355	0.55606962927517
100004575	0.0278099897402334	0.101041165622588	0.331302002840923	0.977880468025992
100001212	0.986044377483298	0.687440109687388	0.263249899434867	0.632318959470773
818	0.206469444611106	0.54861619357026	0.294588607546552	0.64218608013268
100001092	0.00162407344823302	0.02207153910169	0.252144582898881	0.680025628364743
100020371	0.957979494571813	0.917285175690412	0.261885956255928	0.688739553435828
100004112	0.194164206868389	0.523633746688505	0.279495799813244	0.694943289074566
1125	0.485876536126995	0.392414230191452	0.293820443118876	0.719104958437808
100020491	0.933611342319339	0.543755815629375	0.222386780604969	0.705360381626572
100003151	0.00223699045743246	0.0219147638751285	0.390933302678286	0.568396657219812
100000011	0.321947924818247	0.145468032933488	0.188888468974139	0.801500408475619
100003594	0.462513246975135	0.963850453160786	0.264918465825306	0.692949161928558
806	0.767328749282551	0.162433122743325	0.253971355566942	0.49562769812627
100001211	0.938864121188366	0.546955148744388	0.269266537109047	0.669001209155103
100002417	0.604076797289399	0.57414512891166	0.247637245112177	0.654684418335721
100009335	0.543803986478976	0.201536965238964	0.213861115528353	0.71077762015576
100000781	0.694287784980142	0.95215426380842	0.258802587680258	0.687862347305223
803	0.0303705797500516	0.0364040101573411	0.268380393010608	0.555940281697991
50	0.500759346813914	0.708866258665048	0.266613292575578	0.672937289702244
796	0.428518638911446	0.0485536745842158	0.290589123692584	0.672166571134946
100005834	0.934539535306311	0.622316624409811	0.304243767244567	0.684810344149298
100001580	0.963543641835576	0.54393880871912	0.283410638426639	0.689109465300795
480	0.791485271323823	0.590516764091312	0.228169017355023	0.699889786089976
100001540	0.247938885827626	0.766473584491336	0.33140558480982	0.757427499202746
339	0.560120153118467	0.119374228849325	0.228634076741735	0.602515325708713
1110	0.924717470323894	0.908987222637155	0.263200991226118	0.677396145535689
100015836	0.16790291516141	0.181255748480653	0.400073150571818	0.855839904286495
100009271	0.530923469558691	0.513284209234372	0.290459178185654	0.670088358085105
100015638	0.990868643806431	0.43183579770936	0.270241239803925	0.671612988502311
100021667	0.938973112028089	0.501508815746355	0.30124010838534	0.66807479506626
100001279	0.599362717550279	0.375051307561037	0.278999692450364	0.813868741809244
100004208	0.0202125070268198	0.128584689136807	0.41337658360605	0.798724150530327
100003695	0.224402450212489	0.15684374221524	0.281763700617726	0.479378340294203
100000802	0.774592777529054	0.923188833812267	0.260963953877392	0.686721455484013
100002769	0.925050387418319	0.113560080120648	0.206118638101255	0.795147457350112
100015835	0.108246785986366	0.311287196163584	0.3943665045626	0.877248171774372
229	0.863352805788463	0.385395308208117	0.292903644709441	0.683480117245302
100001266	0.00626745904835479	0.023776039149756	0.345582653866396	0.989218460654857
1342	0.300019882624276	0.349980059107929	0.222728723259203	0.707685888553885
100002102	0.858851194141251	0.593441220345281	0.29437993544494	0.779764020498559
100020254	0.167360913365909	0.570975495323669	0.250269948119516	0.719599958937474
1231	0.462189451841458	0.230600260588807	0.309900330139454	0.641970836581251
100020492	0.999623197394183	0.88323045646444	0.255970852323737	0.688494572072147
100001402	0.388725393454381	0.577516559786998	0.292348782262772	0.691747487241478
415	0.00580581107592944	0.0860307599758757	0.312129697906303	0.746353527840865
100003109	0.988955749760202	0.973158662936731	0.260978145260045	0.689806866866267
275	0.543413873730953	0.846703438215706	0.259484877190362	0.677266368945917
1143	0.160237032532473	0.0709515316782148	0.232502215648496	0.792586083548572
279	0.408815811453936	0.365755845150009	0.26566080808714	0.558657593176669
100001198	0.939852024813277	0.9988941178329	0.26400440339818	0.690510871246338
1648	0.383005181931326	0.925054746845938	0.260930769242833	0.690331395168071
100001590	0.333915575018312	0.290982934125957	0.256644894741912	0.604445403350607
100001733	0.391605644736776	0.873478786507483	0.257673953968047	0.701328331003663
100008933	0.0148068284704228	0.00213480819678941	0.352167405033988	0.647207264165058
100001550	0.348222936186894	0.501821453084872	0.243703758017939	0.63842809137531
1215	0.0652624808359842	0.202761528045554	0.208341377898735	0.646998125933712
100002356	0.269198393222081	0.110324484898323	0.310501809083918	0.699217799647946
100002749	0.708474050770092	0.788649891525711	0.262494992709658	0.696654060397236
100006379	0.156981678750317	0.154211868662709	0.299354856132398	0.432491603298846
100015966	0.0821669273804493	0.162619295764988	0.292420725783493	0.512188061921098
100001392	0.662687053528079	0.955343730097231	0.260761735121551	0.6884820999836
100020425	0.119902184887918	0.0425035668546372	0.200500599754732	0.444792636487808
100004299	0.301595205664487	0.772701836583068	0.277795262736615	0.744224221060146
100001734	0.548003522957843	0.472338404280907	0.267426310426214	0.62227264154588
1002	0.847201320783516	0.822485927187648	0.260307304191953	0.688519485252126
100001337	0.31428680430711	0.810762419119523	0.248451445166593	0.690532899384173
100001452	0.776739354012107	0.820606292661606	0.259990195733705	0.667742203387472
314	0.524498563317196	0.378148404943655	0.271464656630225	0.706713009162473
100009264	0.99869071850276	0.512263899791751	0.200565796710272	0.826493407433893
100004634	0.452451289968206	0.508220943385339	0.234158079729088	0.705927440413818
100000711	0.726609308250415	0.714181615214003	0.289368136495153	0.711339468459055
100020536	0.0211303510623224	0.0982071272513675	0.329985960995038	0.789465253317971
100004318	0.304295024166499	0.545732820692577	0.265260585128331	0.685221373435061
100005850	0.884855111959824	0.486981808072452	0.330037301838074	0.636319098247372
100006619	0.325854694116057	0.154368828824464	0.298091163079389	0.674003943303829
356	0.471333188085023	0.647289165168148	0.250442058015068	0.705945445879816
1221	0.575510202572467	0.599169084055656	0.338533236367048	0.724239457330216
100001397	0.752737727346979	0.724639637435683	0.257792066910167	0.680634426796113
100019981	0.627627503124675	0.910995812888008	0.263666327428588	0.703452256494233
100001208	0.439331801078874	0.264173035731169	0.234157363054507	0.96237265316317
503	0.0116376910082908	0.010905523336915	0.158270207581407	0.528636699688319
100006375	0.139253902064248	0.59259714858946	0.286819415368791	0.665255941274911
100001295	0.751908445305297	0.6695751806865	0.255891737722778	0.767066573205489
100020427	0.0506082394299737	0.0244209311625308	0.234151769603383	0.387516988944322
100002784	0.511635972380281	0.382079640336461	0.221982873933745	0.756755317936541
917	0.0577988002209376	0.207022436256752	0.291965425893373	0.635306180975585
1869	0.375391931102158	0.204807485308394	0.276687476892019	0.572509849019684
240	0.229520643310817	0.0898375973177528	0.144921851871523	0.490085984820869
798	0.00544201958133098	0.0974905595652233	0.392873544073829	0.619657566447666
100002952	0.268093824965944	0.469365623216528	0.259537316061123	0.774262015453744
98	0.644321985133409	0.869013689084253	0.274527817842928	0.693216818407573
100008998	0.303406703720828	0.318322386975468	0.201326469513415	0.760532189125549
477	0.871617261515529	0.30699574291516	0.265984854864347	0.684795956482679
100020545	0.087274639798239	0.149254185963409	0.314039599037671	0.8454092510208
100021666	0.999364741079297	0.226493420616741	0.294182638329043	0.682561725552744
1256	0.508518630405461	0.674550631421566	0.303674529211609	0.72898128732382
533	0.334108023189527	0.0827688863358464	0.18479712783615	0.443830731384346
100001757	0.448824846673163	0.930523238612242	0.267329487341649	0.685623231396098
1024	0.311396190706088	0.0883303169829786	0.174646820580537	0.847514566326834
267	0.468852725382888	0.982440183747277	0.260797699409528	0.688685129273911
100002113	0.102584593142037	0.0827810350400497	0.259886606330986	0.708293105654637
100001756	0.843392717131434	0.714607607082135	0.270957168012815	0.710632040938887
100001193	0.44749715929413	0.189830340796973	0.32127589990196	0.637378665741514
100001668	0.695219030323204	0.988857076590034	0.261286056517168	0.689324999072201
1124	0.330921124009313	0.317566169016095	0.23706031472135	0.777116593016898
100021331	0.169496457605706	0.31209067198488	0.237081844294751	0.735286180617146
1090	0.0611152565098865	0.0398052433384153	0.248344671040233	0.834678961227928
566	0.824651252550856	0.347283038728921	0.197760631708733	0.693680514289104
100003119	0.458114670550705	0.284580526364546	0.284917483916276	0.629047380768763
100006367	0.751207740438904	0.558359234124193	0.267341563836202	0.670130319894326
100004322	0.219958225253826	0.251522098325138	0.274245062777955	0.7699812639191
100001034	0.685548956397487	0.80791119433839	0.255925383555782	0.680370486617884
112	0.911283962144484	0.901547805654682	0.26070965509314	0.675363437165589
507	0.735665905224663	0.779810947630137	0.258243082186928	0.696625255755974
100009233	0.318929878154918	0.192901005974086	0.242449289660074	0.705578941887752
100000406	0.0154917060511337	0.126729772223053	0.403271879020728	0.492780856488492
100004046	0.352531207676081	0.392094696361831	0.165971566215885	0.621339052147038
1025	0.762869167598095	0.687488609064904	0.248500862973004	0.710520471292121
100001106	0.172814821791494	0.170473471618917	0.207982649720306	0.727563140909687
1128	0.0279124635217828	0.583478401258601	0.286043416787533	0.738955820478369
561	0.0499969618421485	0.181079403323047	0.180560857476962	0.610719050377725
100001614	0.858247343518751	0.368424793938511	0.271319085893174	0.665857833545025
100000961	0.844144082999017	0.992623773423842	0.283889887005329	0.696766569456994
100002397	0.890335619006565	0.606360433620572	0.257883394411359	0.622890816886204
100009407	0.982066339408919	0.995054596484765	0.262506858410988	0.690113693407101
100002910	0.918763161926841	0.571918700781993	0.235402976219502	0.619515890756401
100005946	0.261549262801112	0.348556538645372	0.305595511631709	0.785718351530479
100019794	0.095761951669019	0.294225358255461	0.266403079110346	0.843792665227184
100015759	0.327037749634083	0.100818446406015	0.222192852867478	0.693387189572563
100020417	0.704386318247254	0.567279763338064	0.240851772536207	0.663993234061184
100001054	0.727972662366103	0.949864326936692	0.262877917195943	0.690046105994156
100001437	0.31648710955317	0.324599375636471	0.21482194124647	0.616935771894441
504	0.239918151011982	0.69009025560736	0.310186931240356	0.698882103895491
100001988	0.467513453805971	0.661220904399482	0.253917488317561	0.842079046936466
1082	0.0292817145539843	0.637799832080609	0.296044198203155	0.713143327552679
100001403	0.315197688669024	0.339261762320209	0.288760329556583	0.671252563034447
100001664	0.950921521846912	0.575723855938161	0.24918493730927	0.851599027049098
461	0.270217083196159	0.227961901245653	0.410942472925093	0.666438709180642
100000463	0.702983044648345	0.948401518078267	0.262757237242734	0.688892502520386
100020208	0.592161364301431	0.573437181623683	0.30530574150237	0.584542918000068
381	0.541312895484779	0.0664104206951699	0.111491447069464	0.524811975504504
100010901	0.0860283769123928	0.0790323905769265	0.269133113872554	0.798997729189264
100001468	0.267117237608932	0.967977182818039	0.259641671547967	0.702646607404995
100000840	0.933945809785348	0.882636171695582	0.260681697821934	0.701709312931282
100020014	0.243255756481147	0.591577044665448	0.253393450241131	0.705785625569494
100001993	0.775337468769534	0.579852876979051	0.211275598731594	0.85810903199059
100001051	0.106613568721229	0.0231501671959945	0.305838093025186	0.365723259592532
100006116	0.386003320097949	0.518976140568526	0.265804443227888	0.689910349805184
1108	0.951771006474391	0.971698777615264	0.260021194367038	0.693338445136599
100019966	0.365634726271461	0.140818486918779	0.31516153471629	0.658698472413085
100001743	0.621017018151741	0.414955658530091	0.246915376810942	0.677115682577307
100001294	0.124193010038771	0.194330389280993	0.191010915331697	0.742466859789928
100001609	0.272726891875762	0.122510349387243	0.256622501120341	0.772694713939173
418	0.795914261349817	0.961420578329702	0.260860391653574	0.696436660196614
100001178	0.369063606134583	0.882879334265012	0.257765459965599	0.675538270364529
189	0.980556490125625	0.668932182779572	0.236142336975035	0.656209750258293
563	0.522818680924725	0.781780730651444	0.274059867734382	0.673814032528462
424	0.589393411988274	0.439352198657226	0.289755059886564	0.672096770857877
100000776	0.132375692622744	0.32056535721347	0.306147062513035	0.688512668274495
1001	0.997839918112508	0.493835320305575	0.267020171842791	0.693001642709936
1135	0.321593568004806	0.0940579477170963	0.24364932024781	0.754539594215438
100021093	0.361924727492346	0.520999416950668	0.305711968589364	0.708410699701677
100020219	0.121752616246564	0.229494192498854	0.273298258653563	0.581061862548331
194	0.473864348583064	0.791082073598878	0.265487658104551	0.65479723811554
100008930	0.700625745093692	0.614313617012658	0.281594569026781	0.670670785823053
340	0.633752439736268	0.247957273857886	0.167462306194304	0.76580915823772
100010896	0.925576607574525	0.751816071310832	0.245641854309541	0.698435953526665
100000787	0.201800912177397	0.0965355604073137	0.238936741059937	0.395952033375465
100000639	0.031944002395381	0.220945537211035	0.230216180292545	0.699371209706643
100001851	0.942942235732491	0.22458178823213	0.282467349237628	0.454128192287789
179	0.578218474889069	0.605647698040103	0.253169780838864	0.705870794176442
100000626	0.406800775807727	0.755340601025242	0.268215206158584	0.69171253111154
100001605	0.0104448279614952	0.0880436443323082	0.346258502721109	0.778522212073302
330	0.242060408577302	0.410118852806303	0.282832424443992	0.555394426495428
100001162	0.720284444433042	0.636090574295567	0.239433295167928	0.658515422858813
100001167	0.042668225291142	0.227731888865365	0.251754244792067	0.674233443687762
100002067	0.57760074639296	0.816884923323248	0.335927604833	0.644609951099644
100019968	0.643805973526937	0.365969026628588	0.288032952621113	0.625808436291945
100002014	0.9472304085722	0.976938111701394	0.259571747753523	0.717212398253269
100004083	0.449386806870555	0.145184938192889	0.300325524894631	0.55132395922029
100001315	0.299891851633944	0.376462786709761	0.27156099708469	0.760648920827198
535	0.224720272538999	0.531676415900801	0.278951874575025	0.683427068746208
93	0.407831125809248	0.253202898917147	0.289937996104466	0.527630274768985
100001989	0.363540180310508	0.60473192987736	0.237802390847882	0.736086574018279
100001740	0.761923847345739	0.411928635504735	0.238187562338602	0.708495678362568
482	0.200612425593865	0.922180833601012	0.259892020892874	0.681702418547399
1629	0.25722127452755	0.402810719495546	0.313557044633202	0.664883468341414
100001399	0.456262057605029	0.369429680877158	0.270667763374931	0.692828694391348
376	0.806196858347013	0.150852471193725	0.153886721633693	0.806650048316317
342	0.58186429270067	0.617710379170174	0.258508326443129	0.688572166614002
100001253	0.0267022835375978	0.184396610817457	0.223833209270405	0.89836013333881
100000708	0.611506693242055	0.778929127484645	0.276746098714462	0.697275938283306
244	0.197634477033752	0.0541151812787554	0.2139222955119	0.809535147128715
100006726	0.398302009595936	0.270807034137073	0.303927600966938	0.675922501391759
100000036	0.175525463488876	0.645091824356496	0.24022592653591	0.730221002241779
100001257	0.0227525321484982	0.0843093293951925	0.377179624884889	0.95063112333848
100000445	0.63059166659134	0.63697066415217	0.286384458668571	0.647578021565581
100004088	0.0044773860289148	0.123475508757155	0.306020920312666	0.762132597895062
100001423	0.995289315328778	0.745508872363913	0.262092073778412	0.662220382713518
100001276	0.358425311626535	0.262504862150598	0.232618373523906	0.603189662242206
100001876	0.790074564100689	0.890167561754906	0.257460731558746	0.691824093307701
100009082	0.634450030895943	0.0416199132250806	0.123041313818877	0.662297353485416
100001121	0.342913432249116	0.723135553703781	0.255254756644716	0.685626808247114
117	0.323083177454598	0.632093775089372	0.244220081522416	0.710000500512953
100001868	0.0326738961947024	0.0999550506944599	0.30057745949307	0.702681150181874
1134	0.673980525862322	0.276148012494712	0.171436078558576	0.659732452979686
100021012	0.132652515404757	0.36620267359492	0.23813279795987	0.763512687639773
100001181	0.75431020372649	0.260236791569306	0.321464541655433	0.620494167885481
100021467	0.724228490962248	0.288089583183485	0.259776387410769	0.599093296492481
100000447	0.23362620678582	0.246588151334837	0.300221121790203	0.654487522702212
1162	0.000483720771263513	0.0125359810580413	0.328540943850162	0.596255339735621
100019982	0.495226824019497	0.466632900707356	0.269474200808222	0.674185241920148
100001613	0.982870094367698	0.441655819073983	0.272157810263592	0.658735343657095
100006644	0.392016709539282	0.612272547199762	0.240771453578064	0.719002840937218
100000096	0.57338044892022	0.0250589042493623	0.157983187859892	0.667282136345024
926	0.498949170539757	0.70519115308752	0.26740285468609	0.691881380095403
100020004	0.863526138258873	0.665840290072557	0.273567996842631	0.688705850763683
363	0.181231841132302	0.0443854873884902	0.226474398222735	0.272966162507651
1111	0.400437608969281	0.968565570780687	0.266803305964516	0.71023162718409
100021712	0.679019312645007	0.806005739043028	0.258641443272156	0.676660828443803
460	0.827293438738753	0.688030800143953	0.273038570613129	0.727292483346805
100009331	0.338901647019308	0.206297868935603	0.237035090182419	0.716131553866305
100000442	0.259452669869651	0.73782162805672	0.283010492308812	0.702825434733453
100002945	0.0903591719345237	0.0172269625184739	0.339808562658359	0.646976390877702
192	0.866244738966085	0.949082429042407	0.264580328021775	0.707992056478413
100020241	0.423369215640221	0.986078138686286	0.259701215413917	0.688938141091366
100000580	0.132282241198618	0.133051453523043	0.218622036511689	0.928818696079943
100002466	0.00879601912970087	0.0277334366939176	0.2207367869422	0.444811971092329
849	0.712974841871475	0.615836368138518	0.267416529304394	0.641455108211205
501	0.501595878204366	0.383475076132518	0.288148513632782	0.646451847831296
100000282	0.661192750896036	0.127955809120227	0.318673081738125	0.588511448837922
100001577	0.0299000579883682	0.185549173606215	0.373267845525574	0.745255034244673
355	0.093136548559401	0.291758859335388	0.219240824720166	0.58615528221043
100000841	0.772157469112763	0.97855622389797	0.271912163524017	0.699770779626628
100000846	0.816220791137617	0.354769254298241	0.25209082331014	0.682331876828511
100004295	0.881864391514528	0.387382318233561	0.235938753456431	0.639689006502375
100001586	0.102448038832691	0.0464476524250195	0.365609607260974	0.350784157324804
407	0.0126047995198817	0.0325771387060264	0.296038465559322	0.758448329078028
1137	0.831791548528037	0.716177091894955	0.251098802919467	0.729054112498046
100021374	0.0356221564251492	0.0139528331250637	0.199524418354137	0.905204220741197
100001593	0.677445365930011	0.859657910846375	0.257014606636261	0.695524975778755
100015971	0.736433485387717	0.701913445059744	0.250816288777186	0.688447293199641
100001022	0.347500695736982	0.166310472219013	0.156566738046112	0.966961415514579
1094	0.0594503092551593	0.239622783270025	0.400388839306249	0.921115533751923
100002122	0.260550390525125	0.249946235802499	0.219016340814361	0.787163147865363
100000706	0.603739815618322	0.571516576778292	0.223578393971236	0.691518983579764
100001055	0.756591183621547	0.441213442258117	0.243209057754105	0.630079954232316
1235	0.470708764140958	0.706273743342746	0.248292317110857	0.720902197455337
100020204	0.0958286282139889	0.541695350642743	0.284458842184914	0.73039164157788
100015643	0.0330341458439721	0.290143538742498	0.279120401727079	0.645374628579024
313	0.0205258907204835	0.257677669362424	0.268379392663477	0.629519554977463
100001413	0.801942194860175	0.945919199578186	0.261869257438109	0.685498307249083
100020423	0.0184059045806245	0.0144352085897244	0.269706454329391	0.365874311810313
892	0.460574799912923	0.144865239457954	0.283484866322285	0.72043129929534
212	0.0594499842242697	0.119600269362281	0.336261334776738	0.671625619135124
100006105	0.188256782878923	0.179862054733474	0.297644017573649	0.702923825650823
437	0.802871045576854	0.529789239881501	0.241433857961345	0.705386652641643
100019892	0.473893949995096	0.75738778137423	0.256863114926688	0.716758421238351
100005716	0.0721680156581517	0.102888973543368	0.270930695406318	0.781729300620591
537	0.211791377229847	0.113761691442028	0.28483629495564	0.706428881595484
100001990	0.290307824706126	0.621153214702642	0.302788544001786	0.640311377527842
100003397	0.0337255563855576	0.0038624025043071	0.204893852403592	0.439993723502334
100001320	0.11304086947343	0.207754317097439	0.327187708185668	0.44592980327531
100005717	0.124757921510029	0.0842466058835879	0.293437321456622	0.730207052586276
100001207	0.0317950169715089	0.191898878318457	0.301440312272088	0.695787106219988
100001999	0.530985257905764	0.808414874258287	0.250837119330575	0.788470257458234
100002488	0.222443294499024	0.018283945455396	0.302196484919424	0.635491845941225
62	0.204802103199888	0.688218366672241	0.254183783628187	0.694622697063776
100000467	0.592167384578722	0.43465039410348	0.246822374267609	0.663346690957999
297	0.00517323011252374	0.132101194107981	0.257447212216115	0.662049612522587
100000285	0.0286406480071941	0.392737336094625	0.266418410602437	0.784252453396108
100006056	0.0631761781649456	0.372384740596695	0.27527597193581	0.733044396190723
100002126	0.128725539006377	0.245676233948189	0.194471325169886	0.972244444396471
100002129	0.779271624680227	0.786484537541424	0.248422712913096	0.793970887833373
100020478	0.0345714931925711	0.217691584371194	0.237737293976777	0.717145922082978
100004089	0.0680981019678366	0.580195719157682	0.282023164948428	0.646874003812443
100001755	0.516615876886815	0.576264548050441	0.260049413036115	0.645923441524215
100000551	0.031789218237676	0.997987290589024	0.266802952142784	0.690678707712863
100003260	0.47598524419095	0.308926368717882	0.289363840502347	0.770156484710427
100010955	0.879063196225329	0.426354038124142	0.228916417425428	0.564530373056678
100020851	0.220654820745876	0.475100303945596	0.281812049534616	0.711234048857459
100016069	0.641815148810561	0.791701732720154	0.26307238906663	0.677716281839989
100002027	0.489945705624793	0.520980249316251	0.197163990375102	0.813969424267085
1123	0.37866423917166	0.187694068622847	0.243224224614966	0.823516141085872
100001150	0.710004871233747	0.950904797597917	0.261414503455859	0.692549015732965
100001657	0.282656981599603	0.719459347996803	0.26301387646553	0.673887891713879
310	0.258849678579202	0.355058637030154	0.230429170614845	0.7913043149704
100001314	0.351091925470918	0.126565565536057	0.24848291451846	0.565873421674928
452	0.680103508829418	0.614053588659665	0.294887405306201	0.659738751920558
144	0.0939154826981583	0.0606704808973612	0.314209443630157	0.557854711683296
100001182	0.208502994457981	0.155874907331612	0.31712351650618	0.675458800199186
100015965	0.740494293999174	0.477447236687151	0.250688113062684	0.757827315610387
100006108	0.924591944308348	0.459790948036974	0.263772484277178	0.731714698597223
100001400	0.703694664683512	0.615169365098247	0.243276684665204	0.681113416318085
100004541	0.282564200469714	0.191288965818034	0.248897041171056	0.432779796705677
932	0.84826527687039	0.333874756528653	0.262472686193881	0.725634736864053
100001992	0.439366689923598	0.578984420641529	0.37303609867863	0.593669044607165
100009252	0.127137632880521	0.185636957614191	0.314287359743528	0.671953678333234
100021104	0.632340732116178	0.535370339717651	0.207977831372372	0.837420139140511
100015838	0.0101631383137319	0.0407603435390588	0.386013210445927	0.932656012251917
250	0.000966847731528929	0.0241320782955025	0.508591651438361	0.776503786179854
100002537	0.95648540428272	0.531025816503372	0.245390324281157	0.789302075572598
100001658	0.828001609767817	0.713525520470124	0.284199700033433	0.67673901091031
100020416	0.270095728938181	0.344484591092361	0.215697319140859	0.674512125947861
100006642	0.229060132553083	0.717829919188876	0.247341321568767	0.717774135188734
100001391	0.0924992404940572	0.317408401262878	0.334056505545104	0.808815623666625
825	0.624930494694829	0.603402477653692	0.226253121277612	0.704266037876888
215	0.0185841776351177	0.10241643881934	0.302901087885653	0.677145987418642
100001026	0.99532038581827	0.883313049205919	0.258579327202508	0.724075095281589
100020541	0.413771407663449	0.42468014102078	0.221760179908896	0.735030430741455
100001526	0.220956735063409	0.296135974509909	0.397421320954877	0.797132097644391
100005384	0.493358664761394	0.375459312753118	0.237464550380338	0.60543230363901
100020378	0.271386441582477	0.6531381738902	0.245562129824835	0.699319678562322
100006115	0.969324061768808	0.377190423874759	0.335530821325389	0.580653148571195
1442	0.221712636677227	0.047614061815712	0.110728435760768	0.578732296276574
100001843	0.15441905949737	0.231995251853401	0.292805623888424	0.769632560897366
100015837	0.128115567280273	0.238305909335415	0.466429224167437	0.636061932718096
100010834	0.718691561668551	0.97055689674156	0.260135589749271	0.6878704863183
100001393	0.573475315317041	0.442788367807583	0.212338199173427	0.726884372052949
100000015	0.313443627352628	0.573026517274872	0.242615935984428	0.710944030681273
100003892	0.0461200141222175	0.047344099182873	0.223520299331802	0.953950410381394
100000042	0.180536294078122	0.024717668682361	0.277533656791161	0.598032540350707
100020550	0.579703925977544	0.215854676002607	0.279530751827522	0.586302172678166
182	0.434780015324115	0.350116813228933	0.255187005950598	0.708346495229166
100015723	0.136721660539101	0.426709467393989	0.259719815203033	0.674812763553659
100020343	0.3930755331697	0.483289118006225	0.23799130784128	0.690264075424004
512	0.358492238180927	0.648224243817353	0.281778997022522	0.665140513141834
100021100	0.779002305877721	0.72208525793047	0.251050355708819	0.692781821713759
100002528	0.325220814777722	0.0714610765589815	0.310432042161686	0.470296089716443
100001287	0.456355229754792	0.766076844876978	0.352361162179416	0.639303658250825
100001229	0.734875223891932	0.861606749384452	0.269882973800821	0.676548795591531
181	0.390156611523901	0.8768496383904	0.257379781784995	0.707663513388573
100015831	0.00139820269557264	0.0181760418570046	0.344241600203254	0.475655285645912
100020515	0.336955440847914	0.458265444853354	0.209820600359887	0.846481766657649
327	0.218059044038264	0.256031755723305	0.31242333880456	0.644767182601145
100009394	0.665603245845409	0.758443355523591	0.246956236537539	0.716861081646075
100001596	0.922209684415749	0.254168098546211	0.239109279082826	0.52588998925493
207	0.833187853455799	0.450947733234875	0.270449694928273	0.647251557651934
2054	0.513901233605281	0.804431988008738	0.253806671486693	0.702308182555493
100020259	0.655583991538858	0.566784113952736	0.283564285415883	0.674710039149476
100020414	0.0030185085149043	0.0398152895612818	0.197673414187528	0.655561450066404
100021131	0.857650046537274	0.27284425109407	0.245715025339549	0.650456380160688
100004499	0.870307425915218	0.697073699658559	0.250917587021063	0.658567075328941
880	0.163323304527943	0.762442375238479	0.279754470541876	0.686950787131743
100002049	0.505826529981187	0.304710455505124	0.290350135896332	0.638033032852688
100001739	0.53412496427509	0.250315827989164	0.328992493216694	0.651079385179231
100001126	0.418701923053777	0.145899554065406	0.173929756034447	0.564947934257379
1113	0.627078122766113	0.793867858686413	0.272780559251842	0.658038912841826
1083	0.970709366801537	0.296843962568518	0.280385834026982	0.598773814443519
100001730	0.0795248250036916	0.190881516472274	0.299585588957837	0.567917729003083
100001412	0.595458849022166	0.996067175019745	0.261711785905465	0.691077874177901
100005996	0.727578572729302	0.58487887877706	0.250346982572077	0.661479413742378
100015962	0.00747401322806239	0.0967576642852284	0.205695281526518	0.982320743650661
100020214	0.711756492941709	0.445192741646405	0.278682814666417	0.613333671619427
100002514	0.120016350778364	0.332701055629316	0.270397728479419	0.627466115639447
564	0.196247489612069	0.0557349929921544	0.233916284383447	0.565407034279078
572	0.023492443793621	0.0193512979326854	0.381192100016319	0.554052375968521
231	0.995579756643711	0.636323712662019	0.236317933188428	0.707298837912681
100000453	0.878785507215245	0.705309516851485	0.246693361658064	0.72931342765552
100001007	0.111582111027493	0.233870493411556	0.307274899059556	0.567244357096157
923	0.60061404521185	0.307358962944654	0.24515430190198	0.746501460100272
100001247	0.437125137409269	0.51743688651506	0.243905707313085	0.672872467249967
100000774	0.565656139638991	0.903869795407125	0.275026028738139	0.701056542050692
800	0.372448456760185	0.368254600009805	0.276253877627574	0.745405214890036
100021678	0.273203433777562	0.374164964083027	0.211163978389147	0.692277664843741
100021711	0.433342589846553	0.843004756876217	0.273854154403106	0.697991210795386
100001274	0.773461198381701	0.379567199479695	0.247209992005406	0.531200876572269
100021220	0.132834471980827	0.158903120008274	0.330924600558749	0.991738478934294
100020253	0.39766210020055	0.955684805751033	0.259177513332683	0.693287836706352
100001170	0.775335753078404	0.184991765279942	0.244825615043049	0.590376992144422
100001466	0.252483456061426	0.835961290095628	0.267547294719293	0.683614613235368
100009406	0.721597558052353	0.664514199363519	0.250927114988104	0.706004545977829
1026	0.194854242555552	0.456375865432547	0.272605122137661	0.659555279847815
100020837	0.736848838574597	0.38963744758468	0.290050234834646	0.596858613796507
100001006	0.0710063425899204	0.0808057144247768	0.251725668388259	0.81400852953373
100003674	0.761543152630718	0.128402668485659	0.256049980290799	0.680431426614717
100004396	0.320844492077746	0.413762370333495	0.298511024171372	0.583973188197406
100015923	0.510300995876389	0.934202307985515	0.27713710656447	0.684286599344366
100000265	0.454295251771848	0.6871576886909	0.263035936899641	0.660973012052793
100001409	0.0809127036211031	0.11131766154276	0.24602710679918	0.531451298767022
100003434	0.416396402968811	0.510101124649616	0.263330728635216	0.613384844432304
100001334	0.599177202904933	0.0591202868355619	0.342924909896987	0.550003622035221
100001102	0.715937960559326	0.750536092008089	0.26861518086548	0.669392497873493
1268	0.611306740704924	0.0636140330495051	0.152755247853945	0.651363143323964
100001300	0.236894377683613	0.0889290769037136	0.227453779503637	0.695838646347173
100021324	0.247485723032915	0.738387860539598	0.330344343725365	0.681229597402792
100001617	0.110008993594923	0.103421177496526	0.249101584063014	0.734319371563924
1105	0.951738891931823	0.174908432695234	0.360239996171492	0.387600637656599
100021502	0.062768058231405	0.270549912933173	0.255326045685891	0.715889790467355
2051	0.852145457753222	0.539789826547874	0.254859067966155	0.578786822048163
100001256	0.148719272797544	0.525418453960154	0.299090741617275	0.815205890540047
100005466	0.0578579245399669	0.0733925895814187	0.287627816652279	0.479075901510405
100002199	0.126187389314512	0.718994917419853	0.27279705324217	0.707813105414198
338	0.0151501998083442	0.047247681126871	0.404719858990638	0.458938737017702
100004243	0.455948415387174	0.567109643512551	0.236881737288645	0.706212454871278
799	0.418144767437979	0.9965574025743	0.275032051418518	0.689377907200811
100008928	0.580549511622855	0.103613039439359	0.260371947761408	0.680102147092278
815	0.0874547805206796	0.265905823379281	0.261978141344856	0.765610293791392
100001456	0.00581008086047151	0.0769631636969258	0.2575625811706	0.608145164010644
1242	0.0764947505902362	0.0803314889079203	0.302703363311945	0.494831023902134
100001416	0.288022096117174	0.104424889876829	0.174487628475038	0.436115076328505
100001462	0.35086456559591	0.312680518406083	0.30230578446083	0.651271090584933
1087	0.194005611736058	0.0421033404803225	0.264508484708316	0.658903636463799
100020421	0.0683345587423972	0.102524434286781	0.285816262860073	0.45378780913932
100000010	0.00412262760139035	0.043727847366315	0.271511665595037	0.749293369877351
821	0.51811282345024	0.356409497156092	0.288144830194692	0.535351106372879
100006627	0.254227648925274	0.140061928847448	0.359675788341797	0.589857118445466
100001277	0.351423364928277	0.154519666109485	0.304637590109025	0.648309946386745
100021141	0.0425225879422201	0.19683663369679	0.299318268299112	0.783460518880873
100021105	0.18323314720581	0.280566086435512	0.274740031377921	0.507276188024574
100001950	0.000373631835065444	0.00734722212888201	0.343842706139825	0.851906330167642
100020217	0.898249454374638	0.287943245735158	0.182494624185853	0.520404388042391
100006651	0.0216983805535956	0.141863700461542	0.278103883215324	0.445232423340243
881	0.938320323850914	0.348060928033638	0.253581674407445	0.695835821902787
100001509	0.681359588166821	0.150513431869159	0.232635146560395	0.608339248248442
100021709	0.601929564660228	0.838910581915625	0.255125192626212	0.694851095093084
100001635	0.298589438776817	0.0363892644436221	0.278528401382101	0.639960444458304
100002613	0.454187600628773	0.123200860855938	0.242959956877802	0.774915522653231
100009329	0.564956132732647	0.676514953095787	0.233632666173105	0.824826867471375
100021123	0.879401711856796	0.626051884651861	0.271460858723242	0.609376027475068
100015760	0.2561701944338	0.164192059834081	0.217270793316418	0.722902758924119
100020205	0.390118716987152	0.438133246911403	0.301810052849254	0.52474768672129
100000765	0.570864550735434	0.625014921206099	0.254927703230183	0.657493999421224
100004111	0.313294395245268	0.152446975485311	0.278814980741815	0.664900968581603
100001615	0.198768733646105	0.800831132094369	0.259627075442811	0.687943376501369
100009227	0.192375523698417	0.108816358221329	0.358239597186952	0.837500959328421
100006191	0.383258898721807	0.579736199873076	0.285947325551411	0.63877782901204
100004542	0.445763114562979	0.359644035947016	0.266240288555218	0.74200805760739
100003686	0.300510855342637	0.126968191999434	0.36379313579645	0.627102873597011
100009232	0.025644581219509	0.201803457032806	0.254730229637522	0.593279935977031
100001501	0.0477549712586913	0.100677360677889	0.349140046756724	0.722763576798841
100002367	0.501161935580962	0.244527119293575	0.242368486876386	0.539668714688918
100001108	0.339617283664107	0.701718515829488	0.258715318492831	0.678388904771756
100004227	0.72711964258746	0.997023563984217	0.259979372213915	0.691066346176757
100001310	0.192453623890443	0.301673913273092	0.250905711943447	0.797438165611843
100001994	0.832053139569343	0.883513315763664	0.272285325041062	0.762561292860327
100015839	0.0125259464401595	0.013385053620712	0.350129210437999	0.775336037166801
100003271	0.00530348414217775	0.0801549639466673	0.332092805487576	0.497865944678628
100020496	0.836861229760366	0.929475246856388	0.259750769505328	0.697268065839096
302	0.704594487061507	0.438881001333199	0.229819298329176	0.658494057814324
811	0.779115627879239	0.772323526751881	0.256828525215326	0.720097926400126
100001267	0.997575608338915	0.737527216899401	0.242372319920296	0.685423410965163
100001197	0.02544203373239	0.353562121178817	0.303843175779986	0.695437870935872
432	0.214641515521891	0.474564952652313	0.274879060038559	0.672369407502832
444	0.0110749348424795	0.0581665709731487	0.305913082985533	0.813940024724696
100015968	0.354439395233512	0.410348380552224	0.273231955171679	0.611253968065105
828	0.904766234628085	0.873097596405865	0.25527130316842	0.695581807876258
100004054	0.253305673807694	0.843007727785662	0.262281713163767	0.69490244344432
100004635	0.0925613808572225	0.148638590171053	0.604522882075832	0.426951621305874
100000491	0.445115768111997	0.549869234336474	0.248817701996933	0.590621875070634
100000939	0.0440623897927349	0.0323478734908063	0.270346765543068	0.585398447696384
241	0.224506498323644	0.639875830370386	0.278586874343251	0.707112032555016
136	0.366973826284708	0.0713443537587681	0.22501729988985	0.875492086986316
100000792	0.575315099685866	0.937696727334788	0.26276634520125	0.751822917290509
100020973	0.58153685366054	0.658807591150562	0.27884447826626	0.665253023107622
100000936	0.742679312627963	0.875802383605211	0.25928937625259	0.691640598763915
100001313	0.00774762981244959	0.150020579440659	0.276496021402357	0.741779496327197
100001951	0.0477343631518026	0.0924390446938045	0.29424856099651	0.680486075772072
100006098	0.0183555609063691	0.0938257383821635	0.2986469984034	0.802195924017702
100000007	0.226116275566527	0.515833802389864	0.263611165295235	0.698494271854061
100006641	0.910490406511897	0.912610033878812	0.279447185427393	0.689445235599559
913	0.0108791738878524	0.061215127451534	0.316256302368893	0.557867992081023
100001579	0.802185087285168	0.428687340861602	0.285845775553698	0.691069708341144
100002911	0.145448789075271	0.0122668391521027	0.332957996636739	0.650838305404401
100001293	0.266481251780906	0.396379260556907	0.235232738578261	0.818621930751772
100002241	0.204656928462692	0.503045932477673	0.273898325113415	0.657372171550917
100003179	0.408238833509189	0.0829502911971164	0.2458108999996	0.544553635544291
100021372	0.32273335385692	0.210479511001781	0.183036573011657	0.702345274772769
100001956	0.332516714402865	0.529831844865761	0.260246252506309	0.607234739630489
100021162	0.206520028454721	0.165659434133932	0.248353668487911	0.515002001910524
100002259	0.351376279757282	0.599239159148824	0.237342007063655	0.683432797227264
252	0.406417216228751	0.577801270285339	0.29263014988033	0.634471190447782
100000707	0.444486655758328	0.328247932139524	0.253218066861965	0.699282697117196
1489	0.658628678776119	0.0121559499459049	0.237330332151117	0.618908112559022
100020361	0.0283674679201761	0.0867547884549302	0.307762959225656	0.968279145893151
55	0.752271775645307	0.923783363705446	0.260196609812191	0.697456719795005
100000863	0.256750183445034	0.258568051912738	0.229653548544046	0.724395235608683
100015840	0.169984156667091	0.0960274983599609	0.361569110168238	0.64191026926795
100001541	0.156676973060113	0.0797987677277247	0.171582515558005	0.685782366644548
100006082	0.152898142034454	0.0576266715531143	0.344143661448685	0.683267732635744
1254	0.668865189454598	0.922190359668099	0.266867002823036	0.70625161497768
100001624	0.510443431360857	0.370278600511795	0.248382659718606	0.664769791367239
100015850	0.920812209675378	0.580392632321672	0.321165188417618	0.653185197907518
100001104	0.00341644862473539	0.015317287957938	0.305133930709459	0.962457933561389
100000900	0.126547354953578	0.420735968867188	0.266023944796646	0.696453989119585
100000269	0.233901033887153	0.0894920569404363	0.16538403118655	0.6402616548531
1022	0.233379290755633	0.930136049518598	0.260720113900527	0.685487894784328
100005373	0.213339565384506	0.0796212526692893	0.23609297131444	0.719010101239388
100001129	0.129120772029165	0.712439713898462	0.252669802255001	0.718404940238926
935	0.0120468295604215	0.126384937093366	0.335078313295691	0.554821434598667
100001262	0.162074804625603	0.20379752480015	0.272622145945282	0.714550487455164
100019978	0.314249522838296	0.60791366948141	0.252040084550009	0.67672450668107
100002293	0.723977342621813	0.765529567573286	0.262447485282119	0.691714973854331
100001426	0.195421725638283	0.264150739571357	0.259559748581159	0.528886888218673
234	0.0339688971261275	0.152334525892329	0.249402329698459	0.671245927154887
100005403	0.244957864896373	0.983080934782486	0.270091525305543	0.690331240733673
100001083	0.0375832809586382	0.294086443792383	0.279170157509268	0.717008845206693
439	0.707009964346621	0.318455604687526	0.28222633275708	0.682868808316682
100001086	0.347431162052915	0.429135448271449	0.276070345556659	0.766214174912598
100005864	0.738628678247042	0.457519324694179	0.239696956012637	0.755829231213011
491	0.513162039537392	0.908115661434896	0.258773956705848	0.691302590294148
100002029	0.471351421392747	0.433043642565442	0.252330690279337	0.55645942644514
100002154	0.828159098403438	0.482348573917936	0.235398339520329	0.664153762820152
891	0.496540833643334	0.201669298692307	0.290197521513635	0.658504414004266
100020261	0.372994714356329	0.440008371511962	0.309810072788161	0.664462676623165
100001296	0.506669579513127	0.471969997144046	0.259341943918884	0.582203638350128
2050	0.481170838770768	0.522722435169314	0.277412679715185	0.634682787804816
100002761	0.343463806269869	0.675025043447882	0.227842886303282	0.82825668369379
100006614	0.855685706607724	0.65354640597164	0.240518964491302	0.755175587085063
100001597	0.854741049863961	0.165047048655898	0.18185937955986	0.501649960718108
100020853	0.78859643158807	0.890848031641953	0.263652272144357	0.697154819458102
100001446	0.274752805962208	0.410119155312912	0.230331959636275	0.684496744347489
100003240	0.292020415415752	0.124621100679331	0.299519157792779	0.607953578214158
100001502	0.0279661592237693	0.229185815830414	0.310928167339162	0.781329127617445
100020866	0.0995721902060602	0.0108066374434485	0.155723355083142	0.4999671307481
100020419	0.0298801232175901	0.0856071200815788	0.269167377087186	0.434490363989834
35	0.538248731094893	0.313866970368748	0.236161328371803	0.639790253356622
100003696	0.0124973382774833	0.0482739548029087	0.390499491951392	0.62209223836042
100016038	0.807536149325091	0.895404765765974	0.256652355167019	0.676557038720914
100009333	0.209711019030688	0.173981518847325	0.262166081823684	0.715696509077699
100001611	0.161153129970649	0.340237941027687	0.34434979377775	0.664232497510509
100005383	0.670178869688489	0.308122032688366	0.274069151868202	0.728563710765213
100009239	0.300717574396866	0.129899882249351	0.324632926039769	0.509696308276927
100009332	0.327572390904981	0.23202077303794	0.258720766752914	0.652696991065561
100001731	0.152296598068659	0.626742153779532	0.266344978479234	0.664036973899828
100003415	0.34074413518023	0.421887885201046	0.246513206926168	0.711537663448431
100020578	0.138291717256699	0.197949960635154	0.245921595247914	0.583698283263027
893	0.849255957828932	0.508279120006245	0.257080193510568	0.70261520373022
100000963	0.31060793084044	0.209403741717422	0.339103730796858	0.493352148014264
273	0.14521121117916	0.321804015929549	0.306816669293223	0.684584529645618
197	0.453566291572139	0.399251232340118	0.245800890956374	0.567592001896826
100000808	0.30251835809747	0.238803775817893	0.253487334523135	0.838861605323518
100002284	0.748914990618844	0.338166994682458	0.164441424340542	0.624490990572816
888	0.943020987197945	0.0917117955955912	0.274929378541275	0.676650176315241
100006435	0.542232638434892	0.347458997790199	0.205990558302262	0.9790577777597
100006374	0.158142217377245	0.446476531944331	0.26534077526586	0.678000969149886
100003169	0.549257007744753	0.939986170232771	0.257830234243367	0.686538062101138
1004	0.601775341530381	0.778546678673008	0.246923695290282	0.66989756309185
100005998	0.0890163907165898	0.886919250967065	0.27420822699159	0.698920553497236
100000773	0.654107979365116	0.533751910151704	0.26238734756758	0.674151679764298
100010850	0.0166384330557065	0.12343307461287	0.309492182719495	0.568043441217524
397	0.848649529915076	0.376878952049	0.194400441598818	0.755325939857514
100000039	0.0728763988865689	0.226232154664616	0.215148570405953	0.742392576319955
100020833	0.736912746119275	0.761878642787266	0.265808397299143	0.73226900437541
1021	0.416650722857849	0.368493068990714	0.248267726141309	0.723687819813078
100020479	0.355423967068697	0.553802668273146	0.264739379980542	0.701021843609536
100001335	0.506216812205233	0.309652853970138	0.29313347860915	0.659519668112369
100000743	0.569556158366715	0.997714493738555	0.259678063394044	0.699504646857204
100009246	0.177269132468465	0.649526432628974	0.251185086503296	0.720481256401819
878	0.183278935324297	0.781686221901331	0.252276162990658	0.701128066613657
100021103	0.730173819703675	0.821632711404434	0.263261650665203	0.783026108422499
100021363	0.239021733149209	0.571488234753204	0.242417819449985	0.730716076210297
266	0.126046386378488	0.206638638101304	0.258902230981218	0.617425647266665
100001195	0.306327236724365	0.211983765999694	0.327242056061824	0.618557053814196
100019801	0.777083149085218	0.700268751810087	0.270667976498154	0.676979530517705
100002196	0.039977303498275	0.280414840023827	0.275713344129042	0.698513676896253
100006370	0.245206124159526	0.968694206601537	0.258873634901866	0.691413171561581
100001510	0.0294150582660017	0.00352536011650164	0.215629877508443	0.790683789312653
100000437	0.527330939776132	0.420054900635396	0.24208945061827	0.767903989522921
100001767	0.133074898494792	0.0305526767113156	0.311258452687102	0.763353532328281
100001810	0.411913131337823	0.520671907125269	0.277284874492439	0.837849110107912
209	0.034019857531689	0.350158177494187	0.295328331600904	0.67762945105152
100001485	0.253257636764903	0.0890711698076885	0.150941018496736	0.623423282050446
100002500	0.122506423672727	0.450432046568411	0.264058298694538	0.661058593938483
171	0.029773503573081	0.0237352302074464	0.191669145003573	0.694466961931776
100020487	0.994460378282102	0.80737142927333	0.278983366195143	0.646901888419691
1206	0.00723770082067112	0.118611467222547	0.261728570102205	0.743101891484409
344	0.0121007677874476	0.029746771930345	0.542486626162569	0.781301153002709
100001405	0.479623670977623	0.920966315910414	0.266312007621971	0.682608575282002
1239	0.980587468621594	0.521098826503789	0.290388000873288	0.693160569991637
391	0.0613835265631366	0.174914503672699	0.2374636420324	0.90907053473621
100006430	0.438798544543666	0.16943997949875	0.310986299490014	0.425073036590289
100001417	0.971308522723066	0.505985610317448	0.248856631705024	0.79884964978024
100002951	0.0560229008828023	0.469428065323034	0.257226092429069	0.609657141556915
100000014	0.423199274052161	0.582860038165453	0.255195344453498	0.729013266874071
100003926	0.564428290960815	0.474810919311886	0.281058479999043	0.671571473932783
100021538	0.499499825055955	0.362306652379991	0.305351769450006	0.602516511347375
132	0.324214853874997	0.94654226021711	0.26050207319579	0.689389126163289
100001425	0.560449358641356	0.513565890743822	0.325102996517475	0.624130396854816
100020262	0.611750232271677	0.653767414011819	0.278625737687124	0.677299078180944
100002679	0.354185998486113	0.698681388224248	0.248017957740903	0.757090429533137
100001270	0.733215586768405	0.553751024600402	0.26221016994666	0.669071778460631
1102	0.854179144995592	0.961108822812086	0.261308600078901	0.686952352298642
331	0.257192432526092	0.196541006716299	0.211160085464142	0.582862308842778
100006361	0.507552818683753	0.618524730636409	0.241647357736477	0.761640833468723
180	0.810314289722928	0.904481644897579	0.270072612750005	0.687442174214273
1053	0.305184342796292	0.465566602504541	0.402935321806729	0.750361128835862
100001359	0.646621863922827	0.897616375366504	0.269687395730303	0.675286278861326
