chemID	simpleLRM_Fstatistics	multiLRM(chem_sig)	multiLRM(sex_sig)	multiLRM(age_sig)
100021136	0.0171862389046706	0.205379014616263	0.395275546844295	0.782075838761095
100000882	0.709159858147594	0.730606443148686	0.346939245325195	0.660430395906751
409	0.0788952896252135	0.139305852640023	0.389147874401555	0.416931197267978
100002254	0.648872049080444	0.0508277531511236	0.241499802320768	0.659446317356131
361	0.00981848472550469	0.12081145681917	0.247473060088154	0.654166851472114
100019975	0.562915329135185	0.700636875304323	0.341007139648925	0.699251524050986
100000257	0.000683496897448922	0.01918056142101	0.343946308475528	0.614089950695786
100001232	0.868861128865163	0.999504565135841	0.343058204454566	0.68239271392132
100001948	0.321956494693524	0.340834324845774	0.371256427469276	0.53314420723028
100001073	0.754898825239898	0.989194470566365	0.350169000256247	0.697720805355818
100015637	0.915740226406911	0.460914937284257	0.360124540036765	0.676086081219165
100006360	0.702568492763415	0.698243463346405	0.320299928497921	0.746362101318563
1488	0.599217049044695	0.625100543374004	0.340444179038685	0.658521593038345
100002253	0.790806376265746	0.957809441155673	0.339195099828997	0.68852508934125
1023	0.910680998187445	0.696826888300174	0.337440587598528	0.664269623711316
100004284	0.698173733158265	0.814083911647244	0.334315147456876	0.688733792627996
100001251	0.593740254734857	0.956381481340529	0.338503785413699	0.680016631112682
362	0.764601434352911	0.47839315472368	0.310327745445839	0.675111718943999
100006620	0.713013317703555	0.916377400006324	0.339704247439736	0.684266207949291
111	0.346673151403512	0.17160286091736	0.291563134634459	0.652916857630853
100009045	0.549555024203646	0.253957489583546	0.28828416045631	0.845908093144142
100002927	0.747206473439965	0.854961530127134	0.333637066002601	0.701594847201039
100015641	0.822494229542503	0.962940771954675	0.33967936345097	0.68507824372276
1114	0.097495255730964	0.926175744300524	0.336672291138347	0.685723138199728
100020409	0.178135201762193	0.293912102382591	0.37326434485296	0.520789066066933
158	0.0910668030245926	0.206289845351937	0.450520500134522	0.715079669060487
1224	0.0394599741585356	0.154175696212201	0.265155857425134	0.726582139289471
100001620	0.45960417269005	0.406337822459323	0.300024400568294	0.683557198907865
100020893	0.296767516750414	0.0615994657171763	0.30736185560707	0.40508262044193
100002458	0.657771434013187	0.600144085558895	0.375112819233215	0.631802545951833
100001112	0.710901198833604	0.942256956032692	0.340858754726034	0.689350033741667
100002953	0.380520068844955	0.764428764310583	0.336112397622551	0.696364630570009
1141	0.51020774842606	0.0675220463769783	0.405041742904496	0.509904427350682
100015834	0.65001455034946	0.74846979494161	0.334600056312144	0.663145086567779
100004561	0.537190445299629	0.83229553868406	0.34637155174509	0.676438942460312
100020497	0.897896628050999	0.681771616905006	0.319465584541812	0.713599486867003
498	0.042905619268659	0.292097642534627	0.341083545309645	0.762110602378703
100006051	0.916871981583769	0.858682316827081	0.34250652436346	0.678132048537769
1668	0.638927063451616	0.544126308819015	0.332748993899664	0.62376356276603
100004523	0.291088196316509	0.736904228102958	0.362807568108518	0.647155131516243
100001604	0.258291844086984	0.571803643439668	0.33563234709758	0.721706134651769
100001002	0.213190221948492	0.55594870212591	0.349348769364603	0.668965764975968
100001987	0.110681340862723	0.325247638911876	0.815436187785136	0.551973904018232
100002462	0.607533312532699	0.300308236376515	0.407428355076784	0.551959953898919
466	0.61419976668408	0.0754030123174986	0.366356249370144	0.658175644687899
100000665	0.906789587060414	0.431526901009747	0.379723910433991	0.625601392488826
445	0.944578798409074	0.435088450555189	0.374700701267845	0.731771360226268
2029	0.168602761195973	0.512720754372699	0.357487973571752	0.683982692917743
100006438	0.0989741877819108	0.223347109251258	0.405702365356304	0.696132155713086
100001398	0.18068782391466	0.612644910966903	0.317771603268258	0.70065116487687
235	0.456690053483487	0.478832322056467	0.303136509505057	0.714560286883056
100000997	0.783767622433143	0.74674025910604	0.339801823991564	0.663011462319984
100002094	0.204859767820977	0.204658742725614	0.294910518085208	0.541269206365663
1052	0.746705839446089	0.946567516979709	0.344559725980502	0.698948061276865
100020823	0.341157614541948	0.576482551319813	0.317986585821184	0.670340982547464
100001806	0.240713325996191	0.573487207202452	0.405570089578958	0.693291768120254
100006092	0.848873033179527	0.908897652592569	0.343496411625957	0.674126466040239
100001415	0.116061979973441	0.0848954374925243	0.337027567597416	0.407227777268365
100000008	0.045264885508755	0.0748046422612592	0.371368347818834	0.518083822985452
565	0.00784234428403759	0.0548327711213392	0.340863101703324	0.756866603516967
100015851	0.28838941334401	0.288266931787186	0.383718788536855	0.798611191959179
100001866	0.455182735656626	0.785094748197563	0.368948776504168	0.649429982781676
100020546	0.00222356167301475	0.0243706274545035	0.6233996602015	0.883599660521191
100016110	0.510196636892134	0.38588858915808	0.277545499231773	0.787821623138681
100001254	0.00296875674995173	0.0140835902207546	0.446728977915902	0.893779862087784
100006260	0.486802249780903	0.880341240886081	0.341334936202862	0.679420292293006
826	0.690364791686289	0.863874767313624	0.340067576172675	0.676894145118251
100001872	0.496496818310528	0.831413346404632	0.339660679793355	0.681610046365267
100000263	0.310059022407676	0.363222441697207	0.424634222270309	0.674008218730017
100021198	0.768335120750882	0.0607935451968345	0.237928358290906	0.391695542254809
100015967	0.0333271683831714	0.0873290413241846	0.42186688223428	0.501367425726184
278	0.147019659190117	0.243340697608953	0.316822159750875	0.980074338071084
519	0.805769686512365	0.366241650596979	0.39420772149903	0.621205787008116
100009337	0.100510704520871	0.283276528421979	0.463267630253906	0.667056832543222
100002185	0.348570934026837	0.909336134074526	0.336321426475035	0.673163327657025
100001278	0.451653393186123	0.288207760865636	0.403063128206581	0.635717712871821
100002103	0.830494332768434	0.595788472038701	0.339087773680907	0.62912016775698
980	0.848026369966531	0.471049670825271	0.368781358845463	0.663164365861809
100000016	0.883297081590678	0.441378365222061	0.334065226486284	0.656099287363837
100020372	0.17757014304378	0.487255673797774	0.337972843436936	0.618803685520468
100001662	0.628527142423164	0.140347764614219	0.142839929348836	0.690789108140618
100019972	0.923972299146048	0.686791525482506	0.348244861587061	0.668756290029835
254	0.732124934069757	0.687349007054362	0.337126139635366	0.686161978574398
100002009	0.668672393372274	0.712092528779801	0.335953421344945	0.61226375894523
100010895	0.387724788461565	0.436289381224125	0.406909455373556	0.656130658990148
1140	0.793343684319404	0.925571879578005	0.340073688198821	0.693496137204501
100008951	0.70333719325141	0.623708487841094	0.356319850235178	0.650232947753291
1084	0.358334470034672	0.867907398237709	0.340052056459053	0.71265651917836
100002796	0.101544670896511	0.406366069994918	0.308286106503731	0.62706337584451
358	0.853182533512365	0.808337970969542	0.334259894786326	0.651150542627399
100002070	0.754278427623388	0.664765642914513	0.330622430034448	0.717887421893696
1628	0.351535167158328	0.128315136139848	0.413963401291768	0.667075904548736
823	0.722420521591304	0.628897508444407	0.309194447174663	0.727408880455013
100004414	0.507552479008753	0.0918768668352933	0.428151625861794	0.81704029754766
100006129	0.661793048555607	0.665724088453357	0.318990236022779	0.697764280829427
100002028	0.876606123464944	0.534053452694064	0.42036807047648	0.521991312205286
100021707	0.411668710125805	0.586292513888596	0.307831854753659	0.739940532786712
100000054	0.487180351841241	0.412372719499094	0.329578234507859	0.711151692197685
100010869	0.403990662049524	0.20557155871603	0.360515705129195	0.544685500811493
100004575	0.026860901352252	0.10301191229481	0.433513455543609	0.986154673790801
100001212	0.934873575107529	0.644639990307172	0.345892462930167	0.615824604260196
818	0.171046007598584	0.483015999837671	0.401137493321376	0.624082503810398
100001092	0.000978156110499057	0.0166301242110037	0.355242525357584	0.667044880754688
100020371	0.882557573822309	0.984312613245305	0.340123957655054	0.681082887859489
100004112	0.147952053787521	0.458540719843016	0.369138433692938	0.689844357901696
1125	0.440205765079948	0.356382674776555	0.378189242581872	0.71725437524159
100020491	0.953853281488775	0.584524450506069	0.298412748844349	0.694933447968359
100003151	0.00391441954847935	0.0338302787267889	0.476755321038366	0.560008709775393
100000011	0.263551329833629	0.137258744043409	0.260200861168807	0.793986889238068
100003594	0.491010640692317	0.991351804047904	0.343608865619754	0.681639182631869
806	0.75387551283268	0.161486393448504	0.336030525134945	0.486737266107185
100001211	0.945263292197083	0.571664461490871	0.351640123513802	0.662083851104226
100002417	0.751396468996862	0.510859352312232	0.332197501855026	0.63904631120145
100009335	0.513433527434328	0.182845575413267	0.277429410012299	0.70713883318743
100000781	0.64125450366288	0.930301704921408	0.337921314896102	0.679301837767706
803	0.0454946984888001	0.043217348873359	0.302905398259497	0.560860444644831
50	0.571022784790061	0.773600172285733	0.343597557444708	0.669072953051133
796	0.501967988743097	0.0567770060438197	0.361085025969077	0.667011698133013
100005834	0.940146074863401	0.7078918001785	0.379454506476	0.677496718803983
100001580	0.956264860167699	0.545844287304371	0.36025124795011	0.68232781182612
480	0.808648393694532	0.542935391041186	0.29550783950788	0.691709891939092
100001540	0.204569464498312	0.660584411275318	0.455316163515553	0.781249588706247
339	0.611734846037117	0.126611156357944	0.302656828639291	0.592361197788478
1110	0.970939880274059	0.99734716820409	0.340465222104529	0.693054845728671
100015836	0.263770116717422	0.229660122218027	0.4466259042998	0.83833471457908
100009271	0.556758403952214	0.516050671899486	0.376834094961416	0.661749611008456
100015638	0.975191924217212	0.437647448805426	0.356773747004258	0.662371679306808
100021667	0.966103122819712	0.544827355546585	0.374591210121978	0.664225588565319
100001279	0.659495077213291	0.387843991139653	0.361543146780942	0.80123655970585
100004208	0.0163040204423307	0.106633402267576	0.525431505506753	0.806095757861974
100003695	0.175072260513625	0.115802615425753	0.377909473020226	0.45100292789358
100000802	0.721871532498655	0.936774701218906	0.340287859308451	0.679218788956233
100002769	0.81428106454326	0.105863512120223	0.255255813445352	0.794540184678272
100015835	0.176404442789455	0.403694097398468	0.44574702614568	0.842889202115759
229	0.954423094241221	0.403447340491076	0.37314053670216	0.675606135661857
100001266	0.00477586508133507	0.022682237352217	0.452448611838287	0.991673512009976
1342	0.286304849111996	0.348670171038649	0.294201834085955	0.699740008159719
100002102	0.871128110044285	0.575644574199362	0.379235002950306	0.776059168705247
100020254	0.180812847221725	0.639873187757015	0.332978071784287	0.704448417813978
1231	0.531360397395634	0.245752505525118	0.393922695851148	0.634491896007644
100020492	0.981572198386929	0.904334037916436	0.335862422466583	0.680577406540827
100001402	0.449523000896279	0.609378582823482	0.366241940980658	0.685713161382476
415	0.00344013433605799	0.07376936395785	0.420404505737569	0.743406781360509
100003109	0.889227129922888	0.900714712630195	0.34296718212188	0.669446129598889
275	0.606575485778187	0.794144578403751	0.324499914159424	0.664779578027332
1143	0.140154746875237	0.0709084537745029	0.316956310141013	0.783123581075732
279	0.47341830562863	0.392664767108821	0.332884237597043	0.560313316702515
100001198	0.935603176004999	0.932535479294733	0.337694479993991	0.688746439057551
1648	0.313676600309665	0.949710057729143	0.340738832313569	0.682477121007467
100001590	0.298985171732237	0.247019930619833	0.326593167275484	0.593890300311961
100001733	0.388059777944072	0.850360242530156	0.335560715292168	0.696069432053114
100008933	0.0177247227286015	0.00252355118583266	0.451857306278507	0.635441511429919
100001550	0.30825962031973	0.514786572880332	0.318479628135813	0.631488150203
1215	0.0667101241106979	0.223640272752284	0.289154503476692	0.635839886786594
100002356	0.312199478534609	0.117754506519264	0.396535388640806	0.689406458311156
100002749	0.712654668438188	0.746618973440023	0.342750797977407	0.689964030084814
100006379	0.132870105281944	0.141040930178758	0.404228974327336	0.417226517509181
100015966	0.0665571584684988	0.139723572995154	0.379238224144073	0.499603996138013
100001392	0.583461612318788	0.993808261655468	0.339692469451664	0.681202805990187
100020425	0.10741732364483	0.036048476228321	0.285109850012228	0.424838220777686
100004299	0.260749759532949	0.74572279779461	0.367852881475174	0.742893970054911
100001734	0.555258677807659	0.473528706270235	0.358590419630025	0.612489024807488
1002	0.85289083835776	0.828092947997922	0.340926659354478	0.680323009240813
100001337	0.267423381756553	0.754005974845191	0.319985670320463	0.683450563933891
100001452	0.810605153189147	0.743810785071353	0.336666955097906	0.650599712616488
314	0.380571837023562	0.261990918732906	0.365042429948276	0.708720275703037
100009264	0.930616897446437	0.597712183929112	0.282267206599822	0.789594407255383
100004634	0.435670295607491	0.507685914986641	0.30789715897455	0.698078563392375
100000711	0.943700687359745	0.819070011269945	0.356409714721745	0.696140548196062
100020536	0.0140011596381814	0.0776542694730454	0.436022546563305	0.795143825769853
100004318	0.230609141969577	0.503077531732074	0.357717000437354	0.676024859409441
100005850	0.960208877494251	0.511014131154837	0.412015443752036	0.631935310437267
100006619	0.351694723664466	0.152023415155552	0.376411626177451	0.668073786726009
356	0.480266236469622	0.686340640401141	0.328598212331535	0.696286699950383
1221	0.559447057390934	0.56108256675281	0.436997449057166	0.722256934117565
100001397	0.877264697094662	0.811598215908772	0.337032090384442	0.675141325455622
100019981	0.59397217759849	0.874178824788072	0.344898946948019	0.70110814482297
100001208	0.402451990284736	0.278192501328318	0.30661751995424	0.956568772588072
503	0.0103263971429236	0.0127084480361062	0.219115295989639	0.515030187783359
100006375	0.115309515217148	0.566845799264516	0.376265387929764	0.657129801129291
100001295	0.740586358796357	0.642853896263394	0.332230947812703	0.765617333026628
100020427	0.0572470826834987	0.0275801918112296	0.322306069838248	0.381375357073353
100002784	0.383197596263758	0.297302023208105	0.290399014889685	0.763164188328864
917	0.0613257343395798	0.238172233619088	0.370986719126145	0.631835789983897
1869	0.409709961422914	0.218039082481939	0.358715060926079	0.566582597567093
240	0.259092965372582	0.110861898631124	0.214425337915561	0.486249256439758
798	0.00663242159368571	0.0997329991777789	0.481743233303647	0.613930698582262
100002952	0.249785346365483	0.477849634340631	0.336704921453066	0.76605779385692
98	0.665609021521145	0.859405087638162	0.354823443837961	0.68627306445394
100008998	0.320264297605713	0.345610442756744	0.272117050730229	0.746606095852919
477	0.865165079342419	0.316609574046897	0.345766257857173	0.676822515970574
100020545	0.0821593366890438	0.134444964759109	0.39368788063389	0.851223036469807
100021666	0.984416975409237	0.276365804348943	0.387824219820639	0.671615032968791
1256	0.613328938550431	0.77724793837333	0.377526510412687	0.707984733444437
533	0.211361381978468	0.0580693705860631	0.25557613277192	0.414900731115283
100001757	0.50399398893947	0.993454626100175	0.341995279504105	0.68229004608079
1024	0.386095790644919	0.107137271696818	0.225802492111062	0.875951374584385
267	0.479702969676145	0.946010150383366	0.342911316292813	0.679048136279577
100002113	0.117514758556284	0.0994762826359699	0.325115219887631	0.70572786725691
100001756	0.803997562046014	0.705308937461231	0.356064484704925	0.703425906783309
100001193	0.51703483429404	0.207705939320946	0.406315848696907	0.630081924902926
100001668	0.715416465659212	0.979077870822998	0.340626196027747	0.684091188371982
1124	0.496660458371224	0.442460262749124	0.300749575007995	0.75462912195167
100021331	0.165637891368941	0.323398416542402	0.321363845348349	0.722215695251272
1090	0.0803684942841267	0.0480026556177774	0.311900312802995	0.823122445929865
566	0.829616267424881	0.34080118039253	0.257570061206955	0.68611441461745
100003119	0.480598896887729	0.291035154403959	0.374102929404991	0.619557146893109
100006367	0.740791614763758	0.543554791303799	0.352170966760485	0.660615996799286
100004322	0.217438105767224	0.213413919899413	0.346595696042226	0.775855588383578
100001034	0.66428552559489	0.86409003861117	0.336650305540924	0.6750727435924
112	0.835527902190111	0.800834129097536	0.345365054033178	0.640957425425635
507	0.632915888483763	0.682307312022424	0.340406170147337	0.692105237245038
100009233	0.408553797110745	0.155551457327031	0.289207456182013	0.705578876963584
100000406	0.0290602149845289	0.166213691279034	0.485295813343991	0.496650444392824
100004046	0.446194424338331	0.379964239231146	0.212014039037218	0.613338667535035
1025	0.670365812840987	0.644363917259456	0.32790988391856	0.704687457371018
100001106	0.228427159998716	0.205703894683809	0.27642693103526	0.711940314600101
1128	0.0339986215136622	0.621204666924224	0.370437762687477	0.724084137814009
561	0.0582702638467559	0.190989822068179	0.238273822621165	0.602183538666427
100001614	0.885558147561258	0.391065622106828	0.354524436200346	0.657850548337982
100000961	0.916713974487472	0.994513165926976	0.360322108146005	0.688240690384232
100002397	0.812902073050107	0.586682718686588	0.343047127220358	0.610634702685171
100009407	0.934088269490698	0.963258122150136	0.346486441567568	0.679334822089721
100002910	0.92946097421904	0.579792737712445	0.310262411487462	0.613443827147965
100005946	0.294770662105169	0.398174881806785	0.38219748308906	0.771212216523421
100019794	0.211013761155147	0.474944635328647	0.313151532811128	0.80339627267863
100015759	0.400592582752469	0.0836870002511473	0.268113558216691	0.690333944791068
100020417	0.652757586039205	0.573576274002703	0.325427140397037	0.653474926407893
100001054	0.611478153479216	0.975373822226524	0.339987694768141	0.681057678840267
100001437	0.52625955673179	0.49305526501328	0.288906622759855	0.625085704868556
504	0.301564459634698	0.748209495792362	0.384370311712353	0.68964206174615
100001988	0.452114243280336	0.640583985073368	0.334480953225245	0.842722988531924
1082	0.0197222931585296	0.579450483059791	0.387393165461143	0.713295392817927
100001403	0.39768686728529	0.38069099915863	0.3617019212148	0.664272384984549
100001664	0.964807846656162	0.547018199928159	0.322241939139536	0.85466138162052
461	0.361693225987482	0.245442124432348	0.496354328790484	0.657593002101898
100000463	0.682481565498379	0.996644405628938	0.345008984144203	0.681459397645461
100020208	0.54724152760674	0.532189197551281	0.384154124338971	0.571020861773295
381	0.545850384931063	0.0722599574100685	0.156744472507342	0.515466579511344
100010901	0.100031408977522	0.0885503820735566	0.334978785168111	0.791624584075272
100001468	0.370635628883313	0.913720237374513	0.34794070808244	0.671250411883116
100000840	0.848973892865597	0.872179294090082	0.338175522210884	0.69566399538654
100020014	0.25902252447514	0.607530363442343	0.333059743872707	0.696173699736096
100001993	0.468705961302726	0.443835985430674	0.249080520422385	0.915858828916403
100001051	0.116548583888165	0.0244998156936057	0.36388030435133	0.367699148940997
100006116	0.372419086124033	0.506124235446706	0.346338657719649	0.682857128249184
1108	0.85044332670713	0.935173900121428	0.344376744654224	0.67666875438393
100019966	0.455648365124877	0.151448901883085	0.386646618437894	0.652312231471717
100001743	0.589664657242695	0.386209146081218	0.330787393531885	0.665284363856185
100001294	0.104855932411186	0.189790401040725	0.251870210264522	0.738585545536153
100001609	0.241353901074814	0.111009573600895	0.327788881822105	0.772241239926408
418	0.804764147004779	0.964019122264296	0.34042912328803	0.688449641768847
100001178	0.666320067014539	0.59343175700862	0.331895490800112	0.617531218811453
189	0.985781548236595	0.681123737939975	0.312203908498768	0.648773497095112
563	0.49742361728744	0.756143282703874	0.359454564735318	0.663587665057071
424	0.695597739502056	0.480387538814013	0.368801320537972	0.665016432377609
100000776	0.132449936936666	0.340301371717844	0.387278672275886	0.683909116797901
1001	0.951842707274049	0.538347578757117	0.344733795992958	0.684481650554242
1135	0.358808196648937	0.102886144785939	0.320239958068728	0.740798546555216
100021093	0.907403613636065	0.605936460571404	0.340535106238034	0.706814122859226
100020219	0.124489949882236	0.235260682652846	0.352444122061393	0.575343707702248
194	0.420455448393019	0.83750717860867	0.346611106677364	0.656004725981509
100008930	0.800685179541911	0.64966040364638	0.362127646452724	0.663738396004559
340	0.588117259086027	0.257828251868752	0.222005492265537	0.75927017294577
100010896	0.84736839622362	0.860860422633397	0.332275776981846	0.685602705816377
100000787	0.251741950176463	0.120950599737512	0.320710802974851	0.402310376495608
100000639	0.0272288304032609	0.201889127889176	0.311030327107629	0.688258172106389
100001851	0.998997690503435	0.258264422691337	0.364140910235546	0.462168854257336
179	0.747903067445111	0.643095507063077	0.34417048326015	0.695582855770677
100000626	0.373270328341538	0.647566990298084	0.358711911786293	0.683879341474945
100001605	0.00884367326044166	0.0785316049388103	0.445878392550878	0.777966262779408
330	0.238548768806638	0.376482354781918	0.377833091364337	0.535650354299025
100001162	0.761925346719876	0.579475502182957	0.304219139900929	0.648152888292909
100001167	0.0293366901960433	0.178441054611128	0.345001688657785	0.663317257236514
100002067	0.779915837648588	0.924543833700744	0.382164782800697	0.682348632122113
100019968	0.55058031529749	0.356622617311975	0.385950033127889	0.615359178565287
100002014	0.949727846547948	0.966831757074583	0.339311995060648	0.713086152892624
100004083	0.620496032206966	0.178581470169142	0.350112564205963	0.554101042450285
100001315	0.211935670878033	0.323438067611223	0.374807417515522	0.760291281131876
535	0.161392532181392	0.475462645366309	0.380584218851797	0.672910344300378
93	0.488359542176306	0.269128715820627	0.369787852660556	0.523110369690473
100001989	0.361468508144363	0.621178974597493	0.314419134973438	0.725534389113904
100001740	0.719369408753271	0.400723901398507	0.312405035964044	0.701802222940803
482	0.167829424268138	0.838323993947764	0.342562837236379	0.66181598911289
1629	0.229535000483803	0.38980028092238	0.41385754566953	0.656604312453625
100001399	0.573265474318319	0.428334772640558	0.346487219925227	0.682604820998657
376	0.890538547883097	0.156354594821844	0.20423139834408	0.794521413957917
342	0.541033279945921	0.599918152146806	0.335134302948124	0.679913460025269
100001253	0.0203802778815926	0.169326466815224	0.298187229127289	0.900673401415718
100000708	0.560258756358048	0.771479435645027	0.364674701119199	0.689244688073613
244	0.168028413476757	0.0469775390127831	0.289523206551128	0.804057013264584
100006726	0.447441227563209	0.274479575449388	0.391711187514128	0.666831650832689
100000036	0.129067149855979	0.671425842767344	0.314779932060364	0.719045891182813
100001257	0.0180212788950541	0.0744389344215658	0.485240239221127	0.961406595522777
100000445	0.692727894940928	0.600097518952657	0.374825968124532	0.636425717142516
100004088	0.00376176245592646	0.102070567786299	0.399899331754884	0.76308851125172
100001423	0.985676410710335	0.740026868177581	0.343537807136652	0.653255152307454
100001276	0.395433215120375	0.277145444929891	0.305863545429183	0.597070406513917
100001876	0.775815898776473	0.983606997490178	0.339577704761684	0.681807566744499
100009082	0.612707994568751	0.0495367638258776	0.164099857332242	0.658596132528569
100001121	0.327053994666187	0.719847703302294	0.335495649066373	0.677189470230075
117	0.309597722647696	0.631023806502141	0.321151286653474	0.701814433369316
100001868	0.0337536500351128	0.103202357791687	0.406380579341753	0.689733701297203
1134	0.770913255568994	0.33650124323171	0.23556234704116	0.654645077325083
100021012	0.274014811297008	0.499948280320128	0.348122442566392	0.705016171938911
100001181	0.804000197319615	0.270578339308757	0.412548820549884	0.613126196671869
100021467	0.663398499140344	0.269803778713135	0.348477244739691	0.586681164456878
100000447	0.247648904851791	0.24779754578904	0.386310304437028	0.646668277181171
1162	0.000502354731342777	0.0121339895904236	0.442324334421988	0.581855727812043
100019982	0.508785290991981	0.496181866118825	0.354320713794157	0.666327009927737
100001613	0.978559090715466	0.474018626252267	0.354902079020742	0.651687729151917
100006644	0.23557136928118	0.562193661208759	0.323927724732812	0.714620524616469
100000096	0.239351289970664	0.00454295706382806	0.235847868200634	0.651550880246734
926	0.452742838700572	0.726031154538163	0.344011723877747	0.684701678579957
100020004	0.855881496299876	0.668780043671948	0.357551721662174	0.680722008320771
363	0.111088986257034	0.0290301671066299	0.341236224768833	0.236380267485352
1111	0.409062179766048	0.978350538685767	0.347520923182903	0.707957285355223
100021712	0.730024133251164	0.794153933729784	0.339793134024944	0.667569989130673
460	0.826474246630169	0.733521424824662	0.352566042663134	0.715050666719395
100009331	0.418539938331634	0.174693276664502	0.286970406186153	0.716443514876833
100000442	0.211524911733618	0.648361824887546	0.37555052935882	0.701829558000354
100002945	0.106102663574637	0.0204932695226584	0.431006400075402	0.637973827285397
192	0.94187945841158	0.915740538845639	0.340055154649852	0.708560530905977
100020241	0.473498588828753	0.917080822806933	0.342120006577731	0.682865524975053
100000580	0.137487292638659	0.137874995448231	0.288930861766599	0.917601517381138
100002466	0.0146480341316886	0.0415570776226958	0.270716023156258	0.445764265674685
849	0.598539364802956	0.542987676400243	0.351042980191828	0.625070850615324
501	0.537500668722938	0.393816092090771	0.372378463521345	0.638930718501155
100000282	0.7429100069343	0.145793505838889	0.415785466938706	0.58001199604023
100001577	0.0195088735057169	0.149284807187722	0.493374807452373	0.749936905472719
355	0.0993828100024533	0.344212948930446	0.292564533603849	0.58857975955443
100000841	0.848760168612297	0.964016205620781	0.352109903231154	0.695609684764625
100000846	0.834358380131087	0.349947861063562	0.329131669980243	0.675152475924279
100004295	0.942233248131168	0.429270667509589	0.313041251946562	0.633973995614065
100001586	0.114404322882557	0.0512350271717756	0.464844765065417	0.348701552296143
407	0.0171804621060593	0.0417193158926834	0.366602948635741	0.74713082449539
1137	0.797281867202799	0.735209510877763	0.329072999668016	0.719566368690159
100021374	0.0366723706012893	0.01534456547722	0.265964656958763	0.91730467237374
100001593	0.601237990548674	0.943175996566013	0.340619831588649	0.684196166818502
100015971	0.729909618478621	0.728014832502133	0.33245695356859	0.679455324073617
100001022	0.415121738857857	0.166602564405305	0.201649669156376	0.964255961041157
1094	0.0652370947125493	0.233475475561636	0.514114770409067	0.914290151817421
100002122	0.216678345655214	0.230507237415501	0.288246779808815	0.786200363298812
100000706	0.678740098161862	0.464649424698962	0.279902081411128	0.683675416936717
100001055	0.79138853746438	0.410227871375363	0.308541188057597	0.622738534134366
1235	0.444340739529092	0.747943157454355	0.327662987911584	0.709164468442836
100020204	0.11073884813161	0.617735939292426	0.361335811773238	0.715931780672205
100015643	0.0289481623936413	0.275250332113376	0.375649935640798	0.632828255554907
313	0.0224390855172741	0.260329907535719	0.357193721460496	0.618147031892858
100001413	0.858356529406415	0.92687211176178	0.339501825123096	0.675994069165774
100020423	0.01746527642963	0.0145707400757403	0.373685026845802	0.355515983629982
892	0.498291422735	0.153826033022272	0.367092057533032	0.710609325081721
212	0.0816998418039416	0.143023607934439	0.428163401601974	0.659139084793795
100006105	0.165143639296133	0.167748552764509	0.395269697886252	0.695401755099931
437	0.821008468705049	0.618123444650873	0.320273414238589	0.695995892836008
100019892	0.56510186585763	0.650533394936395	0.340477100356849	0.720357292153762
100005716	0.0688317911393691	0.1030551418735	0.371375048175171	0.766637019501683
537	0.226586642689463	0.130355740688093	0.350805082269484	0.707221253725763
100001990	0.407139187424954	0.681311140243485	0.368648835628913	0.642114198267594
100003397	0.0081229407897787	0.00119790120248123	0.307326187194054	0.350587799035565
100001320	0.125652409272956	0.229073594483386	0.424013792368365	0.447180861128723
100005717	0.128878156094018	0.0966740442660538	0.399340615811621	0.713189160753078
100001207	0.0368000202353447	0.1908800465236	0.377609859429944	0.689931622890096
100001999	0.46935156570773	0.761278589469167	0.324636679413245	0.799540930088599
100002488	0.246787565248949	0.0194868732064404	0.389240135737153	0.625550113596586
62	0.222287457262014	0.606764161427256	0.324005545197686	0.691009803282985
100000467	0.490044913702668	0.400769846701785	0.332625020370172	0.652142098549899
297	0.00498306393175441	0.128952584094555	0.350382532073344	0.648566242451361
100000285	0.0309350233112367	0.393716459623915	0.343121067210245	0.778225502088171
100006056	0.062026585232444	0.402163591541426	0.360419566104382	0.722415561523871
100002126	0.102272746755942	0.221158484863498	0.269131628509956	0.965638440357925
100002129	0.938684164261979	0.661935294841765	0.308777347483524	0.838881354478829
100020478	0.0230927100945815	0.178754244324882	0.314651426727826	0.715366693221807
100004089	0.0835680960440496	0.454647160893169	0.348765260718454	0.622310754201555
100001755	0.660867034360938	0.392738159118005	0.349492372858576	0.613577660997465
100000551	0.0297844213569183	0.961895202342182	0.343319195130265	0.686760609722286
100003260	0.487789258452077	0.301762805523579	0.38176419917327	0.761640435351703
100010955	0.703680066774823	0.369199545350079	0.276724756101421	0.568580663890586
100020851	0.174083338448166	0.415339271521346	0.375083196402408	0.706873072201646
100016069	0.723601302850001	0.823039370876938	0.342030721135614	0.67126009598334
100002027	0.861693873904101	0.386823042787325	0.214287419379773	0.863988173133043
1123	0.43139913194793	0.209088459814701	0.321452814366836	0.805440640388431
100001150	0.660358414005921	0.947786014319615	0.339745555952262	0.684686734547455
100001657	0.285830036162597	0.720057166087508	0.34107906490056	0.666746536843023
310	0.240585549480399	0.343237882665363	0.303304574094753	0.786564190968522
100001314	0.371449687530955	0.142667165939143	0.31890431984086	0.565469267178292
452	0.78512477627719	0.648082745348251	0.375349964680258	0.654282814588984
144	0.10734526978238	0.0605147384831594	0.401765580700908	0.54846379187136
100001182	0.239456199451993	0.160629261624868	0.406894132818236	0.665830920069371
100015965	0.762402296479963	0.503601428936388	0.326082744160792	0.746855699650011
100006108	0.853865076881481	0.449859308127393	0.356892659203411	0.721592247865582
100001400	0.798741134442326	0.67059680177939	0.321940516909484	0.672849931167606
100004541	0.240084621040499	0.18680205895101	0.34019865510863	0.423139717026633
932	0.880559530127555	0.275803386085032	0.369858871425222	0.721452562220702
100001992	0.637844237360203	0.668579590436551	0.422088191809519	0.609643844850533
100009252	0.137926364638212	0.194535662277558	0.404727503487315	0.662866889070477
100021104	0.384673024798128	0.446769221937083	0.266659093677711	0.862507319203243
100015838	0.0199282092221408	0.0629122077878654	0.442297246376768	0.918836500589635
250	0.00195064668358953	0.0360077936498828	0.546702189631309	0.772305662801303
100002537	0.992537826262418	0.510594611767611	0.317664789417771	0.788345844704005
100001658	0.985531674644628	0.759037736778396	0.355245040362517	0.671677349988601
100020416	0.233192513970728	0.354584432385553	0.309551278317794	0.656857412150237
100006642	0.228817081138511	0.747149450210283	0.327481230178957	0.706074203246051
100001391	0.116282208641311	0.36601891134766	0.42161013499958	0.788037622618583
825	0.597077031193177	0.681319118983867	0.308849386089246	0.691036992234362
215	0.0179583800879131	0.0912636994844333	0.402907733468333	0.666053434396349
100001026	0.961163157943031	0.86109978147805	0.33643199226308	0.721963621379596
100020541	0.380021415981384	0.389795964572032	0.293532407189359	0.729399207625958
100001526	0.244647250520441	0.331064699244894	0.48873645151524	0.784981571286047
100005384	0.524738762490675	0.419776494610829	0.318195408852998	0.603873793889485
100020378	0.327926622466223	0.67272349134386	0.328342214791957	0.688811257900161
100006115	0.985516161005725	0.388755628260157	0.429839904478242	0.574541362202197
1442	0.143001802702725	0.0301840380404063	0.144830955608984	0.55995816287279
100001843	0.227282328536585	0.304854302871322	0.352505525322564	0.755486388063262
100015837	0.185850016008803	0.318173208596679	0.541685536641378	0.633185037545741
100010834	0.770011908325929	0.982126947764394	0.339265921574077	0.684571204652713
100001393	0.590124432858578	0.430222688891446	0.272369814383502	0.723938730223392
100000015	0.30722832102545	0.566222301637087	0.316732675131366	0.703375319026542
100003892	0.0589640595377662	0.0555584279380033	0.29292286825681	0.934104085779335
100000042	0.168207565740421	0.0224349652031356	0.365757288071622	0.590243390512626
100020550	0.670637898727098	0.238183501888371	0.355945343369129	0.581450840176977
182	0.387219239137457	0.327982573118551	0.333286484451297	0.703878947797053
100015723	0.125860505880843	0.409015800929657	0.347146785543741	0.66389092213158
100020343	0.307476740024828	0.425457291681745	0.31048044526874	0.684657865520906
512	0.340760770700848	0.58799870373059	0.374477394407189	0.651657049807858
100021100	0.684947652538336	0.67800467106166	0.327931588531972	0.686165166512236
100002528	0.388044225054903	0.0796151130756716	0.384431001512503	0.466888016870739
100001287	0.957376927438079	0.921039085881896	0.351855287666667	0.725030037766055
100001229	0.729678876699866	0.892798752598087	0.350269098221391	0.671806686599989
181	0.407175318655768	0.790354681682306	0.331560448573774	0.713366684072875
100015831	0.0025357857039093	0.0286453890182442	0.427055948165274	0.474877997744833
100020515	0.394975325167266	0.527354317275387	0.287922317217966	0.81289703230134
327	0.212615151689797	0.247119286154247	0.412302795854027	0.63472752683613
100009394	0.58375586062247	0.717207910644788	0.320914717905126	0.714333310118337
100001596	0.772583078890918	0.190593578794742	0.315011478161705	0.497714530635597
207	0.949468653152316	0.581354644050932	0.351045856115275	0.648239990108695
2054	0.443518399530728	0.75622427561342	0.328656116276338	0.698970054090655
100020259	0.672474923661713	0.579619279635581	0.368868242330782	0.666678936453143
100020414	0.00492798799722557	0.0488803097090063	0.232731194514611	0.65387997315935
100021131	0.896858276830133	0.244055968617636	0.328221673486955	0.637751447734386
100004499	0.749586010497243	0.408497462710681	0.3370820271579	0.609331731495668
880	0.190256906620132	0.747061722542378	0.36722916992197	0.677656413209734
100002049	0.537626326959089	0.31370283502647	0.371215479759914	0.632636543682073
100001739	0.645404559083355	0.270831450052046	0.412725647229465	0.64331812837791
100001126	0.404471828384057	0.124368637115763	0.218180615966875	0.553318984345636
1113	0.689642908143548	0.825763073726496	0.353809678164494	0.655633432425858
1083	0.993106383209631	0.308951794498403	0.369253437538369	0.591273795480546
100001730	0.0868326307653636	0.197117712178212	0.389056388517213	0.560420036558102
100001412	0.579463064017921	0.969445085656908	0.340246495459055	0.687414260877598
100005996	0.701877493744703	0.589740116567953	0.327199904823471	0.653634087963044
100015962	0.00522275968217455	0.078420545469449	0.269448792225803	0.999271112206057
100020214	0.655527544831835	0.408674213009641	0.362840030361023	0.601262052386638
100002514	0.117202017079878	0.326064865998925	0.354963544447238	0.618216137967266
564	0.205428325242061	0.0650618160979791	0.301744106197067	0.561886465660781
572	0.0376456460854495	0.0246198535447859	0.447190236938569	0.548729942468978
231	0.949834691383017	0.685930702755096	0.315731994816641	0.695115077965123
100000453	0.966012213562892	0.811984533725264	0.329949995009457	0.706293148871712
100001007	0.147784518006985	0.266172697001389	0.388191006239598	0.566133288326551
923	0.628921375318347	0.335088893050411	0.322897664414979	0.734693312108293
100001247	0.399439048430535	0.521083790304102	0.323891117473887	0.664918988235022
100000774	0.527469666242857	0.856681600142357	0.358746292407226	0.69975679908525
800	0.397323819634757	0.393591628358466	0.355801594381783	0.734841103234753
100021678	0.265400459765781	0.420323855725727	0.290350675694035	0.680291456882453
100021711	0.496222154522496	0.873636573394377	0.352260104345159	0.688477350929422
100001274	0.747280905195457	0.318858362916454	0.323819682418132	0.500182610010388
100021220	0.118964414864267	0.146148944702115	0.430841562284417	0.984297705419248
100020253	0.426280934223105	0.972408691903209	0.340223289242549	0.680251187496954
100001170	0.787311809027614	0.177886532666121	0.311602840683497	0.584113467269731
100001466	0.29910711877087	0.82938988698824	0.348318327567611	0.675191361008702
100009406	0.687321649644763	0.67712543463936	0.328671914251399	0.698194421742484
1026	0.182348912689531	0.418147571618822	0.364042190897539	0.64665889040008
100020837	0.723487031351858	0.433087948222946	0.380637604583202	0.594469734753867
100001006	0.0787037469929729	0.0848444396938808	0.323391726243107	0.805732092481333
100003674	0.707766386011873	0.109389916643915	0.340644690144236	0.672052920692099
100004396	0.345287465427295	0.4216715104852	0.384052935572427	0.578145004976776
100015923	0.517639437595836	0.934910477709377	0.359797374723327	0.6764437286588
100000265	0.465268894087374	0.692279842519068	0.346845238202	0.652507516369264
100001409	0.0654247706577871	0.100178948513644	0.344069133552004	0.514913601426641
100003434	0.380661797284701	0.530582615820264	0.342339239515553	0.608645553110769
100001334	0.530973920648609	0.0721900138881302	0.435700927272393	0.557534414172802
100001102	0.714701004034032	0.782742841591027	0.350214812429347	0.663891664581208
1268	0.615383629216422	0.0508989040317836	0.201119809328813	0.636705356388425
100001300	0.235751686908361	0.091013501329363	0.301870090367396	0.686546481912664
100021324	0.333908257493361	0.781812971539366	0.404614299314639	0.674406213915742
100001617	0.0984346564345967	0.09711611206332	0.336155346057022	0.723799201871646
1105	0.843915141205504	0.153407716391713	0.466673833517589	0.369346341868376
100021502	0.0460970289005196	0.23012538306269	0.335434460767842	0.714510371298694
2051	0.815798089622366	0.563391853933894	0.338257113125724	0.576759110572058
100001256	0.127816539861519	0.500322799070618	0.387644570841543	0.819351307507777
100005466	0.0689311058486171	0.0848185372519652	0.379740880093993	0.477255778605897
100002199	0.0943965004103867	0.64829905024309	0.360111929941421	0.706729894075594
338	0.0185013668722078	0.0498968528121244	0.519732917839448	0.449213029591326
100004243	0.37576898344771	0.54231604514988	0.320017144354997	0.695143288089195
799	0.546264161818049	0.84892412251607	0.332335680399825	0.678858265658452
100008928	0.619967300840486	0.11076019558453	0.335174347503487	0.672188527731654
815	0.0709410279827974	0.273492573469829	0.351677835351254	0.755732102806469
100001456	0.00631650979076936	0.0809534848883026	0.326433606081606	0.604062024684903
1242	0.0800889583795721	0.0898335055031145	0.4079725430485	0.487931121189
100001416	0.296730809391998	0.116549215529241	0.236855627917699	0.434591927270101
100001462	0.385822678517219	0.356682218810758	0.398092187894119	0.641833107550947
1087	0.144810820275602	0.0327749749647518	0.36840695992497	0.645468388603611
100020421	0.074046812499086	0.107383837366251	0.382769611893982	0.446220776677518
100000010	0.00441633605691617	0.0487105038811816	0.360084484555018	0.73628624784914
821	0.488151918917918	0.355040869395841	0.381299946655491	0.528032345448756
100006627	0.273567505850745	0.14739017813759	0.462610073966865	0.581713356376702
100001277	0.40353474057734	0.169456136868397	0.390458725193218	0.639708734321939
100021141	0.0296254711664574	0.170815261819373	0.397238303971162	0.785977713359243
100021105	0.160686298073489	0.279596802252445	0.366100319526715	0.498294404691195
100001950	0.00036174446433382	0.0077868364082301	0.440738451416933	0.846651288718007
100020217	0.867757002581933	0.297294582999857	0.24512514233045	0.515919924401942
100006651	0.0386392623130086	0.218153385488862	0.371630614961732	0.466861994718441
881	0.987625809607706	0.424810257045856	0.319853035811562	0.694843773852444
100001509	0.695499944045935	0.115918847894202	0.290119874951041	0.596353010017769
100021709	0.498902730022444	0.78580739735844	0.33280379205483	0.689458184687923
100001635	0.287114441199286	0.0309359378017567	0.370448397924923	0.629611154326183
100002613	0.477770469708323	0.131253870497066	0.31612553737381	0.765168061546464
100009329	0.690412829134558	0.711264689367629	0.308422574213276	0.809703472022561
100021123	0.818349443610425	0.576944349707784	0.354903400790605	0.590509643711027
100015760	0.336746980303601	0.131291552248687	0.254193245706146	0.725105679891028
100020205	0.406306083420484	0.431621912867077	0.389676526157654	0.514967544290295
100000765	0.483402663251526	0.668226253065375	0.331751395989729	0.653211186685029
100004111	0.281209410096638	0.153179150991861	0.384789178565232	0.652363474426046
100001615	0.179745467491819	0.829527967561119	0.338720612019161	0.680166912689937
100009227	0.22217462379386	0.123019355325826	0.463588756185229	0.819093018666128
100006191	0.440900605210151	0.604131059530078	0.364577479466424	0.63457262366394
100004542	0.382808600421884	0.282009777889432	0.366413033907876	0.740957844764159
100003686	0.353535315439827	0.136015573378329	0.457066634346257	0.619308134326666
100009232	0.0245413173519086	0.213538757437722	0.344001692486037	0.586775044437862
100001501	0.0700394306611215	0.137762853533451	0.415357925748879	0.71447041661896
100002367	0.507750395385734	0.254067666391094	0.319586222130548	0.534031916155987
100001108	0.3752482598079	0.684945466190084	0.337981532604559	0.670558925722252
100004227	0.978929110899187	0.75202723391282	0.342397241501284	0.711115127953945
100001310	0.171185146684026	0.276926432842864	0.325684473335022	0.798745333406489
100001994	0.646081187877459	0.80232802372144	0.325998463813963	0.788468810674765
100015839	0.0166606409278383	0.0177783200994263	0.433810299608743	0.763058120271767
100003271	0.00471798876030083	0.0701444146144278	0.445935622341058	0.481065382985508
100020496	0.926301365519089	0.893095786974158	0.334560753186566	0.692989620514748
302	0.648448686269129	0.43813928539374	0.304988640686592	0.650303238040155
811	0.803689350599839	0.809181057072686	0.334314281068029	0.708271470756676
100001267	0.845371749303919	0.667026073445004	0.311757316240696	0.676762802785217
100001197	0.0333826750688631	0.358995957527153	0.375859489970896	0.691532629082899
432	0.245545412524365	0.476864402930119	0.358242266246589	0.662365717109539
444	0.0207012303260515	0.0883681912705346	0.351940719199306	0.801670055561988
100015968	0.294706537847029	0.373724139450382	0.342150761194384	0.607766290974825
828	0.876854608768542	0.904391794590905	0.335634717977396	0.685865351837687
100004054	0.241383684380886	0.835334889080122	0.342938108842756	0.687302258573272
100004635	0.108023267258055	0.14707090478067	0.714196502902707	0.42210455657095
100000491	0.473669835739935	0.560077142141501	0.328799044250394	0.584370146310999
100000939	0.0505607808452646	0.0358297282960265	0.354709969356128	0.576344821078059
241	0.214775238751202	0.635427225384326	0.361454603568628	0.700195720613167
136	0.390616656343948	0.0749677631871147	0.295839494549583	0.862856299585084
100000792	0.321993938084549	0.744835760360211	0.321609230928837	0.84231211628372
100020973	0.521959262101857	0.621907810211382	0.363304611675029	0.656180008285212
100000936	0.677765446528829	0.855505515335523	0.337376830876695	0.684313686218458
100001313	0.00692254430990896	0.15723527536482	0.364676710246717	0.73291842705043
100001951	0.0495212875080426	0.0896127210099242	0.380096768213288	0.673346008915529
100006098	0.0116986243689095	0.0731513353782662	0.400859376893453	0.80511959321
100000007	0.267913451048879	0.571475923682016	0.345876621083758	0.686853749083177
100006641	0.689848968559942	0.97817185477849	0.341585009208482	0.681100188586486
913	0.0111369781767133	0.0595890539387308	0.418202226484042	0.54637104560503
100001579	0.814008371598649	0.429930171087101	0.372792017914476	0.682209884305492
100002911	0.157422740874013	0.0124263410178068	0.429914054778559	0.641051938797329
100001293	0.242745514472935	0.378993280906751	0.3044901537472	0.818951084190801
100002241	0.234587339518995	0.541409642969433	0.354872690456423	0.651766087769267
100003179	0.267396850850792	0.053311411400281	0.344398630815296	0.520147245848291
100021372	0.369323163510238	0.256126492593106	0.256842702285168	0.686440453627865
100001956	0.329632291279211	0.515736549241513	0.342529479840207	0.595787761865776
100021162	0.123238907499977	0.140934839537885	0.34399213469481	0.493649026230266
100002259	0.292964971489586	0.594059276591545	0.31659149341932	0.67413397568734
252	0.433164149645205	0.610710943138145	0.386230911029977	0.629055040224602
100000707	0.495721513929263	0.353688555017797	0.332646207884374	0.689023569964178
1489	0.66175229872932	0.0230430831721093	0.25948207808573	0.656439073167599
100020361	0.0444351285030066	0.122049951047387	0.361657088273464	0.948637978090332
55	0.735319984580421	0.961948327086091	0.342941760579952	0.686112923545097
100000863	0.225558410292129	0.237144235110562	0.299716019064038	0.720641238582768
100015840	0.167377581272752	0.106350837132323	0.45045948673737	0.640632123605884
100001541	0.146358655265102	0.0791531095288715	0.237284664179603	0.673450028033036
100006082	0.161820249460445	0.0622934772338078	0.434563260719882	0.674810156987826
1254	0.76096932833317	0.904318573890246	0.340930009172094	0.70132015934387
100001624	0.447853642341257	0.345117603213835	0.32449782966704	0.657819481557179
100015850	0.920161606613402	0.601621713036451	0.412023383907087	0.647078603685625
100001104	0.00166813411426472	0.0111446655336831	0.417702522875679	0.978500336984139
100000900	0.127136484809074	0.462172094256939	0.352500711121791	0.685003796169289
100000269	0.227070088904573	0.106540023840079	0.221307618096765	0.635127987200531
1022	0.239336557245588	0.929655595786413	0.341239577723243	0.677497834014744
100005373	0.28026446722217	0.0879204455729865	0.288745484660906	0.71311339651291
100001129	0.125216154721283	0.706977315470888	0.330133492131052	0.711515148836985
935	0.0138694478980245	0.130991817286859	0.430815516246707	0.547002701291102
100001262	0.212025468271519	0.255567003278417	0.345052423538961	0.70418170416333
100019978	0.35719369562851	0.613549637112618	0.334940101464352	0.667647635659186
100002293	0.718150325365071	0.756715782717511	0.344532488439778	0.683385865453676
100001426	0.187925361757604	0.264530731393217	0.345796683649069	0.520065138903293
234	0.0337449763584077	0.142905223642415	0.33710103391275	0.657786046425233
100005403	0.219822225201151	0.974421011264833	0.349716319096617	0.681197208688538
100001083	0.0720492110459825	0.471560174425935	0.352330351856724	0.696877022203837
439	0.802365128059375	0.35247099888926	0.356767264814361	0.676802641898526
100001086	0.302908872233535	0.390756179248131	0.362046964771186	0.766589100512604
100005864	0.748472988405005	0.447644231871934	0.311655573343592	0.750325365940865
491	0.518192837743236	0.912333284601375	0.338597335172029	0.683158178395231
100002029	0.485041045652888	0.432065971206245	0.324115010005212	0.550014428429923
100002154	0.694506409251413	0.403705860145027	0.300803357529024	0.656696713479203
891	0.561418731641905	0.221974315493411	0.371635967279634	0.650612726094364
100020261	0.359474043282185	0.407985452989287	0.410351831468574	0.653784299714856
100001296	0.508422290641005	0.46013862277367	0.342146891267803	0.570530303703538
2050	0.55689793031616	0.513134299553274	0.370236923662485	0.624219460256443
100002761	0.296527778002871	0.66032323323044	0.295373381966111	0.823481587179478
100006614	0.866617103573546	0.666480282898386	0.315448754043133	0.745242886509587
100001597	0.895980290765136	0.1524861100248	0.226222704231354	0.496847714401895
100020853	0.752814171325606	0.844237897511835	0.345292385015855	0.692997701526647
100001446	0.274594665110931	0.413693149628199	0.306066052728421	0.674334849156723
100003240	0.295441143297174	0.129745150673676	0.390870042316648	0.599652453091829
100001502	0.0404534716742877	0.264060699210449	0.390452698688154	0.763044154221047
100020866	0.0990825818757261	0.0132257857812847	0.214654664370312	0.495611080409239
100020419	0.03044055251847	0.0873138665181728	0.369313420642212	0.424696084017809
35	0.380836736448174	0.293812737707935	0.324066413940473	0.626659022115439
100003696	0.0220468401312382	0.0728070837445535	0.458527368710241	0.620819222913672
100016038	0.715762511168855	0.99546255036337	0.340064404145562	0.685486851111417
100009333	0.308250611327485	0.136392479088133	0.301888459241129	0.718564616477288
100001611	0.13483596439499	0.307285762702834	0.449361381918617	0.657434190105636
100005383	0.697419131532674	0.315341130318803	0.347173593394865	0.722760836984084
100009239	0.336248356319985	0.13465070267888	0.413197218763871	0.503541713670072
100009332	0.37362765990027	0.21949608178086	0.330436128090655	0.644825874207795
100001731	0.169379872189316	0.679729318764048	0.346711443746987	0.659739853985394
100003415	0.34543937110895	0.433567966139025	0.332180761219384	0.698678193919052
100020578	0.132204422534756	0.195792057352714	0.321573015880804	0.576182046529913
893	0.865117849582212	0.491434397227954	0.33667687784052	0.695801786585341
100000963	0.326882570317176	0.218567731374206	0.430377267126772	0.489811817822647
273	0.172382813354143	0.353965504503628	0.385546584413141	0.677614030563504
197	0.491760485936486	0.403797279211468	0.326290557122084	0.558429444289597
100000808	0.305426765678357	0.245633158534072	0.322520577167397	0.833600393364935
100002284	0.877379841401741	0.327615438344749	0.217204746513583	0.618694648145734
888	0.849537249826594	0.0988265584006065	0.392754689650101	0.659050662492843
100006435	0.496920337400977	0.335771882165061	0.269305642039664	0.981509546170121
100006374	0.158379656351535	0.511382117044033	0.355530990204049	0.670848972644065
100003169	0.41779468689535	0.804844834087063	0.334347034701632	0.671491727695159
1004	0.706088841417534	0.840428465395603	0.328441532333631	0.667457310731087
100005998	0.0860934831253776	0.893971062645416	0.360591861652948	0.689438322910372
100000773	0.695774415329056	0.559879353958286	0.343836150149779	0.665894895179015
100010850	0.0190971245677953	0.12357850494571	0.390931150654681	0.560890508846793
397	0.812792655979883	0.370031848830547	0.254032887841526	0.747189067385884
100000039	0.0709990710082272	0.241772012228415	0.284062286076034	0.73411946409391
100020833	0.867746564254796	0.624232865481968	0.358785004982588	0.750400049984969
1021	0.506513823990031	0.424433159659037	0.317739045459414	0.712560730846628
100020479	0.355638806485372	0.60197305734086	0.345776517456687	0.691971655552964
100001335	0.54211839905818	0.305926425213042	0.38051844145397	0.650284151571422
100000743	0.689972119988578	0.853531441590121	0.34051140852364	0.731240068372289
100009246	0.191831971641867	0.671712888550666	0.328609443258741	0.710630874550959
878	0.15177051762251	0.871967963582237	0.334235996820812	0.688729953244046
100021103	0.949360760863547	0.729841949822366	0.31140094992254	0.812243673289089
100021363	0.225652028239188	0.564625874113736	0.318898409492683	0.723257493532308
266	0.0457379668164881	0.156971266752938	0.380876079958953	0.592454367267807
100001195	0.374323665618166	0.232458328929445	0.416864109850267	0.610585636086972
100019801	0.815011628272852	0.695962987263866	0.352708927456054	0.6686291430345
100002196	0.0529173172998407	0.267160228035096	0.343576776279323	0.692500839079448
100006370	0.196532434949568	0.915532786572958	0.335409541529765	0.686550446954438
100001510	0.0319608342924865	0.00419504687069118	0.287424549021392	0.778781602195674
100000437	0.659681136953703	0.490301278412562	0.318701326381419	0.746095048279982
100001767	0.0817245876387741	0.0133332407550851	0.453830765330886	0.769399354021487
100001810	0.449025621045556	0.548272840513044	0.351943187548274	0.823492057399646
209	0.0317620541638879	0.314159598865669	0.392847470533229	0.667079091392721
100001485	0.289227387490462	0.0935485319467773	0.201272010909964	0.612265772188511
100002500	0.121276043625524	0.44554608269724	0.345648555039677	0.652604623934165
171	0.0430216630004071	0.0309392588846986	0.245162369923629	0.68119313578198
100020487	0.982560484377709	0.808826526182356	0.365628887310647	0.639963780962741
1206	0.00717067708166503	0.116776861858356	0.345686161774539	0.734146558655266
344	0.0134253850889133	0.0313738767541369	0.661086117257031	0.774139751673688
100001405	0.374478662286396	0.823783990765934	0.353337550363585	0.664774271032517
1239	0.986864593010863	0.523989182695264	0.374687723637836	0.685062959683982
391	0.0619873944578165	0.188275063665867	0.322145027749331	0.890779577337822
100006430	0.51794669441864	0.209646132207655	0.401281725323764	0.435798301525155
100001417	0.842613761574134	0.462439079364231	0.332066355134621	0.802943424698189
100002951	0.0643657976035409	0.54137765890311	0.335753900597121	0.613096120838317
100000014	0.371403092292345	0.554529603071738	0.334878578836407	0.725072434335507
100003926	0.556357483377483	0.445718602720537	0.368240123830667	0.662504389797014
100021538	0.522845462348185	0.366274676672369	0.391589133634023	0.59565748111256
132	0.338705443879605	0.92164776605785	0.340977546108839	0.681378376087
100001425	0.563108671179543	0.504909652854103	0.422188076747399	0.614778275063349
100020262	0.624288718141022	0.652721059641617	0.363148241941781	0.669055314837281
100002679	0.444160908571738	0.812699312835117	0.329052088488626	0.72624461546463
100001270	0.677324367878491	0.579749836521586	0.344244626771274	0.66047155953755
1102	0.779050558801542	0.986001966848875	0.340310933904474	0.682390288430555
331	0.225519409119561	0.189842648569662	0.286077704525276	0.571828407991146
100006361	0.570425568974219	0.636945817675072	0.314377830701009	0.751452662971887
180	0.703360424923438	0.949826975259583	0.346855488422122	0.680227275033182
1053	0.338987116662212	0.455434853640982	0.492880670990762	0.747931164683709
100001359	0.555384669437803	0.770983631285731	0.36982381510636	0.639516796992375
