chemID	simpleLRM_Fstatistics	multiLRM(chem_sig)	multiLRM(sex_sig)	multiLRM(age_sig)
100021136	0.0261986324474496	0.248946708142977	0.307988700249581	0.769270323082739
100000882	0.815572934487253	0.684848174744686	0.281735216027614	0.656066237485873
409	0.0831216401825152	0.168822007678763	0.299820246382926	0.438024668870205
100002254	0.682646959292544	0.041735660383555	0.180520539152682	0.661334025642521
361	0.00800992620648277	0.10038233123117	0.186395699016123	0.658915422252021
100019975	0.551452106441474	0.721457977035837	0.273861973092216	0.695975066431806
100000257	0.000696715605264015	0.0208763735915052	0.283760086158824	0.609954799679112
100001232	0.971865225910641	0.940993948614236	0.279946481720061	0.676555090306347
100001948	0.366734178768866	0.370982441456296	0.295005670992213	0.539851670622795
100001073	0.608202423337183	0.68323960513206	0.3396926066822	0.609239068341797
100015637	0.934053473820304	0.467948175198664	0.29572941361383	0.672223847433488
100006360	0.624824776695431	0.699429692977854	0.258421722735402	0.743256703979958
1488	0.547945111007008	0.603683562932077	0.273889819913396	0.656597444435457
100002253	0.850622753787765	0.998176136742679	0.273193629690288	0.682305153396451
1023	0.974610908528773	0.725507397589712	0.269061068942467	0.66508301426857
100004284	0.681918997697147	0.818615179778809	0.267202914931197	0.687346800891809
100001251	0.659824700185659	0.989436339581463	0.271864843134775	0.679981346101745
362	0.728666449071611	0.477589345949192	0.249317052743986	0.67187806362689
100006620	0.772379922178581	0.864017143930636	0.272332080041727	0.684827597461029
111	0.36524378047455	0.174672320587751	0.234283770602145	0.650265958165635
100009045	0.643400514332092	0.279586209308392	0.226629306655911	0.834513928477106
100002927	0.723899946813995	0.872538751611357	0.267900413483076	0.697679932990917
100015641	0.763393405880879	0.903572338460783	0.267504375051031	0.6881962742857
1114	0.110985849502639	0.94899024714548	0.269714334449386	0.683330498065657
100020409	0.358783761435038	0.370836861704123	0.271474529557709	0.553129972465139
158	0.129823648439856	0.265940993209403	0.354933426082626	0.704682557046062
1224	0.0537874239213996	0.203211951864983	0.210993546130447	0.721699251499888
100001620	0.478160758446418	0.386619142311001	0.231327882376425	0.686759464670794
100020893	0.276889832681263	0.0531201979267887	0.247066346778944	0.394194826015076
100002458	0.751849961273394	0.562813083465177	0.310697665111028	0.625427769026293
100001112	0.800240225477948	0.992031104137514	0.27131740175814	0.682875737264231
100002953	0.412364963860697	0.810496710218065	0.267265644497204	0.692821969569919
1141	0.396841776409147	0.0528680583317361	0.356718483471566	0.497442857394868
100015834	0.465847240951865	0.973827439236439	0.271834459357646	0.67920591563397
100004561	0.614957001278309	0.861167675324882	0.27204402826798	0.677300929922548
100020497	0.828602468288311	0.660842072155694	0.256594565065188	0.711662757710456
498	0.0497044792126247	0.313160910710899	0.262946275255467	0.762315064851349
100006051	0.864072970248227	0.83744071880498	0.274878430558191	0.67656072234986
1668	0.662205547799121	0.526531566733818	0.270195705066623	0.618786428869931
100004523	0.425435937113456	0.863819784657697	0.278039464678045	0.664921880989073
100001604	0.24425224544621	0.532385793611967	0.267873336668223	0.724864834222364
100001002	0.180480742083753	0.556596323802855	0.283108330251825	0.668359910054893
100001987	0.0612210132958538	0.278515056777468	0.806663014533379	0.537468112177167
100002462	0.609173735953305	0.342572045120385	0.329318694823673	0.560793478421729
466	0.589065344453345	0.0745053079643808	0.305567261034477	0.653598371456398
100000665	0.894551208299608	0.438165548380129	0.30384588809904	0.625429250909684
445	0.950791127112655	0.442744228128899	0.303821790018493	0.727946729887099
2029	0.155701410251994	0.518670518510817	0.288217779263708	0.68286085727267
100006438	0.125837105370602	0.248319763880191	0.312843131685705	0.695723482407383
100001398	0.16290370839847	0.583075903546442	0.251371564325096	0.702078862074077
235	0.432102067270956	0.455888907352403	0.238412634834108	0.716664325391299
100000997	0.717359165148776	0.758760898174671	0.277139946809539	0.661538316103907
100002094	0.251334813779207	0.217691793725435	0.23879106924362	0.538677600418691
1052	0.635530636839405	0.960036955757091	0.27603888692169	0.694459578870497
100020823	0.329581250619841	0.572784231047671	0.249847881788407	0.671588229619568
100001806	0.279451568498466	0.627823477912755	0.315581303946628	0.690977406892752
100006092	0.81441695409812	0.893286933453204	0.276546275771677	0.67145919631544
100001415	0.103955304905931	0.0667471526456868	0.261126571853774	0.39429612280757
100000008	0.0415965336301381	0.0725547042458528	0.302690216087059	0.515246563674981
565	0.00762980698499727	0.0517720088613861	0.276575299397601	0.755732055326699
100015851	0.147746106517502	0.194004219209576	0.362550267058195	0.812430857338966
100001866	0.53620241529559	0.885941021914232	0.285987724717545	0.665905331575511
100020546	0.00258972605445611	0.0298366008936406	0.521048061371128	0.865235737665635
100016110	0.553356917474876	0.427941345273826	0.226729072606572	0.774307850192766
100001254	0.00317414923027669	0.0133341501285663	0.339266476004061	0.905759195523055
100006260	0.399760754802839	0.839678084445168	0.276846719193701	0.677182067279031
826	0.659405329753738	0.835489193117937	0.272215559353884	0.67478229755033
100001872	0.463304204022029	0.836805505034345	0.271091214918572	0.681157154674296
100000263	0.341059048067423	0.376164856637201	0.331785835700642	0.674824028716188
100021198	0.81134961878628	0.0579563099886947	0.193043862291571	0.382343703110889
100015967	0.0360205674438356	0.0912044111957818	0.3336596650206	0.503824302013634
278	0.133764241940769	0.266453794942639	0.265946823961795	0.958863728028371
519	0.727818287688364	0.329194130116174	0.330838244371305	0.613797253623525
100009337	0.0890785591799114	0.283037291303091	0.350965655997176	0.673894440232782
100002185	0.37406081903127	0.846830753211178	0.264706158593012	0.665083247778484
100001278	0.380116045221478	0.263789778236517	0.338881610138182	0.630548118580651
100002103	0.84216530358788	0.596309100233952	0.271493629946914	0.628036660914725
980	0.768385648282371	0.445889091921202	0.308300921780586	0.657926860365967
100000016	0.85801483397069	0.439704606537936	0.269291933146421	0.654300160943367
100020372	0.189234086522091	0.510001202223517	0.267680019488895	0.622207433784289
100001662	0.733438004002983	0.122963911352593	0.0963086756866549	0.702680540807597
100019972	0.929225415682734	0.697611953645815	0.280664329577012	0.667414103500717
254	0.762418939111542	0.725305979323389	0.269711214269399	0.683994102390351
100002009	0.656759609377212	0.697300841329444	0.269603741946749	0.606892455897911
100010895	0.424322034787853	0.573005258788265	0.326207015695782	0.657650217475165
1140	0.919115686320387	0.959358502901615	0.270256178017184	0.677752843091282
100008951	0.63789074067453	0.550516467181287	0.288961523763591	0.644383291573766
1084	0.366422265635567	0.839161087794212	0.271530836552575	0.716983177122425
100002796	0.118919081594033	0.426227176430457	0.244944103092873	0.62835586044964
358	0.946619336940801	0.940946943352642	0.270156763085668	0.675362105493208
100002070	0.818263172968604	0.738954634230924	0.267202929588384	0.707302712100151
1628	0.373285320103967	0.142972710932287	0.341899648732649	0.660690936463613
823	0.684420570645774	0.516173657104771	0.238409263082929	0.739804430142541
100004414	0.460211226783915	0.0912483324088583	0.358928599807833	0.812314268611512
100006129	0.680182188352644	0.666821004975929	0.254616591615815	0.696491291209911
100002028	0.669558670071473	0.4477739944041	0.369895922045765	0.486988407039578
100021707	0.510671244315928	0.637389991545875	0.246946526576255	0.730777126667402
100000054	0.518908325479741	0.472528009834859	0.264688469461342	0.704794095835796
100010869	0.476742132563005	0.225327488090233	0.277938171141467	0.550086229235125
100004575	0.028850130141567	0.110651382334413	0.349973227578176	0.997122725240427
100001212	0.993018582014319	0.660695380793406	0.273116519107662	0.618707771953367
818	0.213968870542616	0.552521339124539	0.307091654918176	0.633518624685898
100001092	0.00160501403132513	0.0212632225621484	0.253084988672976	0.675093874358359
100020371	0.952733488378763	0.920872258564777	0.273858496586373	0.679601016190146
100004112	0.185525853838425	0.487878605216637	0.281924551527346	0.691601016588542
1125	0.466410048934348	0.378727811788547	0.310338466545487	0.709873259017473
100020491	0.874592957852598	0.446541351286709	0.231985162783511	0.687621716344522
100003151	0.00235497151307098	0.0243131931490129	0.432579411897081	0.553287697642793
100000011	0.322218342277767	0.14956278352176	0.202075454632043	0.788135259786889
100003594	0.466827762810636	0.997654574566195	0.278106062987648	0.6807164343649
806	0.759419239672547	0.145274568849285	0.261543238085161	0.479569015003659
100001211	0.952667157175709	0.583820307621057	0.286419355855409	0.659706130786604
100002417	0.597147483986912	0.579581028252451	0.260825307332609	0.64509880871649
100009335	0.549392791597523	0.208907048596701	0.219387537453729	0.706324905598835
100000781	0.70580638536845	0.982458446427797	0.271147306878958	0.67975381239859
803	0.0295766672949226	0.0315985310080831	0.25108424315663	0.558583965673263
50	0.4994801229562	0.725333506275418	0.279986231118882	0.664448351433473
796	0.429641646769376	0.0549178480766358	0.325803494639745	0.656679916237599
100005834	0.935475501192944	0.624745366910909	0.325088628901691	0.673018697200684
100001580	0.933982857923596	0.499243890443836	0.30004914395773	0.678659726731945
480	0.779694730427109	0.613079753944079	0.241951439922725	0.689074959242938
100001540	0.242786195759729	0.776608444088876	0.352194378994629	0.745198437354373
339	0.542408474789799	0.127898419627741	0.276321414000887	0.575407141330959
1110	0.940986154010705	0.923486164144108	0.273584084405276	0.672516019870927
100015836	0.173125934436502	0.195258564343293	0.392653013477802	0.850097296079809
100009271	0.537612795163857	0.516845188335796	0.303393170605308	0.660999972153326
100015638	0.992116100768425	0.432571031677182	0.287520278710742	0.659797412770935
100021667	0.932823993901976	0.47405929198766	0.303656683386452	0.663239829077955
100001279	0.587416656985929	0.352401381986667	0.301927799304325	0.80613784919813
100004208	0.0171056821694088	0.113119021982833	0.38696676541798	0.820972020996107
100003695	0.222286381616069	0.149363937607442	0.288040185040149	0.470224209055748
100000802	0.785002265438223	0.887153972282523	0.272861299250424	0.676527316951957
100002769	0.860911164374682	0.102631383522261	0.206416232787696	0.787283061474307
100015835	0.110489457645269	0.322678360903014	0.398276576323469	0.869338509754373
229	0.853293192530786	0.369184924869943	0.310099129304437	0.672150293018825
100001266	0.00672338809987632	0.0273611768465939	0.335370950285216	0.982725966975584
1342	0.298463525441041	0.35049434271695	0.233199769576344	0.698538732149991
100002102	0.852088953718348	0.569096426563786	0.303217731858906	0.778226089311422
100020254	0.167320376021838	0.579034821842468	0.266835195061653	0.706590155716934
1231	0.462581976588528	0.226035208786829	0.327201423144059	0.63062133777389
100020492	0.961337445520008	0.832159050230534	0.26755544847463	0.675712463512614
100001402	0.387012920625672	0.570398291754952	0.301547064893052	0.684678818896959
415	0.0057740440556235	0.0862095979916916	0.323793290458223	0.7387411990714
100003109	0.989971536094995	0.976293378300136	0.272049493201942	0.681303042703989
275	0.551899378485761	0.811435579887542	0.265629284760418	0.665883104342459
1143	0.159674177373484	0.0706179198706413	0.247738028320924	0.780083693950848
279	0.402555778837008	0.346195406723295	0.266090569362238	0.54995056978938
100001198	0.947248902307576	0.996767982992691	0.276201263685941	0.681855389155168
1648	0.398837427142175	0.956617742969515	0.271518838016225	0.681381892744922
100001590	0.315801104694785	0.276887056214671	0.270667245543247	0.592954729358865
100001733	0.387981036788203	0.869419616748807	0.268736434968278	0.693118893666353
100008933	0.0153000229520856	0.00217565795707283	0.370071686574217	0.636530127213917
100001550	0.35064328682464	0.492743693130449	0.259011258111135	0.625432467962228
1215	0.0688310898971947	0.213819207750598	0.222408165560389	0.637026287452355
100002356	0.271561764544246	0.114026390728624	0.336839661862832	0.684153894423815
100002749	0.692957682466747	0.762254173729496	0.276038926325968	0.687396933845987
100006379	0.160061501505909	0.155463082756217	0.306799575657763	0.427471885809625
100015966	0.0808664775918645	0.153690603127111	0.290772861396339	0.506754997423887
100001392	0.667495524409335	0.929330346607547	0.272916193889358	0.678984890794779
100020425	0.128393985140333	0.0524946691633998	0.237371522425597	0.437547913111251
100004299	0.310041886409495	0.79699958772005	0.287281819824422	0.730591340599775
100001734	0.586004099278951	0.530546849005262	0.284897251903312	0.620500594885763
1002	0.852706612547426	0.805827967423338	0.272646639864494	0.678986143056078
100001337	0.310560639189369	0.81854956903123	0.260335522727481	0.681501196625199
100001452	0.806507223946695	0.775720059417897	0.270682795020621	0.65317191796173
314	0.531495393032016	0.402698264538202	0.287081981017776	0.695977543015703
100009264	0.999107343931932	0.534549297886171	0.215768597612885	0.805279034493735
100004634	0.450079133848127	0.50874381140833	0.244983453637452	0.69682175631219
100000711	0.713432738241839	0.684054063819538	0.30210361504041	0.705534884719728
100020536	0.0167368475494024	0.0731397463104594	0.311612283424123	0.807189450045398
100004318	0.314362178745435	0.568533589648382	0.277062517780931	0.676590451339468
100005850	0.883683375807076	0.476163944354052	0.347387633650031	0.625405615635102
100006619	0.322328702499834	0.149731501869373	0.30860830515272	0.666020605762904
356	0.460217240378844	0.617757103365995	0.257549372730809	0.700315394801328
1221	0.565140811889321	0.602985912366204	0.362290897694244	0.7128216571298
100001397	0.757426229869114	0.768241775881018	0.274937884819963	0.670671071131877
100019981	0.627274053271195	0.906590682713865	0.274186209079251	0.695916117906829
100001208	0.431655205070616	0.25778429097008	0.240286208280953	0.95962474141882
503	0.0109797909091491	0.0101907103797982	0.169974530024504	0.514433626709842
100006375	0.144393213732977	0.613027872792402	0.295069929738194	0.659380845690375
100001295	0.734390113497556	0.643922029477529	0.266225449668701	0.763612278374867
100020427	0.0542669188352032	0.0275458265547333	0.265949999167901	0.379620907872946
100002784	0.479484751889336	0.376790459658431	0.242670541828228	0.740848510989704
917	0.055273622612473	0.194244367219052	0.301621787145519	0.626472722666687
1869	0.377736415214926	0.205330903853828	0.294674065241034	0.561447146693941
240	0.244167067060848	0.106551940895224	0.170742946064747	0.48449572934492
798	0.00509174760478443	0.0919039617881175	0.389434988200667	0.617613165527457
100002952	0.264441311603222	0.498712869135249	0.271388453382171	0.759578230011129
98	0.641215490516133	0.862944248360483	0.285509770537618	0.685007577986108
100008998	0.313534639914103	0.343765990987204	0.212906151127977	0.749510728014993
477	0.878018178571197	0.305376652130544	0.282622325984542	0.673283747327562
100020545	0.0839033092298083	0.145364765562606	0.329395514524197	0.838300309918977
100021666	0.978873843797329	0.253352096941716	0.331466623488577	0.66449405432962
1256	0.536772177661776	0.72948025821797	0.311697386578101	0.713197505237877
533	0.327530657188128	0.0811925778445395	0.198282860244552	0.43245496722338
100001757	0.449955698362902	0.930575792265882	0.277634912083782	0.676980521872262
1024	0.308254577301652	0.0912303844932383	0.187921407609693	0.862450021218265
267	0.469070268366953	0.968849115669327	0.273192167350668	0.679048395618762
100002113	0.100475097796588	0.0837169201456642	0.273058422759753	0.69940107934929
100001756	0.853438325616318	0.735132562748313	0.283672043823757	0.699439531642744
100001193	0.435771056779444	0.171676741645695	0.346004399303185	0.621113996962632
100001668	0.686922967411894	0.988867545251542	0.272918848343652	0.680386261895673
1124	0.323425445626625	0.319430878590931	0.24696442203991	0.769349390222541
100021331	0.169200980280308	0.329854792914852	0.263211462285628	0.715776615531361
1090	0.0610780095465062	0.0449010155972546	0.27311357613266	0.816417104402475
566	0.850550585757176	0.321660444810891	0.205359940290322	0.681970029262663
100003119	0.464054096309892	0.283328345429123	0.300642706882498	0.618164849857484
100006367	0.762918569633601	0.573878125422716	0.281076561682588	0.661026007897949
100004322	0.216997436276835	0.246678908405721	0.281098064556412	0.76485818921697
100001034	0.67277913920908	0.838219872321616	0.268438962595919	0.672856429433809
112	0.930127314898336	0.929449475676006	0.27289610731828	0.674077711863395
507	0.7402627165253	0.778554656806479	0.269311586379861	0.687860061285596
100009233	0.321866297150221	0.199619385090879	0.25049655820942	0.699402723821472
100000406	0.0174025582928988	0.132205054821967	0.42939039064174	0.483413601968259
100004046	0.364119312952994	0.364377154391037	0.163630039046889	0.613064398472458
1025	0.770410185350275	0.697310006637117	0.260713925439094	0.700234231841966
100001106	0.150558503462327	0.166823549142294	0.245451167859945	0.699879703923037
1128	0.0286542715315435	0.581202661223446	0.298375098879364	0.729646268113151
561	0.0489228550242665	0.187893579334441	0.19434751713801	0.600446964660992
100001614	0.866150615608545	0.38047658816729	0.287987930074116	0.655361565062565
100000961	0.838606972984262	0.966494445757744	0.297906573883936	0.679932299428409
100002397	0.899456609126133	0.612614852487612	0.269359206829865	0.615551551120665
100009407	0.963120159557666	0.981006736890331	0.272845019206983	0.683351559410436
100002910	0.910227209951357	0.578666142474855	0.244875002701779	0.613398215201207
100005946	0.25899137471135	0.353264134226247	0.32070770475401	0.77520280396513
100019794	0.094500999317284	0.293663567027365	0.277533947722715	0.835650080223059
100015759	0.330863563725028	0.106080086851862	0.231260401157413	0.686887923300505
100020417	0.722158213305585	0.580001232652946	0.251714521237227	0.655901819946423
100001054	0.721087244532805	0.95742488715178	0.274576305265743	0.680858987234211
100001437	0.312879173879306	0.323862005544408	0.228647770685417	0.605271498637428
504	0.245037566659528	0.716696902618953	0.322448352274265	0.688429117058321
100001988	0.469279247741583	0.661941404037623	0.26509043183781	0.833104447883102
1082	0.0262310509960321	0.567485517240123	0.298865388197633	0.715904703144026
100001403	0.310131605576125	0.329020403764017	0.309945171835513	0.657792709549483
100001664	0.932795743890979	0.555955302822464	0.261344910055444	0.847850180129954
461	0.267312961117554	0.212152008825083	0.443359206477439	0.651145557662351
100000463	0.690074079815444	0.977351875724229	0.275869673843233	0.68002948106822
100020208	0.579536037452644	0.542305734465924	0.309329764207942	0.572319333274305
381	0.540072423738252	0.0711418108416483	0.125678787267739	0.513212885343776
100010901	0.0810342478892291	0.0712343174275452	0.249810290451345	0.818543220926183
100001468	0.272755621467971	0.988482797670063	0.272181749667444	0.689528914278592
100000840	0.935940168985347	0.894325360755903	0.274123228497219	0.691931402209709
100020014	0.246502779465036	0.59752519326756	0.265293030773535	0.696174740526635
100001993	0.781807857667887	0.592565632866571	0.223197327503442	0.843801107421331
100001051	0.104623563899758	0.022039721738571	0.30600917142421	0.362371432639828
100006116	0.383471238125295	0.517475106071452	0.277485142468838	0.681138331896089
1108	0.956752769242718	0.954488105100561	0.27130869656676	0.686643356587649
100019966	0.360868908505504	0.138741109765148	0.332181048728125	0.648177916882781
100001743	0.628189299222424	0.416715900944034	0.260512670572208	0.666183731382164
100001294	0.125193806666842	0.194304320785528	0.191053705401933	0.742606958793147
100001609	0.269330117565315	0.116858992150687	0.253513667995212	0.774231816986346
418	0.79767125418708	0.984108034442865	0.272795688909844	0.684483510650525
100001178	0.363415111700567	0.902025133967175	0.270329711433489	0.669538533843981
189	0.984534815484018	0.641687574358136	0.242791747662182	0.644679602693755
563	0.519065859575995	0.773207412227881	0.28774127851699	0.663677857446655
424	0.58913873685997	0.439844444867595	0.307924413901191	0.660611472047095
100000776	0.132275045384116	0.319453106447572	0.302592168087398	0.688301167398116
1001	0.997594422419327	0.495032240599024	0.278484625292293	0.684383856944669
1135	0.157481930348739	0.0489251933011904	0.390996896061014	0.704501967483235
100021093	0.354339690041862	0.507731230943514	0.320074407902561	0.700070809223085
100020219	0.122260249380755	0.228559664430342	0.277680413900366	0.575972257966152
194	0.466993679250389	0.799212527660219	0.27948985413042	0.647050945538338
100008930	0.703171395855466	0.616397102334712	0.298562238619182	0.659766075693867
340	0.612964407717879	0.235000485972881	0.172080383301327	0.759643349204791
100010896	0.921444562449328	0.727511896815394	0.253245332771295	0.691445022946747
100000787	0.209775889831609	0.0986631589170192	0.249424768013145	0.390037316986412
100000639	0.0321288111059457	0.217629898781192	0.241240481282007	0.688915508328805
100001851	0.954011689496868	0.223745379223447	0.290108824533974	0.447379974981103
179	0.541790255419944	0.66658794499635	0.270948633460686	0.692336033757236
100000626	0.4158354138699	0.763472225245169	0.282093043524463	0.681414433744072
100001605	0.00872455481563595	0.0780501982002592	0.323934871918997	0.794959356469783
330	0.254246269576744	0.431045027301527	0.293002088672003	0.553482361863333
100001162	0.752988102305241	0.591055451825792	0.244173551404496	0.647692851183195
100001167	0.0436541382406701	0.23334219815354	0.268556639268779	0.662354477293347
100002067	0.572014944702536	0.796126479392083	0.351806354812439	0.628387814533235
100019968	0.64350991488241	0.355478954699005	0.299528390291672	0.615928451191486
100002014	0.949383991228858	0.977215943645212	0.27121155789351	0.708578503586386
100004083	0.446161903748105	0.141510329137066	0.303561879316574	0.546604401239929
100001315	0.307016004912122	0.387366926739937	0.283298364059648	0.750132850140722
535	0.233315683473668	0.566878463615522	0.298304998281399	0.671506484454747
93	0.42426861236345	0.270968060735403	0.301839660080835	0.525303834407606
100001989	0.367640629414697	0.613876532146647	0.247422489184572	0.727674579632734
100001740	0.755479719280581	0.409144178893285	0.248701088506089	0.69974972021185
482	0.212131358088419	0.969280808226242	0.271314971334915	0.679255345663741
1629	0.26617107115408	0.425208149661716	0.325254793493474	0.657415996948236
100001399	0.443305117909139	0.358931125885537	0.301339271739747	0.674520973901861
376	0.805198623768139	0.15424022734843	0.165746409428365	0.791849308746407
342	0.594982472780619	0.596696682103795	0.272637177043404	0.677393497405039
100001253	0.0263212146364314	0.182578788063666	0.231843195527392	0.891673587234211
100000708	0.625327093936539	0.794501311193464	0.287724339663523	0.687771304170357
244	0.199171558668492	0.0544044731762103	0.219998057891991	0.803168331341392
100006726	0.409866468831415	0.281995826977513	0.320073209096885	0.665728836451258
100000036	0.1743143611422	0.657988929908029	0.253782095467125	0.717755864755194
100001257	0.0232306548056023	0.0869842554539726	0.370562952810411	0.949371966577574
100000445	0.619914977786831	0.657562897641573	0.295482243673345	0.642499319508647
100004088	0.00441966532006466	0.125099700858314	0.302757196218843	0.762966500940613
100001423	0.993315432299835	0.764362803063831	0.275365844074349	0.6549602661933
100001276	0.371386265070897	0.282556016213715	0.245154132883431	0.598531962804113
100001876	0.794791767482935	0.898969847902918	0.268914026070985	0.683090326507733
100009082	0.619335117407348	0.0400737014857788	0.125336463206773	0.657725811862284
100001121	0.243346581851757	0.879715957044124	0.274736126081839	0.676562213689281
117	0.321189061835212	0.632068332746813	0.25550797646018	0.70076570585402
100001868	0.0363108962333641	0.112283099016868	0.329858438090151	0.685337458833913
1134	0.674940150331492	0.286330856167106	0.181203630288495	0.652536574432168
100021012	0.257346751167581	0.48416631269042	0.280381388708234	0.704870514652135
100001181	0.7598623008927	0.257898900881611	0.338446950412266	0.609845857898779
100021467	0.727655009771775	0.289357973083989	0.276323134042113	0.588214929166692
100000447	0.234552824469038	0.24541559316222	0.314678061978312	0.644725945245762
1162	0.000501558005078539	0.0125237908051995	0.342504550269436	0.586105633557416
100019982	0.485502067388465	0.481741471863903	0.281303765569224	0.665883181119368
100001613	0.989813332042502	0.455955924668658	0.290212748095315	0.647989184886072
100006644	0.397910671780161	0.618851934232763	0.250090141305775	0.710938881825983
100000096	0.590252041076542	0.0284461662810963	0.178728885914443	0.651549589026196
926	0.44066267038083	0.773185361146608	0.282494685634463	0.681634823256317
100020004	0.845109110174744	0.693512295564445	0.284029231980842	0.680170705292341
363	0.182054024480838	0.0413626593063971	0.239977191259352	0.261574680238397
1111	0.387559166172759	0.975057908662046	0.277640414782021	0.705072291027987
100021712	0.677241034762105	0.819530275702112	0.27256476957805	0.6675864374722
460	0.827869551653543	0.69369133874814	0.283357622747938	0.718508638341147
100009331	0.341250010976461	0.213017236257861	0.245288160604552	0.709578365040775
100000442	0.222346325030465	0.674209925521245	0.281429003178645	0.70769785712118
100002945	0.0919183189577685	0.0174866775299853	0.357801251177732	0.636539215409535
192	0.888366102013838	0.920894015781816	0.274554349240071	0.706301846251409
100020241	0.436623862921551	0.934476160282249	0.272333481566692	0.681550926888123
100000580	0.124671946981882	0.132320383836802	0.245464440250092	0.911522182084277
100002466	0.00858633320697965	0.0269220591391315	0.213066083705779	0.442194689757334
849	0.701543775664053	0.567240507417771	0.265948970272992	0.631101890273739
501	0.505235382962592	0.384345530128251	0.302757216466792	0.636667883084325
100000282	0.684248460822983	0.138891368888841	0.345545545416406	0.576823820808603
100001577	0.0281775239708891	0.178436207413989	0.359666312572974	0.75298614142475
355	0.093657194992526	0.292737854370643	0.225532243791265	0.580798680315529
100000841	0.773718452157071	0.990771127267389	0.286156626804392	0.68481763334858
100000846	0.818976625017476	0.353762719004711	0.263345777328429	0.673479184553797
100004295	0.889125789919993	0.419803681586872	0.260686568209822	0.627391484694812
100001586	0.104137751556486	0.0451992290226651	0.382183532871404	0.341719893061
407	0.0123552816466608	0.0311719364786937	0.293283880950163	0.757884792414228
1137	0.828724486371066	0.721808313013407	0.261740166439073	0.720133572363739
100021374	0.0357007859878284	0.0155553506700069	0.218041068520398	0.923765611767284
100001593	0.678803599889517	0.837638105940085	0.266639854093459	0.688428645073344
100015971	0.756777371883731	0.774520609529182	0.268785867417678	0.677475430271805
100001022	0.34301782942488	0.17539736435996	0.172795591005154	0.945155991098118
1094	0.0610868439145064	0.242091929478648	0.426813939106418	0.905627827618841
100002122	0.257782478555579	0.241288185486555	0.220279035426018	0.785963152667935
100000706	0.604386952459925	0.569531558754591	0.233936344544051	0.681701272035288
100001055	0.797886929579371	0.380090645786079	0.245729439097004	0.615594841909507
1235	0.467400914523527	0.691050044630966	0.255713746151877	0.716110492530491
100020204	0.0947648772967908	0.538874675664422	0.296534611356669	0.722047681888769
100015643	0.0337155279231583	0.286235369050023	0.291506243402717	0.635364666287151
313	0.0211466348198765	0.254582778803498	0.281861726365379	0.618751193750011
100001413	0.818549959835248	0.924973572035107	0.272061733301241	0.674548517289874
100020423	0.0194236715164935	0.0160884150685735	0.307512831928992	0.355918162540605
892	0.461874040582959	0.149888119241238	0.307343285361333	0.705532378592144
212	0.0588683200480602	0.107925503936034	0.37106965810205	0.652472934064449
100006105	0.189878110514163	0.18191124315004	0.313707454167483	0.692251632575351
437	0.818393160706042	0.527509230882719	0.256586853730391	0.694122249719543
100019892	0.445700928562602	0.828516243313116	0.2729339104552	0.698085785355377
100005716	0.0744185500518679	0.105236338074737	0.299437816992546	0.761378891204371
537	0.220093734035772	0.122657665004842	0.277816876484373	0.708860975199214
100001990	0.285417282946416	0.616607190352232	0.316592816226972	0.631129989055578
100003397	0.0334619329759754	0.00396248771148884	0.218071644938076	0.432449921401475
100001320	0.11604731071254	0.205216462076827	0.343170386896831	0.436111295847884
100005717	0.134335052643962	0.0916961855003054	0.31938392090544	0.713107075315501
100001207	0.0304373603439821	0.190868886566757	0.322965829000457	0.683499284907517
100001999	0.535680799644633	0.822893839010652	0.263371500731047	0.773858862585075
100002488	0.156449318870274	0.0133375936306174	0.452997525875837	0.572952606912506
62	0.198250395934705	0.665669013798448	0.263767436737348	0.686856640758259
100000467	0.595541195608967	0.429572461453396	0.255534392948033	0.655008359408794
297	0.0053609756560169	0.133033282096617	0.268929632134002	0.652276017584751
100000285	0.0291233881617242	0.395640636512619	0.272887496043079	0.777888169087682
100006056	0.0626489138477305	0.378496293499228	0.277043361059713	0.729749013718914
100002126	0.130807261967603	0.2570494192211	0.209313173342704	0.993365566430239
100002129	0.772977099937651	0.791439661103234	0.259959831991347	0.784359138912416
100020478	0.0351977576727479	0.22241704130362	0.243874606386828	0.711781541958908
100004089	0.0671507279350611	0.562170217584088	0.28554583020238	0.640303716876381
100001755	0.502530781161595	0.608229587625388	0.275064111299248	0.639319198852718
100000551	0.0309904773944548	0.989606268505023	0.277434411709131	0.680750398960552
100003260	0.485769449097004	0.317253172316019	0.306455407727173	0.756636733770452
100010955	0.839742354489791	0.387839681112667	0.214201217033491	0.574116637912519
100020851	0.21600389219012	0.452544195308179	0.292458986098819	0.703841659151375
100016069	0.639349166356624	0.773800497255005	0.275326178098579	0.667379287059986
100002027	0.490061683085252	0.53740146987091	0.209945935967526	0.796510265519221
1123	0.29924430952433	0.179605604474845	0.307001110953141	0.798248932546755
100001150	0.706628766871866	0.956194501706324	0.272873263979383	0.682962824828221
100001657	0.289625589008622	0.703763006306355	0.276831631103235	0.663122832851342
310	0.257320055756501	0.356613403316748	0.240829020842811	0.782205342401494
100001314	0.355315469909117	0.129492856067325	0.247117070793421	0.565746153430433
452	0.683353302083844	0.607679521764926	0.309982656378025	0.649471500026562
144	0.0936790825549692	0.0611968970117907	0.344640124355009	0.542690102981022
100001182	0.211519190106042	0.157668511445846	0.33919694662281	0.66234912618062
100015965	0.734039319415552	0.471094087803491	0.261027398464989	0.750179322149322
100006108	0.946611638337813	0.486275856602499	0.280076618306627	0.717269266345567
100001400	0.695074548074094	0.616252885691186	0.26120877863824	0.667105889790406
100004541	0.289312223850426	0.196307451883848	0.251859501092766	0.430771384700741
932	0.832112501381225	0.360409089563385	0.284775180067119	0.709947397944598
100001992	0.436562447414796	0.561931430170227	0.385769104864422	0.582478083504358
100009252	0.127818991972816	0.182596132879209	0.325626539028846	0.663457492655781
100021104	0.641761040211863	0.559934720005079	0.222447552250232	0.81782829967444
100015838	0.010156017492618	0.0414883126035938	0.407021477526621	0.920837050631438
250	0.000986047639182115	0.0243678670556287	0.508024235683504	0.775570567217886
100002537	0.979505194861944	0.514092224729661	0.256069723179534	0.784024824574083
100001658	0.809708809882066	0.696546336518603	0.300590836540873	0.666097622094041
100020416	0.288097527481336	0.365333916230443	0.246072892212708	0.653384473934892
100006642	0.231453813324676	0.723806876024886	0.256876996304205	0.709868841010026
100001391	0.0952004979116785	0.326712505289483	0.355744147195451	0.793401751113734
825	0.609009656884805	0.636274270019177	0.24112188268723	0.69308383220182
215	0.0192358187003521	0.10434307699596	0.314786314075705	0.668405863148219
100001026	0.995278896560742	0.884088934622102	0.269777275149255	0.716044927103274
100020541	0.404181828899319	0.485264060097232	0.250221051161657	0.713183458946388
100001526	0.216500524123685	0.27520512005588	0.405131473020906	0.797465618055991
100005384	0.506034392289637	0.387584324018891	0.246793813400888	0.600103865096382
100020378	0.259505432068944	0.692732471827378	0.26424913762126	0.684965877668064
100006115	0.974746478914304	0.369547252226418	0.356912612629243	0.567897629534206
1442	0.213050384471246	0.0448006091365832	0.116981251603033	0.565640410035596
100001843	0.144472050066339	0.201882267656105	0.299673492519587	0.767520789253056
100015837	0.141214040964556	0.273601380049191	0.485226537689914	0.62714947803239
100010834	0.72862049788789	0.983306009910963	0.27179065574115	0.680129646952737
100001393	0.595278295880355	0.428508388699097	0.218815843857336	0.720774367357167
100000015	0.319855855050215	0.547460721471387	0.254433449274223	0.701280175594467
100003892	0.0445356506127603	0.0511529461466974	0.25389003558386	0.929509485025944
100000042	0.180795172626641	0.0242571424444197	0.288929077421948	0.589172009444583
100020550	0.583273001394307	0.212766290612366	0.291000444026539	0.577041310329663
182	0.437586892255764	0.353225978076665	0.259507889333825	0.704339550579651
100015723	0.139269941877641	0.425808602470962	0.271413158560427	0.665249641046646
100020343	0.387809068853636	0.482278589500143	0.247921421969345	0.682223798261066
512	0.360659479410978	0.633482220033743	0.295156600045676	0.654644383909931
100021100	0.782072009054951	0.723304491220091	0.26019582219332	0.685571535081132
100002528	0.319681525051384	0.0646313268138776	0.328309571162246	0.455112345683198
100001287	0.460759814915546	0.759731197481425	0.363658422001975	0.629775229621574
100001229	0.723318450278482	0.869746381682522	0.281246551242853	0.668526517344358
181	0.384821046586081	0.865192882046377	0.268182234330603	0.700662754644367
100015831	0.00149445691753434	0.0209992388790558	0.391979944957444	0.461960122410883
100020515	0.341929016042337	0.489643700931178	0.228025030402605	0.821921705764967
327	0.222651950057888	0.256375412623683	0.328344942777768	0.634396601239885
100009394	0.66971823076017	0.781478525914758	0.259491961891007	0.705774424135712
100001596	0.912168743885007	0.239179824519442	0.241481525600463	0.516706665190865
207	0.85066188659729	0.458084793418054	0.279761081120041	0.640152460835095
2054	0.503290808096837	0.786818219791385	0.263728973036066	0.695078669626293
100020259	0.662104175563059	0.56861026746104	0.296294723992006	0.665546700449567
100020414	0.00292125674490093	0.0401396507518565	0.206611528946509	0.649048037387724
100021131	0.861126214074012	0.256969878393042	0.257212965386681	0.63822135191303
100004499	0.842179969471393	0.762677301463802	0.266733757212049	0.655972101389192
880	0.170600876709797	0.760823405070817	0.293881299596028	0.676959055404474
100002049	0.509679812806317	0.306661088557901	0.298987278875292	0.63153171727312
100001739	0.528687216947288	0.239070155511093	0.355236290970545	0.636000452424853
100001126	0.383380796434381	0.127925267431181	0.186079383883867	0.54217934156488
1113	0.640779710848278	0.801198401720667	0.285474398770271	0.650336882488903
1083	0.980571935084844	0.297834351822835	0.295326293949708	0.588741161923363
100001730	0.0808434175747796	0.190532308695229	0.315336030319457	0.558098878297931
100001412	0.591695998887548	0.999385599288373	0.273423420022291	0.682638993652172
100005996	0.734704718126097	0.574887415344177	0.264190925042771	0.649919312094304
100015962	0.00746087011711372	0.0953971149591511	0.208363142844943	0.980884168448314
100020214	0.701500965410478	0.437900788226955	0.293744673603667	0.602596107389082
100002514	0.121155186415339	0.333362164084172	0.282672939283416	0.618672008508476
564	0.190679947908172	0.0526103142577192	0.244940794426962	0.554705580929922
572	0.0241432695818761	0.0198061491468387	0.39441300179235	0.546969975796146
231	0.993787966542618	0.63918368300184	0.246476577455176	0.698546153791798
100000453	0.859057251390563	0.711074631206697	0.266763396481265	0.714189517889745
100001007	0.114989929724827	0.236932877350611	0.320136988347348	0.559519543420829
923	0.608507208974532	0.317646504399083	0.255279842137892	0.736995830479242
100001247	0.447385179756171	0.553291867695895	0.258865187730242	0.66457562169916
100000774	0.555036382285951	0.882243642494916	0.286808666349511	0.69508025447712
800	0.345782703795805	0.342267605130729	0.300987259888698	0.733901117468699
100021678	0.270606576798791	0.394404667927768	0.231672852700032	0.676763403121202
100021711	0.432747823708578	0.839604173383395	0.28775426790813	0.688564150641172
100001274	0.78357287327655	0.38566214872047	0.256742597441037	0.526038689339955
100021220	0.131568510979368	0.161977454360627	0.349672926559832	0.995725477274971
100020253	0.401100406098721	0.973281220094736	0.271334527115748	0.68267576439199
100001170	0.766824574895506	0.180436193378825	0.254609126838901	0.581674050070186
100001466	0.262998511487955	0.874249955925775	0.279695561570554	0.675547740569904
100009406	0.720040036791922	0.6724317196437	0.261816198941714	0.697356171496063
1026	0.198460473357761	0.45093142137864	0.286189181939912	0.64899681888101
100020837	0.726938775311755	0.394530766110671	0.306376761312099	0.587538098101033
100001006	0.0699244805968404	0.0817754668532706	0.267242853752087	0.80247103801138
100003674	0.758791777372855	0.125324254553948	0.271019428990549	0.668747115342893
100004396	0.328771044490776	0.440800338936907	0.316638732731565	0.579530874347764
100015923	0.504858368747805	0.899664783644162	0.293765371716899	0.671765711938931
100000265	0.452342854595338	0.678192516936255	0.280717379050737	0.648032851521168
100001409	0.0823181119471279	0.108381698492701	0.259348584870498	0.519207197818613
100003434	0.402819495180943	0.543270160913551	0.278990222488806	0.608866633434656
100001334	0.619287435658246	0.0768268565108837	0.340325292036819	0.559501564286871
100001102	0.707602772521868	0.768211727111433	0.281748385538581	0.661411132262375
1268	0.603958060157245	0.065533819827222	0.176072475429258	0.629345638780769
100001300	0.23757235838057	0.0894124612917644	0.238411313462665	0.686373085671977
100021324	0.250189344729996	0.724390173803906	0.344221237078614	0.672113434500358
100001617	0.109587681220838	0.100706100016206	0.263082308840117	0.722426700402487
1105	0.941442892497067	0.163309084517602	0.366743958307174	0.37702032086714
100021502	0.0634036485476999	0.273137618916986	0.262450952729857	0.709777744773446
2051	0.824271978725476	0.600210534345234	0.274560264073841	0.58544345936245
100001256	0.146647277436698	0.504332557544599	0.30168984797452	0.817821452479921
100005466	0.0623738713187962	0.0803563975976119	0.297669724346594	0.477643362894347
100002199	0.12501435215534	0.707722593244549	0.279777484166627	0.702301227981174
338	0.0160497573294745	0.0469820855757727	0.431384775947227	0.44714689726377
100004243	0.459407496637933	0.591748518407879	0.257461106667471	0.689932854193055
799	0.449741587903913	0.919034549751909	0.278571224332531	0.678893269382726
100008928	0.580319395209371	0.105342222506	0.278027069948832	0.668246395194814
815	0.0838722023373846	0.247985322473288	0.269155617525606	0.761006773123142
100001456	0.00575592236587211	0.0744411839295234	0.253449175551176	0.607507220787733
1242	0.0806714163382421	0.08340684471068	0.328016962740812	0.483856116503161
100001416	0.289121674759415	0.104781690164492	0.183357208335004	0.428571370772931
100001462	0.375767335232429	0.342207822064896	0.325117265348435	0.63992177149658
1087	0.197278219215108	0.043350002181618	0.287124176546532	0.644040789659614
100020421	0.0739088642147203	0.114957466059431	0.314422497491483	0.448758152026052
100000010	0.00423209738666844	0.0475449235316532	0.294087114259786	0.736010115048142
821	0.528540180747252	0.362016460107891	0.293933727793709	0.531339991770235
100006627	0.261382827621555	0.142218891705261	0.377574390482177	0.580159581746111
100001277	0.355204354906661	0.15708278977103	0.326537865652715	0.635579347796961
100021141	0.0428839902516608	0.204455530210819	0.311392182591618	0.774321493789009
100021105	0.184301729640478	0.289719571709075	0.295162837506489	0.499958445918296
100001950	0.000376803590760902	0.00745362410520492	0.353526233765315	0.845121110166121
100020217	0.901038452579165	0.289390974884692	0.188579285402585	0.514667296370664
100006651	0.0265752734809797	0.171244857019216	0.322760731872355	0.444756346869666
881	0.960793495095903	0.437695263365956	0.259660456430813	0.692345102387564
100001509	0.657701813779661	0.136684159237877	0.249709017386179	0.591258679099939
100021709	0.6021845897301	0.847862142332389	0.266620557825024	0.685882041101969
100001635	0.302943413110607	0.0364313734953097	0.289542784827831	0.631177752332521
100002613	0.450584952166511	0.120985332215385	0.253478083384942	0.766084144394725
100009329	0.555753552289504	0.698537401533652	0.247814792245135	0.8066967641835
100021123	0.885051282864632	0.626039373840941	0.278386484578365	0.602652182016556
100015760	0.256950530114756	0.168996318369449	0.226139737965614	0.71561940614809
100020205	0.390462224704424	0.423953516219484	0.315747739955479	0.51130252804238
100000765	0.560237360719833	0.650251442721046	0.267698947666282	0.650757456007951
100004111	0.327528510572097	0.163831245458725	0.30168633344307	0.651186717582561
100001615	0.196683093062779	0.81341848747948	0.271795066048473	0.678784015848857
100009227	0.204356709698206	0.116818052885318	0.379303329163468	0.820666439746976
100006191	0.383760304556846	0.578154249271019	0.298836949358684	0.62978133026714
100004542	0.462951787096138	0.36935333174207	0.279087790500594	0.730390756338864
100003686	0.308124217983127	0.129082184131678	0.377318168530976	0.61894596650932
100009232	0.0279065048861655	0.218754569029504	0.264555173613325	0.59022530568734
100001501	0.048661299170679	0.105187650213134	0.357045981242207	0.717134170142851
100002367	0.501893442419479	0.245662157055386	0.257593408900107	0.52987282942669
100001108	0.340488318521764	0.708395676943137	0.270735024477305	0.669672914068002
100004227	0.716802882378079	0.988354270819506	0.27194698233814	0.680796894401739
100001310	0.189770605630746	0.295975934265994	0.258286061690409	0.792076334947621
100001994	0.832466992859744	0.904437010173705	0.286244703883595	0.744510669554597
100015839	0.0128993229465895	0.0144049717029107	0.36762412276923	0.76668714455534
100003271	0.00543243022855245	0.0794333462840375	0.343402357789946	0.489720581044886
100020496	0.859549144742723	0.892800564336528	0.267953967490923	0.690906399760051
302	0.700431444959661	0.450923995991335	0.245430549137292	0.647935249877539
811	0.745305432090946	0.701777335907358	0.264980452993754	0.720963460525498
100001267	0.981319182725882	0.71070208005871	0.252154493612689	0.67364120682076
100001197	0.0259351683993171	0.355185675476247	0.307192582709686	0.691725192093655
432	0.217593347427397	0.468252729227056	0.287723823503962	0.662312907647207
444	0.0104510206522117	0.0514175345128	0.305415456924585	0.815559373230123
100015968	0.349757309231969	0.37463423049634	0.263493881852291	0.609605909884064
828	0.898815246751524	0.897373467904661	0.268172968564984	0.685046344747356
100004054	0.252910340507792	0.838803644395491	0.272114223753497	0.68710374623658
100004635	0.0922257612312535	0.142432951519023	0.610990505671492	0.419803964101965
100000491	0.45958721736975	0.575642397861025	0.263920540202334	0.588143577399659
100000939	0.0448891151551651	0.0324311668023985	0.280076950619834	0.57752117676137
241	0.221441104029692	0.646435347925171	0.291749118369468	0.697633764489033
136	0.357837090702502	0.0663888152497691	0.240121018574396	0.86424903497324
100000792	0.576249482541661	0.959283585105483	0.275395285336832	0.73288318038235
100020973	0.567990625051128	0.620297464972507	0.286051207716083	0.656166993310601
100000936	0.760074327981276	0.851736932818453	0.271558477643762	0.682596745840184
100001313	0.00785316998176519	0.152694307803073	0.286103331702801	0.734240980342127
100001951	0.0476926436435934	0.0911475443938974	0.298681506803922	0.67546006409168
100006098	0.0172469384233034	0.0846847066290857	0.292013014863307	0.805321659839502
100000007	0.235893202275829	0.552275714579484	0.282223883550212	0.685261091626649
100006641	0.901810314639867	0.888781123533515	0.29086866460355	0.681366744216817
913	0.0112657571756053	0.0614801311610581	0.330183652567204	0.548928172432293
100001579	0.801297220495021	0.422817840021413	0.301346642713151	0.680378381632728
100002911	0.132846309450245	0.0115716790625272	0.408122549812656	0.617184406403923
100001293	0.262745891048882	0.388269468600284	0.241134006103975	0.814962287301978
100002241	0.209178877544073	0.50952608583356	0.284914527590844	0.649446529913979
100003179	0.406705883857513	0.0841944421356459	0.265811794508919	0.532818462404625
100021372	0.331204140354347	0.218296466704556	0.195060047805945	0.690475655627359
100001956	0.337072890683888	0.530901772362311	0.27157226377527	0.598960611783661
100021162	0.205884951584765	0.162894813556226	0.25508310291434	0.507935727146577
100002259	0.3593825120086	0.643138311843726	0.254440100267565	0.673192342708999
252	0.429802526325311	0.595685049467761	0.303103618534573	0.628196627947351
100000707	0.441678310923415	0.35089397644143	0.279304740984479	0.682712589775115
1489	0.671301307801032	0.0192352780670325	0.196708970995236	0.658646983648302
100020361	0.0284109480898668	0.08544660126688	0.309066683327189	0.965647978909448
55	0.746497091195837	0.917647989370737	0.271143237455531	0.689049608995553
100000863	0.185017430825303	0.138678448991759	0.200192674447218	0.74428849094681
100015840	0.175024793083865	0.105162701670142	0.363840975308501	0.640831084741014
100001541	0.159086489248367	0.087835460822099	0.191410035172101	0.670477158385752
100006082	0.148683405087665	0.0521954029359438	0.364093419545011	0.670725888320922
1254	0.670921719909748	0.935028210654995	0.280913392812316	0.695566686085054
100001624	0.503928491908725	0.362289552764995	0.256276175259454	0.657429929305797
100015850	0.905893301051711	0.606458177812201	0.334401477844035	0.646088416201017
100001104	0.00289697277175449	0.0124401238096219	0.274965729464186	0.986654397403997
100000900	0.124814284886597	0.405193896771724	0.275470415422581	0.688062427340635
100000269	0.234172435726668	0.0891979878156689	0.165225840561088	0.639415105496361
1022	0.231441796313949	0.941683285417507	0.272956858955527	0.677052590378334
100005373	0.210086242116624	0.0782005752259383	0.245115504984965	0.711303279192713
100001129	0.126243019511803	0.702398550779121	0.263317117980605	0.710710768514383
935	0.0124400727902708	0.127599802498939	0.349972501232704	0.546329480057396
100001262	0.15400704854756	0.190111121796617	0.289924493673645	0.703464647417742
100019978	0.314817596015091	0.594475930728959	0.268890357896165	0.663246412634436
100002293	0.727611523518514	0.769991160762654	0.275747144892235	0.681738426575818
100001426	0.195198309981243	0.254189130772233	0.266768561508826	0.51805775603125
234	0.0355861834660493	0.15639304457733	0.265855140736022	0.65903413205266
100005403	0.249182451347033	0.9653343148831	0.283538983513871	0.678881339089705
100001083	0.0402196421608214	0.344108908262713	0.308456004532852	0.697370060997425
439	0.709901858790031	0.327478266510792	0.295424028872983	0.674107681245772
100001086	0.339646779974544	0.404153496910631	0.279823137192671	0.765787478400028
100005864	0.735157700196845	0.458213245551429	0.250708403242024	0.746631717566139
491	0.515326462183976	0.989135904090626	0.270662906224197	0.679922419242161
100002029	0.467999305137048	0.42843456344792	0.26195368865114	0.548019731384967
100002154	0.806704524301524	0.457722925142692	0.241481052202949	0.656214535876643
891	0.497567397545516	0.204710223130489	0.310763186004232	0.646142931219465
100020261	0.381411343234027	0.446282049324363	0.32473907229615	0.654758981099516
100001296	0.514352949665439	0.475431461700236	0.271436627802771	0.57441951949687
2050	0.476302997199096	0.523687531305063	0.291277747320438	0.62523671449294
100002761	0.342597461724172	0.705317012053497	0.243708044250181	0.804142711795755
100006614	0.868522511950446	0.644716844957281	0.250884628162945	0.747595306082009
100001597	0.891676503885246	0.141528199516232	0.180551519943186	0.486921901284072
100020853	0.775359376129104	0.861125786068394	0.275310456205053	0.690572949060017
100001446	0.267823886935682	0.408488678908188	0.247777917545642	0.670474650207278
100003240	0.295582380609452	0.12485779789861	0.311398721421189	0.599683657101168
100001502	0.0271751554641952	0.214926824112917	0.319370786826521	0.775618852046088
100020866	0.0958041948281553	0.00884015688340253	0.154220700269342	0.487627400891705
100020419	0.0332615749889901	0.0991454399730783	0.298000210051522	0.431539415219973
35	0.530214031754725	0.30250026801389	0.247795150972213	0.628334212120965
100003696	0.0141029795615932	0.05756109311058	0.397834118871229	0.620039181369766
100016038	0.788137608167811	0.905751183516424	0.268340767233502	0.669549298848328
100009333	0.211240847551828	0.179300167986696	0.272702530104301	0.707739988294962
100001611	0.156242633706981	0.347028376739045	0.368463334668052	0.652679763009898
100005383	0.657730473821173	0.300473302406393	0.285623798423422	0.720678940508105
100009239	0.304166986047228	0.128411867602521	0.337104627240933	0.501278081738605
100009332	0.339700793775042	0.252141708367093	0.270291344950644	0.64676456637885
100001731	0.156421876756094	0.658317496388881	0.280961207807398	0.656427007534137
100003415	0.350398432963603	0.430375022076196	0.257531620093076	0.701651698511313
100020578	0.136551237239631	0.196877995266394	0.257902123004471	0.574749575187024
893	0.823464129066586	0.557212500253698	0.273379728636012	0.690992495321214
100000963	0.312829120904952	0.209168777433966	0.356211364752315	0.48470364653656
273	0.140703042504874	0.30517769328604	0.309002979838407	0.680750192506475
197	0.462584375542623	0.398055345750015	0.257715976737297	0.557966354595225
100000808	0.28962955282425	0.229483754206348	0.264927252503757	0.832982372586066
100002284	0.744241125261358	0.368032462031933	0.176836659859413	0.625082065398979
888	0.961153972425439	0.102953335499601	0.324020312070763	0.652559605355991
100006435	0.529594611406751	0.357986056059118	0.219896045529113	0.964621610486726
100006374	0.194281542919892	0.53398088570638	0.278420339323189	0.671223216753914
100003169	0.552966010171312	0.941521205158612	0.269519453598188	0.67755155612846
1004	0.605833074624541	0.7797708106429	0.257489508010611	0.661647170820919
100005998	0.0965229641493073	0.905092894790153	0.287561037949447	0.687519735360159
100000773	0.671082950208368	0.581917020556526	0.28099116638824	0.664087442827089
100010850	0.0162150831295751	0.126402427087831	0.333346787418795	0.556651902331335
397	0.855562112288112	0.378452034156739	0.206264962982541	0.742782891050353
100000039	0.0727379160339323	0.225259229349993	0.220678441241934	0.737020228734501
100020833	0.72701789572372	0.779513383814477	0.278212293300874	0.719624046609442
1021	0.398624081521455	0.351444359750458	0.261595845541719	0.713945676578736
100020479	0.357145135447797	0.567305987115917	0.278099009458541	0.690975423148452
100001335	0.514147424817224	0.320328544600903	0.312633383395368	0.648130326192672
100000743	0.556554495034261	0.964975514855148	0.271322084530458	0.682470199675514
100009246	0.177204526409164	0.657224343594396	0.262878263811334	0.710783916653648
878	0.188364015243188	0.777455152338206	0.263282716651607	0.692540428980792
100021103	0.722240399703188	0.871614901969255	0.281722140605661	0.75202160601141
100021363	0.23736595915631	0.57146656822184	0.253710893618653	0.721392720554408
266	0.115927249398196	0.197402853475019	0.292482100815782	0.594849471105499
100001195	0.315166557640932	0.213874245382983	0.346685129893672	0.607253408350084
100019801	0.78295201864148	0.704142749550311	0.283379906706267	0.6677926850001
100002196	0.0316270422367191	0.222824448836366	0.270388196104255	0.6984777638933
100006370	0.239325779910489	0.973308363321973	0.270582245156157	0.682084393589433
100001510	0.0300413835369899	0.00396634537493131	0.236856739288601	0.776049077851595
100000437	0.507504986091358	0.419919116930561	0.271508253289607	0.748843328687326
100001767	0.142159338877867	0.0347701690728724	0.345484353899992	0.743358883433049
100001810	0.402045483958241	0.511654613381492	0.290148268744621	0.832118696212071
209	0.034513513370202	0.34656923447998	0.307159330042969	0.66849078888862
100001485	0.224343234628321	0.0794781693436412	0.172168676042696	0.593492423564588
100002500	0.122698937635111	0.450091342080483	0.276141770758167	0.651999860123682
171	0.0300893359555501	0.0242157297399155	0.198712670300863	0.68779360673263
100020487	0.97070105745493	0.824694672990519	0.288288406127125	0.6439936149315
1206	0.00729338178451809	0.119134163120991	0.274139274555889	0.733266616039486
344	0.0108718839080603	0.028971400424224	0.618084648609131	0.759298400138214
100001405	0.471106983004104	0.900795634443916	0.274249183583943	0.672412758647814
1239	0.975171956881593	0.50959730696319	0.30463107130794	0.683539064274864
391	0.0584050330037027	0.204436146347795	0.272980208026963	0.881619124125622
100006430	0.455643252452472	0.176391221666946	0.325226876903688	0.42120440817253
100001417	0.973614168597523	0.502455708498322	0.257690043691987	0.792131332070893
100002951	0.0559821336625164	0.472679721290552	0.2694423484711	0.601587676148409
100000014	0.425270553660467	0.593404097900131	0.265687626711061	0.720075255662068
100003926	0.566984802222505	0.471925898941625	0.293331329508196	0.662437457696012
100021538	0.501750637014135	0.359594405566067	0.318079562914099	0.593657210253321
132	0.325816863249693	0.935907235198398	0.272246061484418	0.680383601893478
100001425	0.567448813070218	0.505256847071108	0.334403247840484	0.615473536439842
100020262	0.617518794622503	0.657113575390961	0.291179829547413	0.668213167414839
100002679	0.347170611360851	0.680154763176589	0.257030572577021	0.753062637746875
100001270	0.729859618999156	0.561394121353087	0.280168015143896	0.657095824409322
1102	0.84492674844362	0.992844549313826	0.273173919411184	0.682501462741407
331	0.257882853613629	0.201761263164355	0.226882021730279	0.572618478061254
100006361	0.501664639322899	0.617306523494482	0.25269698769278	0.752775955250816
180	0.807706814452349	0.90155092173033	0.283278612844675	0.678101532926852
1053	0.298603599022778	0.448958466808687	0.421042913339062	0.744380769121619
100001359	0.671287935272988	0.920181295965093	0.281592243692637	0.67131846028861
