chemID	simpleLRM_Fstatistics	multiLRM(chem_sig)	multiLRM(sex_sig)	multiLRM(age_sig)
100021136	0.0349216173635831	0.301065570065939	0.293950946531044	0.541931182808793
100000882	0.755885822274224	0.69472008222073	0.273135537173525	0.436738646117803
409	0.10351080453161	0.166161498054521	0.304281802250862	0.269903834534676
100002254	0.732179069149154	0.0479961530579977	0.178310879113874	0.442553193819284
361	0.00841200613793424	0.096576940150157	0.185465927021718	0.426025796238968
100019975	0.573202982847476	0.725693061128115	0.263984131039757	0.467068202457087
100000257	0.000716076458198641	0.0183904194759842	0.264572309458377	0.39235710759535
100001232	0.89631837349801	0.995969969474808	0.267676821974948	0.453965944680687
100001948	0.23961455666335	0.210112940779853	0.288102857529827	0.274929945976404
100001073	0.616082329679515	0.626941328266907	0.339187798295654	0.391560685032906
100015637	0.855675922274737	0.508647013198405	0.280028256624637	0.455922362604622
100006360	0.591575421205341	0.710415782686087	0.25014874331662	0.508228290435867
1488	0.613812274905428	0.637511584246187	0.266152736000885	0.439413536734917
100002253	0.726935123562739	0.900442203629433	0.260514938750088	0.463494012013356
1023	0.961539749894955	0.676976638776047	0.259822741173497	0.436955516712347
100004284	0.69689012538421	0.819844150052622	0.258657373989469	0.458827724657749
100001251	0.626092904187629	0.924345716050762	0.261049146235504	0.450897159680429
362	0.659878101054928	0.51285906876278	0.240128513255716	0.453080812995154
100006620	0.742605550150273	0.91875471784055	0.263552370331989	0.456423508855441
111	0.371450710767202	0.166498607936078	0.220822361853291	0.428470586789977
100009045	0.614215663717988	0.291351257253918	0.218967441048735	0.586722238564306
100002927	0.629869068757023	0.816573800103463	0.256756232171693	0.472169309718908
100015641	0.674226577221674	0.831987363071501	0.254088352167205	0.462255047012386
1114	0.109375343588461	0.93518429662464	0.260736386327814	0.456508638545217
100020409	0.375074586373507	0.342481271886231	0.263221004574533	0.347924431634792
158	0.118493185574367	0.251328569161026	0.337089442239137	0.47560835061216
1224	0.0482573054767531	0.17969415918407	0.201398930690508	0.478914077632973
100001620	0.364411942837417	0.304310238287562	0.219234211312233	0.436420452669024
100020893	0.196267903765044	0.0274878424570856	0.231157069372598	0.178857360114953
100002458	0.707240442813782	0.591878180522926	0.300172910924736	0.417907068026344
100001112	0.713652622824842	0.974082133076708	0.263059966685326	0.4572949228296
100002953	0.344225026811364	0.766557015601904	0.259352928639054	0.461686071577591
1141	0.288322090189583	0.0332766562709069	0.347669972464068	0.266695088763012
100015834	0.329862321022517	0.884526491168559	0.267474931955069	0.458018753560691
100004561	0.902911852796267	0.673070396096963	0.254423854656921	0.433579189552119
100020497	0.855410438712486	0.512263443569319	0.230163470058476	0.466540860851977
498	0.0586032384134805	0.358292443273077	0.26164634731982	0.525455202806246
100006051	0.921874762848913	0.890751496261987	0.26568337359815	0.452088970431629
1668	0.637942141176126	0.509001502905969	0.258299585773168	0.404934279482917
100004523	0.409832578139614	0.806341639535766	0.273718748143343	0.435220686370476
100001604	0.225097211521254	0.529101813589987	0.259191480192656	0.489735927363663
100001002	0.319095912912044	0.743846424828139	0.271719112780508	0.461558189314172
100001987	0.0504631481226351	0.237136648727763	0.825166463475984	0.33334046778254
100002462	0.47017677447941	0.223493684869742	0.331646234078585	0.31303721036768
466	0.607566006193215	0.0765119517731128	0.289415375210814	0.440942405743029
100000665	0.775052586776183	0.495340299783634	0.293370405041901	0.422092622054535
445	0.886455907463152	0.434938056951873	0.291940886456002	0.493851727888908
2029	0.152556258072208	0.508624090485328	0.279710715698668	0.45518343325451
100006438	0.0958749555507993	0.217539550389489	0.310694411507151	0.452789328932279
100001398	0.17932750750015	0.61847981742096	0.246266103831895	0.471133071020711
235	0.0665393870483469	0.124456256133361	0.182554028177325	0.38703350668331
100000997	0.782106313406771	0.734975078108467	0.2650977751678	0.440292050005368
100002094	0.37084436133169	0.252964068598277	0.22428731877635	0.368625425090723
1052	0.491322973075653	0.82878593704041	0.253981078521507	0.483810365890506
100020823	0.361332310736807	0.604992510905487	0.247553239663136	0.446340058631929
100001806	0.236155831748062	0.582566897948611	0.31391157025064	0.458640217899983
100006092	0.876482768182148	0.904417637078224	0.266930067282067	0.447890383524699
100001415	0.0658827330395721	0.0325561336698565	0.258212679497386	0.172806116838657
100000008	0.049414090388854	0.0739555080030967	0.293373985326527	0.327972987310531
565	0.00532389948382993	0.0401811889871565	0.259754897388544	0.497408149122104
100015851	0.131986396648312	0.194895078671506	0.341549424073963	0.570864589317626
100001866	0.640734173765336	0.945540303244932	0.273270545035324	0.452669936790178
100020546	0.00153058013695627	0.0232464226865008	0.495459477460063	0.595209677888738
100016110	0.551760592832279	0.439491503915862	0.216995866210354	0.535661930041032
100001254	0.00696960339387099	0.0299599909383891	0.367303892971659	0.904671080489255
100006260	0.217530861629342	0.578902586496293	0.270429051251755	0.427398559704816
826	0.695116522722965	0.867608282078458	0.263547530941854	0.449597427608788
100001872	0.452854045929966	0.820292252275519	0.263879281610123	0.453078038908237
100000263	0.605016508017778	0.659147608025053	0.303588385042464	0.480029192090235
100021198	0.831476142899867	0.0482194949217465	0.171098224008195	0.217114965959246
100015967	0.0394499793882735	0.0889036436613163	0.328604939888116	0.316712212297583
278	0.0576254672287199	0.19182431368384	0.240348367547695	0.718870964116988
519	0.816533127872686	0.362242780682279	0.314126458924069	0.412710136646642
100009337	0.0868297063182299	0.291062966898031	0.365539791202334	0.432878995507
100002185	0.46708791395744	0.727530158208688	0.247675578403092	0.425519713249048
100001278	0.437367580632537	0.296322064758696	0.323610387156544	0.425479633317584
100002103	0.993316463669875	0.442822576744546	0.262036028089853	0.376875031941147
980	0.813519754361804	0.466011835787996	0.291366476794527	0.441784101495356
100000016	0.895902610667264	0.450192137004278	0.259985327796653	0.435079049695979
100020372	0.485544736781623	0.859736697014755	0.26143883723475	0.448013949491897
100001662	0.627439263831582	0.0921492915604802	0.0847902192025878	0.419971243823918
100019972	0.896153271782605	0.703436578979885	0.270229179294208	0.444942318174441
254	0.707684299484101	0.685128033631476	0.260284251090613	0.454159945579204
100002009	0.806384140834091	0.927810345913223	0.262914410358244	0.465368879092632
100010895	0.557742630518099	0.655941295508827	0.298028377384192	0.452238610893371
1140	0.955113178377595	0.891204123071543	0.261077249594694	0.445391301588367
100008951	0.651209482803404	0.537634793749692	0.281878251767019	0.42372862923082
1084	0.491466362872397	0.95534825227261	0.263363097344812	0.45997268345464
100002796	0.104216219543998	0.35085901069897	0.229816494008607	0.394502836929735
358	0.897399520827169	0.91256161786487	0.260702923779368	0.449102817350373
100002070	0.905365940761475	0.80540830542389	0.258505641969691	0.476766357318278
1628	0.34820481330055	0.129461386189357	0.323049027373865	0.436824628203328
823	0.683874282079757	0.549438771246003	0.231492075471999	0.500637922261485
100004414	0.477352416103003	0.10936822414469	0.343431295138665	0.579413802869272
100006129	0.661097103817907	0.647763004043426	0.244922740240826	0.466443927495898
100002028	0.872057644988267	0.526364418773733	0.353286781427964	0.347485634384462
100021707	0.483887698275997	0.633050127079193	0.238183030465927	0.495659278882567
100000054	0.539922160127259	0.49439377545732	0.256107478087386	0.476148621050657
100010869	0.229192480729192	0.0814845653418447	0.267083328420834	0.241655443157266
100004575	0.0237436413492362	0.1159722819993	0.334331117015655	0.745981948368583
100001212	0.89739620719377	0.687677868436028	0.266128669822481	0.413755786730014
818	0.24322639400464	0.57505195915592	0.302059107300071	0.419780937132927
100001092	0.000818223990286573	0.0123495878482451	0.253989253560627	0.391408040930472
100020371	0.997079537803117	0.881342265405033	0.266540032968933	0.451847100109598
100004112	0.140116603173576	0.429243325311229	0.282568245593327	0.449112816525327
1125	0.434634813919295	0.362739947243381	0.292108811845253	0.480002452884168
100020491	0.874467568634626	0.518327373148996	0.222649873043204	0.459155045335721
100003151	0.00538905023871455	0.0424834881010192	0.397092043546357	0.428925244587795
100000011	0.295644261482517	0.143983817263485	0.192297823986578	0.538939982814836
100003594	0.408641728823267	0.942220546522196	0.271089946791606	0.456916983187121
806	0.846005099258287	0.165216620848028	0.260920574907307	0.311509438719849
100001211	0.991562166362339	0.579565652776924	0.272814029634664	0.440468746232606
100002417	0.512692913293236	0.631126938447778	0.255340726680108	0.431977523833195
100009335	0.460374068347814	0.172349133754061	0.208809762269889	0.456801037981056
100000781	0.678367709504171	0.931196305606642	0.261466659952584	0.451220851476397
803	0.0360100881654931	0.0358307551638524	0.251638935713233	0.36553618078761
50	0.953349722821848	0.924119041504506	0.261049965381488	0.450723993731928
796	0.463440928084569	0.0568122505667094	0.292740553307842	0.452853371605495
100005834	0.955258100040586	0.663152691881404	0.305932502963636	0.451741744583784
100001580	0.948829808630261	0.594318888695249	0.282560239697909	0.461324697157512
480	0.758355681998542	0.627383287460175	0.236458372971581	0.46024877397627
100001540	0.1888450279066	0.73871399682012	0.33937959274644	0.521983912089238
339	0.60413159928428	0.124459111849539	0.238186158182263	0.386076259415718
1110	0.914844168450802	0.831372723244419	0.268576997603402	0.435737180533929
100015836	0.105035033680579	0.154470349184044	0.398848707153801	0.586192949443671
100009271	0.434912501924689	0.435963370978951	0.301438095018882	0.423183050048584
100015638	0.922762536953383	0.476426992981751	0.275836533460154	0.445180080790317
100021667	0.906837265452478	0.595319595236772	0.293992380644309	0.45241292193148
100001279	0.414611072863413	0.300344846698989	0.288227809843398	0.553516232734846
100004208	0.0153937136062166	0.115506518875802	0.407241541568883	0.547980398541519
100003695	0.249390035405111	0.145599751578168	0.284614113114497	0.292181350268025
100000802	0.864968977733596	0.835469812948231	0.265610889909915	0.446813590286854
100002769	0.653763443991942	0.0672508204912581	0.177432379591468	0.512984431503963
100015835	0.0614814241047665	0.261027060583618	0.405680316371294	0.619075704325331
229	0.98961118052296	0.450420098079011	0.294142725352443	0.460759841872362
100001266	0.0100757841331545	0.042476127714589	0.338966107414863	0.772540411494644
1342	0.284101334836956	0.32981622135073	0.223006623060792	0.464201117825559
100002102	0.762210120307195	0.574731556940189	0.297660946038697	0.537168859578796
100020254	0.290025650127703	0.803470323187132	0.260585784096829	0.476611651094375
1231	0.546173474328832	0.263765890933257	0.314668108627469	0.428900160389531
100020492	0.969439489300989	0.858815734457612	0.257841504672547	0.451164044697935
100001402	0.42960670961351	0.63799605809531	0.288696953791012	0.462560813929215
415	0.006149858602261	0.0895577977299312	0.311691493652835	0.509176636889454
100003109	0.641669960433134	0.821157934225262	0.259144836863734	0.474059692019579
275	0.894382600526233	0.397969366638778	0.17903155843165	0.35651231434228
1143	0.133658107113162	0.0678181479739968	0.236884436318177	0.52597033971525
279	0.429199531171214	0.327858491397571	0.26283937307641	0.346237720496432
100001198	0.978258198073648	0.946288992603069	0.263654352016551	0.458003013885673
1648	0.411114614405662	0.977697882163972	0.263415844544517	0.454060864921524
100001590	0.394229398398986	0.294009216712806	0.252888226953569	0.399158213095875
100001733	0.358935540279999	0.847056732765388	0.259589738045241	0.465611779636631
100008933	0.0198877209941374	0.00271933839864344	0.367406959139992	0.44740520540993
100001550	0.303276966642553	0.522137021112924	0.248686328733759	0.416880772162458
1215	0.0533061348213858	0.168574014008427	0.212724447578932	0.39213073357558
100002356	0.305162699940505	0.127071348156731	0.317976724488246	0.472732454539074
100002749	0.646058574413202	0.731939988664584	0.26623769678672	0.45868914639713
100006379	0.140180357746806	0.110517343014042	0.310895244233774	0.227261224571351
100015966	0.0929547910273221	0.155270233372798	0.287420128546626	0.322351876442297
100001392	0.650435019069318	0.963547680724945	0.264035739271216	0.452840375266384
100020425	0.140748098561884	0.0439980180088255	0.216746796915315	0.261688158755044
100004299	0.349199521268348	0.933915832975473	0.271877282244006	0.481115657683159
100001734	0.506326852425637	0.433039014911179	0.279282714145864	0.385063148170712
1002	0.795768980071387	0.863950544592585	0.263693646989491	0.453298468486086
100001337	0.285489345507777	0.751243723084177	0.2461689691957	0.45172815283821
100001452	0.738577530334167	0.789369514313073	0.261263175051925	0.435370072752808
314	0.529464903544174	0.394963985409279	0.273469096037876	0.469249633929702
100009264	0.934078720542931	0.520115544586672	0.205758487741599	0.562019975529365
100004634	0.431681239722499	0.48542139899955	0.234783518887979	0.464735150920871
100000711	0.664178707532486	0.696829503348848	0.292101747049397	0.473701266467799
100020536	0.0151906419802052	0.0837110460222221	0.326384034831047	0.531572667465025
100004318	0.37677526000777	0.630726730819205	0.270233579601306	0.457224634483195
100005850	0.872639351229657	0.467163738841953	0.337380872890474	0.410494761688474
100006619	0.181451049254734	0.0928204287903905	0.301286373227768	0.39562830352334
356	0.580337133546271	0.738402434548546	0.255494589130148	0.469924045631032
1221	0.570230612508759	0.630857954050526	0.334033235389876	0.486857116199856
100001397	0.874593318554447	0.835066221708858	0.26294778869899	0.451605632081877
100019981	0.53494058967666	0.861834778020907	0.267252515104557	0.470923798780791
100001208	0.441198296966807	0.312733954613791	0.234465992267278	0.699859382659632
503	0.0105540812085057	0.00810771204267418	0.153764710978672	0.304595260050263
100006375	0.192677916417777	0.689077547935335	0.28370269508217	0.445073679916869
100001295	0.65743755169206	0.641554375425619	0.256731106627011	0.527487435877523
100020427	0.0609483580610512	0.024153684037702	0.25252440323177	0.22102408827522
100002784	0.246656416806906	0.213472221753543	0.202261445215141	0.478217035212285
917	0.0545018025177499	0.189291301144096	0.290185784767154	0.406409180593041
1869	0.414529919386092	0.212031494468096	0.284121416100119	0.36610273133975
240	0.166610030895676	0.0501302566673297	0.139538196304518	0.230165298791299
798	0.00443037062056884	0.0801965831545236	0.398226257745385	0.387500579881238
100002952	0.284243287330307	0.537605966204705	0.262782258377872	0.518643268003513
98	0.888566476296668	0.899065389978944	0.259992174685084	0.447542154610816
100008998	0.194353704386465	0.229562870328403	0.191316646816901	0.48462590023018
477	0.860808946575717	0.312201506599718	0.268838395367721	0.452901615009245
100020545	0.0652005506684817	0.128304354736705	0.305490010406136	0.585917759127313
100021666	0.871219346662059	0.288804486538092	0.299080146565525	0.464820793960768
1256	0.427676421130407	0.66698328720212	0.31168215937455	0.482890750011271
533	0.328962360405102	0.0640322203335296	0.179305205969226	0.245739732122125
100001757	0.417897398317156	0.867819088502258	0.272594696211635	0.447408246297339
1024	0.266046156203072	0.0962710008160375	0.178081303758366	0.877018312676641
267	0.504901401944537	0.941523630689787	0.266083905677247	0.451278244889575
100002113	0.0607060194844562	0.0586164847008918	0.249118676270014	0.429446440949199
100001756	0.808346416331673	0.732336963167318	0.274291720750163	0.469630995071545
100001193	0.491054799580479	0.203315825928995	0.327737211876928	0.419631296904442
100001668	0.665529863404651	0.378119302808708	0.267994632463326	0.335776617292964
1124	0.330063111195566	0.327386773718164	0.233554108706009	0.53554815266751
100021331	0.208939816691717	0.387956115143131	0.249414264597327	0.49651019940674
1090	0.0291886195885091	0.0271684548475358	0.243980008973455	0.530910838680004
566	0.771611848563528	0.362357558782081	0.201000599154657	0.462917030576642
100003119	0.537670139916095	0.31696853426232	0.293029837673374	0.414707230886442
100006367	0.811429657721629	0.594202529295466	0.27236596915163	0.441355071123917
100004322	0.217071117541907	0.259798817373737	0.270974403462739	0.530015533722638
100001034	0.608809749331095	0.887079959770589	0.261338130066372	0.450154425411014
112	0.975053138789603	0.871067166335169	0.265630515435691	0.443949444582936
507	0.166637417754374	0.290330647990185	0.252928771811041	0.399920912177061
100009233	0.241927309810985	0.155025318336883	0.238112097720579	0.44759144861501
100000406	0.00900069767298998	0.0703377239077202	0.464492919292654	0.238878674127114
100004046	0.461434174977091	0.231309618956713	0.119379617528819	0.342841238266812
1025	0.800930142476702	0.737436177389281	0.254747864081004	0.469410762661982
100001106	0.184402187639087	0.186008420286062	0.217950884906667	0.482609342546016
1128	0.0189422455779942	0.52407676425979	0.296690301470294	0.492607613964738
561	0.0621471430181896	0.181255268070333	0.182472614232363	0.396446507459347
100001614	0.904879881305041	0.392237060120781	0.276673011728638	0.438506686877635
100000961	0.991184108091353	0.899581473063869	0.269923131433994	0.472198107626123
100002397	0.653630881752574	0.371385826310648	0.258631569454726	0.33524085851417
100009407	0.944986888170309	0.919572660098	0.270894166010926	0.449039550287816
100002910	0.977092708271436	0.490766812420381	0.231621729423731	0.379169998034614
100005946	0.241751681838957	0.363425740910007	0.303665585918741	0.537479198611263
100019794	0.0752879813190255	0.27487589721616	0.26491477652878	0.587082038638152
100015759	0.251583152239226	0.079666460758055	0.217351375738887	0.432190011497989
100020417	0.849472755308223	0.697320278346973	0.254703104493114	0.44494338347679
100001054	0.992078878052361	0.729962829339527	0.273985971991668	0.444498265640298
100001437	0.554025171817327	0.484198849866703	0.23213839078085	0.437357070402368
504	0.262311225231585	0.758591530586017	0.305026110646876	0.46303635638158
100001988	0.223650795764154	0.436315992885015	0.250982523626349	0.715406681301899
1082	0.0447051433589759	0.752732939285516	0.285050144351018	0.478161557037734
100001403	0.354587769623729	0.379229128293523	0.292158902470274	0.448271482449864
100001664	0.946646520912206	0.656228875890315	0.25421309415456	0.587820054948837
461	0.307655007885208	0.254353781877728	0.415501807491943	0.447928535255122
100000463	0.810952313191239	0.475020267804959	0.224914658364166	0.393004097105794
100020208	0.638444214053207	0.536023276729901	0.298398316052814	0.375311342691771
381	0.604257460136638	0.0673300919655111	0.115674613371065	0.32412796826154
100010901	0.0633938399082015	0.0658119513656932	0.262289528745556	0.536947046923082
100001468	0.298033679056258	0.907424432834133	0.26843163490475	0.449564826497655
100000840	0.923423882516407	0.766522623585922	0.246595692445853	0.466438768722296
100020014	0.259522461521462	0.618899678860362	0.258244122207164	0.466513171654797
100001993	0.772456786187796	0.668939782423294	0.232133741101063	0.580051022300849
100001051	0.0589554836404489	0.00816728398206202	0.288164426135886	0.146451395745269
100006116	0.383717058294583	0.515471715286232	0.267819824415053	0.454346141364934
1108	0.858528521687507	0.920612363680095	0.266686521230016	0.449274770087781
100019966	0.461864669034139	0.168724312987397	0.315266685347731	0.45401352002752
100001743	0.719518460682689	0.481145322365387	0.256979123134293	0.451447879341577
100001294	0.114703271846767	0.177884228247087	0.18484034326636	0.494866018977596
100001609	0.286348993487901	0.128111700907286	0.250441379185707	0.540624213702684
418	0.78749884269039	0.989097084347234	0.265466377712207	0.457025355916056
100001178	0.318655098523917	0.914786723815674	0.262601727102058	0.449568023135776
189	0.902142524308882	0.532252261955042	0.225022587396671	0.40239250691332
563	0.416010000813909	0.886976238364051	0.272986912267713	0.44916678821813
424	0.683068881943175	0.497562257248712	0.292163923796874	0.448089814787783
100000776	0.13419563015953	0.323428925855328	0.302761763092086	0.457822835653359
1001	0.883215441271569	0.571776071948889	0.26922811255012	0.466367821387622
1135	0.313881467739151	0.0985674730234049	0.253187481738495	0.502901646817529
100021093	0.374400432899006	0.5394695181027	0.30336015451171	0.476199340249816
100020219	0.367785998469071	0.699225762155668	0.277142694153222	0.490237822892855
194	0.697161105203812	0.505007164853844	0.281809968694397	0.359781250315398
100008930	0.812360102649247	0.68357527305418	0.283609239695493	0.445052380896252
340	0.506200729458948	0.179047109763523	0.148326035451918	0.501608541571763
100010896	0.888287378471389	0.606776564205946	0.23645285244802	0.449866717558146
100000787	0.195887246858095	0.0735037151458112	0.25295545477121	0.205020146024075
100000639	0.0323260573158427	0.21455717844249	0.236672790131829	0.456029242808265
100001851	0.852005181261229	0.152904167687702	0.293101595106106	0.233714746406093
179	0.505549338083654	0.68119105066611	0.259338177403148	0.468392819958438
100000626	0.385689521872716	0.728482411002492	0.275062299172907	0.453187314506631
100001605	0.00793073614292515	0.0777345958327905	0.344905641485868	0.523378437881925
330	0.341030621205614	0.480277860356245	0.290440795792873	0.372966916093637
100001162	0.830903888719811	0.504845786710873	0.227216193185445	0.411993475952865
100001167	0.0435428581812689	0.22838861778237	0.25925009413384	0.435207273671067
100002067	0.61894424094988	0.726676787596892	0.355087745733965	0.408483024205813
100019968	0.681042573867768	0.374582324349556	0.292816116765996	0.406059770897471
100002014	0.535654148191633	0.72067231686022	0.262137932944761	0.586271459057639
100004083	0.552007205316597	0.151024026570899	0.298899479220078	0.367552266704171
100001315	0.405437320577202	0.505008453783524	0.276885960725923	0.52071247031368
535	0.273817533413327	0.597570751886974	0.283778134671184	0.45249289504556
93	0.479140029739787	0.271343955372726	0.299147445643581	0.338152977905582
100001989	0.294715861568265	0.54106065748843	0.235931545033711	0.489354095942579
100001740	0.71609076496903	0.392292216528821	0.238365721756758	0.466158083519003
482	0.268835299184249	0.989272523144244	0.263242144504968	0.455994444327618
1629	0.249550697570663	0.399894433356594	0.319431939796651	0.4314687677142
100001399	0.514433869745683	0.428716036142117	0.277468123589099	0.462319537706738
376	0.842603745931408	0.172359111712574	0.163251289861151	0.551222518466213
342	0.621024988783557	0.577763722505788	0.261888172168519	0.450595639200201
100001253	0.0222889086043211	0.182799468801989	0.22276404590223	0.635747006456929
100000708	0.677858393951732	0.86378400920644	0.275991315190197	0.459386413769058
244	0.179128152972819	0.0529398779067822	0.217788728166325	0.548614958309833
100006726	0.448993685261365	0.303084459975507	0.310278416056519	0.450165489951582
100000036	0.177036126431438	0.685696434650978	0.246766428619134	0.485123328478938
100001257	0.0172703140871093	0.0838733871183297	0.367995433637851	0.68494168822848
100000445	0.687790374800189	0.570146937929667	0.292125498577351	0.41175157530749
100004088	0.00877721599584009	0.198051852003644	0.304359585131592	0.552587510289461
100001423	0.988159867619845	0.731783459113827	0.267022924707185	0.430348555006999
100001276	0.315856037610762	0.220426062519897	0.233620247932994	0.363811486449473
100001876	0.821581621275648	0.889155896859587	0.26006239507924	0.455278703796591
100009082	0.618660201087894	0.0371955665830893	0.114444713384984	0.427785939490395
100001121	0.363296590078409	0.733669038903122	0.259095456613862	0.45010478141013
117	0.306945971015759	0.620509533069806	0.24649175868998	0.469037227942686
100001868	0.0306397357375826	0.101299699317748	0.316264083445376	0.450232007622365
1134	0.722310356731358	0.296338858322092	0.176934230946414	0.432544245912106
100021012	0.239230328376269	0.470284262827874	0.27123145881747	0.473072567449127
100001181	0.858280717227799	0.295777803482099	0.326358862293911	0.411428501100989
100021467	0.782749862882967	0.300445593830255	0.266782030302427	0.385536238026471
100000447	0.244171050372607	0.254345365654457	0.305036041459785	0.428840028805695
1162	0.000478345366159785	0.0114305671253953	0.348126697473573	0.362590172155944
100019982	0.452653309295673	0.516794892863481	0.273934879689802	0.44720508515927
100001613	0.940067956190193	0.479139006178588	0.277150399878943	0.434888380255025
100006644	0.356683563032492	0.595746985623137	0.24394602050219	0.473577566507746
100000096	0.637508919574166	0.030343824845369	0.172168282963751	0.443058562742378
926	0.473906253532685	0.730311035035601	0.26820926518803	0.458644814021082
100020004	0.98406527116522	0.601459807885048	0.281020129350964	0.444528632075573
363	0.200504615175763	0.0330061387907673	0.238719071004116	0.134648869211255
1111	0.34837022270452	0.909750389479861	0.276289962934838	0.476305411939813
100021712	0.700891878826911	0.769828344165107	0.262193808828127	0.440097440993741
460	0.741370066794432	0.671584394836707	0.275039208663608	0.486275070882008
100009331	0.263836923196102	0.170004848853758	0.232481882899561	0.459078086829004
100000442	0.197772890212463	0.63896888483506	0.289902591336004	0.464074057657658
100002945	0.110632244127593	0.0208632645312984	0.348218008919271	0.43994390569248
192	0.813508028718516	0.944051597233952	0.282181156703768	0.458225780516857
100020241	0.516759441167265	0.909359637836294	0.265013838083669	0.453194840741278
100000580	0.156137506829953	0.180306038870372	0.227991949697783	0.670381777709634
100002466	0.0104761533971734	0.0253939811590566	0.21923778854038	0.264212663539701
849	0.598577299080733	0.473476846239479	0.267654814033667	0.390800781348001
501	0.542640386829222	0.402656374033086	0.2930548616682	0.42365764025327
100000282	0.585702990446043	0.109312312816791	0.341568274809751	0.347267839373817
100001577	0.0333976593309277	0.207434664579395	0.363325464970557	0.51539660065589
355	0.109062553346832	0.288779114902137	0.219517697407943	0.372852657000945
100000841	0.614969386485545	0.87521227076134	0.260851405781624	0.476567467502082
100000846	0.835338153610781	0.348335036851756	0.253924391750576	0.446937451580871
100004295	0.941536989066327	0.408325304362515	0.242911962817604	0.416965662986303
100001586	0.100701919504418	0.0357336913807069	0.385212679785141	0.18360866202624
407	0.00858777128709914	0.0257956777805115	0.296191720318254	0.489286255240761
1137	0.709170621812468	0.660062357969346	0.25005661368022	0.488956657590943
100021374	0.0312406137212332	0.0162858760845361	0.202512272899763	0.816566218107935
100001593	0.84134740655475	0.711837179842901	0.251564039203819	0.454564377810593
100015971	0.518874461341293	0.526992957655628	0.248567795861883	0.42845327772732
100001022	0.249949692096475	0.142003052821432	0.152685732611875	0.681705606059246
1094	0.0593204158418739	0.286154203371517	0.40125844240619	0.654560663435212
100002122	0.249079860050013	0.248949025555881	0.217621758037483	0.539272462744244
100000706	0.48619922487159	0.662824044529332	0.237471989060129	0.459829969044039
100001055	0.842975198170522	0.348490090544459	0.233258818666889	0.391099714695289
1235	0.503187462478675	0.762849925062528	0.253343252127603	0.479094218766293
100020204	0.0775348354989175	0.494832302537129	0.287554792419175	0.488359064209302
100015643	0.0324157001558694	0.267863479639353	0.289352061302998	0.409347664077267
313	0.0275743084914665	0.276891439924064	0.278582323503535	0.410149023362836
100001413	0.156277038068274	0.39265632353971	0.336469876720972	0.417572060287086
100020423	0.022047618683039	0.0135879130911291	0.287431860560304	0.20563625506294
892	0.508121218566803	0.166811242071339	0.289741876804813	0.488875239425178
212	0.0278857463712364	0.0643172102880214	0.375527323537412	0.382900767008019
100006105	0.228217118198068	0.213846127306402	0.301947033833698	0.478514312571911
437	0.767560168030748	0.596245219238812	0.245099102779023	0.468258807095328
100019892	0.403274505240263	0.880956138979821	0.262392879230952	0.468451795747771
100005716	0.0655630959084667	0.103439958288086	0.285053294068721	0.519673606022826
537	0.0902646613730008	0.0625979407726688	0.269311192349706	0.420418804872034
100001990	0.492181796990973	0.842038475915364	0.28406749649331	0.44613476640551
100003397	0.0263236556176948	0.00264970482325482	0.197685641172329	0.229340375182233
100001320	0.126088232182534	0.184746546932033	0.344739938292966	0.259195980726316
100005717	0.135878663970626	0.095278232662871	0.309841219048452	0.485992941319707
100001207	0.0812467309011092	0.423183881899793	0.296434111578234	0.5356089953706
100001999	0.43739507813826	0.81624525832582	0.254833149382676	0.547796846258
100002488	0.218603219893905	0.0184471937228243	0.314266202755185	0.406072666185786
62	0.157014938497842	0.604291840740714	0.252782440942102	0.452841820304776
100000467	0.833676334901292	0.594788095370094	0.256970544555959	0.455816293355912
297	0.00631844652132197	0.139346964825508	0.269445691524024	0.430287604711369
100000285	0.0260144841176195	0.402583032269741	0.266291051302404	0.535251088618895
100006056	0.0693410182129504	0.408853112725097	0.278000094110162	0.491551708467406
100002126	0.115660859900843	0.281642528654987	0.206448911690886	0.742443122070586
100002129	0.83605795717025	0.859999969629037	0.259938192983057	0.533830002817468
100020478	0.0287739285429841	0.194486049857748	0.235198296184248	0.468978134416715
100004089	0.06439577243829	0.512189508118343	0.282667962369817	0.412525719008153
100001755	0.492443401068601	0.574440472068666	0.264683354763927	0.419609985046985
100000551	0.0363351830500154	0.993191694879462	0.270167664105552	0.454750794789952
100003260	0.355270446620518	0.267878992328638	0.300640087571074	0.506567867171871
100010955	0.943812723816929	0.425844306130991	0.213699887196732	0.383123306552306
100020851	0.167236572267617	0.40341280994199	0.286911401025782	0.46413804620947
100016069	0.660497354731596	0.786233942961522	0.267292739103602	0.443728455058638
100002027	0.465353605150624	0.599544629404913	0.21953206957593	0.544978920346838
1123	0.384442140729422	0.211424618217225	0.252946294288109	0.566523767034679
100001150	0.658839346407594	0.904755050447726	0.260908588347201	0.457281135885653
100001657	0.316236600516831	0.652658506224112	0.264848890403531	0.437037612641183
310	0.250304140502284	0.366602147118918	0.232982249325752	0.540622761609656
100001314	0.562453732231404	0.192757114876381	0.253443203941404	0.410501343303625
452	0.754918226560114	0.656647732942033	0.296952377040429	0.435364481683521
144	0.0715317803731151	0.0445853884816384	0.325383624790009	0.319059212599616
100001182	0.243085793006915	0.176961369191907	0.324698667524596	0.452572419734503
100015965	0.698403579409864	0.475899543769676	0.251939009899302	0.512208886689971
100006108	0.991666254487737	0.537941593028054	0.272146580130596	0.487037275702068
100001400	0.718487495847301	0.623459113232804	0.248953599143445	0.445153412489257
100004541	0.319241299508562	0.178452854930987	0.255594287784562	0.255222367350984
932	0.776195875339919	0.390400830194628	0.269450931488346	0.488603744709005
100001992	0.490188639365831	0.579268557927912	0.370920670502602	0.388880034228698
100009252	0.146543074172017	0.204764011386297	0.319727333399255	0.448426353690795
100021104	0.609938211214386	0.588899891974237	0.220673842776067	0.568106151526138
100015838	0.00583919199833192	0.0345298219065718	0.390627523127395	0.650072457923464
250	0.000919305767116063	0.022651332882315	0.50700958294588	0.558048340638075
100002537	0.912447525197258	0.496559663887857	0.243250972433625	0.544185469580047
100001658	0.820554069506818	0.684843923910164	0.28726320913817	0.444035488263111
100020416	0.412152282129692	0.453890276622673	0.239350783219191	0.451035215601412
100006642	0.251261918262422	0.785697167609426	0.254691359003912	0.473512123068796
100001391	0.0749929721699173	0.318450585263403	0.343512468035265	0.550425551294687
825	0.54319850774197	0.683338993862821	0.239268109849806	0.464849243586634
215	0.0168820514502433	0.0952436213429867	0.314489766304012	0.432490257553094
100001026	0.958670801273004	0.91964954957295	0.263012971818458	0.482803486672217
100020541	0.314428600725194	0.345542445511102	0.218390573482045	0.474278940859126
100001526	0.344461044177011	0.474353080242526	0.367129389527114	0.565202476563133
100005384	0.359180793692256	0.256200049323038	0.236100293505506	0.338365059585832
100020378	0.229495200168953	0.7459355951268	0.254920460494241	0.461013726020716
100006115	0.922983349499343	0.3306110305335	0.353814830899536	0.354119491076683
1442	0.215841321590093	0.0386771655584897	0.105341397647653	0.34705172084517
100001843	0.118097037164102	0.194563302967386	0.286965296593486	0.520449687842405
100015837	0.132969552849601	0.258876846596862	0.472965205496024	0.412363416841639
100010834	0.771396819923217	0.985407314736743	0.263368931947681	0.454139464714678
100001393	0.837870060540611	0.285157216225929	0.185755690449839	0.461986028001651
100000015	0.552191774195856	0.345896760596787	0.228160373593572	0.442571340538867
100003892	0.0339046692742146	0.0464291450229835	0.228973411666687	0.66731525659779
100000042	0.156644145243867	0.0211754509993686	0.281671128480581	0.362793457864253
100020550	0.597370268554936	0.210845140381096	0.286984436763616	0.370484871093585
182	0.574591808405443	0.446585963411174	0.257839616131634	0.488823341888127
100015723	0.145954262576292	0.431391744812038	0.267089498755698	0.440097074739003
100020343	0.339865055018724	0.421789279075985	0.23380969205008	0.447389270476522
512	0.352361488154987	0.615084857673691	0.290234269163221	0.429998245667316
100021100	0.719826935958773	0.671214370014446	0.25103586384759	0.453646607131169
100002528	0.343693773119769	0.0646899044913509	0.318736250173772	0.282705162900093
100001287	0.450821056946823	0.696849111772937	0.373052010149848	0.406421936947125
100001229	0.681847521812645	0.8862940218105	0.272486698723682	0.446374262708116
181	0.327059246111714	0.823763201666074	0.258393524209881	0.474247379340455
100015831	0.00388385156923072	0.0424883013587809	0.35924116348844	0.378265104549371
100020515	0.275934633383361	0.451510100367803	0.214170600370399	0.582184088075713
327	0.230322730337631	0.265649154884308	0.3209926642051	0.418341907443101
100009394	0.626360840900792	0.75558100312914	0.249286670982444	0.476477432529194
100001596	0.628826925699562	0.0970527405833165	0.218151819310744	0.227820704326354
207	0.892568943638118	0.490787711339366	0.276416305141823	0.423761019725041
2054	0.616512942704717	0.92226823877907	0.2625850977733	0.46308905947716
100020259	0.626069934971719	0.547796118234804	0.28988614094462	0.438303996507989
100020414	0.00221713494809783	0.0267267504048111	0.182386945996879	0.399233995783923
100021131	0.914303733114693	0.242166804102148	0.252004500197089	0.408506379946836
100004499	0.902489604486661	0.65488482302658	0.254130271603146	0.421531751478071
880	0.12143890224276	0.676986346820571	0.294199286836804	0.442438377541464
100002049	0.563779436353318	0.333830750096897	0.291842565169739	0.421545939072639
100001739	0.614139683747272	0.283916882350508	0.333922554832764	0.434405604543562
100001126	0.397672688991714	0.115035472281177	0.163320967397997	0.338579163354497
1113	0.529074696571547	0.658118767104392	0.286973733829774	0.405007699756083
1083	0.830207260497507	0.22149534845212	0.292880392222249	0.347044284634449
100001730	0.0777298472617034	0.170163446344864	0.308805162556494	0.345593249402209
100001412	0.765156842851101	0.798227995542059	0.271212189138599	0.433876033316968
100005996	0.676178102505419	0.604663232134273	0.254603599793958	0.434211767310961
100015962	0.0129401183403844	0.157315192253437	0.209836718819744	0.748150003937752
100020214	0.786491834786511	0.459521982582848	0.278895246145043	0.402725671892208
100002514	0.129186932496199	0.325169889687217	0.275186628879838	0.401562798923748
564	0.301837557077388	0.075878348029711	0.237238980217706	0.40561743810163
572	0.0301430846191416	0.0230998404691868	0.390569181876572	0.367454514746649
231	0.943622064395611	0.614372235283778	0.238766389864269	0.463070959976769
100000453	0.979285477000092	0.845472820557945	0.258494418029231	0.476683339362966
100001007	0.110900373815889	0.216223073179045	0.318303875040758	0.346701883806205
923	0.612231828472802	0.343154660282023	0.2512048807116	0.500688776636294
100001247	0.418833645147691	0.49854869160563	0.246562340124665	0.434472424692202
100000774	0.59705877742725	0.964306395347669	0.270823122890478	0.461961260522603
800	0.346583140236094	0.363387147234968	0.278437751142167	0.501405076030498
100021678	0.621563598244676	0.728385654431621	0.246752643334939	0.483510125558503
100021711	0.417495739427023	0.852703540684029	0.277227142787357	0.460555731325858
100001274	0.704837060185127	0.284548324174562	0.248152164079686	0.295845588104673
100021220	0.0982840455860287	0.161127751735727	0.329729856730876	0.737016540365386
100020253	0.567516528776747	0.83096944513216	0.265079453879018	0.441110490543932
100001170	0.449891222901782	0.0731992166481743	0.22713748050554	0.284215889195873
100001466	0.410842006100396	0.945775906659635	0.262446878176348	0.452584073582373
100009406	0.675952441382112	0.6398038512021	0.251576316804225	0.466687907718662
1026	0.201986550631447	0.445504943598865	0.281265064344928	0.426132353608782
100020837	0.846371380944113	0.304936628964663	0.306241582390059	0.351358719416304
100001006	0.0483498144247754	0.0670509989209774	0.250124667113636	0.541913884975896
100003674	0.769306411025635	0.132180279066296	0.262012517037847	0.446397075202108
100004396	0.359471554074764	0.418958215519015	0.303933421643373	0.374994398572112
100015923	0.602418870139302	0.994141029703815	0.274608399391457	0.45427924645741
100000265	0.460700635492867	0.67250464820787	0.269576921311621	0.42755367541614
100001409	0.0433974932693557	0.0560165226479651	0.252412820888732	0.259275517467315
100003434	0.433090439012001	0.45917391719569	0.268810268698948	0.384160316405725
100001334	0.648582404164566	0.0788530475546022	0.330122131826832	0.364396109466571
100001102	0.652055375994952	0.787702381105155	0.271591640219469	0.441571656343088
1268	0.649068300681673	0.0673013915552252	0.161259562859454	0.420018975312251
100001300	0.21887353155276	0.0827888980474727	0.23042808816876	0.449247149129657
100021324	0.21235784292219	0.674674284155124	0.349868232850734	0.442257558210971
100001617	0.106276224056719	0.102649368009803	0.256431988000553	0.485926111091658
1105	0.814589175322972	0.222652492122683	0.347166233278129	0.273310920831625
100021502	0.0453367760396272	0.229356651095938	0.252306985724532	0.464584995858027
2051	0.766887412031706	0.549038179455488	0.263719162752429	0.374134340894093
100001256	0.218569954910906	0.736220795658229	0.284329378357074	0.544859146886842
100005466	0.0714095978218845	0.078930981523853	0.301860715957919	0.293008483746598
100002199	0.0852339351064369	0.629278725471432	0.276754247622734	0.467578414899331
338	0.0188830401077442	0.0480873140039879	0.428983313357013	0.278948360054008
100004243	0.667968604314331	0.761700519601137	0.254134818372815	0.470936913252264
799	0.268499543365175	0.829844559060484	0.305686564142941	0.449491772219002
100008928	0.302100250748055	0.0453589956529756	0.255924102358096	0.366528125140901
815	0.0722010049608039	0.251050571310827	0.266064310370755	0.514207134909632
100001456	0.00994647565456959	0.104997191462375	0.257125389411291	0.429105810855347
1242	0.0316858640996105	0.0317593731746988	0.327587260523701	0.211767249075638
100001416	0.286830700097275	0.0832629135968791	0.172779796704798	0.241069244193669
100001462	0.435506510544619	0.36629032445708	0.312478590843527	0.432098240530014
1087	0.255090634687337	0.0525716360281957	0.277392306524594	0.452065426842688
100020421	0.0781032816463599	0.0949487751279683	0.302272501728891	0.264538884592493
100000010	0.00229019559961945	0.030405098974008	0.276825191927389	0.464964495124634
821	0.370294156656698	0.212788457370997	0.302670612614227	0.269441247611112
100006627	0.289325277116022	0.155141368602611	0.369785438695865	0.383794560644392
100001277	0.417435203171387	0.178761791146936	0.311861245774888	0.433714826446255
100021141	0.0453584808902051	0.217353667380704	0.297398483875787	0.54128638062498
100021105	0.392325731767825	0.462850284490799	0.278570440095487	0.381622052029324
100001950	0.000115865510394193	0.0037408314910486	0.342029006623061	0.532913799451529
100020217	0.755988377362958	0.166458563494952	0.157284460854686	0.259347464722356
100006651	0.0523343480800392	0.219076518852664	0.302151787293767	0.312239041646898
881	0.979373214654225	0.463165917792726	0.250183366799257	0.469558169520756
100001509	0.716734380790979	0.140605563576899	0.230905486949763	0.391370045738983
100021709	0.537365033927104	0.789217615625533	0.255918813432568	0.457114592483908
100001635	0.295900801858302	0.0362561875145102	0.288549536640041	0.408714390175033
100002613	0.425509725936918	0.123177524484646	0.245020315289639	0.523739705872525
100009329	0.558247755942806	0.765426957804785	0.247535664800166	0.559692936532639
100021123	0.831709111476232	0.516210210508756	0.274979002110472	0.368822759687622
100015760	0.193434674346101	0.13104000385648	0.211063492695621	0.461278660555605
100020205	0.357125890454527	0.325960276920091	0.317900401501734	0.291222562689752
100000765	0.44342012850879	0.732372009971714	0.260912310244317	0.441181459001618
100004111	0.493913864723406	0.246102678958072	0.291691042710934	0.469891259840218
100001615	0.15045792365224	0.91464649366953	0.263341799158295	0.454632917825109
100009227	0.148472364867057	0.106217970372379	0.375852563481157	0.563143310820736
100006191	0.314791167399472	0.479046150602384	0.295236809737019	0.393730187300037
100004542	0.34607479758474	0.320907575823602	0.278330067778542	0.47990495502436
100003686	0.365257648958725	0.150189033157458	0.369952948143245	0.420978775333258
100009232	0.0545479059174778	0.339520109062257	0.268612942760561	0.437139771252781
100001501	0.0507191354577588	0.110578162690625	0.343238950851896	0.492397292470528
100002367	0.37735830416355	0.787525406745739	0.261920290959885	0.45978867676759
100001108	0.374212505883332	0.66095558123158	0.260424683648339	0.441646918348975
100004227	0.621454107920944	0.858566320634347	0.263892047777092	0.442672294927463
100001310	0.187533235122817	0.311309031050469	0.249408874654754	0.550838216821688
100001994	0.83988277853689	0.986742818159156	0.300946757875384	0.493009996064218
100015839	0.0133795553613636	0.0150994324750168	0.354089773974804	0.539637443761061
100003271	0.00767543979196808	0.0854654908091062	0.34565055131512	0.312153608469818
100020496	0.890193660312816	0.74699022995214	0.246169581420466	0.462752814660773
302	0.779609738905207	0.470384959178942	0.234891752579933	0.434250546418897
811	0.689515909642794	0.706243318279037	0.256104439802024	0.486533091832333
100001267	0.972640795482957	0.754942743469781	0.246950388148028	0.449570750742436
100001197	0.0143288156309777	0.269732253634082	0.305422971378194	0.443672412511796
432	0.150497988957198	0.374364735411233	0.284879805429123	0.418642661285681
444	0.0064776849593203	0.0441769635621594	0.29843829959329	0.54114474244214
100015968	0.397450566324854	0.402451598483611	0.259608246683924	0.404790494742038
828	0.892371983854368	0.890766958999562	0.259391709023472	0.457956101862461
100004054	0.230475940023395	0.805339394868293	0.265657109185441	0.457970947147129
100004635	0.05905489663968	0.0808050625409325	0.693469824622299	0.200523554603272
100000491	0.533785300593789	0.568247152912436	0.2560082016316	0.384091275960152
100000939	0.0526678033705826	0.0348996188630305	0.280337729900134	0.375868410257174
241	0.331320370380138	0.793879077973061	0.273988406753712	0.471664358575869
136	0.348007951172915	0.075040301765084	0.230174346968225	0.61427455772637
100000792	0.478427327328774	0.975272635322269	0.269092170043451	0.514454143936281
100020973	0.486665349107771	0.560168826436464	0.283268726298826	0.422948743521343
100000936	0.710573146556708	0.89620481823794	0.262311350593793	0.455848735769715
100001313	0.00770862807904502	0.151582524999881	0.278758048866208	0.498973852072411
100001951	0.0425994493714009	0.0807961027142894	0.301534997008011	0.443118231042885
100006098	0.0106613087483062	0.069633273909276	0.297559235121303	0.530257190511542
100000007	0.376592218077753	0.748896533534062	0.269095223321458	0.470095874248485
100006641	0.876684460349209	0.877850584932261	0.283612233511982	0.45479212897998
913	0.0108279882138809	0.0547518421907904	0.329595639793833	0.336470489177769
100001579	0.840045321531655	0.455272599256168	0.290332641673344	0.458397616182327
100002911	0.135882810911673	0.011785264270891	0.346233776093079	0.413155582755648
100001293	0.375989131420408	0.543652531382878	0.242712242589464	0.566139572814621
100002241	0.246791426735548	0.544990454325616	0.277701476133941	0.433339352130632
100003179	0.37875862403028	0.0668682293230147	0.248091878932396	0.321413421803211
100021372	0.286663704607338	0.191818077309774	0.188464552213628	0.440940201923721
100001956	0.373431349504007	0.518818695684197	0.265639570252537	0.388129149426561
100021162	0.272586625857019	0.180973733367793	0.251528117283646	0.335512489575345
100002259	0.428180462677489	0.675100608013601	0.246597739647629	0.452156202331548
252	0.509686739583414	0.657366245312635	0.298913946595048	0.421912295117892
100000707	0.514676099674508	0.378523772084691	0.260707590796794	0.46727388202787
1489	0.712596233748922	0.0223264378690034	0.195817862307428	0.441798346269283
100020361	0.031356241022826	0.108746657657503	0.295509730313578	0.716232385623625
55	0.818705326262029	0.993309883252579	0.271587181313881	0.455663583838166
100000863	0.233597268787855	0.242012771508909	0.227372073076919	0.479562917832113
100015840	0.289417799992414	0.165920615183116	0.347155563032476	0.478734373466531
100001541	0.164334911574445	0.0822863309176476	0.178458632098703	0.445599036297477
100006082	0.160026985918313	0.0609940017123111	0.34699646666088	0.460278194803672
1254	0.717668984819456	0.912506026258285	0.269075070469471	0.470456234885467
100001624	0.49361426451556	0.345780677142029	0.246805155343166	0.43137879589881
100015850	0.911529350754267	0.591442147283035	0.325772133509233	0.427158788320984
100001104	0.00555394876966092	0.0189443459897543	0.311892720208668	0.854304935409142
100000900	0.146310870093487	0.450230409253195	0.27256016921057	0.461800380968689
100000269	0.140304055391913	0.0488570533551782	0.14182192678344	0.359297512630923
1022	0.213284388595783	0.982479468871715	0.263701617036337	0.453682228009879
100005373	0.244382596505598	0.0866956944134123	0.23618902929691	0.498455963505644
100001129	0.110014861726086	0.682372558728791	0.253742292655965	0.478828700822588
935	0.0150648424841259	0.131223404724494	0.344514549304823	0.352023134024319
100001262	0.16652007475123	0.217176412699231	0.274543591239164	0.477062815375351
100019978	0.286549431262133	0.650359024331546	0.258107727707162	0.445665115607683
100002293	0.708970451240323	0.762951682509123	0.266935744395475	0.454235430421999
100001426	0.145237405105416	0.169825045323981	0.264148190389822	0.279359439497172
234	0.0361753484693836	0.150709560062428	0.260930116196797	0.433866245733059
100005403	0.289418300189334	0.880425122363257	0.283532853938582	0.44489408074974
100001083	0.0304928948958351	0.27995993821068	0.289676454625254	0.459566110485562
439	0.817387446131647	0.377046857762919	0.282545698541877	0.461860017265425
100001086	0.287212663671218	0.39847111033181	0.27731607765431	0.519020919306544
100005864	0.708007226058122	0.462445663892675	0.24198383547637	0.509174000153572
491	0.531377945028353	0.928140900688045	0.26208638726067	0.454420089722418
100002029	0.512064748735257	0.403123357861049	0.2517288529905	0.348629061941605
100002154	0.882457056879907	0.496625484684797	0.234451772531222	0.441676799033689
891	0.570998458098107	0.228554166797905	0.295429037387631	0.440233831294062
100020261	0.257312051874062	0.332276957076246	0.330261235753814	0.405590350361747
100001296	0.547579596168493	0.453645172239651	0.265838061479076	0.366950257942538
2050	0.392111485147577	0.583134213675307	0.281394401656046	0.421472111893679
100002761	0.288763553045507	0.683085179509883	0.232302739385626	0.57572244674353
100006614	0.945989680855094	0.62720868434217	0.240391175725766	0.512600935358151
100001597	0.874199970757123	0.130066564489828	0.166017127800489	0.296388989828461
100020853	0.712488748140769	0.850521345584283	0.267185227787574	0.461590801362065
100001446	0.357430741003278	0.486349024379998	0.240367115812673	0.460081772842566
100003240	0.35561557617149	0.141522526169192	0.305981040020523	0.403465763916416
100001502	0.0145522201459049	0.170860614824001	0.325032410975559	0.51411726869516
100020866	0.0551540846178219	0.00418771662992878	0.138865408017675	0.22788488532231
100020419	0.0358854804784092	0.080348961548372	0.286655166404213	0.251175573149902
35	0.6357929915411	0.349734335118969	0.241723125475791	0.426362249570361
100003696	0.00989672095237173	0.0442998897955674	0.394327198713242	0.382444069574721
100016038	0.945639392165178	0.746138838608086	0.254374828737185	0.421044505395117
100009333	0.160893379005437	0.144699293750362	0.260998426568004	0.457986514224531
100001611	0.0712205877863792	0.198104963705093	0.370247641847226	0.386648211627229
100005383	0.572908199696734	0.266848505201389	0.271521134051419	0.48190128075441
100009239	0.294899976630597	0.113145710528119	0.335814033585665	0.302076700687483
100009332	0.250923919949931	0.186913508439563	0.260949188173253	0.398529413500802
100001731	0.141508387122934	0.585951022997134	0.271107405376414	0.426298803587183
100003415	0.43742216338216	0.549367961370255	0.259628393100777	0.478273351996115
100020578	0.131212849279486	0.171199289355794	0.24505614280656	0.357199322043223
893	0.756303207100709	0.583801529589974	0.261432899935046	0.468675845806656
100000963	0.250858491647634	0.14337829420379	0.356491023638018	0.264491551598347
273	0.175933220694332	0.360440164817649	0.306109996817646	0.461514104913284
197	0.312250150281183	0.243716156884806	0.247574125955002	0.293640919399828
100000808	0.285666147161679	0.245101479772409	0.248762462605708	0.590939569690976
100002284	0.974034538353487	0.174285999953276	0.119030355221739	0.324894170034879
888	0.968479570961903	0.114397552476932	0.287224814329717	0.457114861995773
100006435	0.47389791865023	0.366413069686664	0.207285654887506	0.716027868422244
100006374	0.248187196268426	0.608294308573529	0.271847350396735	0.453783831657933
100003169	0.579102464183654	0.945287453065964	0.26123095352997	0.45111761592408
1004	0.652996726113081	0.776138542993019	0.249958489196509	0.437780557781804
100005998	0.080627468802598	0.868346196923496	0.282435462385285	0.461025314220693
100000773	0.72742612709041	0.582230498907947	0.26795002540703	0.445498081433492
100010850	0.00360075958099517	0.0395632135234235	0.321607714731692	0.257315554964535
397	0.817796769385166	0.405410294055297	0.201719802448458	0.508300464164159
100000039	0.0774637680718406	0.23322059905879	0.214678586881397	0.503615174282389
100020833	0.734561284524809	0.844363097872888	0.268205403673172	0.481976353449004
1021	0.292913487458717	0.280278632464556	0.242808253390831	0.467577519502662
100020479	0.357160561716894	0.57373578343041	0.267342530875386	0.463089998883402
100001335	0.606815307110706	0.362309436794181	0.29811265255669	0.442156514156581
100000743	0.622630789385083	0.931935189648268	0.262774240892269	0.455191854177965
100009246	0.187481984618858	0.683791957595557	0.254899667428561	0.479392690603954
878	0.23361695356403	0.716577124130253	0.250840336545037	0.462965263129959
100021103	0.790573522710239	0.880947687549442	0.276745100070227	0.525788221357117
100021363	0.223002318997164	0.563726129662992	0.244786649308271	0.486943925874198
266	0.201303543746594	0.275972787751891	0.268944943600005	0.425592465024119
100001195	0.353762429736118	0.23255313739863	0.337865902276644	0.404194085684516
100019801	0.835972779234498	0.737477758179178	0.273819193914915	0.446168182133187
100002196	0.0312813985580218	0.23856933286691	0.276950137629393	0.452511043540206
100006370	0.216753427389436	0.917385691807054	0.259503281827941	0.456627790011582
100001510	0.0277423420269612	0.00371722411844476	0.220762425900913	0.533860853515691
100000437	0.617318687283208	0.530104495725947	0.253689118032886	0.516275083347125
100001767	0.158488567240288	0.0391782936876039	0.328634280808324	0.526405722648801
100001810	0.419328448987876	0.59539713489673	0.27469140045238	0.580900795170191
209	0.0396847637458804	0.371663486984509	0.302373201668005	0.447276626595008
100001485	0.236725313635478	0.0754987871919974	0.149675602616997	0.379155552037735
100002500	0.12385317243479	0.434187102261238	0.267634421044477	0.427290389236758
171	0.0308930099347963	0.0223827884197851	0.194876739088464	0.460328426504594
100020487	0.945827666979039	0.777443104208021	0.287489219227154	0.423139059250155
1206	0.00728429399037937	0.120719897353454	0.266748290879328	0.496363420662247
344	0.0148383485835446	0.037309413200009	0.540404993867242	0.565723747450299
100001405	0.432939374024018	0.812840825429291	0.272117950083783	0.438762798802312
1239	0.950308149980219	0.567137906660362	0.291632581616801	0.46229952746529
391	0.0827448134193794	0.248164684948959	0.250130442299167	0.652637725546216
100006430	0.452876240051607	0.148454395515718	0.33370642178185	0.241067984769517
100001417	0.914754729239505	0.646000820147641	0.256635455388719	0.536884334256542
100002951	0.0762543348584322	0.486287051699468	0.260396352629531	0.396969316024127
100000014	0.359815189758554	0.546500177008211	0.256095032777829	0.485702876858375
100003926	0.545633540921384	0.459332420211399	0.286515686005195	0.435983719962104
100021538	0.498524387562499	0.339904732005944	0.311896997743325	0.380795689590133
132	0.3183451550673	0.928692086633727	0.264376494392461	0.452962565808916
100001425	0.3371134401008	0.293189418789402	0.373312841509594	0.334203532792858
100020262	0.612909298772286	0.654007378101753	0.283398998021014	0.443512111340923
100002679	0.373579741659513	0.764348769679653	0.253290057748779	0.508460622953694
100001270	0.661533529041091	0.607852251344497	0.269130638179356	0.441958466314095
1102	0.785202821833743	0.99227596912233	0.263991344036391	0.45657442558978
331	0.339128834465783	0.22980801532886	0.220228463418283	0.385690557568959
100006361	0.467644435463912	0.615902039645236	0.243443301424527	0.516577305149641
180	0.739390295542984	0.969029654186957	0.269190928608021	0.452664817839526
1053	0.247771052298879	0.441445200379845	0.4055725361734	0.509177318884939
100001359	0.754737702591975	0.938124128965398	0.272942626257205	0.454045055948864
