chemID	simpleLRM_Fstatistics	multiLRM(chem_sig)	multiLRM(sex_sig)	multiLRM(age_sig)
100021136	0.0209371299852919	0.21814343574139	0.257346698150792	0.770606096386492
100000882	0.829986951710328	0.668414969183041	0.238303732302191	0.646911270501802
409	0.111691453331282	0.204745202645041	0.267355380117654	0.445387791145318
100002254	0.75957453387251	0.0501159907442851	0.155292652538128	0.651792295308153
361	0.00976301618444827	0.107314812579896	0.161680301158707	0.647124919012925
100019975	0.461163001622224	0.791257350515994	0.229623789354427	0.685620062916438
100000257	0.00105680320537557	0.0246685781698921	0.235255914678054	0.607877786702388
100001232	0.882302547061839	0.979358691382545	0.231379361664112	0.675752882034742
100001948	0.440290945963877	0.431003123170805	0.248038937886328	0.550338476918628
100001073	0.752314265002809	0.820034280199053	0.273351357082122	0.638749255441009
100015637	0.872138728821609	0.495401684659871	0.245099759320081	0.667913958694061
100006360	0.50153670998977	0.654120884789329	0.239519568322846	0.603914671373003
1488	0.560198107828099	0.607612581553652	0.231354406600534	0.649256868695841
100002253	0.725395019969249	0.879593221152001	0.225269990339514	0.689445267281803
1023	0.805247417209384	0.622391927247667	0.223659441792491	0.65110323081973
100004284	0.705057270592401	0.805553097573876	0.224075367000277	0.680744309112519
100001251	0.554778550209103	0.883433786269512	0.225076549279064	0.669315162912125
362	0.665057363494129	0.51054134469259	0.208337555175684	0.66741861087798
100006620	0.658845004989243	0.965247086289025	0.22875118349543	0.674368545869844
111	0.370665496310931	0.169318164968372	0.190812547235962	0.644629844402642
100009045	0.777957489778648	0.306740133236736	0.192300989520373	0.824349986929109
100002927	0.758688016053399	0.882303774758066	0.225226461786752	0.690007985849089
100015641	0.706612193579479	0.84042752202128	0.221008870039393	0.686681683038906
1114	0.102355417275805	0.897476833928986	0.224972619976981	0.6791039442999
100020409	0.448634047952395	0.44188348978402	0.232069505958443	0.563560876381369
158	0.127664013347542	0.259419592040061	0.295239069608731	0.702451117713913
1224	0.0580162950225468	0.194017624386101	0.175436661909627	0.71210932316193
100001620	0.520122197714708	0.403592196591675	0.198556398267575	0.675985105363413
100020893	0.355151007005746	0.0768770307900795	0.216274149519083	0.410185574643416
100002458	0.654826814822294	0.664612996213418	0.258724129544451	0.632623008259586
100001112	0.786173995173919	0.997663995839474	0.228111556402654	0.674706162818946
100002953	0.324573162080007	0.742579204235263	0.223943674460395	0.689350473886813
1141	0.41733052303109	0.0621278227607918	0.300853208570361	0.499781575485434
100015834	0.431932920916022	0.983735572627345	0.229930432628002	0.67526820416643
100004561	0.59966786694703	0.876559354075549	0.231396858960989	0.669556891443686
100020497	0.984562304343252	0.595097700100277	0.205007216645092	0.714148000242941
498	0.0581847125649513	0.330985846791671	0.227410756862133	0.748024749201374
100006051	0.941911542155435	0.90365523732486	0.230805599620755	0.670873496314479
1668	0.702711991173539	0.499462937729372	0.223592910721137	0.608907230728436
100004523	0.545174999850166	0.988735008669972	0.231884648194442	0.675116248335965
100001604	0.248492433984609	0.536833407326437	0.224966447574295	0.718521740893222
100001002	0.203458572782222	0.566167488361631	0.239891984249518	0.660194751902789
100001987	0.109423870307002	0.457509921262011	0.620408224844013	0.576083507853193
100002462	0.699686166351007	0.399098513820738	0.277319296252568	0.567376979371971
466	0.50654266346632	0.0650198111527933	0.249584011288171	0.649436444835019
100000665	0.960605781079116	0.42521374203377	0.259008230323855	0.615808039500187
445	0.872280198546267	0.417067274964744	0.254757575699229	0.725649698239956
2029	0.119692526379341	0.463784381895818	0.243336612853899	0.676208754788112
100006438	0.0998170037201718	0.225341420568031	0.269454330215967	0.687986108770839
100001398	0.185895736474336	0.607676346395004	0.212970126166902	0.692760799377702
235	0.328328951319	0.380917959975926	0.193188025212655	0.714345897344314
100000997	0.748161985713789	0.72444334348301	0.230548710366769	0.653132080017847
100002094	0.206140233538638	0.177002837205035	0.183038541029118	0.523427199734504
1052	0.428064123982677	0.729089587262791	0.210341414065014	0.734335534758287
100020823	0.381139314854775	0.623675202576809	0.215783751258587	0.663185829239559
100001806	0.23480549267871	0.583876279054104	0.274095566989271	0.684577405141371
100006092	0.734104376526873	0.842359908265914	0.233517155995504	0.65962243576026
100001415	0.143238337634382	0.0938355360874194	0.235811508111415	0.407515092913736
100000008	0.0255152506778778	0.0542416578306339	0.251536711324066	0.495752008018128
565	0.0107806886391507	0.0597722584995473	0.231893795286077	0.748233997684902
100015851	0.11586116555822	0.166599774961131	0.301246939083512	0.819885833282393
100001866	0.403395343702892	0.766255963262237	0.249929864786672	0.637282952285281
100020546	0.00319556845335465	0.0348225921134536	0.435608140765202	0.860969747069215
100016110	0.766867366560753	0.522163787944106	0.196808816111649	0.752274617502148
100001254	0.00268875149439897	0.0121513048722045	0.301012745538492	0.889997146338321
100006260	0.397877975569522	0.817905025980013	0.232231508810552	0.670215126650095
826	0.712969763400734	0.885598728304009	0.228784172396441	0.669257266474473
100001872	0.492611648425363	0.850883021852491	0.229158752879617	0.673280708501026
100000263	0.340494908070193	0.394715244741543	0.286857860215351	0.666049386776657
100021198	0.818872367393801	0.0590298632933576	0.151075188514366	0.380434483947169
100015967	0.0387063802001146	0.0970412480140808	0.288506227200028	0.499054035563526
278	0.154394902470169	0.275946837169582	0.214424964548537	0.953383857983384
519	0.82021871596845	0.374898262769321	0.275857162219253	0.61441695108016
100009337	0.084377950924347	0.296887496075621	0.319711396276205	0.658857539460151
100002185	0.300660397477177	0.946206725353477	0.229054565778083	0.669207857966124
100001278	0.436864695028938	0.300904670628029	0.285025531288644	0.628642463259038
100002103	0.778355423435583	0.64981063791992	0.229905008236557	0.628156044729957
980	0.849306233645043	0.48499448473761	0.254504712631621	0.655327848195116
100000016	0.972067401391208	0.489943179647731	0.227355388221785	0.650321079180141
100020372	0.285540252716638	0.609967043909888	0.22958885724248	0.627425994183708
100001662	0.705503627993569	0.119367464326816	0.0815291288774298	0.683041020604685
100019972	0.871070672288494	0.725139280668851	0.234911273683031	0.662083632567111
254	0.687349358165907	0.674871742716	0.225269804603228	0.677852815048956
100002009	0.637476711527573	0.665078475599508	0.225300528798173	0.590076871425111
100010895	0.566631343860063	0.648182520185454	0.263744137239937	0.657456237981225
1140	0.914975520671415	0.957735453149754	0.227211121133336	0.670415901495911
100008951	0.72413758919844	0.595313450965848	0.244759328838168	0.640492854496264
1084	0.648002376260379	0.899820321589711	0.227857380138192	0.660572054199704
100002796	0.0947539822177145	0.357746168727955	0.197679279198651	0.612454116443453
358	0.852824439267144	0.997408108074727	0.22900330331985	0.679095895358546
100002070	0.73202754348802	0.658194684230379	0.21962802903263	0.71043438877757
1628	0.441207529788436	0.16688688546093	0.282903907886834	0.659087581856736
823	0.863064436468497	0.618058661543943	0.20658325589297	0.720360316945431
100004414	0.380651196733229	0.0828925153653504	0.30290621454087	0.813277296497943
100006129	0.0112997615885648	0.0533448566972594	0.312509384896969	0.510514135233856
100002028	0.98776188851126	0.709570330440652	0.291907465394413	0.586718521922699
100021707	0.775396581663452	0.813480147780467	0.220304350205574	0.700054149142264
100000054	0.474134673459047	0.443670806620756	0.220101037327599	0.70008876755085
100010869	0.651787227759102	0.317471399472587	0.241817287251588	0.564281863003505
100004575	0.0732780750216608	0.204952984611648	0.302418432637997	0.945837404151252
100001212	0.998927131197068	0.668003192206899	0.231216980987948	0.612602309348427
818	0.286652170325302	0.644526632620893	0.261481170507734	0.634726421580247
100001092	0.000813478260465691	0.0133952497312892	0.213999744547411	0.658163567356072
100020371	0.947017063540035	0.854140623624837	0.231896091777424	0.671824903669316
100004112	0.149355209166579	0.450135849538002	0.244187165785618	0.681974715764083
1125	0.397435034984706	0.338056065866307	0.254232744256122	0.711372287625705
100020491	0.780156620845812	0.462191910980217	0.18517416308773	0.690426452531114
100003151	0.00168341606387146	0.0198620086843313	0.354440848953381	0.548320194563982
100000011	0.336176726844743	0.151824584068389	0.166998803101437	0.780730562912678
100003594	0.464337499627244	0.990090887006289	0.233358644519313	0.67461585106678
806	0.845746226846104	0.184784033465386	0.229624360883478	0.487878882171738
100001211	0.989970043184961	0.595662103006945	0.237616745814383	0.6550889642854
100002417	0.646633109684048	0.55516967465992	0.219039662504486	0.63355620071045
100009335	0.434169159642586	0.165964803952464	0.176619555306696	0.698891790872779
100000781	0.588631056686434	0.87921433435618	0.2255387350386	0.669389185891443
803	0.0303205855935439	0.0331758288722911	0.216938531715015	0.550275267896574
50	0.540206384705323	0.741146692056653	0.233606845146161	0.659262901559309
796	0.471595925411912	0.0574523166859472	0.257503553713923	0.660046254457465
100005834	0.925769755821543	0.64895017019503	0.269054522741497	0.66862763370997
100001580	0.975077566518048	0.569880376735821	0.248051612160077	0.67386345505264
480	0.860762346416677	0.557839870855007	0.197993958199182	0.681882528249376
100001540	0.189939304817098	0.684886857898146	0.308702208032219	0.764665236967041
339	0.633653872373646	0.136144602309241	0.209178319557458	0.585479351950169
1110	0.693597298763084	0.752537529976219	0.233274250672163	0.620374715759568
100015836	0.180740171681494	0.209862392755824	0.341991522062399	0.836359605109161
100009271	0.567746406470262	0.548328682739841	0.25744328876578	0.654980866690337
100015638	0.971980540986656	0.453721972225415	0.240978455750748	0.654328712343854
100021667	0.965239459760896	0.522770655269588	0.261763881737724	0.655970597691763
100001279	0.65651921012173	0.420972206791169	0.249095254436997	0.785399564292244
100004208	0.0121539218822816	0.0966324312529569	0.362516859320857	0.801946217119706
100003695	0.253611417857434	0.16842299932043	0.249896378289893	0.470091103271918
100000802	0.69720160940124	0.968595915662701	0.228939726604794	0.67204821116002
100002769	0.807190722345654	0.0933203688366675	0.15955609845499	0.790423536353825
100015835	0.0844930815085207	0.281060726351663	0.353518706315949	0.877856024352435
229	0.895646573613997	0.405206291992088	0.259509531155305	0.667380519293415
100001266	0.014727030550238	0.0472135473849723	0.309270818191481	0.946234196705589
1342	0.0162012424147478	0.0761584879782272	0.314170786181091	0.515798811868747
100002102	0.828387518285963	0.574182212408794	0.260107227378751	0.768334142613065
100020254	0.248061238980384	0.690645260137905	0.225466558659463	0.694112997648518
1231	0.522107616105552	0.257408717486775	0.277597393673774	0.627297703339425
100020492	0.960757465715367	0.85758564612828	0.223768786537112	0.671728331279432
100001402	0.414353085892439	0.612121298302322	0.253827281266122	0.67759894354431
415	0.00705397669560537	0.0913673413012886	0.274113720803879	0.731974634061819
100003109	0.977308256973971	0.959275848267061	0.229237204615436	0.671415989953972
275	0.483248348868808	0.87740381888672	0.234231594134317	0.663806633892758
1143	0.161953544177339	0.0744277738012646	0.206200952059795	0.773563282051683
279	0.239676964256198	0.239300849699483	0.220467997281503	0.505677804077459
100001198	0.973196130433078	0.924169574057105	0.227764312454756	0.681249222341503
1648	0.458077262350614	0.985976911217649	0.228884031604554	0.672807800990136
100001590	0.178780972565993	0.172410629449776	0.207100161692999	0.565852997077892
100001733	0.29251431402619	0.754048265671	0.222208191572458	0.696821161652721
100008933	0.0125365531842801	0.00203451713620192	0.320441561754689	0.628038089910022
100001550	0.35159400556136	0.507930437229983	0.214881668806083	0.622120990199419
1215	0.0775622179764089	0.225282888242232	0.190289034758137	0.628547947840364
100002356	0.261538291512761	0.112554746248487	0.279022012627561	0.681943129369205
100002749	0.725846551179882	0.782774586784878	0.231087739736622	0.680349843101145
100006379	0.185901491589303	0.180127942294695	0.269844051081066	0.432059556816164
100015966	0.0881796272829439	0.164451026081784	0.251477599936397	0.502483331645184
100001392	0.586314470465848	0.983683756080357	0.228316837436997	0.673314220479107
100020425	0.158138761182852	0.0565089542347745	0.192979472350642	0.436972241024399
100004299	0.277765411388143	0.765303912870764	0.24576189661358	0.729900069451445
100001734	0.675908002861769	0.581621341307983	0.241338787892217	0.620313515566389
1002	0.870450911557953	0.812971597280256	0.229277947047598	0.671745375901608
100001337	0.256209139753	0.721531133999748	0.210645863090224	0.67529319887832
100001452	0.872350040774275	0.592169370667128	0.221367238783503	0.619890080490116
314	0.541466329843646	0.394269036243532	0.238210172881023	0.690739313033309
100009264	0.988660809606973	0.524704172083847	0.179442709962307	0.801243171612086
100004634	0.0126265010036927	0.0482580809635009	0.329444305889898	0.482683620832252
100000711	0.689553304757407	0.698171073407123	0.254804275443403	0.698107042695608
100020536	0.0130707687433333	0.0742826213674321	0.282639816348399	0.78821445456208
100004318	0.44482348862383	0.685113987743115	0.235657996664302	0.669664334281845
100005850	0.975282703182872	0.561342572461932	0.287323566376704	0.629406478436386
100006619	0.224790291581767	0.115095756450354	0.259194189340913	0.65553114757586
356	0.557460813423224	0.694692907711313	0.220789920390114	0.688020041416826
1221	0.441052466875433	0.505473144987299	0.311591928075238	0.719908692207402
100001397	0.895616945127167	0.843967821397742	0.228823552065028	0.667998683977763
100019981	0.5626837659641	0.856952011767739	0.232125765844506	0.695291593516617
100001208	0.30700944233616	0.185185502571808	0.187574791637872	0.994309483085813
503	0.0140074950060636	0.0114923278646915	0.13801885380612	0.511875221080064
100006375	0.1349882190462	0.594460495782061	0.251386071421875	0.650780436526915
100001295	0.654986937386896	0.588757719332932	0.220932917576075	0.770954533311206
100020427	0.0669809680896108	0.0315351260602555	0.22409524358479	0.379351449967528
100002784	0.507213984211547	0.367138699937403	0.192435902006609	0.741747005501515
917	0.0687211545783288	0.222775279386217	0.253258929006694	0.62532141361604
1869	0.418209370851187	0.228652077638273	0.248755197181364	0.56118034521257
240	0.170117982803602	0.0688825873023214	0.123850315457337	0.450815493009188
798	0.00399775828788162	0.0816056364706677	0.350011720683658	0.603992254791589
100002952	0.212361100001733	0.575397013425389	0.229623137783935	0.740411599304218
98	0.698899507640561	0.90735400159492	0.238650297629497	0.676522436901625
100008998	0.338836021129196	0.352072260355703	0.181538268355502	0.737027199199842
477	0.97292101265478	0.274706055442743	0.23213427034917	0.667842338804567
100020545	0.0696563135964299	0.125444476545313	0.264948793407462	0.846673729674965
100021666	0.968639418554325	0.251279943182362	0.26367182991975	0.66500798449444
1256	0.358836249849912	0.592359652571173	0.279518693455387	0.722673108305011
533	0.213264391876019	0.0493537747676831	0.142335637093274	0.395734684060366
100001757	0.586183961179713	0.952296418010673	0.22945532750896	0.676241330578643
1024	0.227539245290951	0.0635741869858606	0.139307508281129	0.818043264358101
267	0.396303340191821	0.942979223943552	0.226856834671781	0.676218148154333
100002113	0.152970112024507	0.120432777744962	0.227620947939861	0.695704061047268
100001756	0.788544457757196	0.705731560798578	0.239152591209333	0.695267143020236
100001193	0.488495412663412	0.206913243097842	0.288748678958529	0.621632497975128
100001668	0.558012078465152	0.871747186468116	0.227464257138572	0.684012900049662
1124	0.277813306210021	0.275750258970385	0.196640893187116	0.774870170515717
100021331	0.177099099341057	0.327111421987547	0.213516520091107	0.71320261944907
1090	0.0865369618020738	0.0545754317165169	0.222777155610811	0.811903931216107
566	0.991862397048451	0.265612350900773	0.157197875808758	0.678671625819801
100003119	0.560624634061642	0.335094561559422	0.257135994735698	0.616742986996947
100006367	0.814763719577639	0.602361902787761	0.237273202963858	0.655185162378982
100004322	0.310311580449049	0.303301376446573	0.239214807565209	0.754546256043036
100001034	0.764920770123234	0.780215620031911	0.224300549653061	0.662521663937227
112	0.901850875131018	0.963018929781018	0.228066455273635	0.696118857316789
507	0.787778467564252	0.809123779013478	0.227741774793088	0.679068259098155
100009233	0.260976758299971	0.168181788967227	0.20534468794666	0.693122916446368
100000406	0.00606231477743697	0.0773885432413425	0.393553078472197	0.440981957614356
100004046	0.344884213420025	0.383722772439555	0.143775874845112	0.605308270540867
1025	0.789081914532871	0.709276604284083	0.220026486384466	0.691825059840011
100001106	0.225707684042197	0.209790407246142	0.192458361028123	0.703842995102401
1128	0.046903289160912	0.686026359347454	0.252155426346564	0.708941144525548
561	0.0508996233811518	0.166105135240669	0.153908648833352	0.590273410515043
100001614	0.935882025343216	0.40958503198806	0.241658623056901	0.650818556063288
100000961	0.723173553743888	0.910294346945858	0.264445564667547	0.662871456272637
100002397	0.984471565266721	0.701809484975133	0.230031200613556	0.624671125254446
100009407	0.907182453320219	0.93751663679068	0.234306404715835	0.668683347506995
100002910	0.800048344259048	0.639954399963733	0.211250920466425	0.615914527897244
100005946	0.211575574326069	0.314165719865406	0.266298435834604	0.781646275591132
100019794	0.142871569344393	0.374219155841054	0.235114849751657	0.807936674107675
100015759	0.25747606762503	0.0846392512658533	0.185958421058307	0.679516053615291
100020417	0.849872432523298	0.695035432609553	0.22179977166955	0.653753783675116
100001054	0.636284857266043	0.953665028810553	0.228491912829705	0.672448440995674
100001437	0.358042300190235	0.346725050871363	0.191358230424048	0.602278137229088
504	0.167974890369382	0.616020587647904	0.282093027914673	0.686278863483934
100001988	0.474759641038062	0.680758696312287	0.224453714886073	0.818599212524393
1082	0.0534735472760006	0.75087911677582	0.251033119690751	0.691677455371502
100001403	0.381376441947705	0.399975723808659	0.256312395414784	0.657277581687902
100001664	0.881208812991984	0.524277908034229	0.215317792532334	0.8562432706389
461	0.186792140992982	0.180340226463539	0.387812243312426	0.644517095278646
100000463	0.887146666817474	0.810917281387737	0.221777910242134	0.670462773919476
100020208	0.515016010296012	0.488868818143229	0.262301931603963	0.550991628189685
381	0.434913687547325	0.0467219619277395	0.0856984505928567	0.487712982908568
100010901	0.0719355651250666	0.0687183709758977	0.226584770449388	0.792712858369204
100001468	0.149190664644668	0.802230641813166	0.219727219560152	0.72138613166425
100000840	0.884456628119084	0.729213693328414	0.209544887343244	0.701123926256853
100020014	0.261614689924045	0.607041157983906	0.223962629814016	0.687971852518399
100001993	0.706757085255662	0.523511552827071	0.176093494586444	0.860918509166753
100001051	0.125977948619091	0.0257100885625929	0.259786749274664	0.363653433227383
100006116	0.446905972197551	0.557457026267287	0.233313386014048	0.674870082681909
1108	0.947087076137028	0.974398525389212	0.22885119187648	0.677304505536361
100019966	0.369584298645383	0.141015059966194	0.278087135854009	0.643925466803993
100001743	0.687317948251259	0.457449497534713	0.223232168433095	0.658711405387517
100001294	0.243453290801198	0.294515649600044	0.178828007019014	0.72062809476177
100001609	0.234413744779566	0.103493218642389	0.213207237362455	0.766378409200132
418	0.921434244863957	0.862879688183478	0.226485388536929	0.692813792867009
100001178	0.538066110818332	0.705374873927616	0.216762890290286	0.630932662250067
189	0.925574336130967	0.693488266389117	0.210004059903275	0.642026646456918
563	0.609946556972253	0.74266420812004	0.24502693986133	0.653932081738565
424	0.677522135157428	0.492488760012824	0.256442849553153	0.657275530018378
100000776	0.1372755229901	0.327248693664711	0.264563355703514	0.676329782076405
1001	0.919503298228957	0.538863991026851	0.235193562694065	0.677090234412906
1135	0.361104761845032	0.110085162489273	0.222705255758843	0.730837182857249
100021093	0.306412179123339	0.460664913801633	0.269800785407796	0.697852656519578
100020219	0.0969341859860395	0.191221707172804	0.236583855234913	0.556611249805696
194	0.678730182969109	0.639809068355705	0.238680243400039	0.605760523764828
100008930	0.807066048244001	0.682595843567965	0.248163901666535	0.657203196227389
340	0.964024324341864	0.397990581844418	0.168801901670668	0.733900544678365
100010896	0.992071399663094	0.706054595186914	0.212640710175315	0.682725606953097
100000787	0.244737408745323	0.117891912642723	0.225165457716997	0.393482388258239
100000639	0.0397031949699601	0.235045380399436	0.206935278892991	0.679096707673068
100001851	0.838310461124314	0.199602092792427	0.251347641801542	0.426695027737117
179	0.484575252388296	0.676613290769308	0.225714327144503	0.685399459429961
100000626	0.409024602868276	0.752072218023049	0.238464856886499	0.674307212020042
100001605	0.00648982116145118	0.0673475204414449	0.30055880619503	0.775703156435823
330	0.319264441662106	0.497403849097308	0.254192492247945	0.562531807869554
100001162	0.869947730913702	0.510875553699249	0.196300397517758	0.632391364118208
100001167	0.0363640185551877	0.209636264945707	0.222630057663767	0.654381031002711
100002067	0.636497158834319	0.872506173821657	0.286079903574294	0.653109887783338
100019968	0.777664988506017	0.43798893145702	0.255515075225044	0.61790602092498
100002014	0.965562766632699	0.990156739274766	0.228195947041153	0.691027399617459
100004083	0.354262109460703	0.11282685509641	0.255593005862898	0.52766392379698
100001315	0.323965060600744	0.40054964552434	0.243016063695923	0.738773294545189
535	0.333936007776427	0.648855211714393	0.247043145566659	0.667115368921257
93	0.501041605423634	0.310585573191484	0.262232682038158	0.528200211400649
100001989	0.348517281996369	0.587113610636156	0.207332654370621	0.721752384083381
100001740	0.72005891554144	0.391453994158146	0.205733417325233	0.693983894482327
482	0.171811984252014	0.874679598655022	0.229129346963702	0.658882719991851
1629	0.312770518873763	0.47547585700882	0.275340048086057	0.652426707653046
100001399	0.601299387540696	0.478421651601332	0.243327785983947	0.674435334237304
376	0.879559858672621	0.169795465565859	0.140016168292606	0.780784769878422
342	0.670853799347261	0.549665167065843	0.22640720830375	0.671142047636248
100001253	0.0604594858939269	0.284055856180112	0.206179211609965	0.848297596848516
100000708	0.669159273246794	0.838066161513395	0.242246327784175	0.678660506523723
244	0.21131399211252	0.0566697925663772	0.189752777095219	0.789820746362413
100006726	0.446596580418754	0.302571856047289	0.272576645032902	0.659418456735869
100000036	0.154663635759593	0.697166293001358	0.215233088865228	0.707285028507878
100001257	0.0563658748939059	0.158729345505849	0.332690609571102	0.90291368553687
100000445	0.70157863357888	0.604182808202686	0.252356411993337	0.628725882412513
100004088	0.00392804003580318	0.113896602374085	0.267375957071362	0.750010034967631
100001423	0.961215644218131	0.729519535327944	0.231943318758631	0.643027766660641
100001276	0.387369455357146	0.270454529804305	0.205638134387576	0.586264230916528
100001876	0.828145007662871	0.882131609106215	0.225520181396179	0.67658009476747
100009082	0.723069815589095	0.0443959382148118	0.101796697896347	0.655252213122568
100001121	0.375952852136209	0.744214255518406	0.225082745849736	0.669280699536302
117	0.462387509044753	0.733897340399963	0.219243521333855	0.687953740962672
100001868	0.0395251540266884	0.116261777409142	0.277222399503263	0.682496481219071
1134	0.778329110620263	0.326563561276062	0.157967425438194	0.646586529176492
100021012	0.419414454052732	0.612811487155558	0.238098947493562	0.695102520923635
100001181	0.791386642540638	0.282734876522075	0.288435113762486	0.60619151686728
100021467	0.800156009548047	0.32181091694804	0.233601827575683	0.586320407450762
100000447	0.257591635715784	0.268941851844763	0.26733749294462	0.639655248239017
1162	0.000783322962447015	0.0167360968121129	0.310070209202313	0.577634713841859
100019982	0.491256680554696	0.48020187543745	0.239537852243303	0.65687468920535
100001613	0.947664943229358	0.482949653020938	0.241949966553351	0.644346120777168
100006644	0.387222383441808	0.613103385044968	0.212097806265034	0.70140055919596
100000096	0.577357483636252	0.026063572243431	0.144710806203541	0.640093335206559
926	0.486866781315982	0.713935657335776	0.233600130594062	0.676823938663143
100020004	0.889909499286404	0.683918686811845	0.241596098556781	0.672241663928807
363	0.221603736985457	0.0530974314014248	0.214567611694938	0.270425743094609
1111	0.404986751243171	0.984778802939435	0.23495983697213	0.703979710694618
100021712	0.669848442697999	0.817510144060321	0.22798984637552	0.660983671183901
460	0.920410932357098	0.85760662612152	0.235143480659351	0.692126992693808
100009331	0.270596736198632	0.175972038946206	0.199434778097523	0.704855908489612
100000442	0.195170504555487	0.633792615667265	0.251953289684087	0.694249379800495
100002945	0.0976018806496317	0.0191608911399475	0.307715703773536	0.631190195203108
192	0.72819758333758	0.954812210599982	0.244549789356245	0.672145107090261
100020241	0.322391174670047	0.890017528674006	0.225902669685841	0.671043984797667
100000580	0.106681597482206	0.114676728079408	0.186277129876152	0.92647921483622
100002466	0.00643895718498975	0.0210694595671279	0.18286248213305	0.419672624985302
849	0.584995102564915	0.510908341550513	0.231116997711294	0.612159152760722
501	0.54638115619017	0.414970185945397	0.256071452161556	0.632627564692523
100000282	0.537039128685356	0.109642243579134	0.296551058177941	0.558418009788412
100001577	0.076735164326582	0.311915168335693	0.324614286929136	0.722143390530599
355	0.128383834583934	0.33952115912421	0.195084381272478	0.581151039574976
100000841	0.563393109953793	0.791291901767424	0.217172325073622	0.720837907396358
100000846	0.839666780497006	0.350706341794228	0.220174687947202	0.666797724605402
100004295	0.972463816473703	0.435995921716039	0.212653478846373	0.626625740063519
100001586	0.124304697522544	0.056054161984257	0.338355199927766	0.346171562542357
407	0.0162290496607883	0.0377604453544007	0.263377918513153	0.741529088460933
1137	0.788958150156001	0.690975293543947	0.218043845516129	0.717686521545147
100021374	0.0358178203128797	0.0148169381366847	0.172603259656444	0.91863045493324
100001593	0.641022395963543	0.901215514138401	0.227979293008733	0.677725440284938
100015971	0.705580825914353	0.701949477637778	0.221710030506421	0.670952434265045
100001022	0.21429523369489	0.106798941333112	0.116794151239083	0.999641453972248
1094	0.0748080852686582	0.285214522615861	0.359599329234291	0.885093540184674
100002122	0.259741034228425	0.241663465489096	0.186857225912956	0.775781558942751
100000706	0.655992821018494	0.537645363583266	0.192702739264475	0.673628483983261
100001055	0.855299689341665	0.373984381190453	0.2028523444066	0.609461459336808
1235	0.411194913923853	0.648732863684175	0.213498998083196	0.712392122081935
100020204	0.0835372170909493	0.494275238925973	0.250246419858226	0.720342426427735
100015643	0.0361621744185433	0.292964255373927	0.251608102253761	0.62623694247674
313	0.0241290034333471	0.264562799999944	0.24304979017812	0.609749716988939
100001413	0.972819378677072	0.769300020606605	0.217888335688155	0.651837041104554
100020423	0.0227540120785299	0.0171524726227357	0.253700699587612	0.354335087700757
892	0.507116211022632	0.162119425031845	0.254049382213936	0.702437149920222
212	0.0730729893458887	0.141040831885748	0.310608931421507	0.650902553052617
100006105	0.227591968566071	0.20763409256737	0.265936616856349	0.685815170249027
437	0.72416563288331	0.604960012207481	0.21321602508827	0.688575486720873
100019892	0.401167216471151	0.844857239067803	0.228004487829516	0.690266303295326
100005716	0.0581134615998803	0.0936239229118448	0.24576176760956	0.76190087097726
537	0.304109596450591	0.155358411687054	0.242176666450716	0.698362884374846
100001990	0.24258602554541	0.556177672473257	0.268634199050766	0.617016710423783
100003397	0.0158187964222447	0.00224791794173644	0.16037247656269	0.407679399437015
100001320	0.167072753934475	0.276433494966845	0.297381691196501	0.460213106671077
100005717	0.129943997727741	0.091092271037791	0.270980372934886	0.707363364181683
100001207	0.020413593495258	0.144007923461712	0.261268321634164	0.682445285953602
100001999	0.438279453409854	0.715026642390807	0.21308130162848	0.811036331218758
100002488	0.254192405020066	0.0226142273005587	0.27894772858023	0.617436944278876
62	0.157179852460941	0.607292709698879	0.218366652329687	0.681389385146715
100000467	0.621907931679121	0.455880293124709	0.219476673188494	0.646933710381111
297	0.00589886022968803	0.135073201109088	0.233872686863632	0.640763322559348
100000285	0.0335781197937725	0.408675715339493	0.231948051556402	0.767851145229539
100006056	0.0643310650669047	0.376961894742773	0.242573574585168	0.716584023073646
100002126	0.127065740854941	0.247850320760981	0.173442682115695	0.994932463389159
100002129	0.864828186620308	0.724809008031445	0.212179259969836	0.802435753250639
100020478	0.0275591496413879	0.189588579778256	0.2011330654656	0.705377042712543
100004089	0.052977546993634	0.502483494723319	0.245289255006736	0.624905095979849
100001755	0.507428922018008	0.585490707094872	0.230356164734355	0.629468154569592
100000551	0.0312367011320338	0.980714184314691	0.236195488959853	0.672838063786667
100003260	0.54740809626025	0.363141435007286	0.259865766727295	0.743638869914999
100010955	0.785479147291068	0.350641367000411	0.174721008931274	0.556834033608953
100020851	0.181903656009988	0.422047765506993	0.248406746216036	0.698092607769215
100016069	0.729532800066855	0.849590572538627	0.231711821456608	0.664644010463439
100002027	0.489795123594863	0.515858115561266	0.173535538679504	0.79417753831345
1123	0.399548748358816	0.203429412716712	0.219457305408729	0.799147803260932
100001150	0.484419534478571	0.47213725445819	0.26307225281916	0.638352727896174
100001657	0.28467720208173	0.715320498669398	0.230262173183925	0.658325673649475
310	0.242815665938263	0.333072298140705	0.198519384488438	0.780216271840487
100001314	0.416062614811284	0.150314711574476	0.218803762274832	0.558996491439579
452	0.759672420089572	0.6738371028136	0.259014834363758	0.64815364245921
144	0.0600093226086698	0.0443201568623057	0.280805379669601	0.527093598751522
100001182	0.238208388140897	0.174061514011027	0.28637580416995	0.658581756156035
100015965	0.851192463280319	0.545390182114226	0.221860000149206	0.734920623819827
100006108	0.953525774803399	0.499912252305211	0.237310085563642	0.708557455626502
100001400	0.833057618823983	0.713405349717549	0.220492704749452	0.665788677045077
100004541	0.465557765356503	0.300325649546095	0.231416693115226	0.466529871188215
932	0.8158791031795	0.359904715263257	0.234807154127114	0.705424520908773
100001992	0.811876773194904	0.946900170090724	0.272441667155149	0.671948628067704
100009252	0.144187928799237	0.20185717610287	0.281788611621312	0.655076811883948
100021104	0.613343570797778	0.524792669155991	0.181996565410816	0.820797286434524
100015838	0.00714377392985985	0.0348850232776993	0.341291050648201	0.930270075552594
250	0.00157545323976596	0.0314858747959924	0.442442963456291	0.766136623532307
100002537	0.810772469721096	0.584410673572832	0.216214491827764	0.764211192104421
100001658	0.756431037548245	0.659773113551041	0.251316812622023	0.65956996358223
100020416	0.320917293574025	0.380874971838106	0.202961105345624	0.649476261579677
100006642	0.148078206124485	0.593523854067061	0.209704968420163	0.713834742995035
100001391	0.0706376768089111	0.289691287660914	0.30372099847978	0.798479905035664
825	0.718873922100929	0.557289006475553	0.193851606157962	0.688118668468355
215	0.0190870122460275	0.103064540445219	0.27466532597856	0.657348807899864
100001026	0.905350123787892	0.810526318216021	0.224239159707881	0.72574425755158
100020541	0.357409212532052	0.383926952234682	0.191138758473618	0.720655769866562
100001526	0.160422238599035	0.247718978651111	0.363011234575591	0.796198216804424
100005384	0.547731666917175	0.429646806754067	0.214903888895602	0.597719676072318
100020378	0.184720901794038	0.787434901278123	0.223270842420816	0.677717098063646
100006115	0.975149728570706	0.391008553258082	0.305185763099836	0.564573344673042
1442	0.269858276177861	0.0523069785010707	0.0978337051051546	0.561758606716307
100001843	0.0870950811377332	0.15343397913943	0.246807183821229	0.78223445423441
100015837	0.0967019633882364	0.2228872999259	0.435066774921714	0.61643223015746
100010834	0.759761002508019	0.99959612064826	0.228535495160484	0.674633082666319
100001393	0.580294817590738	0.434596467104119	0.181638171836603	0.714906250652245
100000015	0.478730631324819	0.441020698695291	0.203016514502233	0.701750772714672
100003892	0.057469704692979	0.0565794764498349	0.202655725053781	0.925929646342267
100000042	0.175062235484505	0.0254381426335992	0.245969646077848	0.581936267942527
100020550	0.549413405521696	0.209161806230662	0.249331177106673	0.567770181337649
182	0.418444313839169	0.338078038814725	0.220365597412299	0.69498006921413
100015723	0.128390820732869	0.408250567856012	0.231296228375687	0.655313526422454
100020343	0.328548680224981	0.420272501101267	0.200993312347197	0.676135867425387
512	0.354048657460945	0.637265708330613	0.251966401023797	0.646804049562969
100021100	0.683777818006198	0.650246819349291	0.216138740361337	0.678092957719506
100002528	0.329712752264916	0.0725820507549439	0.278932064420282	0.455340008203583
100001287	0.634399760636552	0.974798099361557	0.275146955329513	0.679777995013739
100001229	0.722425440005641	0.887082369659123	0.237167953811081	0.662990408825814
181	0.322966839940298	0.788762159751023	0.222814624898324	0.704147973921272
100015831	0.00123621708387756	0.0175136034806929	0.314515729107743	0.455817139788573
100020515	0.381743448318754	0.50548188979301	0.191143595964223	0.811635486432031
327	0.211820266187193	0.259662007714373	0.281507402034762	0.627165733469276
100009394	0.551695599869902	0.680586300800521	0.210621849961077	0.710580361874861
100001596	0.958793106211607	0.257175078057149	0.20807831755412	0.513095556618771
207	0.837278527309499	0.481795337862873	0.240435822533589	0.633531153102561
2054	0.40536000758049	0.666634680821834	0.213534905197567	0.697281661265533
100020259	0.687786683957157	0.597278988608488	0.250834525704835	0.659385506873477
100020414	0.00206807676892582	0.0270363674392709	0.153002834213345	0.643916422445559
100021131	0.853239838541553	0.279524678835349	0.220571205478434	0.630896466989159
100004499	0.681873225430085	0.838879763852116	0.225865751955329	0.657452159947168
880	0.131650134562183	0.72197111413009	0.252918527196449	0.66923449417371
100002049	0.564918307640701	0.342156592828056	0.255571431503669	0.626761904960853
100001739	0.602708003743465	0.281712294961282	0.295426117052541	0.635785055439667
100001126	0.439137876917954	0.13975509448707	0.146159647908892	0.548959551764517
1113	0.686624630268408	0.84950318054129	0.240120901825613	0.651798530333257
1083	0.740878064261633	0.22108692189859	0.250005837384884	0.56382345931628
100001730	0.0928715822201789	0.205621368124329	0.269278401926815	0.553928605262714
100001412	0.513648685761006	0.904338381876721	0.227121435015829	0.686777895632791
100005996	0.603962924664326	0.662529176584956	0.223172781466668	0.650650410247415
100015962	0.00540643567216914	0.0699237125807083	0.16211099180457	0.999881316309294
100020214	0.644152904549883	0.400383560183565	0.242884787737905	0.591272331939183
100002514	0.135736373371435	0.347412479750049	0.239848776443739	0.61207580120078
564	0.241385890038594	0.0650821058579527	0.20567442096269	0.555358293826078
572	0.0171000973478186	0.0163009926463281	0.343312406335701	0.534164501425303
231	0.970632534345528	0.665872447646094	0.210740294413735	0.68791332513089
100000453	0.988991266308778	0.820868199688627	0.223690709286104	0.696894390532745
100001007	0.1137906235974	0.244474349656616	0.276227827404333	0.552651143784018
923	0.671528348353995	0.363139080146371	0.219687121861979	0.72390899636485
100001247	0.35584611387256	0.461401994718186	0.210376919725583	0.653828154858654
100000774	0.995371960589385	0.746205636360836	0.213934735512106	0.645073683053754
800	0.381803068341757	0.37402531576577	0.242576779900638	0.730311131210162
100021678	0.245066969039756	0.344368622251655	0.182752226789567	0.673167409598787
100021711	0.459367690169691	0.883236745237334	0.24001802225173	0.679719460208292
100001274	0.729373892196707	0.360241969001825	0.217542085174295	0.508503415969106
100021220	0.101063015722772	0.13922443956207	0.288652336125018	0.985847493231208
100020253	0.392824986131618	0.954883730176092	0.227927305050819	0.677008814560774
100001170	0.778805075106339	0.185977906474583	0.211382340823906	0.577168914290584
100001466	0.320721463619018	0.922488504141315	0.233868607927668	0.670279668910554
100009406	0.675426300222097	0.630160847030869	0.217456925173161	0.692604170423335
1026	0.203291403244245	0.458503118770779	0.244751978479629	0.640659180233381
100020837	0.935222366319108	0.308115898346987	0.263667415762711	0.558965034538977
100001006	0.0920858182944437	0.0954331891750071	0.223140278476505	0.794754823299575
100003674	0.812066086679489	0.140976502136684	0.229562698557965	0.661905658231918
100004396	0.380819648692341	0.471697889065603	0.264091978047027	0.580769708038447
100015923	0.627361768472323	0.969850353135968	0.236450507039103	0.677804738387169
100000265	0.4655710618701	0.706897589239137	0.233870082678326	0.645682585134866
100001409	0.115274111759702	0.143206431411207	0.229306805273434	0.524170364533533
100003434	0.364380526689113	0.567346229059688	0.234618162034275	0.606776814428351
100001334	0.717682027800474	0.0940097050383021	0.292758358785186	0.558097916175754
100001102	0.649785002531125	0.808752907711028	0.235880109956248	0.658022582447803
1268	0.710305277520028	0.0758417698392113	0.142465551696775	0.629220940441417
100001300	0.0528402690003273	0.0259721610623589	0.165151998826748	0.679936645884658
100021324	0.156602251645962	0.604143342983538	0.320220478790642	0.660495716382022
100001617	0.0894447674139166	0.0914682609890967	0.21938489395357	0.715928701392536
1105	0.981746772291615	0.183706933464705	0.312436627192848	0.383298482551799
100021502	0.0481669972677579	0.236490902485767	0.217158473458225	0.705330910480926
2051	0.764789354951463	0.616821127224835	0.230012043848063	0.583868827217272
100001256	0.201191817372562	0.607264361023794	0.256864990366376	0.780149328844166
100005466	0.073585412431012	0.0912766584357007	0.264878502241066	0.473232215134746
100002199	0.102155874828101	0.661414537919634	0.239321237244428	0.697260440462336
338	0.0169580510613951	0.0504448707169126	0.38159170212471	0.441131684581429
100004243	0.351629458079368	0.481928552231044	0.204884175368676	0.688724229389716
799	0.397702583909315	0.991507041150164	0.244292830002635	0.672965493938962
100008928	0.650482127471102	0.121505960531339	0.233065956525243	0.664013870918402
815	0.0934753594652351	0.272742087320769	0.231630779397607	0.748576394254136
100001456	0.0141402008504166	0.127858296409484	0.23325330226518	0.605786906299008
1242	0.0612578228769107	0.0715381270635493	0.277560353938733	0.468978945442464
100001416	0.304514306439597	0.109372383535854	0.155385809400692	0.423692059029891
100001462	0.355607157976351	0.32887062660307	0.275646099648167	0.63253481307685
1087	0.223938912872816	0.0453895182022401	0.243266967111454	0.636138955537616
100020421	0.100093861257651	0.133552092384829	0.266578518270694	0.452512430948165
100000010	0.00208220468116481	0.0292406287035933	0.234254235851401	0.735324359245177
821	0.582569782190349	0.416949167946607	0.25613200399637	0.539119629120045
100006627	0.327449053084677	0.179037094937318	0.326540306355214	0.580473936796279
100001277	0.392336064749613	0.171686331929354	0.27475023786376	0.631862944194547
100021141	0.0318450901911497	0.171655058251961	0.258676500696431	0.777055546232956
100021105	0.163918244363271	0.256612082316894	0.242905312423254	0.481875230565922
100001950	0.000522005779254592	0.00907753171760154	0.303274117341658	0.83708378411071
100020217	0.96817721118121	0.314540626250016	0.163635411141625	0.513703723162469
100006651	0.0202462555248498	0.13649578978818	0.261824344476466	0.421301044542427
881	0.911294910469403	0.404020533184174	0.214112941511965	0.686547053648745
100001509	0.70092634521531	0.153589257105301	0.201653174503623	0.594073676106435
100021709	0.520886799949525	0.775031955260813	0.221136986262134	0.681542674787012
100001635	0.303852480574171	0.0385281307385653	0.252300195061636	0.621983160445058
100002613	0.409019588682685	0.114673371751286	0.210231958018563	0.761660581713048
100009329	0.424133358634723	0.532867946831244	0.186019471399845	0.871679986980154
100021123	0.406356356034462	0.296640801620835	0.231211971702259	0.490078071113341
100015760	0.204142697889639	0.138165180997915	0.180977821928481	0.711383120708658
100020205	0.456990950080616	0.495071345811727	0.267535111788333	0.530148611047207
100000765	0.493866472873964	0.698340069160328	0.226681241350885	0.647667538617013
100004111	0.413714958962712	0.20456684572983	0.257983685719337	0.647146752314359
100001615	0.1401159551857	0.922642822163011	0.228959978982928	0.672532655853008
100009227	0.189923745601283	0.117362736599291	0.32952889666304	0.814140364348983
100006191	0.404561833741916	0.599176328167237	0.251706095723546	0.62594548934749
100004542	0.47127657243773	0.39215417458012	0.24173694897903	0.717977029494235
100003686	0.279164438980854	0.126731478931591	0.329961449342205	0.610237997899006
100009232	0.0284679208282833	0.216290401064968	0.227999136779056	0.578774527057662
100001501	0.036561263183149	0.0891919661335158	0.301819441144868	0.713047083232792
100002367	0.429649715559637	0.207659992771266	0.210220508951895	0.510548517442583
100001108	0.419422748334217	0.639353617119295	0.225140909191787	0.660438684790792
100004227	0.544760363124826	0.844739615136745	0.228516938947932	0.659281373251881
100001310	0.638054998906736	0.708872484364141	0.232558269420176	0.724321929093059
100001994	0.611709678319627	0.657944549741337	0.199838682316163	0.844986304873766
100015839	0.00710978702955764	0.00987167144763538	0.305218202921055	0.764748975842146
100003271	0.00535282533854215	0.077649655340767	0.304212485713006	0.476889015278932
100020496	0.880167162310943	0.908170723551554	0.227109590125983	0.68306088506841
302	0.822619072520229	0.497483895632906	0.205928749538388	0.645822213396643
811	0.92206149785689	0.839269548354836	0.22614498015549	0.696382520010068
100001267	0.941470720012545	0.699006338366075	0.20918534648907	0.667957027657569
100001197	0.0283414979087865	0.355803185705853	0.262926626542951	0.683036810790446
432	0.220604701011174	0.471751016456591	0.245800879607802	0.653942233709931
444	0.016021366012244	0.0715801596251806	0.264788046325893	0.798992770911257
100015968	0.412220353364768	0.429658747746754	0.227338187452234	0.60867748233464
828	0.953656362122022	0.779599066059877	0.21943041426037	0.683730673765642
100004054	0.313276376270293	0.902361265710581	0.230282055389939	0.676610808624288
100004635	0.127273025800913	0.199767696185908	0.52990729514601	0.441423321546187
100000491	0.36037698945946	0.481453374321132	0.21774959858746	0.554653735094919
100000939	0.0510743843771168	0.0355154601876719	0.24563892863506	0.567144703531774
241	0.305579141196497	0.713980300396913	0.243443257200742	0.687583538968644
136	0.400789975543255	0.0783006951131669	0.20102480459485	0.853641134386468
100000792	0.430753262348177	0.78840050026863	0.216942220787961	0.806461036674949
100020973	0.48931953325947	0.591383371479657	0.244690038278032	0.645797432002741
100000936	0.894820516105254	0.770141370792935	0.226404649405129	0.677847975519581
100001313	0.00745094691020407	0.143593309633917	0.241600473115329	0.728817523075554
100001951	0.0354116178124199	0.079064961273018	0.257796282999114	0.663872171747997
100006098	0.0130466422270825	0.0745457005203489	0.256893981578607	0.79759865821652
100000007	0.418156101985955	0.748488271799136	0.236264309630889	0.676511806928789
100006641	0.871612961807921	0.87467674285003	0.247792954221161	0.674354060188496
913	0.0126037668777173	0.0648867999346037	0.288858008906977	0.539657275383431
100001579	0.838819992437929	0.451437912015306	0.254022946343998	0.674021145583539
100002911	0.168655193478472	0.0149594606099762	0.307634161501868	0.631901235513649
100001293	0.33760891330167	0.435441834157268	0.205615182340452	0.796849918761394
100002241	0.26333455538205	0.568871166856141	0.242146936568483	0.645768633848534
100003179	0.602390469257905	0.119214298755958	0.227372884046287	0.540610710496529
100021372	0.0743971240475207	0.055951550535033	0.110239138876652	0.687848464479628
100001956	0.382973201885027	0.568677240850215	0.231459777208043	0.598303074918952
100021162	0.138047303389169	0.118934433608802	0.208416864173135	0.478330052986584
100002259	0.263456168064738	0.516946029838968	0.20229858538258	0.664042322218922
252	0.439915395409568	0.629214096000156	0.263540757949583	0.623771680540591
100000707	0.5139123521828	0.369926021954811	0.227064983292289	0.680651061767488
1489	0.752257736332876	0.0240150526795211	0.172052019631256	0.647703694088785
100020361	0.0393969037073514	0.105966100641432	0.261539949600588	0.945914195147687
55	0.930690786619073	0.951260075558505	0.239726332928137	0.670139750207392
100000863	0.252305599596	0.24921080081993	0.196761888140907	0.711288322543736
100015840	0.106085406838045	0.0730602087837995	0.310764084648317	0.628479257624822
100001541	0.0634148544441847	0.039676900983304	0.127712298302196	0.664277161223486
100006082	0.111467401206352	0.045165990821963	0.303238381789457	0.668549033151143
1254	0.726179169469131	0.861921355890081	0.228356251451611	0.700315426751144
100001624	0.515709907324742	0.365740329171947	0.214755575670538	0.650681006109855
100015850	0.921797118873317	0.508923701028177	0.295022136547624	0.629376504441218
100001104	0.00738178909752176	0.023569047853968	0.274764957653161	0.937146353431212
100000900	0.156138482462581	0.456334023042309	0.237663588548607	0.678521082711045
100000269	0.283868205534203	0.0985669019344753	0.141647646537595	0.629648079250149
1022	0.210566248277181	0.992712022356097	0.228696325697903	0.674371327095625
100005373	0.218333641230404	0.0797789686673723	0.203363398995833	0.704448754293914
100001129	0.130365975976066	0.695533959471819	0.220285364218332	0.704958179499991
935	0.015240067888133	0.141799174598588	0.303169222593779	0.542543274465372
100001262	0.120433054781785	0.17797461054739	0.23537028063228	0.702361258135915
100019978	0.238486434157994	0.709072037506492	0.225854570584146	0.662987761199696
100002293	0.494435489763141	0.610480997066773	0.230588062291201	0.676487073523478
100001426	0.249151810731772	0.312410406056325	0.234567186758263	0.527176835428373
234	0.038580048259418	0.158752055824198	0.227044801125162	0.649671030630606
100005403	0.241895508265267	0.993699277018219	0.235221223563377	0.67747597823405
100001083	0.0384029444452277	0.313959632322187	0.250883114467246	0.69686232214579
439	0.771711407967594	0.352941936538205	0.247676287103904	0.668669356252318
100001086	0.301247781817488	0.391366246005041	0.240560069928217	0.75895820539825
100005864	0.719998262267883	0.447448599489865	0.20861851211928	0.741684501502576
491	0.539339518656128	0.923612157834762	0.227522249564837	0.674658885329541
100002029	0.614944206588067	0.901964432771172	0.227825374659215	0.725416086596396
100002154	0.838203105084343	0.471952664918558	0.201252225990035	0.65144550774483
891	0.555100797029132	0.22345797552843	0.259590934484649	0.642549066659366
100020261	0.404684461246785	0.477405479751397	0.27635338912272	0.649287285154153
100001296	0.572731406762711	0.519231850129776	0.232055672941578	0.576779215371526
2050	0.500181745170547	0.527923969840908	0.247005142992671	0.617922739730814
100002761	0.330607345505623	0.643546277737933	0.195765279700637	0.822256100635501
100006614	0.896446849820308	0.616946810033252	0.207494463722537	0.746765663903593
100001597	0.9175913857723	0.138906745080094	0.14360180706816	0.481745510706798
100020853	0.72908945064156	0.849985629081178	0.23200810553096	0.684422404717539
100001446	0.3466017346478	0.460154778170064	0.207771136073844	0.666205971078207
100003240	0.323724073873325	0.135917099054703	0.268924385489604	0.593143332974114
100001502	0.0310519201509435	0.234278958896388	0.279706066656877	0.761273987271612
100020866	0.107418390808684	0.0120116422064164	0.136687067006025	0.48642945146929
100020419	0.0350813207001276	0.0953919893654135	0.250214501244719	0.422768000327877
35	0.590150439567379	0.331844540873703	0.209129784208744	0.624246333492904
100003696	0.0142482358299063	0.0575376128039334	0.344257669999273	0.612378602278491
100016038	0.971150834577342	0.769067464331472	0.220613195241032	0.638877337897205
100009333	0.174363610334966	0.15609806970782	0.225258379694868	0.703224208586082
100001611	0.143283267865656	0.320940034677532	0.304557784065593	0.649963671116225
100005383	0.507455454601273	0.239038812648589	0.232740032605906	0.722796563278103
100009239	0.369384000516786	0.15526246687357	0.293541119555936	0.503323942912676
100009332	0.265540149333222	0.209012403762464	0.225104229829089	0.634774764129393
100001731	0.166605027489277	0.654959474567707	0.235071671769805	0.649759845279342
100003415	0.391843405032347	0.482342236653236	0.224807254356219	0.688382280035892
100020578	0.145486054556558	0.19761710014413	0.214093892138748	0.568419089822984
893	0.749217372575635	0.567814964603513	0.227744234270652	0.684280013492656
100000963	0.369476870861075	0.244674682813564	0.301998247742528	0.49214403203642
273	0.240776508221254	0.418547368383942	0.268390268086205	0.670593511796223
197	0.446969315212317	0.396760749931553	0.220577129012874	0.548543187589492
100000808	0.310270602508687	0.237905573047046	0.215544825456117	0.829277242362345
100002284	0.630219777284449	0.413436052835857	0.157563010699832	0.620091243053393
888	0.979067794569647	0.10454667601947	0.251728477990022	0.655867618240643
100006435	0.488202120572752	0.310561762583529	0.171078729270405	0.99008344611529
100006374	0.240896308351066	0.591383736741188	0.236659867974157	0.664844916644844
100003169	0.51043775169996	0.906823619423807	0.225676671476386	0.668430031022996
1004	0.646089575329868	0.792422652278156	0.217894549290628	0.65475255388609
100005998	0.0615460431911122	0.777848045768541	0.25221159697927	0.689189120839131
100000773	0.720314474980442	0.579497121161955	0.233428148703414	0.658494471920403
100010850	0.0133497848949259	0.10376978500923	0.272904707666246	0.544897553710004
397	0.84331877230044	0.372907565799634	0.169611911383537	0.737479900961329
100000039	0.0673483844686109	0.206893886757456	0.181186906035057	0.732000389606116
100020833	0.673564560748051	0.841701147292756	0.233548134098568	0.702522875693994
1021	0.46670382310748	0.38008419448893	0.216602976744134	0.707451357245489
100020479	0.340970085398149	0.552774495697759	0.231969000181116	0.685526558093084
100001335	0.577504289929572	0.348929736041118	0.262366811284919	0.644243612688204
100000743	0.556288789581141	0.949916511929509	0.228129558635277	0.671845574564847
100009246	0.156704188005398	0.606989449022091	0.218132926259076	0.708752628825324
878	0.20827934298348	0.750355565547536	0.21944076657532	0.687473823646644
100021103	0.728428400950768	0.831332925357903	0.234151541810348	0.761189192155477
100021363	0.220608010851136	0.539246132561535	0.210305490829471	0.717911459310115
266	0.0923438337555037	0.168912968173642	0.227988713068624	0.591154586190381
100001195	0.367778971365123	0.247174631382766	0.297501554083174	0.604327765838191
100019801	0.83137140134619	0.741268201234674	0.238427504879497	0.662301887165023
100002196	0.0268773291676932	0.226134710949037	0.238285615508107	0.68555064211344
100006370	0.226651541871372	0.915408254904539	0.225135620497111	0.678257623008406
100001510	0.0399695086988472	0.00458784415829435	0.197209277435282	0.770124157524293
100000437	0.62975412040838	0.501332340364872	0.220299972105182	0.736369014741471
100001767	0.14477867084816	0.0346474419779578	0.289993096464585	0.738128336332343
100001810	0.409804475614809	0.514490917805352	0.240655336182981	0.826634200900087
209	0.035079184136212	0.348700512846874	0.265441631002118	0.659142696680609
100001485	0.328943188403898	0.107751343919066	0.139603265502432	0.605781594051422
100002500	0.124508807614484	0.445663482450638	0.23248613182015	0.64401720295863
171	0.0437445501768489	0.030098610376105	0.175144805368161	0.677079279049958
100020487	0.996203725830475	0.829003871940622	0.246860315561704	0.638412417766706
1206	0.00720481460021897	0.11545530387523	0.230950684061912	0.726448367699335
344	0.0109268077155793	0.029042984922823	0.493890396036901	0.768409272659913
100001405	0.386696523253282	0.804504480734497	0.236304471877796	0.654525895729002
1239	0.98155897842609	0.526310332602923	0.25704446478396	0.676845944694338
391	0.0454540855071595	0.152616468359276	0.207668503435799	0.902378517597303
100006430	0.454405811230632	0.180271645119425	0.291361637279445	0.411178621971889
100001417	0.968304851937856	0.517103762235095	0.219272245398979	0.780039332694757
100002951	0.0374850167666187	0.382911442956765	0.221911035130721	0.576147768674847
100000014	0.331353348658053	0.508830364118141	0.219910296368622	0.722250204533559
100003926	0.634926398686834	0.523307730197796	0.248696058178967	0.656787278739463
100021538	0.524055947131053	0.381909761718604	0.270865873119556	0.5902899784601
132	0.30559976791545	0.912656480548414	0.229786165205337	0.673069171771071
100001425	0.635686476955896	0.594881854012156	0.284294719517701	0.620503923826187
100020262	0.656978145616972	0.696305388553117	0.245598144187786	0.662480471938306
100002679	0.281397780681183	0.608070324147895	0.21088570592365	0.764845310373684
100001270	0.710390100497864	0.584614079037679	0.234375260396919	0.652498957112759
1102	0.889192834743969	0.964706522805626	0.230016403480475	0.671431120221709
331	0.323929340088255	0.229250371417822	0.191374823029959	0.572047640317065
100006361	0.544126440522289	0.653745569094	0.241066376609259	0.604716992828137
180	0.708327080883494	0.986873717806777	0.233245928476576	0.672676997671171
1053	0.285016094233669	0.462380768749577	0.356021183838282	0.739392349027523
100001359	0.769995896945224	0.997475583125143	0.233824330942101	0.682499483034718
