chemID	simpleLRM_Fstatistics	multiLRM(chem_sig)	multiLRM(sex_sig)	multiLRM(age_sig)
100021136	0.033736483490673	0.361097305325747	0.317782706405259	0.732930104370626
100000882	0.689249270273928	0.798388898179007	0.297878856452763	0.647395945190233
409	0.0946791876627634	0.217947129317283	0.32969945509974	0.446277809547525
100002254	0.741815926408874	0.0536793360344621	0.203222247313332	0.646594699816182
361	0.00752765240962161	0.129141626927559	0.219507461790515	0.632770040836046
100019975	0.53202177068525	0.698104916074585	0.293579699567325	0.678723030415592
100000257	0.000645158812784883	0.0215291191415374	0.296287908200464	0.596459532893229
100001232	0.970918939515029	0.805762136702514	0.311603977860042	0.6477167117138
100001948	0.310493353260994	0.302211422243815	0.325335683050258	0.500510490093326
100001073	0.63669610248367	0.696750382450759	0.357856332803382	0.596440201295189
100015637	0.609293305342025	0.945701354588658	0.294043184213352	0.660761453325526
100006360	0.641319359696799	0.704663906880518	0.277912581271071	0.723911699832198
1488	0.494576016485646	0.437561853146609	0.296440681520688	0.626634189591535
100002253	0.851713196777857	0.936238012483963	0.291812289228262	0.671093729238552
1023	0.962073190332912	0.68591759040858	0.289647969615411	0.644461279276441
100004284	0.670342377387869	0.802882485597519	0.287622580571385	0.669096118498371
100001251	0.693213745433343	0.930920660492729	0.296466396269975	0.663253688675388
362	0.678705094543049	0.490152557109594	0.265287469957255	0.657448422042581
100006620	0.774877770898955	0.872646234492987	0.293841793237978	0.665224246477609
111	0.423937956616244	0.223401122050198	0.250650206985056	0.639605908833685
100009045	0.674046806413196	0.268525897770626	0.240535324133028	0.820106088465511
100002927	0.625333335724708	0.63762011388982	0.279148564472676	0.708908979964035
100015641	0.521411555703598	0.503502745974619	0.259843043948234	0.701681214150378
1114	0.116227597935236	0.999567152500973	0.292968710899475	0.661669381491048
100020409	0.367671858538708	0.360524816851874	0.291101371267768	0.535438375287242
158	0.126265159907752	0.210147795120279	0.372696943173663	0.695307487043118
1224	0.0342414265273982	0.124898883389238	0.222868894045719	0.701707598282578
100001620	0.472062812741634	0.344623261290605	0.250036280295722	0.666852273846171
100020893	0.241419951129621	0.0450949934793734	0.279672699588131	0.367790685446704
100002458	0.638535574614168	0.687845600328384	0.319839850242683	0.625810198405948
100001112	0.817687325927482	0.865847058851288	0.290288943688632	0.649615013701689
100002953	0.324938631239957	0.787766236182946	0.291389511240865	0.67230569897573
1141	0.442001325647014	0.0848038967464819	0.371960896388015	0.500785561646411
100015834	0.469263355759322	0.951791233163982	0.292397443473299	0.658592088398019
100004561	0.654022276048505	0.922764317475045	0.294923792853236	0.659225745910869
100020497	0.8629598051595	0.653939866811556	0.272872562059022	0.693962572415068
498	0.0552709629999044	0.347991067847133	0.283191134649296	0.738981411873095
100006051	0.840808370622779	0.768859333466378	0.298247048353653	0.655919767428865
1668	0.842321880031473	0.214128346390631	0.29189973566457	0.53799998057578
100004523	0.433316153625608	0.962432463827257	0.297357065800831	0.659633735760476
100001604	0.260888731184735	0.577262058741479	0.288224541215572	0.700987500284088
100001002	0.184311630332533	0.691611677943363	0.302704115125753	0.652106813971312
100001987	0.0631494181103738	0.26759950223075	0.826901478737195	0.524099661301296
100002462	0.550676780140902	0.266877971975443	0.36797311783344	0.52185076542376
466	0.825638742269173	0.386569025604766	0.295631555924827	0.65788707837972
100000665	0.711149226598405	0.674149492236572	0.310895159882246	0.632718264776052
445	0.898306863697754	0.346421359623859	0.330604918168137	0.719093153406429
2029	0.164246018184344	0.552805401184827	0.307694614365606	0.663692681270646
100006438	0.117143503132017	0.224764504072977	0.343633404792835	0.67375245203485
100001398	0.15018602676649	0.604712733548638	0.275029537889548	0.679640033826967
235	0.382200199166202	0.445033763933292	0.26238360348189	0.693213334251243
100000997	0.696994473179608	0.628518742208264	0.29476525387211	0.63511264001103
100002094	0.314312395095056	0.300839466340669	0.252284785084829	0.551950411547201
1052	0.547562618990568	0.872334859428506	0.287364049744846	0.690956955489916
100020823	0.313092161141508	0.615152973637461	0.277881909832036	0.65036811898905
100001806	0.268236097839171	0.608611299116003	0.34385180692263	0.670971648104387
100006092	0.827871820441209	0.865821860715413	0.297853547691525	0.650542233403403
100001415	0.0880024944802762	0.0661313214416812	0.306388357920776	0.371725214478543
100000008	0.0856680430166985	0.24003347498995	0.305260120066174	0.553799152897322
565	0.00755645385637982	0.0520951354473824	0.290290687299503	0.738623932749942
100015851	0.167369813352987	0.257262067395763	0.365183737938342	0.778600051510717
100001866	0.508757526462828	0.931417773048066	0.305520226036761	0.655026168445571
100020546	0.00245182010218125	0.0300725545605871	0.532440469160103	0.848575147860869
100016110	0.546603889255003	0.406846685277371	0.239848317617856	0.759695182392046
100001254	0.00330533149705192	0.0123761336119303	0.368156417266254	0.882440572901631
100006260	0.338364585572072	0.77555799433058	0.300116454138281	0.656351137370003
826	0.607150122280093	0.765920097677774	0.295048440198593	0.653591529184297
100001872	0.430996020730797	0.830893050329443	0.294280996021599	0.660831384673896
100000263	0.356675886844975	0.377715850468277	0.358760459751065	0.655939479978757
100021198	0.796381166619223	0.0502953331003235	0.20072476998674	0.369705841844621
100015967	0.0330932543123757	0.0894169750945991	0.368064849241573	0.482704674359445
278	0.11425651456714	0.235773754838404	0.278708508501264	0.953075061458526
519	0.835691757947379	0.824906179018489	0.304894379636678	0.647873362130549
100009337	0.107369135208395	0.308027350962063	0.394651076681857	0.647285793514856
100002185	0.412455797574676	0.773662569786627	0.280959039844925	0.637288983886012
100001278	0.625410482079958	0.595389554474915	0.321214312260753	0.641170735769923
100002103	0.886867673870991	0.54898420325065	0.29595782847126	0.601882156928046
980	0.912468320068727	0.859675816507729	0.299186432342887	0.65742047563147
100000016	0.88434756078699	0.465238224832014	0.289758711153952	0.637552026923248
100020372	0.199171908518944	0.541732323589779	0.289389239258992	0.609128603720388
100001662	0.660374022289232	0.0859577681349479	0.0985021470020837	0.670967158666882
100019972	0.944544568558838	0.647883785593667	0.302128091680059	0.646974663337663
254	0.727914408554928	0.652903029861372	0.29023793737078	0.665878363911188
100002009	0.668588569116205	0.713409201369199	0.289959540276824	0.59559123868674
100010895	0.492561345151584	0.634021359321843	0.326787226918426	0.647292733772653
1140	0.931566967294477	0.65391011171233	0.289160170050546	0.620567275290854
100008951	0.62353907176203	0.511859040869319	0.313781353472644	0.622202365989224
1084	0.376817396469927	0.811453272638008	0.291371412247518	0.704132833432636
100002796	0.133693375146959	0.61127959117627	0.275158372479269	0.62842252407695
358	0.999424141435399	0.920087963108589	0.290747070409257	0.652863614354996
100002070	0.774041811292493	0.665307625294397	0.284497553820796	0.695786256743792
1628	0.513577411561815	0.235034260460063	0.329394366182498	0.659291223508305
823	0.762881436303913	0.668102267132682	0.269367615124336	0.701877463822051
100004414	0.715720634022719	0.269509162702079	0.343632499825633	0.760738671477936
100006129	0.686390442294231	0.675184307130279	0.274928016413671	0.677401428927527
100002028	0.70119401710327	0.457736313896822	0.395392195923776	0.477866860882469
100021707	0.439102030063972	0.425667598195229	0.245062161401655	0.748237162509315
100000054	0.486221884288232	0.425690984085148	0.285197976719566	0.686874980826052
100010869	0.461012575681187	0.210708626446117	0.305554222205394	0.527680671292059
100004575	0.0265193042113401	0.0752167015728035	0.367600334662568	0.97107012252811
100001212	0.975251767048782	0.601243795508716	0.297554995756667	0.58835727342255
818	0.177283000535785	0.434966878572585	0.34990642487605	0.597904857649006
100001092	0.00157192957979534	0.0233081180031493	0.288495661679753	0.646846546188496
100020371	0.948787249082418	0.849928560756957	0.29686442649151	0.660303628713449
100004112	0.181912450354068	0.516972722658007	0.311821639830056	0.666977100785737
1125	0.535912336229212	0.537974719038764	0.3153765367496	0.683746201099811
100020491	0.833155619127406	0.360857794199458	0.231326553556223	0.684033726324658
100003151	0.00367278738878501	0.0472264196645963	0.413485979957939	0.562276653488618
100000011	0.344892923770723	0.153299756629138	0.215994211672513	0.771048967819014
100003594	0.571623327931651	0.844481816059957	0.287660415037784	0.650172219477877
806	0.753167299532142	0.176230702810996	0.296449940901319	0.472752646470244
100001211	0.983944819507859	0.596540373710763	0.302226303946992	0.643824777821111
100002417	0.636834164628312	0.519803791486868	0.283091104971047	0.619964422767134
100009335	0.575506224230002	0.204371046243527	0.237637716734336	0.686946003759244
100000781	0.731055084149849	0.947547815606221	0.294263423801284	0.66266184321284
803	0.0393599599435338	0.0510149092466344	0.270500643768101	0.556395395511585
50	0.515885030350261	0.702386080501793	0.298206172991133	0.646515810684418
796	0.825864291240664	0.226964798165698	0.296753815951738	0.664958503105933
100005834	0.766412248769805	0.954792891978487	0.30217887146564	0.661025076448654
100001580	0.836433646462767	0.819571766135043	0.300377715224591	0.662275371385407
480	0.735339903330478	0.739951181586045	0.275129067478031	0.66593107696783
100001540	0.238529083642886	0.658589514358705	0.388774946351191	0.75949659224251
339	0.508249971533172	0.0501411165893738	0.253170151680378	0.556003721112424
1110	0.884268118037591	0.934047737500323	0.296918578486039	0.657293277764366
100015836	0.164131870443373	0.164026943486598	0.432878619559622	0.836656903002671
100009271	0.547178144442129	0.534133634905181	0.326156636848837	0.642447734385553
100015638	0.646974710132028	0.935842919254415	0.29325166415653	0.659399340975432
100021667	0.920086664846724	0.361974791567376	0.341269864714272	0.639101322064539
100001279	0.57052668675104	0.336374760786502	0.321152661827223	0.789478200651922
100004208	0.0204955614703306	0.126420550156396	0.435923452042653	0.777248586601542
100003695	0.21580217022142	0.129145224697909	0.316075988245705	0.44544245414938
100000802	0.716206101172758	0.950085999418332	0.293288840832528	0.659713460046972
100002769	0.846390381675072	0.0884937864614798	0.213584892910643	0.774646967700304
100015835	0.115085422694838	0.330155082820783	0.419966883795805	0.843813454160268
229	0.842444102775798	0.738542731300145	0.305280960641271	0.660114442243488
100001266	0.00777617327017516	0.0344824151443669	0.359654855221623	0.947145400677844
1342	0.300023445483628	0.355632222647552	0.251497172214265	0.679999051384635
100002102	0.96341624956408	0.681362876236901	0.316509227831919	0.734224795101823
100020254	0.193202331244692	0.695644221011024	0.286811970128541	0.681394137190264
1231	0.788957861851099	0.590925522316657	0.313962117287462	0.642367483153342
100020492	0.941307876244837	0.78633881621817	0.283631127012873	0.659237268568952
100001402	0.384196542977385	0.606630973794674	0.322875763528775	0.664508289583214
415	0.00874821380042048	0.153412555997806	0.327448354656459	0.715423928541592
100003109	0.95241059172228	0.987161153099654	0.293021160032575	0.664112764142537
275	0.619212751877486	0.711136335114009	0.266970949877173	0.63589019133657
1143	0.170393481555128	0.0756238988924733	0.265810005717381	0.760384739301775
279	0.412763385322156	0.34848202896375	0.291503446269843	0.534238351033984
100001198	0.951359440541679	0.918649482549951	0.290346800084909	0.668931898924464
1648	0.647547264046745	0.386703397955983	0.312347316105525	0.633272594760354
100001590	0.234352952047464	0.148291695261746	0.283146200495641	0.550239267716558
100001733	0.349844088568965	0.762853438428791	0.287114554407942	0.683456051265506
100008933	0.0202332680628641	0.0114010121991118	0.355363522260762	0.654322249681975
100001550	0.370560578195779	0.444228627906152	0.276205143006741	0.6034723819606
1215	0.0635361557075672	0.225243478845433	0.249334730640742	0.615343125758216
100002356	0.552456827333827	0.410376479437905	0.315715070739992	0.674297984772103
100002749	0.592513194213572	0.55169239050082	0.30046366667255	0.675795242642548
100006379	0.137905627440803	0.143434161047741	0.351553152450407	0.399907398476305
100015966	0.0759370702828333	0.160802059413962	0.322746460308607	0.489036906876399
100001392	0.670753218129729	0.892968506430527	0.295448766075276	0.659221271548156
100020425	0.143697217974152	0.0670648207781212	0.24853009864277	0.440877963607199
100004299	0.334792232395465	0.842293935524243	0.306111893100565	0.702187362727039
100001734	0.610153693443528	0.647562224618064	0.305196432155327	0.617758159585851
1002	0.91993356939991	0.759728800529998	0.296048024402374	0.658852226262685
100001337	0.163799190405257	0.487428530364354	0.253057647526733	0.661774056754777
100001452	0.842606914206551	0.736882933244176	0.291584491492537	0.62991915748399
314	0.559926720528868	0.419758769112173	0.302467453770897	0.678339171015558
100009264	0.976545484948543	0.514166640196985	0.228901448621929	0.790446764667355
100004634	0.452993642444484	0.514341537263075	0.264258820671968	0.677928831593451
100000711	0.735498069425616	0.688555063271731	0.322905839396302	0.685980353828253
100020536	0.018798748411433	0.104292624643006	0.362340162692915	0.757440826807946
100004318	0.338551445097198	0.590205667852723	0.297506830533959	0.658704931439018
100005850	0.867458172355622	0.405108581563136	0.38281564906853	0.599130534453379
100006619	0.297423527042816	0.132521832865379	0.336698242505454	0.644758015491138
356	0.57502489953507	0.887892445475039	0.288870767309221	0.666951888376491
1221	0.504278339953643	0.463670307497686	0.405621345224224	0.708069741913364
100001397	0.789155058938813	0.78982050373886	0.292111099188675	0.654638421501247
100019981	0.580112938435081	0.791548391361165	0.299471641847142	0.691230712778144
100001208	0.456776127657043	0.247608717627081	0.252014653038327	0.950183513647762
503	0.0104973951211817	0.00944113819851575	0.181064929998816	0.501627463118327
100006375	0.149847553410737	0.648733658422524	0.31519136452893	0.642802442522296
100001295	0.668664298484804	0.578434517063224	0.286933997799873	0.757269122858763
100020427	0.0568723418222705	0.0343215317897624	0.286144110445484	0.37803967731526
100002784	0.465194516179653	0.34274695467205	0.24984531242564	0.729630081785029
917	0.0601758755192645	0.2066924625133	0.317031683304989	0.61461921906966
1869	0.365320951109452	0.194107944965199	0.318499483325139	0.541452986502288
240	0.319657740260992	0.205620599856909	0.201556445724132	0.510463281188709
798	0.00593182967940324	0.108953745968124	0.418156613494131	0.599061718413193
100002952	0.272654185759174	0.435806344153684	0.293118749486663	0.749219057027008
98	0.699991729668073	0.944493859891181	0.300145516089241	0.663315195178406
100008998	0.244346413986566	0.191678549581723	0.214101037460619	0.749414494924526
477	0.264471487370805	0.944622478177544	0.292541571848561	0.660429552734971
100020545	0.0831806258118629	0.134788556562032	0.338952427289767	0.827620800235751
100021666	0.772314463343091	0.353945864670814	0.315776848529117	0.661673493913039
1256	0.649416682055248	0.950002092114127	0.307036601413565	0.669049599349275
533	0.280429051826652	0.0574890208579392	0.209224535819944	0.399396377296523
100001757	0.454812544700575	0.939980315342826	0.298742092633868	0.658501846255042
1024	0.337387834306951	0.0876972510943935	0.192022577526149	0.867756472691971
267	0.478176044358133	0.980041851475713	0.294638165711573	0.660531278856295
100002113	0.118268075526255	0.118965102464911	0.283436443922467	0.68590706624715
100001756	0.862738001829983	0.69609985232072	0.305468489613598	0.683470832503099
100001193	0.746108861433609	0.509122187441598	0.323973131258763	0.637104291110272
100001668	0.729164921133119	0.958167486509989	0.295328305867182	0.65911248443399
1124	0.340049241267316	0.318251030510407	0.25929913334494	0.752990997381842
100021331	0.166643865200663	0.301586642422344	0.273609866598581	0.70396700414658
1090	0.0654569537260368	0.115680569774508	0.293238464644562	0.770086676924879
566	0.937349847882447	0.221941494190887	0.205611466492027	0.664028763552067
100003119	0.637815830274286	0.520303603518415	0.309606894401741	0.625690269033301
100006367	0.79341187454799	0.613458502044308	0.301605752377134	0.644207778420802
100004322	0.227865635555114	0.241486896991568	0.297948481614637	0.747203107640121
100001034	0.695806714967077	0.844280408094223	0.290522527974791	0.653686462652703
112	0.930176989892431	0.999009596832857	0.293294608426752	0.673910346986848
507	0.707171715845799	0.760948582428419	0.292354289541933	0.66775479297824
100009233	0.340986868495158	0.197282442688826	0.267439223311388	0.682231082599845
100000406	0.0215954166504422	0.178650340605591	0.434037113868337	0.492008386285277
100004046	0.383192600991802	0.36388237429706	0.17833767358508	0.589978683205852
1025	0.934109300916805	0.990155352218246	0.294123270875268	0.6611897998815
100001106	0.184067720344312	0.21196454782297	0.247762872245319	0.690010970030204
1128	0.0104343992114976	0.312751193752237	0.360196944803812	0.742928199493041
561	0.0401314011171515	0.181398212313018	0.210783335203172	0.578453660937045
100001614	0.933544122432673	0.553732834330123	0.298360147661193	0.6480520631303
100000961	0.924112143118505	0.941566555545158	0.304077645068017	0.677036822025303
100002397	0.847795411896129	0.581006097527341	0.295554753107263	0.589196882899924
100009407	0.971539841577172	0.96411331287653	0.297826743902599	0.659370390486595
100002910	0.948260173419195	0.578873499791648	0.268729056910212	0.594458233714542
100005946	0.276082475888054	0.468757723180295	0.33015008637009	0.735420692437249
100019794	0.0984278623219108	0.29886390392633	0.292194835631144	0.817973110608073
100015759	0.360642504675942	0.109435303793946	0.24672292953901	0.670641216152094
100020417	0.731045169534132	0.642121920239767	0.281054087305567	0.638450807332614
100001054	0.739773857391641	0.927227907613019	0.297707838986474	0.661997195500094
100001437	0.356501435767899	0.376452762742449	0.246859982952864	0.600115993430271
504	0.258138054836489	0.713004926478754	0.339576052936328	0.671434092165638
100001988	0.456576727562198	0.660542248560043	0.287861059256859	0.811618605464686
1082	0.0218066337902012	0.477280724929759	0.337297114744736	0.701125779907212
100001403	0.301907324545978	0.34246620397273	0.328684972511738	0.64064815304368
100001664	0.999597720068768	0.573184427597113	0.276999224153341	0.825999416419522
461	0.28983589338402	0.271263001727122	0.445700901438197	0.63700807381919
100000463	0.700483561071718	0.951743846578873	0.300918603254059	0.662197374752573
100020208	0.554821426083509	0.511381369813745	0.335333381607232	0.546463049783562
381	0.500002757539854	0.0659311901659439	0.136006124217111	0.49219617170138
100010901	0.0881890995010784	0.0664776560301827	0.286068660552689	0.78461284730129
100001468	0.297696038405079	0.935197475721188	0.297985384905228	0.655877302930149
100000840	0.993876907215704	0.998344764185362	0.309856743344275	0.662304827420473
100020014	0.236180721019598	0.604171339080436	0.287911249674726	0.675567519239945
100001993	0.744002327574009	0.58800742589987	0.240649277339589	0.819560553579936
100001051	0.0834369289933388	0.0138672828724953	0.339389267117146	0.32729325506157
100006116	0.383081032965438	0.537243668450929	0.298275920056574	0.66161915298823
1108	0.902374473044196	0.957295223527701	0.292667369705933	0.667475305895533
100019966	0.570538917467198	0.324406430225847	0.324634032793532	0.645590892635258
100001743	0.553484010378254	0.271652338504181	0.282473525701734	0.639983528896221
100001294	0.129486361751918	0.209708192059909	0.213086481527206	0.717750768996161
100001609	0.229093137962755	0.0770894240005071	0.279484354906492	0.757017585926447
418	0.778087958223304	0.9306314484225	0.292802053908998	0.672652129144637
100001178	0.378536840030344	0.859131847433478	0.289316936933604	0.644137979301499
189	0.969515949745802	0.647338794709334	0.266347280837063	0.624523426668512
563	0.447179858489057	0.96495678163163	0.297646950260714	0.659531345371392
424	0.848622146269168	0.789882377114538	0.302982687523763	0.656351670444804
100000776	0.134090698678175	0.319219615861407	0.333004493852042	0.666128360739999
1001	0.940955940949226	0.533487759704523	0.297068611612722	0.666201306692938
1135	0.308508585201121	0.066159378285709	0.28015070194465	0.72879534329274
100021093	0.348609516512785	0.514478676473431	0.338764024517129	0.681013474060845
100020219	0.1336454709133	0.261418810074252	0.300785726792428	0.565885838489899
194	0.503658937698775	0.788745674753195	0.305929927748191	0.625304672999391
100008930	0.922756550332868	0.915490840535993	0.298237507065993	0.657701129047424
340	0.611858553474286	0.245342831668319	0.186769065965232	0.739846573519966
100010896	0.96882249494386	0.698418995596857	0.273975364482734	0.669704491665947
100000787	0.185964683598904	0.0844262323390984	0.292258390964389	0.360828698008724
100000639	0.0271080786087523	0.225344496492214	0.269147418013522	0.663683297226408
100001851	0.921569149642355	0.227998227224127	0.330728164836222	0.429394208301455
179	0.592891952007142	0.538183337212804	0.286610853447954	0.678842415079852
100000626	0.363701524201729	0.60912987516531	0.311060232499518	0.662566475976168
100001605	0.00991897334373212	0.0851038334226947	0.376866854665116	0.752801432446449
330	0.27982577728961	0.502850044120893	0.317398781249397	0.555656632062681
100001162	0.729117380665659	0.664009524126307	0.270253679036297	0.635620576693426
100001167	0.0329027453452269	0.242094275690117	0.296539052132113	0.638696178150356
100002067	0.607402878941448	0.835979566736396	0.359512457591545	0.627888157096671
100019968	0.616207098281741	0.347387395633432	0.329066965613525	0.595027432047619
100002014	0.937238652461613	0.965147504914115	0.292601795461592	0.693401193170562
100004083	0.40635374499373	0.104467913271036	0.334633299515735	0.515167359825507
100001315	0.337659794670327	0.403210784244055	0.303157906048032	0.730026510470246
535	0.33269705091044	0.916852895624734	0.297829777481355	0.660083179263794
93	0.545814526950786	0.444158591527928	0.313962651798802	0.555324123961324
100001989	0.355068455405645	0.625446009078676	0.271076965369882	0.703815126438982
100001740	0.762897693135175	0.393001947778125	0.266629968979557	0.682036240180245
482	0.133182075507846	0.545199246721765	0.297293044948753	0.597329202182496
1629	0.377101074219172	0.684284465344189	0.316933503135664	0.654008265991569
100001399	0.456260346989157	0.381726877311384	0.310274536226721	0.66146473339723
376	0.927315991247363	0.271800895074668	0.20328631329441	0.748033466198869
342	0.975761354562383	0.0661985002707548	0.330244821058388	0.621329100972281
100001253	0.0232570529467594	0.146237937570504	0.243135021803905	0.892438369866618
100000708	0.552168063847131	0.631920831790809	0.32460735435013	0.673345517255536
244	0.180138902309781	0.0435799060850326	0.245633888485494	0.779086299403075
100006726	0.671356542714606	0.645628980350477	0.311363278683002	0.657647256265795
100000036	0.0405908852706399	0.57594666016393	0.350472209845843	0.607558974268737
100001257	0.0235464162213998	0.0803104603062459	0.397738174365965	0.93362266293805
100000445	0.596267639527051	0.61978909471965	0.318763699799953	0.620621470000597
100004088	0.00506346764240588	0.147958600671327	0.328824831840092	0.735555586836296
100001423	0.957143182524366	0.682360045032959	0.29896588259743	0.62667360303589
100001276	0.381774716170551	0.297486300361009	0.267661267523807	0.583526424731951
100001876	0.749749493546617	0.97276267604907	0.294331269145773	0.660421261888523
100009082	0.67893404406525	0.0574614547259962	0.142713477255052	0.645333431679754
100001121	0.33295809419124	0.740564201961747	0.289168929433137	0.657213113435571
117	0.322949484532522	0.648618681972458	0.276723704444462	0.680353084403084
100001868	0.0363354957579331	0.102894769662665	0.345483371219262	0.671515246678328
1134	0.558332056238674	0.2180270442738	0.18729808129098	0.619423664224735
100021012	0.248373360556738	0.438422677697379	0.301232545538733	0.688068003626249
100001181	0.892967909742585	0.6035357843397	0.322843543039027	0.630700773738774
100021467	0.684389713557451	0.262538931868214	0.301015090139158	0.565210505547082
100000447	0.220803825959534	0.226366095460478	0.342486884633124	0.623146109882091
1162	0.00045951738458185	0.0156766102142629	0.388001126302186	0.560926793688679
100019982	0.494727291778599	0.388234207065121	0.306778077395408	0.643070745745148
100001613	0.927834477880325	0.514816553222911	0.304397126320998	0.636237031921456
100006644	0.387590946487696	0.658034086108124	0.276853958442748	0.685147024187576
100000096	0.52882042637171	0.0170394239133596	0.191173072625629	0.625247274181112
926	0.529325941200705	0.592963159385608	0.301103618176574	0.666239406907962
100020004	0.936322904216355	0.576743233608351	0.317847096659747	0.657183323325894
363	0.143429748848107	0.0308697754298088	0.28404255789438	0.227541981037288
1111	0.441740114174054	0.850982365976823	0.314783917342229	0.634885583871139
100021712	0.639490121621143	0.824771591399955	0.291838594986252	0.650258640969646
460	0.878383548144838	0.778895883903897	0.301133789528431	0.68894349707927
100009331	0.361355625913648	0.214799776540252	0.262386623198491	0.691821905402439
100000442	0.254575780698403	0.728513248524506	0.31503314602193	0.676075604913685
100002945	0.22854724480591	0.123566032347795	0.339565435467343	0.646976929771997
192	0.979772581462754	0.654310941339528	0.262802374333	0.750407272514671
100020241	0.313780674052108	0.657208972031489	0.285336993878124	0.65480713542931
100000580	0.0737086702963476	0.0894740347541784	0.260206436173736	0.922300351344242
100002466	0.00581524963536052	0.017570548709556	0.251448187227988	0.403779544101747
849	0.690899971621705	0.595120388144506	0.298636831832822	0.612910708705561
501	0.492191516759856	0.369603217717873	0.327668425096062	0.616277247924361
100000282	0.712050905970477	0.15806399057985	0.368487668676042	0.564673410341502
100001577	0.033443984182315	0.201217214894165	0.389805681246261	0.723923236024356
355	0.0933933403599187	0.347817815623789	0.253102018524212	0.572761467557538
100000841	0.648267665149813	0.850902992740693	0.285708308590036	0.694982825126241
100000846	0.810243346257594	0.325827916491138	0.282501837840887	0.654796861033547
100004295	0.779680220837593	0.1738194842888	0.255032992232378	0.583267138210075
100001586	0.0944958430897079	0.0428487147054793	0.430999431377353	0.322011141337113
407	0.0152509715668763	0.0431680949136857	0.319555174771765	0.732361451729669
1137	0.805269593232919	0.854157994640799	0.288650180477391	0.682063480940212
100021374	0.0386796838243241	0.0136789144147306	0.219907262940357	0.930476632014424
100001593	0.737031554695711	0.756099367666579	0.284581602382621	0.670958525987415
100015971	0.655057384911621	0.537153572259383	0.281837545015632	0.656336395412774
100001022	0.265534854263397	0.122115181418084	0.174785014916316	0.958618456235963
1094	0.0620599306952557	0.307625772111412	0.433886745808017	0.854965772701931
100002122	0.28217479818094	0.284756131305704	0.245542691466392	0.754904140280143
100000706	0.34367395515044	0.949428015738326	0.312294938822404	0.660475195473601
100001055	0.812086347001326	0.392148033546709	0.26762968927666	0.599458200938743
1235	0.518672834519187	0.798367750817383	0.283429474464351	0.684429594214229
100020204	0.109349176424472	0.639670195290698	0.309394268889074	0.694455396519129
100015643	0.0269846364745444	0.247866125104598	0.324599298974867	0.608946618501888
313	0.0168260976887727	0.215290125596148	0.312154595200112	0.592430654120249
100001413	0.804714354645338	0.868393129043354	0.288712524582162	0.650670200203632
100020423	0.0195712855572051	0.0176284812284874	0.321929396434151	0.350550865491727
892	0.919191188984757	0.584452444434986	0.298095188625214	0.679853332711802
212	0.067276339356259	0.150630226308043	0.382265889152751	0.639176947356745
100006105	0.197982907889136	0.179604042252705	0.332498139362423	0.675899926088859
437	0.834123402714863	0.489418062090656	0.267898548470331	0.681789577978818
100019892	0.305759136700209	0.852938453493749	0.293151977433284	0.647881426558077
100005716	0.164893361443135	0.392518846402966	0.30039638029278	0.714697554850409
537	0.216334501664227	0.121973971249555	0.304809106748847	0.685592595188234
100001990	0.288981874555076	0.594821424094888	0.335221315729664	0.6125177421096
100003397	0.0303892040492221	0.00350689760300825	0.235975800606504	0.417901977125874
100001320	0.112575003579202	0.233224198338999	0.376263014694696	0.432991557550932
100005717	0.365384788312439	0.647672484569223	0.302771849373809	0.683347610031055
100001207	0.0285394263147366	0.154104468067166	0.334165017393867	0.672670836827941
100001999	0.498762153512345	0.786920191328847	0.28142526493793	0.767571255787933
100002488	0.222456974082467	0.0146323060160509	0.349770191173779	0.603794600056013
62	0.238418953998278	0.872384157670406	0.289257937130186	0.663725694247181
100000467	0.661637009942784	0.489233132055789	0.278993451604176	0.640405918463946
297	0.00406896004795165	0.113047031768115	0.302349428137881	0.625358377469571
100000285	0.0312580706813002	0.428925397323776	0.29283960654055	0.750879191499079
100006056	0.0765862501109483	0.525583531718287	0.304744149163849	0.691739157811382
100002126	0.120255829120713	0.253050392217076	0.229072468159464	0.986170222303768
100002129	0.808053544864248	0.747666196528353	0.275056629866364	0.778107031256566
100020478	0.0391835120654193	0.370250998334363	0.275535745435824	0.679963069001117
100004089	0.0658556151248955	0.576966666167272	0.310570351966924	0.622208876243848
100001755	0.52674022224043	0.543632800787121	0.295919234651036	0.614082016103577
100000551	0.00417675992743476	0.300729996169052	0.398372766753637	0.56761336848646
100003260	0.480898269179451	0.317947996689076	0.331100600929873	0.734412817750159
100010955	0.816718056524735	0.39017899919751	0.235669027447982	0.55478877899178
100020851	0.211332801204366	0.503355512615717	0.315767688343634	0.67987108790446
100016069	0.610966012626956	0.689875922197535	0.299086297431448	0.643482575563429
100002027	0.5146969348008	0.508536154000323	0.218108672794086	0.78009562093918
1123	0.375942287395473	0.177015072664218	0.28094956871481	0.79113701067609
100001150	0.74515735246376	0.918792154743266	0.304819181709289	0.657401797357083
100001657	0.284327876320861	0.634910681905842	0.294618727167106	0.642771085743836
310	0.263149693932008	0.366044006999442	0.25902378961554	0.761560211982102
100001314	0.393672093613177	0.141179041160851	0.271112077627597	0.55310716599002
452	0.970271800179893	0.984050886590483	0.294823092219608	0.663014772022194
144	0.0776390528598278	0.051372445753754	0.369320090141686	0.52022298892387
100001182	0.426646202035341	0.507336614473789	0.317818744550899	0.659734560578189
100015965	0.743184421600237	0.450812294811179	0.279304603157458	0.734481462469165
100006108	0.980351724757318	0.485776275486298	0.301435141134665	0.697895754351072
100001400	0.71924046112705	0.680112055068497	0.280761567761556	0.652923043311416
100004541	0.26609486142893	0.184408787487666	0.290504629739192	0.406893324349772
932	0.776546715578735	0.381678164180234	0.297190840222863	0.692684810221994
100001992	0.451204967448114	0.547384077451822	0.410969419072515	0.56304801168617
100009252	0.166887690697709	0.295422609209447	0.338652949796636	0.648911189329936
100021104	0.594633892306626	0.531109296944479	0.237576648344053	0.802268677474895
100015838	0.010850885487197	0.0491933046373515	0.418247978387794	0.892019040207765
250	0.000983080404988027	0.0315295931240447	0.524026284093337	0.74954570631352
100002537	0.900881912832859	0.668355304364452	0.280152871455914	0.731754290848848
100001658	0.851943962584838	0.705167066006688	0.315197631342311	0.650287775284507
100020416	0.344026899449289	0.465871572757829	0.265838715706856	0.644414545956544
100006642	0.229394205342194	0.816965897592238	0.285610294986511	0.67865263797221
100001391	0.108336598353012	0.37680694297088	0.363841814871142	0.76520761292733
825	0.698387290963233	0.488228156444344	0.245516284720164	0.676030114006086
215	0.0216262127460965	0.145702836831094	0.342628152478665	0.645255918292881
100001026	0.999881505005204	0.871639200676032	0.290480938739892	0.699390328456066
100020541	0.365486077325843	0.381059117009677	0.253074785623952	0.70411291682211
100001526	0.240498229479521	0.308950716994179	0.426287441914435	0.769123721372695
100005384	0.421068872847932	0.356498278039815	0.279990673494269	0.567157753967436
100020378	0.243660007610351	0.709962259567268	0.282172594812168	0.668002692440647
100006115	0.915056176782409	0.299834119595518	0.403290700655551	0.531873983787538
1442	0.284256278414588	0.0958759848110522	0.145361184627484	0.571876056220734
100001843	0.132067940117627	0.149895683768352	0.319434759700225	0.762111823656713
100015837	0.152646389281092	0.319927378182033	0.484833494769056	0.616093622556199
100010834	0.775977345326828	0.943537608590523	0.292066410096999	0.66774186683825
100001393	0.590772285858159	0.461976082371241	0.240433070426565	0.698307983393077
100000015	0.325714895703338	0.48924838424627	0.269918132148146	0.687092753121745
100003892	0.049667317215929	0.0485935454369072	0.254000320674384	0.919731882782341
100000042	0.162166708942517	0.0205067658924719	0.321391511166986	0.565639984056254
100020550	0.565073704354957	0.191125610202671	0.321543989117977	0.552638417504518
182	0.470281550311621	0.361061344033277	0.280458296227223	0.684831229970131
100015723	0.120208641301265	0.427085866296668	0.300370002425988	0.641699397566181
100020343	0.428392417786473	0.677189970717519	0.278171957445851	0.66161349212667
512	0.33012881038023	0.613627751323797	0.323507407971147	0.632502848765698
100021100	0.803757287684702	0.76929706028331	0.284302664804226	0.664726659569639
100002528	0.284497154225478	0.0518066283898793	0.365417502126762	0.427420870533084
100001287	0.485740782690449	0.789116243518064	0.379703976206054	0.620101073136939
100001229	0.613146363535139	0.988675007181199	0.295060530244999	0.661728113840225
181	0.330900543241296	0.757897296254253	0.286646386970663	0.694722449861262
100015831	0.00200172411155507	0.0333415033054953	0.38260009772931	0.473402925877556
100020515	0.352661788785501	0.567594664249338	0.254519636550018	0.778307395794921
327	0.263661054314648	0.315837694716797	0.343127811579834	0.623255733859378
100009394	0.604161673725695	0.686306410000728	0.273778973592714	0.695700220802637
100001596	0.821379918328428	0.163440376170208	0.267309300756421	0.466737790463341
207	0.852177086746561	0.471797757787643	0.308129925053443	0.620769767851125
2054	0.517008466430181	0.790365792836464	0.28361427510495	0.676992483710045
100020259	0.700321895859816	0.640507947018148	0.315072119185443	0.648924171694127
100020414	0.00298940546916775	0.0376344557891672	0.203183168269827	0.645473173995056
100021131	0.81761042720572	0.312539178219845	0.284280047022985	0.623069478713582
100004499	0.891999883490746	0.698191238702344	0.286151995726485	0.630181277426407
880	0.165081920039969	0.795292923712843	0.31572803356762	0.657580458305208
100002049	0.490859686262311	0.293231482210716	0.327123861580005	0.610648213533017
100001739	0.863795708004325	0.614490556986091	0.325229075860867	0.645991378233438
100001126	0.565163161718621	0.359959617539146	0.225940174891541	0.583850135033144
1113	0.722754071748404	0.941012599313827	0.292322767377709	0.677770062761528
1083	0.940164460431722	0.29902686413069	0.329295944978115	0.565304035657376
100001730	0.0783196106871424	0.20448003027805	0.340478654411056	0.544968311527992
100001412	0.653479595536389	0.884257274525049	0.300247031093484	0.650077447544151
100005996	0.682192488853832	0.612190451678283	0.283077908480814	0.636404248563249
100015962	0.00732409856514046	0.0922681833380337	0.218355754980513	0.96730448082633
100020214	0.718736047735393	0.416942157254474	0.309378425192974	0.585186872701829
100002514	0.114713068850988	0.336943513823882	0.306563222807681	0.601316897428912
564	0.206266577022336	0.0477897244376573	0.25152709528833	0.545896172454378
572	0.0353297105811416	0.0400335960028208	0.387599312377994	0.554812587354171
231	0.99923192256256	0.701019055386514	0.274590153303417	0.673328970760392
100000453	0.925242065527111	0.783431856097311	0.28418978221749	0.689527474086533
100001007	0.147190224497437	0.345502182710416	0.333318150336015	0.568882683831234
923	0.67023895934363	0.346444618498179	0.274960144368932	0.717312925196562
100001247	0.482835016054613	0.626115615495843	0.280002392261434	0.649836838735376
100000774	0.470631829310138	0.626256645176713	0.329954419505239	0.706525250271576
800	0.403383593801845	0.461473111206439	0.306704179725544	0.705897142349125
100021678	0.305021359233738	0.467288040967652	0.251473067987371	0.662224070858088
100021711	0.412598949732071	0.847339422737465	0.308983223871877	0.668930246454187
100001274	0.713630644606212	0.35123690933426	0.287084323105983	0.493751315664156
100021220	0.096785467766173	0.06623593521024	0.392531762218706	0.924009852658886
100020253	0.443271115338998	0.918625823474592	0.294658797155439	0.656374609804532
100001170	0.91154077170291	0.31442908571992	0.27392036446499	0.590582860175342
100001466	0.17440233836416	0.644553811138957	0.315893830518383	0.645376534385282
100009406	0.728920207704437	0.716540741488363	0.283881247943032	0.675570642472642
1026	0.190599857674795	0.494724628871031	0.312252765907203	0.630490114413921
100020837	0.763925824272624	0.348118915276952	0.340068384668709	0.558950315422916
100001006	0.0549201640805454	0.0713410473982944	0.289612588297338	0.781124794299956
100003674	0.761528781682913	0.118275861903975	0.292344068427914	0.651564561544018
100004396	0.303159633243652	0.357286345447924	0.342464191064171	0.545435072083668
100015923	0.49502042977664	0.785867358787681	0.328411504121709	0.642491788613389
100000265	0.458743859458087	0.751681142370935	0.299219556248724	0.638372232339142
100001409	0.0674884141447284	0.099482288976544	0.296509469672416	0.492438354074433
100003434	0.300506192605327	0.77742127848619	0.294599337143565	0.631302745973054
100001334	0.563542771192217	0.0470701953717615	0.376762783035177	0.528986656726737
100001102	0.693706021083302	0.766860426318992	0.302570512797601	0.643027151625716
1268	0.72940175970596	0.125866628818663	0.197796632747174	0.625900091429961
100001300	0.499539042170844	0.447270872784296	0.247549690247495	0.688006710478239
100021324	0.237831144351308	0.815658847814419	0.357480467732216	0.654129308035941
100001617	0.111050128510792	0.102132434916478	0.285771312752558	0.70200752128109
1105	0.913479725381366	0.135185939385166	0.404860515988294	0.345384102524407
100021502	0.0911917136752741	0.493691943644931	0.286425805244429	0.679339359300015
2051	0.792438202892399	0.630238403165787	0.293286652618369	0.578462931083729
100001256	0.162982147347205	0.559405565186702	0.321375340930638	0.782077762113123
100005466	0.0563956269086023	0.0874550150740362	0.34074719126557	0.459336321390282
100002199	0.114941446010621	0.689609532303386	0.3057634813482	0.682066137765007
338	0.016787778170937	0.0513009010994182	0.461601634330429	0.437252691068335
100004243	0.522732701710639	0.681064442739601	0.277541728393986	0.67152754022297
799	0.47599372264327	0.864098770328764	0.290108071630511	0.658614796601541
100008928	0.882606069462575	0.258875538550182	0.277597049197908	0.667445192466235
815	0.0879879245814585	0.262715728998223	0.294805098790137	0.735325409647428
100001456	0.00629334182665648	0.111386417974569	0.285504247372639	0.591275618435596
1242	0.0603183154055533	0.0584399003924626	0.37146656335402	0.446286815559626
100001416	0.281277053596425	0.104007672833849	0.20398700666362	0.411253080441077
100001462	0.512355204701844	0.577334118238798	0.322895658861865	0.638971454049726
1087	0.346334736162152	0.136565477121204	0.294695453542543	0.640402976272218
100020421	0.0710742035649508	0.120139473750957	0.335709061434192	0.438471125100686
100000010	0.00397332059818016	0.0398005922917344	0.304024850967508	0.724132002979999
821	0.466112349793433	0.313373178381072	0.337676748478057	0.493354320738149
100006627	0.324300612971059	0.22495166178596	0.384305090199628	0.580190308857905
100001277	0.624795307475907	0.429882552343946	0.315337655177881	0.642127315908913
100021141	0.0485279348392249	0.261849424453971	0.324781921128156	0.74382838190248
100021105	0.202307220630685	0.306636696484256	0.306014613585282	0.496228080843453
100001950	0.000366474023603208	0.0110888646527149	0.379307020188104	0.811379608423482
100020217	0.837743280061954	0.25121527866828	0.204829660817091	0.480159204874949
100006651	0.0301653834761514	0.198615410675135	0.327957914020954	0.451182367252552
881	0.960076366281682	0.432120930615695	0.278381942018838	0.67353782551842
100001509	0.683517922201158	0.167062823140967	0.263937099538403	0.585215006148384
100021709	0.649805602571712	0.903119093708513	0.295909329731815	0.658127886630041
100001635	0.276562905868603	0.0296511769219626	0.326912916336977	0.604907713638476
100002613	0.46128270099367	0.111307351077786	0.271570298990629	0.748785264688925
100009329	0.528083792000967	0.599965854208934	0.252651082786437	0.8272645775368
100021123	0.798989735288563	0.548036047536325	0.310386756407642	0.562213771547407
100015760	0.275465134529032	0.172027102924607	0.24123346298191	0.698733159326197
100020205	0.314950279119778	0.329322927426882	0.363979512069468	0.452978155083474
100000765	0.493820144142027	0.731652134331069	0.289049108905423	0.640173088038048
100004111	0.350558527828042	0.165265487474545	0.320115457051584	0.636603220716075
100001615	0.0855439919407808	0.780321135079371	0.296481009838106	0.66063782851255
100009227	0.423342292570273	0.456390373121843	0.345430314321835	0.745540936038759
100006191	0.354591276311222	0.551191114679836	0.32433115526278	0.607452079911832
100004542	0.395812635427462	0.319630856691455	0.315621297428518	0.707182556245421
100003686	0.529133157065164	0.357667420422606	0.358207137394642	0.626380267024468
100009232	0.0298355500632874	0.235680350708853	0.288700252825632	0.576948565545821
100001501	0.0565395798209354	0.133117163317286	0.36765732784034	0.69878606251759
100002367	0.527280468607429	0.242349497501376	0.272756568958286	0.516222432720043
100001108	0.314197713814547	0.675580773424509	0.289473075568028	0.651186735113189
100004227	0.81706955438586	0.695542114429376	0.290121590674809	0.69425679391136
100001310	0.108175944364691	0.257651468939913	0.291032400068021	0.774701673760432
100001994	0.785669476556806	0.874148792962891	0.299544645339708	0.737167804465829
100015839	0.0136480598050013	0.0191029188251693	0.38776667039143	0.739642030255817
100003271	0.0041378358283915	0.0855334459587586	0.389293559694874	0.469187482842535
100020496	0.901676471663112	0.863367884178568	0.286249013465004	0.674655006709925
302	0.704480156268323	0.42198658724129	0.258503970581838	0.631229786350391
811	0.789418535505877	0.780484760032618	0.287306329408635	0.691707040163953
100001267	0.947474529967074	0.687841572919601	0.269458071686634	0.655983968447758
100001197	0.0175361492928179	0.290566545813701	0.341713056880487	0.669377835893769
432	0.195627881767083	0.441395140084272	0.316100568133248	0.639343213321868
444	0.0133618805092696	0.0720816139855504	0.317117824626475	0.792643441834474
100015968	0.318391924674018	0.357672484204072	0.291933606484758	0.584885671184384
828	0.926992456347244	0.837921469221868	0.286083773599057	0.668497690798241
100004054	0.211655823342181	0.69833739849783	0.297478166253121	0.671935623479484
100004635	0.0774720395430576	0.130367672020618	0.694718353327272	0.388719901862524
100000491	0.441272621391144	0.603673595753773	0.287568591407793	0.577650764904455
100000939	0.0474007943062174	0.0381889868897096	0.311966403194012	0.560342739532874
241	0.222083137669908	0.593235897375993	0.31094938537218	0.683765065299163
136	0.441274585816716	0.111026576784308	0.257893198557661	0.824368411649554
100000792	0.541188224549956	0.94230278386396	0.294779695441354	0.721940146512158
100020973	0.565436966013341	0.631809624379653	0.311349916819398	0.637144033357064
100000936	0.382363550814348	0.547732999461172	0.301365134053505	0.645372256304191
100001313	0.00859753988571184	0.172028704904644	0.302127100971771	0.715131781109448
100001951	0.0432223341987452	0.0804779593015178	0.3333954136645	0.650838966616449
100006098	0.0129488533118869	0.0697998642308695	0.339157464240123	0.776080358896671
100000007	0.225689167192674	0.527612788680981	0.302362126309969	0.666835487795875
100006641	0.897392062393221	0.867524806412136	0.315182083629817	0.66224925449724
913	0.0123419752220702	0.0722263387989569	0.357327969341706	0.537483993365432
100001579	0.937796176527794	0.755912201680074	0.303302123970218	0.662415189123633
100002911	0.140819578599353	0.00462439133171365	0.370271280101572	0.633377113577034
100001293	0.267412784878214	0.401451657163134	0.260351313243429	0.790905382081505
100002241	0.203149870509741	0.540193246244295	0.309250805372081	0.631521690688476
100003179	0.369526244520364	0.0488768019738738	0.278127629139586	0.502853368017852
100021372	0.390664078477098	0.350044808566837	0.234006189654844	0.667093887853326
100001956	0.316421108176224	0.538560019814761	0.297290614252558	0.581955365227698
100021162	0.202511298658357	0.16748619604303	0.280657061005369	0.492687666983784
100002259	0.406444405225204	0.763647318149443	0.280078940733003	0.657857705645697
252	0.442582916586995	0.549598379213277	0.337842080831401	0.60230932195842
100000707	0.458681229731041	0.347236485031768	0.289762016151762	0.66834259591579
1489	0.96056046690161	0.071745753660656	0.223772408863264	0.650728252456425
100020361	0.0331140471903325	0.0962599615308643	0.315277941029472	0.946030893005601
55	0.78470675178614	0.974803945110425	0.298584111949271	0.665080438603563
100000863	0.297774154048389	0.438144051573473	0.269514014801952	0.684310891700552
100015840	0.188836920061357	0.134458486088295	0.382042266895604	0.624361825585722
100001541	0.35370310278961	0.493368979066809	0.228246153134992	0.67447459422891
100006082	0.290213315545669	0.235966478390096	0.331318147109588	0.677260363753629
1254	0.745810231526829	0.906558971594147	0.295456961811499	0.679699000566579
100001624	0.534856205986677	0.387893811752861	0.276111166908052	0.64096370363065
100015850	0.892305822767718	0.658724163108285	0.35045579264201	0.632106960931882
100001104	0.00303929798059993	0.0103031974377162	0.320756372622133	0.959491285855616
100000900	0.0894487413434905	0.247681889919893	0.306598720286774	0.668924827454856
100000269	0.22737382791844	0.0793582430710285	0.180399085968422	0.619146556197723
1022	0.181807797050864	0.887964389839417	0.291671815743759	0.669005854613262
100005373	0.252136915137057	0.108898011001194	0.261023143039321	0.694420547991373
100001129	0.133222447329751	0.75667926490228	0.285054078083305	0.686067974579361
935	0.0166230300289931	0.212725795792436	0.360827470563194	0.553560859809557
100001262	0.176257774597866	0.202889408715188	0.299416191353292	0.691451563607209
100019978	0.212854599242442	0.787142557864913	0.288277966041678	0.655215993237262
100002293	0.71425173931795	0.723589225828605	0.297547760336498	0.663287973878364
100001426	0.180344065480349	0.252475315674283	0.300814404655653	0.497464529077016
234	0.0272205101134232	0.154834178618003	0.297529662858185	0.632028376800012
100005403	0.223498377804318	0.924312226018354	0.308040792291448	0.654520664202723
100001083	0.0467870313431598	0.364289915601817	0.312093658895655	0.686251209183167
439	0.969035646083301	0.669276792191209	0.29851613902541	0.661854258672148
100001086	0.328656400199497	0.42178780691146	0.309296462956597	0.736907731629861
100005864	0.748322926207098	0.446658396125084	0.268449566118476	0.729599968708511
491	0.508835484869461	0.929929361178573	0.291935939794357	0.662519556726627
100002029	0.48322316170217	0.448987370522222	0.28112349481024	0.538617697230514
100002154	0.874174628315146	0.51406838380133	0.26099739014406	0.643965066723517
891	0.793777558743885	0.497427383662345	0.306801589325549	0.647624199351116
100020261	0.422904768390343	0.572737209365222	0.336410093788595	0.641828576373283
100001296	0.482885670915173	0.466961339813978	0.298623771317043	0.553628320292852
2050	0.33566558599474	0.801318140591115	0.300783249611762	0.641089261428827
100002761	0.317577568669465	0.716566252134768	0.264595463994397	0.779628967502855
100006614	0.838493626199594	0.67829377406737	0.272433068074376	0.722328407537904
100001597	0.872068680894807	0.130398634973023	0.188716692659163	0.475305580465055
100020853	0.792224147496574	0.892312522757523	0.295957429946454	0.669159766125063
100001446	0.28292942899313	0.461784830404277	0.26647717899038	0.655449253966054
100003240	0.417829611854352	0.243652483054561	0.323760840512556	0.601371446117469
100001502	0.0119000573151781	0.0956712734667615	0.389900182930909	0.775012565158097
100020866	0.0871389539061232	0.00886031651262196	0.183565310323159	0.467540627360359
100020419	0.0286418744739032	0.0902979332497389	0.323159487999248	0.411053015388855
35	0.505238675852184	0.27347822328064	0.267010732879526	0.607300795515277
100003696	0.0158652872731623	0.133096472422511	0.41187668043511	0.605318337554245
100016038	0.751106306985137	0.990349619459456	0.293501968919735	0.667652651610401
100009333	0.224066581796523	0.175278514005217	0.288242072312599	0.692425301468032
100001611	0.136920850487125	0.242541808071501	0.397735942197005	0.633877869114491
100005383	0.649833680935333	0.28098725615559	0.303612534081876	0.703350738361079
100009239	0.324388006840748	0.15063658929941	0.363448783617271	0.494298481088663
100009332	0.364849482013284	0.258375349428616	0.289415943103805	0.630432868008072
100001731	0.139053711803631	0.65651267341099	0.302004863843911	0.637545978751464
100003415	0.389989065254552	0.496503134804137	0.283283924158368	0.679386959718493
100020578	0.125401266726858	0.169509534187933	0.27547362286853	0.553588074696325
893	0.601279203613536	0.883559218022891	0.291104036433071	0.664640953953759
100000963	0.283369302310993	0.166514067241095	0.392218413472398	0.45139305039754
273	0.208619763785428	0.645524202302444	0.316914214437671	0.659671410037231
197	0.436667365519578	0.373751618074697	0.285839819054003	0.533125178073339
100000808	0.344228431050843	0.290188515814769	0.275578843146431	0.800023236011588
100002284	0.644095479416718	0.536967452081497	0.228796530161447	0.623784957033255
888	0.761911997966611	0.215372107586842	0.300444128526372	0.65755102753397
100006435	0.598094899618903	0.36526904676492	0.226559192601064	0.953481433811805
100006374	0.181454023871563	0.5291199998137	0.303407995900368	0.650710100035761
100003169	0.516694842441662	0.9436042840408	0.290979424173126	0.658535292303803
1004	0.567283892831846	0.767096652755319	0.278473112567311	0.640597806502538
100005998	0.0884046351932965	0.86081285357149	0.313351302518995	0.671439186025211
100000773	0.64095214028248	0.4976533568426	0.299136918159208	0.643383591606617
100010850	0.0116870624794296	0.110199068816515	0.356985739057283	0.532376701476108
397	0.769418705336675	0.520930995959166	0.24254031486361	0.707299798979225
100000039	0.0791123938478955	0.259828915855238	0.242276511880832	0.713240142558628
100020833	0.795312623861549	0.586778076143614	0.307218731248383	0.732689103779079
1021	0.435425671380095	0.482746438486854	0.281925432756195	0.687399507617369
100020479	0.369040358744269	0.631032449588991	0.297136579192868	0.670835059831235
100001335	0.787064055221022	0.625719229584405	0.306698788473579	0.649712765625114
100000743	0.606200375551973	0.904500627993071	0.292548547805713	0.695094680976559
100009246	0.172523086636218	0.638787064291952	0.282160094745018	0.693508919596858
878	0.194470214291106	0.681877221455848	0.278056757032599	0.679326803302068
100021103	0.776677221009479	0.78414739251311	0.282772318097934	0.765544608104282
100021363	0.23875070077926	0.590008826610053	0.274579827804371	0.699955788939031
266	0.131201411803216	0.289217585606113	0.300785406656642	0.59615876563536
100001195	0.496531259369332	0.458806286187383	0.335255712291911	0.62109924296752
100019801	0.779481429811041	0.677929275593515	0.30632291351569	0.647836299590812
100002196	0.0277135595283419	0.322585723683186	0.314199406602088	0.66365565478882
100006370	0.0606446990889144	0.323665487063732	0.256256412828914	0.703597064293139
100001510	0.0327060903536131	0.00334082400500765	0.241207094420016	0.764398231302998
100000437	0.548714236419555	0.448690936725878	0.279042486602811	0.730698752578731
100001767	0.121255309632241	0.021682449425334	0.370739970041886	0.727778295297173
100001810	0.45280979434551	0.538470637701906	0.301028428576814	0.810629708152527
209	0.0137332042689896	0.0915669135828863	0.356467850292724	0.650658308735579
100001485	0.302029004309158	0.16000546803584	0.194877329535932	0.604561157997075
100002500	0.118191153875591	0.459383740517692	0.298054267957519	0.634315690553014
171	0.0353620833611356	0.0459051445038967	0.23120877057702	0.658559184355716
100020487	0.993663892742022	0.763470184505812	0.320715670866691	0.607730988969199
1206	0.00676645949915298	0.122806778438995	0.297399847966748	0.710773819084563
344	0.0131395472365956	0.031899774090183	0.57769561904834	0.753170086654703
100001405	0.401771765557326	0.775757672604653	0.306078172952339	0.639052842792735
1239	0.722243122710418	0.933369381634779	0.297547530320963	0.661859308541509
391	0.0650118551344317	0.187220656247433	0.272149031515482	0.869850156028712
100006430	0.43205370375562	0.179677102774353	0.372255725807294	0.40296595839727
100001417	0.962656749830465	0.512415958303053	0.278500656016712	0.770661311119454
100002951	0.0600630117974394	0.52153201720053	0.288418138271396	0.594822239840375
100000014	0.428355878389506	0.565124626363813	0.285018811020426	0.703531988092083
100003926	0.755132608748898	0.770162010912534	0.30085769122305	0.655372185409965
100021538	0.48079593227365	0.317371033521597	0.348525902115025	0.567749081009176
132	0.306449567662311	0.950921074207402	0.294058447468896	0.660970659642172
100001425	0.506133836703375	0.452313799778244	0.384709300956997	0.582831613554744
100020262	0.619803599079535	0.678935115599192	0.313223824280384	0.649533210245485
100002679	0.427170965657204	0.894818437799413	0.288576193429217	0.689691661484582
100001270	0.657389609249727	0.642611258361766	0.297356950628918	0.6445109077644
1102	0.746796852611145	0.840283898894955	0.28756259482139	0.684308663525612
331	0.255655530712772	0.251041417321274	0.251830129492522	0.563843483822745
100006361	0.514973598997385	0.62535265769108	0.271598765665694	0.73305564462373
180	0.592126633535535	0.790362608392283	0.279517613026846	0.663870683932452
1053	0.321283461933397	0.438395551205648	0.435153333462357	0.730845052504981
100001359	0.642318470231703	0.870823581309416	0.308656411083127	0.642402927649213
