chemID	simpleLRM_Fstatistics	multiLRM(chem_sig)	multiLRM(sex_sig)	multiLRM(age_sig)
100021136	0.0238185163513764	0.233546430493343	0.360582473726656	0.674183453908401
100000882	0.841219285957194	0.632709168612013	0.335893837460451	0.561929119986104
409	0.0761267343236987	0.148104345751554	0.38023097687993	0.347350161528812
100002254	0.66361427296933	0.0449346531711237	0.223255675288648	0.567553207386847
361	0.00931984144063087	0.113976794712538	0.233808507316264	0.574237666774912
100019975	0.575936652625214	0.705445558107868	0.323103090224302	0.605403627227626
100000257	0.000721453638065082	0.0194244572310725	0.324949407924106	0.526077518557216
100001232	0.986521576090226	0.919742591041435	0.333531029212454	0.584763237233754
100001948	0.38265932000966	0.381519898443136	0.346627058495456	0.464713305076993
100001073	0.669419629506215	0.688996799255357	0.39144724533494	0.530129811733019
100015637	0.913044658345115	0.459152790435466	0.341407357277244	0.586318021279293
100006360	0.650690350231321	0.732802908426124	0.306976388262233	0.648838665810894
1488	0.564447809292815	0.578869809603331	0.324558897264613	0.567152286281548
100002253	0.686920279387407	0.908465995787036	0.319398713041253	0.599305414352579
1023	0.936868813480212	0.693216077337831	0.319124838899559	0.57238231530583
100004284	0.665963053023969	0.834041431451813	0.316780340731264	0.596676510514141
100001251	0.664963683947634	0.976981516525832	0.321504655616245	0.589202215731155
362	0.840402212239967	0.423622896036887	0.292755552579105	0.571979455620973
100006620	0.793582761723939	0.874162366004027	0.322679553109524	0.593365921560263
111	0.309573948885721	0.155891305004715	0.27774322332436	0.548600605318359
100009045	0.696761925135491	0.305002753197461	0.267004980935195	0.745479339400655
100002927	0.742363244743603	0.883690265136118	0.317277761071883	0.607019917685389
100015641	0.800222671794813	0.927815545474168	0.318952572500175	0.596925207743615
1114	0.138385572276486	0.989763487265136	0.322445987358327	0.590064700927963
100020409	0.337831582279021	0.342150104951092	0.326873283700025	0.460415376223928
158	0.151494551451424	0.275643518030026	0.395282459367902	0.624154114665384
1224	0.0456782259417735	0.180793244823993	0.253493617231348	0.621438077760465
100001620	0.456168961746513	0.37079372872551	0.280124113019144	0.591338723938693
100020893	0.236103668462374	0.0482751243859918	0.311509355303455	0.304571653118742
100002458	0.833671547357564	0.497550067835656	0.380427573873664	0.521384178614512
100001112	0.794260863773555	0.981607878756015	0.32108749434218	0.590135501355364
100002953	0.431018326403833	0.870682443562018	0.319156914327455	0.598244063117123
1141	0.361208552284608	0.0509931336687652	0.425420971393222	0.407315610851388
100015834	0.465776333072342	0.997063612559825	0.322808492332419	0.591269561418092
100004561	0.619815732113991	0.870327908712442	0.325554712020196	0.586226413062682
100020497	0.863589634695274	0.737639569590937	0.306051546188764	0.612259965929799
498	0.0501918221384076	0.315595317768119	0.317392072377043	0.664709193455268
100006051	0.878024123969445	0.850182093778372	0.32542720765497	0.586700897513901
1668	0.622340470132359	0.532399397223857	0.315460431839767	0.538201066169188
100004523	0.513268012349393	0.94728659493369	0.325870714866881	0.587013386205019
100001604	0.268736016511776	0.561464935987671	0.315607487311229	0.634094525133989
100001002	0.185441878340796	0.549581230728426	0.33479279642491	0.578500930736781
100001987	0.0721047281254393	0.275199297362813	0.859048073888463	0.466309689860882
100002462	0.577198736208679	0.311761253784605	0.39382929833761	0.466975135196229
466	0.60005145870184	0.0742491976109086	0.349790811768242	0.570603107788642
100000665	0.907460410984447	0.42806714100335	0.361779816764624	0.535351151117316
445	0.93729555775798	0.435644863368608	0.35412814392025	0.636639565599962
2029	0.174555814293275	0.529217194524609	0.337583970219533	0.595494815527272
100006438	0.126581878650227	0.253997939725152	0.372778088957437	0.601864077815562
100001398	0.151868837718122	0.591095421757723	0.301387828299021	0.607372919545556
235	0.4235909792681	0.483114903077347	0.288834811166701	0.620675241904375
100000997	0.69286074804489	0.67718469279227	0.325000683647867	0.566846237736608
100002094	0.258119472480271	0.214183606183796	0.274792693105253	0.461226266341458
1052	0.619622126888831	0.958015000256802	0.325903485977431	0.605729564636103
100020823	0.285512434531908	0.550132879499173	0.303348225725047	0.572670648343059
100001806	0.293436480609657	0.641916612071473	0.369724767469036	0.600170203576842
100006092	0.851792903240928	0.891305429636543	0.326256865657129	0.582000035582328
100001415	0.0976520781234204	0.0666965696922974	0.334017357574177	0.317528005315079
100000008	0.0474245691099567	0.0618620634770302	0.349436490355091	0.442701650620816
565	0.00472724924488294	0.0302212383829408	0.330009491903482	0.651935554233391
100015851	0.116670209790855	0.171654784339599	0.425652758423451	0.711655539673236
100001866	0.493017946498682	0.872151898197046	0.342258931224983	0.574771117456487
100020546	0.00334685248603852	0.0336689676825883	0.54411744226806	0.798401865642969
100016110	0.504493522442134	0.411442707106683	0.265488464975533	0.680875705988354
100001254	0.00251352786294327	0.00979640432452344	0.423605123097953	0.793864614071048
100006260	0.586412840671226	0.982378234450581	0.32201727033224	0.589474159036135
826	0.689552547246586	0.858782516548979	0.322249541962417	0.585599810703329
100001872	0.485784563141633	0.868345569958132	0.322011621713833	0.590521440412638
100000263	0.36322051693201	0.386213986114013	0.391082618587843	0.586842475125402
100021198	0.773587208909832	0.0547596604881426	0.22629869682039	0.311195659289239
100015967	0.0325515763611737	0.0811740742716204	0.407301738027924	0.410387559420247
278	0.120369219829087	0.24724149895814	0.301865333991667	0.874587552691419
519	0.725511351293839	0.31358486540041	0.385588404572026	0.525948397854176
100009337	0.120811910571497	0.334616907509999	0.423679056249754	0.580217046620772
100002185	0.38888298658821	0.865940616405282	0.315290487332083	0.57776285890053
100001278	0.375256748066547	0.25053622961978	0.397102384731788	0.540763634552742
100002103	0.850772766735767	0.597620099652266	0.323597994331322	0.540643347277133
980	0.784939537826426	0.429002159766483	0.355570609291111	0.571558717042221
100000016	0.805756810649795	0.418264753919872	0.320356512974875	0.559959306560402
100020372	0.185916933893359	0.477255340876113	0.320142758851265	0.529622766808495
100001662	0.713047248674348	0.140455547622002	0.131807964994212	0.600666279963136
100019972	0.932651980999781	0.670544330437552	0.330817737017341	0.577098105249243
254	0.793433352356865	0.747588134991117	0.31874791353485	0.594618608965909
100002009	0.67983618748527	0.678205470019536	0.319283751798512	0.51975819307998
100010895	0.48754059407704	0.550006989778119	0.365999398632662	0.577554984519659
1140	0.892941272865396	0.941966095842639	0.320146413883235	0.586036523969023
100008951	0.627012717067233	0.5179974178053	0.344727372434165	0.551910489705978
1084	0.403898693045392	0.872006758144804	0.320500852942794	0.623531527916995
100002796	0.124595599206687	0.429044318155191	0.290451900200956	0.542911035357045
358	0.859405128041818	0.994797125944843	0.322985736557343	0.597445170480805
100002070	0.697867545883898	0.656217133561986	0.313722131245422	0.618570132715395
1628	0.339737327211344	0.128629439706217	0.395437840903554	0.564436581695956
823	0.679131301024681	0.544450750438192	0.284559266924254	0.64398673261084
100004414	0.450078851638411	0.0941473408049246	0.413859035237354	0.715552633072539
100006129	0.693815642977051	0.686346744350772	0.302892000339992	0.606462552742765
100002028	0.704190122900816	0.439622752229456	0.440257096056407	0.413752207854444
100021707	0.469470221889735	0.624993767047216	0.292524032183382	0.63747371297441
100000054	0.471166270832691	0.45425387990757	0.314806010139975	0.609259585792948
100010869	0.390930777025884	0.190447534798833	0.346561951014645	0.439007826171917
100004575	0.031988016916515	0.11118241072888	0.391429177235165	0.925314932715362
100001212	0.96523639482814	0.629410793918955	0.328187140327258	0.524698636944467
818	0.206258299628978	0.513797520741766	0.373519754747184	0.537351490319592
100001092	0.00164025470263874	0.0212170024518796	0.317487427193385	0.575676602104683
100020371	0.93432407695958	0.917552411527697	0.324266853639134	0.589317335286876
100004112	0.193488025202203	0.511591076323318	0.340887881028883	0.596887936757355
1125	0.477629640626256	0.379264957793856	0.352950840344241	0.622457712213759
100020491	0.878873952403796	0.557130364400421	0.280954627298498	0.599409148406889
100003151	0.00187050919989918	0.0204617996637574	0.498657670211473	0.45428203022863
100000011	0.356782477929656	0.164996771408851	0.238846915977642	0.704948100659919
100003594	0.498190206344403	0.991919078061912	0.325413596007484	0.590517413427996
806	0.712664707315785	0.141846826231794	0.326859455818685	0.392692744478703
100001211	0.915168645397105	0.538909994572403	0.335175140173201	0.567882646928549
100002417	0.636430986857032	0.566456954460479	0.312415442643442	0.552439757852889
100009335	0.480990887181033	0.195552484523565	0.267362316170125	0.602208418793971
100000781	0.753337904609113	0.991368256934	0.322083780717565	0.58988105491663
803	0.0396921076275238	0.0406275198745313	0.296499262326831	0.503814890505812
50	0.476257996893482	0.676919921528821	0.330414620313191	0.57144876521009
796	0.415311732125974	0.0497715777653565	0.357604070660564	0.570795383621413
100005834	0.932994556842626	0.622337773858451	0.374802929056694	0.583775125698952
100001580	0.927696294525231	0.494487498283363	0.349446229366125	0.58903665854527
480	0.899602977070527	0.566339556594164	0.285748510822849	0.58919651836039
100001540	0.199557128661216	0.688997181018063	0.421423544607858	0.670266229051482
339	0.544631318730791	0.115340769326823	0.294692534608256	0.500594511610467
1110	0.896295731110665	0.909197521761282	0.327092461488391	0.583313034247929
100015836	0.148811962958581	0.169609414339338	0.473429584739	0.749120330467802
100009271	0.516440296915154	0.495974837992316	0.362290482378644	0.567545096009387
100015638	0.996553034187798	0.428004140946483	0.337238965142883	0.571470622569494
100021667	0.851275513049501	0.452147243486329	0.373259463806383	0.562334665038357
100001279	0.61323802051869	0.400266959270669	0.344043981152318	0.704910246553672
100004208	0.0174630751009268	0.112906812525817	0.487856353957538	0.694863704766258
100003695	0.184422545203272	0.123381614999246	0.361526971649633	0.367248598664916
100000802	0.850987695778908	0.846960118632653	0.325599048669283	0.583252025436712
100002769	0.734893088434202	0.0872653797772449	0.240245314412036	0.677381627780776
100015835	0.0981617697276272	0.291276570444808	0.472238016624031	0.77709950082135
229	0.825147844639326	0.361949838485672	0.364344684619705	0.579702134544167
100001266	0.00947920275611971	0.0342036370758723	0.375933663142982	0.919610430593136
1342	0.304971014200825	0.360322511862262	0.277430909815837	0.609955126126516
100002102	0.794491664306924	0.509315597480359	0.367852212892224	0.695259590925778
100020254	0.171375669781319	0.577201302742646	0.313320284829467	0.616937778150618
1231	0.484965420821709	0.219639140509799	0.38244514078469	0.545993900559487
100020492	0.959262180489271	0.883058841122077	0.317097685540175	0.588048858739324
100001402	0.354011087010732	0.543633901745491	0.360037401607537	0.58927562596556
415	0.0059538320007097	0.0776496630105456	0.373823695815008	0.654913489171035
100003109	0.983614237381104	0.930958435944984	0.323186608148845	0.58497378028902
275	0.582960914688216	0.828223012595925	0.314039335473253	0.57684205955196
1143	0.171947124108575	0.0802614050430399	0.291090492386682	0.690230451281939
279	0.369485081442191	0.321413905204095	0.327193476292198	0.455165574640065
100001198	0.945912705551477	0.982272093983128	0.328567551900098	0.589937004514104
1648	0.381505622314012	0.958855881639277	0.322047900931976	0.590509990401023
100001590	0.304967942892803	0.255294168615782	0.311123050055268	0.505026164923344
100001733	0.431322735014183	0.916582572755336	0.319301198094455	0.599948144069653
100008933	0.015805784346885	0.0022270191705572	0.436231760458306	0.548852336813867
100001550	0.37583112941181	0.471742076305998	0.304569099631315	0.535307752729293
1215	0.0595520101961654	0.204711558660056	0.274422738269149	0.537064824653157
100002356	0.264155121484823	0.105010082230143	0.386919285573681	0.594481749019583
100002749	0.749944615200834	0.790423496556516	0.323494066891594	0.598547801389176
100006379	0.160902319503646	0.154744966970769	0.379223099097888	0.352339039993098
100015966	0.0732404315532497	0.13861757723136	0.358552054831218	0.413073431028149
100001392	0.655065090882409	0.961740316592916	0.322775764097676	0.589138981177345
100020425	0.113021319943849	0.0419863698303679	0.277299120058222	0.349619381125792
100004299	0.355588872241237	0.867769218677896	0.333335164034884	0.6289486991018
100001734	0.534993562885564	0.483623111737477	0.343130610865243	0.522189683882173
1002	0.906424152116169	0.791864626107041	0.324101956214127	0.586647941299613
100001337	0.302249944945979	0.823191710881901	0.308989631192969	0.590730799844358
100001452	0.765566661233648	0.813248412960235	0.319792979790555	0.57058713773637
314	0.487149821021538	0.367121415173673	0.336197553352321	0.602658190998892
100009264	0.936531239431714	0.533425293430099	0.255578430889875	0.708176341562638
100004634	0.45958496111604	0.521620568258145	0.29118369735592	0.607509852298701
100000711	0.787800426777609	0.73219699023545	0.348031088160109	0.614067547418823
100020536	0.0211300070544451	0.0979874292590626	0.389901222605049	0.691588342769152
100004318	0.318932681511845	0.554421606134051	0.329725329352887	0.58608850571247
100005850	0.847275913805071	0.451917567014212	0.412108650133515	0.531638827361008
100006619	0.306692253166259	0.144813063203226	0.365726530145307	0.571539819643512
356	0.307149942029264	0.47909247713617	0.307305887124419	0.60233119179154
1221	0.480888387593077	0.51360309396755	0.431129599278531	0.621298190573066
100001397	0.788104326652316	0.765889969404863	0.320705598187159	0.58334649680406
100019981	0.653106754907121	0.931024453987304	0.323979617728885	0.603081645947825
100001208	0.476300837429794	0.293585839690718	0.278560038307586	0.865422723569046
503	0.0109932003925808	0.00961426206491994	0.200998907529126	0.435912428023471
100006375	0.109537549250711	0.52434067522128	0.361010551944632	0.556377712780304
100001295	0.654577417948559	0.565566023808361	0.313596624363079	0.688357091014268
100020427	0.0415799026485325	0.0208520315845462	0.327768237883829	0.284801114959253
100002784	0.440321069382739	0.352261301594316	0.276366514395276	0.649106425414091
917	0.0570259608083489	0.190555164639551	0.353387958327376	0.539837920386363
1869	0.353038908242159	0.191241299520944	0.352038225569041	0.469806778563128
240	0.185344512934239	0.0838899480916292	0.207457278398166	0.371696895117885
798	0.00751415455308713	0.106198084120439	0.449098203107558	0.547027846074494
100002952	0.267810012615757	0.520896805126495	0.320110377512359	0.663854188362268
98	0.637981098433528	0.832065567644508	0.338805509257723	0.595383844092719
100008998	0.350851906097326	0.392326217934871	0.260906085044781	0.658992884114151
477	0.876265811923571	0.303496726072614	0.327826866943335	0.586178154888684
100020545	0.104572315945941	0.165035600729199	0.35431775103159	0.765386992579959
100021666	0.981218825563853	0.225080863158926	0.367938812257266	0.577890356710678
1256	0.570078813958418	0.732829788089219	0.363878083320111	0.623122271988099
533	0.300480550784855	0.0737558294351651	0.236005266385062	0.349138747142785
100001757	0.470773817220822	0.924193108552392	0.32869482056708	0.586707940500773
1024	0.325210001989821	0.0989219985080068	0.215571436300785	0.944532746784974
267	0.415288158041346	0.959963894388185	0.320397238431228	0.591505549589573
100002113	0.0954344727521481	0.0791653713361815	0.314500626430317	0.60695041185871
100001756	0.883021636690761	0.748798644008661	0.332621534551891	0.608982977810524
100001193	0.447155873836436	0.176239980453345	0.398917395914855	0.537002008858263
100001668	0.676721013546306	0.973329028238208	0.322675044775451	0.593186136647434
1124	0.365364147948309	0.347646262042114	0.284939625170836	0.683798290303208
100021331	0.133198399371627	0.283374881873899	0.307936997036661	0.613916189574387
1090	0.0684899342997842	0.0432227701381388	0.300065026830758	0.742938594276996
566	0.88913057135897	0.33095652163196	0.244849321764097	0.589959577647099
100003119	0.464325014006877	0.273132745435516	0.358595203924147	0.528818827522111
100006367	0.733766981045121	0.544614531953397	0.334607492661738	0.56804703821741
100004322	0.189829646171181	0.220109160729825	0.333084715274578	0.669818052464237
100001034	0.728819899045135	0.821792132767728	0.318832407627866	0.580331903194827
112	0.850576163725559	0.835920072200028	0.327481206838835	0.563835095329067
507	0.766308281978133	0.8029842092097	0.320106086704377	0.596560696585984
100009233	0.266019868293175	0.179447807348282	0.302899487197376	0.594109052509954
100000406	0.0169688821851009	0.122153516224994	0.518014961846234	0.395308801965946
100004046	0.434415018072909	0.338561771481023	0.18800446277498	0.50737641851898
1025	0.735846866118211	0.689242915675697	0.310382908244225	0.607336948634715
100001106	0.175207521919917	0.187140363460361	0.269482659851208	0.620837547678762
1128	0.0366470249317928	0.622349992081557	0.347737039795899	0.637954667996285
561	0.0377989230545577	0.152294200394211	0.228118504984528	0.495908441746569
100001614	0.84062877112014	0.358952975694321	0.33927421671579	0.563839213862455
100000961	0.897130771576725	0.985826275693664	0.346919203390178	0.594321184473882
100002397	0.857589805443211	0.578829994818456	0.324286867273423	0.520606623296654
100009407	0.936357729609748	0.997594002959251	0.324560307628668	0.591205515069225
100002910	0.941065867713796	0.564749048250462	0.294195368012384	0.522875374778567
100005946	0.298688417611754	0.386180455762083	0.358974041782924	0.688892424136311
100019794	0.0946900216317187	0.29034984593921	0.322008055692863	0.745444181918438
100015759	0.271002650089375	0.0930858077607749	0.280922241144388	0.578465475780738
100020417	0.611007479973534	0.524286210467412	0.308178466542854	0.548951040513808
100001054	0.813190579155908	0.89663463289342	0.329102220131488	0.589342464341301
100001437	0.228653149666412	0.259021406686993	0.271361603928522	0.490478695765444
504	0.232188624705851	0.668839285879824	0.381467975410671	0.597973693120459
100001988	0.446556387484052	0.684053007631978	0.315688050330621	0.733250397834505
1082	0.0372013597358046	0.650202514173535	0.34945412943733	0.620228507811246
100001403	0.300025607966573	0.328120674659913	0.360000935121655	0.567284014575468
100001664	0.905491254081535	0.564397475355886	0.306210181503386	0.754036781532916
461	0.303408789063539	0.225810602067618	0.491551985096731	0.573159266331232
100000463	0.695302014348715	0.995766198026191	0.327377035071254	0.590172607714392
100020208	0.655331612756525	0.56439873055134	0.355670907671536	0.502933100141753
381	0.466637633866348	0.0566308062457795	0.146509228185758	0.411460218535866
100010901	0.0791535713690092	0.07070194050583	0.322653945687937	0.699548919578048
100001468	0.314532470399869	0.936052770501189	0.327376604295189	0.587103129162881
100000840	0.940881621087553	0.844206174686442	0.313326955037365	0.602156185796939
100020014	0.258408297901614	0.59408626442443	0.314560901869748	0.606732466652347
100001993	0.740081778080855	0.632299202970164	0.273610764213263	0.732290740014207
100001051	0.0945089407202846	0.0182319278496085	0.367856771536913	0.283599238541132
100006116	0.392516836141396	0.520544983330903	0.326697838460919	0.591740904651992
1108	0.955319976707212	0.971553303450693	0.321873480304273	0.594676702924519
100019966	0.346347280760249	0.127010722673333	0.385829856663708	0.557255520320997
100001743	0.568749508833289	0.396052738533091	0.315850951887528	0.566768184743961
100001294	0.144447054749132	0.208122924955089	0.231104978225834	0.660467830706349
100001609	0.330252049451211	0.134853852231218	0.293608195446112	0.701224508578229
418	0.753986060096036	0.995267323187974	0.324010917719337	0.594571299526033
100001178	0.361644578402332	0.911673258060661	0.320434010308265	0.582549298083481
189	0.966522743422792	0.647246505489431	0.292740576951012	0.553452917204333
563	0.480948064047626	0.819518065726416	0.336717455653779	0.578631268517336
424	0.599625461822011	0.422267290692443	0.359235104477466	0.572594218949346
100000776	0.131034418306949	0.3159024717929	0.367325642698299	0.591308419157876
1001	0.865192367470356	0.538512755290078	0.322352437084041	0.605549213801938
1135	0.293302753798015	0.0901636228225489	0.314463235806444	0.636810758021642
100021093	0.37171099460884	0.498690740824685	0.368232951186604	0.613860718856158
100020219	0.133850220384506	0.22980948153728	0.332568504326122	0.496347742112086
194	0.510271332200453	0.778802016547924	0.335206058561034	0.555235668672225
100008930	0.723904555109438	0.592032468548154	0.350579921318872	0.570865875276911
340	0.583894749577275	0.221770252351413	0.200006498829123	0.66851214245089
100010896	0.969187760412537	0.764842446090239	0.306756605509116	0.595267290065753
100000787	0.185238665145084	0.0897645106443435	0.32652243882907	0.304265699052877
100000639	0.0369388750919756	0.245071452386988	0.290562855450941	0.603139794163578
100001851	0.922459769085695	0.21855951540731	0.362262910135145	0.367932661594896
179	0.618811521132957	0.592769247128955	0.316595638628262	0.602037091848685
100000626	0.407674626192006	0.752810575433787	0.334288652499305	0.590243782054759
100001605	0.007706291979728	0.074185775896864	0.425310684812424	0.663295525182386
330	0.235727295412069	0.384468565101889	0.363291776190511	0.454125357970617
100001162	0.873974768370183	0.526478242895152	0.286685748746748	0.544266653304788
100001167	0.0378929787569907	0.223788083278319	0.322412419806945	0.563910541430627
100002067	0.603474239997445	0.748421942069783	0.415614908707428	0.531961254320547
100019968	0.737320789974924	0.338752772553132	0.352578961224197	0.536226480391274
100002014	0.921588713400475	0.999422734405862	0.321428195609654	0.614900719889052
100004083	0.447119065659825	0.12641606583743	0.360291755716482	0.461114590986805
100001315	0.32414407356962	0.398377277624	0.335346328212507	0.658283230020579
535	0.18243327490167	0.493598795634676	0.356249731064187	0.5723138753232
93	0.334010413190361	0.207894665208036	0.383439741950772	0.406952757886379
100001989	0.296862087535101	0.570097420139069	0.296041582439895	0.629356308711728
100001740	0.651184849652539	0.386490741203075	0.297102911352242	0.599573533166842
482	0.21123772760619	0.905078623272842	0.322945843603029	0.581210320978859
1629	0.245237429343627	0.399782367651924	0.388712731003028	0.561312269336549
100001399	0.485037614457503	0.400616972238139	0.336712880839375	0.593856792481103
376	0.770919025250809	0.161946581504475	0.201865841562088	0.692411976682763
342	0.562894604401712	0.607839031502248	0.319149311206776	0.591391998923357
100001253	0.0287595989761983	0.19446223969597	0.272174570614936	0.799452253068288
100000708	0.690495120800731	0.825038153291631	0.336895275632276	0.597715640858093
244	0.172087445283959	0.0521519181215873	0.273008638281917	0.693095920547347
100006726	0.391638196385543	0.259994529136232	0.380251343131628	0.572009710698451
100000036	0.195645522104882	0.659496478203805	0.300290653523278	0.624466999260057
100001257	0.0285057594638381	0.100076298376645	0.418346261342733	0.863505473127763
100000445	0.607381793820739	0.614419147054652	0.350995587667885	0.55090756314723
100004088	0.00427872840779575	0.123496013273006	0.372872835020448	0.656185915342502
100001423	0.976867110350184	0.729110936115869	0.32636182995922	0.562828564958944
100001276	0.329004497450116	0.259719152539326	0.296811522516474	0.500817055609671
100001876	0.731598739721967	0.940451416381858	0.320084302765544	0.592263994983535
100009082	0.675661990407846	0.0466791774486806	0.148907991397332	0.59248396586638
100001121	0.327542350581979	0.7123908530435	0.317542396733928	0.584448023379443
117	0.327539129600265	0.643611067298555	0.303717484591844	0.609463134039484
100001868	0.0401047916176427	0.113762246664187	0.377133207009721	0.601995858564098
1134	0.638492114537942	0.287188876075817	0.219626853722346	0.558448204053567
100021012	0.250096413526035	0.460575310908513	0.331244099759153	0.614142056667882
100001181	0.742559585055689	0.248419823827848	0.401416517108783	0.5191258956403
100021467	0.774405192361786	0.282588912001596	0.323630259835001	0.508034489449927
100000447	0.216804950912627	0.231177939651343	0.375617500145561	0.5485159579524
1162	0.000594028387171132	0.013828883389935	0.413424130730267	0.503490284321951
100019982	0.523752451894565	0.449049344370675	0.337359313726493	0.57072049841318
100001613	0.961171965196881	0.427851916443148	0.340649040915247	0.55667945825437
100006644	0.354333084831449	0.614896256738296	0.302545487940164	0.612431814038541
100000096	0.508773038916158	0.0234275578375397	0.217131602427875	0.541281436046974
926	0.552576907609987	0.658667015204264	0.330056394691573	0.591616049374711
100020004	0.895574328829148	0.670384432599798	0.340614731980511	0.586072574589894
363	0.223211301542484	0.0448910673283532	0.290117586456023	0.226089290617511
1111	0.423318825835742	0.903944245727703	0.339469341769978	0.596945353980818
100021712	0.619501208797392	0.838375054942653	0.320449600343313	0.581340945328267
460	0.82301615266588	0.661018174211792	0.335259963069522	0.632250849818742
100009331	0.284419701304307	0.193735649637203	0.295767101559375	0.605167203371405
100000442	0.20924601864267	0.684678493268347	0.353244149023713	0.601336268447727
100002945	0.0906215399364721	0.0171878074592331	0.419268999526415	0.546501873223628
192	0.836497936333767	0.989795638602915	0.334513277603881	0.604596774609279
100020241	0.447476817353365	0.981887901305067	0.32225745316147	0.589956679876523
100000580	0.109436063187611	0.125620396733222	0.277621152297618	0.810569534097949
100002466	0.00847406427823573	0.0257204589337118	0.277034636473388	0.360265671998637
849	0.666692798038193	0.570147041222731	0.329637952761992	0.538125695694646
501	0.478320273147226	0.366478270421146	0.36077250224952	0.543125600694753
100000282	0.611152230364769	0.121603672527769	0.420381599975048	0.47355694934301
100001577	0.0364228451243691	0.197918759862944	0.425515546297824	0.659985052240948
355	0.118090798134124	0.320862269613958	0.269822741660457	0.512643460344485
100000841	0.750889208364175	0.994520249174046	0.33735272805232	0.596920674670912
100000846	0.804765681948019	0.360121171175157	0.310743929347826	0.586079905514198
100004295	0.925402916457697	0.424101498618457	0.297997516643431	0.548558525975146
100001586	0.100457626927019	0.0415225841403535	0.468730260890931	0.270432257918208
407	0.0124073060384025	0.0298902009119077	0.359120359321894	0.659932064826938
1137	0.81829541264951	0.741398643426707	0.3109116536485	0.626252908959629
100021374	0.0192175153920265	0.0115634094933215	0.261575986252075	0.955878884200201
100001593	0.74663263473427	0.820852372783236	0.315944752992303	0.595160156203768
100015971	0.682687979723133	0.700644900995841	0.315290983909782	0.583729836287573
100001022	0.334002710204073	0.177683757817006	0.202233836079364	0.853212232017212
1094	0.0613330653650674	0.234114243274579	0.48558451888589	0.818372320538629
100002122	0.247834976453918	0.242743880532916	0.268103985053186	0.687018750538756
100000706	0.602597926426513	0.613387816391046	0.284277547402631	0.590688973271102
100001055	0.840798696946136	0.386435842342469	0.29430196829007	0.526418829001945
1235	0.501575179170623	0.730445265203265	0.307232362277166	0.621987948190564
100020204	0.102537954969639	0.531670029894469	0.344989415150192	0.635132746515524
100015643	0.0402496664348171	0.316382197125929	0.346626335315375	0.553317273121991
313	0.0207774595053354	0.251197311414266	0.341883243683375	0.526312303638801
100001413	0.78836601300387	0.924340089694917	0.321944165078358	0.585433887687659
100020423	0.0160567650232429	0.0122325614719765	0.36687782568257	0.271887643457808
892	0.460173490964784	0.141339772857936	0.351912384514298	0.618166218796355
212	0.0604417116827751	0.125907534756407	0.42793954798059	0.563302986195899
100006105	0.197979461869978	0.183513716101612	0.364928416505663	0.604582681968632
437	0.85195552624129	0.545649830769976	0.298699810405434	0.604084272534221
100019892	0.507703484882775	0.757766897168098	0.32088785815881	0.612975474788269
100005716	0.0622415449027779	0.098142959550548	0.352650401103578	0.659238485895072
537	0.262838093928296	0.142407919330278	0.324814913395133	0.630985343715751
100001990	0.337645167103506	0.635600637134713	0.360386749201646	0.552517054836041
100003397	0.038004049675838	0.00421695444282715	0.251444911015441	0.373266078273002
100001320	0.107813039614084	0.180812071729042	0.42643160357893	0.346815445270239
100005717	0.111962765196215	0.0834938971958093	0.382603163575829	0.608626748323546
100001207	0.0272762921243418	0.168114123356473	0.372085402292007	0.588344103533703
100001999	0.496239202548712	0.843535521156171	0.314001227533094	0.677067993913083
100002488	0.201348301452869	0.01680084132933	0.389650440874492	0.520016283719026
62	0.23241678030085	0.712895383447533	0.312517590820449	0.598337746624464
100000467	0.614090479848865	0.447470506703387	0.30861688199045	0.5671393008454
297	0.00587222445881116	0.138937338583264	0.32821158930423	0.561126739122194
100000285	0.0308876401721794	0.400767204580012	0.322740473870865	0.685526881322751
100006056	0.0633468029511017	0.374089210937335	0.339288704570662	0.630644368212301
100002126	0.13510610071884	0.286383563920176	0.25216375835651	0.902117705794349
100002129	0.808052308345932	0.841480452919465	0.313915863360739	0.675834869075468
100020478	0.0291830496731737	0.207718187635798	0.29506208693494	0.610596206302569
100004089	0.0771732652827809	0.570675698659181	0.340033194517672	0.554187105770828
100001755	0.551260938495626	0.549188707637086	0.325707424580441	0.542926177173999
100000551	0.0365998731631277	0.987536586283732	0.328889091360457	0.590405770203805
100003260	0.438819062013759	0.306148279894138	0.365547661206846	0.656578556153288
100010955	0.891385081245579	0.422881989524969	0.261251820888601	0.504323977562725
100020851	0.228721947636381	0.472121271696911	0.344426147360766	0.612861310326211
100016069	0.650407865523033	0.786325783918291	0.326556902982514	0.578383095907646
100002027	0.544833647717412	0.546050568223654	0.249152119036222	0.695773728433946
1123	0.35824830758619	0.191715142328746	0.309975767206336	0.708517066330069
100001150	0.707902798480291	0.967003772737621	0.323981466142356	0.592275331289263
100001657	0.245194800532556	0.732341029691532	0.321754548839144	0.580363268808006
310	0.263018976959655	0.365627559199983	0.284652066538017	0.690438753593303
100001314	0.388621516983031	0.136287421653985	0.300804133063714	0.490126563928681
452	0.672309733227837	0.583504365109218	0.368406850166952	0.557503926162209
144	0.0865699003883433	0.0537728553679494	0.398778714295485	0.453573777597702
100001182	0.207927131352316	0.146520220817695	0.39563834052161	0.572344494182683
100015965	0.617917136606745	0.435294992330591	0.312640495830061	0.652098896069331
100006108	0.981890432244011	0.523974472777777	0.328308968566873	0.628351163738277
100001400	0.663347472623015	0.614963783122115	0.306464357702044	0.576773657343611
100004541	0.278598014466896	0.18959343455458	0.32111711080881	0.351647650700154
932	0.897923943562872	0.324897199088652	0.331211465430643	0.61687341206387
100001992	0.465517680457939	0.546444792091228	0.447522110786713	0.49897402760882
100009252	0.12354627895787	0.171496501369428	0.390871841840323	0.568513039206825
100021104	0.61463445046848	0.591307461295753	0.27080639731302	0.713805317071007
100015838	0.00899767312133251	0.0404559464165032	0.465006314926881	0.820423152927947
250	0.00124432134875798	0.0256483973532082	0.555336120574765	0.701687926365299
100002537	0.965420884040366	0.542417975756131	0.300193501777663	0.689027861088804
100001658	0.888617825234363	0.712754711064562	0.344006715780447	0.582269803870919
100020416	0.29587042025122	0.37056106831103	0.288437787617553	0.567364250032134
100006642	0.192328718666871	0.705517667498101	0.308833140636383	0.612813535074641
100001391	0.0911593782480217	0.318038143556269	0.411288677234495	0.699650688985618
825	0.580119678327399	0.617478805742091	0.283615199593329	0.605506149948581
215	0.0223781048243568	0.113244044008803	0.373573801883531	0.5834639028358
100001026	0.997980894095504	0.928025997038937	0.321591087635212	0.617668757766765
100020541	0.405028810939422	0.452818373712995	0.282822394593781	0.627446910794596
100001526	0.264924113756581	0.327884850440494	0.452014799144199	0.705433327786408
100005384	0.486721580472836	0.402543605250651	0.304963588671472	0.510866068664399
100020378	0.306924248706835	0.649732193387452	0.308596152017599	0.593808936484823
100006115	0.95585179463909	0.354258093741213	0.423653504246873	0.47944490575032
1442	0.182854219100805	0.0413302399147945	0.142402000359941	0.467115818156785
100001843	0.153580422225974	0.209667961992627	0.345863857641078	0.678186518057643
100015837	0.133873610792626	0.252890694591296	0.563023249994445	0.533579400896205
100010834	0.690681310848138	0.941043446840723	0.323187677492183	0.586208918086838
100001393	0.676056933363901	0.412405721820815	0.258135033225092	0.622696282119867
100000015	0.364093326330489	0.544073735285319	0.301464421764589	0.606181157526161
100003892	0.050828827535293	0.0523014432120126	0.278420680782748	0.851174710117446
100000042	0.157469949130622	0.0227308384491445	0.353268404589105	0.488487692782529
100020550	0.572760656982291	0.214265918255059	0.351871869408289	0.489271830088869
182	0.49799689228155	0.380187827498233	0.307605562866188	0.620501961914631
100015723	0.149334245329753	0.454949063706969	0.325338135841272	0.57674982390826
100020343	0.375266959997133	0.477320324848943	0.293351254741907	0.590996573466599
512	0.389648122208185	0.667855847933262	0.34743694664725	0.569027346883109
100021100	0.805403238471682	0.752535296450107	0.31139602452908	0.594748513243223
100002528	0.28506199239859	0.0593772239853898	0.400159247322139	0.364485536997084
100001287	0.519230458697571	0.773132898508162	0.416012808805249	0.550176541972166
100001229	0.742894811784151	0.837231933364567	0.336321339835379	0.575342707075
181	0.406125998518708	0.897609900214303	0.318571778342728	0.60715958218132
100015831	0.00129385957595773	0.017389280875645	0.448341022668017	0.373269168814938
100020515	0.30825640628588	0.479341819859911	0.269225153948124	0.728566458758135
327	0.223386576543774	0.266946860077525	0.388970535997225	0.545104806796153
100009394	0.61991961750809	0.779676384800109	0.307673167613361	0.613561048045421
100001596	0.983037197955957	0.263820265332665	0.290613168261408	0.453134432800916
207	0.901104482325811	0.505942044493767	0.335277434945532	0.556876490486441
2054	0.555271770758505	0.838761798995604	0.314662224490772	0.604270036931623
100020259	0.678923424015697	0.57685748518048	0.349641253376071	0.576578006357965
100020414	0.00207308964615522	0.029412834656946	0.241865146602736	0.53807319713812
100021131	0.905333414514537	0.263057125645946	0.314117854305981	0.543034811508608
100004499	0.86031200202394	0.710339535918779	0.314017061508466	0.561988336825565
880	0.205747528717452	0.817559929430799	0.341691445259377	0.588822257690088
100002049	0.572866565393031	0.340462389185079	0.349621025509243	0.553566877725254
100001739	0.532028646610978	0.233993071710738	0.409548766742559	0.549003017208607
100001126	0.412903428980236	0.14131056243035	0.21416593930047	0.477604549425226
1113	0.601047800215331	0.746508463949533	0.344984373112727	0.551698171447725
1083	0.993123621874963	0.318929420581165	0.353436983542299	0.506375826992361
100001730	0.078946064676785	0.178333511486392	0.376546135415005	0.469139263321006
100001412	0.786325950586791	0.837923611456437	0.335707614602067	0.570362883894102
100005996	0.760892600755938	0.55658607406526	0.311607001932363	0.559288785335843
100015962	0.00935272783939644	0.108566764066605	0.239200349939624	0.900773020366939
100020214	0.729975998914194	0.426732853548501	0.339725574252139	0.520315334408162
100002514	0.116167594934299	0.322061907028045	0.337947319981463	0.527087568483664
564	0.206281671817293	0.0509009101699201	0.281829676253285	0.482486731962842
572	0.0223086053231129	0.0182368253793047	0.475335399497204	0.452415352778515
231	0.980154099259713	0.670063568486788	0.29880175121157	0.602769469472432
100000453	0.938660034280933	0.789758963074848	0.312146537502573	0.619516884668412
100001007	0.103575462579824	0.226140706771915	0.391220838951303	0.464688714913172
923	0.589240518450232	0.336318612509875	0.308376704262025	0.639287612046055
100001247	0.459373698389015	0.547836620438949	0.30492889109895	0.576810308645767
100000774	0.581931582072057	0.880556409767388	0.335669502991924	0.606375331374303
800	0.319701995870513	0.342222790055121	0.343602496963262	0.638260278365755
100021678	0.271581952474951	0.390008116348889	0.270347448525181	0.589151312664408
100021711	0.423470422439329	0.834499833383578	0.338904739693839	0.597744193798546
100001274	0.786412969258632	0.357996981365899	0.311160770169404	0.437651596190521
100021220	0.126395834892283	0.167831699514446	0.394240169938044	0.898387165273402
100020253	0.399010569625913	0.963402747607357	0.321176307789553	0.593087544352425
100001170	0.699310984401586	0.164543808966182	0.305017464540574	0.483581706445317
100001466	0.335524168501594	0.92988966797017	0.325552481956261	0.588687700876457
100009406	0.714133534405437	0.679273650764012	0.310145663697201	0.606057263299805
1026	0.215205278396824	0.475046370423944	0.340117590920876	0.562862195966164
100020837	0.7640336103941	0.37777820639613	0.369397101875207	0.495310155383693
100001006	0.0697692299022427	0.0843294441875028	0.309024382595859	0.709972889097998
100003674	0.720908250946523	0.123374898600703	0.323494390543854	0.572734706273687
100004396	0.308409470498277	0.390663842828019	0.374888165255329	0.483425680301676
100015923	0.602210724235957	0.954688793696989	0.336854427729075	0.587534515936049
100000265	0.425938642104909	0.680682205810896	0.331572394215689	0.558553129878956
100001409	0.0597966413163847	0.0855416242912235	0.331383593369928	0.405539226645995
100003434	0.416807157286806	0.496171129958879	0.329141501807156	0.516851675891943
100001334	0.577331886455384	0.0686284718117604	0.40670202923107	0.464719099146262
100001102	0.741834963902805	0.727521356685494	0.335013296557939	0.567835459013172
1268	0.568912741506685	0.0638985421004135	0.20410941003008	0.539430244747107
100001300	0.219455712251883	0.0851274901851668	0.288365721485757	0.587604278005038
100021324	0.234338908913461	0.679209126883835	0.417799762129022	0.576793780198701
100001617	0.117402565055229	0.107790734495906	0.311905961318968	0.633401163526484
1105	0.996684882603968	0.172003414688931	0.424137607743116	0.323081009550263
100021502	0.0607799971088649	0.271426384472303	0.312719616533802	0.61544277348279
2051	0.858307485799964	0.530018336444004	0.325355640993517	0.484243542812569
100001256	0.161815701137942	0.534623273017194	0.353659027083867	0.720199938396237
100005466	0.0535031630247675	0.0733811748361686	0.378631898092817	0.381515592630452
100002199	0.141321690775466	0.750994090343682	0.331375145064629	0.608514769171047
338	0.0161337125678581	0.0410926211988969	0.518727453227613	0.364080624590811
100004243	0.454330745425716	0.587373916069583	0.301618215967126	0.600355947547527
799	0.46697308273313	0.965326882854642	0.333301297139776	0.589272434847995
100008928	0.545579865000494	0.092565328872084	0.326295844356798	0.573287345222048
815	0.0955793047075791	0.25967824521847	0.320596572686053	0.673119414893838
100001456	0.00892463556182694	0.0971338819490653	0.287549179485577	0.570592420809619
1242	0.0519910775165175	0.0600439150914275	0.418351515688626	0.362823730313865
100001416	0.279161868663304	0.10025002851151	0.227073660653784	0.351946259229453
100001462	0.373995433442271	0.32218893821055	0.381324286840767	0.550283859819035
1087	0.186754793910054	0.0375478252867363	0.337549027447336	0.55206416230684
100020421	0.0590179551912326	0.0892834173231725	0.38188549804038	0.348619793236588
100000010	0.0027964961035327	0.0353410793379219	0.352918684991666	0.620014153558347
821	0.488580792752955	0.339096547714129	0.366952947273853	0.437438613398645
100006627	0.259758947620245	0.13368810302963	0.44910419174799	0.490855571079696
100001277	0.358340287156065	0.148239464323069	0.379180272065015	0.548880254718431
100021141	0.0359801299755971	0.184187788595126	0.365849042054826	0.675914080553425
100021105	0.167266566245966	0.234117636504066	0.350253569717414	0.398691587331851
100001950	0.000456653640496207	0.00839683824937318	0.397332531161092	0.764690853161679
100020217	0.882721794490885	0.284770844464674	0.231242753976522	0.432986874729827
100006651	0.0320698777618901	0.171689597318709	0.364890409071072	0.380882314697658
881	0.96931790552041	0.430249942304198	0.304204121231484	0.604412510970968
100001509	0.590226018254115	0.13032885770874	0.291770462948414	0.496525214868498
100021709	0.542139871426298	0.824887866197441	0.315688599987793	0.594099059732827
100001635	0.268431096788804	0.0339936392638247	0.358727326779758	0.526239126336817
100002613	0.464135180452313	0.128337954487162	0.298928773677616	0.675411203369837
100009329	0.509404471170533	0.676555143655198	0.289170724545622	0.72379865903062
100021123	0.815024527781314	0.557321755084819	0.339738102879437	0.497953916202583
100015760	0.196400831286843	0.146373712257531	0.273270381112416	0.605660647281159
100020205	0.366792642519606	0.39519684377108	0.385127804024651	0.42106793542608
100000765	0.56353196800377	0.628565636888816	0.317190635516807	0.560629379757195
100004111	0.338251962234432	0.165035204261423	0.354182928513698	0.565205113320726
100001615	0.204548552099526	0.785878303616365	0.321618339587635	0.588164964981229
100009227	0.187161335851238	0.113210333375239	0.448184473229633	0.717836604577763
100006191	0.36012461942059	0.546544828374782	0.356411314302186	0.535797889275438
100004542	0.438100726293603	0.384301155206728	0.340050335546338	0.629234521719735
100003686	0.311578186438117	0.126038191189009	0.446721446387782	0.529428332092412
100009232	0.0289080477311915	0.205856354375097	0.32178506704658	0.500794055163372
100001501	0.0449572100097867	0.100722259681643	0.417048334839138	0.62050374932639
100002367	0.514419919350432	0.243991367927238	0.304662015261112	0.452765108176488
100001108	0.31977316453867	0.704780432999646	0.318500461090935	0.582107832816125
100004227	0.694161572786846	0.936540884479565	0.322608097963597	0.58580766093536
100001310	0.217489248951097	0.322995123811305	0.299725524187737	0.70661107192828
100001994	0.773818753657885	0.923307851854773	0.338672494456594	0.650825473682402
100015839	0.00920298773048171	0.0115994274907222	0.44155183651857	0.651994033789085
100003271	0.00543891098044455	0.076864697319693	0.423022122930931	0.402663158130515
100020496	0.885799718862328	0.951573170431008	0.322521012631968	0.595181274399378
302	0.748999351952124	0.465659305638498	0.286944030823809	0.567171940220776
811	0.854698853982667	0.78838115513579	0.314414021010748	0.624803649819654
100001267	0.982449054402511	0.768216046868534	0.304081345245172	0.585727209825854
100001197	0.0293392791450218	0.356528458924769	0.360068173770409	0.603782360735069
432	0.242443979543821	0.502358948078178	0.340135779167567	0.576513100421208
444	0.0116926851873161	0.0591743670504972	0.358084712893607	0.719386372249394
100015968	0.350299188136255	0.380703133701664	0.318054254462072	0.522727501124695
828	0.903087154686867	0.885522611666879	0.316869432981151	0.59526146915354
100004054	0.242212239742875	0.817357227653349	0.324745621786129	0.595450014411581
100004635	0.148346283293432	0.198334553308051	0.639541697786001	0.400194035107989
100000491	0.461900356248079	0.577091959167844	0.315349627833154	0.504614736117467
100000939	0.037588827133279	0.0294457311022133	0.349890432485319	0.474366548551494
241	0.236819475941651	0.62755586625817	0.339874504145127	0.610497518700607
136	0.362391200302874	0.0749678559994672	0.281487210753405	0.767611566316013
100000792	0.54990823657461	0.987274269050594	0.329284751146123	0.63903145229506
100020973	0.605214309871359	0.656365643878797	0.339299070428898	0.569850786188422
100000936	0.794390963427275	0.851070604977958	0.321059983692668	0.591566190982258
100001313	0.00881775074092824	0.151912506336177	0.334323884095798	0.64925405491927
100001951	0.0381496348906007	0.0841011401249533	0.372560985358221	0.570097024211896
100006098	0.0195391129460171	0.0952569829621103	0.355770763104414	0.705526107875539
100000007	0.300630046955839	0.634082859323037	0.324752271897166	0.604349680554361
100006641	0.959332090948444	0.891019433413066	0.340869271583992	0.592132052117968
913	0.0106765286662357	0.059649465436492	0.402204977694347	0.457094827872691
100001579	0.813056540743924	0.426719708808777	0.353376181633271	0.591032183331332
100002911	0.131698968000869	0.0114030239410711	0.424722381387954	0.535382885862177
100001293	0.268824825589841	0.401592887927367	0.285223039666479	0.721110262658999
100002241	0.203044736355011	0.512686512706296	0.34077772386015	0.558146216099064
100003179	0.369237537055699	0.0743271116416948	0.313920460361903	0.440418866027672
100021372	0.320059444381455	0.233804651397713	0.244638738967159	0.592992299679257
100001956	0.458080077149634	0.543808261450221	0.315327563608011	0.524465300291374
100021162	0.248885479826249	0.182481704870828	0.30121346000863	0.444363024047667
100002259	0.362296064643371	0.624308341522319	0.298882183557824	0.583974644257889
252	0.451433846309939	0.591041924873291	0.36865964473468	0.538744234239659
100000707	0.448972126510325	0.324598878439188	0.317544444054899	0.597701687523068
1489	0.640810570936989	0.0201183586650197	0.24489574803384	0.560480422423089
100020361	0.0339540698170319	0.0983456200400486	0.346970194493535	0.877621881831567
55	0.79620941907085	0.982386924391422	0.328405477950667	0.593736631399855
100000863	0.265556741748864	0.267045558835678	0.281688663891351	0.628427410955472
100015840	0.144633662020681	0.0895778866572446	0.442165680329928	0.533475559950612
100001541	0.140062631366423	0.0805969211441468	0.226395098059673	0.57261104925937
100006082	0.157719035679683	0.0542245689773064	0.4141337268779	0.589363711240195
1254	0.670588948084047	0.955795702593061	0.334154745186791	0.602865855864996
100001624	0.487995460084841	0.354186983054721	0.304971031242108	0.565931012515763
100015850	0.905344737359093	0.60000761949641	0.392129055502958	0.556822802835718
100001104	0.00405107260894539	0.0150308000691784	0.344845429506555	0.893446297791657
100000900	0.106731226833473	0.38314937516209	0.336832444894482	0.587821375814947
100000269	0.17477558735799	0.0757519583732262	0.204287814826488	0.523788693284497
1022	0.257808312191368	0.92195702461764	0.323904127102324	0.585452019245538
100005373	0.206017098499686	0.0805437549156999	0.289117453189333	0.620297728656615
100001129	0.127865185338611	0.712624564526938	0.311982639804197	0.618601553625077
935	0.0105394887524105	0.111205839629214	0.427518421599407	0.446659090685779
100001262	0.166543261961115	0.208828953552401	0.333865927890582	0.615795418172499
100019978	0.335952793006059	0.593989890408317	0.315690836557221	0.574080874942078
100002293	0.859054238892806	0.906740814964905	0.322834189610341	0.592975760232989
100001426	0.16042117154802	0.230645688102282	0.337617106712248	0.415590885109833
234	0.0459246107149908	0.183683247242486	0.311423305910957	0.5875216826428
100005403	0.228429086032588	0.952137852654955	0.334925666478839	0.587778528699229
100001083	0.0424534569797027	0.326743420491509	0.350278217611738	0.610544125879137
439	0.696933257291979	0.306111747182071	0.346283839540915	0.583863904648841
100001086	0.353530312328492	0.436630880422127	0.335190738013083	0.666385991362568
100005864	0.681833410636967	0.448433352715549	0.298011847512857	0.650201799280736
491	0.496335369552584	0.899196160894681	0.320809915391731	0.591304176810474
100002029	0.495001807773923	0.424660114591128	0.309179260959907	0.470644868259233
100002154	0.746651329757612	0.416943448734112	0.28362635233384	0.559996723212171
891	0.515157062956662	0.191341730720667	0.358424167210055	0.562169013052125
100020261	0.398074271653884	0.459424778115569	0.380377003053734	0.567402583368623
100001296	0.653861182239295	0.523070985046791	0.318031558426054	0.511483358963737
2050	0.493696228284331	0.513432350204524	0.347410125365021	0.535207986820078
100002761	0.306186876206909	0.703688872571764	0.287725525250785	0.713363960113983
100006614	0.852697044508798	0.666717830176155	0.297781174733799	0.654871278278765
100001597	0.968846601716324	0.130205781092149	0.215530855330452	0.396611061378427
100020853	0.808531288886295	0.896218831734283	0.324551544132188	0.59806088203273
100001446	0.258014776154975	0.369693408186754	0.28698221707338	0.580617627226179
100003240	0.320315527466832	0.126183922845389	0.367428018278777	0.519095469354172
100001502	0.0330800548869747	0.236392316703988	0.376615030880925	0.683290784307327
100020866	0.100370021934311	0.0118011904779401	0.202349016100706	0.417334927883787
100020419	0.0272017562608956	0.0784434147467917	0.362465745016902	0.336085935931196
35	0.423928915096269	0.263838282072683	0.299848616100222	0.519342694161653
100003696	0.0174217929004732	0.0587670181183293	0.450370337656624	0.548175864978216
100016038	0.706260587008641	0.980505307471946	0.323115557931749	0.598561000206443
100009333	0.173705223994416	0.159504558754394	0.328451273195262	0.602214806580849
100001611	0.20099673513269	0.381328782219508	0.398245293863363	0.582328593148245
100005383	0.73951568631028	0.326292290843822	0.324921493352456	0.641421234917838
100009239	0.31340157891618	0.116022454807595	0.405284756731311	0.417501710863351
100009332	0.316770212930104	0.241438965123657	0.324812966415791	0.551538219913843
100001731	0.142261546324603	0.623924381080049	0.332536315376593	0.56269925241078
100003415	0.28238561242484	0.387096968229307	0.320241286822337	0.59252582711752
100020578	0.140193335673254	0.192545899804049	0.304322467027509	0.491390146673739
893	0.830294808243378	0.515882635397248	0.3180301775719	0.603755624609735
100000963	0.294882817335819	0.18927873375451	0.425954241798928	0.396448857836172
273	0.136208951451374	0.27971683747596	0.378559630260113	0.584473687789483
197	0.46336698877888	0.408534725909366	0.315231972732019	0.476803052915713
100000808	0.300597610651981	0.246124054808061	0.302654208382466	0.741293336019593
100002284	0.811400522445621	0.352278931087933	0.210749288676501	0.527913771684213
888	0.915362234628355	0.0918028985357176	0.352405467810684	0.566919093526207
100006435	0.507918849486508	0.333748708285936	0.249385784681187	0.892655949162377
100006374	0.172464443215837	0.503396865011314	0.335096548471074	0.575207054361038
100003169	0.574642488996308	0.972190199909044	0.32047157178752	0.588721223975046
1004	0.646034312314963	0.839018034787231	0.311412064134569	0.577788834045018
100005998	0.099069473827221	0.904046888435724	0.338772569274859	0.597114414543623
100000773	0.630829775057221	0.520723195254524	0.329280988290233	0.571022784115183
100010850	0.0143073416535528	0.107561796499772	0.387262752927025	0.462778918621702
397	0.886776598298969	0.387044723910457	0.246412251026252	0.64832634081722
100000039	0.0817343748154867	0.240969521813843	0.263498102952311	0.650195989353218
100020833	0.713447540785982	0.813365076406717	0.327601110450519	0.624133929302234
1021	0.384191706441118	0.341928935681086	0.304244100715566	0.622658902379856
100020479	0.297808537954213	0.51958230793617	0.331373703945775	0.593622318488824
100001335	0.487610378790716	0.287657153632096	0.368611923372424	0.554776637554285
100000743	0.577813516972502	0.945537261986705	0.32150386972429	0.590336554986036
100009246	0.18381939866995	0.66071694298738	0.310686281966649	0.620480885766805
878	0.175158906818045	0.806013237105113	0.312595409019593	0.602282488819808
100021103	0.724479051076416	0.933587307426526	0.346517272274922	0.645844143248586
100021363	0.244127322946411	0.586452863929738	0.301316660449151	0.629336571160286
266	0.139095695863734	0.221774181804049	0.324668953870619	0.526176729373786
100001195	0.329282147956136	0.198879977624637	0.410261024883608	0.520732061516269
100019801	0.778489151823907	0.688211763750783	0.336196802507153	0.576882436760725
100002196	0.0452866135459905	0.289401973533839	0.333641415567542	0.605433650518206
100006370	0.273735447025818	0.994542211380906	0.323034962695143	0.59023106200161
100001510	0.0345725390432236	0.00416354121684606	0.265480923205901	0.704367088449825
100000437	0.573770641734711	0.471421757766922	0.305326255044773	0.660421765064312
100001767	0.144441721352635	0.0347780581981679	0.393104902327386	0.655209863401956
100001810	0.435967839454468	0.52715114297955	0.331360131712574	0.745226404112867
209	0.0371907241867292	0.358917092989544	0.365687867372553	0.578048198729352
100001485	0.226076326321401	0.0874291083091719	0.198257159827308	0.514747608131396
100002500	0.116502859957291	0.435575918327728	0.328691595250569	0.559557360125857
171	0.041415618136661	0.0300823281682914	0.231292195714226	0.634399022994493
100020487	0.911439024352692	0.864282492557627	0.340339275509795	0.571851261195019
1206	0.00681233135142639	0.116492634509744	0.327271755721012	0.635833891471663
344	0.0117500686250449	0.0262462273553354	0.639979230341575	0.676484708720384
100001405	0.516525883077953	0.918920002010656	0.326940886787141	0.584554408618615
1239	0.987001323716533	0.506259798999697	0.357329497658569	0.594016375749902
391	0.0672922010283982	0.191214828239002	0.297611324737046	0.80131001970912
100006430	0.477156363896552	0.178120467496575	0.399003091753886	0.354080479755378
100001417	0.959376115923035	0.558303497110466	0.307358021816006	0.692641994834966
100002951	0.0478303409502472	0.419579607193481	0.321634957700575	0.502080935634086
100000014	0.36718129242809	0.549947388862357	0.316091953443808	0.626606296102127
100003926	0.518461438465237	0.440131617161524	0.352959997987252	0.565296720448359
100021538	0.48295934819703	0.338452208428441	0.380741668881322	0.501501975023898
132	0.357126817532766	0.979736523207814	0.321978581520152	0.589794825221033
100001425	0.525983797184052	0.485558824267996	0.410779875533175	0.518385662011621
100020262	0.605038344312315	0.641121205128367	0.346157265961041	0.57652182541594
100002679	0.339807777771307	0.710524367348199	0.306710899067992	0.65527147212352
100001270	0.722701296757283	0.568927375217594	0.328964772618775	0.569812981885535
1102	0.918244033734493	0.962774677907015	0.324869196389975	0.589366048454012
331	0.221850858136055	0.182082142666351	0.271630289417516	0.474976500836138
100006361	0.523966084607188	0.647894823352543	0.299833871879081	0.659138863400191
180	0.780983908853818	0.8859258113579	0.335367348303454	0.587736895118983
1053	0.326580728716534	0.465511065114892	0.465568386891457	0.65541842728221
100001359	0.598035715529381	0.823983686599604	0.345610387493127	0.562845749174772
