chemID	simpleLRM_Fstatistics	multiLRM(chem_sig)	multiLRM(sex_sig)	multiLRM(age_sig)
100021136	0.0116864768565734	0.109509567559462	0.355159934579245	0.77812653822945
100000882	0.905516653023203	0.412451212848274	0.327995524395493	0.62308668318614
409	0.214177449036716	0.950911568601004	0.309733029415558	0.665152565277239
100002254	0.731130747442892	0.0303507393115157	0.210145590162079	0.670094417265504
361	0.00432960880416057	0.114276291368531	0.234749662459499	0.617651212746416
100019975	0.466063722702146	0.740577192771085	0.307402127436176	0.680170705107396
100000257	0.000800170291611486	0.0742689676672875	0.311597938399115	0.602646038559552
100001232	0.939052136610046	0.718085945141708	0.33466775270446	0.645342896626292
100001948	0.498433532531278	0.777499636747724	0.314059085422065	0.628793171281772
100001073	0.669996515470856	0.709364314919983	0.368596825448117	0.607406984399374
100015637	0.918320429849014	0.291976881120663	0.330445587820313	0.665654451449536
100006360	0.618017372878219	0.630493963810833	0.286720323362461	0.745040765635667
1488	0.445937799515006	0.517450883409701	0.314593897382711	0.630656418944542
100002253	0.923472000722775	0.937059744085832	0.312323715133721	0.661520506668051
1023	0.778133183157431	0.980579960552528	0.305705324716863	0.664941314418114
100004284	0.658256434439717	0.729548934785517	0.299688270091804	0.67810862759426
100001251	0.602029194329838	0.88160183427756	0.303139135091053	0.663208536838266
362	0.588080495223601	0.481990218868657	0.277655155054765	0.672422405325341
100006620	0.706462647297043	0.952675126051345	0.307138238821097	0.667662391617069
111	0.979151390332632	0.644638080070239	0.331392682414114	0.669150045767037
100009045	0.774058038228571	0.575918445261371	0.282998914369964	0.737838134121545
100002927	0.806330520871435	0.9959223962655	0.308004197111472	0.668258222468752
100015641	0.895612190169121	0.652101232021071	0.334640577452549	0.64334708859671
1114	0.093853142478627	0.925561501160914	0.30964635595974	0.663039421371233
100020409	0.44727947735144	0.620664833422125	0.305947628571262	0.602825549119609
158	0.101643345390371	0.151304387145784	0.398673165590998	0.700775902833473
1224	0.0360819872110259	0.190315901240471	0.248169378282573	0.688917061478342
100001620	0.39994533115383	0.349105790404965	0.270430767538563	0.66239528161926
100020893	0.685394022392125	0.590046528272551	0.29315164730392	0.592652718248318
100002458	0.61623543398534	0.710891693007939	0.334081127315079	0.635478391153196
100001112	0.849060221830364	0.92884140672829	0.305853630773937	0.660617938286981
100002953	0.501846334747812	0.799175770922566	0.3092430142589	0.656254650184245
1141	0.797686280735517	0.994979187034515	0.307791253926973	0.66771224110733
100015834	0.355202663646476	0.733149605469008	0.316606373502854	0.686685457017082
100004561	0.417468361982657	0.388857588593353	0.325486933300281	0.643764880223389
100020497	0.60502882554684	0.967914222886179	0.313328331626585	0.664595336873291
498	0.0186292502876579	0.145441639652657	0.313417097198417	0.7502116594361
100006051	0.866724331612629	0.900491936714323	0.309599703242013	0.663263498116013
1668	0.432954287707515	0.774580681572004	0.308982930318653	0.702257237570601
100004523	0.514946688482379	0.795532720152957	0.300947275243351	0.695886842855454
100001604	0.0748215404737982	0.0636444030292082	0.305016830443186	0.781053839647803
100001002	0.210447121544011	0.714001061009214	0.312890583808132	0.66089347179924
100001987	0.0649093217463398	0.269322548593376	0.827297297854577	0.533996939982633
100002462	0.95795511690721	0.944023437263969	0.313417717395446	0.662694577687963
466	0.646251637004289	0.0371750389574287	0.33085387694567	0.658147044414101
100000665	0.976796703751048	0.19108260535778	0.362625413602465	0.586363311439641
445	0.724184503571607	0.741402951559336	0.293801577622426	0.652349967391923
2029	0.0783973168840688	0.210781481867465	0.338976241567608	0.670829961523466
100006438	0.131892319585093	0.228604000935612	0.350544404627163	0.682908294604435
100001398	0.127160556382128	0.678371505123355	0.293719715070334	0.676123160846469
235	0.415413686857382	0.534113393004706	0.281341954576933	0.690034514453
100000997	0.685469509009922	0.721552687305156	0.30981019631678	0.645843687178784
100002094	0.211964028596538	0.119558236204089	0.25321009427254	0.51212525333035
1052	0.470027661686252	0.731542295642365	0.286440154694122	0.718038706371842
100020823	0.246543933616616	0.424272616548082	0.282922725710192	0.648929557238798
100001806	0.282191038599293	0.621827141962364	0.352563785815322	0.67789030633023
100006092	0.553113771831027	0.556516840685658	0.329840829330746	0.620106875516349
100001415	0.162644302985311	0.220846242305399	0.306375677673007	0.47522182905397
100000008	0.0306620658606584	0.0588884892271483	0.347626685449454	0.492159438419755
565	0.00235728408847973	0.0401550028937159	0.326111028295079	0.694333481718397
100015851	0.156736697201978	0.172260613033747	0.386302161637916	0.809028339419047
100001866	0.662590070035578	0.835167416538032	0.299074955517374	0.697005904088319
100020546	0.00215326532101526	0.0249710619535847	0.547000229868103	0.864700687359033
100016110	0.52661336808698	0.368876682830969	0.249959079400286	0.767835337988343
100001254	0.00202666874384802	0.0108141385233702	0.401850301079839	0.851980501080667
100006260	0.300712301174873	0.625590796803802	0.316714777477877	0.657986623795425
826	0.678710458618741	0.911864124071658	0.306958457595033	0.663412609527993
100001872	0.400753793872551	0.914428305142376	0.30775263695118	0.664475046468918
100000263	0.322569273914859	0.257803637139879	0.392190525921824	0.663582962493059
100021198	0.385462411924101	0.976924456919947	0.311446212302559	0.669384372328013
100015967	0.0309246423315765	0.0867655867164787	0.383338811851999	0.484796273127866
278	0.114362815944704	0.211571155257509	0.287860149080843	0.951244970511602
519	0.594223788919166	0.106616616376743	0.39558890717719	0.576783096670816
100009337	0.0881618043114187	0.206487880247149	0.42668598018194	0.651518821586272
100002185	0.397175068438071	0.722651822608966	0.291711301777902	0.636849701004294
100001278	0.278288145557885	0.0960292593444315	0.403751902785351	0.601866817933133
100002103	0.495391696214185	0.991025453041682	0.307052424512439	0.667102662549498
980	0.643900253574056	0.157216136031002	0.358479839803272	0.643976928082364
100000016	0.866346279328419	0.375367028102191	0.30377262817441	0.638963622814163
100020372	0.108783483179789	0.329413461603316	0.309601359587968	0.574316741169296
100001662	0.912166568429717	0.590258792883895	0.248305538484616	0.68337129435701
100019972	0.887074671815366	0.710730820836487	0.314269715594698	0.654197727886066
254	0.781704533318221	0.692918138781826	0.303735044936863	0.671769822245386
100002009	0.676807154675764	0.781564868388977	0.305158475830722	0.620994665559982
100010895	0.399173040446067	0.351093446840996	0.371635234900362	0.643494155298957
1140	0.959362539980746	0.787733606678678	0.304049768861788	0.64531345149461
100008951	0.496048937337901	0.277402493461873	0.342494603279331	0.603465302395777
1084	0.19630095806341	0.369609056522965	0.308581043838237	0.796347654734286
100002796	0.0987099384625505	0.453193368220627	0.281231560344814	0.619284548610947
358	0.973956389207827	0.977399916150788	0.306644505337975	0.668154535166755
100002070	0.762209312839121	0.582958352094834	0.295442338502249	0.709319166965738
1628	0.690873583476796	0.435295796247877	0.292350320573704	0.640918150437417
823	0.786400096448753	0.674236450021597	0.283787596008448	0.706507248210776
100004414	0.440851563030386	0.025923493649774	0.408129328240651	0.839828069193834
100006129	0.684077715575378	0.67948880482107	0.288469318552141	0.684752192912211
100002028	0.742993999071271	0.428598752111289	0.412484515498861	0.477726646100186
100021707	0.557715633337625	0.986917710276119	0.310201840248017	0.670545247029829
100000054	0.523552808829403	0.44278995968409	0.298142654721995	0.691039790887291
100010869	0.551024317141257	0.280935509149635	0.313727206668447	0.559505122526835
100004575	0.0129552883919428	0.0257193898143411	0.421614400472757	0.912630272388088
100001212	0.415409633907406	0.251921876018223	0.314246296244198	0.838840168658552
818	0.296163904112805	0.973227167653188	0.312834517304888	0.665139827395754
100001092	0.00170512569732125	0.0326635251946313	0.29498819329724	0.663644475869068
100020371	0.754341353008638	0.676797936895229	0.298242265049267	0.668368102397175
100004112	0.201209676224151	0.539595316720173	0.321093733849833	0.674469553760661
1125	0.51902111259381	0.554401407237308	0.32819109780783	0.681463999352903
100020491	0.976323344469496	0.753978423721667	0.288930822075143	0.673874074437332
100003151	0.00368487099811694	0.060645506644478	0.41450635772905	0.581090696536182
100000011	0.512818609417819	0.754669238563447	0.292239169723052	0.685143114058783
100003594	0.538644475888225	0.953659912443583	0.307467541222051	0.664109897690956
806	0.819584259127465	0.843079450616558	0.306277057560483	0.643517860998346
100001211	0.952918147538653	0.669746221768496	0.314435914694327	0.651802836661343
100002417	0.555573681517583	0.533388578470511	0.296470654828868	0.631523926672911
100009335	0.618645721929946	0.237428689468804	0.257879856029203	0.689435632480517
100000781	0.650290601313439	0.841440970623175	0.302910847129578	0.66277301345434
803	0.0276420739502719	0.0570978352087829	0.30526168046513	0.536354727853903
50	0.492834204799314	0.657350626292077	0.313146824109239	0.651592286220463
796	0.91454049855378	0.284713940552589	0.313048102874162	0.677325367832131
100005834	0.871033751264103	0.341109199214993	0.392404613661204	0.66224052808091
100001580	0.796113012764769	0.230766390595902	0.351325394502353	0.666935888247327
480	0.516069993020118	0.894754308273487	0.326076101989605	0.66294554855439
100001540	0.257809921169216	0.81775508373555	0.365826287957506	0.721885195087123
339	0.438629983061211	0.333366760292695	0.344449455870103	0.716919612824274
1110	0.824902925372923	0.450281859881709	0.2925157569552	0.83452625800109
100015836	0.256461868083113	0.390851937525188	0.384878699116512	0.778229121743784
100009271	0.591210821306993	0.626464130868233	0.332552397073116	0.651077594290165
100015638	0.99890649161808	0.311959376586445	0.323721773901063	0.646347957868326
100021667	0.909386859003993	0.59363624898002	0.334707081123823	0.655301157627851
100001279	0.676270105044499	0.384313817944586	0.325834703718126	0.785791759253281
100004208	0.0179314635696276	0.0973335540034838	0.454120656674931	0.795908868150145
100003695	0.286610144919611	0.301583918330442	0.322568147502277	0.519707013938772
100000802	0.539292847302696	0.610944957272081	0.300715416152672	0.677593189198399
100002769	0.782631454486703	0.306867828985219	0.250617030673553	0.749027019774026
100015835	0.116002798333101	0.334475614303337	0.427405926421259	0.843402889177032
229	0.716016419177127	0.14318351286928	0.366374653054823	0.656022627929844
100001266	0.00386740021739356	0.0261887869226275	0.399754800579233	0.912574373070759
1342	0.292586603883677	0.358245531695536	0.264260720902606	0.687893231311866
100002102	0.863214413481079	0.409301083525865	0.352884845805806	0.801707045663354
100020254	0.148303052438888	0.614654392103521	0.300530311181591	0.688827516003152
1231	0.356094871892931	0.0864109999100365	0.38780985796563	0.600098039069616
100020492	0.985068372824135	0.950563066902121	0.306054052236829	0.665534801693572
100001402	0.324741664059245	0.519634969001978	0.346614836924127	0.663743577635927
415	0.000476980283747893	0.00430901165269206	0.414938228791224	0.729014316380489
100003109	0.954163103926896	0.808032777949357	0.310588396238025	0.640513036968581
275	0.335937421184531	0.588609161267371	0.429554812049409	0.696598418450743
1143	0.232801197174338	0.500038906837968	0.302673953738337	0.683129422409284
279	0.666719335342557	0.961830542794785	0.306712494817049	0.66505575123838
100001198	0.817252426410924	0.659986385636519	0.341897151246957	0.639283132781526
1648	0.421511725371309	0.81885235021512	0.303912434433517	0.67702468950123
100001590	0.530590335453628	0.636133229725037	0.298738328296629	0.638256608854601
100001733	0.237427037240356	0.437980084536665	0.292952172539128	0.719715932275469
100008933	0.0129358483707301	0.000672269149710607	0.422732146382883	0.615747287776773
100001550	0.0082604141656797	0.13119820535213	0.380735336979472	0.757423974959472
1215	0.0966508535218119	0.600007139939356	0.288179653329641	0.643623101009484
100002356	0.240239939197227	0.0567765507305897	0.374604284053835	0.672804036206353
100002749	0.829533294030448	0.983580019884704	0.306815424872422	0.666890592273024
100006379	0.251569486144529	0.431387243823149	0.330077677901802	0.530463793088715
100015966	0.076329583202407	0.1578695322981	0.33352467568318	0.497377080413018
100001392	0.568860712985955	0.8580741870315	0.303828304270752	0.669237774276218
100020425	0.396106475941802	0.654687401166169	0.292609385801319	0.613913871389836
100004299	0.13894616967024	0.267124303434957	0.385105105698585	0.83957984495594
100001734	0.92777082230297	0.811929712371037	0.303272618323532	0.689628362902425
1002	0.478463107525265	0.591191194228829	0.305281014877501	0.660728952562349
100001337	0.392935687472055	0.706607342389475	0.335292536176206	0.664107007977248
100001452	0.445338627600618	0.63183445469856	0.311884757935151	0.708358371502209
314	0.724215443686854	0.63582544946178	0.310840285200542	0.677539089561675
100009264	0.985454591948338	0.538939881307318	0.245367562448728	0.786866006111705
100004634	0.441758978676198	0.512208430475187	0.277569512241379	0.684168481422138
100000711	0.447033810922147	0.146209437297323	0.412527827603086	0.749293630256015
100020536	0.021146886684872	0.0913068953689231	0.36322752189224	0.775725051747543
100004318	0.360569641761957	0.727133416370767	0.310562087627188	0.664653004599929
100005850	0.941124082032684	0.511924273710764	0.37902944628548	0.617746664333206
100006619	0.954573223671275	0.612063668677434	0.299040439533905	0.662128999344038
356	0.65893805687275	0.912352986681515	0.309546973367616	0.661508590224083
1221	0.757705657147951	0.926891217351192	0.3296046889666	0.67456484519827
100001397	0.672532518402842	0.699136515043279	0.308148335208021	0.652441243577748
100019981	0.301250994348232	0.205788671111991	0.346597120390729	0.782929413508082
100001208	0.395500463545021	0.119943723553916	0.254869280843849	0.956657546602262
503	0.00707756624473707	0.00359857337383771	0.186222717749157	0.501092265993606
100006375	0.101501721842173	0.43012043071949	0.343927915165412	0.63492644899586
100001295	0.547136005242509	0.466680411025544	0.301473867681603	0.773494735563243
100020427	0.180325948687155	0.372898129101484	0.294916538777138	0.548230421517082
100002784	0.603945263371211	0.551431075891239	0.278391506726555	0.710434837030678
917	0.0138906084222966	0.02708720539985	0.36875041654188	0.566975715126095
1869	0.343806271227082	0.151026644402557	0.336960209007986	0.533496965405927
240	0.459993679301795	0.474610940322682	0.252804844466683	0.591150941808852
798	0.00216361891179303	0.0373295638138228	0.472887935339554	0.578716609225409
100002952	0.191253357261999	0.499346924452926	0.305020538511451	0.741518851823665
98	0.421200185355462	0.446992540306033	0.36232306802711	0.674216230665293
100008998	0.206658245181605	0.165739334283166	0.226045732394701	0.747305626386599
477	0.925813018742833	0.0831747292524854	0.309486540982943	0.68342061612674
100020545	0.0735787325500072	0.0787106656382281	0.35757275222904	0.871467732950225
100021666	0.82292724689792	0.210653668269411	0.339898149084944	0.676560541208312
1256	0.297066174871107	0.172786291970424	0.462170692526592	0.772400651536676
533	0.968441029438144	0.969982225258603	0.316203026288116	0.676673155255147
100001757	0.466143528636915	0.968153653703492	0.307791723497776	0.668300928680909
1024	0.163345840359793	0.0128665389511184	0.18958146102602	0.733656008384021
267	0.231321095263203	0.478907168916691	0.286068526745454	0.689002360528773
100002113	0.115137822897686	0.115246248674529	0.29701553183949	0.69413847811726
100001756	0.80728076084478	0.64426116715309	0.323010921759209	0.686956333211783
100001193	0.365858799686536	0.08057240631442	0.398157838843955	0.598212432085531
100001668	0.647762389543403	0.904610383806862	0.306615293714572	0.675399017884886
1124	0.214005506932751	0.13707635026717	0.264723166449468	0.784900879731303
100021331	0.147895101254896	0.274054178469358	0.286974469789867	0.710774778498196
1090	0.0909298561608288	0.134867413030184	0.299101639383587	0.752543656067937
566	0.438111314111542	0.977101719561067	0.315242828145589	0.666598153618316
100003119	0.484834078830381	0.299763939869508	0.338901889565345	0.60686753434363
100006367	0.777821573081513	0.585505989935644	0.317119841757892	0.646439698220524
100004322	0.149415215057467	0.0890714605423344	0.318053636862326	0.780542999624393
100001034	0.224525431726726	0.220229332713204	0.346008634904845	0.689441873702519
112	0.754699683560313	0.38460514880741	0.297713493556039	0.850759575902287
507	0.727182916669737	0.824706875043879	0.306413863763717	0.669149408868079
100009233	0.385803092060624	0.273086762858761	0.287151488390301	0.68246496726224
100000406	0.0133659306391119	0.0947382420573721	0.493146822818251	0.461925687438057
100004046	0.185506186741835	0.913100589259423	0.411528985836161	0.675202245816546
1025	0.777261549710776	0.688882944845177	0.296053584748961	0.685181250526924
100001106	0.123126781340992	0.137086044442583	0.260668159419957	0.679149631276889
1128	0.00373905068696037	0.106343760715693	0.410242052183982	0.778461937554499
561	0.034359208412334	0.19627148539107	0.228522043998169	0.580129176827143
100001614	0.908934115635745	0.335637575015845	0.32198625368706	0.641920840451612
100000961	0.824779818196996	0.819046922458835	0.36120534449738	0.641690237461763
100002397	0.922972562450455	0.96685214446054	0.307664302865604	0.666457229111833
100009407	0.787914317563491	0.692094845788701	0.290208315785761	0.693502899100688
100002910	0.980703236917721	0.397507568566405	0.26936848268736	0.574647050751902
100005946	0.193265909417396	0.223111086098128	0.369000300763473	0.773633060749939
100019794	0.0253500635569237	0.0922018108783046	0.336748049638708	0.865008359842901
100015759	0.414119442983	0.149857541483754	0.268111659350694	0.674333841514084
100020417	0.833678415738595	0.936947864738315	0.307186099396938	0.66413233021506
100001054	0.729343633570622	0.92082803209261	0.311958599382202	0.667005140516184
100001437	0.264160345314862	0.183502796434677	0.242987343080634	0.583435030139063
504	0.265519820876017	0.73898412039672	0.34705217890039	0.676716148087963
100001988	0.437559648327931	0.621200262685779	0.300328762738087	0.825511991140611
1082	0.0035111718280453	0.079524726152222	0.430593591097622	0.752131566911836
100001403	0.236903094528958	0.252827793789502	0.356456333847571	0.62623115762052
100001664	0.880389608448766	0.537878008612094	0.294475473979155	0.825802300135209
461	0.546014338624576	0.649970402587434	0.364433086341823	0.6635284436014
100000463	0.691059139220361	0.747652420452823	0.293764765122344	0.667363783979616
100020208	0.599794819269047	0.586974340678311	0.341422274001876	0.574935116476576
381	0.744317330662058	0.913544864020065	0.314920995370927	0.659727264747712
100010901	0.0306563825350794	0.00997288301929813	0.323235145012184	0.794737714966549
100001468	0.092265089744865	0.461886138601944	0.284926046654717	0.772487077338909
100000840	0.85319259691926	0.507680643377734	0.24742823866263	0.71045991928113
100020014	0.22357077674699	0.651927992844659	0.302828788867857	0.676433988673705
100001993	0.704714909676614	0.553325027698496	0.245065748390539	0.832987654834091
100001051	0.614236597546324	0.916553998981959	0.309234434110953	0.689951052127727
100006116	0.348637669756396	0.528384656189365	0.313617784391684	0.661240427002622
1108	0.963921974818811	0.80161993890523	0.301478182817406	0.68534722906205
100019966	0.293482307995006	0.0491897460977514	0.379595337443443	0.626826407412981
100001743	0.972247178799265	0.751833530959393	0.314487372366801	0.66901010408342
100001294	0.118824916396523	0.223142035011521	0.230768411533251	0.717760422345223
100001609	0.317942970308688	0.257265919711289	0.299175775881396	0.715372512966595
418	0.904468286870798	0.61162787697565	0.297357958791778	0.716924657865849
100001178	0.203338934696905	0.513614349552973	0.342945442428541	0.74992562258453
189	0.823087154184706	0.719608149520113	0.284863042582416	0.646434264582189
563	0.273580085006467	0.717869379261109	0.291721046557662	0.68527091777553
424	0.423061913179892	0.155662912250892	0.368236910610245	0.636680066458983
100000776	0.115704329272577	0.295150794648972	0.349131103845804	0.670252752107238
1001	0.865193678815779	0.978305479746628	0.307532011384521	0.665772682058865
1135	0.717848653623157	0.589801636454346	0.295780277613574	0.701701647773385
100021093	0.343073083454189	0.596179084467653	0.345709051839645	0.677051685318649
100020219	0.0855655653389891	0.214728809324743	0.329984643472514	0.542630648017496
194	0.219403928830367	0.42898239531011	0.290212977124764	0.799907788072813
100008930	0.532596025819202	0.29148438564969	0.359666635902094	0.627321018038652
340	0.680437600224423	0.238729094509197	0.194070478995598	0.762463853019549
100010896	0.962681469246892	0.496936224742256	0.270927290000746	0.680183991104796
100000787	0.429331594756198	0.417701581290663	0.29545049603093	0.53247978337365
100000639	0.0210063577314908	0.259003706170903	0.287709201542609	0.654916644864714
100001851	0.631582404101597	0.923206801720547	0.309644856553022	0.660213425232876
179	0.284302903832852	0.795116680082909	0.310243226222822	0.657088600712351
100000626	0.315980268108157	0.60656398686681	0.326898970507598	0.661667324942392
100001605	0.00960609450343201	0.0754107874756133	0.38214763055668	0.770288938780353
330	0.517974984005681	0.691020684640157	0.298596526558781	0.741238341402559
100001162	0.260522430724137	0.361218619513128	0.397802365893696	0.703199774847637
100001167	0.035557137246483	0.277542943062999	0.305934440594946	0.644940353927551
100002067	0.637259258015365	0.91532674388139	0.355357482841428	0.663544650843761
100019968	0.964434653343308	0.818736163595429	0.313555943387777	0.653770942890689
100002014	0.925457210235948	0.897067289975338	0.306404204803814	0.716659240854393
100004083	0.412986852462755	0.125248264693377	0.350610155406193	0.521941503491745
100001315	0.457326597016131	0.925045648501742	0.308923676700314	0.674563149768322
535	0.299098223776451	0.728055999277711	0.318075801589381	0.666104095836247
93	0.762638030054241	0.713741723141878	0.314524048647549	0.624135997985771
100001989	0.411903055988427	0.855750546459942	0.300701935413835	0.684882506920557
100001740	0.769956865465139	0.332987647601832	0.277555756532193	0.692931697430856
482	0.131177285808449	0.819765956379191	0.310122139122192	0.643268863241605
1629	0.624623319301984	0.759261900284866	0.296895071657991	0.662121972924267
100001399	0.365072199309702	0.28207814404744	0.333957915414908	0.653200451114929
376	0.630487694451923	0.943492573181466	0.312609715328356	0.674249835306554
342	0.57417920134437	0.936025730075578	0.308132820834365	0.663758606093363
100001253	0.0159944952036653	0.1198042818682	0.257646467738015	0.896214930465848
100000708	0.236268872677784	0.633841453384025	0.353048352305851	0.654677564971648
244	0.967715031932603	0.79887471512418	0.319862598112701	0.645330494173251
100006726	0.269539542598589	0.0937157661170893	0.389672445123093	0.632792588226426
100000036	0.0426433216022348	0.735512577740916	0.338102056023999	0.635076218297114
100001257	0.0135170775714197	0.0280907711581672	0.451505685953454	0.987639342252924
100000445	0.487151392371547	0.588330760194876	0.331700776450084	0.630375377865081
100004088	0.00213862311911239	0.110620087605171	0.360240307282549	0.720032229304922
100001423	0.638879703678483	0.588357495638531	0.303028513453614	0.709429956988795
100001276	0.678045913778006	0.970589692882719	0.307766708137093	0.670410740788469
100001876	0.639460267477418	0.908057720018022	0.311422471882563	0.6623491351464
100009082	0.816488598941317	0.23730787180618	0.208103924682724	0.637712900104381
100001121	0.326016140329507	0.802861405043152	0.304137556564597	0.66222637672917
117	0.313314154714595	0.686809738780523	0.293237751835843	0.68149283372531
100001868	0.0293451723994859	0.0779066318937331	0.363409877218108	0.677337650846499
1134	0.859302798628705	0.730000985742847	0.282045158622244	0.657472326245007
100021012	0.202193408689047	0.371603441022702	0.319153825437211	0.688378290375575
100001181	0.667543049866418	0.104831830064507	0.404007659799719	0.576438989201668
100021467	0.970592757178808	0.53419019010179	0.306424391135193	0.622089418749637
100000447	0.213786876176264	0.21187827358655	0.357988255310397	0.623599416279942
1162	0.000543779698790459	0.027992879931148	0.383041966594829	0.574226766511373
100019982	0.37522125805522	0.559477969970594	0.315965618797646	0.65530166651832
100001613	0.898550116993562	0.505210496740387	0.31936941173873	0.641640912642804
100006644	0.287439545921939	0.359639221111763	0.272438817632447	0.716345863689527
100000096	0.39302975953199	0.861184319676869	0.331766974096718	0.663514730812027
926	0.376355628832779	0.841832274747558	0.309262127443864	0.6677273830563
100020004	0.676041502323754	0.977079742925682	0.308975784761881	0.666340393667509
363	0.442340760431528	0.47101100242319	0.292303699390563	0.512013437279421
1111	0.245901178936083	0.787987595649798	0.293678528104049	0.788182620322408
100021712	0.585848091182309	0.862060358601428	0.30611856795058	0.658610023210876
460	0.825018019749832	0.887665900635081	0.312428487176405	0.677510055072597
100009331	0.410480745969681	0.297061841007836	0.282595476808908	0.69057937501678
100000442	0.283488493714279	0.845596902820473	0.319529956605966	0.676109266716114
100002945	0.0652687183304003	0.00253240675479648	0.412793171723893	0.625858383666804
192	0.983104248742107	0.881278036079478	0.303275320867342	0.696757747990596
100020241	0.312188205797582	0.855144465529306	0.30433852524957	0.662547620793239
100000580	0.129135000169631	0.15723011811447	0.264882599511645	0.880096192492766
100002466	0.0107163308036033	0.0689970339102311	0.272674632553572	0.467649918735436
849	0.775420546965989	0.598792598663469	0.30939275125484	0.625219070237169
501	0.468505870912564	0.311805274753845	0.345878631038014	0.61373326652635
100000282	0.54796074149419	0.754569738600292	0.296185791229901	0.685091657866454
100001577	0.0213182041694429	0.114601287710996	0.432304206649833	0.732610037761721
355	0.0596469772334223	0.19188746438416	0.253482391246392	0.547197945987001
100000841	0.545629528328883	0.641015305922612	0.27107473870226	0.736251282923608
100000846	0.806343430553296	0.225847624754998	0.294490629357015	0.662522657060108
100004295	0.529594555509418	0.464054865933336	0.337490078148918	0.706421891364615
100001586	0.174589450909005	0.142134668723898	0.387085716800868	0.425649788868516
407	0.00350205949520632	0.00663764966106909	0.375477821597138	0.708278219847098
1137	0.907636291614774	0.808329337245621	0.29945807285998	0.695092611141739
100021374	0.0578958412376664	0.155879523873284	0.273177450185967	0.86466646415406
100001593	0.30579165944941	0.339964784339321	0.380601355614417	0.608200142616429
100015971	0.608838388455164	0.43633203821651	0.293165110831436	0.659107168995329
100001022	0.298915492271057	0.159374067606539	0.195424297668014	0.922472699797385
1094	0.0428556220035524	0.113004649012051	0.50922443260386	0.95202932758319
100002122	0.260179310093643	0.238798257123415	0.256210923919731	0.766159265746193
100000706	0.360961757316383	0.989594181269743	0.317320307012043	0.665708769874609
100001055	0.637185378514869	0.66132407678005	0.293520134262322	0.636438874059003
1235	0.294699690594233	0.323961961138565	0.272391996077513	0.741825448718204
100020204	0.0357402889755618	0.149077654100214	0.368192187260045	0.752883326654455
100015643	0.0234089576924983	0.360579850974606	0.33477265514662	0.614378076902814
313	0.0104384490264708	0.204607096879545	0.330935964113874	0.586527021834799
100001413	0.83845369394474	0.73081896432719	0.290354354384367	0.645656836553574
100020423	0.0499225863199132	0.117571818317232	0.312491227553364	0.466654427150299
892	0.409564296845001	0.0693243958394174	0.341659987365331	0.698289593176401
212	0.152614199366583	0.523662852434477	0.339272566016869	0.664924401193491
100006105	0.196197416532402	0.168324626970736	0.346678242424747	0.68172344831337
437	0.319149411895051	0.579466574304824	0.334050186235357	0.643770186400537
100019892	0.354197834973429	0.900317935468441	0.305895655589571	0.676483784363547
100005716	0.0867952278545585	0.1150909799549	0.325659652311128	0.741231780254128
537	0.538254237882735	0.538006417546164	0.30517561786176	0.684687169874347
100001990	0.276788338033208	0.641994947546078	0.344820286796724	0.624280085457035
100003397	0.102232391350695	0.0230070276808282	0.236597414123564	0.525023219460602
100001320	0.17952367690208	0.470279502512033	0.348697717859686	0.536853225172093
100005717	0.105645274473349	0.0338117630637421	0.363663373183261	0.706130150739178
100001207	0.0228669071595353	0.104197877018165	0.351464778719709	0.691079160426908
100001999	0.465820516383143	0.795322254069076	0.295654561087287	0.765844501435136
100002488	0.940297275745711	0.998577234322277	0.307380881557165	0.666526947848474
62	0.0921400306860957	0.323439157933014	0.291568173818232	0.67668873259103
100000467	0.708880008241469	0.656512714672928	0.299690886932315	0.652883850014406
297	0.00290960019953522	0.150115719835236	0.31967576080238	0.618461298542808
100000285	0.010829726359528	0.227138937147128	0.31652405143093	0.775833329091624
100006056	0.0378179163085705	0.319592505866946	0.328861987549657	0.700313186677382
100002126	0.10645706837171	0.249205021112753	0.239973142610266	0.98755176908308
100002129	0.841833926305538	0.604299473400356	0.270996990721003	0.832891600172653
100020478	0.0338509854635646	0.305446041099574	0.285271088289243	0.685468288268719
100004089	0.0333882034104276	0.363549369414616	0.33872018640312	0.597036467696391
100001755	0.157982896398935	0.422479337600784	0.310195259194786	0.726851591508159
100000551	0.00677001355888761	0.6494301025369	0.34760079251655	0.626350729365194
100003260	0.598075942920005	0.460737630259715	0.331517596378451	0.719103889507259
100010955	0.983820413017603	0.66696962818449	0.278465022539163	0.621408537504916
100020851	0.246161427940647	0.551557044185433	0.322709078928244	0.686264910172619
100016069	0.668853277312146	0.941933387826709	0.30838242210766	0.663087085106716
100002027	0.548998318740779	0.381877427855035	0.194850870530952	0.812543742526913
1123	0.421727573305869	0.147530487940774	0.287586003256721	0.816008534719362
100001150	0.664773945416233	0.973401479507478	0.309325152504634	0.668237265356964
100001657	0.304843218390565	0.421611575360387	0.311533433351014	0.637163611288968
310	0.233072833274675	0.390120516633416	0.27688548101929	0.753472054343502
100001314	0.382156162987358	0.235676241989096	0.300239069547414	0.564599574997813
452	0.547771712380575	0.324774516743092	0.379305345887113	0.611583236760139
144	0.251232460305492	0.350135367033985	0.331502986174226	0.609087168970634
100001182	0.152861969092257	0.0689454607731612	0.393405973906354	0.637577808628766
100015965	0.753356113355092	0.391693070514643	0.290476892547466	0.751203852528489
100006108	0.834054631184543	0.941848833860632	0.307783965317781	0.669192024054415
100001400	0.612478419197739	0.558148331843459	0.291174680991082	0.648845037714169
100004541	0.321822733080643	0.344785552800444	0.306196478564252	0.48251012664274
932	0.621693921381119	0.489933333800296	0.308544272999887	0.69442483435018
100001992	0.489153760250251	0.562723415776572	0.419324898455082	0.576766678194495
100009252	0.189194572773032	0.406596055304514	0.342243511694917	0.656145207914073
100021104	0.547540714553144	0.497855109762169	0.245419458540497	0.807890883318314
100015838	0.00819893182393944	0.0251617078209853	0.438133097343186	0.921902874479333
250	0.00116238397461456	0.0525005361891418	0.494864973470884	0.742492905098816
100002537	0.886132913639657	0.544902537772309	0.287195301460311	0.763427908668937
100001658	0.920298119633234	0.914576934574862	0.315300848213881	0.662863241153613
100020416	0.280010763811014	0.427246518038602	0.281751596128746	0.643501376376315
100006642	0.166345865067491	0.521221384595397	0.283567750617643	0.713924121985268
100001391	0.0757503988139765	0.199143286675435	0.405583723329622	0.813537204175875
825	0.646923891510897	0.456385260065912	0.25551603296036	0.68497637807699
215	0.0146933544883977	0.123259091436684	0.362135819514574	0.633909799740831
100001026	0.31765345665343	0.271627114538265	0.308379393623896	0.818896305528752
100020541	0.321419694212851	0.334369016255047	0.263784541535131	0.701716452884575
100001526	0.166125360177744	0.106780539878319	0.526570432756478	0.826619580029748
100005384	0.670880830884473	0.831666139669839	0.302787373655579	0.648669002237335
100020378	0.0693429029570905	0.442946647708416	0.338662590317159	0.647633468651466
100006115	0.55667987559711	0.957019569302582	0.308752551606513	0.676260512097584
1442	0.452983302858015	0.323066632517683	0.212479750208142	0.622396941295406
100001843	0.10096625779627	0.063028047038259	0.338428406972979	0.801322099260962
100015837	0.186161022830453	0.383153169124277	0.463015146958994	0.635974902605085
100010834	0.787304800356417	0.73083942921785	0.301897985806632	0.694638555298241
100001393	0.093994212494239	0.187110681629172	0.51357734965523	0.566646541578136
100000015	0.0760172169348044	0.67683627667246	0.331654508148567	0.641964354865972
100003892	0.0681803563839955	0.21613699232403	0.289349128271587	0.799233561719581
100000042	0.635242383317596	0.280956672835577	0.303809281905612	0.645450054142972
100020550	0.647189986442963	0.248072830439213	0.33044144716683	0.574245137552782
182	0.283882847118296	0.108298148352164	0.29697428206641	0.695665433796574
100015723	0.109333112097565	0.409362760654388	0.313748955872965	0.642396907276726
100020343	0.443201295315182	0.636385310774543	0.289300846503716	0.668262475395563
512	0.363098534172605	0.824417797652601	0.321636990629176	0.652773694419916
100021100	0.712647517998875	0.582400556766654	0.290902003949078	0.672604887951107
100002528	0.973940299370414	0.834580669948008	0.309341290816927	0.647505939323945
100001287	0.509427650910975	0.809812345048015	0.385955537794583	0.631840323722578
100001229	0.840728225932834	0.4292272544186	0.348999427332715	0.614133260231495
181	0.406830640154603	0.925445062011439	0.309657666479948	0.660151830036033
100015831	0.00202365247971438	0.06203680898144	0.386438451820427	0.499748520714942
100020515	0.311928711620698	0.536397441087286	0.265169650620413	0.783802474957462
327	0.313388356893647	0.432162846728255	0.345765633231836	0.636481842776093
100009394	0.776712718100784	0.916936763136418	0.314541033010035	0.659553581092956
100001596	0.720724538691103	0.797461623056165	0.300432291959899	0.6364717795943
207	0.744340506585537	0.311443076069137	0.330945204723205	0.606110085564168
2054	0.429493169543192	0.763275051776092	0.296894546716978	0.680892246770187
100020259	0.698926224986066	0.610517631501969	0.330303114244439	0.651842593016383
100020414	0.00123010314591614	0.0599731984431761	0.247581994900276	0.596523241744134
100021131	0.238135275839879	0.623520923283782	0.318745008452654	0.67581011016928
100004499	0.457099889100891	0.384831075413932	0.330996087144211	0.735970671173866
880	0.178357177262962	0.879830120901335	0.320327042378221	0.664134125789937
100002049	0.446604075244209	0.206760107248559	0.346908175444185	0.608624050443279
100001739	0.394441363314717	0.0561590098800498	0.430361616592264	0.612110839829721
100001126	0.479659341674646	0.208613896000887	0.221492198613464	0.572279413848622
1113	0.705156536244774	0.904668257685382	0.314982610610967	0.655468324584608
1083	0.519536489768509	0.727085496282523	0.300732647864877	0.700768469844139
100001730	0.0912085356387169	0.272647060094238	0.344497050229804	0.571116972427664
100001412	0.484373852775453	0.898665357202256	0.305291348712479	0.679261718936748
100005996	0.610876728647878	0.708613187596876	0.300320021132054	0.648664255532498
100015962	0.00137270678301024	0.0135315015954511	0.219111283873713	0.923438203605429
100020214	0.757749037889193	0.478411507385098	0.322376037415842	0.601606756614963
100002514	0.172108679585574	0.609105957139721	0.312299376824918	0.637499614500668
564	0.196716266877913	0.0479171398735266	0.275376016321922	0.550304582404004
572	0.0353836558928722	0.0627427895734518	0.414536158063731	0.550893290753525
231	0.515909092604304	0.562119768872154	0.35861668040804	0.634617613065489
100000453	0.774689661992723	0.633653096865908	0.292714724846327	0.705455405970527
100001007	0.239724809104372	0.921710319960686	0.31306402322546	0.659015465060957
923	0.696314720911444	0.485453555243549	0.29712487352012	0.702466952590677
100001247	0.420846645433168	0.439668859360354	0.286324536334776	0.653533656600039
100000774	0.561857767550755	0.985283998284317	0.310481864967604	0.667022160937926
800	0.495889743888321	0.56231940694051	0.314283832953438	0.702912893590009
100021678	0.144716838558286	0.225531191894739	0.248336716993937	0.640833998145529
100021711	0.502070675874745	0.804885359976959	0.298560769305062	0.658353505188937
100001274	0.790193276244418	0.801517649003814	0.313531490955787	0.72435297319764
100021220	0.0906991671992782	0.0364953134710789	0.407206645762049	0.873797328273171
100020253	0.37501213259584	0.961104535927116	0.30762343730093	0.664554108366229
100001170	0.707168938092597	0.781492195945804	0.300106002679024	0.651828261399135
100001466	0.17879513293773	0.584840823855901	0.329010865469381	0.649774160648479
100009406	0.755747904616325	0.692012794855814	0.296253906398843	0.683764786898735
1026	0.195427128794494	0.593280616385057	0.321797413056472	0.639362713572691
100020837	0.0756500799567604	0.0691132201489508	0.256727045236291	0.877604929943545
100001006	0.0594951636946967	0.0654695729750827	0.298087284071029	0.779271243254928
100003674	0.101001032402164	0.21257506672467	0.33361656048549	0.632125863754982
100004396	0.357499155136914	0.577338162968391	0.337465076764357	0.59751281879489
100015923	0.645337975862656	0.649971704937835	0.275973164405811	0.702155408980298
100000265	0.570502652338257	0.998229605033738	0.30740791521031	0.667427498260492
100001409	0.125050872026379	0.261171343259844	0.302520041252501	0.5579413004572
100003434	0.180473887551368	0.7932022482514	0.306454146721309	0.64483803232369
100001334	0.987446672652909	0.325238105447693	0.342058879551797	0.605369207295635
100001102	0.642734855141903	0.802463220879329	0.314961859267633	0.651430882715787
1268	0.648186886190185	0.842857539126744	0.297490392477868	0.664017370680444
100001300	0.281710776784211	0.080864282362877	0.265771670312542	0.691534447342737
100021324	0.222442437411489	0.604484633871999	0.411307361540257	0.65121093446748
100001617	0.0895021840659063	0.0525998812905717	0.2969568036291	0.720280983947569
1105	0.27680461552824	0.879623305131716	0.302917107166686	0.723825556068014
100021502	0.0586853206364124	0.344302846102165	0.300804407385709	0.68220715541773
2051	0.604507215081619	0.895619476245494	0.306623302902027	0.704506639046536
100001256	0.136936195727073	0.513335656293022	0.339530242671924	0.794474382368651
100005466	0.0745979081411695	0.141801354906779	0.34349366768563	0.495798848671108
100002199	0.0591526728193433	0.378750157118736	0.335565978287072	0.704760511467546
338	0.0298566764891907	0.204493625005766	0.410408395432923	0.519519101874114
100004243	0.328750860384938	0.252227416250157	0.26777248609235	0.692924874723214
799	0.267750820873872	0.557355070570968	0.406265827720974	0.666364022002132
100008928	0.925597637924441	0.559665456330528	0.301846080291893	0.672468770897465
815	0.0346726119043777	0.140833834165467	0.322319160210311	0.729077745423703
100001456	0.00296456173115905	0.0575312799726421	0.303129485095075	0.571448630828121
1242	0.156610844933614	0.286155886497712	0.335990046604932	0.557808193340635
100001416	0.28405857277256	0.0933746840213866	0.212673346446379	0.412914563127934
100001462	0.293238586011346	0.128147019646346	0.385878983349058	0.611924009698449
1087	0.269730125867283	0.0582173734215716	0.315724916899424	0.639593016393239
100020421	0.151458548402023	0.478436092653627	0.321914487175251	0.568320029078547
100000010	0.00409893055999449	0.052455618803166	0.314621564710756	0.732902415941794
821	0.782052633018086	0.839603653494267	0.314005117415679	0.641090424444978
100006627	0.445527088728599	0.494687199504232	0.358644286623616	0.61913800100534
100001277	0.276565304543097	0.0529997825610585	0.376456229393917	0.615333433404803
100021141	0.0275022636740826	0.0971446875178139	0.348871392996115	0.789972853633623
100021105	0.160119231775543	0.24894685925842	0.328228716233882	0.484690247279315
100001950	0.000481826961260314	0.0291144640123514	0.374116289637061	0.775747722007542
100020217	0.688341626614147	0.880216779583493	0.33995708294587	0.699718419820166
100006651	0.0180601924599248	0.120733798219823	0.353171405693643	0.422493034308534
881	0.982770946914862	0.488525429112222	0.294407305512585	0.675977291802736
100001509	0.758447445720828	0.858585863919989	0.301997676766553	0.658720173686027
100021709	0.659923044938117	0.987363652408717	0.307577313991892	0.665577922451706
100001635	0.776448551839326	0.355701334763946	0.311835701973555	0.654038065491195
100002613	0.407661517701462	0.052848839151337	0.28335036603112	0.769919953250425
100009329	0.374227677266664	0.346284916768313	0.23005775564601	0.935708695559484
100021123	0.803769233560401	0.90609098676414	0.306843904446411	0.693320753474525
100015760	0.303972246109783	0.232578689744416	0.26411569914712	0.696218514776132
100020205	0.608942706071239	0.966270650201982	0.308955582714265	0.692580607628042
100000765	0.597480238615121	0.52854207032898	0.304211828647322	0.622636698663388
100004111	0.401289719713643	0.203873105878738	0.33090324864984	0.649542094957222
100001615	0.11874228354096	0.975611268837922	0.307150101655489	0.666262121721392
100009227	0.194660509217583	0.0478403880261938	0.434245084132779	0.839017645402229
100006191	0.304952019818633	0.452205694113161	0.34598117180888	0.596833779065793
100004542	0.541216559847076	0.558442234870699	0.317243846877803	0.690684932004883
100003686	0.271948736090299	0.066561199697534	0.442199780320754	0.590315612475764
100009232	0.012628672814769	0.143485171724027	0.314667448884584	0.550371521774708
100001501	0.062349376434878	0.144055818236842	0.37218179206687	0.712214885977243
100002367	0.532545045796449	0.309948695479158	0.294092041127832	0.538407807494015
100001108	0.261020486683816	0.601905826298178	0.301853925185171	0.659834779514387
100004227	0.445124619372368	0.45079203424477	0.317004133140044	0.606223940833146
100001310	0.15035369116101	0.271906282324488	0.294520217244292	0.768535688230153
100001994	0.7421497908101	0.916307648491073	0.321105407660264	0.723261973618538
100015839	0.0155280766107024	0.013582088011362	0.386301775025949	0.769256416031783
100003271	0.00615980404867715	0.166614847720386	0.375404434930186	0.513605209947445
100020496	0.86300887437386	0.812188841090864	0.295438931430702	0.685325432654199
302	0.937356526344717	0.992486199369328	0.309312973291146	0.666806982402946
811	0.489520546865887	0.189619127782744	0.284473515680664	0.795730145738111
100001267	0.994469845343219	0.759818883972084	0.29001827511485	0.663123792998125
100001197	0.0215363492850626	0.376730031764637	0.34066091742291	0.675007434097424
432	0.134968713537327	0.346074813232235	0.338886774822042	0.628088125100084
444	0.00747023458494844	0.0430373911856208	0.348981036867148	0.785623128142113
100015968	0.322246829346909	0.301013641308634	0.301759246769894	0.587811619283009
828	0.919973382371139	0.739071182396403	0.294520599035636	0.679431106193853
100004054	0.14488421815919	0.750119907116527	0.313150153368149	0.668842982977426
100004635	0.258032140322271	0.986971507615307	0.344364719580022	0.674899979858981
100000491	0.460728816033825	0.490112123817107	0.295885119417353	0.563977879772145
100000939	0.0522978924620322	0.0385433749282578	0.323066935061389	0.574853303993979
241	0.201018899269445	0.785025199690588	0.318234052224505	0.673761779264258
136	0.364210898457222	0.0447556056701909	0.267552500188248	0.858801999323471
100000792	0.490589552196003	0.963444942663242	0.310463209958533	0.713360544493069
100020973	0.613579835239232	0.621177314506052	0.323331955387215	0.644815166925628
100000936	0.775233454240372	0.431296266974621	0.299774845202255	0.690319788221551
100001313	0.0011554948778254	0.0306658610365007	0.346297760741066	0.711231067706958
100001951	0.0490032381504141	0.151550565094621	0.342899194079421	0.643893060907454
100006098	0.0187950114895348	0.0905024821526593	0.333475644177211	0.785863486464832
100000007	0.137012246907326	0.33394088433522	0.328185966139487	0.659572758014774
100006641	0.729527386215299	0.927311053534292	0.327198712816291	0.663954426532995
913	0.00982316256510788	0.0727633401786364	0.372873897266926	0.542229176640787
100001579	0.719559982466538	0.220203126395002	0.350700690110848	0.667142489332888
100002911	0.464545406690245	0.0839182727451129	0.285059260587322	0.597363233764097
100001293	0.215701275445236	0.286212029780341	0.266720547335051	0.823244873524523
100002241	0.162699955445176	0.504951427902606	0.326049593411182	0.628881611474644
100003179	0.820182813863441	0.456019293221489	0.295900930218611	0.612923757655824
100021372	0.407606563443389	0.322482147387382	0.242372310954525	0.680596879229746
100001956	0.293363296728919	0.525643141644624	0.311740741680856	0.586085417923051
100021162	0.176607620834286	0.132662808757696	0.29744171356035	0.484666330208729
100002259	0.289318312800891	0.482011433050032	0.277158753789312	0.659254113790976
252	0.609215904762513	0.956277448763771	0.31446379109031	0.663524930480592
100000707	0.475826025434484	0.393709390007998	0.30522401210502	0.668273222971341
1489	0.683707868001933	0.00810408554447226	0.225866926562134	0.670596562085878
100020361	0.0261174718057809	0.102464111722552	0.338429133588479	0.915464864279131
55	0.68392544436546	0.975859055257473	0.31114486034708	0.669459806333873
100000863	0.256124822452264	0.277399667918306	0.27394096483247	0.696446069549285
100015840	0.234281479039107	0.185246719999514	0.378309060969975	0.640711168768437
100001541	0.225428545630913	0.154910292092867	0.228350679652491	0.669458724765679
100006082	0.134558372251651	0.0303246254684789	0.411674788775437	0.649870977304668
1254	0.620505788748888	0.976803990105438	0.328124379563049	0.666754438918788
100001624	0.535228051928686	0.395509393280462	0.292458576551028	0.644756694981696
100015850	0.722753830896214	0.738016077454337	0.346644620546197	0.649716174924194
100001104	0.00235705493420965	0.0080430543262308	0.342007724395229	0.95020205166907
100000900	0.131277229817698	0.452442555220141	0.314527914315352	0.670827798706656
100000269	0.323590481228506	0.251097916089056	0.232670442210119	0.635181833370831
1022	0.143522487949914	0.866164315314682	0.305608903750409	0.673574227509902
100005373	0.483126937948916	0.47258614577281	0.289778928870197	0.685790150141272
100001129	0.0943912928750587	0.648398783682575	0.296676292133444	0.698765527248944
935	0.0084059361868416	0.129457894075161	0.395617795412387	0.529100160415624
100001262	0.190025103869566	0.450188899200069	0.317852547853032	0.668151700215543
100019978	0.201745241134009	0.821397748992519	0.304030064663413	0.660985807771801
100002293	0.889083452319553	0.964285337249833	0.307349206740333	0.667127665143272
100001426	0.327030117792691	0.68357144220145	0.305951992023671	0.614662860951537
234	0.0307566378572101	0.244013126428861	0.310537147245052	0.631724226199141
100005403	0.209108530263118	0.707505846157014	0.345499822081358	0.635054381923463
100001083	0.0444833704952661	0.507124336371447	0.32407655362214	0.679530140074059
439	0.584850845988629	0.131687863226544	0.340275419164319	0.659027119258244
100001086	0.36034380780446	0.374663119616818	0.318942861195613	0.752711571270041
100005864	0.668451127224621	0.250051670053247	0.270576239323517	0.770173540525488
491	0.508357593476968	0.999789292991927	0.306025273552457	0.665572331592993
100002029	0.506945417562036	0.470654682081433	0.294750002141283	0.55508014215011
100002154	0.897708489187441	0.509145807714955	0.274911046227	0.653024382185721
891	0.375178306414625	0.055310416882581	0.357265507123968	0.629000590781096
100020261	0.386340021669873	0.492018972284311	0.358759933770459	0.63936922522677
100001296	0.435484890862218	0.361582271261502	0.31459828455522	0.533716200889539
2050	0.500196477954505	0.254529102182296	0.343644736058132	0.580735483696676
100002761	0.294007660058808	0.812795989029228	0.294709213988016	0.745898953761258
100006614	0.793333550538556	0.936176733069056	0.305978126226175	0.679746996124039
100001597	0.290051414086643	0.81166758668492	0.348270136093552	0.700598904446991
100020853	0.807223251786814	0.820209986901316	0.311111699731944	0.679657407871945
100001446	0.257851293291156	0.506121206670263	0.284595670778606	0.658003064861588
100003240	0.304822113605657	0.0992704817707386	0.353784991851468	0.584524334960421
100001502	0.00800978906083431	0.0461866503167518	0.412359673338505	0.78619572754623
100020866	0.092282160303945	0.00412459736793744	0.1836052533774	0.484951892412876
100020419	0.0462063160699844	0.218885635206176	0.321977933047549	0.490678829457566
35	0.869568559289003	0.747272272210233	0.296635211333309	0.656406599930854
100003696	0.0207904524279454	0.130378169363976	0.403316872417395	0.61858478309383
100016038	0.812482386866364	0.856671823938063	0.302816787724126	0.648113210161524
100009333	0.244238567987627	0.233657510213107	0.304997547816203	0.69083754326681
100001611	0.143137891851155	0.296824927853519	0.397550220843451	0.640523133809424
100005383	0.573204357444232	0.112508478054687	0.31986913533445	0.731764753772039
100009239	0.42564892206917	0.233670919275043	0.360148794383399	0.535868596053881
100009332	0.411855110093534	0.340160091907428	0.305160258676299	0.642103804352963
100001731	0.155632694412033	0.962702203718186	0.308598249185784	0.66427886449656
100003415	0.345147553997309	0.521526967357999	0.302277380994028	0.678013808057886
100020578	0.126686063362628	0.185806337153115	0.29194907557688	0.567561555490589
893	0.743471265522939	0.572004060637911	0.304269298855729	0.677396858575513
100000963	0.676292839139102	0.999846964901325	0.310490480147146	0.673898957764905
273	0.246742996981406	0.739843833863039	0.32131276990382	0.666517258595007
197	0.645801660835639	0.739438942353163	0.302352362385445	0.624571854368561
100000808	0.39004912138904	0.354265714783709	0.291180341925899	0.783976305677635
100002284	0.331873452591198	0.568795156043134	0.455219045884429	0.699222519010054
888	0.809730528879281	0.105656697182828	0.319340740522391	0.678838043917654
100006435	0.595811777896065	0.540087824115201	0.266043765616122	0.853922756488846
100006374	0.185522334199122	0.507935716900359	0.315193065659618	0.658708986142674
100003169	0.658081921376945	0.641677379129737	0.316678342090468	0.685156373773948
1004	0.562837537915946	0.844764660185206	0.29840487736583	0.652547314520245
100005998	0.0347550040556628	0.483959530978476	0.374885677342169	0.69307347178636
100000773	0.683017849836122	0.592888943720689	0.312152362241119	0.650822075148198
100010850	0.0326710033074793	0.442809897379332	0.329185444570661	0.609999627091754
397	0.376378459039726	0.642691759544282	0.377521607456739	0.63154732645134
100000039	0.0273775890857421	0.0674948772993822	0.237541056260224	0.727747491522875
100020833	0.444493531832581	0.635497589192714	0.298343710506458	0.611675138004055
1021	0.508378587270208	0.443943661063591	0.289621716089697	0.704701445898601
100020479	0.408315170934037	0.915709742576811	0.308350853780515	0.667807980516142
100001335	0.43332232046664	0.182720308753442	0.359827140098957	0.623770529211953
100000743	0.280037929765249	0.323997301258291	0.314129503611925	0.496455047405512
100009246	0.168070180497571	0.749597161611827	0.299952235084661	0.686714490140735
878	0.158149243381531	0.537646807589386	0.282058104263967	0.700382297584281
100021103	0.824604842808689	0.680080933600686	0.272419363163267	0.804429982612232
100021363	0.231987267668751	0.643490062983438	0.291516752960948	0.697909511550468
266	0.101916696821484	0.111325146856679	0.309794372733838	0.58786228929193
100001195	0.219956211314781	0.0611597562362101	0.425978391335245	0.567601399437734
100019801	0.798740701674823	0.725807818558001	0.318426132795534	0.653969558115709
100002196	0.0233762830158018	0.214152652542168	0.326899214451367	0.664723545372776
100006370	0.258924232937956	0.70582478591867	0.323078622315441	0.651568912484171
100001510	0.0463914755635518	0.022771242202118	0.281329689482562	0.703016976419606
100000437	0.424532426562583	0.332784326263056	0.295312423055288	0.737196801095184
100001767	0.329127083728931	0.174719134607941	0.342911766133513	0.713294585190764
100001810	0.209933192299457	0.119476659515187	0.351063796864996	0.994905403295694
209	0.0234521305226599	0.424940975098813	0.34773086352587	0.642468949169969
100001485	0.46811540567601	0.427525267791812	0.249173995252654	0.63966290148425
100002500	0.115988085507988	0.527283083482313	0.311073130242374	0.643816241201191
171	0.0198294178873753	0.0163987552373928	0.241895898998566	0.637586868782286
100020487	0.76680701235593	0.868744058483659	0.301185878093123	0.719055115520079
1206	0.00571993397358067	0.138865786766801	0.311323255790994	0.70496985419251
344	0.00923781572858886	0.0149949687075695	0.628713724581748	0.757155823031649
100001405	0.539216138009629	0.940367517832327	0.306700520930364	0.673277493417954
1239	0.903952659196534	0.28218508286453	0.358076506797192	0.672083818149381
391	0.0392453465194276	0.207589969968784	0.297694125960874	0.830632822045577
100006430	0.730603067030084	0.494044196354548	0.335169039830454	0.545392386938974
100001417	0.798996268146681	0.976312569438378	0.307901094197018	0.667644315387338
100002951	0.039493816705714	0.450530959400742	0.304492684616007	0.589533755064149
100000014	0.442613891408095	0.562212069509181	0.298481446380812	0.709265207612237
100003926	0.751813798273783	0.860301644551058	0.312804543086208	0.66218159728689
100021538	0.488237647826213	0.32029122361415	0.362323059695752	0.573746119573736
132	0.253432825269943	0.955832454443936	0.308211095258032	0.665168340787623
100001425	0.849753370508336	0.943628742987005	0.30970602802548	0.675868287507929
100020262	0.61093144354429	0.668001084214294	0.32774681036549	0.65279321170959
100002679	0.192487639500476	0.514216609773272	0.287723278034432	0.753750329692559
100001270	0.534819481389936	0.791718307524753	0.309106740262148	0.657893669772267
1102	0.535405467442782	0.527058926040078	0.292481338315535	0.721791191762287
331	0.355089675088469	0.461142972700226	0.279084347223556	0.606497326038612
100006361	0.483808704783923	0.543829662319039	0.279347492770294	0.755278295299471
180	0.963342551545235	0.50178753983991	0.354752646820792	0.656170464760638
1053	0.31357610415574	0.45601543842234	0.439348316718743	0.726830206116182
100001359	0.936741653802181	0.483558619212293	0.272236546184138	0.786183714474117
