chemID	simpleLRM_Fstatistics	multiLRM(chem_sig)	multiLRM(sex_sig)	multiLRM(age_sig)
100021136	0.0163688188038776	0.174516867358627	0.340823230374267	0.771524266510459
100000882	0.662751951873494	0.791775626093438	0.297100298500841	0.65021318377597
409	0.0963507842401585	0.213801060373657	0.329484895837143	0.445272434135583
100002254	0.664515278567568	0.0417500786305503	0.199859505971276	0.645237179477862
361	0.00881985606397169	0.128130953526199	0.215089480591417	0.642201089804391
100019975	0.0621128482131659	0.465333487063143	0.306519752160509	0.600231798152484
100000257	0.000855259303926847	0.0252796187451486	0.289117565096225	0.604494008334935
100001232	0.742917249212823	0.799784938875492	0.280442593092898	0.682933487796725
100001948	0.344956303122358	0.3814673846761	0.317624830534455	0.53101642666746
100001073	0.592221671809031	0.69394834656811	0.362204416854076	0.598818362081642
100015637	0.971702241434795	0.423675229659384	0.314653950669839	0.659256372764835
100006360	0.577541262796085	0.591668894399576	0.271259524866949	0.7516435163649
1488	0.657971945654639	0.689639281180859	0.291115048474603	0.647228162812614
100002253	0.61076251648966	0.713526462198312	0.283404939420833	0.703396820666776
1023	0.966576335707244	0.745309644639379	0.289789256014011	0.651861590700516
100004284	0.675266078131846	0.816659384290091	0.287366988651618	0.672756086353191
100001251	0.388423878040165	0.697022688746337	0.284538620502033	0.653530942232529
362	0.737062380876957	0.433767656425042	0.261868515616812	0.658195763864076
100006620	0.587249165045032	0.941046622437077	0.292508718758767	0.663489138009013
111	0.418002371937522	0.155043145298526	0.23414605527257	0.635056167048481
100009045	0.374058421012297	0.118339353208483	0.232413789195256	0.903595986945367
100002927	0.507812372197572	0.6381495539551	0.281315105734432	0.715169373177036
100015641	0.748201660706822	0.92046688814741	0.289105915944447	0.672768750837667
1114	0.0833545972507856	0.965427012546997	0.290865189875646	0.66793593554727
100020409	0.338003771367971	0.350158169635716	0.294858651303548	0.533778850442314
158	0.114631247104824	0.224439217431223	0.37873786557652	0.695644367745733
1224	0.0382237057448539	0.178586978610254	0.230950623495082	0.706016314009371
100001620	0.549745257096208	0.438312129560397	0.25457731495093	0.66890016962455
100020893	0.363645302156555	0.0788448544829655	0.251043651234845	0.397855895452299
100002458	0.461653528387273	0.679895422021529	0.316391183390078	0.623039993710443
100001112	0.645618422770818	0.874048622364745	0.295173767635183	0.680813323895647
100002953	0.203276081403427	0.470619337967719	0.290692535314155	0.701109686622639
1141	0.393877829264321	0.058615501083043	0.378275333124896	0.492220358951794
100015834	0.492960522522886	0.914000750292311	0.290613372103712	0.660030998562335
100004561	0.673879658246417	0.977853366977168	0.293535608748183	0.665008210957112
100020497	0.815875149304662	0.759254926465416	0.279131753622964	0.689339070711799
498	0.0541732898324931	0.329447383922807	0.286852317472459	0.740420467692975
100006051	0.487969259813569	0.453352293828668	0.294696339166821	0.679308235555927
1668	0.641419024257638	0.512684133090688	0.286124938828539	0.60395454045733
100004523	0.403198240469576	0.845733098233788	0.302438140780746	0.647619691883395
100001604	0.243341062784192	0.514415332367669	0.287705263438588	0.71167711358461
100001002	0.185060712819181	0.505085454713651	0.303456147663013	0.651298248947081
100001987	0.0613795555762037	0.266068878243075	0.835869757172299	0.526583529939009
100002462	0.678804097546088	0.354592207991406	0.342758521550431	0.549691555982174
466	0.556083629539399	0.0644937070338426	0.323916645920513	0.640493608681742
100000665	0.875378800755431	0.448197089619485	0.326211165799934	0.612361426425432
445	0.949300629284824	0.415976507418067	0.323823546090987	0.717073072384123
2029	0.149489219385927	0.47617076981888	0.310786963279681	0.668084024744099
100006438	0.13295574326121	0.252294561071793	0.33809462744935	0.678918712117481
100001398	0.15445684790144	0.594457781401266	0.273472164339089	0.685892897442717
235	0.360755744469671	0.27009203621239	0.241152568119054	0.716268532961802
100000997	0.899472506444435	0.929049166276983	0.291739009634543	0.661197913976672
100002094	0.288179536896659	0.248584189956792	0.247613538278869	0.540615545654991
1052	0.684851253587567	0.962467639206401	0.306500893549092	0.665287738432708
100020823	0.322207007319659	0.56943822824966	0.273906560089624	0.654153722611821
100001806	0.288259153898418	0.622415270209592	0.34016020641117	0.675656353704057
100006092	0.703753422016316	0.720410175279247	0.305451918349916	0.639571835098318
100001415	0.138481141232341	0.0962671675198396	0.272384252356438	0.392450127965227
100000008	0.038002718130916	0.0695336304260168	0.328041729133701	0.501305440133373
565	0.00963376628584842	0.0633597378671319	0.27786406483536	0.744010345269993
100015851	0.136781307086897	0.198626842952809	0.381112493369319	0.802639136324899
100001866	0.489513336756597	0.882150150387466	0.309508119528821	0.650865879129616
100020546	0.00211502179132139	0.0272249321362975	0.548424267851336	0.86352111126955
100016110	0.349113569395921	0.317413736675827	0.232035818405864	0.792522966447492
100001254	0.00378817069488758	0.0148978600718257	0.362676389372586	0.878275120698111
100006260	0.380808955389816	0.804513481911831	0.297441886806113	0.662466934845071
826	0.630038891757409	0.812025672706674	0.293786481889058	0.659426624068694
100001872	0.442259913945502	0.836982863498199	0.293390779379197	0.665831715524423
100000263	0.346036714355582	0.432551453050293	0.356638217954381	0.660044813546949
100021198	0.738705257489792	0.0440223241893522	0.198729445067078	0.359616686212961
100015967	0.0337501064384529	0.0864782345402861	0.366241749811647	0.487029478312132
278	0.122275631730866	0.247601782604811	0.276980209545713	0.95973869227872
519	0.799114748480442	0.366650484104011	0.341917987800139	0.607442337369787
100009337	0.115641033665272	0.324375345276409	0.390813112119715	0.651839050313558
100002185	0.315365869115804	0.938993298600324	0.301317559905031	0.67498822730876
100001278	0.443357124503615	0.306916662458277	0.349375548288331	0.623025186877967
100002103	0.73083148206716	0.561878948967928	0.287866801779977	0.606138821012763
980	0.794330844936435	0.439387447359173	0.32250223741838	0.646466961814193
100000016	0.437029146471432	0.965687033680018	0.291437155949512	0.664042109591917
100020372	0.194480742839466	0.494673933665944	0.288580123085463	0.604973844559498
100001662	0.726155962005211	0.131007809443246	0.114205860323031	0.674580278236218
100019972	0.0279997811615704	0.172991271167926	0.281013851052003	0.76570773086156
254	0.383665038497945	0.588929247362233	0.298429314072673	0.672320790032247
100002009	0.663525774584939	0.697868458936241	0.289180930312644	0.594099845764158
100010895	0.481331582485331	0.60377492161326	0.330181068839559	0.648845345276169
1140	0.933811196178182	0.917284010572921	0.290538967315726	0.658042064550562
100008951	0.660148445485757	0.541513398287268	0.310514671893366	0.628712094066716
1084	0.279757205668879	0.656962705845116	0.293752600111548	0.739932850547522
100002796	0.0476687372212356	0.237626511214218	0.256304922609561	0.581418840722478
358	0.944018455021381	0.95868616323901	0.291451004416102	0.664356196681455
100002070	0.797768038268674	0.633547897588197	0.281577680183373	0.704620300963163
1628	0.348674453904132	0.134068455009681	0.360001679927265	0.650807263699516
823	0.681066308223552	0.47673745701574	0.250840284279225	0.731608010882876
100004414	0.435026491781108	0.0854650994175942	0.386012480134226	0.801150858798005
100006129	0.686606195382022	0.672684436604108	0.27419323379619	0.681367371551662
100002028	0.688181669877399	0.468387733061968	0.395093121249309	0.484172027855387
100021707	0.571725177451807	0.657125004784007	0.265559932620889	0.714157287495547
100000054	0.517878762932242	0.465158787477687	0.283964743471781	0.690543211887361
100010869	0.476207954309799	0.221193838011715	0.3020496801913	0.53463105353812
100004575	0.013184012477355	0.083725079558022	0.405162119064033	0.960623497254054
100001212	0.828845918265157	0.214224351697168	0.275836071265007	0.408275657906008
818	0.262976408386124	0.643384520068972	0.322588626471693	0.628616717742175
100001092	0.00165131830717129	0.019786181643302	0.283195839812259	0.650443567229424
100020371	0.929714597854112	0.919088481506442	0.294565997496398	0.66483315848139
100004112	0.198142068942539	0.49552394851625	0.309564946367387	0.672991403311367
1125	0.488259893123918	0.386097508784641	0.321165611794598	0.699138152690642
100020491	0.95207655500792	0.606670916838074	0.258990014211225	0.678453850685015
100003151	0.000649034395143295	0.0100087877492423	0.502914344705897	0.521282682725787
100000011	0.210871191029402	0.0502494670935384	0.1958573233687	0.815347994685358
100003594	0.516714205804469	0.957501540450443	0.293747043487805	0.663486236858735
806	0.740840261929507	0.151331001854042	0.291928083015137	0.46882956974022
100001211	0.268536720168193	0.672649066843519	0.288843812593568	0.689243835212173
100002417	0.438148267724309	0.796830815018594	0.286322364329131	0.649494209782987
100009335	0.578255953397364	0.224686401242267	0.239681348036958	0.688246196475392
100000781	0.455547143648027	0.721607866010813	0.288410578162474	0.655486289324158
803	0.0343257040659986	0.0336916232520363	0.267263224867152	0.542324534403884
50	0.52453384725088	0.718090724238768	0.29758714228224	0.65068652306051
796	0.44025544145802	0.0477699575588365	0.321727615526727	0.650197240981489
100005834	0.982805609528634	0.690327000999425	0.331580771493952	0.662129709104968
100001580	0.952594447083997	0.50461293781556	0.316574020358694	0.666437608581732
480	0.837365937835007	0.573873473198055	0.258745319285052	0.673520826078285
100001540	0.221926195379795	0.743423825210804	0.376050970882244	0.742229611110494
339	0.584467180629946	0.126415224371298	0.263915742543171	0.577734295721881
1110	0.942951085740762	0.981505280884833	0.292609967371097	0.683740073391098
100015836	0.147323385098732	0.163372873882221	0.442180813234975	0.844673987317191
100009271	0.969701522505882	0.841662255667356	0.284792302463946	0.676294114539991
100015638	0.983876584177683	0.423240207810635	0.307345032841104	0.64609041340331
100021667	0.965092109965145	0.474501339975707	0.33152744923365	0.64582828649291
100001279	0.57536094944076	0.366156580132112	0.319237243256723	0.789769984195349
100004208	0.0176009468576432	0.103828888863417	0.454029456746612	0.788632032580914
100003695	0.233137746727488	0.097987086906024	0.301249034176528	0.411778461078602
100000802	0.60238471521623	0.96348367361351	0.291876088599143	0.664358135917261
100002769	0.850894853445904	0.09941872984589	0.213605443992081	0.778743489490691
100015835	0.0957359846505917	0.283116541059118	0.443141854313031	0.868365911365673
229	0.902500076909026	0.392130786667561	0.326127079410583	0.659875536321976
100001266	0.0051235896512499	0.0220494826136718	0.384530017780768	0.973496874522791
1342	0.301716691705587	0.353732646281793	0.250871777840415	0.683559126602411
100002102	0.845479749568158	0.53526123513968	0.331501870663393	0.768812801071457
100020254	0.148033273984114	0.621094765150422	0.287749652099793	0.691071812395193
1231	0.52368193139743	0.259823998347061	0.341812558939257	0.621359313241051
100020492	0.990884921881371	0.907016987598249	0.289255904385491	0.664779799067584
100001402	0.385653891032892	0.597526755348643	0.322584356696435	0.670216364157672
415	0.00641464535695137	0.0864118768700871	0.337005294903449	0.725156142090485
100003109	0.963627531386398	0.982798335525228	0.292010204210559	0.673746459665759
275	0.437330094102334	0.961322514851217	0.315503921736326	0.663594458407633
1143	0.165281889330944	0.0692506356059364	0.26374855131868	0.76603545929878
279	0.496688758718528	0.426973154811356	0.285170757675802	0.553189294570025
100001198	0.883788160376641	0.836280678227388	0.283144593344492	0.681572287969516
1648	0.375159761328571	0.955910039238555	0.292636430970923	0.666538339120233
100001590	0.324128216822362	0.28547529819957	0.280926575698126	0.586062673503937
100001733	0.178151257830037	0.663734092557613	0.288660827498118	0.69967799986658
100008933	0.013842038180335	0.00223932776803076	0.408450813812817	0.621216423693313
100001550	0.355162336768591	0.480891293222221	0.275222370319274	0.611948064500134
1215	0.0860863967270606	0.284840674886499	0.247330618982599	0.627462450800086
100002356	0.294185500746682	0.123289077530245	0.347466964847846	0.674146832252446
100002749	0.441924923133407	0.50787145158929	0.308500210424425	0.682089680263639
100006379	0.209197987511533	0.216826292565254	0.311088349023052	0.413079727827624
100015966	0.0762574810687223	0.148515789783475	0.321180771959457	0.489766739790602
100001392	0.369299401853965	0.754339256912203	0.290168315023946	0.669354875990571
100020425	0.1088359796137	0.0416078540533464	0.248456505846628	0.417930623355602
100004299	0.156033981433456	0.693260015488922	0.33076240913927	0.746956724798061
100001734	0.773993149167072	0.782008735759863	0.296881732922371	0.639181318635118
1002	0.897314592073885	0.444452375843314	0.295054829388426	0.657912866934188
100001337	0.207546859112413	0.660549310016348	0.26726811417918	0.66766687892872
100001452	0.84216812823871	0.787054497389422	0.291154097281521	0.640900978288806
314	0.517761853227137	0.376836252173225	0.304122690947609	0.683931937932897
100009264	0.970971366479475	0.545120865285962	0.234298588884929	0.787709247973601
100004634	0.453676869901487	0.509740829742631	0.263373436377164	0.68195868562014
100000711	0.739532824339828	0.677633703992763	0.323428076304416	0.691515901302215
100020536	0.0225769768080432	0.0971784629894253	0.353736142692109	0.770499211874409
100004318	0.308304981611712	0.510336206897268	0.300069638356561	0.659567015014898
100005850	0.95151912227365	0.485809829182944	0.359875534702867	0.610189823914402
100006619	0.288090641678601	0.123556278375013	0.336996735440435	0.649741767218526
356	0.429697979103291	0.617349678546503	0.280835729999134	0.684235524788412
1221	0.485816772239967	0.491254182509353	0.402833602023491	0.713271516330491
100001397	0.77483363758085	0.800961575392287	0.291930000291947	0.659271573287133
100019981	0.448204964108348	0.838470083420725	0.301033600600166	0.691685699639115
100001208	0.330797785987218	0.18442002780865	0.258742181144159	0.999276024627386
503	0.0122279582335936	0.00962811652355926	0.171392702930863	0.501969952980138
100006375	0.138636903720942	0.59055389563261	0.319774538428375	0.643138385696178
100001295	0.690936344493315	0.530423605651097	0.283247061311895	0.77718404371407
100020427	0.0474115571252142	0.0263885355072434	0.288628828849613	0.367577613210285
100002784	0.462725817341888	0.36801264537925	0.251316567624345	0.733853205386413
917	0.0688151546254759	0.239530083952432	0.314367041860661	0.620448925267017
1869	0.554823592653397	0.375007988116471	0.301347457068516	0.568027798282099
240	0.23408703332876	0.0974140325545871	0.183056929110085	0.465896483097929
798	0.00571702113020046	0.0974987182196542	0.425582099893256	0.600489412711273
100002952	0.287703567821625	0.464204143970422	0.293242100806662	0.750630162667713
98	0.645726453164137	0.918952822102178	0.302687112901351	0.668590259296386
100008998	0.362560628707615	0.362215843052969	0.228683789452313	0.730477717665815
477	0.919575806566135	0.268586048415773	0.300373517125549	0.660051576966218
100020545	0.0696022226586336	0.124419395149453	0.348823293722166	0.839642720169929
100021666	0.976535231442635	0.220337236223929	0.332399360838918	0.656928709295638
1256	0.492200243038379	0.782628732198251	0.332750887026479	0.693049042674734
533	0.323167832549855	0.0569662507375154	0.197671048588582	0.398757520561884
100001757	0.365422214345781	0.729882783098901	0.312715271761054	0.649862073822648
1024	0.322323032413219	0.0959886664991485	0.19820787267212	0.880902883771621
267	0.530217429862029	0.929371809225513	0.296908347908822	0.662401198239364
100002113	0.119589997503503	0.102037736969227	0.27827346929777	0.69094688649819
100001756	0.857487123420632	0.729599738573209	0.304210506537384	0.685450977492911
100001193	0.473611120355572	0.196885639967203	0.358598162191823	0.614463986954226
100001668	0.515831789054631	0.795937634607379	0.292989878950767	0.682519688111263
1124	0.271435507113904	0.284703880232596	0.261583690265253	0.764523529156327
100021331	0.16577063480965	0.325933599467196	0.275828539990514	0.705917203103348
1090	0.0713986702646048	0.0488136659461416	0.273941618498671	0.806688791279002
566	0.902671602833154	0.289047275254871	0.215017963284226	0.669372060794057
100003119	0.591983089964354	0.385244169471376	0.313025901083481	0.61533880517418
100006367	0.511765275482663	0.666880480471819	0.292673139899402	0.691119706824411
100004322	0.224031423569031	0.266837616903249	0.300141443570552	0.747986530454071
100001034	0.720729224361985	0.827477387113	0.289612693262519	0.657525044938859
112	0.983378983752179	0.979674484276965	0.29248766176621	0.673376909820561
507	0.723524224035352	0.78331058133576	0.291437896867141	0.672278992513509
100009233	0.346589361045317	0.223171672196007	0.269396453967549	0.683926252678378
100000406	0.0155467851615125	0.12567899667737	0.475190681752838	0.466848149084568
100004046	0.311455453727663	0.435011241618533	0.196579317306036	0.604405597517768
1025	0.773569496122715	0.742006481635009	0.283518945209951	0.682176668078851
100001106	0.20010183341785	0.215230105356149	0.243634009645165	0.697082721439096
1128	0.0347103715720106	0.698843134803201	0.314704877770896	0.700647971778134
561	0.0372337276110887	0.170930841425291	0.207785408810169	0.584211034452473
100001614	0.317328507284216	0.859181009009808	0.292875768412352	0.6580294732964
100000961	0.891768521823703	0.987791380825551	0.316349257949384	0.669451251784888
100002397	0.825392574221864	0.756876753103991	0.286380583970949	0.623857284031852
100009407	0.804705901320045	0.860646842414128	0.302070545292028	0.652226422054646
100002910	0.87613826578065	0.56530737368523	0.263946426684818	0.59530919606777
100005946	0.127614084412341	0.358992870511578	0.368662614832359	0.791251699535642
100019794	0.0978112600780773	0.291250634777044	0.293303006758116	0.823015614969416
100015759	0.358889070521428	0.122145042084738	0.248922013122319	0.672395059489239
100020417	0.709954092718055	0.610499047736999	0.279400461673588	0.640525708820759
100001054	0.591907231363063	0.881270233735688	0.289826272154789	0.663578323496086
100001437	0.276517693276786	0.320635702631513	0.247299283329839	0.59198047612238
504	0.248677237336009	0.696264469176218	0.343565503624941	0.675731661899726
100001988	0.469609485587265	0.679449283182694	0.287334265777267	0.810468583927896
1082	0.0236845948153807	0.554564000984864	0.332286554919642	0.699131806981964
100001403	0.357137448162266	0.401185110823985	0.317973893637985	0.650443670805608
100001664	0.781725330526752	0.438823586166743	0.279648255973853	0.891282640037228
461	0.29064560590035	0.205365300949127	0.460817141147168	0.639408148716498
100000463	0.71199818593031	0.936691567531347	0.293228035158032	0.664630102661824
100020208	0.543990638904776	0.510371346677068	0.335176541185011	0.550414121002336
381	0.475845766985007	0.0571635963158202	0.129813359924178	0.491682943317929
100010901	0.0856888697531679	0.0752842018905184	0.29212985533732	0.780402229045747
100001468	0.283543095410601	0.92867871776266	0.296928573319638	0.65883853805974
100000840	0.883590083792184	0.954688324615537	0.3047615300722	0.671363507153609
100020014	0.239545257076612	0.594809445410986	0.286981067520722	0.680918929676578
100001993	0.762546923191785	0.611655301331788	0.244862024918555	0.816604995842106
100001051	0.115802993522789	0.0180812283459678	0.308262735510234	0.339836510271529
100006116	0.389579434705782	0.516742809631194	0.2969851797349	0.666994355971113
1108	0.932119653854068	0.980988720076656	0.294172960090973	0.665402997357045
100019966	0.386123873108144	0.149713287373624	0.345626731894795	0.637912393697658
100001743	0.64018834185098	0.406299318211509	0.28208290899468	0.649346398269891
100001294	0.105667360541841	0.174201071727892	0.210207955581127	0.724494062404412
100001609	0.300462759272933	0.121072433812427	0.269820491943939	0.754408960211049
418	0.981709192219543	0.984846923891294	0.293181599644736	0.672060717926186
100001178	0.363548762342817	0.919442565962524	0.291725707943212	0.657709797352159
189	0.961927419832089	0.702530718545941	0.269935275107557	0.635943538666658
563	0.535600838963859	0.757991720871559	0.31185016983817	0.647808271018404
424	0.653471928875375	0.480214749228193	0.320974522516148	0.650076625899523
100000776	0.0774062674597936	0.226721350162751	0.356552071552049	0.668272783006586
1001	0.995249419614582	0.485248771845041	0.298527126473009	0.669607455214842
1135	0.305259631777651	0.090246586182294	0.284743057329543	0.725977664692224
100021093	0.367363947389515	0.483241156306141	0.337905501999546	0.688440001611966
100020219	0.133318003218111	0.250226541297626	0.301179180404574	0.564859973779323
194	0.392154462592829	0.954963256414658	0.295410628669393	0.66431157183329
100008930	0.796345042321601	0.665411278357495	0.312007312676712	0.649280245804075
340	0.572710357911666	0.217510973149845	0.180443026257828	0.750075836332564
100010896	0.946902576501577	0.806794077616173	0.281965205056411	0.671816489563648
100000787	0.225265329898981	0.109034668589872	0.282483191123587	0.383788303182845
100000639	0.0347971638282408	0.250796740487045	0.265935589595604	0.672357555638312
100001851	0.853994465588063	0.30691398302068	0.304838735712378	0.460679341225773
179	0.582782616510135	0.608983605546174	0.287116060843925	0.68043715460033
100000626	0.384095070745885	0.689399839533643	0.307294308347409	0.666652378033122
100001605	0.0111577105913272	0.0853718923547091	0.372362493502299	0.759245102414494
330	0.28679171993673	0.507081102540907	0.316671279085795	0.55906282331604
100001162	0.816913661495772	0.544072153180779	0.259797535184304	0.628784762382254
100001167	0.0544632996216031	0.3000119009114	0.276730535526271	0.651907245459914
100002067	0.595807867397675	0.79507430915517	0.368969179857547	0.615399744144009
100019968	0.658918959063352	0.390191271691553	0.322796769607237	0.6062593676515
100002014	0.944829836786657	0.986805573890458	0.291966978104711	0.691225130532595
100004083	0.471592074923196	0.136899602552478	0.321931629347621	0.530921189523109
100001315	0.238894019470849	0.31034156013412	0.317750871676109	0.744350185695619
535	0.267171224697858	0.62282887512265	0.31079803931711	0.660345801876835
93	0.418872385149727	0.289990351840286	0.330633446971004	0.516675163862043
100001989	0.357300327756826	0.624404312023861	0.270391719358882	0.709043454964043
100001740	0.769671351359055	0.409787117344096	0.266523445970637	0.685240634292286
482	0.189304173496982	0.953780643002858	0.29306434275077	0.662684858686117
1629	0.247558774928514	0.411895543709633	0.353456774320062	0.642241970628071
100001399	0.55480060099396	0.495494336170122	0.301134895476514	0.668193944309711
376	0.779860069224775	0.146234467013417	0.178366524690871	0.777307782108701
342	0.564096195969662	0.594146552866163	0.289903766573755	0.663657087592099
100001253	0.00991757844160179	0.186468846631142	0.257292669243806	0.908582690408535
100000708	0.670640569646174	0.862689776295346	0.304977141629062	0.670468496055779
244	0.192108686235959	0.0539832861211636	0.245485895641774	0.781894958690101
100006726	0.451160252176049	0.318991981056938	0.337550257311737	0.653014177151318
100000036	0.208768008571602	0.530245353075315	0.263444669016864	0.7179885272312
100001257	0.0109591323391847	0.0683708856161105	0.444575343215612	0.967519715097653
100000445	0.626369969923239	0.587879569968419	0.321390256706975	0.619190097230403
100004088	0.00476709575610349	0.127659322200518	0.33627222706188	0.739664239060196
100001423	0.91439352581935	0.883323834778642	0.293705922682113	0.654554329828909
100001276	0.411349120307481	0.338362773660237	0.267346305759798	0.592782962012844
100001876	0.765434481352282	0.955806393344486	0.291347555009623	0.666905118816441
100009082	0.633571568982166	0.04635869341865	0.13642685181422	0.646982564225747
100001121	0.334273304000451	0.726014568605314	0.288230105639945	0.661669072982972
117	0.322565226353122	0.634259774859634	0.27526345424239	0.685744863324204
100001868	0.0393934063530948	0.118755554182154	0.344773566227461	0.673896797799508
1134	0.724264029905652	0.323680153475574	0.201464536163264	0.639482252199832
100021012	0.255275297867134	0.483034677864839	0.301030502359371	0.69027534602104
100001181	0.812515107382931	0.283736932939482	0.356932993054541	0.600314784867992
100021467	0.775117166392064	0.332702690026403	0.294332150212945	0.583569543537493
100000447	0.319803744365576	0.408034377565964	0.321799667285914	0.641702228498793
1162	0.000584798648892455	0.0149226770397858	0.376342645960686	0.571127072875707
100019982	0.26341183411596	0.805521787358232	0.295107107311649	0.660782971849013
100001613	0.139823429130289	0.849343915832482	0.290389595541579	0.684133153628954
100006644	0.391045073678318	0.674225470152002	0.277049820494762	0.689463928201173
100000096	0.54134326391393	0.0244523266905246	0.193661117070938	0.633773634982885
926	0.527236473303218	0.678274537779388	0.299243344446267	0.669609115926213
100020004	0.856469108273588	0.646174287342935	0.309493231795479	0.664176101313994
363	0.196164665186326	0.0307681472360836	0.252548169093074	0.225182934961931
1111	0.275830410956262	0.73858566602984	0.274587987805961	0.834244385753333
100021712	0.66891291708431	0.791848442766853	0.291294129045037	0.651724963909215
460	0.895110426810101	0.710586947277052	0.301575211785708	0.702103492082584
100009331	0.366366439404213	0.234835353761387	0.26361659363405	0.693726364468036
100000442	0.266622889666986	0.712692460139669	0.314768825799565	0.681648426839909
100002945	0.107482479584179	0.0212761875122696	0.373240373484279	0.625980781107678
192	0.865623111033548	0.946355860044188	0.298346525094006	0.68618234679313
100020241	0.381130046002751	0.982578524310155	0.291890648933345	0.665212652161187
100000580	0.0809977786039927	0.104131145227791	0.257168323417631	0.934464546782517
100002466	0.00879561967563243	0.0313333875481899	0.249072839827078	0.43269177667
849	0.717892088552289	0.579713296621819	0.296162929102904	0.61505661312955
501	0.819634580943218	0.779720483584844	0.304064874669058	0.648136364812284
100000282	0.702969403027148	0.141838000887227	0.368238817344771	0.564447023707292
100001577	0.0281666622719298	0.169186286609528	0.407560536187489	0.728734101665767
355	0.109996912810301	0.338186817239406	0.246208425901226	0.574801575023644
100000841	0.818791375416645	0.935144395237641	0.317450039507287	0.660081984149838
100000846	0.813378226369433	0.349189771609512	0.282327303488313	0.658909744194863
100004295	0.868836249635604	0.390361698943508	0.270508911783946	0.614872128269054
100001586	0.116556770328012	0.0353767521681337	0.398254234237048	0.300581237864203
407	0.0149441553642467	0.0393267057982631	0.320828037420796	0.736057908330514
1137	0.521451706391499	0.474125634645882	0.276670475434556	0.750517595406841
100021374	0.0398724477402272	0.0152450397540898	0.220698455406073	0.933843691677401
100001593	0.453097557808403	0.980501785035871	0.297915792622881	0.666927124177815
100015971	0.780841140971952	0.759904509979977	0.286000593642825	0.663817033413067
100001022	0.381674302735478	0.208332704003349	0.187459958408108	0.917289671437781
1094	0.0776700222316723	0.31753255118755	0.422481241775057	0.867896190070536
100002122	0.274584134888163	0.250481700013222	0.240810284715966	0.765230662223213
100000706	0.646922523054442	0.450140453374368	0.237768991102217	0.664391269123825
100001055	0.572463605698063	0.641462903124586	0.273601075790556	0.631282499707108
1235	0.460767712029553	0.686811789303744	0.277468794134155	0.699790322156002
100020204	0.0970802276144434	0.60794664240642	0.313752984318459	0.702409525996649
100015643	0.0330731047527077	0.294272025839195	0.319941625783555	0.619865581125441
313	0.0219300627298312	0.267641555007028	0.308144750563358	0.604698484944192
100001413	0.865240125311453	0.84705096554786	0.286354545622312	0.652250095246899
100020423	0.0157002116436151	0.0131056520166732	0.328535977896677	0.339281877771077
892	0.496714827789527	0.159767792498567	0.317561271615294	0.69469659840396
212	0.0543972842677181	0.117091063875487	0.396547723793109	0.642361408881149
100006105	0.16772206438146	0.155236025311746	0.340941824185391	0.678410207896115
437	0.816364241052297	0.566492318864862	0.271687414771847	0.682678850303012
100019892	0.501951152981863	0.749231501635021	0.291868772220412	0.692046938523258
100005716	0.0612479151643766	0.0975793900787018	0.322601662522156	0.751142084778022
537	0.301980766280494	0.195861628601922	0.293390417630608	0.695257034035419
100001990	0.302493983179695	0.610737679429936	0.332815973045982	0.618025524641741
100003397	0.0326520269876934	0.00394494350854396	0.231423454090702	0.423781571383782
100001320	0.141700155256687	0.241581176559678	0.358845443630792	0.437381582384022
100005717	0.127439142483357	0.0947343099377773	0.344777023710159	0.698849771307267
100001207	0.0353902270174532	0.195976591063527	0.326163326531195	0.674575729803059
100001999	0.550838133283544	0.858273986641198	0.286681361798828	0.74527455812139
100002488	0.216659927188276	0.0178593973955743	0.350809836551656	0.608226274837935
62	0.221835106629895	0.722064026031636	0.284398576264473	0.671556019301892
100000467	0.619184643831538	0.455121027309545	0.279735254640682	0.639851774504928
297	0.00528474357285768	0.136717876500481	0.299585606418095	0.634157524424368
100000285	0.0235422528431542	0.340589904986558	0.29785407282208	0.772784239932085
100006056	0.0753134614186214	0.407107194531046	0.302967913499648	0.707079524910578
100002126	0.126586629927348	0.257685718318754	0.228252154624077	0.990130002428474
100002129	0.774997955584659	0.842983970965446	0.285807748481168	0.748144398665687
100020478	0.0289309879438694	0.186416758004308	0.26465035752337	0.696485500840755
100004089	0.0707544302542456	0.563178824166944	0.30990349488809	0.624677539295831
100001755	0.528154256064603	0.543309545659231	0.294320425482593	0.618011452140075
100000551	0.0416275740401943	0.810367000626667	0.284338268895043	0.685062536906109
100003260	0.600248791055629	0.40047979862423	0.317012046597775	0.733079243677272
100010955	0.794576606752592	0.375596864163989	0.233361301120349	0.555939928548568
100020851	0.217703206896085	0.433300777017917	0.31586365683296	0.689218178604839
100016069	0.953896627783926	0.816534505401367	0.291717482918195	0.678007407247001
100002027	0.479543721369262	0.545342999322476	0.227281961491686	0.77736232973478
1123	0.359133737784338	0.186001150064802	0.282859249274902	0.795061988834722
100001150	0.762693893914081	0.999464782254133	0.298073192749299	0.666025163519041
100001657	0.293849798674401	0.657118529981334	0.294110120491327	0.647434707514336
310	0.260420319375766	0.352292389271526	0.257885490758212	0.767946448971761
100001314	0.3762137607453	0.132843361788771	0.272281404592954	0.548794564566945
452	0.792548073365674	0.704098264686571	0.320509791678581	0.64373266213985
144	0.103306903003495	0.0707980915900068	0.353128162091214	0.539750928158614
100001182	0.221298875538052	0.165062894698742	0.357062204212681	0.650553213037035
100015965	0.744764938115573	0.462628220816921	0.279104207221235	0.736699749247601
100006108	0.963472400774603	0.475075961062008	0.30154465182473	0.702472729459044
100001400	0.787213257273136	0.748129362915243	0.28205938623053	0.65964635593924
100004541	0.357484042834218	0.256254063447189	0.277174706676792	0.441320814957737
932	0.846749981382799	0.344004907636909	0.299361911720363	0.698721559263151
100001992	0.451321953015922	0.573299706890425	0.405328725847677	0.572923976093704
100009252	0.119072649398794	0.178291404399795	0.357802447776308	0.647166533256949
100021104	0.632599854539295	0.570409535896612	0.242596029219197	0.796882568510165
100015838	0.00353070070006188	0.0277137129473735	0.472927770126671	0.943035908375139
250	0.000856468415639443	0.0198543980321156	0.543818664102375	0.765563866166193
100002537	0.935895345684414	0.527825554295534	0.271673943502391	0.767983155469843
100001658	0.843933201355296	0.675336435747816	0.316859042815773	0.652652515826042
100020416	0.317223335412959	0.42396510745563	0.263776407450606	0.645638110837114
100006642	0.252595764256246	0.85681271310055	0.286645619084083	0.680482360836223
100001391	0.0880926907485281	0.380270230811574	0.374318933966289	0.77362549389419
825	0.644131574760578	0.562230033785698	0.252093243548315	0.678729006976983
215	0.0193725976796253	0.11257661981703	0.346286081039137	0.651407949791569
100001026	0.979977442753489	0.895078532271562	0.290827468979561	0.698433888453624
100020541	0.442990664896783	0.441404457047285	0.252589489604901	0.706859097651035
100001526	0.136756555715872	0.25554760582224	0.486450684759672	0.796438233095047
100005384	0.622113796721013	0.51835810022628	0.272827562246761	0.603336493374064
100020378	0.157820032087314	0.91417748874413	0.290173979264178	0.66792349730447
100006115	0.833511797460758	0.452912157811439	0.359154211095702	0.570054607107758
1442	0.208363635776657	0.0309102970833393	0.112666502467838	0.540220779069637
100001843	0.164678103085499	0.218340942854857	0.312469450509864	0.751994000097311
100015837	0.0983588006488275	0.21315917229768	0.558449403887162	0.606930655600777
100010834	0.829380618650684	0.541702920637702	0.295421777384579	0.724456466331792
100001393	0.657018880033415	0.367774980800084	0.227024047163012	0.712197622625294
100000015	0.337348758694247	0.53474919840465	0.272263798922599	0.688345601791597
100003892	0.0490003507113715	0.0529551659537485	0.257254720639315	0.919685586962883
100000042	0.218053098816	0.0339882699998543	0.306598177640303	0.582254438892574
100020550	0.586255464062502	0.22586313137214	0.317640533028988	0.564901983566337
182	0.396994947590631	0.419576984471773	0.288668679258396	0.686926034907841
100015723	0.118804010529569	0.40069686714548	0.299634496587249	0.647436669255067
100020343	0.208739777991049	0.269266329123605	0.256955573049148	0.666229245432155
512	0.353283560222868	0.650235521395833	0.319218120200991	0.640961938412204
100021100	0.351423248007116	0.241229193687369	0.268069157782948	0.674182775159726
100002528	0.390987051277336	0.0805285830302367	0.332869306061904	0.452436068898265
100001287	0.442742865369001	0.74676086108464	0.395081225237199	0.61255207250406
100001229	0.573123849846992	0.951677339433101	0.29081192842004	0.672510262579508
181	0.360175035857379	0.815546450405265	0.287339598818664	0.692403014756331
100015831	8.0549309678846e-05	0.00224527765680228	0.515588958050993	0.359080468213662
100020515	0.321316166458263	0.461143682505918	0.241765726849209	0.816539560040692
327	0.175317013449505	0.217770076783842	0.368373717276216	0.614328732636722
100009394	0.607903685412866	0.725417570731004	0.275808412565733	0.696931566146151
100001596	0.985369464503443	0.233410071808526	0.254539827217385	0.495383604229969
207	0.936380874836098	0.560865577721923	0.302609505481622	0.633413137558096
2054	0.315667464957828	0.617058400846268	0.276813509807307	0.694846120171462
100020259	0.562632782468847	0.561693496634063	0.261868762389144	0.692038468417527
100020414	0.00357498671413188	0.0442322188117229	0.201199267536512	0.641429074923639
100021131	0.812327449389369	0.235586952041279	0.27646682180572	0.618923380542405
100004499	0.817007716817249	0.795512151814741	0.286927428275744	0.645663240632087
880	0.171987980226572	0.767624024633879	0.317268339695602	0.661993331144776
100002049	0.548815262794998	0.348481144577089	0.319738194218713	0.62127624070887
100001739	0.571932797462915	0.262582870971279	0.366699391145323	0.62780920046582
100001126	0.349523287598227	0.10683437056047	0.186528109670597	0.530591476633927
1113	0.868028786512784	0.858722446716896	0.286792111091547	0.700194348331514
1083	0.86643009715381	0.418877341997054	0.309699052330155	0.593553776201034
100001730	0.0850463428896272	0.188397285293152	0.336970276387047	0.544279719267019
100001412	0.431966510542588	0.79975708770254	0.288684029304655	0.692295839667315
100005996	0.141429358404311	0.727860895768411	0.321887374902248	0.696246396634798
100015962	0.0072665629571725	0.101963185860485	0.225340670771759	0.961260279236736
100020214	0.715701349548057	0.412751563760355	0.308896856728966	0.586672394891829
100002514	0.120798436390567	0.332246829032775	0.305001156676642	0.604384500945725
564	0.215499001934344	0.054715811115923	0.251077055924657	0.545022178878317
572	0.0267735259569158	0.0246261619231161	0.392297329334158	0.529674652950404
231	0.989965458061668	0.686302655079844	0.272242418446523	0.679342828396247
100000453	0.887491543794683	0.774029887537402	0.283595312570669	0.695026924175751
100001007	0.0750168089468782	0.0916215637303697	0.360028410518314	0.458804183778788
923	0.619151594068396	0.354037016732975	0.279740680200081	0.716965374773732
100001247	0.294595794083795	0.385521817090232	0.276547192577909	0.640802115342821
100000774	0.610628731294175	0.94507599087895	0.300829716575689	0.674090862839036
800	0.40223431874046	0.390880894203942	0.305423893520519	0.719886426179128
100021678	0.227252153786805	0.373462708958106	0.245468563638204	0.665386466707034
100021711	0.585883479874835	0.942173271435298	0.292113819975655	0.662631724473641
100001274	0.858250291027406	0.478336845485927	0.281093913541777	0.539953259335251
100021220	0.0831163406179158	0.153083867438736	0.391009552314781	0.979478264786098
100020253	0.318808828917687	0.923670378714728	0.29163871910525	0.67158917618078
100001170	0.763348821093293	0.118669440393139	0.26292959429029	0.548737115129807
100001466	0.277890392220983	0.882523679041593	0.299114487176377	0.661432525509386
100009406	0.187348191656861	0.136191119105345	0.271821271245103	0.738449656466093
1026	0.184327296162614	0.448967015444948	0.31327770918625	0.633130856155333
100020837	0.69427778498617	0.36541343178762	0.330756473984909	0.566566701405698
100001006	0.0673622061549321	0.100183638035632	0.285900291906345	0.78990300691127
100003674	0.748151724119858	0.122287297922442	0.291865675580141	0.654710414769649
100004396	0.478299805149041	0.679272891627257	0.309860628580116	0.605858097408937
100015923	0.483204408486414	0.836731706481398	0.32386571113377	0.650871417486421
100000265	0.449306969374934	0.641813500929034	0.300074716544719	0.631134620146964
100001409	0.1172744386519	0.182084819339505	0.278663602483239	0.526978960846903
100003434	0.412102555584714	0.459633625572935	0.297952311445097	0.579766300211079
100001334	0.635443706835289	0.0881190966824665	0.361843032575796	0.551413383285993
100001102	0.156298772466755	0.456389093530306	0.272306173143725	0.746727965023072
1268	0.597282194109028	0.0537925389562796	0.176549001027911	0.61780482243991
100001300	0.222097364028526	0.0710614490675341	0.257281935225941	0.668756503717386
100021324	0.229266092738781	0.757423618399275	0.369772616831413	0.658004793217507
100001617	0.0744948979598179	0.0596752462701682	0.290189031792412	0.709772202719204
1105	0.913368955334581	0.147882464906133	0.39792435700043	0.357128736572928
100021502	0.0489032926462323	0.232900230627965	0.285983523709567	0.696281636729673
2051	0.713550265621664	0.708107123337015	0.290743170456176	0.601536406072577
100001256	0.110278756844862	0.336508932298296	0.350889321517575	0.862956193721181
100005466	0.0782948488709653	0.115840447296861	0.326227351985041	0.479941748307389
100002199	0.0640406674480903	0.503921350893799	0.320559914742815	0.701936834792747
338	0.00933927728161407	0.0289967376534921	0.455433693511897	0.379984167912775
100004243	0.454317351800501	0.583957018898702	0.27350202172816	0.677651553720911
799	0.411733205230436	0.962153337609303	0.30534324081305	0.664847799020582
100008928	0.568955399686276	0.084505782972817	0.292652202463194	0.653998758060444
815	0.103766266195355	0.30444441044661	0.291816538149269	0.735924072199382
100001456	0.00621067946696328	0.0847789041676741	0.281093283590426	0.592548282362516
1242	0.0927163253303266	0.0854557028004609	0.34122581467753	0.470742193074971
100001416	0.295355516740718	0.108459332371587	0.201152466790947	0.417506552078386
100001462	0.337984680399	0.307563622237153	0.352919417108967	0.622988983309046
1087	0.231116384604435	0.054157432271909	0.299850632794232	0.634195799459065
100020421	0.0666320741245211	0.109636054594766	0.337494981640552	0.435264650692945
100000010	0.00464138449004255	0.0484794463600899	0.305208967040753	0.722530706551185
821	0.683742777623645	0.487357342814664	0.308964377678908	0.546181304466075
100006627	0.387099616329603	0.23345267539685	0.380592893281078	0.572785634914725
100001277	0.419563515991757	0.183366478828684	0.335507213992162	0.626960603774413
100021141	0.0167043011907714	0.107447088167415	0.357683919832821	0.788968435020681
100021105	0.206666970343194	0.316428689433256	0.306338902093812	0.499448847869085
100001950	0.000368446761758014	0.00687639307587675	0.374431220314095	0.833094759411414
100020217	0.921003209286552	0.367887596176548	0.21027923337248	0.516573608797138
100006651	0.0173622704456095	0.12469683750655	0.347948585045141	0.407937200812065
881	0.926149195514154	0.37271825450486	0.274996516707973	0.679391762019901
100001509	0.730853389256688	0.170379842589186	0.257167352664504	0.5917286234934
100021709	0.498453980853305	0.726852321020486	0.283695199092768	0.675319732778253
100001635	0.306591939349039	0.0370324834254348	0.318945551861185	0.613937274456261
100002613	0.4579046261835	0.120888887017539	0.272198531335699	0.750636664244975
100009329	0.514960113944962	0.688787768449127	0.264519568141556	0.798933668695097
100021123	0.969071825102725	0.72963805830363	0.296166871905779	0.611645813469926
100015760	0.27969008748428	0.189888265476883	0.243327508945042	0.699920848920725
100020205	0.47337455430863	0.406604714139027	0.33017105081158	0.471544158373709
100000765	0.569936673053081	0.639985950656429	0.28840413943053	0.635156038266
100004111	0.309930265616935	0.14994841810123	0.327156830307818	0.635602465859641
100001615	0.134658162478473	0.996881185037762	0.292719255437983	0.665531812128141
100009227	0.186315849290619	0.114078131843872	0.415163676520976	0.806093741699039
100006191	0.45541699222126	0.714597357589209	0.309941766147901	0.633723951407734
100004542	0.498010525099331	0.375138403427	0.304763894871498	0.710985371289192
100003686	0.361001300130917	0.158567183277135	0.39548151331095	0.608689588251
100009232	0.0313408002546217	0.241710833074215	0.290401275072349	0.578534346308867
100001501	0.00947782160644777	0.0324545782512973	0.460121176882096	0.714650211760355
100002367	0.511884896971935	0.23154572863463	0.273215334745477	0.512379907056809
100001108	0.38260868740339	0.61094510025098	0.290496908296443	0.651397800140521
100004227	0.718867047731311	0.989284767693623	0.292432307922322	0.666179388961266
100001310	0.187396635195379	0.282191215120315	0.276028505674875	0.780263630279178
100001994	0.857806717345149	0.922291180912894	0.311279706999989	0.723795957060021
100015839	0.00465831428955239	0.00946294585743615	0.428944471556116	0.761285457420909
100003271	0.00597842954812494	0.0861934364825974	0.376980348722203	0.47886056213366
100020496	0.840297552674387	0.983481225148803	0.296299706326725	0.668571456629274
302	0.740388409897699	0.456905099689128	0.259091631817488	0.636330629259798
811	0.80924376890006	0.726268802839781	0.284020245540061	0.703502862310413
100001267	0.994288890584093	0.778029045131793	0.277016452545614	0.662327926235859
100001197	0.0180257071375307	0.335185167396651	0.33910465073598	0.676810018626539
432	0.227348947262176	0.494008302485552	0.31085912855274	0.647844548822269
444	0.0128060905572159	0.0639854405339435	0.323070514882144	0.794432264470239
100015968	0.320037910319921	0.348680352050267	0.290157502595508	0.58931990823562
828	0.933008436389096	0.89816150832175	0.288597784345313	0.670455805697691
100004054	0.156846039003126	0.698522523338157	0.300518607527807	0.676434909845375
100004635	0.0922376052374113	0.117410931760191	0.685398619127536	0.389259815515619
100000491	0.460533591130859	0.595178250011352	0.285398990231212	0.579703330317566
100000939	0.0520143560219587	0.0361023636835526	0.303345651375513	0.563181843194369
241	0.24667523306077	0.657641601406353	0.307468995587747	0.683630958493444
136	0.346385095567564	0.0669251165803577	0.257957313599703	0.850207973072868
100000792	0.568271858611072	0.954371883832333	0.295742760579471	0.721784713312339
100020973	0.604813283925454	0.650260940811413	0.308387338228956	0.64289510174294
100000936	0.836540382033595	0.720999534207736	0.291705461335219	0.670525330955594
100001313	0.00876521303557069	0.16189501491269	0.304745119421581	0.717830948294788
100001951	0.0576519685817862	0.108874371965585	0.321648359507342	0.658906229428675
100006098	0.0197355385767807	0.0909674991525534	0.323270555240996	0.780324443314668
100000007	0.287217843262626	0.649965559445628	0.295890592032684	0.670966013047173
100006641	0.907695084607987	0.825014799490749	0.318587970148719	0.667055730047603
913	0.0115758725769104	0.0622814171082119	0.360637035942824	0.534193294222471
100001579	0.800425927101787	0.424393921447107	0.3229727491346	0.666326519879797
100002911	0.141849644681311	0.0120899228165322	0.384185931975949	0.624253050226425
100001293	0.155020780263476	0.226266950057095	0.252738922992545	0.860388142299473
100002241	0.24130313997657	0.61471270183833	0.304246253536261	0.642311985264727
100003179	0.395392149586385	0.064188564610127	0.276424335928252	0.510634169499367
100021372	0.343665792177288	0.238294662635651	0.219250422835257	0.671034385908091
100001956	0.317628553662087	0.524272247341431	0.296337088839081	0.583056723294916
100021162	0.255280960848836	0.202778331721945	0.270192269597977	0.506099741329997
100002259	0.216739098615733	0.444698196767561	0.262746719892655	0.653180993577597
252	0.495368861317629	0.62654563803201	0.328496588186069	0.615604536772229
100000707	0.44395269405828	0.340675284365946	0.28961268474651	0.673413933040572
1489	0.64676130605849	0.0182414560833522	0.219505216506435	0.640777981981344
100020361	0.0257075352541577	0.0695679472720402	0.330040496438218	0.968173662808205
55	0.776036511031064	0.952369376585263	0.295366407577062	0.671201627060382
100000863	0.188232322047626	0.218598963452859	0.257977806397312	0.705247297045993
100015840	0.160182723581079	0.102801313228968	0.39460778446601	0.626606509335967
100001541	0.157873218804425	0.0894344418135409	0.203799606041798	0.657943725909451
100006082	0.144061928262865	0.0617660747265231	0.387090856855547	0.66165501949094
1254	0.78322278311713	0.784800505283394	0.276430788261652	0.705371177087966
100001624	0.530510961986388	0.369874396887684	0.27424680604777	0.64331458640458
100015850	0.956097291522064	0.603782776027062	0.361640129051951	0.631887581790343
100001104	0.00323888297540063	0.0123660367918481	0.327367868444446	0.950547003565099
100000900	0.145850740261147	0.497389453347083	0.300206943490565	0.670868821045626
100000269	0.258146983091055	0.103866739566829	0.183775243358896	0.62458440879523
1022	0.213366154403612	0.993055474874272	0.292472268199372	0.666783260388868
100005373	0.250983743089947	0.0864827865353639	0.251577357282695	0.698551443163733
100001129	0.107395560723751	0.640204247745581	0.281969535745655	0.702491903592827
935	0.0124252000778479	0.1323133016322	0.378717598102228	0.534328756215199
100001262	0.158323172992932	0.228228659090939	0.30661116387438	0.69176908185416
100019978	0.0555330782879609	0.797707180135335	0.305192785370956	0.673492329807501
100002293	0.634110368049152	0.701383961105074	0.299971495218257	0.667587811594265
100001426	0.264165366356261	0.367464698373684	0.279894960621696	0.52458726145264
234	0.0301939025334704	0.156007853573789	0.294194786190327	0.642755233864914
100005403	0.273505630602968	0.89011683314883	0.313501344965086	0.653961443062795
100001083	0.043754127476017	0.33498626099515	0.317748990679338	0.688073596231774
439	0.75425764129519	0.339768393654885	0.310999371058161	0.661430687164457
100001086	0.360452658108121	0.421169002521263	0.305269261107209	0.744494558799581
100005864	0.735377928173086	0.442673247267167	0.268103984012368	0.733864282753623
491	0.502807500748592	0.907885273179888	0.291334273569028	0.667518962596118
100002029	0.455281255681871	0.429275209072097	0.282155537432744	0.535544929423052
100002154	0.922614437782596	0.773920721596496	0.278508547683464	0.657025264442553
891	0.544993359416131	0.220057923229922	0.322737295472507	0.636116316022075
100020261	0.59932494913851	0.836341152011194	0.312449813154401	0.656879181368697
100001296	0.529174224867405	0.459832652652985	0.2936060185732	0.555624235301901
2050	0.439172251385495	0.575894153099602	0.310593127012148	0.618014121122166
100002761	0.342439428424241	0.704050726780335	0.261702505349368	0.790492273682586
100006614	0.966801384488144	0.615950063949534	0.268674619088899	0.740743242666679
100001597	0.896134408332512	0.13538257418284	0.189731895505692	0.475246191854389
100020853	0.80614686627022	0.876123880193291	0.295538478335683	0.67482064971384
100001446	0.265724550861411	0.371662453071056	0.259261557313978	0.657500290377587
100003240	0.278738521817176	0.11325492377693	0.341278942145648	0.581087055546761
100001502	0.0336010139466195	0.277488808027329	0.343306647904491	0.747929457607161
100020866	0.112684204043827	0.0163317145275747	0.181807147727853	0.489562672119754
100020419	0.0280562719698197	0.0911331663380827	0.323503448727202	0.415098224948324
35	0.586166808734417	0.371747182113766	0.267870467068748	0.62247458800823
100003696	0.0163231309728588	0.068036756065803	0.415852896651022	0.610072593755742
100016038	0.758022099295168	0.983741952990958	0.293112977062922	0.67325634512744
100009333	0.229491168336017	0.20673012178399	0.29041019857648	0.693127228455362
100001611	0.188541451818338	0.395581018747669	0.365070469595502	0.646972044409373
100005383	0.626971448723238	0.224451412393576	0.302682130874086	0.713637964557127
100009239	0.474823204635739	0.144717537795829	0.382430366461201	0.389909824522395
100009332	0.364180794856848	0.293329200739687	0.291632161499908	0.634975228992088
100001731	0.145561210541424	0.636514837360566	0.301183269900773	0.641351919446955
100003415	0.324380247855221	0.42310007687003	0.287689310825334	0.682604179679556
100020578	0.141107575228972	0.197385692320772	0.274373994107824	0.562599545422424
893	0.77858025638332	0.604153724558138	0.289402729439595	0.676779121543088
100000963	0.350129678857649	0.21265346940112	0.370438413426784	0.473445420218436
273	0.13859259276796	0.303900491933976	0.342520522160248	0.662450502155565
197	0.547345092819249	0.519644822398781	0.28281375370579	0.572357003425138
100000808	0.269739502278429	0.215945554774469	0.278439761802627	0.826696858804592
100002284	0.728288283225308	0.330297278295011	0.182191612199246	0.60159492054945
888	0.970296609887488	0.0998754426330571	0.31633935382443	0.649329873199543
100006435	0.380972260580495	0.218780226725921	0.21481300080492	0.939900952212427
100006374	0.210750368619759	0.563730115541735	0.300053770278536	0.656693725252943
100003169	0.596548926844757	0.988953876388252	0.292326941232675	0.666446589899807
1004	0.593257882730672	0.780734410046558	0.278484704501286	0.646405053026635
100005998	0.0610593769468428	0.792002863248964	0.324513628002464	0.680833713557168
100000773	0.920305067060739	0.972507565491268	0.292320353616809	0.666641592355181
100010850	0.018875108337238	0.131652684718373	0.337841843048778	0.549871175001665
397	0.895748382052847	0.33432353143811	0.214849612061206	0.733481403065537
100000039	0.0819100250939131	0.249102394710578	0.239151584901718	0.718767704554041
100020833	0.75318964575624	0.719357998257947	0.301879662160597	0.714471114764998
1021	0.410173485755712	0.345102793030752	0.27451187803641	0.702809024377896
100020479	0.322254617429776	0.548578925896264	0.299496685188717	0.67804961028457
100001335	0.619947341663413	0.381128735092533	0.320974816090253	0.639626877655625
100000743	0.596547015920132	0.968576658156574	0.291875076142824	0.684416096477086
100009246	0.17604347465687	0.649228694750364	0.282269118314423	0.696820402048721
878	0.19845940601814	0.730414327114837	0.280189341543305	0.68069464960758
100021103	0.754904822836509	0.85352586267549	0.297568194735443	0.744923563748026
100021363	0.241414247241692	0.578281919866956	0.273250199343983	0.705811841301802
266	0.139685990330257	0.222179120695086	0.293654891950152	0.594674832209449
100001195	0.311963588468003	0.205715237791504	0.375110724575204	0.591546699883191
100019801	0.327309985808345	0.25611704005202	0.256034396863062	0.740147137128851
100002196	0.0376950371329454	0.272712894570283	0.30789670918945	0.676038848159402
100006370	0.259070943686613	0.974938799748918	0.291675314742437	0.667443647489518
100001510	0.0327487786144519	0.00419047337971047	0.244882360337113	0.763407202173933
100000437	0.5593475673305	0.481669756263037	0.279432399202886	0.73132349481013
100001767	0.124399626444119	0.0300586338130336	0.369311418391184	0.732013150803069
100001810	0.304869926280381	0.469113050745922	0.316452633873376	0.843428646450107
209	0.0324414384595391	0.358236879931934	0.336738240793717	0.652559516813858
100001485	0.249394112346549	0.0854611180946569	0.17437477228624	0.595192430633517
100002500	0.119591747764965	0.44826828067248	0.297576362774632	0.637669657603882
171	0.0339282796345719	0.0301033871348381	0.219589990932409	0.670164340204776
100020487	0.906900356617761	0.923208668624865	0.304056006021493	0.660076471221216
1206	0.00706327478956001	0.118890456273192	0.296742607526645	0.717828606959341
344	0.01268982112674	0.0296179725457561	0.586773112385531	0.75983107019963
100001405	0.464997607917842	0.867550456406746	0.299854261069498	0.653810794985495
1239	0.941171924750437	0.483016236529014	0.329630122403411	0.669354366344189
391	0.0580908854148431	0.177238169532871	0.275941979897195	0.879040753431314
100006430	0.521721754869532	0.202093481289606	0.349814635055181	0.418059190223275
100001417	0.874755040354712	0.40872419163012	0.281109184564229	0.799702055181135
100002951	0.0634029604089629	0.5023751049204	0.287137144962323	0.593674884130723
100000014	0.400130531364965	0.529169351469663	0.285078054152607	0.711051519012491
100003926	0.696691868824406	0.413815965120272	0.305641452432143	0.641309135822762
100021538	0.492924937549387	0.35749233670164	0.343735732171626	0.579328105588423
132	0.318746767534695	0.957919429002847	0.293221981336714	0.665519518320908
100001425	0.728477260576521	0.640671224977889	0.34132099484911	0.617199597694538
100020262	0.615603998971744	0.381775937814941	0.256364922112838	0.716531997283995
100002679	0.308864550161776	0.721986067888085	0.280278481771021	0.73046265435833
100001270	0.326181864076624	0.946100396228211	0.291999806152589	0.663171228597299
1102	0.861265158303705	0.946867207682132	0.290780640460747	0.675478327860493
331	0.25828777743066	0.209467140651503	0.243841562666403	0.562229556542577
100006361	0.473749358850281	0.540981199416226	0.266073945410741	0.753690613129801
180	0.730361932604814	0.954246303156199	0.298954369929923	0.664621046490608
1053	0.310024734046533	0.442941181971104	0.438773524977709	0.733409301790999
100001359	0.75946471118697	0.994800214650357	0.296097003911142	0.675426075830451
