chemID	simpleLRM_Fstatistics	multiLRM(chem_sig)	multiLRM(sex_sig)	multiLRM(age_sig)
100021136	0.024851491778905	0.25291084619751	0.276355612089985	0.815949468364262
100000882	0.743584763748056	0.760307317046543	0.256315270161148	0.704271091417517
409	0.0741852995131413	0.172039937383954	0.283925263122326	0.473601660527549
100002254	0.73380301485349	0.0885549992875841	0.158401469449794	0.717454554687146
361	0.00430221907725712	0.0494719485107538	0.15807583019835	0.700082722499781
100019975	0.526978634008903	0.700931825489572	0.249866421676553	0.740974123571371
100000257	0.000782462385994899	0.0235429123691982	0.253706642740924	0.652696138732449
100001232	0.925679155639293	0.99747761425039	0.252436629746473	0.725023408690274
100001948	0.343244643984325	0.33572468530634	0.269629815217699	0.570167653569944
100001073	0.543243077018857	0.639189748617887	0.316884006619086	0.638812309372158
100015637	0.854257647826438	0.491151419872374	0.267049261235043	0.715754248943341
100006360	0.608967603340682	0.6772023734938	0.233493310612195	0.793521865492922
1488	0.457035377918544	0.489941400647869	0.249390681366076	0.694345518196374
100002253	0.846326420702832	0.988344592133858	0.25066231731399	0.724552508223338
1023	0.870934950831977	0.57485488722724	0.244057163636687	0.700300958315812
100004284	0.150170692812429	0.405928179665677	0.249828195054339	0.714878870084029
100001251	0.685616067153741	0.997530267874976	0.248908146313778	0.724044259940963
362	0.629817032198009	0.612083232124707	0.232009757337642	0.718109258208811
100006620	0.87241887411331	0.740727433686217	0.248168942072887	0.735185635205546
111	0.398337029686038	0.176013215248105	0.21238964917509	0.691825664651621
100009045	0.721328668401843	0.348804818132344	0.211687918824314	0.857698409379724
100002927	0.740689916548296	0.855962942788998	0.243927214599264	0.743601355726754
100015641	0.82249538727041	0.936482619213531	0.246714513854943	0.729444485761906
1114	0.0593234909435646	0.485623787280579	0.232555414982641	0.755087958737657
100020409	0.351740034014628	0.379875079033401	0.248663178543959	0.595237922245312
158	0.172422200318191	0.387657306413034	0.304594780861242	0.742681207982147
1224	0.057766158663661	0.205513786083566	0.195353707162772	0.759178797400561
100001620	0.609404906473592	0.565502942146841	0.227763715382614	0.72221703381521
100020893	0.238643441067927	0.0317729837212902	0.225059634119894	0.403833782945096
100002458	0.691166301766077	0.608752301675417	0.285638390807123	0.67139181016871
100001112	0.745568941069671	0.943440561299022	0.248348231670402	0.731860142806308
100002953	0.383969377257249	0.789520258987272	0.244784469226236	0.737685718728079
1141	0.420849327718749	0.0555701849605927	0.328356009372401	0.538658541667924
100015834	0.433380235321666	0.974053535333259	0.248488466055252	0.722681690705233
100004561	0.565222528680083	0.854189347118684	0.251045823339611	0.720172252687387
100020497	0.772604595770706	0.722026884703914	0.234826661698565	0.750958043926424
498	0.0603292000273504	0.355915164137805	0.25106980956798	0.788798075574923
100006051	0.874847032927665	0.843471366990246	0.251846949574547	0.719971090942057
1668	0.70051836833807	0.466593436531347	0.242411966195591	0.654570953445057
100004523	0.46589382120288	0.949000273057009	0.25345911564381	0.71956473176759
100001604	0.221361942336714	0.488329429647106	0.243035456364581	0.775669781146876
100001002	0.206756847474867	0.706921376903801	0.255195674543034	0.715462174858863
100001987	0.0488486448631256	0.257087479877567	0.771195443796669	0.578584825436565
100002462	0.547847875037691	0.24542230812395	0.313056976269917	0.575848960817105
466	0.633341403932935	0.0787178036582818	0.275733195094765	0.696937083984244
100000665	0.843044946847868	0.482705087076708	0.27854439341675	0.671286911961202
445	0.945076793240869	0.425284848939544	0.275632988003292	0.776262856168555
2029	0.13162191623449	0.454597869899996	0.264831571173515	0.72824285379183
100006438	0.105236014383497	0.213575150953136	0.291719262559445	0.741896534997392
100001398	0.155554477892996	0.548813940544527	0.228934296573094	0.747177063273874
235	0.492572404169233	0.543308276949463	0.226201280694663	0.750416023924594
100000997	0.731715588912469	0.697046969827367	0.251315952801919	0.700325446768562
100002094	0.233324301405828	0.194823871568006	0.203922115001652	0.581084821024566
1052	0.644205441536873	0.897123827715935	0.246593979873602	0.74917392783491
100020823	0.293027740288007	0.480431540156301	0.227511627391235	0.710615085531843
100001806	0.250786305534554	0.586692975405393	0.295106719429584	0.736622010728383
100006092	0.832327514475234	0.932813669841166	0.250809298220239	0.718625158208884
100001415	0.0979294249662018	0.0528733614357983	0.255049942904998	0.407866487879271
100000008	0.0378480504381831	0.0718753845964231	0.274608529098952	0.557212888001656
565	0.0114321392232997	0.0784232106587551	0.258213362898106	0.780130157573892
100015851	0.17584085947904	0.20670320114358	0.330220040100025	0.849711007839613
100001866	0.416972422698223	0.731346539889654	0.272168364392003	0.68245113366629
100020546	0.00302053585222274	0.0290252295953588	0.490821396782897	0.904111329071971
100016110	0.558494276871184	0.43437094305223	0.202939054244149	0.821743560055497
100001254	0.00400751296962331	0.0193027976866791	0.324871064710934	0.92188909396379
100006260	0.429292704992787	0.841668028315912	0.252735840752672	0.720472493468325
826	0.658851101783494	0.86256071447705	0.248573350083733	0.719505236767298
100001872	0.405753209300696	0.715141640746124	0.249462922314686	0.724933269059813
100000263	0.315948621905626	0.382372880294521	0.306873671991873	0.719517881540731
100021198	0.869008386565398	0.081358184040988	0.172516751941722	0.441746617859206
100015967	0.0363061674409843	0.0957238672488428	0.312673410966152	0.540763885259118
278	0.137501752300093	0.215308908621909	0.231683716573833	0.963479340554699
519	0.772070045951459	0.359761892769129	0.29775751654842	0.660869250532171
100009337	0.0900242068478901	0.291659928219227	0.342618076983124	0.711544234351681
100002185	0.370008017238507	0.846086497895246	0.242250888777145	0.707752396053869
100001278	0.398962695252181	0.283914137048317	0.307183460164878	0.676042979443645
100002103	0.754173376805782	0.777286615753201	0.2490581909204	0.695358962667542
980	0.818016880141986	0.498943634416755	0.273147441560193	0.705995866322764
100000016	0.886627197338518	0.441356274500998	0.246338800846183	0.696797511428893
100020372	0.176788601640422	0.495627204979804	0.245688614104889	0.661780237169306
100001662	0.751479789699752	0.130346376616876	0.0953926501926619	0.73494194845532
100019972	0.900362596509333	0.695085626304994	0.255876809639693	0.710598945087486
254	0.732085372658623	0.70412515393196	0.245277678049114	0.729144892515432
100002009	0.634581891754823	0.697239744480883	0.245439725312039	0.647382888074295
100010895	0.510744294182897	0.666057152035296	0.282939928368523	0.705878876281956
1140	0.859477485038155	0.997902094756766	0.247287425943234	0.726468504337092
100008951	0.607944403375651	0.553713851769502	0.264035650828409	0.688032004484392
1084	0.367667008665834	0.885008240127328	0.247898424983478	0.751627978403928
100002796	0.111801139194458	0.394306163379735	0.22052785208038	0.667526210941999
358	0.910409796161606	0.751677416954984	0.239522498224187	0.682356889401279
100002070	0.854151335243898	0.665181925644296	0.241552105839922	0.758524975267451
1628	0.412256697029016	0.157352520039757	0.305308668191801	0.705512161913135
823	0.707445686228457	0.583720113311769	0.220232398758305	0.777966772866398
100004414	0.504561378674385	0.10514811815431	0.326577919075636	0.850521783630199
100006129	0.666556413392846	0.647825768056478	0.230703784739277	0.742410698907115
100002028	0.597818329465724	0.42212876407527	0.348551966370688	0.510581861202638
100021707	0.561309160197331	0.731613388345944	0.232589617054173	0.761332771277051
100000054	0.514939277874126	0.443695006893828	0.240954400614263	0.75048698330381
100010869	0.472724969766331	0.205119292482664	0.259891571307816	0.581992879147376
100004575	0.0290854147245961	0.102388099777546	0.319422721798507	0.946032448467963
100001212	0.908310632702988	0.55916702848566	0.250244182900884	0.639058318178321
818	0.227587528822603	0.742539571738996	0.270631799206978	0.697067909571809
100001092	0.00104731033437661	0.0141496711989412	0.236731097157474	0.71840632638539
100020371	0.964636762034977	0.830466405326159	0.25216517123298	0.723255778279872
100004112	0.158703627307477	0.426230447393041	0.266115730644076	0.735026104916154
1125	0.4674062884472	0.36017072204827	0.275562617204063	0.760105535208635
100020491	0.923699003919095	0.495390063528145	0.208713154168761	0.741509101046147
100003151	0.00297809297163503	0.0319704334149453	0.378805862704128	0.60242509130538
100000011	0.312309931296775	0.142186465613036	0.179485232617069	0.839573252749095
100003594	0.571309854899361	0.900004268215601	0.24682808482628	0.71851244342096
806	0.791709512038818	0.18942543528804	0.246336348953861	0.534547220821003
100001211	0.979945695185764	0.570283509302781	0.258547815276533	0.703246721018822
100002417	0.547698046543668	0.613228298290742	0.241521216786862	0.689353166424714
100009335	0.522090999651291	0.167160708082999	0.198179862402027	0.75046497105613
100000781	0.827792919280815	0.857387105317391	0.250447677649117	0.7295566501674
803	0.0248703880268238	0.0283498047391591	0.231037674078698	0.599928426586347
50	0.53567755851918	0.757001127351278	0.253600680520222	0.709996336643227
796	0.466807499971212	0.0464949229414456	0.28357466416093	0.702625863383829
100005834	0.965282473802994	0.659386992420998	0.289248932488322	0.719171553070538
100001580	0.999714512859394	0.56029444517119	0.268757167443843	0.723445966622311
480	0.779706351230599	0.59713337302515	0.22041881991937	0.732345147768502
100001540	0.231470741259898	0.721049379638681	0.324359811245258	0.805380347995834
339	0.600161938942161	0.13770242662059	0.226669834258263	0.633832279349849
1110	0.827889966981095	0.740535282892582	0.255852009003344	0.665701061934243
100015836	0.156503497397274	0.177860787196235	0.367570149960158	0.902656186206686
100009271	0.546624546453126	0.507796682296313	0.281829268051554	0.701934429583669
100015638	0.97585590593361	0.431428956958077	0.262459856857002	0.702980616024479
100021667	0.924275421510495	0.400265297425547	0.295628693240999	0.697920123638295
100001279	0.661293431802701	0.405006296269606	0.271501724799639	0.836434545604197
100004208	0.0162122107114825	0.0982693176443294	0.390562734472217	0.855478169882971
100003695	0.215373552297786	0.171738215938477	0.264785755072425	0.517408649372925
100000802	0.757514047376273	0.863512422287304	0.251046910430905	0.718584039064743
100002769	0.890782827272391	0.0855929133372549	0.178289479826107	0.842260206565307
100015835	0.0856966564302479	0.277184804741868	0.372973107678201	0.938606372036251
229	0.906888088885794	0.405275151358965	0.280792074799955	0.716348334304628
100001266	0.00640370488337963	0.0218617593617457	0.325645717807463	0.968942618147179
1342	0.288844904017738	0.336864319452618	0.209938664646524	0.744927598789663
100002102	0.911733602089302	0.624607703244288	0.278484313230257	0.805509479835113
100020254	0.160758760197566	0.606559641498517	0.24075208702314	0.751603202381073
1231	0.509829236767061	0.262498949222521	0.298436854767507	0.6751388915893
100020492	0.982317311248395	0.877926265286541	0.244427474068098	0.722704362694655
100001402	0.392583544120191	0.612777551627722	0.273663512958901	0.728167059219313
415	0.00766089334129603	0.111435120056712	0.297268026488381	0.771015360995125
100003109	0.950689571009862	0.951467022714424	0.248835233614462	0.719845035992975
275	0.540585329973969	0.791630082020969	0.239700910947635	0.706175570008922
1143	0.156892411341068	0.0720417826509707	0.222316752410378	0.829820145728489
279	0.339881428996014	0.301005736525594	0.244684625617294	0.578095877029333
100001198	0.987170338820205	0.934227869429286	0.248047974844974	0.73123032205597
1648	0.422667060890341	0.992450861697012	0.248683389321671	0.723738357972135
100001590	0.299111551843349	0.240727507225587	0.235606356932072	0.634994163560137
100001733	0.393950667812093	0.921920096525441	0.246582667116672	0.73214824028704
100008933	0.0162161876322187	0.00228602455382891	0.347486582838567	0.675861703712196
100001550	0.310356297305176	0.5997227771	0.236814745251289	0.682715036018308
1215	0.0536356626997879	0.147469193908665	0.199398431247031	0.671081903486535
100002356	0.282011916732506	0.116209023378692	0.300952227307608	0.731058588595135
100002749	0.731526748456129	0.796027592837424	0.251002299085455	0.730229800258319
100006379	0.154087658194	0.141592891392175	0.296007582789345	0.449335133736747
100015966	0.0841308829979699	0.166497937844643	0.27401297490983	0.545167291280422
100001392	0.644536440446342	0.92810492606812	0.250163412783078	0.722299626663433
100020425	0.129434116975737	0.0483098072536665	0.20743834166659	0.473565409718612
100004299	0.331666618406776	0.873365820730581	0.260245137884394	0.75642173257633
100001734	0.525095540262446	0.427917376147572	0.264697821770727	0.646286192125359
1002	0.81110297873123	0.852253479839698	0.249073497020449	0.722752506496154
100001337	0.270780044827326	0.753699736857776	0.232180279294358	0.727116574965308
100001452	0.793891768949053	0.778375609056896	0.246707933437449	0.696741253317819
314	0.564505365929081	0.404339268100644	0.259068731200564	0.740031175448989
100009264	0.965143180791568	0.56499440670843	0.202064624951124	0.841394137053845
100004634	0.439167716174403	0.496249084387288	0.22158369600444	0.742560851973497
100000711	0.738296736372181	0.721869847818819	0.273835093383181	0.746173345835904
100020536	0.0153928364138415	0.0704440371959143	0.306368628514061	0.847410610882392
100004318	0.29851925776402	0.564980193449478	0.254329669884456	0.719888273709228
100005850	0.952983178561709	0.520205176559771	0.317361085842305	0.670209593631594
100006619	0.339809136320023	0.145842394148679	0.286481172195654	0.706697684238671
356	0.326303870769581	0.267347399127207	0.227679261641981	0.769367936370676
1221	0.494340028459418	0.414846678727242	0.355870278004915	0.784119769605772
100001397	0.834957616372893	0.834885995939469	0.24856778922157	0.717583949249576
100019981	0.623748196109796	0.85688399080418	0.252778571302405	0.74538589277659
100001208	0.391732452947579	0.218953253773828	0.208819319327773	0.962786106774546
503	0.0155405002881864	0.0146326306584668	0.162640739884247	0.549006527593762
100006375	0.11973173277437	0.553091125742693	0.273594973998107	0.699681907295201
100001295	0.929335640209373	0.885741434000332	0.246961113856318	0.753055742108514
100020427	0.0511185573271453	0.0216344723116492	0.24237539815529	0.401799483155948
100002784	0.538292513520717	0.384800265293314	0.212951589148397	0.788729990858954
917	0.0706903985213061	0.253801234488008	0.27442596117808	0.673031779897883
1869	0.381480581219103	0.203737250000974	0.269896988254881	0.601589561066379
240	0.273653685193609	0.116591269364864	0.160854834254432	0.520533610714491
798	0.00174068763912072	0.0321552695791519	0.405598233825767	0.645070545330542
100002952	0.221772414243211	0.524011228714077	0.249477669674655	0.797468045832958
98	0.539472546468717	0.699741649702551	0.270869609045806	0.736596382745327
100008998	0.34931109475553	0.352967260715352	0.200873405126743	0.783362149768881
477	0.810847156529781	0.324862108702167	0.255727721274793	0.716835578399612
100020545	0.098711198611495	0.152457405260204	0.295430800772634	0.879096429205584
100021666	0.965691195857025	0.234858961518471	0.286087630306714	0.71466921079583
1256	0.540467763321664	0.758773450871516	0.283533708845857	0.752647483513609
533	0.290281060541885	0.0724578352582844	0.167897073003385	0.469960972707461
100001757	0.418952028296278	0.910840349335098	0.255007290075904	0.719468419713199
1024	0.335342862940799	0.0787445633604593	0.166944595714648	0.806143858181105
267	0.592742874378736	0.768819557361932	0.256508601049983	0.714406442877457
100002113	0.140396936279541	0.136021193722527	0.247480523117189	0.737492406729527
100001756	0.811879490465739	0.700077957084032	0.259124836802436	0.747386986807697
100001193	0.484551270465053	0.203834909682367	0.311574934521696	0.668697507072774
100001668	0.666694927011986	0.998626694015655	0.249687533783016	0.72477252268529
1124	0.314392242651958	0.223061309696056	0.216600891804107	0.835722407817095
100021331	0.198515697242681	0.358405882024103	0.237277604709115	0.757235574534288
1090	0.0732164330049876	0.0438476106869288	0.243641320544248	0.859598638226267
566	0.846083617949593	0.287652200303073	0.179936644757672	0.729440715315738
100003119	0.464334592193537	0.271671134829379	0.279954439951514	0.657222949229106
100006367	0.776916811779469	0.556500606124217	0.258932872251418	0.701949251316866
100004322	0.194948922607879	0.196945931863093	0.255403292670837	0.82170472102521
100001034	0.674923818510383	0.84607880741078	0.245686523577131	0.716745945969417
112	0.884833200165508	0.949411285574787	0.249114326118098	0.720987265442239
507	0.70602929788031	0.761715847829769	0.246664726542479	0.732007590696663
100009233	0.293767884029695	0.159758304201341	0.226018670987415	0.746498943230228
100000406	0.0180165312085281	0.149635101484257	0.401205105859682	0.526742859269803
100004046	0.333380861002069	0.397195428489532	0.159773336624482	0.655666620063357
1025	0.759572658857199	0.748974802836512	0.239806455143206	0.741208511761994
100001106	0.194959098264866	0.195167273179679	0.208340159814618	0.75231738822414
1128	0.0357801694017152	0.699460564949323	0.270395016856815	0.756064117287484
561	0.0302042058577105	0.080761609166293	0.148780506841613	0.620752477795391
100001614	0.878493237748253	0.368410577823943	0.262442853644436	0.698070964865413
100000961	0.807362291034762	0.99723591903729	0.270724696017442	0.728341147516529
100002397	0.884574923135642	0.603304156105951	0.24838297861794	0.654495335548245
100009407	0.937365713818371	0.982976927093998	0.250258776498394	0.726948408149914
100002910	0.928516503559671	0.520834568641779	0.222712420619728	0.642239902280857
100005946	0.390035852693352	0.511450746882122	0.29039396616365	0.784712702094977
100019794	0.0875744445561044	0.274954821471556	0.247782678825316	0.891888939762039
100015759	0.305136825838817	0.0811873755760532	0.207153763139267	0.732474208433282
100020417	0.685313229948939	0.555864536520166	0.233443136826178	0.695402800723635
100001054	0.740831294569704	0.886539509087448	0.253986734961517	0.725498372321261
100001437	0.38858838972498	0.409843335739272	0.216683776638305	0.655147738306236
504	0.236853116961655	0.69721485424953	0.294958294084176	0.734191345670912
100001988	0.485214260501864	0.664891192657757	0.243770292406838	0.872222767846114
1082	0.0279515679698962	0.680260133935426	0.271540989228718	0.748718948090796
100001403	0.339872179885994	0.403582370850073	0.274731975136009	0.706136372752848
100001664	0.977260946997556	0.653270373982074	0.238258173705475	0.857875744567635
461	0.194975363124833	0.112792933309834	0.447949989114591	0.697427332500964
100000463	0.655837974082707	0.978146019772062	0.251833616559445	0.723566472344475
100020208	0.386987301060981	0.374987009770878	0.282086181866786	0.564913628170102
381	0.566869391337521	0.0584067374516768	0.108482766849591	0.541949535951454
100010901	0.11866607928278	0.122856809169086	0.25497556029917	0.816609239805125
100001468	0.267420778492139	0.884932589605473	0.244373984608151	0.753041222059206
100000840	0.956683634957384	0.83312412591345	0.242630591670261	0.741582660904502
100020014	0.25464266320976	0.612019704363814	0.243802342854613	0.738253037865123
100001993	0.837334809751124	0.630594654897352	0.212330166800664	0.86560680777283
100001051	0.0940480145667997	0.0156034182174845	0.278723552149665	0.381980591120803
100006116	0.372829928758533	0.507737295522085	0.252297529418755	0.725755872202866
1108	0.971370632595663	0.946471362903369	0.247733415279258	0.730721350889954
100019966	0.407931084699055	0.167241475352161	0.297943193673541	0.692260311219393
100001743	0.654761753380865	0.419518716147924	0.242773648703687	0.705868391430679
100001294	0.125567520327521	0.192018934354087	0.176826259333479	0.782079521665327
100001609	0.383886514798849	0.214277367191058	0.24489524357969	0.785131662268743
418	0.851523419852802	0.884603962242574	0.24683526275677	0.741549820169602
100001178	0.359756410255057	0.881606739977664	0.246394252160235	0.708997392026892
189	0.89759414793411	0.789264879239388	0.236904969744682	0.701830450359853
563	0.628132657138081	0.638243789900164	0.270493511902607	0.698576288919216
424	0.639146036360115	0.485966385590282	0.277036143135447	0.70615481589695
100000776	0.165876257010995	0.422109005689431	0.281626207423009	0.72326829116149
1001	0.996993189516656	0.455166917644335	0.255707338753051	0.727663292663356
1135	0.341706309797922	0.0975051252107744	0.241187392720803	0.782531588208469
100021093	0.322140107174284	0.45711571284229	0.291115433481987	0.751261578880619
100020219	0.116364273993766	0.233190490877916	0.258205622623315	0.616244878538127
194	0.521786486585326	0.682986952064538	0.260634629248762	0.665076112342566
100008930	0.751586382852488	0.672761288387632	0.268602736812489	0.706427349379348
340	0.691044265595443	0.306863566006627	0.166289958835864	0.794198422414256
100010896	0.852093251327142	0.479654911306042	0.208513491225101	0.752555533147648
100000787	0.208705287522971	0.0983079053660992	0.244551495143091	0.418515165447588
100000639	0.0305910983030565	0.206328592601512	0.223426396664958	0.729768407795764
100001851	0.938409816346869	0.199683252791601	0.279609514339866	0.467847469676804
179	0.519286725844173	0.63686334903597	0.244977618977609	0.736460429884279
100000626	0.403072056870022	0.759259681742035	0.258074075151902	0.725073587206221
100001605	0.00787936572230799	0.066166071067319	0.325674809376485	0.830905200354597
330	0.252713522695969	0.451172772652228	0.27547328269616	0.596043944581145
100001162	0.732271930009836	0.554375224573833	0.220570114900898	0.686473960127034
100001167	0.0503938357334908	0.262247670544309	0.248818690224264	0.70276459299336
100002067	0.508919783176282	0.755898930272894	0.327636494342425	0.650485975521779
100019968	0.664293019209661	0.377962819478505	0.277340387903089	0.659626347831454
100002014	0.972807116980615	0.976450573991835	0.247988009924613	0.749450820531247
100004083	0.39082698714957	0.105114983697773	0.279060267333705	0.576928864407991
100001315	0.325097411321421	0.433900158187651	0.261442751562355	0.785115047311853
535	0.277294617242933	0.57559999018737	0.273247569503263	0.71254601868869
93	0.358571355548343	0.209369481783089	0.283586620536879	0.543705624179427
100001989	0.406402589133233	0.647164686375096	0.231669582286344	0.762718791080808
100001740	0.730429822543504	0.378524602682277	0.223774881942094	0.747099393990789
482	0.184845458826327	0.958182181382468	0.248456022751662	0.720829278942467
1629	0.289027498646473	0.457374945395078	0.2992596968406	0.699124767315469
100001399	0.503591978671655	0.4312961707046	0.262862731994951	0.723101266805994
376	0.851248157195516	0.144148374233585	0.149983772805789	0.835790317755859
342	0.630141112656992	0.518310920224723	0.246293386326522	0.72331628340581
100001253	0.0327709457139058	0.221548969110504	0.215935668260442	0.913632909605868
100000708	0.638338756668369	0.862020399897161	0.260085178972279	0.728672726744421
244	0.209443933238104	0.0530039184553969	0.207680074849724	0.840599829130426
100006726	0.436094834264417	0.309346293181406	0.292722108706019	0.707839050687299
100000036	0.195175126826121	0.515122744098327	0.220551793991396	0.781896815010494
100001257	0.0315142442627492	0.125577215440092	0.348618624177739	0.952387122661585
100000445	0.647211075741374	0.618011557245	0.27273803829289	0.680520753327432
100004088	0.00574016965809319	0.147965720099005	0.298191905028343	0.783492473550324
100001423	0.960059053681134	0.781319996304693	0.252095199180754	0.699349739306822
100001276	0.297296651518337	0.140238375268639	0.219933666043357	0.603950058724958
100001876	0.783762659057401	0.914343204513983	0.246213392834299	0.726482871761934
100009082	0.660514071021953	0.0383258393001922	0.111366176890893	0.700479078544584
100001121	0.337013673244522	0.742653304389335	0.24420678484022	0.720403022895642
117	0.311834609438342	0.624079071083196	0.232431520465776	0.745652127742315
100001868	0.0334349976993892	0.108522713880895	0.295631458460451	0.734269431280557
1134	0.628827273900358	0.220128354064817	0.152004150887523	0.694013598750803
100021012	0.242475021429363	0.476859442857068	0.254588405087269	0.750515668641101
100001181	0.793134308384753	0.274242026841628	0.311835832125426	0.652928777609416
100021467	0.793901574930665	0.338390292017921	0.253948685096736	0.636743577415322
100000447	0.24080628640211	0.246759966835467	0.290852597890526	0.686032313890144
1162	0.000297657531194823	0.00793179475989219	0.325815592320245	0.625650397894623
100019982	0.461425884487701	0.486464126920589	0.260278073973638	0.70706237541243
100001613	0.99250937738896	0.449468309610305	0.262865511123851	0.691562177216008
100006644	0.427396065830222	0.679381194518499	0.235112524999723	0.746593855486356
100000096	0.632092441156608	0.0303265633414996	0.164501767871938	0.68950935469968
926	0.506023316733308	0.635429273549898	0.255625802059173	0.727972312649979
100020004	0.811201621991913	0.70858832918646	0.262389859021183	0.721920952028225
363	0.16900704836176	0.0372963348962736	0.227877328736551	0.280560635576833
1111	0.417442399080557	0.93561823033036	0.258976919580644	0.726469536397493
100021712	0.645033867145313	0.860346715463683	0.247931111074321	0.714371666343519
460	0.797931458766986	0.672210939487796	0.258591724779588	0.766616663397199
100009331	0.320945799109446	0.175520831352942	0.221314167768548	0.756752109731533
100000442	0.214397724420173	0.546405350059081	0.281492003926392	0.751777239504647
100002945	0.093882140405288	0.0167476173079624	0.331440387198113	0.67840855321136
192	0.782519398586208	0.935759391575767	0.26684626565484	0.717093763509509
100020241	0.437718960773573	0.974988484866402	0.247828367483713	0.723316450649755
100000580	0.113033035619053	0.0957841096208178	0.201629776875502	0.998720348925661
100002466	0.00642791192935926	0.0201626532073471	0.201472640126833	0.467415712501874
849	0.631212485097317	0.511126511982353	0.251700953893009	0.663666220806659
501	0.517751513215855	0.389858157376816	0.278402545717883	0.678859134591548
100000282	0.683238735648305	0.122968324703748	0.324452118312918	0.613372631860601
100001577	0.0278665173743279	0.180596759772821	0.346534933624008	0.787637603465608
355	0.0933446239630233	0.293397094319858	0.208390838774818	0.619758102765941
100000841	0.825904502738368	0.943172352851853	0.269313164417859	0.71853152475835
100000846	0.829378961813398	0.333220468831658	0.239136409132674	0.717970956099305
100004295	0.921555896637626	0.392891045574529	0.230331368181908	0.66985230811957
100001586	0.10524812214063	0.0454206759573616	0.366857395232717	0.369346851548844
407	0.0167287553150957	0.0457670262711984	0.28641859735629	0.780481901463354
1137	0.915690259569364	0.806236110083208	0.242695769706716	0.751177559595134
100021374	0.0307661344852924	0.012656145151675	0.181142881214859	0.851808945800362
100001593	0.620255027570466	0.914105125624431	0.248163894672496	0.727470485993857
100015971	0.854529372611804	0.981466036030677	0.249066480182054	0.723668701585678
100001022	0.398797007853489	0.198952086716202	0.159006772426152	0.975002303802211
1094	0.0644611412394328	0.251153753711527	0.389825125404004	0.944974353067962
100002122	0.222689684472214	0.213617916449473	0.197635017660521	0.840652722189171
100000706	0.598421518575086	0.535191247503466	0.211123629277417	0.724300785855212
100001055	0.757929922433294	0.41332798400976	0.225981603751056	0.663131087720532
1235	0.467655808367798	0.756841489028906	0.23803932977846	0.751850446189411
100020204	0.0884694942563283	0.536009843395556	0.268409344152967	0.768167575879986
100015643	0.0257366188126907	0.230963772335915	0.2736854489144	0.671843714614034
313	0.019428543847374	0.24071176424373	0.263868335966042	0.656425969955935
100001413	0.785183914986083	0.966721981622567	0.252274008558349	0.722097101276055
100020423	0.0179508735724434	0.0131483261890831	0.273988477261833	0.382963195441242
892	0.486421754534767	0.14677717079608	0.275527973926142	0.75172692756092
212	0.0306588159715532	0.052856834801816	0.344799211429025	0.712486506038527
100006105	0.179007583899082	0.176335631684523	0.284320742782225	0.739813306989804
437	0.765126014625548	0.579257492740354	0.230762815975897	0.740414278870489
100019892	0.404962567301838	0.836002906322477	0.247827785179265	0.740942056204478
100005716	0.0643209999353988	0.100670606278405	0.263782298565482	0.816531291765512
537	0.20151015716931	0.102022032093652	0.257009606265506	0.754612395526386
100001990	0.238492234570897	0.563205614433918	0.28759663801901	0.669776648104855
100003397	0.0369417492400946	0.00412559038140929	0.19711477016315	0.470727318388301
100001320	0.113938626330074	0.23985925228998	0.316837713979585	0.487556968919569
100005717	0.129201676708808	0.0783993500048285	0.295573191398676	0.75767256833789
100001207	0.033435083008418	0.221280110734304	0.282181296028898	0.731022513932839
100001999	0.577049749075641	0.856613179001108	0.24376717167341	0.800117774173461
100002488	0.230382477310776	0.0162120228338062	0.302135654405416	0.662683168590362
62	0.183754507183054	0.679681986564025	0.239808547094121	0.731989351556947
100000467	0.563772857055541	0.436144767276524	0.235695401943347	0.698800142545284
297	0.00513400270952481	0.133568068915171	0.254117977624878	0.690344001310668
100000285	0.019489908280073	0.267994096928804	0.250808605598188	0.854977789527992
100006056	0.0606310840482755	0.365362205489595	0.262719185571723	0.76962591204913
100002126	0.140203478539407	0.264002009666391	0.19309009024134	0.957558837109417
100002129	0.721857894043195	0.811593199538667	0.240255981224509	0.814391358292474
100020478	0.027680432725988	0.190804912813507	0.219216675647108	0.760729908670296
100004089	0.0527278936229925	0.519162961100603	0.26460757310224	0.678355070536283
100001755	0.494056759282443	0.555854778194564	0.251396143712672	0.675296707603947
100000551	0.0394744044475286	0.825443335159269	0.242583766851708	0.743533983904493
100003260	0.498501879636713	0.319747136577047	0.282052334129341	0.799945299068157
100010955	0.572508122205293	0.199842488867923	0.151314390907203	0.572822894148255
100020851	0.19519415995932	0.424447605126908	0.26894425805999	0.75074831711972
100016069	0.65675064424697	0.79457408212067	0.252555808659198	0.71139586739128
100002027	0.425132390561932	0.563357131717711	0.199225744031005	0.829326443367299
1123	0.403055920729377	0.183106396415309	0.239896312249197	0.853523188587325
100001150	0.713459696416926	0.896389642356865	0.245624218263925	0.729739266932065
100001657	0.290335819416621	0.706713469215309	0.249546305320522	0.708679861644559
310	0.248424194211065	0.339921802326557	0.216490070534224	0.832804379804454
100001314	0.395670705464929	0.166268585951127	0.237375767321985	0.608859092279225
452	0.717564537369988	0.652457339070336	0.281315279641698	0.695834313357083
144	0.0974070372547067	0.0602448215610843	0.308359376680013	0.585610890591079
100001182	0.223907693200837	0.163089794185977	0.309434363322983	0.705455304266306
100015965	0.714278173747886	0.445700313320652	0.23568613146704	0.80111504747504
100006108	0.976992389242361	0.535534562405462	0.256038293737853	0.756810905856667
100001400	0.776043959529648	0.72678697447907	0.239980068694353	0.715568085372578
100004541	0.228767685865848	0.111344291510055	0.240926849436984	0.405918683891635
932	0.802182443571531	0.345634056324759	0.255565346466406	0.755922587497415
100001992	0.376538587544989	0.517363792414454	0.362667285782536	0.612638245558948
100009252	0.13869625492978	0.196771997658075	0.305089780618108	0.702588578845593
100021104	0.70281401312587	0.592511025581574	0.209338214776356	0.846244439762616
100015838	0.0121885159605193	0.0443801327451218	0.37561358816264	0.956366098635566
250	0.000996684968599896	0.0204773175911161	0.519024466474169	0.799933752377151
100002537	0.997365727473279	0.475748963546616	0.227603177432906	0.84222885278569
100001658	0.754119951614075	0.643953096203682	0.271904139336088	0.710919214501295
100020416	0.288457034057209	0.37067486175808	0.219709997892505	0.701433303986795
100006642	0.256199469502561	0.823578168603577	0.242011112975091	0.741058914116954
100001391	0.119074660117939	0.392991383636377	0.319070380291325	0.820277946709183
825	0.606476256690252	0.64876648528528	0.221953815558476	0.735812307015518
215	0.0163643164234338	0.0896770189832798	0.296779056393058	0.709005444605225
100001026	0.944765236222956	0.792764835054302	0.242904089964716	0.781441724007729
100020541	0.456984997685521	0.441977339463309	0.217889496371181	0.761983350384816
100001526	0.19424694383051	0.270734856021902	0.379944188751156	0.845881831444109
100005384	0.576552416551569	0.44041575434259	0.238060024290981	0.642026414626869
100020378	0.223846946064918	0.735990903674876	0.240648949452259	0.728922669309532
100006115	0.994709685332343	0.450243351849938	0.316254326175492	0.627290067264688
1442	0.231872988488318	0.0431387426019142	0.105308061613368	0.602727401669771
100001843	0.214187194400595	0.310472188916966	0.275044699849239	0.786319334700016
100015837	0.167017604321355	0.295044380729933	0.450820837924946	0.664920394736412
100010834	0.768355557632299	0.946436636526458	0.247457608664572	0.730615441815178
100001393	0.540504093286896	0.403336264903688	0.196523577078352	0.765998070525026
100000015	0.263624138095078	0.592716112765106	0.234426821683195	0.742119665223378
100003892	0.0489814048206914	0.0558027134280501	0.215743938739583	0.979639680109104
100000042	0.1069038701041	0.00565684115594899	0.264985222060485	0.623942797652522
100020550	0.60730112151743	0.23423198969877	0.271753517624037	0.619467448239556
182	0.370585964651111	0.289416293672833	0.235520623483153	0.753873277083545
100015723	0.111213284068296	0.360089460031213	0.2500099172052	0.707194937313139
100020343	0.344191925080209	0.428430624711021	0.219768336392204	0.729921639963514
512	0.330450654820151	0.59678518915937	0.274516192247321	0.694651567177435
100021100	0.734964249450833	0.696362388467414	0.237216377485284	0.729791000741969
100002528	0.287000053967899	0.0537387735159509	0.29959256768814	0.489076671646846
100001287	0.400495282415233	0.725157430008375	0.344737648041681	0.661911122784403
100001229	0.688363306069097	0.902945407861657	0.25662313702633	0.714854927913563
181	0.34598079224389	0.754430903975024	0.24169333909428	0.760227258885273
100015831	0.00161453445410775	0.0252513559970791	0.335553332266547	0.514032547960624
100020515	0.377107477252603	0.503006258230673	0.208837783047959	0.860373552877586
327	0.139541221360431	0.124978905292434	0.320554250800454	0.667165029182171
100009394	0.60742305148921	0.685554456523086	0.230182688833358	0.76190558005542
100001596	0.980010993689602	0.316422807514877	0.229377789431372	0.574777102114689
207	0.797988417963115	0.32992173542796	0.269678842990383	0.664897262224247
2054	0.50074623961866	0.771922537633386	0.239574012567878	0.740719692097262
100020259	0.673940090117566	0.565491328023513	0.273836820962065	0.707400151096998
100020414	0.00321970597517768	0.045079588435668	0.18006634158726	0.696646093215116
100021131	0.873718463093386	0.282072450212272	0.237066801120941	0.684898571191282
100004499	0.836749201174681	0.738006846330633	0.242714405195694	0.696132938233925
880	0.120951737930338	0.727562956655105	0.270780097852846	0.722242421200122
100002049	0.524862625041472	0.308766986917404	0.2781953007675	0.672179358344147
100001739	0.574127234592254	0.279002696561214	0.316252533882508	0.684151877610215
100001126	0.439502064711126	0.14295196966457	0.16365225635765	0.595490510576425
1113	0.607948372669009	0.784422358817639	0.263431168299332	0.689474882382966
1083	0.925970664377474	0.218062404020383	0.280236040251516	0.612623070258866
100001730	0.0874594099114191	0.216425596353289	0.289520057196715	0.604010964836984
100001412	0.598279761426949	0.968910892484644	0.251150952877545	0.722343417485429
100005996	0.69630998890716	0.637366627848854	0.240924507775264	0.69883664570553
100015962	0.00956186042201096	0.127996077810614	0.194069413926847	0.993454624377575
100020214	0.645962611526048	0.254192393731292	0.276715751691151	0.605474500911176
100002514	0.121646310358315	0.34388806515835	0.259616098522331	0.661861697845144
564	0.280663930761304	0.0996139491706372	0.233068142918849	0.599560855827529
572	0.0195823937887593	0.0169650386210616	0.36577332880023	0.589193173575581
231	0.984196501982574	0.646138228790508	0.227333633501806	0.741053378443869
100000453	0.969314297142317	0.830280506690459	0.243375180994969	0.74555862762334
100001007	0.102349856905059	0.264849061743528	0.291387056803968	0.609434253664706
923	0.604652915643621	0.320977737031916	0.235307183787913	0.780747162845883
100001247	0.516465583979513	0.630177065297595	0.239200434275564	0.708801256434012
100000774	0.49818746492733	0.814946310044602	0.264539420892856	0.748480222728529
800	0.29608755555419	0.266468294306656	0.261893810568535	0.800781462371013
100021678	0.285974898304425	0.425049738437556	0.208575749644085	0.724068218266695
100021711	0.467021474814573	0.890878813680565	0.260197906340212	0.729482395052469
100001274	0.803140842143386	0.428864216897218	0.240561689332249	0.576271888083093
100021220	0.120829787932626	0.148171931903822	0.308300036813035	0.939966087058345
100020253	0.394136076600218	0.997687159956494	0.248447781943548	0.724410021149154
100001170	0.744021982694239	0.153156312031008	0.22829869558011	0.619735389396174
100001466	0.265726277298124	0.941236371037688	0.252327025372875	0.721764408653681
100009406	0.768793930594206	0.71661380730287	0.240484198417373	0.73809384979118
1026	0.168379709412433	0.390160090431957	0.266097031881544	0.687726151639984
100020837	0.716180535159176	0.378856869351616	0.286877234108189	0.623825033032837
100001006	0.0653918828539473	0.0664396232703445	0.237361005255943	0.858804707837631
100003674	0.780761049372841	0.120119418498494	0.249047301527924	0.712244153031334
100004396	0.310441996781477	0.468986729223931	0.280874308020345	0.629535856450146
100015923	0.508202168316654	0.969224355027796	0.261720933788448	0.72214676115451
100000265	0.473915484296078	0.714459293076369	0.254435911894006	0.696017847656273
100001409	0.0917741014087424	0.140631721580746	0.245854333692188	0.568331825603496
100003434	0.389541318459788	0.499445439389973	0.256177630381331	0.641344485616203
100001334	0.635511973350029	0.0675660625973284	0.31917541296752	0.594139638961738
100001102	0.675549487820841	0.79010579647358	0.25666336154125	0.706297758106287
1268	0.674414282896933	0.0621272853420838	0.155454417805258	0.671062777244369
100001300	0.247274486500773	0.0837955608687834	0.221311212254262	0.72580275859251
100021324	0.257832268803866	0.720893616455056	0.32562047168199	0.713028228291364
100001617	0.0996720629069565	0.0942913609421288	0.238903436917172	0.770946320146987
1105	0.91586094655223	0.15936255611105	0.335918453893719	0.40775062093579
100021502	0.0525754196764564	0.252730009291708	0.236436448711455	0.758663773733467
2051	0.884280547084731	0.580679579282938	0.246836882913197	0.621917865694238
100001256	0.133166999758411	0.485906464801161	0.279957463706175	0.867658303124255
100005466	0.049672106746399	0.0567351017676959	0.287517526812565	0.49561079128723
100002199	0.113534196633196	0.678055938406427	0.259360442789683	0.747421927718881
338	0.0172921031750129	0.0692023139556379	0.391683983185113	0.49930079859063
100004243	0.469683161206764	0.614155147996668	0.232222834413233	0.73586061050719
799	0.490336260862913	0.886376943803399	0.251017799320177	0.722660997498536
100008928	0.607414430658885	0.106801629247136	0.251527965996864	0.712600783707643
815	0.0814097073245741	0.247498958047264	0.250337605196273	0.803782770575109
100001456	0.00435504740730134	0.0641959877038839	0.233084797433291	0.647774615241561
1242	0.0747121438051952	0.064708132210586	0.31148007673612	0.506908636694933
100001416	0.297694323085733	0.110125753757077	0.17177508836888	0.463210677087468
100001462	0.42327332583104	0.412975576570191	0.291312686759847	0.686536202007283
1087	0.207415439244701	0.043696594330608	0.261658263872145	0.685737711985887
100020421	0.0701000424593235	0.104977026656117	0.28658418872379	0.479657954709322
100000010	0.00365832003856367	0.043522982140243	0.258820122849521	0.787109883060221
821	0.536542763467209	0.387155265670496	0.278639405912403	0.574692560762807
100006627	0.258892204766944	0.138830921353009	0.354559425299401	0.618967348281337
100001277	0.396337509076452	0.184705399112393	0.294896956529218	0.680350965108489
100021141	0.0371130786600154	0.185891493708032	0.278386194611098	0.828474957159149
100021105	0.228695524868572	0.429538277959346	0.262279565984145	0.582550192314811
100001950	0.000159478710122283	0.00273850690721664	0.411808711748659	0.867803073866928
100020217	0.945973678959229	0.324767819401933	0.181307692399197	0.56014460644399
100006651	0.024328247458702	0.172620169840015	0.281824759631059	0.487562954977716
881	0.973731786514146	0.490883507305785	0.237158285634557	0.734116800646992
100001509	0.690506854258969	0.128332638177077	0.220607784662275	0.636428376637351
100021709	0.533371080280289	0.738502455973644	0.239390437208391	0.734955536091084
100001635	0.25163209175673	0.0232029722977392	0.269521610092472	0.67502625201953
100002613	0.43493177814177	0.105697362599461	0.229534526606866	0.816775256358241
100009329	0.652011739917281	0.758639570002743	0.233044955102867	0.825576442010417
100021123	0.845124108163572	0.567839164298038	0.259350745272496	0.627524696261756
100015760	0.231720781090907	0.133276271295552	0.199998949544101	0.765960966175809
100020205	0.37296131219095	0.41859723182218	0.293218828022203	0.546117388067315
100000765	0.561400060936641	0.678202325504197	0.244613815771287	0.696554409002316
100004111	0.306283676435502	0.159476718632582	0.273503878247523	0.698354488721688
100001615	0.193138909265511	0.77402525764596	0.24849280436888	0.721976202429171
100009227	0.219701765838396	0.125825012839326	0.352103330263042	0.858161945333548
100006191	0.362105226692656	0.532693100493232	0.276327403183786	0.665975290130776
100004542	0.491966217668572	0.350635064332431	0.267057250990916	0.768711572748734
100003686	0.295068152539561	0.109852895337661	0.361002105281658	0.655041741238963
100009232	0.0267392352857192	0.241435759242518	0.246630892397856	0.634550908514788
100001501	0.0624555577185228	0.137698526238567	0.325873884719472	0.75150393377142
100002367	0.544741399623218	0.310226481120374	0.237055015679979	0.586148297218823
100001108	0.327932650756787	0.721089083775846	0.246494249081584	0.714113596203423
100004227	0.667921644213393	0.963489178431916	0.248400827265566	0.721647870007222
100001310	0.164195244921678	0.274743479688063	0.228538449261833	0.850297104409201
100001994	0.905247221476153	0.949246551714168	0.271398033050803	0.766573296951301
100015839	0.0184418732044459	0.0205195690202064	0.347717960713639	0.787964890159365
100003271	0.00451216624294744	0.0771837622411885	0.324196418557694	0.525699292001548
100020496	0.809831860164784	0.926099545658618	0.247759095111564	0.731924245986682
302	0.672046419504122	0.390620545175294	0.21573760752493	0.69050139300625
811	0.904632731194627	0.882497681506292	0.246748187481901	0.739759356853687
100001267	0.994974689778838	0.705568972084118	0.229100702250479	0.719253712406222
100001197	0.0262849288530404	0.361924705839173	0.283458782249001	0.732842129326698
432	0.210105463452181	0.46292176800001	0.26633176076621	0.703915020297837
444	0.010579533708119	0.0548393156508014	0.281260248627409	0.858877741229376
100015968	0.370001505961673	0.393860612348362	0.247108272799134	0.649810598649224
828	0.848267070181654	0.936292125904864	0.246899768931687	0.72676617281413
100004054	0.334160078903861	0.939249055851094	0.247750268921174	0.722311928235473
100004635	0.0883879729189959	0.178041935417027	0.556350478845457	0.473238014016397
100000491	0.4974258149802	0.61561658316081	0.244313747820021	0.636678158931069
100000939	0.0480088143060691	0.0347065161991683	0.266235178874695	0.61495505646669
241	0.20215134391277	0.633779122711942	0.262842178167175	0.744854528565261
136	0.387127649522632	0.0690274799950005	0.218217873094237	0.907523182744798
100000792	0.63925045885974	0.998103680980972	0.255727047172928	0.754592442406933
100020973	0.516575987429149	0.573286822221839	0.266342285563722	0.695799780388162
100000936	0.798551878344934	0.755446765251342	0.246967264943317	0.72918394774493
100001313	0.00865141777073308	0.171789292758634	0.263331555714992	0.772398575911429
100001951	0.0658539973953634	0.115732300397511	0.295609143985236	0.698550074859232
100006098	0.0127259887352493	0.058665591631095	0.280116913874534	0.86132407838335
100000007	0.221076464300687	0.523622015275624	0.255453953373023	0.731391634750842
100006641	0.85756935473435	0.848484779550002	0.269932592138599	0.725764538117232
913	0.0124644374349168	0.0749795829279314	0.308046935856745	0.591952711077602
100001579	0.846361228228835	0.448254617908639	0.275388499637418	0.722902174626151
100002911	0.158201681499712	0.0125123307826778	0.331347733997554	0.679079759077656
100001293	0.356709687058489	0.526506551600246	0.23034408797632	0.819022671907404
100002241	0.15985940363945	0.386212508841351	0.266448206162389	0.683195401879698
100003179	0.49532098197026	0.128128120541295	0.242039803784526	0.58497432954395
100021372	0.353796983019955	0.210829280255977	0.18486976440825	0.724591769441757
100001956	0.352509146538497	0.554737296953347	0.252095879932038	0.642877974692092
100021162	0.226148043243396	0.15965101651659	0.242638081325397	0.536227984686305
100002259	0.407202924010713	0.705935669901745	0.234780402118734	0.717495781816363
252	0.43257775195998	0.66087036311198	0.280969144396065	0.678034106347653
100000707	0.485650771455325	0.363187179317231	0.246481757485883	0.729806926392266
1489	0.729885549715301	0.0430091317674338	0.173957464897801	0.711655434627071
100020361	0.0306362555970682	0.0887804607192529	0.279884927579131	0.99249478226122
55	0.686367482022742	0.824419973387698	0.239259466404713	0.742488690910695
100000863	0.233617288573364	0.227981633722145	0.212530700998944	0.766435167762794
100015840	0.242027527334721	0.142855145959334	0.347968582004969	0.66736449863193
100001541	0.163698581837321	0.0749809793945097	0.16913504629207	0.711949712176937
100006082	0.158344936112112	0.0595968016948634	0.329441039101821	0.715989945930002
1254	0.692054984116465	0.870363130450717	0.248262396459942	0.749623179803559
100001624	0.460135131726452	0.331011476512359	0.23040511851491	0.702194056056813
100015850	0.855777394836356	0.582718464623715	0.314303145540881	0.68399441509569
100001104	0.00383076058331042	0.016337758332007	0.284039187898646	0.994910084133072
100000900	0.122120063177968	0.418255093895832	0.256491965108203	0.729596320806796
100000269	0.275581935242002	0.114095730768678	0.160320352790727	0.677157820841071
1022	0.21785965753726	0.912324899876028	0.250264261783022	0.718411390066897
100005373	0.195012268639195	0.0699353150043535	0.217084141745933	0.763137888665683
100001129	0.114919679260222	0.685713819125154	0.238865769199087	0.757590118457508
935	0.0122098446474147	0.138386270433415	0.323745800807124	0.588684789016592
100001262	0.198623138756216	0.260873131934668	0.261163632020986	0.743178311004167
100019978	0.280090591217395	0.69621133752336	0.244260313413127	0.712785447254427
100002293	0.758108442355858	0.717025947810157	0.254594967837509	0.72433282233185
100001426	0.189715772598381	0.252298166311456	0.252765192078917	0.553214278862588
234	0.0314196587455388	0.122221610194023	0.248481745120086	0.695769324095853
100005403	0.276279138833875	0.908438285259018	0.264212265122166	0.714133645475193
100001083	0.0428088967220977	0.334743304863644	0.272898738717106	0.745404733375588
439	0.77991581171551	0.370759863911372	0.267916195978515	0.716931012421385
100001086	0.303356511039093	0.333403563468107	0.263006622683182	0.822162079454386
100005864	0.715195715805937	0.430417378798894	0.225570703311501	0.797621467377216
491	0.521627255185025	0.922833500208856	0.247312896977106	0.725438282075094
100002029	0.420892489260875	0.395008759810965	0.234686252843455	0.579429259885115
100002154	0.803790011181877	0.456116830860114	0.217457036358984	0.701996632569637
891	0.542922543375254	0.232338656473192	0.279134389104562	0.691747710063535
100020261	0.395050223555686	0.448338577128559	0.302362177518514	0.695291940959067
100001296	0.532999978291458	0.504616999424898	0.252378982652253	0.619762428799873
2050	0.442590375270754	0.55409850334045	0.267840593028955	0.670211551856593
100002761	0.378205275388237	0.728707684400657	0.226808375515094	0.836874850163191
100006614	0.893192352204572	0.561944127087605	0.221931691963492	0.810135764166171
100001597	0.805764590907831	0.163120595654689	0.168182420948719	0.533148150382597
100020853	0.738543470663234	0.825710994143169	0.252405560363259	0.737332506564899
100001446	0.295252007488306	0.460029393740786	0.224982519532825	0.716753324286938
100003240	0.32810510639993	0.144102967427621	0.290389920364283	0.640421094011027
100001502	0.0365511823085377	0.283141922838399	0.300800829882706	0.796803656216467
100020866	0.114325617537107	0.0165781313702778	0.154254929614494	0.538108818480772
100020419	0.0316441513378658	0.0954938446517822	0.27149944015636	0.464584108125863
35	0.511156130818024	0.281016054666366	0.223521362437686	0.670959810932512
100003696	0.0122053303476154	0.0417769995058264	0.381449162143023	0.655097437644848
100016038	0.878038940530129	0.753670273585849	0.241163651379892	0.686151370630716
100009333	0.191583148790159	0.144622706612388	0.246906623036194	0.75725253183706
100001611	0.129264277925052	0.271719722280805	0.333150756023267	0.70173007368504
100005383	0.696039987808579	0.295869464561083	0.259163937964207	0.764648766326186
100009239	0.299958817443638	0.133612773786575	0.31400895452975	0.541251983779595
100009332	0.308493369959799	0.199362075085341	0.248515014094498	0.685162866635384
100001731	0.163446385626477	0.676157866182017	0.255250286459862	0.701005472161888
100003415	0.33555882401207	0.419502998716479	0.241120375538404	0.743283200459023
100020578	0.128163844399359	0.182979336225287	0.232291588778424	0.614691085404963
893	0.807641600054741	0.534045854013439	0.246697947768811	0.735782359401956
100000963	0.291860288747562	0.204792921066333	0.324830940779219	0.522768258140401
273	0.0830660596678528	0.0992538150498698	0.334018359474724	0.719179240990011
197	0.360061313858839	0.302289877902696	0.234366750151341	0.572432730929939
100000808	0.317941026317634	0.270386763834172	0.233794797805667	0.870269635482918
100002284	0.673272105860292	0.41549621395022	0.172658375583425	0.667773025438891
888	0.985256140104752	0.108668896203672	0.273457125935758	0.70405723735936
100006435	0.614987671120482	0.411917374346317	0.201723900819441	0.97759999377756
100006374	0.163357712116672	0.486240068626742	0.256108646200678	0.714658274933624
100003169	0.546082515369273	0.903248492495864	0.245521467201879	0.718868229519073
1004	0.484437237327657	0.603131880885792	0.222288593811444	0.687790836692302
100005998	0.0890388647303747	0.897259473986586	0.264140362625944	0.731870687810872
100000773	0.670852759278205	0.521249469632763	0.254446053721755	0.705513605950945
100010850	0.0155169369871626	0.111505019160532	0.298390238100986	0.595059044215359
397	0.835048307759358	0.277841846098789	0.174203967460227	0.799837813159618
100000039	0.0634505833699208	0.179479261457919	0.196618318092463	0.787572802214152
100020833	0.644685654402842	0.832915656700753	0.254354635183886	0.753131100787735
1021	0.485548945176171	0.458454388637327	0.237717864211752	0.75131626662381
100020479	0.396470304092649	0.609082141139466	0.253740284901446	0.732666205330944
100001335	0.560298983994515	0.350388567910292	0.283464600723356	0.691860164423781
100000743	0.475160623750681	0.827962021926163	0.24774822509182	0.690305901077665
100009246	0.178641909915085	0.658102802521175	0.239681807588183	0.75461642505602
878	0.202083018623663	0.695799315511348	0.235726735116753	0.742660470330057
100021103	0.639611209960124	0.897816921286302	0.264601109141604	0.782295113535698
100021363	0.227868436773233	0.55975295463168	0.230147966687111	0.767720652564724
266	0.187970653967433	0.290285905940024	0.265616294482786	0.641780908559524
100001195	0.346989426996276	0.276916880031814	0.312572820444411	0.656778738199519
100019801	0.760519216825682	0.664046621055433	0.261176687205399	0.709327473959426
100002196	0.0309875242805487	0.214894035761868	0.261607160806795	0.737722467777374
100006370	0.218909226833819	0.966053312215184	0.247362748640479	0.726405244316074
100001510	0.0289723339580043	0.00364506882825612	0.205188540321828	0.829125046741416
100000437	0.597218423767349	0.502245332244222	0.239320088377478	0.784581809048108
100001767	0.154726588947363	0.0339429326251949	0.314517611980567	0.786091024019315
100001810	0.464188922707318	0.629906273769299	0.258337544947912	0.838581848890237
209	0.0321709610596217	0.357948260730416	0.284638776119809	0.710956438072042
100001485	0.26160981491494	0.0764825359345634	0.146081489189122	0.646124269855876
100002500	0.123794418697321	0.460192231027971	0.252741377591513	0.695416615661472
171	0.0224470725406938	0.0125317238665621	0.17733122918912	0.730601645726272
100020487	0.909230492015166	0.711089621164898	0.275498470503465	0.649277138461934
1206	0.00725034581922628	0.123280800643539	0.251112594773552	0.776166949302388
344	0.0127008205999324	0.0261366433867581	0.539395464610862	0.812784221854
100001405	0.419543431946557	0.822381783577462	0.256074392052706	0.70720091852372
1239	0.993872202965309	0.508499566641764	0.279352177902854	0.726891973837371
391	0.0640927397094489	0.167932826887646	0.233106812035848	0.942362170636559
100006430	0.402242062625068	0.160356031455303	0.309508524862782	0.446443925264736
100001417	0.97111548662029	0.564751041463204	0.239988185005686	0.818393070652097
100002951	0.0498436343252041	0.482707214231723	0.243960583183441	0.646517655529588
100000014	0.383269166181568	0.532815130445062	0.240375393589982	0.772151148572323
100003926	0.596912078139674	0.485620693831749	0.271430679484874	0.703944903788541
100021538	0.507272514619727	0.357731031586096	0.295257834595058	0.633011062469505
132	0.258284754043306	0.777144472251845	0.251314937985134	0.725078068368548
100001425	0.571011512881751	0.528001642072234	0.314190490940942	0.658144149492676
100020262	0.635561842890069	0.67107303933085	0.267667877931752	0.710977042288216
100002679	0.34221458437683	0.563329696344682	0.230610998809929	0.822929068712374
100001270	0.749964394073742	0.522026643815327	0.254665045409454	0.699756321646666
1102	0.830233759703381	0.993606611628524	0.249065589759623	0.725537833036893
331	0.0977313692943701	0.0500449839959671	0.163408069360789	0.57550910225397
100006361	0.481197572721966	0.589318109031349	0.226948531983797	0.805218346998625
180	0.748429606955564	0.961561523945081	0.254947666149761	0.722869850555755
1053	0.290250951732952	0.436366552674004	0.384311111445927	0.793919798484576
100001359	0.665983921100573	0.93176841902839	0.2482885595496	0.746059503272204
