chemID	simpleLRM_Fstatistics	multiLRM(chem_sig)	multiLRM(sex_sig)	multiLRM(age_sig)
100021136	0.0136115560390491	0.178434796463284	0.253120296578421	0.823375146731719
100000882	0.796707564839023	0.427497153829554	0.241337349471336	0.648995356693055
409	0.089132515313677	0.182066782250113	0.264281758870563	0.461782466904033
100002254	0.74883071437821	0.0493735001775407	0.153760244896353	0.686042011718391
361	0.00953074466165573	0.105839738192814	0.160127510417836	0.682652312295628
100019975	0.510121899343024	0.749449087656343	0.227789372984479	0.72461244325484
100000257	0.000688823538706533	0.0187467008029752	0.227120133560461	0.641696781207051
100001232	0.998867052814301	0.955422082567788	0.23407233577584	0.706786508651328
100001948	0.443563276135239	0.431175441061753	0.247276998364427	0.581245199469577
100001073	0.517750312506645	0.624966047760433	0.295484731883469	0.62036708866755
100015637	0.651312608081331	0.246025097233696	0.245890799144843	0.700924787363201
100006360	0.572795190958938	0.640308156867279	0.210768996989622	0.787037950991595
1488	0.554061516663932	0.60939810519695	0.229648825370786	0.684250054171423
100002253	0.937627743670046	0.964761473827318	0.22952543965868	0.70751802950275
1023	0.90437877871904	0.676480925092437	0.223289044298276	0.690920664757088
100004284	0.70457808297386	0.804063477165938	0.222261195977048	0.717560278529767
100001251	0.612962499540039	0.926159984038599	0.224941826420563	0.707303055967898
362	0.738554837902644	0.470351820328435	0.203463517472281	0.701969180476688
100006620	0.733782711930978	0.914221283727835	0.227222607410707	0.712441858805206
111	0.489643488369033	0.209557647019325	0.197085324033455	0.679694275870278
100009045	0.551960549914125	0.238225547212308	0.179698401553212	0.884201860126588
100002927	0.927161534795258	0.901310155087789	0.229287338369246	0.69987071726793
100015641	0.848570552936218	0.923535912498472	0.23592716878153	0.703292628022531
1114	0.139621799081566	0.980660498908778	0.225986918246491	0.710976068485857
100020409	0.420782672029179	0.423110305661978	0.229984467287293	0.590926472394131
158	0.152174686793727	0.283760987842104	0.292513405426127	0.735716627047932
1224	0.0723428539653057	0.221916204519186	0.179089622172231	0.744999448363299
100001620	0.445510654070943	0.363430691099922	0.192689965240504	0.71290195709875
100020893	0.347124328927876	0.0736171986970353	0.215211971259299	0.432340734857834
100002458	0.743675793153712	0.600034176123478	0.260419634904202	0.658177504591502
100001112	0.874022287288823	0.958080265505765	0.225953812741913	0.706707711514098
100002953	0.332094612274094	0.742934289343908	0.222158861509684	0.727016817599302
1141	0.400887868220886	0.058741451851631	0.299201708333148	0.528743902367001
100015834	0.427131119226938	0.97779011717002	0.228264585380565	0.712110916509499
100004561	0.537889464751333	0.828120956474355	0.229860732130743	0.704506390924006
100020497	0.973509767213672	0.593688224455971	0.202952579294839	0.755041275350669
498	0.0370693964899515	0.257545813397283	0.22019383991433	0.800422068789999
100006051	0.923919901212143	0.896063988422017	0.22915083524002	0.706910941640625
1668	0.712792023765444	0.497482014085374	0.221672847425789	0.643691047037961
100004523	0.486319940770503	0.93408826313791	0.232199814000296	0.703269348244833
100001604	0.20393176367984	0.484985045260956	0.221062355265336	0.761916318059737
100001002	0.138144549216296	0.482917457752749	0.237115001117988	0.695834328966887
100001987	0.0414964391620669	0.244161226082761	0.754776731506296	0.559812117465876
100002462	0.606615303207341	0.349136293759041	0.27714474737361	0.588943231564652
466	0.136281819934033	0.00438579678126026	0.236837097211487	0.662735075545391
100000665	0.816723745949761	0.298282245777656	0.265968206285073	0.623407994685645
445	0.868179836139396	0.412653657136304	0.252636579500585	0.764158653510436
2029	0.157482511213478	0.518423532294667	0.241605073860163	0.711614568309047
100006438	0.1595345148972	0.286175120825203	0.268496673606486	0.720175173314715
100001398	0.188511969964532	0.609328546575313	0.211441815488401	0.729442876608126
235	0.496359000380729	0.500328119782385	0.203291667939522	0.741069034244506
100000997	0.691347936471817	0.697012562340683	0.228579904839345	0.685920774170676
100002094	0.215419905712666	0.185122478103836	0.182481386838622	0.556971076440454
1052	0.460531274206011	0.76058816973806	0.212015256303847	0.765944074889221
100020823	0.3587441853911	0.600856385437386	0.212889278032465	0.698780671809481
100001806	0.26285523716561	0.618142253711293	0.269452940842199	0.720072432588642
100006092	0.712048648197512	0.832684153116407	0.231838460436074	0.694992688721129
100001415	0.122055208697366	0.0822600058757702	0.231916866988347	0.425265218481601
100000008	0.0497540884925094	0.0821844545781888	0.255988554709207	0.544127545781854
565	0.00557176320723412	0.0404951275697153	0.220150796818393	0.795706207856235
100015851	0.0992849348632341	0.148319401895167	0.298648492496269	0.869443945610311
100001866	0.515243582051521	0.879515309121739	0.240751029321955	0.693311317376454
100020546	0.00159103950158865	0.0219262028763604	0.433572180787236	0.922479146476882
100016110	0.608534183988874	0.425062635836186	0.184582786819197	0.809796304736287
100001254	0.00297614733066093	0.0124458385274298	0.302215868936901	0.9279735441394
100006260	0.477821291351	0.89357046665812	0.229804840946656	0.70760244251759
826	0.750725131500444	0.911512986578112	0.226868246483286	0.706424216659115
100001872	0.513407902423135	0.864054088120235	0.227426369025713	0.709694549499232
100000263	0.370995208134629	0.422232127932805	0.283520598172814	0.701154908419536
100021198	0.883249333971954	0.0651930329000469	0.153961406090438	0.412834250650245
100015967	0.0288597814692836	0.0796730411129507	0.283737759621899	0.522873438266924
278	0.150387984273498	0.263840137629631	0.211633216778978	0.997702548902718
519	0.430053356320136	0.193187571525531	0.293132107452901	0.608488725732532
100009337	0.169014212131594	0.419539551447961	0.309831993300308	0.692853617813458
100002185	0.428138775828947	0.815732286574273	0.219068143710745	0.690275894563833
100001278	0.142101877156069	0.125873271988167	0.308739377341643	0.630709889669258
100002103	0.877506310759854	0.59160269814794	0.226917668221383	0.655336218421483
980	0.350010351512224	0.212813307418375	0.268209779837763	0.670259198616943
100000016	0.842632792077212	0.434104579070928	0.223417074105872	0.683595362168258
100020372	0.205773489401682	0.517277329151788	0.225606724579428	0.648877942285163
100001662	0.756120406279179	0.134540839962103	0.0861814255990641	0.720104121500177
100019972	0.913912423282408	0.70496378001454	0.233254685602636	0.697174877957519
254	0.905542809327314	0.877542070636365	0.227603019849237	0.711425734742523
100002009	0.631344759975163	0.674183942353621	0.223704584360199	0.626029997248093
100010895	0.404574570972464	0.52332190004469	0.268384743336508	0.68760764542398
1140	0.999889723299336	0.915873616862053	0.224936887918801	0.701293882220223
100008951	0.649886076065282	0.560790775216208	0.243330071553022	0.672349689178418
1084	0.372811514340734	0.816456347682176	0.226414767484357	0.751212136921915
100002796	0.128084392347326	0.409582160360739	0.201291881387756	0.654295463199484
358	0.947304089912825	0.859865347153197	0.222558499809811	0.688470508951618
100002070	0.736842464173155	0.660392773696545	0.217872831633798	0.747381008706742
1628	0.366183457929122	0.141803017364305	0.27945668641414	0.694201547291476
823	0.650093828171663	0.502815684536042	0.194034119417066	0.774283830765351
100004414	0.100740256394213	0.00999988948850539	0.336482572993821	0.986657503635705
100006129	0.654846201152247	0.631841999401218	0.209403894447173	0.728224597456847
100002028	0.639161639166213	0.456040317642505	0.320469442685762	0.512045749151715
100021707	0.601097383049417	0.673270494337398	0.208244673955664	0.756438828422421
100000054	0.502035920161362	0.457959222230019	0.219119938584976	0.736442602160893
100010869	0.475796753945122	0.223793670311875	0.235950594783741	0.574076576268809
100004575	0.0172361871515171	0.0780748752894297	0.288923071405254	0.92221343244628
100001212	0.97900249500744	0.663694989160114	0.229291683948028	0.64599945956041
818	0.165654804471713	0.505556820842424	0.265878817701208	0.653386094404667
100001092	0.00495613760610586	0.0461820909287728	0.253886885519725	0.673854900399197
100020371	0.931605436981043	0.845281430697087	0.230132590080157	0.708509111173586
100004112	0.224121548592852	0.546476021593776	0.242535664711491	0.715213006020393
1125	0.456494950124886	0.36819859606121	0.252379489026234	0.745046778381206
100020491	0.880712967082685	0.523045288093923	0.191060285332688	0.726777044709351
100003151	0.00070427258979803	0.0125940327803509	0.349083962237293	0.58060271752231
100000011	0.270096203143289	0.125783766668163	0.158098922976741	0.830085429858399
100003594	0.433896746830299	0.959682410220246	0.23300623280372	0.71317315444379
806	0.783088634213815	0.167677631063848	0.226032668388199	0.511396556678693
100001211	0.968083803296815	0.576854917187157	0.235760335679806	0.690037755079505
100002417	0.537606383975459	0.626661736912661	0.220209739748432	0.676958186496873
100009335	0.613793116292415	0.222524282857765	0.185965758844194	0.72942047729795
100000781	0.651678203733367	0.92035032034545	0.224937062109835	0.707285411333879
803	0.0372853594308647	0.0381671912612445	0.220595632656626	0.579827547455146
50	0.467952398325156	0.690997590834863	0.231934671933952	0.692388694980797
796	0.291486626156423	0.0298734383415008	0.248831651875526	0.69124199379705
100005834	0.908137829661787	0.643243959220914	0.2677972962262	0.704549877942254
100001580	0.669499611962999	0.356123812125962	0.254811757555649	0.711039820106264
480	0.68016909161503	0.667793585565109	0.207339969932451	0.715673727135859
100001540	0.208580290633329	0.710747643003336	0.302062024170657	0.794393131103323
339	0.546066862565795	0.118669286707786	0.203364670652931	0.616432995259176
1110	0.98276863236659	0.990479769375993	0.227724300343805	0.723660807017283
100015836	0.126383718748082	0.155183990278869	0.347934979416597	0.902597566710091
100009271	0.553988082849796	0.542370167127456	0.255799525720278	0.689914166928239
100015638	0.433806858319055	0.145979160769869	0.237354042762137	0.66272682294672
100021667	0.899948354963403	0.481855634224049	0.261761314889846	0.690363732463553
100001279	0.518647262753456	0.338297972736106	0.246180486473552	0.846448612365636
100004208	0.018922394975203	0.121565320412726	0.356585619091614	0.829883940510394
100003695	0.223938790333746	0.155377391326676	0.246824590416643	0.49206823715007
100000802	0.758730435399944	0.938151258340264	0.227742923510841	0.70718036227
100002769	0.917133245373855	0.109766739728461	0.164246727330014	0.823661505242411
100015835	0.0795191327784654	0.262236248331506	0.354536174138652	0.929083660675982
229	0.447966749116478	0.179835680513795	0.27285918277442	0.698935697729908
100001266	0.0059462707229439	0.0256285770340917	0.291840321906669	0.98498149147826
1342	0.281180924420952	0.3248011306952	0.189915903551093	0.729975902526748
100002102	0.681499345123328	0.479342609067903	0.261694176624412	0.832041623815634
100020254	0.135279015473924	0.521459916043905	0.217554415574394	0.743120948148756
1231	0.211066803808723	0.110695834147096	0.290907926238881	0.633184682981933
100020492	0.96848433199721	0.907734947541942	0.224459383060364	0.708758233644948
100001402	0.401359564299359	0.595398757041377	0.252655093256221	0.714016284585686
415	0.006133861302813	0.0853542951791728	0.271349049667165	0.769106697400802
100003109	0.940730575735839	0.917302819868576	0.227840258532144	0.699858787652814
275	0.494591972239176	0.866756505712664	0.230949262771182	0.698842726532949
1143	0.12819348840887	0.0635044803250735	0.199602822353688	0.818492801967698
279	0.402009566389309	0.346326978077637	0.2270294425395	0.572992813095732
100001198	0.894138415676497	0.992363586813536	0.231186700621478	0.711623234307241
1648	0.452009434038801	0.992647107925342	0.227090030210617	0.709390867976229
100001590	0.261171451497807	0.224740201513375	0.212075223254784	0.616944083715276
100001733	0.529352688829633	0.969508224524401	0.226515974700938	0.714097882120596
100008933	0.0024340176722414	0.000274770005159045	0.328107944064174	0.646928180152581
100001550	0.286552532631193	0.560760508601301	0.216266427394428	0.662651634808393
1215	0.107743189029516	0.274732437825943	0.196138104208654	0.665033503888137
100002356	0.0430679641143358	0.0151633005468088	0.299748960003707	0.729079155804321
100002749	0.795908635143091	0.829064635756863	0.229204259752391	0.714790494593568
100006379	0.206363534778523	0.197481223015985	0.270149942607966	0.466395574767529
100015966	0.0596591425348745	0.125234380667059	0.244559214930892	0.518643327217235
100001392	0.593505738160418	0.98344954518298	0.226558713068719	0.709878447140187
100020425	0.156243979673868	0.0570932285802841	0.192108022067518	0.465510456784144
100004299	0.245420597555553	0.713783232238211	0.245737711186248	0.7792232952076
100001734	0.718592100137469	0.60803779866601	0.239795201999512	0.65781179299604
1002	0.720216829674763	0.900717114729364	0.227227170881996	0.708678796661248
100001337	0.390789243578718	0.844223301944966	0.2188121748634	0.711123821494246
100001452	0.950607396113091	0.648844023130216	0.222469871448925	0.662799866641158
314	0.502702887790038	0.377942121645216	0.235711474777539	0.72818574364581
100009264	0.936507235670499	0.555159266722998	0.183282235545684	0.82928741452491
100004634	0.427832546940798	0.477132124739326	0.200469528751169	0.728421352374876
100000711	0.679717642007909	0.690556481814962	0.253335793803722	0.735369346211686
100020536	0.0219294982101488	0.0975578528644816	0.283688203748151	0.815529053280787
100004318	0.228907474656011	0.480317053954592	0.231570999996676	0.705312453683485
100005850	0.997130801522573	0.580798965834184	0.283906405371024	0.665558888195807
100006619	0.411985720024848	0.184043960918413	0.262739524873685	0.693121989683293
356	0.53683883304915	0.683416454938451	0.218663657142142	0.724331679327696
1221	0.587081388818361	0.616628400604599	0.294905975916049	0.744791258536789
100001397	0.662945171685138	0.678361407134254	0.224566250968859	0.699714579624909
100019981	0.68678425108769	0.938357132914844	0.22931430831905	0.721133943704608
100001208	0.38783878291012	0.226651728516546	0.192605152748315	0.986145252961095
503	0.0279012941036537	0.0196774456911085	0.154264772538827	0.54140680728449
100006375	0.145594154228615	0.615743371103609	0.248855789434998	0.687610604374148
100001295	0.601012788143065	0.551774852829011	0.217115416858868	0.819667795449814
100020427	0.0702242670444387	0.0331519936204766	0.224816570487136	0.406396404642293
100002784	0.589380282397471	0.403813370761126	0.195088280591615	0.774246196027065
917	0.0697401528174443	0.226224971723695	0.252028078084179	0.657989258718105
1869	0.418354071955137	0.230845253086498	0.24726965950782	0.593922385374179
240	0.239928759135716	0.101493815591504	0.137254952915446	0.504960183591358
798	0.00454145738570487	0.0848292341892108	0.348250335482076	0.640311650632641
100002952	0.29464335590198	0.457527372036006	0.225375075013561	0.803322269016008
98	0.68614977598273	0.892652248206611	0.237703900103849	0.713242822176941
100008998	0.306510861794325	0.326915449365819	0.176305416173766	0.778367586309103
477	0.781824587444484	0.14070880842615	0.224211387079115	0.701778406283822
100020545	0.0605689812681866	0.111581985927144	0.260792383422524	0.89679795049679
100021666	0.92558240527763	0.216927376590433	0.260613794839224	0.702710925728542
1256	0.610325996322099	0.79371386503547	0.258962099447357	0.734018899698136
533	0.350067302753051	0.0829179425623649	0.159113251770082	0.457169180720155
100001757	0.393228593512222	0.868617235858263	0.235019084428405	0.70269122374633
1024	0.225072096586091	0.0601626433419194	0.135505802680618	0.768201883425711
267	0.437620960790507	0.987783265218938	0.226907176237302	0.71044564369525
100002113	0.22476055367384	0.152590397011753	0.235960533502666	0.723117450907748
100001756	0.834198811944009	0.725408756073255	0.236966632174119	0.730768094551138
100001193	0.262748226886521	0.113260201655845	0.298513586464931	0.636556985302349
100001668	0.58450361913279	0.897052997385431	0.226211571879803	0.718823265590057
1124	0.468625105599973	0.351170904957048	0.204950130630651	0.803624527672165
100021331	0.224613015307862	0.384841701026672	0.216532065112451	0.743994596177649
1090	0.0467063094461133	0.0355544082753207	0.20896141590835	0.868067201471988
566	0.715264715685947	0.382711695840158	0.175574959335029	0.711529145579117
100003119	0.138553717606748	0.0807250696493311	0.268486986660454	0.573085191074884
100006367	0.755308663998488	0.573878339738581	0.235391820693475	0.689155312778539
100004322	0.170658052858747	0.214646104839698	0.230253052150343	0.806161053515143
100001034	0.732463647330447	0.790997629655995	0.222961328969219	0.699867389632531
112	0.986118225129363	0.968284515778862	0.227629857828238	0.712690217606335
507	0.786689967841024	0.804728612415313	0.225966196278297	0.715795281946391
100009233	0.361827425746595	0.213037920460275	0.210736034717242	0.725081561262009
100000406	0.0287934625026916	0.19191825038208	0.368685687390183	0.527472818189725
100004046	0.283575321847244	0.455690334407911	0.160194642180498	0.648471931406886
1025	0.759635037531428	0.686440259292812	0.217285028188127	0.730397990535325
100001106	0.143711340358055	0.145387788688861	0.178669352798409	0.75113174046251
1128	0.0508794431313019	0.70279275593036	0.250377611937326	0.743448946677129
561	0.0804928919253005	0.22558297606344	0.165436495158752	0.631670242822216
100001614	0.914389384268724	0.401557941786899	0.239762443962603	0.685530834716996
100000961	0.681090106199579	0.885702340359953	0.265631211497551	0.693999290328859
100002397	0.994237058847945	0.692404867394924	0.228260904997854	0.657080461950728
100009407	0.967756483271013	0.980005025627796	0.228328397829816	0.71280545663089
100002910	0.899566211213046	0.585774591099572	0.205690367008534	0.640556079372868
100005946	0.24792391901166	0.344026988359107	0.263889027792564	0.811909578292916
100019794	0.087033358428929	0.270188229069682	0.227257331973337	0.877109193618181
100015759	0.384503603000881	0.114297961005816	0.194634805115371	0.710570021211925
100020417	0.834301328079578	0.683863491578923	0.219733485593163	0.688056977762876
100001054	0.594776057776179	0.91903925345102	0.225370242245674	0.708631681050233
100001437	0.310985230021228	0.318211463777407	0.186119466223461	0.633345526056643
504	0.22193364362793	0.692625017037547	0.272285501289818	0.720066408609931
100001988	0.495266519017717	0.6842388347396	0.222857888214907	0.852316909495086
1082	0.0256417729162963	0.5697362823826	0.257357632291597	0.744047076119701
100001403	0.254455228512878	0.294081838108659	0.253307498192053	0.691539236131032
100001664	0.835785942281085	0.476325283571495	0.210531409572249	0.916934080892949
461	0.296034832019867	0.24457504256708	0.371664460032043	0.684670396363941
100000463	0.711357583319072	0.960116807161961	0.229582993917217	0.709018793970862
100020208	0.646106748870332	0.61030759172201	0.256147636021799	0.617276019620473
381	0.649624610478125	0.0817115578532906	0.104618246310803	0.540756934858579
100010901	0.0630380413267634	0.0624703501204129	0.221953950313642	0.837850079221387
100001468	0.200829219509833	0.880316714810656	0.222256497629949	0.741376132662106
100000840	0.937420916045572	0.771365878991493	0.214071618197216	0.734351874513272
100020014	0.263975535647256	0.608598744101557	0.222274683702358	0.724538629250968
100001993	0.863943801006163	0.640970354911156	0.196150923121898	0.849474315477256
100001051	0.122932241907081	0.0253149491346322	0.258890570684832	0.386687861000266
100006116	0.379111221544143	0.511805472084721	0.230751149861813	0.711231180351981
1108	0.964739101119975	0.909252602038198	0.22501910498137	0.720357372895793
100019966	0.157147744641293	0.068540392646805	0.277685754936205	0.671390939766738
100001743	0.734241554169867	0.484223900225159	0.222992308489042	0.694169694136949
100001294	0.241339487557285	0.292330170970753	0.177783527636726	0.7503413496266
100001609	0.213889090940118	0.0949154872314043	0.208915067690491	0.809912459743494
418	0.984030689222347	0.811061615817138	0.222647402485526	0.737221954958434
100001178	0.325513283975626	0.951410692614961	0.22811348273055	0.705862524773102
189	0.843721615885307	0.747402859568435	0.213172744238993	0.683059336316078
563	0.591646732365856	0.754029486058065	0.242645764727991	0.691323763058596
424	0.379513267454657	0.323350558700576	0.26336169775689	0.682992633566316
100000776	0.0807571199338888	0.23119791793207	0.266437642855454	0.720004661194336
1001	0.752285762285662	0.629674187258723	0.234606517814359	0.709648957428203
1135	0.366466953726918	0.110700620026914	0.221551376870205	0.765920718467535
100021093	0.325983570909476	0.477670351689127	0.266924416746205	0.734086479629944
100020219	0.122135282436369	0.228444620576262	0.237912950468242	0.597782524935937
194	0.498144278851136	0.81228485369645	0.234358663180291	0.67773487009662
100008930	0.489654086553893	0.497669793207675	0.256254343828926	0.679117268011663
340	0.899424327847588	0.342902647666519	0.159067760248952	0.771160017102084
100010896	0.857355137582303	0.794751990821324	0.217909703342653	0.716041031447455
100000787	0.247339699667788	0.123564617590721	0.224867211859397	0.423209651237441
100000639	0.0431929249472458	0.24424102763733	0.206722368635349	0.714706040562209
100001851	0.976143176862531	0.280214146223931	0.253336229749906	0.492089167793667
179	0.500027248788674	0.662257071582165	0.223739172051853	0.722096786427433
100000626	0.457110657157428	0.79263293060494	0.235714989535953	0.710340923748406
100001605	0.0106480177956679	0.087056632043649	0.300145848148545	0.803919028096396
330	0.282406627134895	0.470206786634525	0.253187377640266	0.585527256496109
100001162	0.567866718850485	0.706701744470734	0.212248248854717	0.685231091693455
100001167	0.0328881264790929	0.20023033852058	0.219347860835734	0.693156164507244
100002067	0.589255912040995	0.835607620366551	0.291053650382519	0.670196545951451
100019968	0.730289720056013	0.410392028831577	0.254551684400183	0.648856616360232
100002014	0.957673445701377	0.988427358100718	0.226405364553736	0.732614246149833
100004083	0.49851523518898	0.152671248572501	0.259902021898976	0.573129489156411
100001315	0.242513423978715	0.334727558881628	0.238601366879022	0.788269773411561
535	0.220308095514058	0.537043040051739	0.247344271191484	0.701830926889212
93	0.445812761515031	0.287440388169193	0.260113926352732	0.551548327905746
100001989	0.449126249478919	0.685874880272726	0.213139119867011	0.745811657784401
100001740	0.732911423012651	0.396354760038603	0.204487895174447	0.730867935475502
482	0.255451921839786	0.993694334855803	0.2267503474348	0.713745351663191
1629	0.298956864336463	0.461818987420233	0.274257349042026	0.686706818531795
100001399	0.330712576051113	0.301704293280176	0.236730317382762	0.715253303700203
376	0.957124716524887	0.187478631346383	0.143555172237558	0.81130796375457
342	0.648871485560113	0.565579676531995	0.224998482219529	0.708043763685162
100001253	0.0226039623235333	0.157706730499212	0.185921926487949	0.939933322141076
100000708	0.501640473892618	0.717685684031938	0.246078709395378	0.720515105566005
244	0.207128464644611	0.0551182467227785	0.187592302544167	0.82838882343621
100006726	0.349452501205015	0.254451658479389	0.272984676950101	0.69213649843175
100000036	0.122022845889978	0.753968426011876	0.217399027609597	0.736815270061558
100001257	0.0179228653183415	0.0742035221564153	0.320179319104153	0.993189203860889
100000445	0.68604044517585	0.618697386421826	0.249839668764892	0.665769694526207
100004088	0.00365327837366462	0.105552789972937	0.266284773601883	0.795072292095798
100001423	0.899846882956677	0.82558970384196	0.2297120182717	0.690547033556179
100001276	0.498217805961261	0.338016090531808	0.211130255673904	0.629815305498778
100001876	0.86770637239432	0.856817434185419	0.222835199527878	0.713971144178651
100009082	0.590340356356835	0.0355380532182132	0.0942904273356241	0.68841062967961
100001121	0.371543349261316	0.741566546310028	0.223282632911566	0.705579153648009
117	0.310590294861276	0.609414968498579	0.210978477665747	0.732235592166224
100001868	0.0237777569863436	0.090630331696307	0.270941791126405	0.721112604377954
1134	0.785061599503755	0.329877799365181	0.157472114765946	0.681068826898399
100021012	0.212117458414511	0.436607953616052	0.232750817420166	0.739217178417561
100001181	0.394571166963054	0.118852286936875	0.314518696897732	0.593076086251789
100021467	0.792290902682141	0.320947901609125	0.231836622406108	0.620523606083024
100000447	0.246992941228265	0.260348176834918	0.265425643808452	0.674596013670926
1162	0.000649814086201004	0.0148929130597707	0.306223711337121	0.609113978857477
100019982	0.473568503550577	0.499549104512505	0.237392940520777	0.694601795166154
100001613	0.953860747526035	0.482557281319487	0.240197342612484	0.679086390125292
100006644	0.477396188581906	0.691162256732475	0.21526294454512	0.731601747434636
100000096	0.647791714545237	0.0294643555972473	0.147980938761379	0.677250522743886
926	0.483890163610517	0.714093782106681	0.231839090802785	0.71305396802513
100020004	0.775824931673291	0.757028800284434	0.238155125929316	0.708450423489686
363	0.179066660002769	0.0438612218402792	0.20775787236966	0.278695308703767
1111	0.377094778008252	0.971447554277829	0.230170700483423	0.757247234936957
100021712	0.78006499552958	0.745588083234523	0.225102351877292	0.69221226032495
460	0.758274220520778	0.656959709388069	0.237254755547266	0.753896387525446
100009331	0.387427546530288	0.228723829090972	0.206039984251908	0.735311920817317
100000442	0.239255306025144	0.699053600105614	0.247476318532301	0.727012401331162
100002945	0.0347216573135281	0.0064987864597798	0.30859931077718	0.654215471053007
192	0.975673283538346	0.800347857879659	0.217844033036497	0.7645288002577
100020241	0.4003434239894	0.971828868510186	0.226185556563952	0.709026845800852
100000580	0.139193435314746	0.136011756675989	0.190789905815295	0.950800327701485
100002466	0.0125666925405831	0.0340103685940169	0.194836015235008	0.466113803381352
849	0.81080609468773	0.669329560459714	0.231777829808881	0.668385311683913
501	0.546635656671876	0.416370334387684	0.254283601978172	0.667443164434664
100000282	0.695114836485163	0.148253634167549	0.294679255147102	0.605040503742672
100001577	0.0178151647825329	0.14259129313815	0.324582895139686	0.783337488338574
355	0.0963874664376739	0.291906286671504	0.187776889893618	0.604844316281763
100000841	0.62115248076371	0.844882486884745	0.222542826736177	0.747521887609756
100000846	0.841160043521158	0.349885840980137	0.218362220117948	0.70335757919298
100004295	0.925632194854856	0.416107066650489	0.209617194219072	0.659405937622767
100001586	0.110230072229361	0.051170769626022	0.33579524146207	0.365715663944079
407	0.0106008450428403	0.029148281963605	0.254461733138531	0.785627037580148
1137	0.828243684007533	0.699997802196375	0.216894470794602	0.754707063928378
100021374	0.025575922838681	0.0113998339499997	0.163138933883693	0.86094901688243
100001593	0.568668156803351	0.963013411204031	0.228832011904361	0.711288954368495
100015971	0.725711103744773	0.715072045039338	0.220493498029396	0.707796361113135
100001022	0.244224627643861	0.116838797176123	0.118623113910731	0.964765772335068
1094	0.043913554023386	0.208000626274521	0.371660491067163	0.96246881322673
100002122	0.195965988693635	0.195753676652244	0.17709207129217	0.828552118160698
100000706	0.833318849211264	0.419201043888839	0.173537607313793	0.712443745799556
100001055	0.695256977457406	0.457854208046586	0.208522710161754	0.654010019908381
1235	0.431394147508832	0.665108010131404	0.212766484459754	0.74765071096265
100020204	0.0766314996094384	0.478166887699065	0.248227279732288	0.760260152047738
100015643	0.0366190624525263	0.295028542702273	0.249904459449068	0.66231750815968
313	0.0237346327270233	0.265262914863369	0.241018798003253	0.645706370086243
100001413	0.918675782764506	0.823578190685469	0.220527369653812	0.693622388983477
100020423	0.0276562567076566	0.0202604471995805	0.257675636166987	0.383815106927375
892	0.202395093219827	0.0566462947891238	0.24893694931866	0.75724560174869
212	0.0839774452337592	0.153396170598272	0.309158599672645	0.685441197477577
100006105	0.160922364362505	0.167658223283105	0.261500332976228	0.724699726131748
437	0.736047850272498	0.597983558719903	0.211157992623147	0.725263042713675
100019892	0.624115270365623	0.672217607986191	0.223496259461933	0.747498650555492
100005716	0.10620436766288	0.127958632561345	0.250820663213111	0.788003532624666
537	0.226966239589804	0.127557415969724	0.236240426807741	0.735210601668465
100001990	0.223175091283457	0.535354026228876	0.267595291084099	0.64972757918892
100003397	0.0291382966603952	0.0035697354605947	0.171072112310656	0.455245733443518
100001320	0.149771411070229	0.258289776232515	0.297173552389078	0.47981726952638
100005717	0.124745961960843	0.0883766666002903	0.269089833732987	0.743212932594703
100001207	0.0315228834514005	0.18550210099904	0.261549149193623	0.718043381979655
100001999	0.566581719959043	0.834947043588012	0.221120666170358	0.796481738894431
100002488	0.259362397684435	0.0230617309008299	0.278052681882129	0.6494333951274
62	0.206374758346067	0.681676173032347	0.21952085787025	0.716009054197755
100000467	0.502051740836671	0.386565666361574	0.21300310776196	0.679922229520121
297	0.00625475758879351	0.139477506858393	0.232790727252012	0.677058022105878
100000285	0.016617112426019	0.313423299671186	0.225121175641786	0.830867426674414
100006056	0.0651859334574883	0.380876186761716	0.240274577452169	0.753926398233783
100002126	0.145126959159211	0.266979698039237	0.175281768484682	0.971485118227941
100002129	0.814628843516003	0.756520185903738	0.213969602385284	0.825259530026823
100020478	0.0286358868354005	0.187142417677264	0.1995878903069	0.746166755241365
100004089	0.0651961964743515	0.551555213879042	0.243121778598221	0.665109708635477
100001755	0.483379437581065	0.611072457491676	0.22886035608778	0.668001512092971
100000551	0.0258346714042207	0.941644450329863	0.23712668580998	0.70532963409561
100003260	0.366648617667735	0.24523226940372	0.260332862111671	0.810784606542259
100010955	0.888576163153483	0.421678799802645	0.183279350277775	0.606413119816551
100020851	0.203047683905152	0.444235098850727	0.246475342104431	0.733976535500305
100016069	0.707185285260696	0.840458980112904	0.230052598076244	0.699956037391488
100002027	0.399876818766966	0.59497167828723	0.190257616293464	0.809352759251142
1123	0.418875920667512	0.208981044307447	0.21854484305252	0.834499217596155
100001150	0.893210920601069	0.915831060750378	0.236328337517847	0.705621452098306
100001657	0.314863081695609	0.682877688788471	0.228167165762433	0.692655819077921
310	0.23695979004684	0.324674991746306	0.195807554852378	0.821081499299119
100001314	0.346659635589844	0.13007964800808	0.212988793747088	0.585738013786248
452	0.380901486615075	0.435297126079891	0.281235941582351	0.654162037483391
144	0.129003880939975	0.0752952452182468	0.286682375525335	0.576111049752264
100001182	0.123343466917267	0.107316085556856	0.290123665013406	0.689373489944177
100015965	0.679937778461437	0.437879100152036	0.214519585112515	0.787661483699554
100006108	0.808966213002024	0.430986317298576	0.23372401138467	0.753664334939824
100001400	0.554316819934216	0.505786631719859	0.205879326364712	0.69869643551173
100004541	0.302112423479053	0.213678407845955	0.222137760972471	0.457928428515963
932	0.774446437896306	0.376049657885296	0.233689253608988	0.740175297681057
100001992	0.350563797781218	0.501451020343687	0.340948467918979	0.593388004878153
100009252	0.147405216924042	0.204507245677119	0.280068997104355	0.689738224122303
100021104	0.738905703255789	0.608625605719435	0.192863081948501	0.829784356675503
100015838	0.00849772221287759	0.0323893430738118	0.349687127628005	0.984691485718342
250	0.000568128795507681	0.0174116571077576	0.443157429122738	0.821302914658163
100002537	0.997382629315795	0.49749617626274	0.208774591738656	0.821381743456183
100001658	0.85942338764499	0.719780940786214	0.247123180452973	0.69797503588503
100020416	0.248412429724687	0.33206291055561	0.195835983401559	0.683521799473394
100006642	0.291608569185407	0.801905192097131	0.220216941396478	0.728945278844038
100001391	0.0695499569890662	0.26646651552919	0.308770943721328	0.852990589451738
825	0.544795368679363	0.664353492001702	0.204321814787039	0.719886904938573
215	0.0221140740202696	0.109729301325339	0.274294125005781	0.693768114254479
100001026	0.951353510160054	0.841420226541247	0.223816517932595	0.754727658912589
100020541	0.438550674337819	0.443032595085914	0.196100818464926	0.752737336362044
100001526	0.177219957102235	0.26030378666065	0.357715298615338	0.831879219353775
100005384	0.612906542966579	0.470874431715825	0.216264437338287	0.637245226387793
100020378	0.272653685439069	0.663564471760318	0.216234129013611	0.718242560146445
100006115	0.987925224165347	0.410610617334607	0.299314861566571	0.604024678510529
1442	0.330631352803249	0.063249875687686	0.103644153129035	0.595177462930238
100001843	0.149358377016513	0.214407836046803	0.247827674945292	0.798466235623487
100015837	0.0735402270772903	0.1886781325809	0.445111961290402	0.652202151366987
100010834	0.725925861622053	0.982516871549286	0.226982275203498	0.709232328028136
100001393	0.487236976566967	0.486117194757428	0.187048057578346	0.746203205775637
100000015	0.267494595312921	0.624452465832343	0.214470484993524	0.727545144206991
100003892	0.0371615842566734	0.0428300979709195	0.192195048362017	0.984695574351861
100000042	0.20373121893397	0.0280258772750124	0.247773352207179	0.61684466982738
100020550	0.546011131896945	0.205887433342663	0.247708031430584	0.601353217374506
182	0.415319323487618	0.336680418301942	0.218404633795818	0.732058148499823
100015723	0.122827637968239	0.399525917312518	0.229031821576496	0.692676030159186
100020343	0.369478040251393	0.441187224773875	0.20142159758397	0.713991116534113
512	0.368847864613583	0.647737020258604	0.250033483535036	0.683864176454371
100021100	0.714339758973004	0.665779751268236	0.215273925788635	0.71542924007363
100002528	0.397454432547494	0.0778755684882201	0.285712485655244	0.482623558924182
100001287	0.384448811144779	0.715582072010878	0.323525954774228	0.645006242806098
100001229	0.724101760042648	0.896624099873858	0.234927797789289	0.699907128909913
181	0.404765106463006	0.859489613918079	0.223567931860231	0.73159656056755
100015831	0.000563619865645847	0.0112831505779719	0.306466299082967	0.47723355396614
100020515	0.366336110558228	0.484147272203421	0.187135084102941	0.855421785147733
327	0.292187544685684	0.314311945534559	0.279098597645231	0.665779367604803
100009394	0.625216062149245	0.714208945255162	0.211488478753989	0.744775053125885
100001596	0.993663186984628	0.279095754636203	0.209160066863017	0.550399268842074
207	0.982270516898154	0.547042478562457	0.239291839033906	0.673553629803664
2054	0.449367792106684	0.709947226713702	0.214758126030059	0.731411044815588
100020259	0.613793724938661	0.558145744157713	0.250142365047526	0.693491273135597
100020414	0.00187668378182973	0.0256522493818752	0.149616282790591	0.684644376531097
100021131	0.736056146154114	0.325788337829829	0.222539862281041	0.667674984067517
100004499	0.765195526068656	0.781704780097398	0.22273876993465	0.686599459436924
880	0.185124381172931	0.818580292772524	0.245609543085082	0.706224135510996
100002049	0.229097674167793	0.172418072399247	0.251751166245799	0.639000994043674
100001739	0.288400553082947	0.140673509054678	0.317565183007025	0.649949320600714
100001126	0.350019949500067	0.113255105501382	0.135812843691088	0.573099087873968
1113	0.79358521108352	0.932241759547922	0.23437236140203	0.702344476379385
1083	0.938432286020319	0.344090879874765	0.252858996447933	0.621961647118251
100001730	0.0737331132762188	0.185047121645865	0.266317543765233	0.582369841960254
100001412	0.563002945389101	0.949549492830422	0.226898753582105	0.71777355471727
100005996	0.69435448750496	0.610060057824246	0.219591713222889	0.682229468665378
100015962	0.00360173273976853	0.0526045788372731	0.151064437261294	0.926551970724167
100020214	0.775290762883309	0.479038525855668	0.242045080585227	0.637939328712019
100002514	0.129737864530399	0.342908192373392	0.237892660294768	0.64633156414835
564	0.25179291655215	0.0686028840335944	0.205975576937081	0.586032655781826
572	0.0328663399226252	0.0259677060963723	0.349323901787754	0.57105401272448
231	0.961430808094772	0.619392176704681	0.205317042389617	0.727569633067636
100000453	0.714118354500973	0.601873242948097	0.209379406736262	0.765394203847324
100001007	0.149958481422763	0.291314293709199	0.274491550752002	0.594990590349266
923	0.57869845091182	0.310198332315163	0.214093303125781	0.767714259845462
100001247	0.40965577211811	0.500968811221739	0.211397780807513	0.692872884827537
100000774	0.582416415328812	0.902777567197494	0.238184317172083	0.722475403397866
800	0.383031496138763	0.367569038339329	0.241000219058611	0.767981064933786
100021678	0.255658636055087	0.356216462131203	0.182455554227876	0.709264166854006
100021711	0.473184284183917	0.899388523079057	0.237494894978739	0.715031900258114
100001274	0.850361659860912	0.425255603212073	0.220389184750758	0.560448388900191
100021220	0.129608511811875	0.155939908649406	0.288484263761341	0.959409388657532
100020253	0.321785546884072	0.882255377014927	0.224679541868424	0.718851494897602
100001170	0.869719849183516	0.214471278271198	0.214022893769364	0.613876080189717
100001466	0.265660174026045	0.865054389293288	0.233919737381014	0.704447092690333
100009406	0.653654836696337	0.605730208961904	0.214500127235875	0.732518925168652
1026	0.221299026498721	0.475529286274882	0.243384599421927	0.677886156185682
100020837	0.663368700963511	0.452337506418657	0.259029572097088	0.623662801719601
100001006	0.142168524387231	0.109424799200511	0.232840555980934	0.828595984407549
100003674	0.789403661855089	0.135931852503008	0.227163055024261	0.697720571440561
100004396	0.269479928948026	0.383209148928621	0.264291917115306	0.59410048319205
100015923	0.534832984978487	0.953145840073427	0.242660210594927	0.706270474437842
100000265	0.490501363362891	0.729290710286617	0.232110823401126	0.683687576314104
100001409	0.107039129648732	0.137175696867881	0.227157216002981	0.552663843345059
100003434	0.327951866907419	0.608802115706515	0.233324092408881	0.647444151293335
100001334	0.662672491358075	0.086434315873266	0.289806722647443	0.587517346612458
100001102	0.704679593173829	0.778144196833984	0.234796810581103	0.691139309881792
1268	0.696925008004739	0.0747073344371589	0.140882929522947	0.661781525473921
100001300	0.151450942484725	0.0518247567033784	0.185535150525668	0.71647891124094
100021324	0.146964989642338	0.593372458754607	0.320823096692152	0.697340068029777
100001617	0.0998648653331788	0.0972594767092527	0.219012163913688	0.752928966723166
1105	0.829529717368826	0.142819530578304	0.310980208930717	0.381925330855046
100021502	0.0592235423977116	0.24687763378948	0.217904921772933	0.744819773955775
2051	0.873663020235055	0.554922474553821	0.226982559034255	0.599125968162959
100001256	0.122503622300169	0.464247832772253	0.2588248459341	0.85982051721987
100005466	0.0918623800426125	0.10553576283384	0.267066723385029	0.508003762624796
100002199	0.109470613709259	0.669694793167286	0.237557702691203	0.73470880374967
338	0.0187773991789034	0.0541066061661355	0.381061716795609	0.473067958348056
100004243	0.422142883415252	0.543923799439043	0.207661267763294	0.723626121336799
799	0.5127806745347	0.8709123921457	0.228003203751244	0.707452588918463
100008928	0.421366003151038	0.0627083842270742	0.220420164119881	0.697418915555524
815	0.0910280978377718	0.267764371507083	0.229512812488209	0.786399129020973
100001456	0.00751693444597588	0.0843725818898462	0.221548505456938	0.630264286873349
1242	0.075139690150638	0.0831265397578998	0.277631271297509	0.508469043064333
100001416	0.303324322743037	0.111765974236752	0.154947714476043	0.453307808051279
100001462	0.332601666124623	0.313527024941175	0.27685002027967	0.663329431253397
1087	0.0827909093421031	0.0161363811241488	0.227849386143959	0.661106965210915
100020421	0.0841897352713491	0.120225826716639	0.263678986286715	0.473901651852076
100000010	0.00491717974392	0.0479193386317448	0.243047566235341	0.764220539858704
821	0.621207745021469	0.44414972078145	0.254719742810483	0.577523588833214
100006627	0.20566252785526	0.124958852666318	0.329683664124761	0.599094293031456
100001277	0.0778688864283412	0.0330052369624576	0.290011055670595	0.627990062427908
100021141	0.0333323040492318	0.170221241496072	0.257136767963224	0.819101778687501
100021105	0.176073293188278	0.275402996337898	0.24247662911087	0.516375175657496
100001950	0.000214390404356335	0.00498450367286799	0.290705042716529	0.897768089328172
100020217	0.946053501568926	0.309944646210394	0.161594294019336	0.543483241958781
100006651	0.02568255087104	0.160509212653425	0.260803671934785	0.465467215081887
881	0.791432534283979	0.354992405512891	0.208025784900258	0.727048207025741
100001509	0.75190697230816	0.166118587537533	0.202796145148077	0.629518112275981
100021709	0.615064965366093	0.826713549967138	0.221569226202043	0.716840143913454
100001635	0.295953027023393	0.0380013661211647	0.250158745576045	0.654289025597794
100002613	0.424457450779307	0.117234174703475	0.209057652016719	0.799689271404392
100009329	0.514714064615056	0.611853691270626	0.195035318609639	0.875150752193755
100021123	0.912601565161947	0.647385475385219	0.236112084968666	0.633425609924829
100015760	0.31470652689442	0.186469947550089	0.19003220718244	0.740005188145743
100020205	0.396607929370746	0.451067210053142	0.267231247723448	0.545197242395521
100000765	0.591018810405672	0.626759904834673	0.222983197078486	0.676908123299112
100004111	0.274998652247507	0.149859787981642	0.251246790120753	0.680571244399832
100001615	0.226684137277854	0.762897088110797	0.226330186673802	0.708500586236155
100009227	0.151916911794777	0.0952814702815868	0.334522178869977	0.866209669861498
100006191	0.44102783350272	0.631095093858529	0.249025373506672	0.664634700273496
100004542	0.534871557706285	0.418371292224894	0.241061735157035	0.752084098834203
100003686	0.0756194497450204	0.0303645245370237	0.391496754211033	0.596784668928163
100009232	0.0421295293637255	0.264843575112841	0.2305791391511	0.620427400796418
100001501	0.028325770108995	0.0703969750866732	0.302742731572192	0.761946416972527
100002367	0.434774367253457	0.215136942683797	0.209045506956344	0.54654799270205
100001108	0.37378388720751	0.680582947671911	0.2243751929014	0.69843748912919
100004227	0.680852040289171	0.957658145884994	0.226971617165933	0.706791218386202
100001310	0.165746808075217	0.260057758891817	0.210430401252785	0.834602797331965
100001994	0.930087004227366	0.949181446481817	0.250471541883856	0.75410274131884
100015839	0.0056395301900099	0.00788787546932923	0.301101051515866	0.818587492487067
100003271	0.00486560156756362	0.0755885395795159	0.301478848362962	0.508305505498354
100020496	0.929394429189703	0.777421268416657	0.214307034281571	0.734899111926146
302	0.62979993543827	0.399314651128334	0.195210929272721	0.675754879005691
811	0.728364075931137	0.706501246714725	0.220243239571108	0.750951897489618
100001267	0.969327065363984	0.723683026898724	0.209781118170722	0.705746874268504
100001197	0.0214551877278744	0.309293647105466	0.263873127142081	0.724098031720274
432	0.225222510014579	0.472890090666937	0.244287365649796	0.690378478202539
444	0.00548412371538829	0.0386033127285109	0.250082299877648	0.864380126054823
100015968	0.165480356684784	0.213661546394948	0.208104351240538	0.610666739380349
828	0.993139426879812	0.804189153929504	0.219141699420757	0.719646181780931
100004054	0.258708232138325	0.822605244585206	0.229808654441483	0.717408496548342
100004635	0.10145533575686	0.172173966811728	0.539221697336508	0.455065800141367
100000491	0.492482578754762	0.599004881114198	0.221406755742228	0.619809972458545
100000939	0.0477080903799724	0.0342863987105712	0.242935970673817	0.600992400037519
241	0.219654657575793	0.623616067349176	0.242724739055107	0.72932519046032
136	0.349901051366269	0.0667220400230768	0.195164280321242	0.90212511593168
100000792	0.611922106932117	0.960323089358138	0.231231433612518	0.759552521756307
100020973	0.568173179400279	0.646773504077778	0.241796533022903	0.685389625571499
100000936	0.690405192002722	0.90416229999199	0.226159062344963	0.711192206516793
100001313	0.0104163831362942	0.167906491714965	0.242813267706368	0.7595397296809
100001951	0.0268204886260033	0.067093111027745	0.252715748256681	0.706840387038437
100006098	0.0309781907393259	0.120212896733485	0.265177604032976	0.811347773010692
100000007	0.162049380162907	0.440907737119069	0.23185766753459	0.719830694737636
100006641	0.835666695691654	0.845917663520231	0.248178547888906	0.711161621052343
913	0.0130968974992335	0.0665468294557174	0.287528290375598	0.573357553027656
100001579	0.266723872869351	0.143463854755087	0.271194898207339	0.714975357061539
100002911	0.161183625167755	0.014408903137655	0.304908049842031	0.664629524747043
100001293	0.212309818998014	0.327204867982985	0.192700728968693	0.867203689138632
100002241	0.242553431957567	0.550032385485365	0.240495293853969	0.679693705594861
100003179	0.370422332355257	0.0754702040801579	0.213300332919356	0.557592805427607
100021372	0.197574718871551	0.142136353636421	0.145222465255578	0.724359912839414
100001956	0.37775945036908	0.570800248878153	0.229807082529945	0.63257194995199
100021162	0.17744147890806	0.14515033782967	0.21199560534098	0.521175262846933
100002259	0.327929061917497	0.579997936670827	0.205784231671138	0.702532405023715
252	0.44773815543839	0.639532582847375	0.261023122009276	0.660122364209618
100000707	0.331132974331699	0.280335283861246	0.218870354064392	0.722194801932427
1489	0.656245097843123	0.0195775207881318	0.164701551541791	0.680761774222006
100020361	0.0197427709526933	0.0692829560079505	0.250863671606462	0.976918884410266
55	0.723263162023241	0.894258013917729	0.224871558959349	0.720617963252789
100000863	0.2685448295723	0.256525643805593	0.196348948870364	0.747795810280016
100015840	0.0865360184970305	0.0624752001467858	0.306893848342399	0.670523235066826
100001541	0.152309996526158	0.0784215601865	0.149589550884688	0.70138629538934
100006082	0.142943992210371	0.0550452183642809	0.304217616585192	0.702532128867856
1254	0.726860482406102	0.854817276186959	0.225690116697635	0.738388895968362
100001624	0.430673542996694	0.322154798057403	0.209271382456099	0.686077810508986
100015850	0.891929407219037	0.494886150667311	0.293558396268629	0.665411273683274
100001104	0.00235519340312417	0.0116047337497139	0.252033924446175	0.991390601560788
100000900	0.16119071593738	0.462361395054083	0.236186409879638	0.713056874482858
100000269	0.271051987605424	0.0955982966521366	0.139678860235114	0.662378218725693
1022	0.178002717853937	0.934681791175613	0.225837176066565	0.715107573041609
100005373	0.246029178209727	0.0875850834068799	0.204609269174344	0.739457123232194
100001129	0.120778372412191	0.678756330349694	0.217821586585015	0.743620684605688
935	0.0139710312610092	0.136909991046486	0.301194777367584	0.57321152922532
100001262	0.188214917752797	0.228873487982758	0.238354145358503	0.734347884356529
100019978	0.294106452557537	0.645653926315338	0.222543079154354	0.696769823464854
100002293	0.670004957763033	0.736965868044404	0.229874478191738	0.712125280260378
100001426	0.238788672591644	0.304346708137514	0.233007374429192	0.555342947948509
234	0.0485796864624338	0.177789914473132	0.228625776274212	0.685476588440756
100005403	0.246984830928046	0.99440672369446	0.233477751048437	0.713549662240483
100001083	0.0326239277650575	0.292334272250833	0.248326013431818	0.735618131772525
439	0.375860163103376	0.155052351637197	0.247696460883475	0.701303825108101
100001086	0.383548109741388	0.449340640130258	0.240133902685725	0.784685184677317
100005864	0.695118027050825	0.429746138310698	0.205445752809582	0.782593940038363
491	0.541855319707562	0.92451009549975	0.225751340631529	0.711160698128103
100002029	0.41259073717985	0.379504935627633	0.214231621902469	0.559363695098738
100002154	0.756265145458654	0.424764193639592	0.194952382975168	0.68604360323726
891	0.131836806281704	0.0475424183503541	0.263929475502426	0.646009241760226
100020261	0.354912333247431	0.442054373008538	0.276881695906136	0.682095889846711
100001296	0.58951830711928	0.53840092246811	0.230835680468527	0.614078287462277
2050	0.602157222938675	0.447693963369534	0.247464115741236	0.637112393893196
100002761	0.350920834320428	0.657528794768263	0.196459184339138	0.853033910896956
100006614	0.69722767093286	0.717077960065683	0.213653620255732	0.766030285462685
100001597	0.957302764194166	0.131628773746888	0.140151318597299	0.510603366228654
100020853	0.755027027885103	0.864812774633743	0.229959715785878	0.719839691734747
100001446	0.228167960679607	0.357551683372601	0.196363902702432	0.701527425010629
100003240	0.0472718804429411	0.0187450217157093	0.278091216466164	0.544626251600836
100001502	0.0423359594941189	0.266194797071852	0.279806467228408	0.792576148633015
100020866	0.119420199761082	0.0128232117994873	0.138651381090759	0.518007784661338
100020419	0.0399947181883412	0.105607747099813	0.251087476787506	0.456749281368409
35	0.611509560013222	0.340911526065705	0.208559355585883	0.660168576367186
100003696	0.00922277579472716	0.0456186405659999	0.341406266629554	0.647643795827448
100016038	0.714629285701828	0.983812815516749	0.226421092032098	0.711366759692692
100009333	0.242802234798811	0.197593091625103	0.229269278380527	0.734296814713017
100001611	0.155030834676745	0.334821343000993	0.301377518550866	0.686583025248115
100005383	0.705588821642269	0.31750265600321	0.235898286773019	0.750921614495558
100009239	0.293904029610834	0.132940657250495	0.290223057802841	0.525120013596076
100009332	0.419199454697652	0.289347134299288	0.230879265360494	0.672311640873347
100001731	0.132465681978605	0.588223722168866	0.233306709740295	0.681552193162559
100003415	0.417857038078987	0.506092188533272	0.224286014327571	0.722629258324632
100020578	0.118136948563505	0.178727048378682	0.209615971911221	0.598296395604785
893	0.915083171674117	0.490459774844245	0.223254021426197	0.723659945096798
100000963	0.323459904557179	0.22334193144057	0.300761629343058	0.514096127203858
273	0.15562295584306	0.333031481633277	0.267866038384968	0.705237459888981
197	0.599003308511398	0.499793003021639	0.224152779663378	0.606167151531197
100000808	0.301075047291474	0.221464247007773	0.212796116632373	0.875855334944406
100002284	0.781792859170204	0.337003229327546	0.140486648961632	0.646262606168329
888	0.986056461825398	0.110471657956728	0.251100812250663	0.689568930948993
100006435	0.552174170534711	0.341559361868472	0.174318103081066	0.992243266447796
100006374	0.214506376924007	0.564386880250621	0.23481219669432	0.699461104024815
100003169	0.564117783652827	0.949757855532988	0.22509040477118	0.707170220128196
1004	0.754702927924723	0.872716858858085	0.221447232472154	0.698247707145952
100005998	0.0868601802087033	0.871190154783712	0.244160203403687	0.719350520823715
100000773	0.683400313035745	0.561868057737977	0.231387223554589	0.693370869334716
100010850	0.021466662037793	0.137237060693983	0.273691160611933	0.588722831917542
397	0.758906173130242	0.410674919144827	0.173916884417173	0.76850702457561
100000039	0.0883258308155971	0.241110564585296	0.185420886712326	0.762543132546007
100020833	0.76375427173006	0.756612785134985	0.233403428695589	0.754447459410023
1021	0.344873344480075	0.312304277112559	0.208939651576935	0.752461196984661
100020479	0.373950877091433	0.58045724673491	0.230739003989591	0.721323053141961
100001335	0.230705363863917	0.150434935463449	0.272408176782494	0.655891562876728
100000743	0.561295109674621	0.973426837797515	0.226393283292144	0.7131047627021
100009246	0.165262011090875	0.620121610902479	0.216917689561441	0.744789557490265
878	0.22279528223807	0.727548336509982	0.216365544736311	0.725986281507088
100021103	0.652190623945161	0.887169740980013	0.242649090688555	0.774279405038411
100021363	0.236619194356925	0.556326671718932	0.209715095742274	0.753275405129658
266	0.113285465603281	0.192664075602097	0.228952797295987	0.629369998753791
100001195	0.153415390465225	0.118989147625241	0.318017713632546	0.602442615739357
100019801	0.79559758822614	0.725451418717452	0.236963901693065	0.697356304743836
100002196	0.0326553970455486	0.24481558583604	0.237499548275022	0.722647980669989
100006370	0.35599038182939	0.913782657598129	0.231250880960064	0.704431684111981
100001510	0.0218897256547806	0.00304620460880094	0.182216884106752	0.818213664823763
100000437	0.444772613446307	0.377492185111501	0.210669822402606	0.795579466996468
100001767	0.130725121773633	0.0304489760797091	0.287245314513223	0.781740286418768
100001810	0.365908616589538	0.467947773618145	0.238123438570288	0.881159228911774
209	0.0435863222137635	0.385070339649887	0.263257054279143	0.695724145106037
100001485	0.337019888263259	0.110961913890384	0.139898983188677	0.638228850462153
100002500	0.127230444459508	0.451708363934933	0.230844475094183	0.680326632334603
171	0.0351896390086877	0.0257125045719188	0.16950768336471	0.711042753441695
100020487	0.810655154356725	0.989400430457193	0.234173296697685	0.72278308000633
1206	0.00709980390523531	0.11454949777769	0.228836873438847	0.764659855700317
344	0.0199386363102911	0.0420471551917763	0.491613629149051	0.792268695787113
100001405	0.746517277635751	0.85515724771135	0.223122511224776	0.728935031198048
1239	0.395619397993774	0.192633412239001	0.286593600187151	0.723667011266283
391	0.0793867082077025	0.209917212210773	0.214476556922832	0.909779625808425
100006430	0.514950182297941	0.218000821925627	0.287653261052446	0.459965462221955
100001417	0.891872554935274	0.471888024559657	0.214793586774166	0.830293694020968
100002951	0.0609003004941892	0.477031378116854	0.224416107459377	0.627136978832091
100000014	0.383294936495661	0.547827523170764	0.219774755008921	0.755288518437535
100003926	0.247330868968896	0.233536030017455	0.256805184596589	0.672473507821337
100021538	0.526498304367088	0.386684787527896	0.26886928687291	0.624541569494992
132	0.33207329892772	0.937430879647299	0.227792723964029	0.709644636765774
100001425	0.613456770376661	0.575587677435841	0.284723550125166	0.651678289421366
100020262	0.57849443727145	0.645169240391497	0.24527701702171	0.696415711746427
100002679	0.432732994664678	0.737086314755163	0.217186821354164	0.771540328203192
100001270	0.641048638393079	0.628518114055307	0.233163452345692	0.688933307271755
1102	0.700691592606402	0.910638375996678	0.224078145485086	0.724732967322824
331	0.362823468961861	0.252090501949266	0.193571433128017	0.607498389901448
100006361	0.454636750011586	0.558454133524557	0.204846127308743	0.796764042556872
180	0.98278976084228	0.807191672797912	0.245140193942824	0.70505150568019
1053	0.261848253777282	0.434916972748866	0.358864133095048	0.780680906011127
100001359	0.584963856254516	0.885540599246354	0.239577984357675	0.69172655061241
