chemID	simpleLRM_Fstatistics	multiLRM(chem_sig)	multiLRM(sex_sig)	multiLRM(age_sig)
100021136	0.0235378511703747	0.227321028335814	0.309887244437642	0.786122529516027
100000882	0.826731071822403	0.652546299875915	0.294973265288242	0.658651738662025
409	0.0612992211531616	0.10523687260548	0.341598153548216	0.396803860048016
100002254	0.759729332135911	0.0571929549425139	0.197065270519709	0.672992779929066
361	0.00690267544648318	0.112343558405033	0.208685951068754	0.653427424165838
100019975	0.569094881719909	0.630290050625193	0.284815442394135	0.706533852979219
100000257	0.00052469016700672	0.0189223214312726	0.292576866201646	0.611101694304437
100001232	0.986248340750743	0.943250324477311	0.291990328850578	0.682301053560013
100001948	0.338407850139833	0.274210836269004	0.303451604515343	0.521942557150807
100001073	0.613057732308641	0.666144672337679	0.351412981572459	0.611645576931561
100015637	0.93001514333242	0.425285278197027	0.302832492220306	0.679906706801657
100006360	0.722077202536004	0.974624955761285	0.287014291922435	0.687336674754401
1488	0.632614531009613	0.855489570803287	0.28380382768107	0.677504574538068
100002253	0.805499048321132	0.874546536142638	0.2786637050509	0.702897724860227
1023	0.96524359341793	0.838445781147662	0.280588917375062	0.677157413473125
100004284	0.675174432504991	0.788472436089785	0.276990550203545	0.694748441431614
100001251	0.663191228307783	0.997930401318516	0.283304420004873	0.685981739935094
362	0.695020885962751	0.484985471132219	0.256211967893047	0.682141453994096
100006620	0.767843111469382	0.870730288063639	0.283589359793065	0.689903003976146
111	0.344956647175153	0.146121026072326	0.239910455388326	0.65500214027522
100009045	0.626894798214697	0.222394286086422	0.228328003936282	0.86067987406149
100002927	0.736035866411809	0.891028144670212	0.278926599098994	0.70151657696101
100015641	0.794939462994806	0.940738085847008	0.281113085637271	0.691704567516952
1114	0.115863946551036	0.904344440707772	0.285844590161962	0.681682435885592
100020409	0.359304916392963	0.405846049631846	0.284997875613174	0.566694401255687
158	0.15410746259062	0.332324529443971	0.339895006209911	0.714712492578184
1224	0.0489655953068995	0.208495873180164	0.22554094124212	0.718669732713242
100001620	0.485787816922406	0.390412165119757	0.244334753636364	0.692471207750726
100020893	0.248601071329629	0.0325481481963555	0.263736164374069	0.376174041985179
100002458	0.760513575077845	0.452459502759399	0.333179264758218	0.616780134683775
100001112	0.802970028219663	0.965323913163569	0.282344311693108	0.691603715140431
100002953	0.414653855136514	0.828174285997035	0.279059428722585	0.697276407180993
1141	0.368156331986756	0.0241764854064621	0.361119394834321	0.49853786119211
100015834	0.463598882228817	0.97226705317608	0.282546245541221	0.684880415557435
100004561	0.659206029309142	0.894846563528066	0.281076225909264	0.690476927416828
100020497	0.800515530318431	0.741885197564377	0.268785468001628	0.710723538131657
498	0.0471225831785828	0.367283866252929	0.28322633770199	0.749780737112556
100006051	0.847624439766221	0.830275021781065	0.287128730559453	0.681409213061083
1668	0.565646269594643	0.739259385628723	0.280703429311718	0.654743462964529
100004523	0.430753140265806	0.933504524567196	0.287796843393729	0.68017381290313
100001604	0.261582741603581	0.608841887428126	0.278354319301284	0.722451013285044
100001002	0.134048830770161	0.369132055373785	0.299284393277902	0.670025147871881
100001987	0.0603606431879521	0.265248013596169	0.810509838606976	0.547173766714448
100002462	0.628842531784901	0.36984918079937	0.337474498837151	0.573633594935866
466	0.580716495216549	0.0553847312762345	0.3119035852421	0.661397356419565
100000665	0.89015498469081	0.417677608681886	0.319207435880371	0.62845107503587
445	0.969976015576601	0.40289515961437	0.311365630046766	0.741287865514563
2029	0.247880129511997	0.867249216103402	0.277753076098545	0.686807305491641
100006438	0.140031797219623	0.307484647294196	0.323179423436067	0.69609975338349
100001398	0.159543920474338	0.635179232575039	0.266312475992162	0.702978565166831
235	0.382425539830957	0.347102359691014	0.242838397680168	0.730498138063779
100000997	0.673465150605758	0.658400680334443	0.28645798787697	0.659983336754931
100002094	0.241638416574433	0.181361206727554	0.235493158640485	0.542729622002523
1052	0.634219889483782	0.948015712858774	0.286190805106509	0.702832350652399
100020823	0.31427899490323	0.59280234181211	0.266901938591525	0.674158915212166
100001806	0.289867202380432	0.690490772393566	0.321606159873637	0.694105209134862
100006092	0.920320258402547	0.871667923741455	0.277668365024354	0.699614982689936
100001415	0.0824272966301492	0.0426819775655086	0.297606125741144	0.363946007416248
100000008	0.0310647796367788	0.0441419032449084	0.320164515490481	0.504000261575177
565	0.00886857906264325	0.0796841962599842	0.28324970714314	0.750964815782696
100015851	0.157188635654151	0.196865916566742	0.355618025681224	0.825952254715472
100001866	0.56747158313152	0.987986721979055	0.287096120032224	0.693240830407816
100020546	0.00257912627480694	0.0316010876991487	0.508393837663592	0.875537829601464
100016110	0.490650951147756	0.273750376072168	0.213006310365824	0.821217841559375
100001254	0.00339396393959942	0.016018673773042	0.360587812073293	0.891992648102179
100006260	0.42400685149282	0.918607922606921	0.284318408240965	0.68510783234487
826	0.673601820010251	0.887515649914799	0.282833373966234	0.682397110620769
100001872	0.449372513391859	0.848399550615694	0.283426748774562	0.685642217278318
100000263	0.355064489423551	0.397568838532683	0.343799401273124	0.681790918876059
100021198	0.823881259730148	0.0503466671068765	0.190916794827843	0.393887263676305
100015967	0.0345419450053229	0.0928627514766703	0.352160357917216	0.507320908929407
278	0.114206379845048	0.162825908078946	0.258966629105245	0.964881006923587
519	0.77684057477825	0.377592322846695	0.333270700206188	0.627679519269373
100009337	0.117253005168106	0.377779146853733	0.368609413892729	0.672960127713931
100002185	0.310232828268924	0.912248983824063	0.291616888314483	0.699010137506743
100001278	0.395991720296655	0.29000061373029	0.346249337714752	0.638880627795544
100002103	0.819682920458159	0.620370976817465	0.283193165916512	0.638244326806481
980	0.815854654477336	0.483806371488156	0.309808756927896	0.668504631642385
100000016	0.758526557349703	0.258473834514042	0.275942632328954	0.65307942899865
100020372	0.211747348964819	0.705712825709392	0.282255327261228	0.651876390487998
100001662	0.753687039842824	0.151852658471944	0.117666934764495	0.699750475337082
100019972	0.968295569587935	0.591949652145183	0.29327839320069	0.669151575528901
254	0.763554071815852	0.701688451533208	0.27932886070177	0.691074212154646
100002009	0.66024489210778	0.719310880912432	0.279715087727947	0.62030799970855
100010895	0.419289348780129	0.478568432936809	0.330751731988886	0.665560221734311
1140	0.889162173479442	0.989443736929904	0.281659279324478	0.689426968390808
100008951	0.644016165268854	0.554894948893628	0.300731986900129	0.650469811145807
1084	0.40073029441269	0.977822695581974	0.282664831069465	0.696442958706572
100002796	0.105776048725964	0.37722733784886	0.248945030687858	0.632509700166948
358	0.958378192350911	0.971966361670435	0.282078344135088	0.686914942557969
100002070	0.86080284784505	0.776013580608615	0.276011613845897	0.710822567656837
1628	0.300810420566963	0.0451542282346623	0.359452886394109	0.678395671957378
823	0.722465415584016	0.574589290518926	0.251881744619863	0.738968714232018
100004414	0.42657282298005	0.051288203588251	0.378299035488885	0.838276188323193
100006129	0.682012202301878	0.671031658451798	0.264704046041022	0.703109162590938
100002028	0.684323849489062	0.450586636434424	0.383431879456509	0.49530453207401
100021707	0.538662938346963	0.832086911271172	0.27361426937204	0.708725724882297
100000054	0.481818105014806	0.414682151880193	0.275974377425976	0.711037587710675
100010869	0.432776685298163	0.13668965126205	0.292520611664982	0.531180979699249
100004575	0.0271606222079417	0.0934599593068517	0.348703594825046	0.965071408211894
100001212	0.988552313735014	0.6258551875787	0.286913878779452	0.617166716411388
818	0.159412818721996	0.346170470020546	0.348478091596173	0.609818365707223
100001092	0.00163924057187905	0.0273334955049759	0.278812713369291	0.669334833876003
100020371	0.91190590009394	0.96601497926082	0.283320823459086	0.685730098456693
100004112	0.133563177522063	0.346944895152614	0.314050854523786	0.690370198953926
1125	0.437211511243586	0.268421084668541	0.314606189763928	0.733066030448043
100020491	0.970226672633489	0.618277300721998	0.251663345420655	0.698733466759894
100003151	0.00192024235925135	0.0180091994648415	0.416011835577889	0.57603068902655
100000011	0.332751546341873	0.159048103305844	0.212417295568523	0.790519638242031
100003594	0.478378526631949	0.958543001079043	0.284349750743059	0.684183594330996
806	0.744126803930007	0.108757413478416	0.277496778880505	0.472573218753073
100001211	0.80404974507447	0.283044882862406	0.299742735122883	0.654263800432708
100002417	0.659292070700809	0.416957000353517	0.269136998025604	0.636116890845082
100009335	0.587741386843915	0.24516305105629	0.235298524145714	0.707462635677144
100000781	0.703307111257909	0.95601897157603	0.281357276740192	0.684976234502185
803	0.0302691219707153	0.0419538983158331	0.277434512879863	0.559932514591168
50	0.500537525956765	0.715448720518945	0.288033170415304	0.671532084985052
796	0.409642418809883	0.031654801674989	0.315521486947429	0.673296333757286
100005834	0.959715752074947	0.648290872653763	0.328469453111199	0.680510212049094
100001580	0.988263810214257	0.547974810127286	0.303222919280847	0.687366424698856
480	0.779189988196033	0.607010851231804	0.252984915575199	0.693386002362925
100001540	0.243904147180515	0.710867080067536	0.363168205261793	0.771366808026973
339	0.533044460241828	0.0908515563578971	0.258043125455258	0.587633326637236
1110	0.82310581224626	0.659157121105239	0.295605551821301	0.607933700373762
100015836	0.17354793301453	0.181387893565098	0.410302288864579	0.857290849867278
100009271	0.522235660830695	0.493404666336409	0.319815303240789	0.663571609134354
100015638	0.996730679246054	0.411666116646135	0.298032310478513	0.665272028973945
100021667	0.879754560362914	0.291261769730274	0.332197611465295	0.667122925615225
100001279	0.604250949598045	0.364692485559455	0.307440695341016	0.807810710793622
100004208	0.0232063349004559	0.175506001832646	0.406686949874527	0.787465343044228
100003695	0.211128378074075	0.138462847827657	0.309588552430296	0.467660519761306
100000802	0.814133031470254	0.86117675380364	0.286061550802099	0.68031965139071
100002769	0.973030041475998	0.164861373089728	0.215663545045652	0.782994582416801
100015835	0.0968845506872563	0.22968192532887	0.435291703352822	0.913325560816609
229	0.864646422392142	0.348296016832726	0.319798735801475	0.679609281254964
100001266	0.00634815279546974	0.0241933742745485	0.350007581202183	0.995028106025299
1342	0.297063615752351	0.353682763065342	0.241987562130269	0.705670719416302
100002102	0.912819301427353	0.724394626399548	0.307224344689511	0.745261118929328
100020254	0.178067608846138	0.687837436467758	0.277742512923161	0.705087485825922
1231	0.475200582457841	0.238717514151797	0.339207353763769	0.636414423217417
100020492	0.959501525450837	0.995660043149476	0.284212185754334	0.685911909476794
100001402	0.359550024381961	0.48114542997736	0.32036277635849	0.691822059756111
415	0.00656076062655702	0.114391646737765	0.322827017514797	0.741820848216238
100003109	0.991828550199424	0.968785088563072	0.283296162798104	0.68570141867649
275	0.552113042929677	0.811832122748011	0.274795077327604	0.67138301836215
1143	0.20390233559891	0.14683443882197	0.267279364724435	0.758799172413709
279	0.363418113410936	0.294719432320812	0.286505991795206	0.537890467261143
100001198	0.979247732072123	0.891802120609882	0.278273807889676	0.697414852171727
1648	0.258544183434744	0.453264564629095	0.277769113746187	0.706004532392872
100001590	0.341413165448045	0.298515626986042	0.269421380355159	0.6108978880996
100001733	0.393441547891143	0.898858027666493	0.279867333903077	0.696645175456908
100008933	0.012791579066077	0.00107470700703138	0.397024510504946	0.636550585672703
100001550	0.345477989172016	0.441464300134442	0.264417160182278	0.630145328851582
1215	0.0598941027240394	0.191372817243527	0.235896977993384	0.637226496489583
100002356	0.264479633971266	0.0955229427502631	0.344091411373706	0.691710793936827
100002749	0.701770057577651	0.776071528639989	0.285329548679755	0.693320255083216
100006379	0.15179475997038	0.153809047483816	0.334898281405246	0.427090853985336
100015966	0.0779114006930034	0.157140516171322	0.309166287890161	0.510716701757437
100001392	0.672931080685803	0.925246821976085	0.284767174423778	0.684270527389096
100020425	0.104871132121243	0.0258675239995259	0.233906119629872	0.420092841143782
100004299	0.318102760831866	0.846883163297245	0.295732009903081	0.725131051513568
100001734	0.483117272212493	0.319522996514818	0.307271542322913	0.590329852253105
1002	0.850108009669934	0.812614316290024	0.284074534281523	0.684567084469641
100001337	0.288225496497552	0.764172498116417	0.265883629486856	0.688866550099004
100001452	0.772574907084332	0.812397663502261	0.280540072052723	0.664995445617921
314	0.521150626537491	0.362059124567315	0.293972230817662	0.704893811172964
100009264	0.985524534771367	0.509260956438881	0.220046034829924	0.816287360667008
100004634	0.448610226929923	0.511029170776907	0.254410035041571	0.703390453054752
100000711	0.808100725239374	0.885282632213193	0.295800785172604	0.694968846285304
100020536	0.024913315325372	0.160048753190935	0.340448506431183	0.766991240092332
100004318	0.278400996648907	0.518831604178022	0.293954668618064	0.677571387008424
100005850	0.873751480220192	0.362210230050205	0.372921081398409	0.62199507665803
100006619	0.308586313984241	0.129023055167667	0.324416393664335	0.670198208706676
356	0.519035683030553	0.750455997307732	0.273701843574148	0.69943923202697
1221	0.587626681852936	0.572702798755562	0.361789169259532	0.726436259354636
100001397	0.659215283786429	0.493484546772366	0.281380720606431	0.669038356454375
100019981	0.708986958877752	0.847606411691849	0.279592609144016	0.669294440440642
100001208	0.440152178778225	0.234682567249054	0.242531991825242	0.982543187604914
503	0.0133632828401765	0.0154389136947458	0.173230255918558	0.541581513691242
100006375	0.13962286873304	0.619097770321553	0.305850935938847	0.665632977983733
100001295	0.780178556916235	0.677944887513696	0.274657176714471	0.763637004544321
100020427	0.0434349968621372	0.013243837620753	0.269879786391984	0.363148528094372
100002784	0.495601384550871	0.346975782182239	0.238973540457729	0.757220056406852
917	0.0503035843660543	0.170789433899477	0.309598827453728	0.634331312104176
1869	0.369120797731624	0.190641453569489	0.308022310552813	0.56307639115549
240	0.232289760661333	0.0951807534280015	0.177724292890236	0.484754330714726
798	0.00332948821678418	0.0558574547119735	0.436590683858836	0.607202466175666
100002952	0.258691875708475	0.438172534655386	0.283250015259028	0.773414269388628
98	0.615024922707138	0.764130025802141	0.302452113674873	0.694705059069338
100008998	0.324248576828043	0.391104258549867	0.230536137370788	0.745623373468793
477	0.82755625750738	0.324878673158859	0.288108578611807	0.681780347212902
100020545	0.0883272737859513	0.171093114914871	0.326894766046002	0.835285947431554
100021666	0.936111251867908	0.263456325756897	0.319821098261751	0.678416760992977
1256	0.591000741383057	0.822521640411275	0.309592212019895	0.70877169971796
533	0.34653025593651	0.0973957357885145	0.207926418809888	0.453209867388806
100001757	0.454267355311366	0.97040928940761	0.286623698159414	0.684951631532807
1024	0.317790662277223	0.0741408552790686	0.180597554582438	0.820848219585034
267	0.500012368325866	0.825643651638183	0.290540903306654	0.678053991187186
100002113	0.143256351882625	0.186108191873324	0.271847380797792	0.708800981797672
100001756	0.858320471043023	0.703765854864458	0.294477779732477	0.707704295846823
100001193	0.435136473489642	0.159095725079715	0.355908870464553	0.629033790161485
100001668	0.726771251764622	0.875268346314768	0.286271431923807	0.677613607544905
1124	0.381133519255165	0.422130555878349	0.255429618996893	0.761110913338502
100021331	0.167180282476341	0.332539430313118	0.266990300831049	0.72397444589181
1090	0.0637377022377178	0.0400343979603588	0.265455802291934	0.833944273373632
566	0.807010052514098	0.368248132356311	0.21904249929242	0.689608877952534
100003119	0.427171634261069	0.231854895286767	0.321502459035276	0.61457688783022
100006367	0.722224607687003	0.490962770155183	0.295563739521467	0.661554180622097
100004322	0.22438025074945	0.264771351694969	0.290743294252876	0.763975142774963
100001034	0.677481673887015	0.818633114865778	0.279478015137686	0.677498133176157
112	0.728403317149737	0.406392948061361	0.293360840195361	0.532741572845736
507	0.727010628053858	0.76837235718274	0.281679840752209	0.692444045035623
100009233	0.349380965122915	0.234312432435609	0.261497320188032	0.703670840069366
100000406	0.0167773269462839	0.138103316693363	0.43774359150932	0.497522838341521
100004046	0.362555744704673	0.351381011660712	0.168306434346428	0.615913393091686
1025	0.780771721117344	0.732386982321859	0.273745936998044	0.702381017980248
100001106	0.157388695366283	0.155268820847565	0.236613306546166	0.714248635650538
1128	0.0243959768054863	0.543358437463154	0.314474513549973	0.737603438795251
561	0.0441101095350852	0.185914481717641	0.202630668063845	0.603673038824816
100001614	0.831951978454427	0.304869650407966	0.300091796784103	0.657589650260625
100000961	0.948070112193193	0.66246903541705	0.248201549837425	0.760051627412239
100002397	0.81741138519018	0.417724359158082	0.283506882740863	0.57980696558855
100009407	0.92060381441716	0.865609023300022	0.276540737631842	0.700393496808164
100002910	0.855599456778296	0.692167303778762	0.265319419772216	0.639523113029431
100005946	0.258628801381911	0.327210264151731	0.325477046156768	0.789011043461026
100019794	0.0943748410310852	0.293107993881986	0.281210757031609	0.846763447454956
100015759	0.357759660464316	0.122568388763736	0.242685003682393	0.691719334802644
100020417	0.685528201561018	0.44262541514468	0.257655084571948	0.653385727110018
100001054	0.751660731591194	0.87720168675337	0.289809340971592	0.68709399037025
100001437	0.316399436835445	0.34083084906669	0.238167723896291	0.61676360173095
504	0.253888511697085	0.737559881106021	0.324356437043024	0.695722990033654
100001988	0.459998469284767	0.651724847577647	0.277421371149913	0.838720279719572
1082	0.0324612375999549	0.766857271076363	0.300101511667537	0.704433988861747
100001403	0.290173470179276	0.282179391140959	0.32228776649883	0.662065375514374
100001664	0.983289086619844	0.682186931076348	0.272224424905221	0.808799523228901
461	0.226321977904176	0.11599776421328	0.492274954610366	0.656055425040522
100000463	0.699674571578007	0.946299423341756	0.284098390484278	0.685523936489951
100020208	0.617169075797457	0.618811731329479	0.309709849940946	0.60126772355058
381	0.57432933640667	0.0793732621879818	0.131703227009598	0.533056551048614
100010901	0.0920643069147902	0.0870936835843706	0.280457526586806	0.797269709030777
100001468	0.23909611819624	0.906485087841853	0.279057519821158	0.710861223541147
100000840	0.930136749383777	0.869570730634046	0.281123321611401	0.700759814728224
100020014	0.238340079698588	0.613079073994841	0.277835083078149	0.699740868046794
100001993	0.763345520428453	0.606097504505769	0.235877262476505	0.836708892232376
100001051	0.09546201497031	0.0134091466817837	0.314622205520432	0.354452576977033
100006116	0.386095146971903	0.518246114708812	0.286815662809346	0.687255411487163
1108	0.960596644151455	0.930273102471668	0.281226623955518	0.694604152138565
100019966	0.379120761620973	0.151441140207562	0.339094827873237	0.652586074632394
100001743	0.599558560889295	0.381450552682796	0.276559118053154	0.66661993802828
100001294	0.111680285188036	0.154437451110711	0.194363736804541	0.754276044590628
100001609	0.285518691769189	0.122603335341729	0.263454465553547	0.778492725938366
418	0.741534684447167	0.911727609341224	0.287650879925671	0.677967715451995
100001178	0.369216259601096	0.852119530020224	0.278743408394302	0.66743393536639
189	0.971009756426476	0.716975621607657	0.262885505823494	0.657446531611517
563	0.471225055473573	0.905344273895671	0.292376167757651	0.679099523782721
424	0.635239924379853	0.519608084899441	0.311282757590005	0.66967668672181
100000776	0.133662335922308	0.320297978789979	0.317582749624036	0.69492110040299
1001	0.801659048391408	0.15214898059099	0.299269884455422	0.696958012053258
1135	0.319431616555289	0.0834086510299508	0.274233370748539	0.747266476758424
100021093	0.350232701868844	0.471045612877819	0.328798076942758	0.710167090346242
100020219	0.125677491183572	0.305780451818952	0.297907503047315	0.589510548167211
194	0.487317839393487	0.709701964352172	0.297362723606085	0.633571444490494
100008930	0.741922767342877	0.702483833997402	0.302818246784166	0.6702689239815
340	0.625091881613742	0.216083610309623	0.170446749105537	0.778577018660784
100010896	0.881306938800771	0.889274928424239	0.278919119165366	0.688995314040643
100000787	0.203761779739151	0.103114069952639	0.282147776863501	0.393541416769003
100000639	0.0326479419131118	0.265044696121244	0.259623244111649	0.688472434517662
100001851	0.913614278686041	0.158007672894172	0.32167088575248	0.417193772104193
179	0.707908381524842	0.271090047023512	0.269687468371773	0.724253216381263
100000626	0.387809104314468	0.74648129607185	0.295478781172759	0.685259241214442
100001605	0.0119153300927596	0.127318208831679	0.356444561752743	0.763918535683552
330	0.206743749100098	0.315538058299415	0.325975523721851	0.51874006024321
100001162	0.775919060580309	0.531202412648116	0.249842598297878	0.648433713191833
100001167	0.0281599395806473	0.153920240060135	0.286396908416141	0.657910769133795
100002067	0.587052328931504	0.823051349509049	0.350748932135765	0.644790733481947
100019968	0.664723700774441	0.401092875028435	0.313465919381625	0.626015034696992
100002014	0.941582256594156	0.948995190217998	0.282179247481545	0.721971976970194
100004083	0.459735330491828	0.138197624981021	0.313522042367588	0.554962457508016
100001315	0.307517115001407	0.377060349233951	0.295922609325629	0.756533526185686
535	0.156864651327796	0.277833611031777	0.320699505833568	0.679941157576878
93	0.36966176222461	0.175840690040747	0.331231280751693	0.494568693562895
100001989	0.357369605095006	0.643223269552064	0.262847312658022	0.726152808369677
100001740	0.760416402559773	0.387070503351789	0.256557939935016	0.708012138871376
482	0.177177112800898	0.877118965849698	0.284173784352084	0.671849668295676
1629	0.169583494362694	0.113589858276351	0.390184080059443	0.652944997721817
100001399	0.433359169798272	0.330549435474157	0.303708139998018	0.68411317913376
376	0.865649956900934	0.205761166089067	0.186400153342819	0.781134111553917
342	0.470414621111834	0.930618820688916	0.283009588306108	0.685390947115903
100001253	0.0253293522610333	0.184883589749243	0.237289760697555	0.89792344921207
100000708	0.629451081776187	0.788943449974098	0.299647705371103	0.693522796632703
244	0.177198199063223	0.0386301140871671	0.236866353775552	0.806733512033568
100006726	0.393711194607918	0.25551358349858	0.33721267477201	0.667113672539533
100000036	0.151810423955647	0.712367664317868	0.267504862280964	0.716736160228581
100001257	0.0224056388372677	0.0812916618676797	0.386646870542011	0.95606082701854
100000445	0.594262938446567	0.660818660845536	0.305731677489596	0.649508243049144
100004088	0.00409680476942593	0.130189522939457	0.325483192872273	0.757836248031075
100001423	0.988319344558612	0.734794974380042	0.287535565508009	0.657184767179389
100001276	0.331625986562212	0.23711298844645	0.258825672950003	0.593188600400308
100001876	0.764713009425833	0.914993666247337	0.280109731753785	0.688965559034709
100009082	0.642914486802933	0.0323249900950958	0.120150439464456	0.681341917153718
100001121	0.336246885521618	0.744404653430433	0.27884471464058	0.681918984634312
117	0.323109721752676	0.663052162563088	0.267570265109729	0.70420274265398
100001868	0.0397376227022383	0.130686138434598	0.330035117501019	0.695080423350674
1134	0.604715008964443	0.184900691270831	0.170828550196752	0.648976066904269
100021012	0.251079337946667	0.485008811439855	0.291478271383433	0.708168503304879
100001181	0.764064748661734	0.243310176330671	0.354504097981946	0.613674335325054
100021467	0.831567792941719	0.425156721983728	0.284372825550445	0.618793322843534
100000447	0.23214388073746	0.244434323289994	0.328151428774375	0.64903954677774
1162	0.000425612033474321	0.0138065117074444	0.378520665881695	0.578210241326194
100019982	0.509340473794125	0.370431527148671	0.299652142043733	0.664898868123794
100001613	0.953013216574954	0.362173960542892	0.301234391564	0.649213311312725
100006644	0.387580975641249	0.658199930810021	0.267279742911192	0.709402797410466
100000096	0.546708348489724	0.0139134646728434	0.179067847434067	0.656457191999864
926	0.512973709202155	0.632657435188184	0.290260640451057	0.689934933252433
100020004	0.86865019430358	0.634737225261767	0.301824155176815	0.683396532595029
363	0.173998520108786	0.0371501579019618	0.264343983745791	0.261016648504223
1111	0.445978017464308	0.732100503894031	0.315059259913588	0.604702229582183
100021712	0.661833016249657	0.788040656237184	0.281339855764142	0.672610244997609
460	0.868989368876201	0.741689494533134	0.291301195834147	0.7186987165802
100009331	0.365461514159536	0.238585127893229	0.25513370050902	0.714735251218009
100000442	0.26331444333003	0.787908054905872	0.299916607412441	0.697735320129465
100002945	0.0912060384929144	0.0149937320322639	0.374021783943428	0.639881243027476
192	0.855097333977777	0.978486847141108	0.297317511458033	0.689807573293842
100020241	0.441969944683526	0.900680182561206	0.284810548163452	0.687633303059347
100000580	0.120263036113476	0.104305417899119	0.237999779309533	0.941602463109487
100002466	0.00634495352319217	0.0203461954360241	0.244381220170579	0.427786483187399
849	0.777473524534584	0.77701687048115	0.284898764504291	0.661151964298609
501	0.495697976999	0.36461390700779	0.316818157384	0.639660832854486
100000282	0.646277838328557	0.0958038473966097	0.373820876180273	0.570760941030584
100001577	0.0292503085396354	0.183241538218292	0.382961107533422	0.750080636407163
355	0.0795574896378158	0.241012237621551	0.228776930353508	0.579831057918497
100000841	0.765204896983345	0.973199190148733	0.293746042444793	0.697866286681269
100000846	0.814289636073108	0.311452072381044	0.272147868833104	0.680120934403517
100004295	0.876518679671717	0.370633172411644	0.261576121107088	0.631998428507786
100001586	0.136617519999808	0.102121913306756	0.376245904456073	0.399710731293832
407	0.0124973446297557	0.0325691060029432	0.314362165131268	0.758006135888803
1137	0.801528027116414	0.608880721621031	0.265691810322439	0.744745412927891
100021374	0.0340116981657846	0.0103483517220704	0.21063410231101	0.889596806934255
100001593	0.688266978176059	0.831117415787122	0.277950610569256	0.693142368381789
100015971	0.712661166877098	0.678387542812159	0.275947689311518	0.682076176471205
100001022	0.333948558217704	0.133663293708709	0.164196310568167	0.987811592095154
1094	0.0530510490083616	0.201126970836103	0.453282819468607	0.925005983984374
100002122	0.253464982348102	0.22303508850354	0.229780850340578	0.795370957703852
100000706	0.673699683347987	0.398511026021969	0.225333594648721	0.686913410100688
100001055	0.799352488430318	0.365997112363843	0.256531738917583	0.620445903822365
1235	0.504600360022086	0.801488435671491	0.273293162008094	0.709509006037775
100020204	0.0973747075032596	0.585384458180746	0.300706763492301	0.724956718577009
100015643	0.0311671954158355	0.298352303195212	0.309326989259819	0.638093814247975
313	0.0206069673291354	0.296764190171909	0.298678041830986	0.625976455185546
100001413	0.788384170259094	0.968365507125925	0.29164266773012	0.691183877071632
100020423	0.0171322128977321	0.0109296683223666	0.307720748018366	0.355298011257973
892	0.449625142033422	0.12063153809919	0.313302281153561	0.715229606491505
212	0.0552842423703436	0.0913358392305573	0.369797304263292	0.67436912891464
100006105	0.192481966394998	0.17467073829837	0.321195390661109	0.701769617821895
437	0.831258079978438	0.481963768480865	0.258011920191561	0.707590614636098
100019892	0.50572900406766	0.599234361016335	0.280735824573568	0.728791824791215
100005716	0.052860340710484	0.0499797698581551	0.309741826194828	0.786964311782935
537	0.201374746852439	0.0964542216949724	0.295471518285982	0.712091898556823
100001990	0.311697222490167	0.729011689660795	0.311280885242711	0.654324072495764
100003397	0.0298086119556312	0.00254431509556114	0.223841117126508	0.436600979572155
100001320	0.119538001110852	0.239806929693135	0.357709458158998	0.458444312060094
100005717	0.102597184595619	0.0427186087244589	0.337739420370416	0.727275551215171
100001207	0.0403502180966748	0.360880044977428	0.312289940530882	0.688250390742655
100001999	0.516400607908392	0.828047091119988	0.274789127503695	0.774843847718476
100002488	0.226691830781078	0.0151526450846189	0.339492784763661	0.628186696577862
62	0.31960215887575	0.643807095062108	0.288549745288551	0.681942650510766
100000467	0.570822889030588	0.418678688858859	0.273843805142951	0.654746957817685
297	0.00467374360699124	0.145959958270723	0.292033540739183	0.649849996559464
100000285	0.0279880435089076	0.419814625592147	0.284109316217449	0.775088196540899
100006056	0.0702538428248494	0.454625371826464	0.293696758831111	0.723525844745294
100002126	0.12379329362837	0.256444923781044	0.220779315930292	0.991571148513918
100002129	0.790265835177884	0.75097406307574	0.265760838687804	0.800128509841981
100020478	0.0296990846686903	0.189292823554466	0.250523508927843	0.722258137612647
100004089	0.102193013937909	0.857583587228279	0.278845600490751	0.703220623491216
100001755	0.535426675621329	0.476595809787993	0.285679844561931	0.631026193531498
100000551	0.0270884487097711	0.98798767436504	0.289183639906282	0.686263232951498
100003260	0.412914485200155	0.18239807356139	0.332171168102549	0.785940332289905
100010955	0.876935533842437	0.418038290305965	0.22519844700218	0.589841875987897
100020851	0.213373787206581	0.467752807595851	0.304966562712335	0.70712729312443
100016069	0.628662798506756	0.795101147709841	0.287456530748586	0.673608130958869
100002027	0.494763868497353	0.514029847522576	0.212101534098685	0.803170874245775
1123	0.385268383343021	0.181576279000176	0.27071424027952	0.815677532761872
100001150	0.534767819231188	0.554854395379049	0.253804159314351	0.70954021603799
100001657	0.269750024153674	0.664462401129347	0.283400513696101	0.670041995537533
310	0.256031239587489	0.356924012121513	0.249397933612104	0.788710764023118
100001314	0.306160892712573	0.0653403103814812	0.25964417805286	0.552007148271181
452	0.697741435083446	0.650112456577957	0.318423330200136	0.658362981550602
144	0.0790590891863164	0.0423077888647221	0.358263924909583	0.538608772251223
100001182	0.201575326036972	0.138644213279591	0.352624152089742	0.666111404231783
100015965	0.728577426674651	0.41981160074267	0.2682568497528	0.765653194838192
100006108	0.976405158097233	0.501684900904148	0.291427573844426	0.720769435515636
100001400	0.674811257189709	0.580450512780979	0.267501281182762	0.673148013982343
100004541	0.244901122442646	0.146193067315913	0.28382132171729	0.400277299488185
932	0.83739687630525	0.304682247859283	0.289779424544547	0.721511878325771
100001992	0.442606311850828	0.546551746345661	0.397034138542744	0.586432404249586
100009252	0.135913586143585	0.19882626514639	0.329904288823777	0.677852191923374
100021104	0.617091976884084	0.554874460787864	0.232870968217763	0.81855145911404
100015838	0.0100063085735328	0.0389045822346728	0.39689794653903	0.941600627572692
250	0.000921839558808512	0.0248762693972876	0.497106127456025	0.792669160836808
100002537	0.954006585523814	0.489813272536072	0.260564647196181	0.798940576982626
100001658	0.881229215424716	0.809716232885108	0.297535457947308	0.678776681685284
100020416	0.27595400098486	0.337352372664449	0.251157043394447	0.661210138652629
100006642	0.224176159101056	0.813044987262838	0.275534185350897	0.703093717955696
100001391	0.0919539120511295	0.297790229373556	0.362228102474296	0.810557392756795
825	0.514955215444214	0.862078828180995	0.276090111694021	0.689630800133213
215	0.0159563007866683	0.0878172611290301	0.340154558001785	0.665480301390026
100001026	0.98911246987158	0.887257982281155	0.281037724881232	0.719590868320546
100020541	0.393944264235052	0.404914572369749	0.244937971028583	0.727690903145535
100001526	0.225807357259158	0.291049029537093	0.420744894367824	0.796242525078622
100005384	0.450229627655227	0.291374656547208	0.263231605086968	0.583199790893275
100020378	0.326918032376794	0.386331703723056	0.258152729433537	0.703608544362443
100006115	0.981021388097864	0.352842011236545	0.374571446503816	0.570809187361211
1442	0.202008261063414	0.0388074196062741	0.121171052467139	0.569107436500585
100001843	0.168735888301084	0.260155273751664	0.299686454807875	0.767686241365673
100015837	0.126544304040602	0.195037555526379	0.522468498775425	0.630940758053933
100010834	0.67120010900214	0.866308795848216	0.284834562584522	0.674813936507627
100001393	0.632370918510102	0.312318547525471	0.211217102680874	0.740084899822921
100000015	0.255984283839669	0.680373303427567	0.268808671337913	0.703199426764455
100003892	0.0455855488095577	0.0424630847079255	0.243981684225517	0.953173636388078
100000042	0.188637112502159	0.0231943510038491	0.302737239770556	0.598116418930019
100020550	0.619414964561359	0.253791258537739	0.305914502253568	0.589715579484883
182	0.465576382971476	0.407038163105856	0.27403057906974	0.705082726514641
100015723	0.132687290622037	0.423154602169514	0.286326742720517	0.668738142072222
100020343	0.36708877423459	0.411627016109032	0.250161511491443	0.6926007978247
512	0.335338855840646	0.598160255240157	0.31302384703945	0.655574454778938
100021100	0.803468138232311	0.765748906803649	0.273690409510996	0.690206136296352
100002528	0.349820666410918	0.0744253258769845	0.329919207899741	0.477702234951008
100001287	0.460968923795277	0.750672473038395	0.378081045778372	0.63348980095264
100001229	0.693380443597304	0.930759360947803	0.289274318249617	0.68044867646207
181	0.366482005153958	0.817073950834979	0.277149359116755	0.712981748787078
100015831	0.0012368429558352	0.0164514918004233	0.371835392778459	0.481076968194551
100020515	0.342086166192566	0.529793614661107	0.241761150128385	0.812384912284891
327	0.183131272531742	0.171105674524552	0.358610543026526	0.627920667950818
100009394	0.653516343527017	0.717373786819214	0.264826560525819	0.719449824299928
100001596	0.915175152283975	0.227883809248379	0.256555060689775	0.518542765213092
207	0.792368596686177	0.36997440499509	0.302080459687393	0.634515478311334
2054	0.531674800881721	0.91029483450315	0.280997396095424	0.693241122206124
100020259	0.650689983416779	0.548709549847351	0.311053996561375	0.668995108241513
100020414	0.00316839982839952	0.0528513688300343	0.207698214548093	0.663334403091078
100021131	0.930744148490072	0.139862477750203	0.268455700283697	0.636081050814879
100004499	0.826474820718472	0.73868873948136	0.275172175917307	0.661050672741723
880	0.101932775731942	0.391792124394767	0.342843540688088	0.680345411841925
100002049	0.500480723002139	0.288644871020507	0.315484108980477	0.635074285851805
100001739	0.557274011648085	0.258247520092787	0.358289350478963	0.645825914020748
100001126	0.430990252660906	0.157101182004806	0.188856850022031	0.572266409203893
1113	0.552665802034025	0.591753131102608	0.313212174095573	0.616922134557347
1083	0.923947845755571	0.208108397713844	0.323792513762416	0.570515479086083
100001730	0.083151468140729	0.207152712746842	0.324435528613192	0.571849674237804
100001412	0.602794618126133	0.956824256969194	0.286234679179189	0.683575748010465
100005996	0.771416576129627	0.471314027887472	0.271625487390975	0.648357230592694
100015962	0.0070045229413039	0.116278026552188	0.22176972738246	0.960102844141878
100020214	0.723531033007708	0.436032397925611	0.29739503194784	0.612802860644154
100002514	0.11395791975552	0.324478204412118	0.294969588753814	0.624974530177747
564	0.187567060991304	0.0393979948968934	0.240749214965417	0.568711289451612
572	0.0194715052523667	0.00980047522037598	0.426939273610359	0.54289837377626
231	0.992372498589201	0.682353729090869	0.263592723557494	0.698584174147988
100000453	0.841145365414215	0.62310254776034	0.267274589069658	0.733441625793357
100001007	0.105683189070947	0.204692547804598	0.338584126463785	0.560553923817994
923	0.584357208014912	0.257973257267467	0.267628736853626	0.748799295628981
100001247	0.445009302142094	0.524505700929473	0.264729243358105	0.673046512084292
100000774	0.591291701892942	0.963341381348443	0.289484151827044	0.692573514394059
800	0.280425849954665	0.171242290004654	0.305765579707507	0.77403634039301
100021678	0.270029297467241	0.399419435006824	0.237891120964998	0.684512536470347
100021711	0.399416976665808	0.760070486752644	0.304499492655149	0.698227282040784
100001274	0.744268926761781	0.318722114211416	0.272456927711225	0.508293077298452
100021220	0.147462259633346	0.189621807916578	0.340116755469089	0.987830141947639
100020253	0.410328837550291	0.957538119003829	0.283256089548802	0.683937084298611
100001170	0.700623160314603	0.0998839039580838	0.260996187747805	0.569032548428071
100001466	0.276627396424694	0.962745250651336	0.285653366956063	0.684759525113122
100009406	0.733528619976608	0.662585817437034	0.270294236745923	0.705696544617547
1026	0.179861579554207	0.421169504787099	0.304030268813791	0.649308203530092
100020837	0.793982791383381	0.230221699482266	0.337630013570756	0.558991298287696
100001006	0.0683652975187798	0.0736305866222697	0.271212954388309	0.812096902380746
100003674	0.744957163064943	0.102459214583202	0.283924286904887	0.675624168315319
100004396	0.308779130008136	0.403482159334323	0.3289964926361	0.577218593553632
100015923	0.542921548305663	0.943268303194003	0.286415507310444	0.693442792573846
100000265	0.352954524352961	0.381132721136599	0.296226634023557	0.622462714816237
100001409	0.0656007424007259	0.0883460977640849	0.288527586565444	0.505464134440283
100003434	0.415383796827799	0.449250026657414	0.291032023124294	0.598139335351142
100001334	0.571442728644263	0.0395321506104937	0.362871194646897	0.553497096021223
100001102	0.787868192996976	0.532571736591374	0.301641215874683	0.647683311831334
1268	0.604632364261318	0.052979425690662	0.173213305909187	0.642772616257164
100001300	0.230561402274607	0.0829586579922073	0.253514478315434	0.686951367746267
100021324	0.227963273878624	0.610488520720187	0.378976050654598	0.678390971109191
100001617	0.175249163974198	0.781572485094842	0.285489604835701	0.688201024186831
1105	0.917561943427685	0.119264330460926	0.398505813569164	0.350825360154163
100021502	0.0549177959741368	0.230736175159826	0.269570923149572	0.720657326679736
2051	0.90794047116733	0.390216139935265	0.284720053510314	0.530754173598023
100001256	0.16232676166143	0.612229113240352	0.306815589175663	0.792185238222936
100005466	0.042296285773542	0.0346632487078629	0.334390505426907	0.442302939991284
100002199	0.164590510427504	0.943294769085637	0.281647337187124	0.68310145876489
338	0.0145259107993424	0.0425300485623765	0.462104812719208	0.445769039018631
100004243	0.470993199511261	0.592381761947415	0.263443840884141	0.699104550066398
799	0.438234850188899	0.976920574055256	0.295686858195012	0.685717947572093
100008928	0.620308023692916	0.119527155461801	0.28423167790508	0.67740827251304
815	0.0714239785906766	0.215445206024029	0.288994883837122	0.763717741752996
100001456	0.00572446178347598	0.0915973606087031	0.272020591213085	0.612706714973918
1242	0.0732680172144861	0.0721341251542231	0.349124965299182	0.48143744759018
100001416	0.280789662120353	0.0999844323845218	0.195986873249532	0.427200382881979
100001462	0.308793042418367	0.206130524206438	0.35153357963734	0.633709543250161
1087	0.204141192933644	0.0450008853681676	0.299424638672571	0.646092146483967
100020421	0.0514925099104055	0.0488645191838123	0.328456440181426	0.410718753220684
100000010	0.00398164833591466	0.100315859141196	0.311718831191208	0.713710788843541
821	0.454972958223902	0.208735688475588	0.329780379823514	0.479921363219263
100006627	0.225096068191194	0.0855587994064651	0.418057702384612	0.567798449424455
100001277	0.365602122809255	0.162156248967622	0.335385252172871	0.641871333822342
100021141	0.0421698195987795	0.198068294036319	0.312282424764476	0.786487937076567
100021105	0.18140767526218	0.278635395348217	0.297856153533352	0.508323740584215
100001950	0.000382187919991912	0.00891585325553938	0.346971910210949	0.858572780958978
100020217	0.860423647982524	0.23317842240767	0.19285101395032	0.497634049635712
100006651	0.0249881616150058	0.164891462755613	0.320501591651389	0.455521684311179
881	0.942330530322149	0.382050820483027	0.267022361045739	0.700164230183898
100001509	0.64682315757504	0.10956302803564	0.248825445251286	0.601317775884975
100021709	0.583639903463917	0.79309327359961	0.274922397140347	0.694358150178155
100001635	0.345204920744602	0.0489923848932786	0.307112186201585	0.638333908275895
100002613	0.456620739919521	0.107357271323024	0.261820247977829	0.775862155850004
100009329	0.516371749342132	0.580935481011046	0.241604943156882	0.858122506371255
100021123	0.892691387675548	0.667724386206094	0.292487966691288	0.617595567848125
100015760	0.273219379038159	0.186727222832693	0.235621121810571	0.721062734470285
100020205	0.367741062207323	0.381399216000361	0.336993534264991	0.500047563817757
100000765	0.659167522410351	0.319420385472576	0.272564175865493	0.624560740071652
100004111	0.333669208917817	0.153163126857839	0.310525171747347	0.661170248319599
100001615	0.190620931177941	0.767237208994836	0.283159930566231	0.683377925156331
100009227	0.165703578594161	0.0578657841020282	0.418176726045352	0.850320826310437
100006191	0.366731934004958	0.559863122747994	0.311916491690738	0.632733755238549
100004542	0.441615441015802	0.352639774978707	0.301777322703802	0.729149367556151
100003686	0.292920079790349	0.105673817421984	0.405135688659074	0.616601436302344
100009232	0.0259888717481427	0.225994078379535	0.282155220142787	0.596287390608177
100001501	0.0466036042250887	0.0914551100165076	0.357290757183108	0.73676167328515
100002367	0.502806601110284	0.229245016430882	0.26476482560936	0.53413576226331
100001108	0.330593915620812	0.628307824804306	0.278702226772621	0.675071489855781
100004227	0.747791061679029	0.942824454465852	0.282224425183996	0.69286002491255
100001310	0.193953386654582	0.313888546695869	0.266674759487836	0.794833740187481
100001994	0.813768803040855	0.922516646314332	0.299448187270347	0.741479370129936
100015839	0.0111915841013745	0.0090501527321492	0.36415469047642	0.794784647249084
100003271	0.00439769453087155	0.0672548375195103	0.371008241143929	0.48645207200562
100020496	0.826020102196354	0.981471295905786	0.286142168911196	0.688940027046894
302	0.740555075377835	0.500393795243329	0.254600191024348	0.660764577256031
811	0.823176020441846	0.857210308152684	0.278934683525402	0.707251191856812
100001267	0.962469723835125	0.839476846277949	0.273435602478761	0.683445268427225
100001197	0.0321881947585018	0.561841255877058	0.308114667431896	0.689537674309482
432	0.179609198090852	0.380598127970859	0.309277542821137	0.659458640534971
444	0.0113925874986794	0.0636097967586738	0.313924262275601	0.814804373540233
100015968	0.351222428904597	0.399525351899172	0.27872546439003	0.617627152386685
828	0.912244795512201	0.866684804929012	0.277401959138799	0.69190169656245
100004054	0.258565156860219	0.900422399063302	0.283489290360503	0.690074964002835
100004635	0.0882340430486306	0.121898290874036	0.662015962495941	0.411566691978729
100000491	0.407943130568039	0.499216152159166	0.276566651958829	0.572355115123869
100000939	0.0451341824065537	0.0322224362503697	0.300678108103941	0.582121785182006
241	0.236523155067017	0.786695153098298	0.294266053397457	0.695417747949445
136	0.393535708332347	0.078518502412563	0.248287477586244	0.862185213720577
100000792	0.558007434078597	0.959569636195336	0.286153462344467	0.736633462002077
100020973	0.711728457287474	0.999689886355045	0.283552728796738	0.686716860694203
100000936	0.733236056509538	0.895666848985155	0.281875637962362	0.687484916622033
100001313	0.00678729637712966	0.144347013714618	0.296262644533359	0.73996841919534
100001951	0.0492159392502052	0.0993378247610157	0.317510776876105	0.677070012948257
100006098	0.0240898156968515	0.188992411300486	0.314021656109759	0.767463212362484
100000007	0.222802769884517	0.51826941280072	0.291876829519413	0.691671101207753
100006641	0.89835097302532	0.825395843314118	0.307578036549795	0.688264310957244
913	0.00985884985891604	0.0540456357805556	0.350578362638161	0.552036260313469
100001579	0.791351857794589	0.378684779110232	0.314729633583193	0.686108533707541
100002911	0.142171645211193	0.00856136200813061	0.37417763678495	0.645505534866254
100001293	0.295054796105647	0.507709326937141	0.25770318061655	0.788931960349324
100002241	0.184401815616669	0.465470613293949	0.301877243976749	0.649395568628284
100003179	0.438689831808531	0.0905981832939419	0.267194853678745	0.54981675201611
100021372	0.304917668865027	0.180254818033899	0.205584736066283	0.69077176613118
100001956	0.326919243641769	0.557681657927236	0.286475362566869	0.609177688826064
100021162	0.259659481175674	0.29942401063985	0.27285261446872	0.55356225274099
100002259	0.354142636600782	0.616151125743597	0.260292154934493	0.681601593777819
252	0.411313628594756	0.646299495479532	0.324819180667097	0.635716191624504
100000707	0.415475921479626	0.267146752840587	0.27887095659805	0.695276766889547
1489	0.810619943717201	0.0398226116319092	0.215664911820617	0.670893235343996
100020361	0.0274857291819381	0.0769954762027852	0.311107653647313	0.983005715988241
55	0.795707670071015	0.923896657439417	0.298579445082295	0.680596442828319
100000863	0.255328363284633	0.248441072835552	0.244893462860499	0.725737188257809
100015840	0.166140708606038	0.0746781269380579	0.374448099259863	0.653578634574774
100001541	0.148883998334488	0.0774930135319337	0.19750343298864	0.672050993093621
100006082	0.152419238808473	0.053106393952734	0.374046470486598	0.67607086555257
1254	0.689354707645585	0.836597334158452	0.275799567615505	0.717819758227963
100001624	0.493852711314147	0.324753178057859	0.264212643046782	0.663199100853693
100015850	0.930592255942898	0.45805577839065	0.365600944314931	0.640811106350101
100001104	0.00394764867390685	0.0213367577872386	0.313359335504317	0.945027855464539
100000900	0.120231335071909	0.440767769012066	0.294298405835262	0.687205769535449
100000269	0.253528147453665	0.101033039654757	0.175327624462257	0.653454285640158
1022	0.246798277777	0.764901309344836	0.286645750074787	0.671995611724839
100005373	0.244870796253253	0.108694354091723	0.253609350041886	0.717541306360784
100001129	0.138916430919447	0.830205354147779	0.277116744773322	0.703200497252068
935	0.0083785274159909	0.0764682432146373	0.379367802382704	0.532935125027598
100001262	0.130307331592363	0.128873896875825	0.298052232362268	0.71665473287572
100019978	0.326784171182021	0.493991102597934	0.275247611783096	0.667742494445674
100002293	0.691833586536386	0.672600049777243	0.287912589543063	0.688759331290038
100001426	0.168894826711272	0.208730667237623	0.292269964112921	0.501893619840522
234	0.0340203656666419	0.16482213675501	0.281538740670869	0.660823094737991
100005403	0.236298994195905	0.897886069530753	0.300486384478691	0.675585149050875
100001083	0.0368462699759894	0.348600320138959	0.311906800717125	0.702594116539869
439	0.741997770738287	0.355474396173952	0.303680288601865	0.679565042147892
100001086	0.452652686177089	0.799981919793139	0.288328135046873	0.710692752902188
100005864	0.742228810842077	0.438746396951713	0.25837963683211	0.756552440675914
491	0.505266763269687	0.923442905102235	0.281571748995461	0.6873606402089
100002029	0.474806831694952	0.435265307632691	0.26930476662061	0.558209045436367
100002154	0.81731090325265	0.454263606691917	0.248794694348288	0.664469943208267
891	0.540345155320323	0.239582062469771	0.315108733659687	0.655478919666234
100020261	0.367362177872383	0.432937828024196	0.342836163542816	0.656343358783682
100001296	0.504207845217747	0.49657043756053	0.287683066537874	0.583606774202466
2050	0.468907433892792	0.493771736058088	0.306363869890593	0.626837052975989
100002761	0.329135729829824	0.717988022565398	0.255607000689349	0.803086035196578
100006614	0.812772395685257	0.727297800109563	0.266385289101906	0.738374880147757
100001597	0.827262718482066	0.191574208236032	0.195583907294381	0.519416426173397
100020853	0.920118786909776	0.755848322691512	0.274637964388674	0.671293906358968
100001446	0.215306143831881	0.261457157020438	0.245174285229207	0.676465659762082
100003240	0.263005354623478	0.0843978256044537	0.332910495097739	0.595527546963932
100001502	0.0280568486296891	0.243141987723348	0.335946530972704	0.768881530457848
100020866	0.0910429353948625	0.00791118684622368	0.174747210895354	0.489214686903419
100020419	0.0230009960373614	0.0508968525489763	0.313388778389314	0.398656237305156
35	0.529524856865145	0.316795792780471	0.260984874250236	0.634051319327867
100003696	0.0158491667681125	0.0714157802095504	0.393015031588467	0.635421060057567
100016038	0.839252557252542	0.802875602895343	0.27639105090619	0.658390954101183
100009333	0.238571198125998	0.239773318811624	0.281708648066962	0.709686401213965
100001611	0.198836801210065	0.501252451318115	0.338009271645703	0.672333194260788
100005383	0.796692724471744	0.52864648510637	0.289003006449807	0.709816157689362
100009239	0.285464497071271	0.0972518940025345	0.360215375627575	0.494893675643033
100009332	0.393610854654595	0.371540781917707	0.283590061120602	0.656863881140243
100001731	0.153730613386009	0.725751559441052	0.289378750394678	0.667005121744211
100003415	0.325291767392635	0.32538884831717	0.26737702782556	0.717207910484241
100020578	0.137146237179912	0.19926203407504	0.265523547187608	0.585515983588609
893	0.827120186697723	0.52278824543564	0.281036160356052	0.697555269301901
100000963	0.295872732824565	0.171064137803312	0.374825355109744	0.476925295013696
273	0.156987776814689	0.359678450094989	0.319763627069227	0.687779774431301
197	0.416779366472282	0.310781150353701	0.273424340926988	0.538990321188327
100000808	0.304184853278187	0.214379213124977	0.26082738856938	0.852607897048543
100002284	0.768315353412873	0.32727819085352	0.178782498365787	0.623830705622123
888	0.990346328043201	0.10931782910609	0.307023381126887	0.670209696518756
100006435	0.572961584114375	0.404557443166129	0.227222094562641	0.946764220878934
100006374	0.21648662351781	0.662708238794845	0.289049447746483	0.678407657224094
100003169	0.538256723669163	0.969643542815146	0.281274476214555	0.684651213498563
1004	0.59035446251585	0.856115758031846	0.275005149888518	0.673064316382192
100005998	0.102339942372005	0.94463590538994	0.28555950154354	0.683265035604096
100000773	0.616295677644477	0.450089162751095	0.289876453302024	0.665712092242582
100010850	0.0145264708029821	0.130341472870588	0.338767702223497	0.561995027638504
397	0.790545434371223	0.476428434399863	0.228768453683536	0.735194908708305
100000039	0.0722656367329714	0.240501621535271	0.232251151327008	0.739480221233501
100020833	0.786191872865869	0.580366137984341	0.296449841650625	0.75947974472385
1021	0.464534231512809	0.458977092336626	0.267937623901501	0.716969626112296
100020479	0.3451193306628	0.575179307603753	0.288766074662172	0.695648867173823
100001335	0.509837037244198	0.310045395782011	0.323645757344559	0.652395593744256
100000743	0.654974025273222	0.694151240477065	0.281655368522859	0.775086666424814
100009246	0.179859871206619	0.712051942598769	0.274389202237667	0.711388093762204
878	0.0859877470747221	0.638071763782223	0.304596088724671	0.668406229772898
100021103	0.748934002735244	0.79653730897441	0.275834977332958	0.784205028720433
100021363	0.277781939730988	0.80563824051178	0.27502777537497	0.703327754693458
266	0.134920872477935	0.246364497158979	0.286977595919501	0.617342486297093
100001195	0.331622510468932	0.241725627044686	0.358087334684811	0.615677018423256
100019801	0.762548712667002	0.672866293977718	0.296947063114476	0.671230184556372
100002196	0.0415475814734217	0.329128646306485	0.295006907226	0.693121055667419
100006370	0.299904931695526	0.660724342588074	0.300301931995175	0.66890185715661
100001510	0.0292903760413822	0.00256544591510539	0.231384433297729	0.79583401129259
100000437	0.494525382587008	0.361809120547281	0.269836859446359	0.76639428815121
100001767	0.141120883350392	0.0273268003200033	0.349677502077749	0.755389086244846
100001810	0.455920440194771	0.650161045324286	0.290586268697664	0.795900997195109
209	0.0310604368910864	0.355401414325032	0.325487333507313	0.669618589794979
100001485	0.254069643107617	0.0955020671479471	0.174463805983258	0.618637747175801
100002500	0.11761444654454	0.46062197830395	0.287313046079361	0.658908041476189
171	0.0239647611921213	0.0175127873834589	0.216975646952725	0.676934438048724
100020487	0.984663248281443	0.740402927104872	0.312364848809346	0.623315070570211
1206	0.00672593609756736	0.124909549842974	0.286628840730853	0.734580410059839
344	0.0118191727259115	0.0256150850256034	0.561026810635864	0.79267795163107
100001405	0.486941358462834	0.957686480155711	0.285902740775996	0.683597961697081
1239	0.953920158546338	0.424508873507961	0.320527040114862	0.69120144927355
391	0.0470559213894057	0.100568178929558	0.258053662921214	0.951197970216159
100006430	0.420507623298526	0.117797709032928	0.365948081601311	0.389032089509531
100001417	0.957890414921426	0.419668447655679	0.267355866686511	0.818125256575085
100002951	0.0568123600424947	0.539322195797445	0.278665463983706	0.621392441365895
100000014	0.423599576864634	0.606284686124278	0.277028888541023	0.722327829061137
100003926	0.547556620084161	0.445640730980666	0.309555128564184	0.665249564283747
100021538	0.493513184037486	0.340560386485463	0.334606817622774	0.59518770797181
132	0.307762074098413	0.947543123128615	0.28366700668367	0.685713295276121
100001425	0.507459945853791	0.335228007792631	0.387912327556409	0.589631920637621
100020262	0.606101147975853	0.643736906462413	0.304915652229941	0.672244139268003
100002679	0.363381220532167	0.752218404684205	0.271093345744138	0.741948420001929
100001270	0.74788452114243	0.493739214467812	0.292644886273629	0.658123555639103
1102	0.89268448289357	0.819566561243351	0.289125866903829	0.666245796466582
331	0.242892797919198	0.185050009513678	0.235604105829844	0.574822650566138
100006361	0.585606004187517	0.933066058349409	0.281923082400994	0.702093760012891
180	0.77380147458488	0.966527899652792	0.289031999238659	0.685065192335723
1053	0.336165008400302	0.530154956269573	0.398302704358933	0.742104444657437
100001359	0.539427078946375	0.586377646818324	0.324340899727652	0.602609213006353
