chemID	simpleLRM_Fstatistics	multiLRM(chem_sig)	multiLRM(sex_sig)	multiLRM(age_sig)
100021136	0.0355973242098995	0.298489845493331	0.23795753341569	0.692645988722572
100000882	0.878391439994054	0.628655286494482	0.212812748570853	0.577561010161905
409	0.122980612746649	0.233551166447081	0.24644623442718	0.410429430838105
100002254	0.693654623219001	0.039655326035523	0.132414443550261	0.580116951762687
361	0.0100606755003996	0.114486470612356	0.144801075951953	0.58768777965831
100019975	0.591555849978716	0.701510429071912	0.204167755080334	0.62314272095119
100000257	0.000581151866848786	0.0164120399830406	0.197455631868966	0.534076231743636
100001232	0.977303642504466	0.925113654900523	0.212294764769131	0.601717725013207
100001948	0.28467304968353	0.285994873055185	0.212965295558767	0.444302124866855
100001073	0.586666383939545	0.66101838675445	0.264284960641053	0.536263215668361
100015637	0.874370221113851	0.504927206739815	0.220287333043036	0.603974065815328
100006360	0.662521821438587	0.734022999052702	0.195381381038744	0.6631466309876
1488	0.559591131017502	0.610459524107463	0.206571843955616	0.584437091924496
100002253	0.88854236514372	0.985323873011971	0.20591372489794	0.607621747924514
1023	0.978127504277868	0.7243492565536	0.202407490812529	0.591866280068568
100004284	0.660970937778468	0.834307143668567	0.200832174945911	0.61272397226564
100001251	0.73482401326172	0.974448771612311	0.205056398190793	0.6070636464765
362	0.698448128821837	0.472544160879114	0.183988850318473	0.599392481822892
100006620	0.845421020339529	0.825511880266548	0.203864639828335	0.611420308340409
111	0.485994457017524	0.221563973869597	0.180389088351078	0.593207788459644
100009045	0.569712723053465	0.237187381147871	0.160545726687994	0.765855584573662
100002927	0.773157735813095	0.902110247286449	0.201778980935832	0.620974158934572
100015641	0.790203175737562	0.890962402617335	0.200324022108764	0.615455001265835
1114	0.0832489692927585	0.847575503764918	0.198519765209248	0.613790838527007
100020409	0.362418074357407	0.363976256687867	0.202841476952357	0.485193164288153
158	0.128371668004191	0.271600656436917	0.26512605409452	0.636006560426334
1224	0.0263888242870194	0.115906592983194	0.132127536832536	0.636352893027179
100001620	0.554492917402663	0.421199718248641	0.180145376424398	0.610899486475682
100020893	0.311784465686402	0.0649175456526197	0.188532502207567	0.354542810056372
100002458	0.768196587310719	0.572405841870289	0.23616853021111	0.556760216689908
100001112	0.808253640134367	0.963606122479061	0.203293794672485	0.604843797107315
100002953	0.415538151187288	0.832645459916082	0.201742242569181	0.616499590457087
1141	0.608170380715868	0.0938824718415584	0.296009498567827	0.475611043442493
100015834	0.305615311645228	0.864291633497396	0.205925380727783	0.616008674388265
100004561	0.63591052857431	0.903223289143036	0.206647003092034	0.603783613322713
100020497	0.732644422962441	0.799201076899627	0.19689146277764	0.626638718870012
498	0.0527569862899848	0.316259703414269	0.2047283842588	0.681403440008692
100006051	0.816978711408909	0.814916641629322	0.206708057594942	0.601819775325236
1668	0.61816966977321	0.542764943950309	0.20176395222144	0.552954254716079
100004523	0.438209601567567	0.886704697219706	0.210436074072718	0.595380998836206
100001604	0.248354777577848	0.550318185537498	0.201152507922474	0.648955886883026
100001002	0.112935276584054	0.427126165278355	0.209928842508804	0.583655155198234
100001987	0.0465704284546094	0.268241977693425	0.694271019527098	0.474812750756172
100002462	0.571107845593539	0.310453370215452	0.250869532208408	0.485237089295088
466	0.605685544689003	0.077878598220922	0.22796520902288	0.587360537260375
100000665	0.90696273819967	0.443848122318905	0.231494200498127	0.554758043572525
445	0.996325441749656	0.48526062302208	0.229083230267541	0.652529589925863
2029	0.141740782421289	0.492874168849486	0.217489684530537	0.60802561958911
100006438	0.146854248956728	0.283776532569732	0.245245233042172	0.622742459789289
100001398	0.13234173861393	0.516469453480548	0.182767035070013	0.626991255892842
235	0.475298429618734	0.483483841555024	0.182394712410513	0.638439603826773
100000997	0.706288152863732	0.689896706767398	0.205569626687884	0.584730986486761
100002094	0.330937434445723	0.248189294553707	0.175398817019185	0.489683123309413
1052	0.597250049217277	0.868148696131545	0.200967082705751	0.637536371051034
100020823	0.312736364237005	0.550836522987168	0.187453478812559	0.593559151212691
100001806	0.310970453567268	0.70399836217104	0.239886520386238	0.61610063606292
100006092	0.825988952084008	0.889466826566866	0.207694491493563	0.597974816105212
100001415	0.102326522501425	0.0655074574763111	0.199504458619037	0.335145428210349
100000008	0.0327379220412803	0.0614078739335321	0.220025133094091	0.43969924429987
565	0.00758396755714616	0.0477992070235735	0.204558722050485	0.680677471741619
100015851	0.12242747498082	0.170268167716976	0.271812669098264	0.742863409902552
100001866	0.543410646572904	0.89147923855365	0.216719168477773	0.594807545825257
100020546	0.00280443885310738	0.0353455026449316	0.403192946686854	0.797164399243893
100016110	0.613242550962154	0.448143555300578	0.168809454727289	0.697820322934614
100001254	0.00342152725281661	0.0150338068695954	0.279604031306309	0.816012518501615
100006260	0.315355437571956	0.719829286483718	0.206059404362219	0.600019606772777
826	0.795701683909763	0.957447511454771	0.203965527386182	0.605080343898548
100001872	0.468221683080567	0.846378232389857	0.204514440502361	0.606791810906784
100000263	0.406840260436647	0.467419502961492	0.259193920863289	0.605646956006505
100021198	0.859492916534829	0.100008752208569	0.156675412534847	0.375340204217254
100015967	0.0339549109347073	0.0844986218356329	0.256798386484647	0.434236712125629
278	0.0874021566958293	0.202771949333993	0.179588612775892	0.920659169577074
519	0.698769040052957	0.32514846372395	0.248178382676838	0.544387980423163
100009337	0.130568223710973	0.383736277562497	0.284782141744803	0.599381611880478
100002185	0.188398031207073	0.886354478760227	0.212177302728	0.61971855344877
100001278	0.353618277608208	0.260763888020129	0.25612291672347	0.559418096844193
100002103	0.917477220648255	0.541099720426168	0.201231677591532	0.54683136655571
980	0.735303339541115	0.433385151010833	0.227864189053079	0.586905110423926
100000016	0.875040330918423	0.446713374793312	0.201465005798154	0.58290520492284
100020372	0.202076999384035	0.498266869558993	0.20291026494607	0.548979863905251
100001662	0.83468690745287	0.141600151076625	0.0798435630202779	0.614806051327221
100019972	0.960774831051159	0.669966011334953	0.20998823322823	0.593248309024853
254	0.767821766643867	0.729042003606875	0.202202746530018	0.610177184062185
100002009	0.678998442849095	0.666650019749522	0.200734839450839	0.530739107967469
100010895	0.419348982655657	0.536760511412655	0.24255869237643	0.587162256941215
1140	0.849154111670417	0.989753793012692	0.203015910566795	0.607979043354677
100008951	0.694686307839028	0.583214313002232	0.220401143424562	0.575982708388593
1084	0.287820755379901	0.725712730722748	0.201691143842487	0.662476274281157
100002796	0.117252138042445	0.391925605712229	0.177790127916023	0.55197986551731
358	0.89476332416514	0.962096435742787	0.203580312373797	0.606928419912328
100002070	0.690958299003337	0.582553411410752	0.192529059793864	0.646438261953985
1628	0.333073427387388	0.13008693354459	0.249315433584615	0.589465209369668
823	0.741128855817051	0.547243869346458	0.179087691054027	0.661143873641547
100004414	0.417589774549343	0.0927397823067229	0.271811321019474	0.737231386584929
100006129	0.696708282376743	0.666397500771334	0.190843293635536	0.622126934654279
100002028	0.735879970748796	0.501288795481979	0.28841063103615	0.452358781475752
100021707	0.467957425155186	0.571595246480541	0.178493976443008	0.661760995179793
100000054	0.534396216976756	0.483312271888245	0.198518530881064	0.630475132762487
100010869	0.442424806075898	0.206422386941888	0.206951912749206	0.475035356726486
100004575	0.0266081045102254	0.111275372870671	0.267938764345256	0.926997369370583
100001212	0.972802757838666	0.664365164652588	0.206549539890403	0.549496134719018
818	0.18943504029172	0.524214990688745	0.237975068251027	0.555933379294546
100001092	0.00230901267198541	0.027950106183327	0.213103711089723	0.603522784737281
100020371	0.995294939293134	0.883679225214581	0.206472096021742	0.605155216276526
100004112	0.230990401388852	0.572185614353129	0.22028525355949	0.61532798357502
1125	0.477172791241448	0.385058753128888	0.228852314836688	0.63958213150958
100020491	0.911580930328222	0.649673887317147	0.184399647848514	0.619313456960623
100003151	0.00300007454341554	0.0279759283083837	0.330592638850009	0.500410832047906
100000011	0.320267461577755	0.139959992532371	0.146042464907411	0.710416301138258
100003594	0.422380175608631	0.943866714081985	0.210645727602657	0.61073070793255
806	0.743990466377841	0.147364481934454	0.197417495475189	0.41634267671784
100001211	0.926330905624776	0.553393589144246	0.211773146515749	0.58715883468321
100002417	0.518604988357887	0.647700983415721	0.19884465031322	0.579932939965624
100009335	0.619954193930304	0.230493541907634	0.169849281943875	0.63152907628134
100000781	0.709504919039671	0.9547906296977	0.203131439204114	0.604978079964167
803	0.0371977735499216	0.0377373768560501	0.20214531853368	0.495997990402594
50	0.39684083653655	0.596185201003339	0.20759206480462	0.580691413004033
796	0.457868781988302	0.0539643887363588	0.234219704227503	0.594157225714691
100005834	0.900795193552459	0.645164816770672	0.241118029383736	0.602437569035547
100001580	0.960044225578655	0.544800957702635	0.222759969810052	0.608238596880055
480	0.692225576952342	0.675808996843709	0.187199295073199	0.614248647901244
100001540	0.158265673547101	0.652917179750702	0.280612071602149	0.702678386740868
339	0.528908596428849	0.107620408669368	0.178289412154594	0.513241182090021
1110	0.941301941896913	0.968546398256359	0.204570307698256	0.628201005410608
100015836	0.161781345046615	0.208789173447091	0.310186621294385	0.769052396581204
100009271	0.516379457335405	0.51586533822629	0.231240924070222	0.587668440142854
100015638	0.9823983508057	0.433880984235884	0.214901730041021	0.587921965936988
100021667	0.806758793251773	0.43226488475457	0.234743161179674	0.582737015766304
100001279	0.575806870052918	0.37458577573949	0.224354466441182	0.725567710320427
100004208	0.0250777026376175	0.157582497842188	0.330818788490749	0.722132842980982
100003695	0.232121928815802	0.149419888792143	0.222071190391279	0.408338307830881
100000802	0.757348545125321	0.929483008771111	0.205035208729086	0.604146826389812
100002769	0.985727364398651	0.137273263296366	0.157630429374718	0.718226581144297
100015835	0.0809414661145529	0.298321599283663	0.313926526534455	0.799830120276869
229	0.793469489691417	0.360916298289231	0.231796637540741	0.598648033754193
100001266	0.00567013768528758	0.0268607770837333	0.264073739559394	0.897584797938116
1342	0.30617021076074	0.345999273164757	0.17281353187173	0.623699164996888
100002102	0.862144126248682	0.612136818510141	0.233864164642651	0.693073374279383
100020254	0.198570370763609	0.638417343619735	0.200647409397073	0.630956870366331
1231	0.462432295277144	0.234325161899003	0.2498325127436	0.561111827897022
100020492	0.951543213434582	0.917969305275145	0.202450888790161	0.605702938689541
100001402	0.328823063607134	0.519967648326131	0.228073995276629	0.609265397991724
415	0.00470380700946376	0.076155227725668	0.241978357520452	0.66229659605248
100003109	0.990139619962515	0.938128154581574	0.204886320227066	0.602346147625673
275	0.478834346786095	0.861169924079989	0.207995560085383	0.596696627398759
1143	0.173558835310091	0.0781196392807865	0.187048798503892	0.702945362123038
279	0.45253540823071	0.375347195940117	0.206142233475753	0.491038034504818
100001198	0.897002745112396	0.985625465185723	0.209188903247068	0.606646764762203
1648	0.352473821170454	0.899942946453	0.203541800017281	0.608001751289621
100001590	0.390241690559408	0.31098221210809	0.199184712821205	0.538190316049296
100001733	0.368110299539386	0.833359362403207	0.200636522700645	0.62172908757463
100008933	0.0213217726754149	0.0030191353820555	0.31157976938933	0.580620042890709
100001550	0.414015091786042	0.434049594240442	0.185417635043746	0.545312678138476
1215	0.10867218528786	0.302136235509068	0.181318067896916	0.579826176830302
100002356	0.252634566074884	0.110351949605026	0.249259381788357	0.613791454194485
100002749	0.745428060461973	0.803692654945118	0.206945670888311	0.613206953856658
100006379	0.169931501958078	0.163872625143559	0.239803100652763	0.374565386261219
100015966	0.0793887117901843	0.143441277615893	0.222993077520539	0.435808255606116
100001392	0.764769817584468	0.868632744058298	0.205375151773821	0.603318189427813
100020425	0.164884883971746	0.058524725475967	0.174217834057551	0.393118141415185
100004299	0.327478849323662	0.865256574447763	0.21680200871153	0.643244234624994
100001734	0.561542508348832	0.506754395357759	0.214575599382849	0.545870161340899
1002	0.854193973791807	0.834671587982486	0.204391298368819	0.605473444903812
100001337	0.343205576614932	0.810367111430286	0.194485755880936	0.60763845899162
100001452	0.708060526828366	0.84600806677747	0.203295206282927	0.590930511090336
314	0.471404025814386	0.35978273361879	0.210539640964893	0.622535214165215
100009264	0.959495470507992	0.553807558745331	0.164821318955395	0.725496263385563
100004634	0.463704240979944	0.506777374906031	0.182605826055986	0.622411025649571
100000711	0.704212823300724	0.7179267682577	0.227875613281803	0.629109965146948
100020536	0.0262020502510051	0.116307081877456	0.264311174524857	0.711722018634048
100004318	0.331332471896212	0.580762399928282	0.211380994693347	0.602464684085165
100005850	0.802340587561401	0.440747391187855	0.266243394171259	0.549856349230743
100006619	0.340666952256101	0.16459650172203	0.236027611788842	0.597127422108179
356	0.589714193691086	0.735829419344483	0.199333619846233	0.620702075750233
1221	0.488453990333532	0.558105480738443	0.272823917674814	0.645222436784098
100001397	0.668173779097288	0.668541752651235	0.200502690962624	0.593549682274852
100019981	0.669154688679213	0.980900484816145	0.20550932742028	0.612947755257699
100001208	0.427515012956578	0.259345348084264	0.178961561432298	0.883560301620601
503	0.0148711809702156	0.0122334805653684	0.124092013110076	0.462979803837389
100006375	0.172265210041637	0.670732971397241	0.224241760221254	0.590895753484051
100001295	0.783609737911268	0.666961401386245	0.201577410383775	0.68643243616784
100020427	0.0739409261437689	0.0346671331462166	0.206778080190067	0.34364094312869
100002784	0.765896457679241	0.558081850072821	0.18922554553411	0.66366282313481
917	0.0585767749665171	0.208411487866445	0.22537502415211	0.559803972531823
1869	0.393368616085944	0.214555517452431	0.221850007782923	0.498667761806914
240	0.346627561215439	0.14388786506332	0.138568583003107	0.44566942848817
798	0.00773242503713723	0.125357297421795	0.325839782329659	0.561958457172773
100002952	0.299377129742879	0.4888353677595	0.202725946650479	0.684849193956616
98	0.488031880858887	0.71611359001605	0.221217412851389	0.613078751432602
100008998	0.271105921411882	0.288139958717606	0.150952442086505	0.671680832607452
477	0.821823843602036	0.326496888011477	0.211697930906654	0.604573488729343
100020545	0.084165126745163	0.148287477776079	0.241278359382386	0.766192357366505
100021666	0.886166530243021	0.289890358594287	0.239798886559108	0.608817108879332
1256	0.340120837305836	0.557971498288096	0.251277470996623	0.652599758948
533	0.446811720551204	0.102650835028013	0.154189932805485	0.395137902674245
100001757	0.423482464874014	0.881363957191061	0.211698698223098	0.600349491399836
1024	0.333281914792361	0.101749072321914	0.140827714054076	0.944501263707308
267	0.424101184606124	0.942610932384008	0.202562306048994	0.608875702812405
100002113	0.132338056499072	0.109151934424284	0.207211556733935	0.635186796524178
100001756	0.725885278835046	0.65055664767923	0.213990543738593	0.629105170131566
100001193	0.400766569478282	0.175664246777866	0.257293181362013	0.551792160224322
100001668	0.688729114111419	0.982527809588742	0.205072795977136	0.608943587072909
1124	0.273405288127167	0.269407045733727	0.172134921417723	0.701045249091046
100021331	0.163667949396764	0.311124681866246	0.187783193465279	0.64499163474131
1090	0.0786656936905807	0.0550790030323618	0.202677792664044	0.752233377887372
566	0.570496372974522	0.468896479765389	0.169319498260654	0.619252366651485
100003119	0.479440542675247	0.297565622691792	0.230520518493094	0.549371178318713
100006367	0.740132787282024	0.558529296831067	0.211542383598188	0.586917134143957
100004322	0.249516902599081	0.279739584320754	0.214626312650401	0.688662057851405
100001034	0.290752745825756	0.858526622487644	0.201968477132598	0.611256839871185
112	0.947518848864165	0.917567351770533	0.205334712008576	0.60046475740019
507	0.869076871766542	0.895609179247929	0.203962322071284	0.610597848210772
100009233	0.378202821597438	0.226709553443116	0.193412759095273	0.628143812356057
100000406	0.0264901470899053	0.192599784563753	0.344429960649102	0.452144766590947
100004046	0.24660687782568	0.46609813630463	0.147526202827432	0.556019608713862
1025	0.799985122060834	0.729332129595704	0.197074856475954	0.623910537882385
100001106	0.135381552487785	0.13786432959198	0.154276816878119	0.63196441834321
1128	0.018255678435253	0.530198238530526	0.228419297245262	0.659387345046049
561	0.0525836776333787	0.166279118471193	0.135053231444411	0.527042263532856
100001614	0.84645332057881	0.370238367069992	0.214881034395689	0.58300581506222
100000961	0.731629077244695	0.906410267271534	0.236994551797137	0.597229813248175
100002397	0.891122932066054	0.602207392408501	0.202860580886089	0.543157532400609
100009407	0.957072291394294	0.967681719743237	0.207689990199877	0.605157676398235
100002910	0.875042654503226	0.571232918652199	0.183800200592896	0.540166995161663
100005946	0.23706099702952	0.352312827089724	0.237195761909133	0.703550652430177
100019794	0.089731741205795	0.291882738876707	0.205580112644762	0.760977532234909
100015759	0.389451780164763	0.120803584018868	0.178539152306131	0.617568771737758
100020417	0.756191280415098	0.622379334175152	0.194908342743309	0.584120507400316
100001054	0.768120265598443	0.944566126557524	0.206858979627141	0.607103940603936
100001437	0.359728015602234	0.340112581877907	0.170439691372265	0.539308605815799
504	0.214042690651151	0.685357657693437	0.24747438064706	0.615897135124139
100001988	0.449830660076496	0.687463364453454	0.200784076492182	0.749638326566361
1082	0.0135181288084225	0.460073792474274	0.233637835351075	0.640324980267954
100001403	0.258530023068193	0.289090804462516	0.225359352439164	0.582100252225346
100001664	0.96825233537998	0.603983288222568	0.197132417965815	0.759075084136849
461	0.27282199774139	0.249481061986167	0.338279478105389	0.589031417081348
100000463	0.713985732104711	0.944718031568322	0.206283208023075	0.605691970089313
100020208	0.615630334626075	0.553892707107251	0.235137429696605	0.510628938160277
381	0.740137460976966	0.0968030916936354	0.101056505361611	0.47246668517656
100010901	0.0797854072142568	0.0696288019151587	0.205984790088383	0.718136479636079
100001468	0.283408393050658	0.993247681978926	0.205081026270394	0.61351188710428
100000840	0.879657612787303	0.891361264201284	0.20755803488515	0.617854326733187
100020014	0.229229791277472	0.574121822864475	0.198359673041141	0.620906726603242
100001993	0.755164854551761	0.561981034926371	0.163952328083158	0.774051475023771
100001051	0.10702267850381	0.0209815627850517	0.226664404626327	0.309738810608378
100006116	0.397770165024725	0.527903960175542	0.208431142949546	0.608292436181416
1108	0.907511588046092	0.981673189939755	0.205321936384861	0.606686466673345
100019966	0.333388115168309	0.124913914775935	0.249945828875562	0.574427423831695
100001743	0.998540732043105	0.676391995974257	0.211066004450033	0.606318101689802
100001294	0.154821373941037	0.219498523729139	0.149818957990623	0.663321064149885
100001609	0.213926714025601	0.0931269466264176	0.184077152286059	0.691309581560256
418	0.75940117113245	0.998500189208825	0.205770412050423	0.609582643065121
100001178	0.291990018212174	0.988983266714815	0.206711658232227	0.609703479782389
189	0.927045147298938	0.677794717623232	0.186115856346714	0.575525340013618
563	0.435708036363956	0.900842854031086	0.212894097300788	0.600723942836587
424	0.579224565383859	0.44567203574942	0.230360474352973	0.589756884046035
100000776	0.164745649758728	0.369157798126437	0.24215204129151	0.613354294122664
1001	0.887208687253481	0.427130297541416	0.205756190773572	0.607763499228929
1135	0.291015607849448	0.0861872853052743	0.191269272805405	0.660872521431119
100021093	0.36057832439425	0.53033400978144	0.239933704417971	0.628457393983461
100020219	0.12453983288371	0.221403997648116	0.21430585345188	0.503108265847312
194	0.376548544405804	0.952531041308128	0.207939386378289	0.606016152513162
100008930	0.70300322737144	0.626710384949778	0.224052401926374	0.588659127985888
340	0.700724719906707	0.262701970845141	0.129708594147569	0.685368572821307
100010896	0.855858549504551	0.798901758280343	0.196510166824625	0.613040275375474
100000787	0.335557319735495	0.166573119070729	0.217232595604678	0.380704847734543
100000639	0.0331098251078401	0.22109060457194	0.181483366640036	0.613431466548076
100001851	0.95827461594053	0.277571870378583	0.230150395511911	0.4141961993563
179	0.505042261496171	0.685118758842828	0.201853975751799	0.620541014078429
100000626	0.315617089436988	0.67610310727963	0.21223048511332	0.606495538099987
100001605	0.014044721470151	0.111419889276	0.281704842057275	0.701916243803777
330	0.294449822899206	0.481770190475694	0.228492721264593	0.501228673310247
100001162	0.595654129110543	0.703050155815267	0.190903606994742	0.587104175860734
100001167	0.0402108552328006	0.21946404197951	0.197863666031842	0.586611659874552
100002067	0.606686964412014	0.832004934988042	0.266530747048201	0.57816780534104
100019968	0.693662316106477	0.406569791083833	0.229452220331403	0.553614731631847
100002014	0.927780212369374	0.984784140540005	0.203706634140812	0.626303581162091
100004083	0.477652051853994	0.148325172532942	0.235010597246026	0.484428106804964
100001315	0.323180516030377	0.407091743875318	0.219696253987275	0.670920032756741
535	0.284239100113844	0.624967687412003	0.223116600540564	0.602983222883356
93	0.507254835857084	0.325470361852086	0.237771507323605	0.479365474992976
100001989	0.389933359477741	0.644320832752991	0.189028006456829	0.647512167468097
100001740	0.782025983728247	0.415546815918349	0.185621398217092	0.625414546328801
482	0.226133667560784	0.962594731763883	0.204380743574906	0.605243300955159
1629	0.235591212216648	0.397737798549188	0.249306132460616	0.581796044510761
100001399	0.392144256469255	0.335469710718885	0.212070290435422	0.603787836724525
376	0.904066500263212	0.238218453424845	0.140896764957879	0.716216753634799
342	0.533219562404843	0.653324542335896	0.205529860860693	0.606639811952712
100001253	0.025387404239427	0.176553807627881	0.170308550452208	0.81549652594758
100000708	0.559861547039912	0.748137349071027	0.221349040396143	0.613628982046263
244	0.271557784813381	0.0734368707725434	0.18093535437315	0.729964901379959
100006726	0.416747554409837	0.296259673803521	0.245033573223265	0.595334446663917
100000036	0.148224520874477	0.720817083225013	0.193850183749414	0.638770201798692
100001257	0.0190322870756051	0.0835812661361497	0.290801730184473	0.869007157706494
100000445	0.511817329759706	0.750406219941011	0.222495660242991	0.583244768241318
100004088	0.00357288530121378	0.103960448306778	0.242912577842848	0.67791967139245
100001423	0.991978781880497	0.751196039880698	0.206986277997149	0.581017515448931
100001276	0.522424314051206	0.364448722779979	0.194652786707505	0.546644213166035
100001876	0.67755961199158	0.976817010187626	0.203750216325169	0.607108766914396
100009082	0.712920094820191	0.0436374754643378	0.0919257018578379	0.589417143198171
100001121	0.327474490640487	0.700558721199183	0.199486184163344	0.601419527705472
117	0.329987170485698	0.62937122253063	0.190698368402152	0.626004625217548
100001868	0.0341859559175061	0.111146669207373	0.246477898896343	0.614126170379666
1134	0.742581852645021	0.306093025808206	0.136537073804212	0.58227887998009
100021012	0.269870264739022	0.495445650823522	0.211963318600293	0.630638910510674
100001181	0.723730833429505	0.257609587295479	0.25910832264289	0.539031385827691
100021467	0.775279674949294	0.312836391985332	0.208494971355246	0.525433739047875
100000447	0.223442961389305	0.242346826827073	0.23848164803398	0.572346049011834
1162	0.000489210574165822	0.0128062664948355	0.271261307783824	0.512916883878378
100019982	0.533903866748384	0.451838498597639	0.212224860528097	0.589594573938182
100001613	0.944889661396357	0.427980130246481	0.214994776724094	0.574342642718927
100006644	0.388591482154975	0.607841857491685	0.188696979571194	0.632835228520714
100000096	0.581453001554216	0.0259145852011691	0.126164114762369	0.575526936007487
926	0.573221244376546	0.65107419135445	0.208046999106228	0.609805964418758
100020004	0.972690753218307	0.605314635669776	0.215946823552751	0.602273271217208
363	0.179289103696841	0.0347457535274392	0.179333829447883	0.205790403636522
1111	0.432954014423404	0.900830996160429	0.214433857076042	0.608811927612649
100021712	0.618702224712894	0.848295744821119	0.204161124062759	0.597381629700188
460	0.748067480107821	0.638011697480584	0.214408764994098	0.649036633509166
100009331	0.399240983688871	0.240560185600145	0.188832352551853	0.637252412233905
100000442	0.300725603121527	0.817393098403875	0.220143035444863	0.618212195128487
100002945	0.0854557237320858	0.0173720687843947	0.274413219625269	0.564790532603374
192	0.806314094519652	0.980822985693961	0.212742512142611	0.621223508219165
100020241	0.519387182831878	0.905334455187603	0.204966568300129	0.607254771945592
100000580	0.0939833794718743	0.101178572658845	0.157391133749077	0.851112150367009
100002466	0.00383191021188135	0.0119046630356829	0.138282029830011	0.327863315973806
849	0.795946872488893	0.65706154800703	0.209822273047406	0.570016168738244
501	0.49543720937258	0.385276352130493	0.229229609175819	0.56535059859831
100000282	0.917475163685453	0.219890536387618	0.278744952241916	0.538343814102543
100001577	0.0241085354624154	0.166817494758652	0.294202777630898	0.665722144535231
355	0.11510837055515	0.317933613387178	0.171946250473663	0.517460879209505
100000841	0.77075867097743	0.945275808248508	0.21165191105084	0.623674703176987
100000846	0.802959418653281	0.361972346561919	0.197574861672235	0.600973482319235
100004295	0.834397136271516	0.351713844606121	0.181974699972873	0.550297432000603
100001586	0.0876972313183819	0.0375640581795033	0.293578986331759	0.277236589745829
407	0.0122310253637511	0.0326595926438315	0.232545973009758	0.67491317502759
1137	0.806355503047308	0.694073494236777	0.194855940956952	0.648365457486961
100021374	0.0386667711390287	0.0168952182834094	0.157948946014714	0.995030103290766
100001593	0.779564564828796	0.750953143332124	0.195914076666681	0.61490550958478
100015971	0.720413483641088	0.712084508743899	0.197536648807758	0.603912189087781
100001022	0.347162925061116	0.151333074666232	0.118312605167938	0.886028413886414
1094	0.0298932972332941	0.179473193778806	0.336331466072899	0.855195070285144
100002122	0.302397806112411	0.279175086849125	0.173028955350803	0.70242918533955
100000706	0.494116345974922	0.64907653374461	0.183245761666763	0.608850532199233
100001055	0.677661471763031	0.471039575930752	0.188942766047185	0.561013822653551
1235	0.561337642124253	0.790113858786207	0.198238963277942	0.630815195445414
100020204	0.102826429328415	0.571117166506077	0.223840595407156	0.646656644907626
100015643	0.0408186361050673	0.325492251748163	0.226492529041685	0.568533896603183
313	0.0290154709123254	0.309893394875966	0.220378514492499	0.55756722012965
100001413	0.79898474071997	0.888569889846251	0.203102684174688	0.598000975080467
100020423	0.0253196084303389	0.018909835543006	0.233074942611507	0.319584852557309
892	0.450039292206833	0.148812666065791	0.225943982479811	0.635281415094575
212	0.068773420796752	0.14442357165816	0.280570013429742	0.591642477911506
100006105	0.209093230143012	0.201771046022863	0.240579833846377	0.621805554798008
437	0.814448939234276	0.561772941503528	0.186803610022087	0.623032623508239
100019892	0.484821070627177	0.789099598988663	0.202987861026679	0.628711504204171
100005716	0.0801469990030413	0.116051671590727	0.224363552733926	0.689931829669268
537	0.251976870221597	0.141918253937382	0.217112790507708	0.636544795971217
100001990	0.246469723962314	0.546011644212963	0.240292955421377	0.550239484080022
100003397	0.0294132417647794	0.00313805596503237	0.146481921570055	0.36129162478797
100001320	0.121697986630567	0.21482383116073	0.267660397121815	0.383754630818312
100005717	0.115310073965977	0.0858611321939531	0.239684399302796	0.637813476448534
100001207	0.0216968980748679	0.14291486021712	0.230295585972914	0.60654840848619
100001999	0.488442082418926	0.790285087397185	0.195869880699086	0.713557845889303
100002488	0.196520307547376	0.0166474927083916	0.240139731418102	0.545583421636515
62	0.174321915023029	0.608243769940774	0.194730051565803	0.611631781846521
100000467	0.687519291879713	0.499315786891092	0.1997515388634	0.586550597620126
297	0.0067577363268994	0.154262530810431	0.211967016025247	0.582439104841193
100000285	0.0219387224912308	0.356841476646372	0.203458851787042	0.705942680025898
100006056	0.0443815796835992	0.308810346305711	0.214615525467558	0.648643436132637
100002126	0.113973334823734	0.234694360133527	0.150900700698521	0.940232401318942
100002129	0.827261859437857	0.771462281248703	0.194352922017432	0.717117593514902
100020478	0.0337034885372247	0.212653074469242	0.180685957655895	0.635511856553873
100004089	0.0744166548988046	0.570952413420567	0.220002938451752	0.568168042697929
100001755	0.363033599628814	0.702422311478599	0.209079004514378	0.580622928678294
100000551	0.0244052475491462	0.909537717000296	0.215104850982645	0.599461636687615
100003260	0.437033883619199	0.311235436732743	0.231519711009164	0.68038245600967
100010955	0.912767984816282	0.531466284670248	0.179150441156905	0.537246944768336
100020851	0.257128013702541	0.523375404645845	0.224216632309191	0.62857193170067
100016069	0.561141481951235	0.714614364381252	0.206481210761032	0.589042309559781
100002027	0.391221652983514	0.613433244166284	0.176273598279745	0.70272753057656
1123	0.366292446705371	0.186699184916606	0.194770731495638	0.730826800138989
100001150	0.746414200096505	0.969070423150639	0.206546367413108	0.608627271305166
100001657	0.275870296023981	0.700730305835993	0.206453119647013	0.59155729645137
310	0.244705117831484	0.335110856132256	0.17662203051617	0.707886240745137
100001314	0.384284963995501	0.13778062810181	0.194313705822273	0.497629224130865
452	0.629713578103535	0.593022454045103	0.235846876338656	0.575381269576512
144	0.096983043457574	0.0603186331373859	0.256598578009195	0.479992938454392
100001182	0.195075005922175	0.154034179360433	0.255875130631607	0.590478374158028
100015965	0.747811746900755	0.483325169096164	0.196397758033411	0.673424306113855
100006108	0.851724060572687	0.430975382855629	0.210808570914475	0.642533484972674
100001400	0.627984355928111	0.541918090330473	0.186059695789525	0.591260767733515
100004541	0.288136183947606	0.185652819625765	0.194289004254851	0.365124042956413
932	0.785324085283471	0.387140214849676	0.211133463212006	0.641237725364807
100001992	0.4508283210397	0.59433873324748	0.298061690901926	0.525642129502384
100009252	0.123882648812231	0.186915676648328	0.252513989898638	0.589096563246048
100021104	0.590460341972372	0.50446731859501	0.158804590109789	0.755302920723125
100015838	0.0081656447317031	0.0393809939532874	0.308353879894861	0.846818645419719
250	0.000593240344869591	0.0177224984905847	0.410067150307001	0.696356800555606
100002537	0.967644441350821	0.458831493035216	0.186118996647368	0.72182291581366
100001658	0.796844749121867	0.682017559823711	0.224428404061706	0.594254762196025
100020416	0.386810988469845	0.439750249167474	0.187171916910922	0.590803890352359
100006642	0.206388708685237	0.693480379055983	0.192035462020292	0.63447465726083
100001391	0.100347396591646	0.360982986966568	0.271952396335482	0.714393008564164
825	0.574608345400474	0.622748328361355	0.180138081762143	0.61709140934152
215	0.0178611161293122	0.102565197845843	0.244512725243465	0.591814727960858
100001026	0.968535485263506	0.939902266616085	0.204909149748828	0.630865129534967
100020541	0.338483779018472	0.35314609592294	0.163844224718645	0.648493473498387
100001526	0.248638287115244	0.36022753328286	0.318795274070447	0.708022980807165
100005384	0.580771877259218	0.449135910406322	0.194170202404049	0.540194798151658
100020378	0.268216448377273	0.689352828576843	0.195104284068327	0.613444855071613
100006115	0.952213272390815	0.380512946969127	0.273228109719807	0.504131193011714
1442	0.279300787268726	0.0543736626190751	0.0877077537032526	0.510046604369733
100001843	0.165514737091785	0.241247041999263	0.226762852590199	0.691138516653241
100015837	0.141698793203575	0.29023005374465	0.382495884917066	0.563104978088744
100010834	0.714086859949193	0.96005532825427	0.204450130490239	0.604446389737782
100001393	0.446408437620294	0.533027246693434	0.17360642408299	0.644551592174456
100000015	0.243378655813999	0.669901716932275	0.195611993762863	0.624778285392613
100003892	0.0553495445378407	0.0596730772172653	0.184164493794713	0.857477067551591
100000042	0.201271661306762	0.0287785172339007	0.223777014377699	0.527897892145951
100020550	0.589892735998968	0.217117088698777	0.224364652000992	0.508113636391067
182	0.39515357981393	0.31495414872108	0.194490737479192	0.625126353162974
100015723	0.135218536888936	0.422509339854299	0.206090630036557	0.589792759267477
100020343	0.396790703878416	0.469734210798368	0.182630831612094	0.608771000574273
512	0.324193300486541	0.612573026733881	0.224949618581852	0.579193862524366
100021100	0.832791699303024	0.753555638582324	0.197824270534946	0.610321476380648
100002528	0.42192104329895	0.0951622052072131	0.264095337227989	0.424053337568159
100001287	0.412605711619365	0.72247822445349	0.294207161808811	0.551386056778928
100001229	0.727918586856023	0.88779956687955	0.211866926914243	0.597283256362288
181	0.407416013286974	0.89070868090642	0.202018114273783	0.623802267126114
100015831	0.00222047334255023	0.025865116074837	0.298060860207827	0.420929206290951
100020515	0.286667575989174	0.412244876244752	0.158142812386903	0.76737515318597
327	0.236187021000987	0.289860967133346	0.252384004099113	0.569495075986587
100009394	0.712662537048409	0.793264024883504	0.195161104337951	0.63045459181214
100001596	0.791042488393777	0.170090930851703	0.169179639690453	0.41683227511753
207	0.937748160603539	0.537121907650934	0.216238166813706	0.575521518801796
2054	0.572203586228584	0.847024212389767	0.200773384022578	0.618229484945534
100020259	0.631886976473699	0.562748496531629	0.225176350253969	0.591532227498914
100020414	0.00454054382155285	0.0500460305794773	0.156321061756951	0.591670361900193
100021131	0.949308747744764	0.235934004394818	0.189465082742418	0.558452824372197
100004499	0.649997884222991	0.879629347633988	0.202911411102375	0.596958988100647
880	0.15234851514217	0.757545547784384	0.224073829959539	0.602268075332882
100002049	0.517400286996536	0.319617759857118	0.228909780146054	0.561001689946886
100001739	0.477223843977537	0.23513147254469	0.265426071306026	0.565377564642711
100001126	0.398343431739594	0.119188501614424	0.121248778565823	0.479395510306498
1113	0.612914317812279	0.791965540804492	0.216298440643016	0.577129259103661
1083	0.883842042792246	0.393708771727504	0.230001038168719	0.540637512451156
100001730	0.0806347890829363	0.19059009587781	0.239734590793409	0.49041336715716
100001412	0.592131959460739	0.983257312364099	0.205191221488646	0.611218667378967
100005996	0.80254852837702	0.521090672744621	0.192429506727326	0.572215437860712
100015962	0.00891974370625795	0.104917861438387	0.157670660836464	0.89778146270721
100020214	0.758737481877747	0.462193981077648	0.219312162662428	0.540841531833657
100002514	0.135045848390751	0.347958369738979	0.215162650493746	0.549822371180627
564	0.188022604371609	0.0511599284062515	0.174246982717476	0.488010619025126
572	0.0293199265290885	0.0251299916587375	0.321277934760258	0.493317945362327
231	0.89857137353531	0.718706598430261	0.191947887758175	0.619599133985209
100000453	0.785370397536548	0.64946657875388	0.1902787407056	0.647634379317468
100001007	0.13601324337883	0.276042441721199	0.249639012861783	0.503098699111078
923	0.670807412181131	0.372893953734778	0.198445880253582	0.657837567466728
100001247	0.496921628141108	0.572580425717162	0.194434182612112	0.593662762448121
100000774	0.516864915883745	0.851927023190655	0.217884698422414	0.624643562515169
800	0.35018373272746	0.35321836421278	0.216990008178259	0.662091302828763
100021678	0.324461068637248	0.418685839506264	0.171684053295019	0.608151995038631
100021711	0.401822512380615	0.830952253978381	0.216805781773639	0.615172887946197
100001274	0.8353468952104	0.408857877337135	0.196634008981643	0.469471629341051
100021220	0.159847481657099	0.213421172409367	0.267959732503128	0.901342784007511
100020253	0.447255338335801	0.974780549128482	0.204261567157163	0.60564543157451
100001170	0.818430197510448	0.196414033770813	0.19037094591313	0.520381095924873
100001466	0.19862048331745	0.757993057225943	0.212228819745746	0.596169950443045
100009406	0.771970361095589	0.696415673833323	0.197261705004773	0.622470651282031
1026	0.191617959546369	0.451158483465737	0.217709245311881	0.575389696316953
100020837	0.793386011832464	0.364796973271507	0.23286152116597	0.510418884551614
100001006	0.0862870943537052	0.0969782041455638	0.202980857649278	0.730456541798549
100003674	0.75634570962089	0.130341233708902	0.202647142750104	0.596132332176508
100004396	0.288106010011769	0.375679626700172	0.236938632602769	0.49686322922743
100015923	0.449937535709155	0.874661664493898	0.225257407986201	0.595938764766341
100000265	0.591180523401563	0.845536207036879	0.208937712097665	0.594954120500355
100001409	0.0922369979603976	0.122673116520089	0.200551017904168	0.46020901578677
100003434	0.400049338923085	0.523988373964984	0.209142981710425	0.537813621287939
100001334	0.603939170706666	0.076342963972797	0.259585666855288	0.492371130685749
100001102	0.759638992818739	0.72624875987842	0.211893192899352	0.584835906138498
1268	0.765339741951394	0.0845830525047733	0.131460238086784	0.578510716833704
100001300	0.292867013480502	0.113376303664181	0.188140415762244	0.620677565499867
100021324	0.247370988357189	0.78346892501936	0.262754105177728	0.601059630222574
100001617	0.115448861967364	0.105941177928563	0.200404573823879	0.646242558918638
1105	0.916564599627124	0.152453785294345	0.27841062515175	0.319867889754868
100021502	0.0626758358974044	0.272258603822656	0.195944186516111	0.635143051126264
2051	0.7524947206658	0.608191319406291	0.206081985003418	0.522672872853134
100001256	0.134535657831587	0.508633821308033	0.234228958183781	0.738314324780404
100005466	0.0614404323673031	0.0797429897117542	0.232265534345833	0.411250533890873
100002199	0.156775143101874	0.807040669973823	0.212554926320774	0.621237752127595
338	0.0150221636457735	0.0469493084811283	0.341323156456326	0.387019678663118
100004243	0.54650474798242	0.647814571485656	0.193691475964962	0.618069007535687
799	0.371201224009637	0.99023017467105	0.220631386007702	0.606584644938071
100008928	0.73710593781451	0.14167808776662	0.220623637476357	0.609383927433068
815	0.0623965944369582	0.224570893476607	0.200608726396082	0.680831395056671
100001456	0.00726137822273627	0.083609902184027	0.20229272710274	0.538504563319099
1242	0.0843806120091771	0.0878775713889747	0.251162251650735	0.425440597588661
100001416	0.279675877860928	0.0880534731746373	0.128271304930099	0.355008887272962
100001462	0.395188677273205	0.355317191504064	0.248288058545175	0.571855192433257
1087	0.236237383067018	0.0508315228138552	0.222280132579598	0.582507574774675
100020421	0.089875154863822	0.127170419792151	0.239968059489294	0.401082399126029
100000010	0.00409972592361811	0.0437790427387903	0.217026399688161	0.66045918634371
821	0.501601213779634	0.347844623089198	0.227277109932969	0.459921704696179
100006627	0.2263978909768	0.132771076689142	0.293254668757486	0.506115118850442
100001277	0.346053142728347	0.156601120859783	0.245581149267515	0.565801347733943
100021141	0.0531155621618498	0.234597305159344	0.238512498803555	0.699635758412894
100021105	0.23508558707357	0.326754097297196	0.222391904739375	0.454736761111118
100001950	0.000410503543435039	0.00812886110982778	0.277327296788648	0.770108995940795
100020217	0.853931851267212	0.232195287172064	0.128477486613887	0.424062775446827
100006651	0.0336860765435211	0.183038861714787	0.236977651091499	0.39809329226388
881	0.927334652506042	0.412659177337118	0.190242073213014	0.619080881014811
100001509	0.721148999299491	0.158106448064668	0.18062765996993	0.535248961155073
100021709	0.633298717776064	0.866062270893936	0.200494533076455	0.611413821573339
100001635	0.352767165251549	0.0437508912468979	0.234945927263377	0.563833443692593
100002613	0.459526091810074	0.126711099399597	0.190867869890114	0.689376598713006
100009329	0.509581542407225	0.608151422265315	0.175146853574968	0.767204424399811
100021123	0.870651561686713	0.589802707885926	0.212158687704792	0.524797704574823
100015760	0.304617195729624	0.189476943041323	0.172975845336095	0.643388234562354
100020205	0.425639959226716	0.462149828529454	0.241254996774206	0.464679198461906
100000765	0.54702661659659	0.647759465965071	0.201367851802441	0.578382116214867
100004111	0.374287002211643	0.192526536191844	0.233727426039565	0.585402672028988
100001615	0.178153637120138	0.852991218001315	0.204642650014342	0.60581434885058
100009227	0.183842387213634	0.121010718266588	0.296600173639856	0.742933417953281
100006191	0.366947148363211	0.568423276343189	0.225177534799965	0.557782520973041
100004542	0.454246659251648	0.392935908976368	0.215647615213981	0.650460548028655
100003686	0.273290467256977	0.123921189190006	0.296125506077529	0.544528635969536
100009232	0.0318591600839266	0.230884732301699	0.204532704989729	0.521289565505696
100001501	0.0508016296996767	0.109606493249445	0.276727477633138	0.645041470706381
100002367	0.488468377616505	0.217124741343534	0.188140682336202	0.453474633030604
100001108	0.273926688648729	0.782329493865696	0.204227888964463	0.600539580543121
100004227	0.76485054712998	0.991128315806655	0.204049051978284	0.608978761553214
100001310	0.193645542998078	0.297409452870896	0.193937609775206	0.715471697969327
100001994	0.828978657100104	0.886432012011307	0.21743114038404	0.681146202697994
100015839	0.013371765203235	0.0146302360373822	0.28784196613564	0.692621535436073
100003271	0.00524299823237997	0.0775976169728465	0.269996569468413	0.42220224984871
100020496	0.71751091716693	0.96082035978899	0.211074839305622	0.604522713217367
302	0.757817597026527	0.459915113744961	0.181053392838481	0.579060217038702
811	0.693927976921481	0.685485769229045	0.196770809625567	0.647714435935827
100001267	0.813780247769625	0.881666103614265	0.200612055918614	0.605623146806982
100001197	0.0255201512439104	0.354925026775454	0.235283743461949	0.617256824078112
432	0.186586456965414	0.436774098451742	0.217811560822782	0.585248360152661
444	0.00706951843919617	0.0438205327581209	0.22416171843265	0.731319672557648
100015968	0.349402883468957	0.365779786538115	0.199782952519703	0.535745260278093
828	0.865244614047077	0.871754866244642	0.20050078314044	0.612042833768378
100004054	0.312824094745536	0.930572058621393	0.205954153092127	0.609456200158634
100004635	0.0823215183656707	0.142529441939821	0.51263441133443	0.362926548737444
100000491	0.471901036812792	0.559655617157772	0.196815001760261	0.516245899864523
100000939	0.0393452928045605	0.0293465954848343	0.212606500685749	0.498333968331987
241	0.224853675929875	0.636512097874018	0.219504434110243	0.624865939599686
136	0.340084886791567	0.0667765719535261	0.174728092719775	0.785003013417758
100000792	0.529022747829	0.924399012464977	0.205792327534282	0.680443385056306
100020973	0.613016778223848	0.680374156581991	0.217711771649654	0.587626238048558
100000936	0.675286694146298	0.938085537914659	0.203603152857909	0.607985091067049
100001313	0.00862991536907569	0.158169053157822	0.219706064560282	0.65851433983716
100001951	0.0673175168184139	0.123028308510591	0.243484920882435	0.609945632546055
100006098	0.0234875085957195	0.110956721051022	0.242308059104857	0.72100655286563
100000007	0.240047368369961	0.554623555955259	0.211043029941462	0.613062752590805
100006641	0.948975887654881	0.944939028367796	0.217985736986899	0.607192357808029
913	0.0116382646717293	0.0633693833233937	0.257878705392552	0.481199861824593
100001579	0.77759900409033	0.427876880042017	0.227395579814083	0.60729851109858
100002911	0.129291603707135	0.0116623143309724	0.26851100297111	0.561963454070716
100001293	0.257122686781176	0.378198112697111	0.178421412140374	0.740070132529208
100002241	0.177678462539776	0.471541592586585	0.214975741414199	0.571349148821508
100003179	0.554253360935822	0.115233770798387	0.209097433401275	0.492013045440327
100021372	0.333177402484714	0.218963619029073	0.146446531507838	0.610234942346177
100001956	0.328149592508354	0.511878233429279	0.204175631950142	0.524625187924114
100021162	0.210978672847197	0.157369311156635	0.19104354061535	0.44076710585815
100002259	0.437117761252188	0.683991317856503	0.192059096458451	0.602451761165532
252	0.489808184946592	0.698736272048543	0.233383355827195	0.571329485705956
100000707	0.408203918860291	0.314259265740609	0.198230552724522	0.611785450038226
1489	0.705322588575193	0.017016902862398	0.150787859048252	0.577025247864859
100020361	0.0196559405427706	0.0692246395253531	0.226335819067464	0.898401610920042
55	0.820529272549441	0.972282824214598	0.208515429911015	0.610495368630502
100000863	0.260743243354824	0.25475634999981	0.175825092231944	0.642291903496127
100015840	0.17840386576615	0.105246656261734	0.286192212236587	0.569837434535967
100001541	0.200546920395232	0.0993133858107208	0.143469574854666	0.605583513548496
100006082	0.125668591163429	0.0490166747305414	0.269602582213997	0.596841206503754
1254	0.648016971196906	0.907406826793541	0.210211943357516	0.625775604426332
100001624	0.556432932847283	0.388952752176534	0.194026084839144	0.587861008441194
100015850	0.923032730160435	0.607247039344126	0.256691554653412	0.575272832366718
100001104	0.00316270310663577	0.0151086164980354	0.233507273379952	0.882817658543536
100000900	0.142824712991673	0.449778944388671	0.212973712053037	0.612720853080881
100000269	0.313233921268006	0.107813765486656	0.131924575221177	0.572857362041163
1022	0.168427555046127	0.903014212876538	0.202344341195458	0.612443454717068
100005373	0.25949993934891	0.0955608013531614	0.189445050587666	0.643894697412
100001129	0.134029170304374	0.711508557202168	0.197266169521125	0.635433886620291
935	0.0109800165962391	0.118835673114906	0.269559197076403	0.474052933110536
100001262	0.206412949537423	0.257100290091365	0.219090810251353	0.637017450425319
100019978	0.30592151105435	0.631241766166018	0.1996930855539	0.594264861202179
100002293	0.601880781448757	0.673079490382017	0.204920376578587	0.606237804296988
100001426	0.213705227794367	0.276281707575542	0.206965622164234	0.460260405037606
234	0.0408836073406774	0.172380253091007	0.204452698607009	0.590098012786979
100005403	0.234119705312379	0.983368892612206	0.209839920991835	0.612401956226051
100001083	0.0458588883539008	0.353545788559794	0.225890696670174	0.629036519460763
439	0.753888322722802	0.354539802055651	0.222582352642532	0.605026041422461
100001086	0.379912026981024	0.465752408874205	0.218332735517484	0.679813480921238
100005864	0.763752994570262	0.479187567167275	0.188770298713494	0.669358890382857
491	0.497245038441541	0.896513800469649	0.202901029950416	0.608209690575921
100002029	0.497644989644524	0.423842166002329	0.195611510088691	0.482536756370985
100002154	0.738876036742677	0.392022455916327	0.170009590414244	0.577180678618781
891	0.495219364382519	0.203947880069555	0.231995894111596	0.576339332258309
100020261	0.345152125554611	0.430456797069749	0.24945784125252	0.580167950883034
100001296	0.451617255891033	0.407968349519973	0.201173157128596	0.486360116862674
2050	0.495501748506643	0.522226437647953	0.220406265421078	0.553735720248548
100002761	0.315132381798352	0.627873336172863	0.172491722351491	0.75878124358474
100006614	0.75751874419054	0.729036997337339	0.193363982296121	0.660263577332097
100001597	0.79896718257719	0.147939398741637	0.132080491701102	0.429088432236351
100020853	0.836382765645685	0.938300748296657	0.205994251642654	0.611665249209177
100001446	0.357878558823364	0.485975202567408	0.18901961381306	0.604709657145314
100003240	0.295414528967148	0.125643363881628	0.240787240835906	0.528690201385393
100001502	0.0248893885625443	0.227357041380415	0.249655582956992	0.696725449835355
100020866	0.0867806557062741	0.00869013106778494	0.108232054708803	0.414147013834176
100020419	0.0387278603556609	0.102942454305264	0.225682898909597	0.379220039127434
35	0.649370066280387	0.376378339387647	0.190931965166298	0.570315449038573
100003696	0.0147164873372806	0.0601771323857177	0.313536186025623	0.552226653070853
100016038	0.778351336565409	0.916489229661015	0.202038230450725	0.598768705600714
100009333	0.246006494315264	0.206222569681608	0.209824912575309	0.637083058321591
100001611	0.0984471549281655	0.256392512760783	0.27207233436334	0.573270126082684
100005383	0.619916702879391	0.281231142816781	0.210182259349492	0.647765826524357
100009239	0.30278086019472	0.131390216619603	0.261485649927722	0.438480810028104
100009332	0.403513001234878	0.287831534074068	0.210059561771079	0.580309723202446
100001731	0.236809268031361	0.798615248434859	0.212240261730943	0.5956422966371
100003415	0.343939699943304	0.434707021228416	0.198376249029384	0.621930667822286
100020578	0.144661330203691	0.192985403302701	0.190068969739182	0.505879833047503
893	0.622704548518569	0.673753464690283	0.206491518138567	0.619906519410553
100000963	0.285283294862508	0.187936968487012	0.271189403185011	0.413583616740058
273	0.204078138777412	0.407136357685757	0.246396413150695	0.610804851460683
197	0.535900457943017	0.458048849365081	0.199995671941125	0.506688253351523
100000808	0.266702216294104	0.21999806741577	0.188650271174576	0.763052284154536
100002284	0.628808281576312	0.391416473130582	0.137107689113292	0.554519037695715
888	0.946497422365728	0.119127847507219	0.230921518632648	0.603336806905153
100006435	0.538207768153907	0.352311404779427	0.15858900165394	0.895226459103962
100006374	0.233337143521087	0.594034416822843	0.212823222149991	0.599876166937984
100003169	0.520478666916683	0.904509020165998	0.20122730317074	0.601563355692156
1004	0.727309152534158	0.84734501312955	0.19791440453356	0.594609019891077
100005998	0.12603108963445	0.945750306020425	0.209550552275915	0.603745738495252
100000773	0.65181480102863	0.53773124779463	0.207712967445099	0.590607189529099
100010850	0.0199792130394117	0.130658405522629	0.251651605336439	0.496956852452067
397	0.605059896530633	0.510323108480334	0.169502625326123	0.661977229545689
100000039	0.0596926787490069	0.18092404768094	0.155868737692123	0.658276484383419
100020833	0.784231597089042	0.769661676169345	0.209622216172404	0.64625191442854
1021	0.484340698691041	0.402465208997194	0.196761520524996	0.642130093478733
100020479	0.421612296680371	0.629186056075129	0.210762174014272	0.617840852866745
100001335	0.559751706313046	0.35060644039275	0.236538041835839	0.582397214310903
100000743	0.611450726357842	0.980028038766145	0.203726794230295	0.614379187815851
100009246	0.147355785728126	0.590938208143362	0.192780552121822	0.640090498641135
878	0.17804615966823	0.788522013940162	0.197970933990648	0.618236360060894
100021103	0.779340082136023	0.779867724647592	0.202867497384167	0.714561738548663
100021363	0.245585708323702	0.574463454016307	0.189620160688865	0.645953917659763
266	0.128447384485166	0.206117332389944	0.206049193476367	0.535841197336112
100001195	0.310296128326137	0.221476253995687	0.268137050602851	0.538509419899436
100019801	0.751585626845637	0.69212260121319	0.213675173467359	0.593665849361233
100002196	0.0272036624302582	0.208608400709754	0.212741937100934	0.609771390090257
100006370	0.214707961330768	0.896873015368838	0.200052286401687	0.61184101735532
100001510	0.0376113660757641	0.00463231754173871	0.180356179151913	0.710326129762383
100000437	0.441265025298777	0.37155219385078	0.186567983381742	0.681714020681076
100001767	0.18386894496956	0.0450319604792894	0.272610217191807	0.682731620222768
100001810	0.354929263167996	0.479841629967443	0.214318999486071	0.767770972748844
209	0.0397791064518846	0.394315525878268	0.238011935637759	0.598373088003154
100001485	0.333987926484764	0.111770320690288	0.126667795484021	0.551142275213067
100002500	0.128330200965311	0.454440388741556	0.207776029391698	0.579648931537067
171	0.0381332731773365	0.0286138132302906	0.156761265180279	0.618288055735663
100020487	0.978003305710547	0.788899944678221	0.222296806375053	0.565012605463203
1206	0.00663605013807885	0.113638987126248	0.204829472718946	0.655966003072474
344	0.0133308275742555	0.0359575266274883	0.458146398966094	0.705168412114321
100001405	0.530296161532572	0.954920795462684	0.208251499648114	0.604185507960805
1239	0.927889261663072	0.503181825914454	0.230449603230318	0.609810235059717
391	0.0762585890785138	0.218785288327287	0.197193465350689	0.803495817548034
100006430	0.473364991711919	0.191184789094224	0.258466379485773	0.3722439294954
100001417	0.862348999873842	0.435364223439172	0.191148854839344	0.727037886677339
100002951	0.0695496755360174	0.493804415944739	0.203123507959397	0.536817293169284
100000014	0.426164424305685	0.587470594616037	0.199446457949282	0.645373184662322
100003926	0.565089145931356	0.482002083685937	0.223097730776437	0.589547941695482
100021538	0.482947505000748	0.349666510235533	0.243238361622026	0.522144096379791
132	0.364259259153308	0.976134147946394	0.203906698024593	0.605956342290016
100001425	0.535707233860817	0.516968016652417	0.261111126521108	0.545550699374626
100020262	0.601724056207464	0.660687341343713	0.220516920804361	0.595104629451031
100002679	0.34991650222438	0.692204431456766	0.193040765827075	0.675917562418997
100001270	0.811862498094362	0.512538105520149	0.206576217821415	0.580808707561238
1102	0.766001485752988	0.945899693444799	0.202891157283364	0.616036854856841
331	0.279048555931539	0.203888432410296	0.165234768922934	0.506742523084473
100006361	0.536239027032759	0.647790130301205	0.190724549944229	0.673416224659329
180	0.817028036834809	0.926191915221621	0.212333460071561	0.604842707411615
1053	0.277267052791972	0.467879456309188	0.325123535001478	0.670340480587271
100001359	0.695407855693097	0.956077527878614	0.211689422060003	0.607066862351254
