chemID	simpleLRM_Fstatistics	multiLRM(chem_sig)	multiLRM(sex_sig)	multiLRM(age_sig)
100021136	0.0295382891164986	0.239754824158623	0.323046917757095	0.787778964612475
100000882	0.809511038658825	0.697382420654202	0.300708912731487	0.675260771880896
409	0.0879461195682345	0.155856884344759	0.332865984766764	0.432083698608161
100002254	0.667492500656342	0.0436088518867717	0.197979770310427	0.679738107599525
361	0.00717732680416847	0.104099388689719	0.210544035561561	0.675957943907425
100019975	0.557534913308713	0.722471177503692	0.291550168412978	0.716243008886213
100000257	0.000594786202594125	0.0189113076970951	0.296144741989046	0.638219592780569
100001232	0.919735753423767	0.9803469482637	0.293207246928936	0.701856908850242
100001948	0.40415481337819	0.410391022637638	0.309016977743727	0.565722271041434
100001073	0.637489071582562	0.693440880313881	0.356692059511502	0.628725137975424
100015637	0.943750931996232	0.463409322600799	0.310029293985747	0.69475021618053
100006360	0.653232609857364	0.706591604284821	0.275926999491956	0.760370621695144
1488	0.550642371381643	0.624368227052754	0.293509709445636	0.676104028926041
100002253	0.88220112399161	0.997670230707784	0.292462404259382	0.700914984470798
1023	0.883617369944272	0.682290370023992	0.288012107506374	0.682924620691757
100004284	0.668594036854171	0.823870211461168	0.285745895780465	0.705930652452705
100001251	0.613387271167138	0.906139296774542	0.287668960135231	0.696168581570433
362	0.72868940920544	0.484686692647555	0.263786618315931	0.692826804655388
100006620	0.749856977304986	0.929241409428004	0.290910249191382	0.701810211933345
111	0.364280119882312	0.166468103053629	0.245145037692487	0.669134225161696
100009045	0.693653069519886	0.294455369830495	0.241893866165488	0.846141802116707
100002927	0.770663306710607	0.877167163741392	0.286134926882092	0.715842189259753
100015641	0.798265466435566	0.878457944944497	0.284287656889499	0.70910372251968
1114	0.121029247347812	0.959229710384708	0.288854347186409	0.701607690324963
100020409	0.360182155521027	0.383747611746498	0.290782654382215	0.572585014671925
158	0.127325378108183	0.242769258481098	0.370598347375058	0.730680612340604
1224	0.0546217601095128	0.184110759153554	0.223968992668154	0.735568209129023
100001620	0.488631501682323	0.397449180462052	0.253112799485929	0.700498309875964
100020893	0.25592874635232	0.0551241055611813	0.269483580650112	0.414532224525129
100002458	0.771214480388247	0.546354009443416	0.334223709686009	0.641596866984613
100001112	0.803843860860599	0.972747638038771	0.290493553093631	0.703791484067541
100002953	0.407653988859144	0.812281314374472	0.287491840908092	0.711087485129666
1141	0.371575157374127	0.054745615498966	0.377113376323595	0.52298927233838
100015834	0.514391033139243	0.964893103544419	0.290280586898667	0.69741829184618
100004561	0.610350876998191	0.953900472079608	0.292827083271904	0.69794249047405
100020497	0.793415784099295	0.775008945503974	0.278260570719859	0.721805252423569
498	0.0525619407363465	0.319493869697279	0.287073152533997	0.774908691373755
100006051	0.86000487607756	0.868603537339691	0.293756200862826	0.696349445907995
1668	0.713334348680997	0.532141964866189	0.28751111107988	0.639987978438067
100004523	0.362371204728209	0.842545403521997	0.301239246783295	0.680947548269462
100001604	0.276029579317702	0.55444802511298	0.285472776193821	0.739221957394747
100001002	0.175098226643757	0.548145322106162	0.303301784614549	0.687140461491778
100001987	0.0683836201400939	0.280259325350417	0.814320154602061	0.558249775936847
100002462	0.574041793709587	0.319222877405521	0.353360779483577	0.574589779908453
466	0.552062400523273	0.0686929683270686	0.320507449225491	0.679565959982838
100000665	0.91364338507443	0.448752162666174	0.325702960517898	0.645781315756359
445	0.670997936872413	0.219416369940376	0.357971579096195	0.81212738957323
2029	0.170803806288726	0.52392374831003	0.306447739951926	0.700171656765276
100006438	0.139535777870196	0.256848040619255	0.335993253772383	0.709480261719546
100001398	0.159072414011899	0.57971160842497	0.270399894417691	0.720896271534731
235	0.382056149467656	0.436883551226701	0.257686305669648	0.740075889293625
100000997	0.693928953260913	0.71613113297996	0.292805614953898	0.678816014169394
100002094	0.275174256332174	0.239232678695144	0.245958176486494	0.56488460744331
1052	0.62304278970201	0.886872729839368	0.287037874962559	0.727445674166697
100020823	0.348485466380635	0.569087444574357	0.270847857367602	0.68476487445412
100001806	0.297726127376689	0.635266267201307	0.337000976927397	0.708026964570701
100006092	0.838633678038194	0.907137329413551	0.294130786397363	0.691593782514174
100001415	0.104818573164409	0.0770536651779819	0.292425896966961	0.415469212200131
100000008	0.0370532660866486	0.072705387810249	0.324825851676385	0.536411745205466
565	0.00673359927957822	0.0472082898944928	0.291666191633568	0.785621073721988
100015851	0.170646675508335	0.197854206975581	0.369193849704365	0.829758032704838
100001866	0.517471232411463	0.922018801632509	0.303470437265832	0.690592581431705
100020546	0.00301565803689518	0.0302450989509494	0.521017253823524	0.887754619114423
100016110	0.610699836292101	0.446643158379106	0.240449833597343	0.788827957453758
100001254	0.00381921277493111	0.0148380684404316	0.372252531300688	0.906386203602039
100006260	0.372690802877584	0.77340161883028	0.296155489155528	0.696070924720698
826	0.678239768943832	0.868720293737844	0.290898395948641	0.694823551824507
100001872	0.447779646305964	0.819606679842224	0.29143006832105	0.699693955419506
100000263	0.34229730893687	0.388478346737995	0.358439876589618	0.692934567999559
100021198	0.78130706850848	0.0544332347759059	0.196383181548382	0.397670470109521
100015967	0.0335375026407992	0.0886684754442543	0.362126938769007	0.520108057996044
278	0.166869557116205	0.282424390114214	0.270991244263288	0.970110664299612
519	0.707286271465923	0.334541159929983	0.347922746219088	0.63711234973327
100009337	0.121367634580468	0.332987045482584	0.387841383982725	0.682701074630514
100002185	0.363229095526637	0.924499731705846	0.2889481711866	0.692452488618117
100001278	0.372238512713607	0.274632033300553	0.357679133839426	0.654119706867494
100002103	0.858548276286015	0.601562882421589	0.291312859009416	0.647152297846592
980	0.745185574351206	0.444474784339776	0.322552579727893	0.682065558787106
100000016	0.812967797576816	0.423654426089537	0.287716089763275	0.674501453541145
100020372	0.198478397334147	0.512984878119738	0.287469159410141	0.638069494151702
100001662	0.619632472221439	0.123587236919408	0.110913456819981	0.725308603786432
100019972	0.954533440059051	0.681404224274488	0.298841482294876	0.686898555822495
254	0.767246480072382	0.716868642815185	0.287892533983194	0.70302124899897
100002009	0.675331405411907	0.712536878832948	0.287169952936396	0.628127087204218
100010895	0.333845263248216	0.447935111675213	0.35327461722534	0.680038881247386
1140	0.924103554624812	0.927047756020367	0.288785734115549	0.692321804411674
100008951	0.644890124712238	0.541067953228485	0.309687403166051	0.660633463550658
1084	0.387040257351686	0.836649544252157	0.289938965995758	0.735720343528995
100002796	0.1073699598583	0.376827075338269	0.257676797058332	0.639882445938039
358	0.955791806901442	0.953482102810515	0.289428426970884	0.696254480732433
100002070	0.838679595344253	0.720019764053313	0.282617629947244	0.728872729972007
1628	0.342384094509182	0.129368188743405	0.356766648104392	0.689677604529855
823	0.701380951763432	0.577230980850912	0.25868967068085	0.754966740453261
100004414	0.452361611188377	0.0914741377369915	0.379580964006081	0.83895165902324
100006129	0.690865370213473	0.674581758603705	0.272631294307357	0.714368213141722
100002028	0.711582790743305	0.477149748238329	0.389902124290264	0.511570633470124
100021707	0.529339878041111	0.632543253242388	0.263360800393107	0.749527430755301
100000054	0.462948222780404	0.446059231093097	0.283404189785274	0.7299232618998
100010869	0.466911372902887	0.226828178950549	0.300497992454483	0.566948278825204
100004575	0.0333613850785447	0.111512771533571	0.362722118953731	0.982021302022457
100001212	0.953579701600094	0.654007094787397	0.29459760673183	0.635642245352263
818	0.246210749784292	0.614064085267015	0.326465886311862	0.65542985639011
100001092	0.00195917782434948	0.0231479557441622	0.28116069861385	0.673511509998739
100020371	0.912702250161644	0.812985237055018	0.297458096409979	0.699479469325127
100004112	0.213214144943989	0.522792577485372	0.306814207365748	0.703913157402496
1125	0.381739920207499	0.286805811202479	0.331608443278366	0.749263791427903
100020491	0.926021526274699	0.586826114782233	0.255246201635086	0.713577943455867
100003151	0.00310717688090703	0.0278912923814638	0.427917964653227	0.571175544575251
100000011	0.3385562641023	0.160934126027718	0.216911119030729	0.803752655147436
100003594	0.565853989116877	0.883946491953395	0.287487257878279	0.692363295637082
806	0.790175638296194	0.162874380144632	0.285468279300933	0.497874173078837
100001211	0.917476929964856	0.549418014932173	0.301921136954363	0.679889323708307
100002417	0.509141380457905	0.50819754158399	0.275754974223568	0.646340564087531
100009335	0.425014300331389	0.178268766578784	0.238193334079779	0.737947503532324
100000781	0.712742294710159	0.944176168866657	0.28906696094364	0.697306549386057
803	0.0303081903043847	0.0356095402427335	0.277469649220178	0.575230792161424
50	0.486656737970948	0.713819836765813	0.296963243484815	0.684217962973301
796	0.410678599576006	0.0508480528808361	0.323592143547141	0.689053275694612
100005834	0.916604640603825	0.641703044794806	0.339016602091789	0.696675788327056
100001580	0.947928569947612	0.536314443267662	0.313859131981371	0.701087795290456
480	0.808976117426339	0.613385907685999	0.260333591345631	0.707609693432721
100001540	0.229283857272013	0.732817225300832	0.375157731823083	0.781792376814489
339	0.516940703306066	0.116190749516209	0.265047955546414	0.611168157130491
1110	0.904080636985991	0.940113995092037	0.293506935661532	0.69491224114282
100015836	0.178032617646974	0.185117556269521	0.423956374821016	0.870669707895721
100009271	0.510533921059933	0.505081225145233	0.327242479108152	0.680549532979647
100015638	0.982757073000278	0.436281908712469	0.304938352242759	0.680866846004504
100021667	0.962990049810379	0.520348180996414	0.327878435533215	0.680649202282053
100001279	0.597006165973319	0.378519697370423	0.315261376610698	0.823828003359396
100004208	0.0234234421279726	0.127086089672729	0.433741419378366	0.810648667864144
100003695	0.204329822418876	0.144666200367489	0.315104531106387	0.483767813291258
100000802	0.82541135415103	0.901081647586884	0.292375305230262	0.696187444447632
100002769	0.944571108378168	0.094873649462523	0.204965583655976	0.80464287573798
100015835	0.129020347772732	0.320218649783441	0.420404513221661	0.882459907952262
229	0.81815789431582	0.37508654237316	0.329117349207717	0.69637810582454
100001266	0.00648480905130925	0.0269986751567697	0.371622003761186	0.994805423938307
1342	0.303927155200622	0.354949149934725	0.249465931301142	0.716024343385478
100002102	0.780661076532417	0.527481896970197	0.333570988662314	0.811539810235759
100020254	0.193127625041107	0.610223077743098	0.282771511457448	0.722748814225386
1231	0.45774934335558	0.236679052945096	0.347726216158418	0.652721635617369
100020492	0.97012621018805	0.895626321614663	0.286840399782118	0.698624775780363
100001402	0.352507292167161	0.549608843181719	0.325191820526962	0.707695860211273
415	0.00569169916219323	0.0790384012865933	0.342831724377038	0.760825161201524
100003109	0.992662104733977	0.962450158641172	0.291124144802486	0.697541587973888
275	0.58620183456874	0.831172888754409	0.285515087861196	0.685833459051137
1143	0.168128156684854	0.0777541627416027	0.264387381799661	0.798834043106027
279	0.335166132160847	0.33079372081759	0.293516545191297	0.564764558875824
100001198	0.952280144540526	0.955067368338715	0.291636258927291	0.704335772678646
1648	0.392869732681533	0.940020410215535	0.290621314164693	0.700490880568505
100001590	0.256336655426505	0.227071609615073	0.280123560754673	0.612291392929546
100001733	0.390014456533833	0.83245770568689	0.286283631509478	0.715294151463562
100008933	0.0166955959911255	0.00231975476890565	0.395948363620933	0.649837023098687
100001550	0.359965114537771	0.511863116555694	0.274691065681205	0.648636847504817
1215	0.0671576827832144	0.227264891384835	0.245306241601991	0.654920640167464
100002356	0.253982393449507	0.110046050015362	0.352155856608045	0.712370519306143
100002749	0.703693042712423	0.747498243760067	0.293618635298767	0.707399079878566
100006379	0.145262422111062	0.159055158864469	0.340144561025593	0.444347020624416
100015966	0.0752489961401833	0.15087812188947	0.317945378005334	0.521977342183555
100001392	0.648395779272857	0.996235384996678	0.290751631685	0.699033860434192
100020425	0.123597017011572	0.0418186058354506	0.239880709601871	0.440471664283507
100004299	0.310493911585515	0.809105192537635	0.308120977379075	0.747321096142135
100001734	0.555627453835108	0.513178045704848	0.306430230162551	0.636480928180102
1002	0.774302554156788	0.85309863759542	0.290680179335577	0.697410440862561
100001337	0.328596260316317	0.807730601188741	0.277253090995762	0.699816980812357
100001452	0.881945584100949	0.745795563927557	0.288886602813232	0.669325757040756
314	0.517206445346677	0.380135035053125	0.302082819835164	0.718850651152867
100009264	0.936294383905455	0.558733138727176	0.234617719373572	0.813958261647078
100004634	0.457744768593161	0.514690320437145	0.26210371471626	0.71476851634754
100000711	0.775541391199202	0.712592712410763	0.318502782600447	0.721450630390872
100020536	0.0242166871218244	0.0983730889123092	0.352191522084421	0.798789992031618
100004318	0.324934569757283	0.593225489241048	0.297556604836488	0.694376734540957
100005850	0.899534144507926	0.493026628778927	0.364043718616964	0.646565718202458
100006619	0.315562448930401	0.147291440652902	0.329522248087714	0.686557697932536
356	0.430025242887582	0.655155127886649	0.279908113125111	0.718568792838447
1221	0.558955506544018	0.547121152549071	0.380966213377999	0.742978948366585
100001397	0.740238487256438	0.75188278646111	0.290061122363167	0.691637440476796
100019981	0.643897515351355	0.880051269043276	0.294283958710547	0.717684347290588
100001208	0.475788670219297	0.265990104565826	0.253182781571007	0.970683407229167
503	0.0147874935912952	0.011283567365074	0.168418079657387	0.506826137111324
100006375	0.159975302556342	0.623428059182382	0.314377650934106	0.676692189341076
100001295	0.681401114922162	0.606528455863305	0.283986173060899	0.795732752370962
100020427	0.0525240678722076	0.0261321788659852	0.279856918483638	0.39059918105707
100002784	0.548195566535512	0.359773055192106	0.244402606816253	0.764278949307567
917	0.0525115176553244	0.201700494156616	0.320233603698183	0.651254125008717
1869	0.359071385102974	0.20387961263138	0.314159733540152	0.581642999011815
240	0.226091176030803	0.105702748703611	0.184326922306174	0.501067278775571
798	0.00558229935136636	0.0983356471808155	0.428417581334264	0.629464925261266
100002952	0.238350401084426	0.531068842492129	0.28924028558845	0.772787317410208
98	0.706621104266039	0.86674642980753	0.303376680817752	0.702778460891818
100008998	0.275632222449535	0.318381572884522	0.230221830905337	0.773268652839533
477	0.920763904721148	0.29717932800521	0.297886248350155	0.698091554603832
100020545	0.091571693018445	0.147483728751367	0.333449727977877	0.862013533326005
100021666	0.968251737298136	0.234147161089139	0.333673979554975	0.695991472291531
1256	0.588361301432796	0.751373496959203	0.329616695169605	0.727913360294072
533	0.264758231284672	0.0702204948308355	0.207645785272902	0.447926171743482
100001757	0.306774955929845	0.80940665745707	0.306585979827855	0.691799328979438
1024	0.304417478579562	0.076485822613334	0.193040520852518	0.816727561024988
267	0.470639651047938	0.990334679726692	0.291474017002411	0.698956961819352
100002113	0.0876589031684655	0.0789687898094406	0.284660099501139	0.734550093304723
100001756	0.875851610387806	0.737279374359857	0.301878069173058	0.718540087150048
100001193	0.430873905295913	0.18965192886462	0.361522821383992	0.648728996740884
100001668	0.743700534499366	0.980631228458771	0.292231601319426	0.698582428257368
1124	0.274781055325417	0.276202917813013	0.257283728737956	0.808384720747729
100021331	0.176469708917745	0.323476038437994	0.272137039391502	0.739390159278102
1090	0.0705701017775766	0.0465754156365318	0.274629584130808	0.837267283683779
566	0.852111052521697	0.332771174394316	0.218721890990511	0.703327885700464
100003119	0.448352886875627	0.294122679417263	0.323990865434162	0.638914002410392
100006367	0.733853660401164	0.561444072098975	0.30140644044972	0.680035814977336
100004322	0.238817742601062	0.252333018282977	0.296683792369013	0.781173308936983
100001034	0.722476496890434	0.810471585523346	0.287072222401276	0.69083738439493
112	0.890862472584621	0.911410760255711	0.29253574951854	0.687383222823638
507	0.75218931055813	0.782065605371463	0.289185933670702	0.705725127785017
100009233	0.273580698427214	0.179473490608262	0.270064555331484	0.725695816349531
100000406	0.0225383955256176	0.147260407760266	0.450101458043505	0.492152131419623
100004046	0.38567919429043	0.41030866926084	0.189312779050681	0.635226468600723
1025	0.918055256613979	0.705358897000441	0.277813237070644	0.713354069221184
100001106	0.180017802790983	0.182826744974032	0.241261247037386	0.730815411841149
1128	0.0374332587854213	0.621420695369932	0.316477817500005	0.738327583069676
561	0.0423510302962625	0.152750755750612	0.198663687151838	0.612466370528427
100001614	0.856400792716878	0.374619804510857	0.30521993200721	0.675408984548693
100000961	0.749507267830859	0.930766038142832	0.328497850208045	0.692110844815698
100002397	0.874559809868758	0.629398597420686	0.29086051645092	0.636464971956101
100009407	0.99762757305393	0.9726608366853	0.295192588531708	0.697920836166819
100002910	0.959530291312997	0.580631022523702	0.265226514794547	0.63124729352754
100005946	0.266775633390097	0.365638330203977	0.33393286355329	0.798320817387374
100019794	0.103699442129383	0.295838731762602	0.291513954634673	0.853576846749303
100015759	0.295361652392057	0.097141291922314	0.248616402242964	0.710472758755824
100020417	0.659121182608855	0.56873517354259	0.276354129686767	0.673229059372366
100001054	0.726680043705783	0.972455602918464	0.293212628590686	0.699580074327887
100001437	0.304208097847038	0.329730329430643	0.243891682479946	0.626401276289998
504	0.274840797331738	0.720779877658031	0.337437613697547	0.707345509890383
100001988	0.453243848919636	0.64429885378468	0.285442891163275	0.860444096275998
1082	0.0355471145116771	0.647344049036872	0.319173922735598	0.723975597517696
100001403	0.273626650550386	0.316916240648395	0.328131442964087	0.68634198884995
100001664	0.964296682414762	0.565855876846715	0.276725814856963	0.864446527805086
461	0.239722523185828	0.189735825633051	0.476611299448384	0.677801207610125
100000463	0.744217453997595	0.950004483781751	0.292151287110493	0.698705792005419
100020208	0.629344151417202	0.584926125145655	0.322048950965476	0.599201296329301
381	0.532632965166514	0.0635721621117723	0.12808361432666	0.521612222238674
100010901	0.0798049812343834	0.073863950184964	0.292656919522205	0.820750390539537
100001468	0.315430351035445	0.959920982592869	0.293826256092261	0.697576230794595
100000840	0.971195833636832	0.834180336424807	0.2829206696381	0.716625210237608
100020014	0.266011534035914	0.57403911525469	0.283248763353927	0.712780060387887
100001993	0.755456280861884	0.601639539171936	0.241216792309138	0.855909017914982
100001051	0.0825620102333464	0.0182391193336804	0.328646269644115	0.374980076432917
100006116	0.37478789393547	0.516509253645562	0.295852048668692	0.701584140251154
1108	0.931326518992952	0.999509672277131	0.291677453901096	0.700585492623789
100019966	0.378072460202562	0.142778929444931	0.345630885172007	0.668335740067509
100001743	0.560548448774823	0.395261890843483	0.283548140158366	0.687438010187172
100001294	0.149059669101639	0.20926578954033	0.208343753895604	0.744046025933663
100001609	0.236410269349109	0.101991090792345	0.277156723194044	0.799674247362047
418	0.759355493118611	0.98797516636979	0.292234506585347	0.702915592210741
100001178	0.388483233536512	0.89118554130706	0.28840183888675	0.686389084505893
189	0.988333674887794	0.659723237331037	0.264237378022809	0.663976331886339
563	0.582926458442635	0.790130422931572	0.309414035232955	0.685329853963114
424	0.588963350257092	0.458525274436866	0.323901487519218	0.683364883474224
100000776	0.158394143494389	0.338755627360469	0.327558235724291	0.696660961961536
1001	0.934373541354971	0.522134170048292	0.295213365369512	0.699834403729092
1135	0.303273130624421	0.0918174217668589	0.281735358104955	0.766028182243629
100021093	0.347603244469062	0.482966792998911	0.338376659255268	0.723867799034788
100020219	0.128949823339633	0.240360775283115	0.301403424216466	0.590714432673415
194	0.495249597298779	0.821556025331801	0.299501822300635	0.670085514968873
100008930	0.69387163075683	0.636996916599294	0.315540620160338	0.68174292213156
340	0.733149000709872	0.261369011813161	0.182321123072165	0.763459577682182
100010896	0.839774748733511	0.828154454463262	0.28161595001344	0.703151689957094
100000787	0.174196471945651	0.0985569148917518	0.287721416849587	0.405285229800181
100000639	0.0306985725743874	0.216193377136642	0.26317446566682	0.706712200134555
100001851	0.941791706380995	0.253123392177449	0.31934810051626	0.473912060551388
179	0.610145950572361	0.591473934339484	0.285281703693573	0.716496895692457
100000626	0.40401594894787	0.717556797113881	0.303679527359311	0.70052377707608
100001605	0.0124844939616763	0.0899137721760791	0.369651407115174	0.784268549085316
330	0.263433210837888	0.414329026865661	0.321224079548156	0.55894372535086
100001162	0.835813146885374	0.548141777316391	0.257821561304815	0.665163708802709
100001167	0.0305584859684438	0.210560334695552	0.291061654094321	0.690842931859481
100002067	0.61188229712157	0.818183266957521	0.361645692478288	0.653830526920097
100019968	0.653808285648016	0.387662167107627	0.321155131514871	0.637628093370318
100002014	0.927616223223087	0.958166505587405	0.290159985695125	0.73355625106263
100004083	0.440710824696613	0.132707938495103	0.324796391382909	0.558461660400221
100001315	0.326320359175134	0.410717935558759	0.305217715041942	0.763576223683877
535	0.25750083728555	0.569292012909071	0.312316901704637	0.690664776039921
93	0.399854460030726	0.247957843489601	0.330732925806751	0.532220031398659
100001989	0.39185758133422	0.651604935007953	0.269843590703342	0.738405801569356
100001740	0.781927992888135	0.416826151030898	0.2651574935442	0.717291616757063
482	0.226875083107765	0.938012961248034	0.290835225088759	0.693463441113703
1629	0.241917710976685	0.404951503620312	0.351544498051852	0.678380266504194
100001399	0.454320606082067	0.385140062991357	0.3069942227559	0.702276767954584
376	0.799805025338742	0.157420185938559	0.178896516194777	0.810135672963833
342	0.589584808316642	0.610157681424538	0.289367150895603	0.697403093094177
100001253	0.0288473401986422	0.184606995484883	0.246692859784787	0.908436600984157
100000708	0.677371037725488	0.819659906609977	0.306183531764188	0.704558112806654
244	0.180910261659258	0.049479230580939	0.24311107575754	0.82370778165253
100006726	0.394633077035807	0.279924081960128	0.3428784218874	0.686551577564602
100000036	0.139904689511121	0.65795956834405	0.269473727037412	0.734608414107098
100001257	0.0180936286747392	0.073524715688358	0.414025229573996	0.995630479154804
100000445	0.645868317501719	0.637165048452804	0.317026893245642	0.658833260442455
100004088	0.00439028011903401	0.12472838439554	0.338165797561718	0.778139712498617
100001423	0.970290953619554	0.752353255111073	0.294765178340056	0.672649015317227
100001276	0.308802398563209	0.261193035840533	0.265624954114837	0.616029066101988
100001876	0.818534079282115	0.924837795739501	0.288476335614067	0.70177181971485
100009082	0.265972644133666	0.0140881274082168	0.103854659726997	0.740919539506525
100001121	0.359366277527339	0.621787134116832	0.28102646514346	0.685094489781973
117	0.327622573075254	0.635906337362945	0.273567757622265	0.719250790838895
100001868	0.0365007432140379	0.10536737160392	0.34665801871902	0.70665992420722
1134	0.683765650004639	0.309967015968518	0.199208368249769	0.669870606621713
100021012	0.255152058105294	0.473130680114182	0.299276236442044	0.725251858809216
100001181	0.722394751429239	0.25895561823344	0.363124040533981	0.631673216979742
100021467	0.712825559373778	0.296390879378293	0.294755604345747	0.609075413701367
100000447	0.222356689098718	0.241937902343036	0.337356391383919	0.666363836557396
1162	0.000462255320109905	0.0126738211264399	0.383961778296602	0.60502959295277
100019982	0.515775310805257	0.46854704086451	0.303531879519496	0.685020710227653
100001613	0.981358730362499	0.449185367539219	0.306038164667505	0.668303643518076
100006644	0.483480276605557	0.621986197286418	0.267990655920709	0.720660979312808
100000096	0.540432277599819	0.0250417650032087	0.190421712633323	0.672763224889264
926	0.454872187598948	0.631863080096867	0.296947262347836	0.701189704529968
100020004	0.92946017352389	0.659284457957737	0.308977098751901	0.701384817525748
363	0.149986308668177	0.0432180032509379	0.272989745319229	0.276882749793735
1111	0.447815977243928	0.964462432179274	0.299845278216578	0.717074686602578
100021712	0.785329627688089	0.808769603197684	0.291154325387012	0.688108794377735
460	0.840235674692353	0.686544290310766	0.302534586452603	0.73866022699364
100009331	0.303322443740591	0.192444791550825	0.263035624813522	0.734431251213463
100000442	0.284907521527393	0.738368153173495	0.311171112902022	0.712506722012178
100002945	0.0837131314686259	0.0174587258447749	0.38406415012379	0.662216438384355
192	0.974401215399917	0.922221864624798	0.293089505776026	0.727857526237613
100020241	0.429507648459523	0.986735641620087	0.290789935310364	0.699325081723207
100000580	0.162849420537253	0.15563908055858	0.243506980477417	0.915378953435819
100002466	0.00766173807999992	0.0250678275048661	0.24513814347964	0.450743300355681
849	0.681785784791123	0.578377929385734	0.295653502991237	0.647694767148363
501	0.484712133036767	0.378773508945189	0.324254540475597	0.656545313837791
100000282	0.625404686895679	0.131226664457493	0.374366508823624	0.598689536011512
100001577	0.0228508573123439	0.163578357823072	0.41270028331329	0.776212860811211
355	0.0984441716732708	0.310931566042204	0.245315663736787	0.598623115742134
100000841	0.762282478913124	0.959113256305351	0.299364904969904	0.713125471163569
100000846	0.807209039446212	0.357199099169932	0.280549051546975	0.691696938531059
100004295	0.849980088804154	0.388699778707003	0.268481495462855	0.649010486610775
100001586	0.092757131786937	0.04497888964053	0.419606012306483	0.356855146451159
407	0.0123795912457302	0.0330220755919742	0.327502248771202	0.773834743017887
1137	0.810193462705305	0.683555936356713	0.278095939157344	0.745554968595705
100021374	0.0396643178433075	0.0157658863480969	0.223498601438265	0.903907695265349
100001593	0.652351591645656	0.910760550051702	0.289764069537231	0.703094643178039
100015971	0.694708306262078	0.71619514451271	0.284049693573928	0.698909947777824
100001022	0.347235005698542	0.161302032072038	0.177199261077928	0.977910664109471
1094	0.0750335434669784	0.248437116196041	0.4400685180479	0.918115045395091
100002122	0.281925933466869	0.251419397045647	0.240123365951243	0.794588745485117
100000706	0.617006667219238	0.55928781389046	0.250080576024277	0.699211122061019
100001055	0.843939587134162	0.377144529857132	0.262620298112298	0.637535247611904
1235	0.493465787021056	0.726715593650598	0.277617800157539	0.728666254311886
100020204	0.0712086036423635	0.456432776193541	0.322429493374838	0.757759326640567
100015643	0.0320254448913179	0.280229862069984	0.318550105936729	0.652102001212071
313	0.0226772411586856	0.251878898978622	0.305668403067188	0.63080920666793
100001413	0.893333166397748	0.87013411355824	0.286351795480771	0.688537688500787
100020423	0.019578743078839	0.0139661858523256	0.314770414216031	0.360630864536852
892	0.423845876059355	0.143067476289565	0.321844261247727	0.735821020555107
212	0.0639603957562833	0.13053424564706	0.384773456018771	0.678340968946602
100006105	0.202026571504929	0.185258883908671	0.331195589868196	0.710164111313969
437	0.710085712677724	0.633436668638587	0.272054370401582	0.712077385059446
100019892	0.499417871293468	0.760048628204957	0.289664292534541	0.726210130262225
100005716	0.0643424451118516	0.0922302716712483	0.317586602256316	0.793819912542854
537	0.18896132115281	0.11875958053125	0.304304598454362	0.734647455596172
100001990	0.267670972869803	0.588251418331095	0.335774504550235	0.648407836064893
100003397	0.0283687109975285	0.00384820324645685	0.230654804952752	0.455286827270756
100001320	0.100406063714871	0.207357533758663	0.377238592990077	0.45430872550149
100005717	0.130361135313808	0.0884747074001623	0.341038392995115	0.73484910859413
100001207	0.0378872610441036	0.199575975970812	0.325851120327501	0.699125187355517
100001999	0.504583163767989	0.796473058393708	0.279722100165231	0.803703240058401
100002488	0.210761379176211	0.0181819377603637	0.347827844763444	0.646859020807714
62	0.213311570146517	0.698702958600074	0.282472235071881	0.705153493743537
100000467	0.607710313845942	0.474558727867229	0.27949305100481	0.67357392450738
297	0.00555670533104056	0.131342562549401	0.296382972951319	0.664708895737939
100000285	0.0337920349410183	0.413770068525944	0.292550647095476	0.790343296166085
100006056	0.0816074640902257	0.416475076902131	0.302781051592035	0.734179736702345
100002126	0.124067489364074	0.247303565539287	0.225769295137839	0.964605350830924
100002129	0.815103788812048	0.766502014891399	0.274835974837291	0.811825074251791
100020478	0.0292108923802628	0.181948407857003	0.261032149534325	0.733593252168662
100004089	0.068199412718507	0.547047752424899	0.309579885172129	0.654664142057471
100001755	0.544588536502352	0.565220276791925	0.292659205765483	0.654300724750302
100000551	0.0262269153143463	0.994061228054427	0.297004733249618	0.70102892288108
100003260	0.44649961457167	0.303556475319282	0.331092224018488	0.784201919296921
100010955	0.865277487587453	0.423629790353767	0.235327993350704	0.595205613721192
100020851	0.239586150326083	0.474156030599249	0.311705387388434	0.719097910865719
100016069	0.632896841849093	0.810160998572863	0.294669240100221	0.688539796970704
100002027	0.519036721503501	0.540038489220777	0.22443039093031	0.814995363288244
1123	0.354619680858266	0.185576228992846	0.280330995725379	0.836437653369602
100001150	0.779082846558422	0.998368789893707	0.296150754311128	0.699369380034358
100001657	0.304401552081144	0.703156488588338	0.292523925128853	0.684187855139908
310	0.263888904320237	0.355663413810154	0.256832464583008	0.800976254118941
100001314	0.269718724234688	0.112169176112605	0.279053665383951	0.584159132745476
452	0.68961140190734	0.637978086426038	0.327982835362271	0.671403059937149
144	0.0809431834404105	0.0555354827343327	0.359590878675009	0.567582113535477
100001182	0.206144410239043	0.159932320133546	0.358244522855434	0.685961829006352
100015965	0.677993764003615	0.405465295486992	0.277622796774562	0.785876105342758
100006108	0.989576302580731	0.51369955368457	0.299271160877783	0.732570080724976
100001400	0.668711607060297	0.612073879173965	0.275341042595278	0.690622590169123
100004541	0.249821696971014	0.192179714209809	0.286351561997851	0.443095084221224
932	0.86045797384904	0.341112813801582	0.29761210476807	0.735047675241179
100001992	0.454741897804237	0.570168566742887	0.403753295086137	0.601511710516404
100009252	0.164842225759016	0.180863542486927	0.34114234705117	0.648712197530839
100021104	0.62154753152451	0.559436360474002	0.239320346491467	0.836208418046147
100015838	0.0127054911419629	0.0426479606750734	0.413602638989487	0.932384256377224
250	0.00105133760176662	0.0231239267863491	0.530019233743258	0.797701526844318
100002537	0.930854677061037	0.517545174722945	0.26991117314197	0.802763930992432
100001658	0.78020521967551	0.696905274107849	0.316255754502823	0.68847531846693
100020416	0.297259538457976	0.399810454195508	0.260822670724975	0.677295195125959
100006642	0.285783978633085	0.761559979131466	0.27852369272832	0.719236856814856
100001391	0.121581142941279	0.350862140703706	0.365331479035583	0.802584077272278
825	0.610462683375941	0.648289083778381	0.26026620281417	0.709875940031529
215	0.0189774895922579	0.104470872649048	0.344803478846169	0.685098347327143
100001026	0.978922363442492	0.854462163537053	0.287435057757768	0.741313448190483
100020541	0.379771544768833	0.415165245966535	0.25191040734455	0.747520980270607
100001526	0.222558535708434	0.288517085780387	0.436510591874821	0.813808801482735
100005384	0.541387429636556	0.426176709317247	0.271879559082454	0.618471195669919
100020378	0.28732854121832	0.674203386180311	0.278648400859487	0.707842033721964
100006115	0.943877485832155	0.381475890034567	0.379434029691359	0.591173545746944
1442	0.197035145489783	0.0390624547051096	0.12054790034007	0.580132421325475
100001843	0.138547987271253	0.196431327994405	0.317804054651586	0.794246408168847
100015837	0.172909831606588	0.286801907694575	0.49202110199895	0.640488342532542
100010834	0.75954013834016	0.993168745095231	0.290308335463276	0.701346064995864
100001393	0.653357602565535	0.406117905525193	0.230098810201562	0.747833237242025
100000015	0.327222706136134	0.555651544583427	0.27093726540992	0.721937156592007
100003892	0.0535379138668767	0.0526775146672338	0.253994620067274	0.950388215027908
100000042	0.17044149729567	0.0228915517706367	0.312899115641812	0.607665643417892
100020550	0.530894241472043	0.205228439900774	0.318993604709069	0.59577943931252
182	0.441131597346486	0.35273265791407	0.281276745225057	0.719740965941629
100015723	0.129334041756828	0.420493572677103	0.295632949448119	0.68371843245975
100020343	0.358636311948286	0.423642522962965	0.260029604771605	0.702585856341372
512	0.344720097717285	0.633425710213507	0.318328013090072	0.673610260286846
100021100	0.824008609286855	0.734984633940844	0.280060728511275	0.70132990486423
100002528	0.328934406098591	0.0707599847083736	0.346621071666338	0.474715382255864
100001287	0.496783620634526	0.785100838778396	0.379107057748145	0.653418601927388
100001229	0.771299767344932	0.856898337119109	0.302706163399718	0.686150152397714
181	0.40673027302215	0.864443270795621	0.286643031755449	0.719185111084992
100015831	0.00200475739871202	0.0237189100981146	0.383432934107184	0.479000504168386
100020515	0.316829429178828	0.460761209740552	0.240018154536917	0.855058286782563
327	0.190734699640643	0.250637030579027	0.357196531342959	0.658049245461361
100009394	0.6626065586715	0.731427372215066	0.27374864517748	0.730179257408859
100001596	0.901299234615697	0.244051947355864	0.2632125357797	0.531878144764772
207	0.870584010027758	0.511232141638774	0.303928104041025	0.661224683948656
2054	0.48188268954443	0.776813394199936	0.281036084109097	0.716266654553404
100020259	0.636309852487389	0.561019242259886	0.318771484833412	0.685055426441043
100020414	0.00190952192687163	0.0312211617658805	0.213433628980121	0.686685135769414
100021131	0.914498757953336	0.265581462059916	0.282071603734912	0.660340873410817
100004499	0.862850001623217	0.729766695980102	0.28350234588226	0.670972337961958
880	0.172426684095622	0.783028861746799	0.314227671506672	0.696260495412857
100002049	0.476043321671728	0.300556848611995	0.323920537854013	0.651316310468866
100001739	0.542429230148508	0.259730111660838	0.368287518413969	0.660973834233932
100001126	0.405592158458617	0.134798306114088	0.188654175297725	0.570076676978597
1113	0.658677086774864	0.836928467323248	0.303793410922561	0.674751166709393
1083	0.963613465578629	0.311155986265783	0.319476199444661	0.609244917905123
100001730	0.0803774482009155	0.192984858858142	0.337231831653997	0.576164541398862
100001412	0.583393032271921	0.968664086027441	0.29115218832145	0.705123007573114
100005996	0.739088429546947	0.599702708133595	0.281242985245927	0.672194821155854
100015962	0.00708988485775406	0.0864557337129591	0.220541891363185	0.988611099740774
100020214	0.69637262078572	0.438893485450313	0.307641497038094	0.623430906832851
100002514	0.11283460391543	0.328515919353575	0.304126525943994	0.637221188093284
564	0.143326625218866	0.0455231257803774	0.261389504834096	0.584387195985683
572	0.0234933060264873	0.0191488546551405	0.427226786426668	0.562842629679852
231	0.998996437492316	0.688798928210434	0.270608019530233	0.713634447924769
100000453	0.883856727758453	0.730043715937563	0.279414533725032	0.734450070013531
100001007	0.105963454660156	0.243518153654602	0.348405994177808	0.580384835170265
923	0.629732036444405	0.343286193017502	0.276895332563822	0.750826258109264
100001247	0.42068542785697	0.487271752670716	0.272731590216316	0.680777651331469
100000774	0.600555084449442	0.886817715892874	0.303670476277464	0.713357924039827
800	0.367987220769191	0.379440885251421	0.307293142793115	0.758391732261249
100021678	0.299100047725203	0.39812240778429	0.24208779131078	0.695131815389195
100021711	0.386595047788624	0.81230591538993	0.309365647047603	0.711504790163121
100001274	0.825682359754261	0.432434917525858	0.27923650191155	0.552520840087835
100021220	0.143415378361546	0.165281966321739	0.359781384505346	0.983434089633745
100020253	0.448697281364226	0.996194100700809	0.290624995708174	0.699487157516884
100001170	0.727269201677969	0.172449734266107	0.270278698483791	0.601849794292335
100001466	0.23784786181329	0.813765345680606	0.301491533345953	0.692830368410588
100009406	0.742925346632436	0.65460482195189	0.278394616278188	0.716221142866684
1026	0.19991498177532	0.462403135003558	0.309022866162759	0.667224153074717
100020837	0.707751908063374	0.424661264127547	0.326643628403164	0.60923867168749
100001006	0.079546338855283	0.0859256494555732	0.27731659442647	0.819237739639626
100003674	0.74116311951543	0.123616403888278	0.28975530958802	0.689881235942188
100004396	0.310894107375331	0.421908474603125	0.334254487117904	0.59586498164437
100015923	0.458633436942589	0.895771807312382	0.315021924320245	0.690700913077591
100000265	0.459166595224376	0.715912516253732	0.296832192423743	0.672652381142246
100001409	0.0661691474910152	0.108779682900421	0.290477529581559	0.541330455885731
100003434	0.455700209482389	0.488226001530981	0.297888492992351	0.619357059930731
100001334	0.580731585927649	0.0684106599368229	0.365507352804778	0.577018797588554
100001102	0.735123453773308	0.749652434665577	0.301159189587632	0.679251290302104
1268	0.57616606683672	0.0635484666469883	0.180458501507553	0.657042424042791
100001300	0.237505155198146	0.0909858235104222	0.257054772109109	0.703875049257197
100021324	0.255589181936696	0.730683771846613	0.368593240804883	0.690810015298545
100001617	0.115407186958081	0.105121307363831	0.282852400360462	0.739045098271227
1105	0.914078407293839	0.170046006787789	0.388335580185557	0.395454499236243
100021502	0.0578144081635915	0.241848524979388	0.2808722059579	0.731232547140549
2051	0.915302154741209	0.540691481941261	0.292751564167315	0.587875716645914
100001256	0.151994638166513	0.506642135130183	0.326877159910024	0.834623912891225
100005466	0.0625162678557132	0.0880630175362202	0.33141894344249	0.494341251522442
100002199	0.146943164742662	0.736530300600726	0.300307440071277	0.716183179620499
338	0.0139068168946555	0.0445193827268755	0.472556010180096	0.463853703479075
100004243	0.488445601665346	0.617255044628409	0.272688087556656	0.709700080750428
799	0.54552809874659	0.898548194976942	0.292328108499439	0.698743678162244
100008928	0.558445806069158	0.104586300366631	0.293198221676557	0.693312885219949
815	0.0854720507197942	0.267906049690826	0.294557910416956	0.777051684442567
100001456	0.00327054574051917	0.0598477556201673	0.287086149996737	0.631736252974509
1242	0.0764114651927245	0.0868471781660839	0.352233044538623	0.504670654518113
100001416	0.280951293115357	0.109568163302088	0.201450299247985	0.444248882839807
100001462	0.353963388019873	0.325648919658917	0.346711239679118	0.659806799061853
1087	0.193044879909395	0.0392280764985781	0.303303023401587	0.661537610321802
100020421	0.0714430515063315	0.10538293410489	0.331087511837516	0.457867880547356
100000010	0.00452961209569215	0.0464602731929354	0.30623524284611	0.754574983909281
821	0.532243905113908	0.392155894520447	0.321863895370722	0.554700533249096
100006627	0.256621868913433	0.146229516378865	0.405496107164288	0.599940796990742
100001277	0.339319173856751	0.157407939902287	0.344878820041001	0.659488756553274
100021141	0.0478226668433512	0.192800603367572	0.32529550184572	0.793461229799823
100021105	0.187452199350914	0.287078850849459	0.307764458419632	0.515936733785223
100001950	0.000430026519195379	0.00715485079527815	0.368406173741271	0.858990940146872
100020217	0.880807881122903	0.313314553023037	0.210074812179774	0.536029452117492
100006651	0.0282107063954226	0.170619230697884	0.329713451989737	0.462612530542233
881	0.92834044459909	0.420622311988242	0.27533064056331	0.714266996340964
100001509	0.631838911658889	0.137785602571738	0.257508128044695	0.619767319190104
100021709	0.496895607872287	0.708426276007817	0.280280238653071	0.712782648000022
100001635	0.284363155897079	0.0329521873795709	0.319437616568559	0.647414046886429
100002613	0.463381285563485	0.123741186171901	0.270737462691632	0.7839775689796
100009329	0.57020448998372	0.670697823675921	0.259985937890151	0.836966859980143
100021123	0.83124347988962	0.605625631038476	0.302341096247791	0.615094457700817
100015760	0.213605451022396	0.147522411443788	0.241586175626225	0.744318864348433
100020205	0.356848932720605	0.416256116250973	0.342027092659551	0.52562599815166
100000765	0.621925540679511	0.602103856583519	0.286714396939022	0.666267526196662
100004111	0.350500165314739	0.170387479640818	0.31965807812603	0.667018107959725
100001615	0.190382821828845	0.834413808843298	0.290316555363998	0.697779290026716
100009227	0.195477141847096	0.112377507601806	0.409983073920239	0.846419239098689
100006191	0.35805561069734	0.556722804077041	0.320440262352871	0.646644619747155
100004542	0.437910406048459	0.379930248861653	0.307564782418305	0.748770718290485
100003686	0.286764865235396	0.127504003401569	0.410354449864639	0.639460034768213
100009232	0.0324726523965365	0.234853657172125	0.288532063230515	0.603554007749083
100001501	0.0583308321411908	0.107211764596254	0.369518363815257	0.727740436739859
100002367	0.407567713704609	0.22464615751484	0.278278911828538	0.547167827249857
100001108	0.318924426858889	0.714871162373718	0.287803593423643	0.688164594701768
100004227	0.703851600261603	0.955352629716508	0.290890177010975	0.69624236528847
100001310	0.189682944681201	0.299379777081506	0.275386383279144	0.813253561142844
100001994	0.797572397106431	0.885654886323262	0.299945184611424	0.770765589797051
100015839	0.0161378461556421	0.0153849257248063	0.376134328755798	0.770586265926805
100003271	0.00526939207497885	0.0799372170778595	0.379270032277193	0.504308583608646
100020496	0.828436729370115	0.982724951876438	0.294622095018725	0.702156610108869
302	0.642301541462118	0.450272327911277	0.259149932622728	0.672172251352502
811	0.788478786780862	0.733921552682187	0.28356567644718	0.73513464692694
100001267	0.971068575503121	0.760602638230678	0.273569509691159	0.696232925829248
100001197	0.0286230945462196	0.340655273501111	0.328710453305876	0.706171661694549
432	0.239169806964701	0.492098982950964	0.308532550417425	0.678710545190037
444	0.0134572854998098	0.063726963821592	0.323494954525304	0.821405082805936
100015968	0.321784483854391	0.360200608637683	0.287086110398215	0.625888595759358
828	0.926426920639359	0.872646626212253	0.285413656574344	0.70548446550734
100004054	0.30752316736814	0.891262882252485	0.291403148653821	0.70192276204103
100004635	0.0799032657890474	0.138108249678211	0.669918081137068	0.434997529959596
100000491	0.418257587323217	0.567008785423102	0.283691954642416	0.603963402500416
100000939	0.0421705844331494	0.0313927154355535	0.309385575645702	0.592532238833634
241	0.239626724306599	0.630563435342656	0.308061494417954	0.717431739031551
136	0.348649706464787	0.0679278708348983	0.255363107278194	0.890006106029193
100000792	0.545553382680158	0.922209047329411	0.290331240812457	0.768409633461005
100020973	0.616242609354136	0.658305178720236	0.306465647367035	0.675036511917301
100000936	0.683112323266119	0.854112109940074	0.288936600214798	0.700896328302874
100001313	0.00624186013136951	0.137352625131309	0.310286466960234	0.761638725212378
100001951	0.0435433698305233	0.0821713732649212	0.330829490042164	0.692566108364709
100006098	0.0211137887959761	0.0930387466274508	0.32292463177788	0.807252429753461
100000007	0.261524840746114	0.547901315674209	0.297577071324718	0.701998840061894
100006641	0.871757845230609	0.847194886909758	0.315432870877437	0.701138721156787
913	0.00980377762642369	0.0577492584234482	0.363204380243776	0.56514757716403
100001579	0.773916276805921	0.421436113353247	0.321952140011113	0.702237242052589
100002911	0.137033317521683	0.0120274290168338	0.381544568161035	0.662960451489745
100001293	0.276231926567837	0.383366172442926	0.256576267811274	0.834141160620258
100002241	0.191120011754079	0.50710147733703	0.308005373380614	0.668924412453811
100003179	0.384962330326674	0.0801442612387444	0.278009846221198	0.55269974018402
100021372	0.315296469091104	0.230369039783989	0.218453476744445	0.707519721412891
100001956	0.395437984525058	0.616127856951176	0.291157889659962	0.628487034040831
100021162	0.193808869083633	0.151942981852385	0.276087196816583	0.517475917297714
100002259	0.353097858539104	0.592546696400075	0.266883235380821	0.691061025135278
252	0.464517130091979	0.61024857781752	0.331361999216981	0.643931046544867
100000707	0.427337368969539	0.329073290159613	0.287780359991486	0.709537486728837
1489	0.647378238408432	0.0191597416227135	0.217014453445386	0.676709319934949
100020361	0.0361408382199905	0.0956761843971631	0.318891527838033	0.97071228017647
55	0.746801381077447	0.927993692632616	0.290704267675509	0.706912547106471
100000863	0.238840288900513	0.247178747089598	0.253956637873341	0.739473365555765
100015840	0.197608436682209	0.111732194974395	0.379958441683272	0.652889378641806
100001541	0.155160765088714	0.0797765307835147	0.198799739906596	0.68944863170376
100006082	0.132317697692385	0.0500551884039518	0.387217322131116	0.702320611791153
1254	0.645774013944922	0.918186461542374	0.296981597241724	0.716162252063663
100001624	0.532720628264655	0.369855551053313	0.273074107002266	0.673595734149913
100015850	0.815426360875672	0.6272507691497	0.348293098710285	0.663616334139443
100001104	0.00355382455949987	0.0147291158283813	0.326676953388168	0.980762614739275
100000900	0.122397908724281	0.422826079851329	0.301269339988205	0.705979233109442
100000269	0.240822505472493	0.0922480650893622	0.180944918181114	0.650629681406852
1022	0.2356807367295	0.945505189352734	0.291679498575248	0.696201643690113
100005373	0.19057764735353	0.06754132037214	0.259899510288849	0.737103458462408
100001129	0.134271786554195	0.709698502398178	0.281372720903363	0.728954646741365
935	0.0110693065520247	0.123326703885456	0.380177771000837	0.56438159938103
100001262	0.146640881936038	0.203852414244562	0.304932016379585	0.731496244571191
100019978	0.328075729318462	0.620672268479193	0.284730053030455	0.68655679112904
100002293	0.730897618613086	0.791783176632416	0.294191436132021	0.701029404651939
100001426	0.188142573017088	0.273484418315925	0.295340191055479	0.539819357518867
234	0.0295186318256825	0.139241201104582	0.290107160198781	0.678833116857976
100005403	0.220600016860843	0.986128711916511	0.299077234162781	0.700572539853359
100001083	0.040570510616736	0.333876043860862	0.318081146767443	0.72442603415559
439	0.68196130477654	0.327249725635425	0.31335042916173	0.697533255434767
100001086	0.368387579645007	0.424098056794261	0.304077244958565	0.776569339327736
100005864	0.730651426585118	0.44557630238731	0.266921821052	0.768390693163501
491	0.419833978088096	0.604299642862674	0.27877106554972	0.692561522538025
100002029	0.495828224032518	0.445419552741047	0.277970988884432	0.566523134130564
100002154	0.79567434789519	0.462052164028851	0.256752922891266	0.677204189749319
891	0.471852073093833	0.202240739686828	0.327195764722566	0.67075266672443
100020261	0.351290362403609	0.428822148349665	0.351833401554763	0.675047903375216
100001296	0.617775470576802	0.561939642178208	0.290095850086948	0.604680086655657
2050	0.515358112463277	0.518842810781026	0.313617965334588	0.644396046196197
100002761	0.311328348416034	0.661458586527463	0.252397208080731	0.84341519508544
100006614	0.848487436620331	0.641085593425244	0.267013082353885	0.76729666724049
100001597	0.960849560328701	0.14046852777134	0.191158379757405	0.511115819396524
100020853	0.826069181342563	0.888883853168539	0.293445226070272	0.70713279650833
100001446	0.323153161114111	0.430406928841741	0.258975354093747	0.685196996831878
100003240	0.247543598761458	0.115043714471434	0.341447616364666	0.62079352491318
100001502	0.0335244332799618	0.232865902178227	0.345377867262688	0.782309272812081
100020866	0.103359648592683	0.0123725627842114	0.178226836885836	0.507100141101026
100020419	0.0312943852724204	0.0902594466349267	0.315690716361993	0.440089786637126
35	0.484350130279143	0.296914643539126	0.26571879264564	0.650783905720231
100003696	0.0124801395050752	0.0535224066827554	0.427252094865843	0.64210420269908
100016038	0.787490130167138	0.95497266190374	0.289217456544599	0.696171793562274
100009333	0.202363861076083	0.168734623744578	0.290945042300532	0.729839798013864
100001611	0.144414363328818	0.305620092024806	0.384236061551854	0.678428411652632
100005383	0.698305007975407	0.304399347933999	0.298049827908352	0.73887220195938
100009239	0.302723057681048	0.13488806944792	0.363869271826029	0.519174196039915
100009332	0.326744424037407	0.238604277457732	0.290957597822116	0.663428058471863
100001731	0.134706118713231	0.623068092918956	0.299769251844413	0.675474389906995
100003415	0.311198888028293	0.417267969171615	0.285465522408759	0.722010741333901
100020578	0.13981343953424	0.202650651023654	0.273331018996142	0.593634508286741
893	0.894041838882431	0.503573048703311	0.288707675413127	0.715230578830561
100000963	0.297752319091925	0.20148281877873	0.379181133937109	0.49924710616618
273	0.152681754517947	0.326858462036109	0.336974475605586	0.6953568868827
197	0.447596239308265	0.402284808005459	0.282350373226767	0.574235364381038
100000808	0.236119241828017	0.214319617820774	0.277491207451069	0.885256644645938
100002284	0.768215063494233	0.38017682477974	0.194154057295279	0.641710088423228
888	0.922029348698438	0.0963774688843405	0.317581170849403	0.686652947745808
100006435	0.508874392241513	0.333467525717089	0.226500875015128	0.993830914904162
100006374	0.218976244428647	0.560704446744681	0.298380567727735	0.687773190844746
100003169	0.514312975565343	0.942214803191089	0.288423352458015	0.696575814924907
1004	0.629221606487959	0.844876730612965	0.28151278850121	0.685215770319612
100005998	0.0962356146830712	0.867040847700854	0.310815242430312	0.70915658658101
100000773	0.634715549838963	0.541049915180711	0.296459974432904	0.684339360006106
100010850	0.0137812241863821	0.112080992235286	0.346979913543496	0.578747601146009
397	0.875002742264439	0.374896861584403	0.219405800847338	0.764265644349965
100000039	0.0775748333929558	0.236805629771135	0.238384656328118	0.751900962789879
100020833	0.690118622436334	0.823855289474192	0.296276344511247	0.731506088779886
1021	0.39700914475092	0.351987031232265	0.274071929615322	0.737959603888832
100020479	0.330014408831964	0.545512293444759	0.296357516064575	0.71444943460576
100001335	0.495551661901112	0.317565653728221	0.330864601414967	0.670263788942392
100000743	0.492428357232185	0.904092544604727	0.29044359674148	0.68556368289733
100009246	0.164441520955614	0.614402860150321	0.279795094420962	0.735274222110211
878	0.190267447060889	0.791277100407701	0.28171053769909	0.711532211495868
100021103	0.769463218909246	0.825603624368533	0.289827507655536	0.789678061830547
100021363	0.243211666053245	0.573852369899314	0.271415087091022	0.740000579869004
266	0.111158273376278	0.193705332119754	0.296921220294127	0.625354936432794
100001195	0.331652007257377	0.228676810556092	0.368344188410212	0.626066023521682
100019801	0.763804386403409	0.708208978268222	0.30323537144326	0.687462779064958
100002196	0.0461386959738673	0.286955539251082	0.302406823969148	0.70488211814683
100006370	0.241151939211715	0.936025691350832	0.287638078878144	0.703118562231298
100001510	0.0333145857637164	0.00383612424712621	0.242477178452993	0.790198653123958
100000437	0.601379276814428	0.474317369722224	0.276113792930943	0.762134187305912
100001767	0.138497830638586	0.0309590502414449	0.361022834042024	0.76788561412123
100001810	0.453721625053888	0.511442064850496	0.302366960425694	0.850193289089596
209	0.0347377570332956	0.344754594524096	0.333794677909988	0.685565166974001
100001485	0.233663371766707	0.0874262415559518	0.174703616266374	0.630031607827818
100002500	0.11983240464655	0.446914369842496	0.29557025460374	0.670806076741285
171	0.0242744809268208	0.0227890125526641	0.22031564204336	0.711545726604339
100020487	0.991949765077278	0.819454529835735	0.312390951225185	0.659508838742167
1206	0.0069864843414597	0.11697249108433	0.295179880063743	0.754574076313052
344	0.0144128101194819	0.0293470850468841	0.58020551036849	0.784351169283788
100001405	0.481720269499723	0.915960655177025	0.295991005472044	0.692063029053926
1239	0.940809243321814	0.498356206024746	0.326081074646603	0.70524807428684
391	0.0632206514814248	0.193397116307762	0.273516370429763	0.911988776613466
100006430	0.421181454743252	0.180631097846411	0.363841449476595	0.437720004801007
100001417	0.962995890141921	0.552644824563164	0.27938286113014	0.796235670926709
100002951	0.0473246508082892	0.421663636665885	0.287377266442903	0.609556489549459
100000014	0.457550867564097	0.598170852827732	0.28349162384925	0.736537115202573
100003926	0.549613368136875	0.470230824118916	0.315497419749732	0.682000876213401
100021538	0.485567497245042	0.355469050111628	0.341504593896588	0.611592683817338
132	0.328054875463115	0.92590803213004	0.291816681431396	0.699093577830682
100001425	0.600002151730408	0.544551620031872	0.357742473952479	0.636318061693308
100020262	0.595615021720714	0.64801586731419	0.312843364598846	0.687486477955616
100002679	0.32125657785055	0.668046482209046	0.275110229182986	0.77726315437914
100001270	0.758478717209289	0.57048516759021	0.297977281336005	0.679138620967352
1102	0.845067232074563	0.994582368047714	0.291167355594377	0.701140621683798
331	0.237312585882005	0.192847711897444	0.240792076080616	0.590919399168228
100006361	0.522915483259457	0.623488441363264	0.269516163990262	0.770383499037035
180	0.829748785345483	0.91211197422769	0.301805200439321	0.697691155206444
1053	0.275092897250896	0.373340676849234	0.467716407518246	0.784101197860705
100001359	0.686421757002481	0.94131835375997	0.300021795951995	0.694238443039694
