chemID	simpleLRM_Fstatistics	multiLRM(chem_sig)	multiLRM(sex_sig)	multiLRM(age_sig)
100021136	0.0372753307622724	0.285075795439189	0.330624930375481	0.743385263838577
100000882	0.90698966939622	0.610995773942348	0.320610497126332	0.622381530653251
409	0.0768064997745058	0.162396773134749	0.35451901443171	0.40907935499454
100002254	0.67892763046926	0.0452363974390547	0.209283772710378	0.63412366644315
361	0.00776754959913464	0.109666179479511	0.222916412834239	0.626249510376535
100019975	0.54636214575458	0.728434047692433	0.305893085049101	0.669690465409604
100000257	0.000556761193716772	0.0177131418667045	0.313830948600756	0.581592848479829
100001232	0.974861102613677	0.890347186814778	0.319432696661731	0.645970420339165
100001948	0.340549090939762	0.361665329370605	0.33151542818277	0.513402517754538
100001073	0.604108223433734	0.667344691578526	0.379900957691326	0.580836702123444
100015637	0.955395649122383	0.433259888160216	0.326628892090688	0.647845914729495
100006360	0.654060896746895	0.718485117978158	0.290451388286075	0.714035817175294
1488	0.496411205542301	0.567773275886795	0.310236831606241	0.626385525317749
100002253	0.807462290270307	0.981120211253449	0.305875356033476	0.658262440459737
1023	0.925690091534493	0.692953952091532	0.302357634993272	0.636320163374131
100004284	0.746270723097282	0.783884621066009	0.299682592866016	0.661591691189631
100001251	0.729202373690798	0.965519666681756	0.307486159179255	0.654754599897239
362	0.66677731433631	0.495215403906121	0.276410033082203	0.649661436219425
100006620	0.840249060107261	0.826859511200453	0.306709718980253	0.659096524871747
111	0.319319030145385	0.156515304993358	0.260301986135577	0.621913558214572
100009045	0.610775734307843	0.277686851111638	0.255295437613956	0.807010957078329
100002927	0.657242703103929	0.820108778598161	0.298704715374778	0.677468987832101
100015641	0.827747097495902	0.920991608382231	0.301973414541838	0.661127389467399
1114	0.114641515971719	0.956831438086938	0.3033251928631	0.656471491872025
100020409	0.345795330478548	0.364814856241344	0.307124488777012	0.526789941162921
158	0.153699633521197	0.284803382966222	0.377434629895288	0.682805585900945
1224	0.0379382089639849	0.176099796334211	0.240472112429121	0.689381520753333
100001620	0.46542553295444	0.388550794938452	0.266329786103891	0.656330742013334
100020893	0.251345344385047	0.0549643300980092	0.286625915833186	0.374610394036343
100002458	0.758471931020272	0.553098767199034	0.349286298208978	0.598626391226658
100001112	0.884244379183923	0.938267498699824	0.303981989627657	0.649217760116488
100002953	0.444703982679424	0.862986757480794	0.302435110984012	0.662464574462056
1141	0.385403258406222	0.0527005054358856	0.394603546045756	0.476494493989705
100015834	0.486729141306115	0.98961451851043	0.305671459505087	0.654006352706175
100004561	0.607774325617366	0.885018222309199	0.30859570813388	0.650345894164795
100020497	0.780071006736247	0.789248510675134	0.293272900909621	0.674871994849443
498	0.0520810696412186	0.313910044131295	0.300969475147318	0.730826694200012
100006051	0.803045296679513	0.806811786727681	0.310572176481479	0.648808439570506
1668	0.634113318443477	0.529808186677102	0.299198531212739	0.596194932739394
100004523	0.439335206145337	0.880482419922847	0.313103211083671	0.640971115269771
100001604	0.191876110491723	0.453549281481148	0.302606322104769	0.705436960555159
100001002	0.128938360830076	0.438119922283933	0.325520532769871	0.634919379153451
100001987	0.0687376685549402	0.274171950138424	0.840518449421802	0.518919392266973
100002462	0.593952360081427	0.324018946407974	0.368942382031799	0.532371107747333
466	0.567873401963613	0.0707104447906626	0.33526954594694	0.629342954998287
100000665	0.971024411773195	0.406396721509486	0.347024712929427	0.593828347486178
445	0.994915765270104	0.45036870859368	0.333973990272019	0.702975986221183
2029	0.167562261030731	0.525165895440235	0.321724589189128	0.656725713048357
100006438	0.0652442534028822	0.168110904074358	0.378400143626571	0.661909154644867
100001398	0.159179052870581	0.591651688183958	0.285061523481986	0.673751455789181
235	0.426143330650023	0.475920481221812	0.273034515864457	0.686391009980388
100000997	0.672372180982793	0.680358450919679	0.308266148662023	0.63028606038059
100002094	0.262891566350621	0.213449363165876	0.257517390760809	0.519937669284952
1052	0.700004604720957	0.993719009367045	0.315810785108391	0.6599110724185
100020823	0.314502593752325	0.567204484822345	0.28629314443782	0.642021352945998
100001806	0.255651999396977	0.577916788499633	0.362704335537785	0.664163103233884
100006092	0.828109122798152	0.875490227608094	0.31019105426417	0.643718466109524
100001415	0.0894402831328739	0.0663468497313135	0.314301070948038	0.368222773857816
100000008	0.0402854640228712	0.073997693819413	0.340454329668604	0.4918951123372
565	0.00742294492333608	0.0456860181891776	0.303196241018587	0.733323553766615
100015851	0.175676275134994	0.20424301190611	0.382397528472531	0.790934998951786
100001866	0.519422415524576	0.856198385181843	0.323786841040815	0.634899770171355
100020546	0.00242570088903157	0.0270303053808164	0.55492958124956	0.845593065337387
100016110	0.60193210170911	0.433376816073402	0.250904729003621	0.751045846057354
100001254	0.00329225915117508	0.0133201458915127	0.392299804993027	0.866214458164559
100006260	0.439197301834992	0.873046002164761	0.308059653931015	0.65201969312769
826	0.616990910577162	0.825176475082189	0.306612561050985	0.647693691648017
100001872	0.439337492980066	0.804488673974847	0.30632141883892	0.653823724700251
100000263	0.378366215200299	0.399617130237424	0.369928079068034	0.64893698227165
100021198	0.753339884163412	0.0550035694241839	0.211032769541774	0.362300833432357
100015967	0.0337602478017721	0.0863191495970868	0.380924029600221	0.475542716674249
278	0.112030787703364	0.244894718901239	0.289146379951955	0.94694386713424
519	0.698194261846993	0.291279492254209	0.369978246745753	0.584610192555081
100009337	0.077685521387491	0.247269910672905	0.437106625851297	0.633368283804097
100002185	0.339861893933772	0.921159968209896	0.303161091780946	0.647298734885878
100001278	0.354612297209381	0.236083880450179	0.380855628823788	0.602548918449126
100002103	0.959606630100399	0.572485806339253	0.309517280312639	0.595388507542612
980	0.759359347547831	0.397895612193281	0.340681521838099	0.632934044144261
100000016	0.860050189410369	0.443672155099565	0.301514025508023	0.628913600987847
100020372	0.187575884076048	0.498219887640944	0.302934450707876	0.594002652821023
100001662	0.672722601468438	0.136225807603199	0.123070113640045	0.660474158615705
100019972	0.948365092462092	0.667085496253647	0.314066013621188	0.640336889107791
254	0.780438162274952	0.740020155173329	0.302505334256093	0.657605687401678
100002009	0.676774426691897	0.700475253476177	0.302005475461381	0.583914834101603
100010895	0.459880093326069	0.520274957222166	0.353425277930244	0.633824745658438
1140	0.788924680722345	0.954126320275639	0.304762643052252	0.661706047495952
100008951	0.693425281986292	0.563395851605949	0.322669941080911	0.620169773142338
1084	0.38521596609274	0.824141677665651	0.30415834434541	0.694065858217441
100002796	0.13038633134317	0.460526816283087	0.276186941506874	0.606691354402831
358	0.967798308630163	0.890352698359074	0.301722500677271	0.63995070316562
100002070	0.93744425842473	0.764333443834833	0.297040457663178	0.680912256598517
1628	0.351237785405548	0.136924730353287	0.372486233209516	0.636775880476137
823	0.628164097975361	0.455229610945496	0.26031820880879	0.724533687163424
100004414	0.460716918949549	0.0877803820793023	0.395471115154078	0.789288537999537
100006129	0.693208186388599	0.680371158278333	0.286794803224927	0.669667936522977
100002028	0.721927299446694	0.475031396595683	0.407960223037653	0.478086938369274
100021707	0.556831350880529	0.67718834572552	0.280632717002524	0.699593881250853
100000054	0.473817216616706	0.457656577032952	0.297987574497708	0.6777363850258
100010869	0.503217020122081	0.242052097813279	0.31330139260743	0.531146893985095
100004575	0.0289304562548201	0.105501861438722	0.38321061006985	0.981477230970864
100001212	0.936047578174551	0.633104606832023	0.310656500366641	0.58634906704367
818	0.167302635290493	0.468176172748816	0.363225509221508	0.592287107917723
100001092	0.000915163686543483	0.0162571785820459	0.313099233797881	0.62823209290964
100020371	0.98200098710906	0.876407655015161	0.309550573794459	0.65232797076982
100004112	0.100627941975827	0.367896953923924	0.340157862017216	0.657612734525391
1125	0.536619195748464	0.387595493624265	0.331876354153063	0.689442415738583
100020491	0.996115889939754	0.624400970635196	0.271725717883033	0.666877377899458
100003151	0.00353461372165132	0.028126365720551	0.436968084828542	0.5474746724471
100000011	0.303532366006091	0.133430775510296	0.224574026546288	0.76603893070672
100003594	0.490896085015427	0.978572482908035	0.310930332488415	0.656185469745859
806	0.775305593975956	0.168562687827835	0.30230289996998	0.466318150827646
100001211	0.964054169380165	0.572977142018774	0.315500046522145	0.635161700674786
100002417	0.564828174378242	0.631985061024877	0.295868359009115	0.623611459504505
100009335	0.575373146951244	0.214039706413387	0.24960910877747	0.678525152337723
100000781	0.765059651770162	0.985294023731512	0.305583443656023	0.654117673992982
803	0.0216839762223858	0.0243138135881523	0.29825322964688	0.518914967533151
50	0.548181892470942	0.735673061700474	0.310126885725584	0.640366034778089
796	0.361106759630836	0.0427523715303832	0.345550601193977	0.633112216593814
100005834	0.939438542269118	0.595757498157556	0.359760918668981	0.648845168746233
100001580	0.900079473671209	0.472940881796924	0.333738589463858	0.654096101974397
480	0.650000985842574	0.693692809368361	0.28041747355297	0.66196281740567
100001540	0.213808220292357	0.627575447442583	0.419640252050434	0.763189574461448
339	0.557218279981434	0.119654789456395	0.277212898545414	0.564713128109314
1110	0.907472297350357	0.949946900561181	0.308176023165661	0.654339311060556
100015836	0.188847291422193	0.194381619602519	0.435490774505599	0.822659835958486
100009271	0.505368551336607	0.495817915840872	0.344303418041855	0.632361524082483
100015638	0.960175970260038	0.410822248890319	0.321444205680013	0.633351804827549
100021667	0.849520735678974	0.459569547801573	0.352878166781448	0.631377587971911
100001279	0.539469505773398	0.356063228876028	0.334220296938556	0.777920397548686
100004208	0.0149975266222383	0.105637103657537	0.475707506274441	0.77105095557498
100003695	0.20196457619637	0.14198998588102	0.333249150460012	0.440703408416006
100000802	0.83100734473742	0.861141528634434	0.307942188650804	0.648796382669721
100002769	0.787133426203904	0.0936437294473724	0.22417585482407	0.765706958949589
100015835	0.132699329652691	0.339258421172907	0.430749402019753	0.838406535167694
229	0.816259230878176	0.344254039831878	0.347284236373193	0.646415286838185
100001266	0.00586097540915395	0.0264920035312267	0.391142545491981	0.947970967732334
1342	0.304618136568655	0.357583160020908	0.262566449605731	0.672297061497045
100002102	0.894603290735092	0.571744763237398	0.340435724861184	0.750324291998641
100020254	0.194720136837542	0.620074967080182	0.297069788036977	0.679410618131075
1231	0.42242772794657	0.206300050028558	0.37004946460751	0.601759451819618
100020492	0.981374943855339	0.92494088193932	0.302910693135011	0.653126177294218
100001402	0.385107448233943	0.566244685656681	0.337740474982419	0.658401594834705
415	0.00684282508550713	0.0830594809420589	0.352385397870721	0.718083017545256
100003109	0.905404498429353	0.894394141790599	0.307865412248627	0.64123135258608
275	0.593079740631785	0.840156484906249	0.300699781083957	0.641139454609887
1143	0.176404831897883	0.0769147550342292	0.275606186741851	0.754405284891131
279	0.468866890372207	0.424928809431844	0.303450090721719	0.539217582427587
100001198	0.91048264809593	0.944624482100296	0.315521675917834	0.650175481492807
1648	0.368705698977554	0.944278887192051	0.305389071544606	0.654838406057426
100001590	0.3520901443599	0.269578059629537	0.289787652703108	0.573476381285363
100001733	0.35902940833001	0.854007581984554	0.301679756355383	0.667633708638378
100008933	0.0127362218301297	0.00208377423013946	0.425879326698648	0.603849946148009
100001550	0.326154984846705	0.488407589127742	0.286465832557813	0.602345989160118
1215	0.0540508001955953	0.18555082395013	0.256447117937014	0.602017457734362
100002356	0.24874277698545	0.0974256912084462	0.370943886824211	0.660537372231059
100002749	0.675443680217334	0.746857249311671	0.308798341890637	0.661787393417553
100006379	0.152253784534122	0.154013409567973	0.357743522170404	0.402742288531788
100015966	0.0751001633555594	0.146037859550756	0.335347328537994	0.477283567241581
100001392	0.761591491464223	0.878359922607472	0.30893628092609	0.650973573923483
100020425	0.103126467217504	0.0424878063169992	0.2606585868219	0.40518842107658
100004299	0.33299930738062	0.815960809924098	0.321319591606017	0.700012205914572
100001734	0.518562922820913	0.496718679032131	0.324479088476059	0.587520877117252
1002	0.809401428071514	0.824606792594487	0.305688867281991	0.653011214748009
100001337	0.340001421336475	0.874986259885068	0.29747080087895	0.654777331961268
100001452	0.809621844295993	0.791663809902301	0.303276825205738	0.629804308846132
314	0.524415397397195	0.356216455519099	0.316735907249642	0.673557949323303
100009264	0.969030748156826	0.537817032826271	0.242879664790291	0.77697579477944
100004634	0.460827497717214	0.520179638970972	0.275829611090531	0.67037461410402
100000711	0.719568243015163	0.680121385242093	0.337838786806955	0.67958561359616
100020536	0.0140366174327682	0.0750285974925376	0.386920089623295	0.759688016504662
100004318	0.207840857137164	0.428848234724793	0.322308259458091	0.642700567464785
100005850	0.882224512839312	0.479826963572661	0.384033600598166	0.60131985516431
100006619	0.331249580388382	0.162116065731737	0.344074531413004	0.640292458504544
356	0.457908485146031	0.624562010228807	0.292539171083391	0.671939572044872
1221	0.520652285949943	0.527457295516524	0.404116101932448	0.695710305983562
100001397	0.903332885686171	0.836937598984293	0.303392126631197	0.649509415808621
100019981	0.610078424104821	0.912581850522556	0.308443953161666	0.66825486176842
100001208	0.473067062843207	0.277834433996937	0.266009961883934	0.926930946844964
503	0.0113685638062362	0.0112340977903154	0.190241828753707	0.495678512184365
100006375	0.111884391333641	0.545168711465327	0.339402143051331	0.626620968354872
100001295	0.808030369284927	0.661835051291657	0.296801412883308	0.735546283630635
100020427	0.0438387498369256	0.0229127635125656	0.301619420419733	0.348491873394847
100002784	0.436824260313298	0.344967654588046	0.260409642884679	0.7223632968234
917	0.0760636310139244	0.229009329227376	0.326688117667691	0.610898783568423
1869	0.366125621697041	0.195430584009581	0.329999414060186	0.535060396353771
240	0.222214850686249	0.101499144751843	0.194820050746233	0.456735746713352
798	0.00675573397035568	0.103182950100547	0.437476183677932	0.591311680121812
100002952	0.288578606432718	0.474441930904341	0.304945444127249	0.736766564954655
98	0.726197207915232	0.926960037615128	0.313858489407286	0.656695526043707
100008998	0.354958416935021	0.378771742252317	0.246184604780012	0.717368661575528
477	0.876909182379547	0.29498936350572	0.310902183363673	0.649727586107128
100020545	0.0826665894885805	0.136467290726485	0.352508262015278	0.819666795182914
100021666	0.824056703960503	0.291455262398252	0.336298509774486	0.651705692547897
1256	0.545375811912694	0.687544487753136	0.354039475586219	0.691173859629863
533	0.305109190161976	0.0775113203683302	0.220269072995139	0.40929696906082
100001757	0.446034473481779	0.892670415513687	0.31394880594584	0.648427851705024
1024	0.350950811611895	0.099782551360606	0.20478096580999	0.889105453659084
267	0.437240374883097	0.986805519788326	0.306089952649263	0.653410857781187
100002113	0.117746316862534	0.0952926466194138	0.292071372594957	0.681694081743673
100001756	0.888328702614649	0.745049520748933	0.316116677195874	0.672875669758117
100001193	0.414537423476306	0.172495150057171	0.382405847774219	0.597800963414563
100001668	0.721650007988875	0.994337323779648	0.306594791416494	0.65457340206314
1124	0.38591135677367	0.351102408924248	0.270388646343966	0.743294111434083
100021331	0.160317984304258	0.308138246768676	0.287226430829523	0.693981673165959
1090	0.0571104863612108	0.0402913664295843	0.292554989452374	0.79721703589798
566	0.923997780448069	0.317899454527345	0.229716415039881	0.655746750615624
100003119	0.418298943098101	0.264957603479093	0.343605771711451	0.58747277919526
100006367	0.80352773605288	0.581428502449332	0.314173021344197	0.635857505807399
100004322	0.202338649501642	0.223018761132322	0.314377174636448	0.742839068178982
100001034	0.662519679946826	0.856750687503836	0.302242496504148	0.647322693193517
112	0.88738114601435	0.893725720220418	0.307870710586833	0.639519812431937
507	0.739467076087153	0.804732332926631	0.304036563288513	0.659647173727356
100009233	0.344113944471201	0.204862361964211	0.280351941015701	0.673730476015912
100000406	0.0125553429781723	0.117593860107571	0.505277502514288	0.44571543451837
100004046	0.413689086037582	0.366503419762392	0.185986824132617	0.582874649338988
1025	0.70229182371592	0.665762643624355	0.293670482926348	0.67399842361886
100001106	0.219159700523968	0.19512566811507	0.249198672741375	0.691869823669104
1128	0.0387896483985799	0.634587832448839	0.330467779099531	0.697049359425445
561	0.0456481068168744	0.164079854792421	0.212793944091107	0.571381587882301
100001614	0.847926200740702	0.365753018515792	0.320956747425883	0.629239053634908
100000961	0.819093108300526	0.941186476528239	0.339981362499768	0.649620565191447
100002397	0.822519608321728	0.579096092793109	0.307258159850357	0.581646940416942
100009407	0.921372922687923	0.99339712390583	0.308056147999463	0.654611516128705
100002910	0.947992259442932	0.575514365071663	0.278709539814733	0.586083865173494
100005946	0.305426378165559	0.400690908834263	0.342866426192904	0.745769297004178
100019794	0.106752604644391	0.307240716629632	0.304456557957998	0.808333690999759
100015759	0.354943111065601	0.109302584606326	0.258561758492866	0.662157747179079
100020417	0.721504857557814	0.607917510640665	0.291059918681949	0.628896211355884
100001054	0.800207053662187	0.913154536703292	0.310989747750655	0.654586179407468
100001437	0.401548062361349	0.375688633276703	0.255855079584438	0.592632031190365
504	0.288262733647755	0.736404528712336	0.350055536693168	0.663419692200722
100001988	0.449696067949471	0.657820306233489	0.299668535476086	0.807537690632688
1082	0.0342764488615017	0.614566364302881	0.336723259907798	0.683511330235652
100001403	0.330544060456728	0.331192761959126	0.337635053420675	0.6367111871876
100001664	0.924775923562381	0.552167428051637	0.290345547752362	0.82437491708054
461	0.245995273910497	0.193733448936397	0.493264211353928	0.625396566195405
100000463	0.69613294398874	0.989213372572075	0.309629001410351	0.653748657837475
100020208	0.563687157645653	0.521794461037048	0.34613598566406	0.543247446446768
381	0.45594291840437	0.0575374790934572	0.136385194490293	0.477257474313365
100010901	0.112744383249946	0.0873961094933655	0.295555476380682	0.774096050176542
100001468	0.322610567666623	0.94181529606678	0.309813403280758	0.650006202019093
100000840	0.876582785687189	0.951774500814419	0.316886765634409	0.660130263983241
100020014	0.232877961188462	0.589197693638858	0.299762729161707	0.668651388485573
100001993	0.725138850951691	0.592555889054738	0.251306709614218	0.811395267629895
100001051	0.10108992241707	0.0210915050478287	0.339831557364792	0.341771140960412
100006116	0.386159072074904	0.516364961420889	0.310256004470499	0.655120792411842
1108	0.913647939625429	0.995814827123146	0.306212482277791	0.655992911986412
100019966	0.308808662052242	0.116550752400513	0.37163163445459	0.61966772279213
100001743	0.614187078573888	0.411952550810219	0.296509359265434	0.637919101286333
100001294	0.127508027078318	0.190856414610795	0.21932554991428	0.712275992548543
100001609	0.285716315793619	0.121988998828393	0.286888600448469	0.743340341679451
418	0.817088329639112	0.951350135684988	0.305571125617197	0.662432228301146
100001178	0.396972812336157	0.873248487259022	0.301906044839379	0.639073466744638
189	0.957057752830158	0.646435902935787	0.276860248641758	0.61714418364294
563	0.507864341830187	0.815696400185449	0.320533435807539	0.640690334674502
424	0.536578071091896	0.388146652583654	0.346512161416448	0.632910606427508
100000776	0.173367221647197	0.355811177757755	0.339353171461499	0.661353423551047
1001	0.970506442744421	0.502249560748131	0.310650221401274	0.658638560298325
1135	0.328632399491653	0.104560413159891	0.294183987447887	0.712145203075165
100021093	0.393904388953456	0.5203167010026	0.347528247786433	0.676493164665816
100020219	0.118183030468531	0.217232487225822	0.31922166031608	0.545740062206125
194	0.525684970095802	0.775229045409147	0.317488096698451	0.616214297356552
100008930	0.644477660698425	0.547619069094452	0.338453768237508	0.62972150400731
340	0.644021573302764	0.234802757989444	0.189481992498048	0.739034220833302
100010896	0.979533013505552	0.687598729626325	0.284457719800344	0.662461189207657
100000787	0.20614750756602	0.103771587357634	0.300169970051132	0.370659136712623
100000639	0.0292045675108152	0.211840031350882	0.277431244804134	0.658648518942737
100001851	0.919138695580942	0.231290933751754	0.339063918889213	0.426975735920427
179	0.571379595816814	0.603656306917723	0.298999036887379	0.669150600852889
100000626	0.365158462217754	0.738052409120652	0.319157606704767	0.653960649793125
100001605	0.00479372060775377	0.0579363876118886	0.420643962031098	0.746309657950958
330	0.206370488519007	0.384324704690642	0.345568349337757	0.511118507283471
100001162	0.804054543477452	0.587797947723404	0.274875209735085	0.620558568260989
100001167	0.0363826142585058	0.22534398230616	0.304935209241517	0.633113505079584
100002067	0.626145703947698	0.809090992692525	0.379371142473465	0.610784885633646
100019968	0.633588299377777	0.352163614734395	0.339548261815496	0.589128506266321
100002014	0.927481725805721	0.974459800447371	0.304734349505997	0.684162977484673
100004083	0.481669879220736	0.139381987494734	0.336493388006788	0.524032789143668
100001315	0.247330133060069	0.345310810131983	0.327550496443506	0.723440298114672
535	0.272235128309628	0.580549695719499	0.326060224013531	0.648290817936708
93	0.364860031547972	0.230407698860298	0.352857988334328	0.483840562390549
100001989	0.317984953557105	0.585348160399035	0.28034624888976	0.700243108241438
100001740	0.66986792155289	0.413826857673701	0.281314168802587	0.670942213005381
482	0.218843944396834	0.984144732958886	0.305253150898869	0.65518502615528
1629	0.235329335509304	0.393342135707381	0.370717241164149	0.627334828632039
100001399	0.538591065408129	0.35956887997894	0.316959917446579	0.660676933146371
376	0.715304620255666	0.140842151184508	0.186604982889326	0.76400678733276
342	0.572749619978707	0.593759907925258	0.303064583894176	0.652829253871873
100001253	0.0290632432287901	0.187676108111271	0.258725241664118	0.864245576521228
100000708	0.547783010006061	0.675579691362264	0.336027667212113	0.664603622457952
244	0.178295927293724	0.0518706064654267	0.257060167623787	0.768755373090978
100006726	0.380132988143219	0.24774591489664	0.363182689754208	0.637262769531755
100000036	0.231903900052927	0.572930014244258	0.278845096174938	0.699396126287717
100001257	0.027749596583806	0.0925953749466434	0.408042579010947	0.919473231424452
100000445	0.664163139505068	0.614962354406024	0.334989756245983	0.610871852150668
100004088	0.00480943058318508	0.126510048183981	0.351707725856587	0.727594545849356
100001423	0.995770961978329	0.75124538954773	0.30937499816357	0.627425273688212
100001276	0.355445938768016	0.277731181566045	0.278912046565026	0.570356987794465
100001876	0.718215416880842	0.929588262848171	0.303082518885063	0.656094200683559
100009082	0.696171561083948	0.0482714209659641	0.140523899071174	0.641121657577596
100001121	0.324683106863328	0.713078673818996	0.300866183661235	0.649164793385526
117	0.32834039256084	0.639901579285244	0.287698703796963	0.67366273504829
100001868	0.039859794888077	0.115566945908626	0.359929620230385	0.662318827298706
1134	0.765753871677216	0.331632543542016	0.211575707570091	0.632322741803839
100021012	0.250412059556137	0.460311755223892	0.314422185304983	0.679546555628708
100001181	0.713056147908978	0.239106426875159	0.383897140161908	0.580418441162482
100021467	0.715616731964593	0.289494083775247	0.309927682049063	0.563700655227518
100000447	0.225396766474325	0.236877712171312	0.353813540793326	0.617681291036864
1162	0.00057392366581539	0.0135439133437798	0.394933692947306	0.558475325324332
100019982	0.531539902685262	0.440562212024555	0.320030140843652	0.636206897156734
100001613	0.984738493495315	0.438737302771559	0.321443226483146	0.622581479749856
100006644	0.371766353382598	0.617757033014086	0.286062796211381	0.680678247046903
100000096	0.606044842624198	0.0276824782994121	0.198494419970052	0.627313919349823
926	0.454679096134067	0.733696075514049	0.309527929272597	0.657714009168199
100020004	0.905803920069495	0.657098727246149	0.323794572176203	0.651887004522876
363	0.161671738110544	0.0392789134683024	0.287791398820411	0.240185439854467
1111	0.437978284633284	0.917955230005199	0.319611118219482	0.657645788656207
100021712	0.739667859048425	0.739536359374757	0.304900859515304	0.635697406202201
460	0.846891950782172	0.68895068157041	0.316962775245408	0.69300278462238
100009331	0.365272005229274	0.218715841181441	0.27432998646873	0.683989810154116
100000442	0.112516215221719	0.539474497790659	0.357122728002048	0.674143929593712
100002945	0.079960061770975	0.0152470398585046	0.404665155310894	0.607438163015432
192	0.895842131697717	0.927330352027343	0.308278248089818	0.678845846415011
100020241	0.532207989026919	0.895978280116788	0.308448322699649	0.654835264662291
100000580	0.156549898641799	0.146104877378054	0.254334048286424	0.892086960439491
100002466	0.00683477889576916	0.0259903071913551	0.263371814065536	0.407008698263458
849	0.483716073072211	0.478075093346776	0.320266874722644	0.581008780279976
501	0.488963499310603	0.370625683007631	0.340610331298059	0.6093263470023
100000282	0.72978432095758	0.142304482340781	0.38124965359451	0.555631306734741
100001577	0.0337528166624821	0.190558576276332	0.413222789866996	0.715619819929999
355	0.120202054811	0.340331862661178	0.257990724375697	0.56668693376212
100000841	0.84315869184705	0.94098068671676	0.330147840817275	0.6497808292914
100000846	0.804781646323656	0.358863143550761	0.294647253036562	0.648192313554536
100004295	0.884073186333229	0.406353527155988	0.282628992321392	0.60504190187213
100001586	0.0943102748092624	0.0443538741312307	0.442520113172406	0.318437802661726
407	0.0163460908758277	0.0348423138119541	0.330728892199661	0.732571398180936
1137	0.941142139875049	0.785613173980056	0.295824657651447	0.686687684241726
100021374	0.036257304548147	0.0162160152179142	0.236662156464553	0.947604104697873
100001593	0.695402500088911	0.858495692641824	0.301259821915553	0.660114036045535
100015971	0.744006722258744	0.739472321688675	0.298575195060882	0.651764339564858
100001022	0.400131589704035	0.192886237672534	0.191235523454847	0.918962221019297
1094	0.0588704440506299	0.229329035673007	0.470839801204547	0.885753983955447
100002122	0.240276247980353	0.237449405245012	0.254173936913297	0.754473281782992
100000706	0.689234301282726	0.545143792690279	0.262396787610855	0.652435482984358
100001055	0.810095251012555	0.399723559232672	0.277218254428587	0.594357756842369
1235	0.504122225690898	0.716224425117257	0.29063405900721	0.685993014065356
100020204	0.105754095969528	0.549794329616898	0.327527433920906	0.695696261078757
100015643	0.0318499239760029	0.283138702458979	0.334840542890029	0.60573420874685
313	0.0198860391405062	0.247412475105177	0.323910952837729	0.589003693265148
100001413	0.808771897365287	0.919878921389351	0.305014477723495	0.648018665913335
100020423	0.0149723755770441	0.0127117457365881	0.342982187813179	0.325409934902029
892	0.436481237609364	0.124686490818886	0.336944472933879	0.68462680930628
212	0.0666917243770034	0.133228371516011	0.400566756141622	0.631949648056388
100006105	0.190461657756623	0.17840594482062	0.348973123125583	0.66681787731201
437	0.767806052109324	0.603218570593083	0.284894017348048	0.669675751622533
100019892	0.457914279858183	0.756338412140343	0.303483366485814	0.680078225772665
100005716	0.0718254839598711	0.103715702318211	0.330696230080818	0.736480184015902
537	0.165805647226748	0.103388618689036	0.323019042779358	0.676197422469165
100001990	0.330667783010536	0.635416153849413	0.343464090384349	0.61087412938418
100003397	0.0403154664477769	0.00470849484148592	0.236987905709097	0.42131089011963
100001320	0.0992083118974555	0.185468869014871	0.402226780830842	0.401203943158616
100005717	0.11908519489871	0.0826405092814299	0.36042577862115	0.685234215480975
100001207	0.0394039175460043	0.208068624048812	0.339471633057018	0.666188719230249
100001999	0.501446736619205	0.807276456148587	0.294690474451524	0.753299814233756
100002488	0.215082180966006	0.0187761658825857	0.364012579984307	0.595739625491053
62	0.204447456447243	0.673241820045869	0.296221863027438	0.660592131885208
100000467	0.473721572459063	0.341961741084595	0.294693233467161	0.616250196950624
297	0.00507539512879228	0.130539409747104	0.31360689160127	0.620242423075027
100000285	0.0216534951843468	0.366815900363838	0.311856337987443	0.752958435538134
100006056	0.0616182170403732	0.383743536177938	0.322858573631598	0.695418290700256
100002126	0.119435934501724	0.249013709802007	0.237954389610371	0.982420746041124
100002129	0.836271960825066	0.779399420461578	0.290134260481767	0.76023643435083
100020478	0.0394870935211327	0.246159646173673	0.276862030506765	0.683070188262717
100004089	0.0739416407651147	0.571189628294527	0.323310325564022	0.614246911037104
100001755	0.513004820166746	0.577329839842991	0.306655337024606	0.610955484475112
100000551	0.0460623714555828	0.90429115454126	0.30345278669857	0.663896886251818
100003260	0.465198389406409	0.305139021755992	0.345354231011455	0.730863403696674
100010955	0.79000003345915	0.377841806875606	0.243954458944254	0.544873928147679
100020851	0.164923204313917	0.392201907689547	0.33734177259747	0.676622302210297
100016069	0.564867976966738	0.732932286084268	0.312274215787541	0.637436780600274
100002027	0.533069434367558	0.537051828585627	0.234357543232543	0.766950191563132
1123	0.350584350209574	0.187144860247677	0.294785066388845	0.780558496696899
100001150	0.732409181376686	0.964064455255393	0.307318342673918	0.656326119734014
100001657	0.262613917870145	0.73132100961014	0.305965584374291	0.640681001865345
310	0.254919327057796	0.351746003838655	0.270035464595078	0.75610804866996
100001314	0.380601031211851	0.147459070091961	0.287326763491066	0.542405046133953
452	0.645811783806559	0.566500822182084	0.352329929781351	0.619460889345372
144	0.0968748486771018	0.0641248124400428	0.371697823744599	0.523519055702845
100001182	0.187309635926651	0.137028647576994	0.380873151194072	0.635191042710476
100015965	0.757278899788145	0.4801224548717	0.291712559707356	0.72333630009122
100006108	0.86043168807817	0.416501294492716	0.319536181558594	0.694788739583923
100001400	0.752517565313195	0.628413076466562	0.288344555905226	0.64548079134809
100004541	0.314007186367551	0.197083250378531	0.295444651295833	0.40799101204758
932	0.651083653299348	0.432566630349493	0.306087556028667	0.687003195957295
100001992	0.481289894710878	0.581561357061248	0.416843200728275	0.565029195055112
100009252	0.112878411302789	0.17220831697144	0.374131266913007	0.63236713151788
100021104	0.586471165776846	0.543278002860285	0.249126513248549	0.792817240543257
100015838	0.0127639328553055	0.0439220106104689	0.429080369982662	0.901173879088589
250	0.00114630179337832	0.0241875297889254	0.544186659267583	0.75325539062523
100002537	0.931422348943623	0.530018785858836	0.283836165661332	0.756724975928318
100001658	0.877660549271555	0.714754657199698	0.327353813256535	0.643341479232416
100020416	0.327428542091535	0.387861149021206	0.272138064920594	0.633078889028498
100006642	0.224629182702438	0.742852850495145	0.293539411811013	0.678371947015515
100001391	0.121662109854492	0.359849984922801	0.379607232787704	0.765013350098838
825	0.676745008630431	0.615742739820136	0.270323629160429	0.664698277188336
215	0.0174771401930283	0.0973372201123354	0.364049051314249	0.636180056417267
100001026	0.967790453416077	0.92115681573598	0.30469451784665	0.681479099819587
100020541	0.419867446654787	0.453800712632276	0.267288655278492	0.694035076972495
100001526	0.230423735928462	0.290136431538126	0.451452572245349	0.764709018133619
100005384	0.430718903438744	0.352153563777759	0.287895973349028	0.562667234530316
100020378	0.273636345645884	0.674901366446673	0.29246295720829	0.661078889660276
100006115	0.947390567334384	0.352435842721423	0.402384330871075	0.539656115682513
1442	0.143695702428911	0.029257833209148	0.12397408497565	0.521299173585868
100001843	0.196676132334558	0.247677006963894	0.321922066989066	0.74093908547192
100015837	0.176329362607303	0.282531049621083	0.510264219342404	0.609299618837289
100010834	0.716059685244957	0.973285004539421	0.305599543314077	0.652821708308481
100001393	0.682993684995377	0.40169738649728	0.242330015006368	0.695184075098983
100000015	0.350283314825351	0.533380640929062	0.28405163332925	0.676177036728199
100003892	0.0400757936787799	0.0476835313892942	0.27195188535085	0.91018701509087
100000042	0.154469341602513	0.0228154062789074	0.33293296976452	0.558587502425434
100020550	0.541240714062517	0.206550615220851	0.335095779228663	0.547097937517507
182	0.503725405351931	0.381546794133163	0.292800521877202	0.676795428015329
100015723	0.130454903365581	0.413917864131201	0.310628754111322	0.635758496059565
100020343	0.433075829838304	0.520251341238119	0.278548133375255	0.657332742306084
512	0.351988685841382	0.633356150213352	0.333826892816492	0.627471158522961
100021100	0.791565073181787	0.749040121402705	0.295326309340143	0.65742641180536
100002528	0.346520897523153	0.0663485104179275	0.361499653677902	0.438270274549101
100001287	0.452107580012703	0.737435799805818	0.411144854020631	0.598960202724087
100001229	0.777344256895472	0.816294758899562	0.320882132259925	0.636277215811787
181	0.404135754421717	0.903848671415444	0.302419387382221	0.669377786402665
100015831	0.00230448176301178	0.0254976394612395	0.393852516861581	0.459811138763923
100020515	0.319062400351026	0.473668828230526	0.254040620555062	0.799944536107316
327	0.226904924212436	0.264121039288964	0.368425909496333	0.60894364595317
100009394	0.716989815275983	0.829798175349038	0.294913924958465	0.674300601186028
100001596	0.858541955961807	0.217566746439093	0.277845439267738	0.482649576105692
207	0.8305912760457	0.495623115571227	0.320923994052343	0.614446651174907
2054	0.552813372263728	0.827169343950507	0.29778159827593	0.667022859820825
100020259	0.647700071260976	0.553146468615312	0.334556797198365	0.63807239432888
100020414	0.00354788803432092	0.0412538237092151	0.220271194397397	0.631852323155712
100021131	0.962424525549495	0.242953929093056	0.29843344193433	0.6056214412148
100004499	0.949793698941568	0.674335518658217	0.29764961650899	0.619088636207355
880	0.140414230593248	0.715433967469144	0.337739157020843	0.648194668881884
100002049	0.480734932113473	0.295016755022771	0.340237184889724	0.602535334033192
100001739	0.492441689136531	0.213806100376566	0.395923202917596	0.609874605789291
100001126	0.372929663530399	0.12544377218694	0.199051245801068	0.526689132972012
1113	0.612807404002789	0.807168009156315	0.322031934509521	0.625240250602793
1083	0.911727052735568	0.289474756049433	0.340069010449495	0.558489050969513
100001730	0.0770147674715872	0.186041408661996	0.355993407538878	0.531279274778003
100001412	0.59902185248288	0.998197273794506	0.307023934497397	0.656249950104277
100005996	0.781027053507616	0.555677025018362	0.295206019654821	0.622927173200614
100015962	0.00966477770397834	0.101859084304179	0.226519115379535	0.95844472853979
100020214	0.736598313430452	0.4372294944641	0.321332362618862	0.580869385063916
100002514	0.112436388198397	0.319929044970913	0.320030078462862	0.589888877517951
564	0.197379401228696	0.0550995582766806	0.269802593984273	0.535768859876561
572	0.0125408089147679	0.0101888212612454	0.487652537114934	0.492694030522614
231	0.9556544268166	0.62278060853339	0.279326691957819	0.669728689268778
100000453	0.963864428470925	0.785195520555917	0.29492718302746	0.684836823362648
100001007	0.0922918180922428	0.20320974631926	0.374510862244011	0.520865290018327
923	0.584861979516802	0.291139243303688	0.290248906633689	0.711684544097673
100001247	0.511684413442237	0.59040707148917	0.289234125457985	0.641765134871189
100000774	0.586514731569246	0.883976419976152	0.318781798638516	0.669212663250762
800	0.388613408473216	0.358395596943548	0.32032864965274	0.712425867928902
100021678	0.316582013252521	0.421450952369014	0.256471889567728	0.655947807509132
100021711	0.472430614012694	0.865107152706831	0.318504054385016	0.661613665918839
100001274	0.708034874516576	0.351603964145049	0.296562738604335	0.488046825985642
100021220	0.163228731128515	0.184593952153702	0.366529605771173	0.963924935017847
100020253	0.451162157240047	0.983625042045887	0.305512830643625	0.653492537609527
100001170	0.767400632571952	0.189130301796768	0.284005261958968	0.55980313594074
100001466	0.240932041564773	0.835802098095327	0.315461212955863	0.647489255865499
100009406	0.789438520995942	0.703486610684193	0.293857430188979	0.670299424224625
1026	0.183445256296876	0.43316807047285	0.326889861740585	0.61935720624656
100020837	0.660558368015703	0.400545293729554	0.341946939262831	0.565095498630694
100001006	0.078838672609317	0.0893386745747618	0.291299918068782	0.777720720610966
100003674	0.752261357654468	0.128040732064957	0.304065542107729	0.642966194643756
100004396	0.303311802273272	0.397112704924804	0.353962834566615	0.545972135676669
100015923	0.475725134306444	0.883449390795457	0.331610251418423	0.643772778257875
100000265	0.431839208586295	0.693995255489723	0.313145111504871	0.624772242261826
100001409	0.0782505619748389	0.100507661749892	0.30209904525005	0.488709690411695
100003434	0.436113832689029	0.500853874265948	0.3123396086882	0.576670579860491
100001334	0.625997872260901	0.077824932637068	0.377487745286934	0.536360455353211
100001102	0.716759570305148	0.750577410727997	0.315937363857378	0.634005744224785
1268	0.521667656238462	0.0568394680989303	0.190658945271251	0.602946365959206
100001300	0.218233131150236	0.0860507144962075	0.272432968404499	0.656624743701471
100021324	0.220307623128795	0.669428407929522	0.402070514085268	0.641865085049192
100001617	0.109746256442439	0.102221301425498	0.297838561808564	0.69451578517468
1105	0.86113340190953	0.137094692093101	0.422226750197732	0.338149275339136
100021502	0.073124468988595	0.298973364458881	0.294375577487109	0.682603144856884
2051	0.81965612616778	0.585881094922462	0.305791799443882	0.558521574137315
100001256	0.14564854679976	0.496448081946335	0.343112998701741	0.790687438657897
100005466	0.072221124201992	0.0925136865485407	0.344111750951026	0.459455555431061
100002199	0.127294714877264	0.737562431509284	0.316402903943725	0.671886805921717
338	0.0135678617580984	0.0367797108812932	0.504456185040229	0.409006743774716
100004243	0.470706761624451	0.581660219453062	0.28479528377444	0.666162337403714
799	0.440276396808198	0.979464852114769	0.319618568824283	0.653457663730537
100008928	0.466666406585883	0.0815383714522007	0.31504963462835	0.6364288277965
815	0.0930097273585128	0.276187485716631	0.307629917811635	0.727391256766057
100001456	0.00463003284039918	0.0631722941410393	0.298362201163647	0.570622393041575
1242	0.082074703592737	0.0876046118034888	0.368008370277651	0.463660591526512
100001416	0.278557077987677	0.105395009267602	0.212922885098906	0.406218086636498
100001462	0.375481058739737	0.333264592431599	0.361257390087178	0.613862310030906
1087	0.162447126973688	0.0350096946453162	0.323952394351075	0.61331704910648
100020421	0.0641562894884348	0.101144996106847	0.352957686459911	0.417593773786536
100000010	0.00167178525619601	0.0235671685361546	0.342033860878643	0.706436777827769
821	0.49239492613556	0.363672975042333	0.343221143644471	0.50475327784826
100006627	0.255918875269438	0.134974810716843	0.42704861447403	0.552363759242427
100001277	0.327385785399202	0.137785065204811	0.364461538895372	0.608390935643719
100021141	0.0574090199028449	0.224487406792275	0.334134060675157	0.750437358866097
100021105	0.206121101784175	0.305516967142146	0.321607170708012	0.485789207855604
100001950	0.000499589361382175	0.00884269815138662	0.379123986765231	0.822652406912525
100020217	0.873013880619501	0.306072160247986	0.22098014993392	0.493353765638721
100006651	0.0333885241475661	0.187756197454441	0.342681986704824	0.436511677304413
881	0.988563485970887	0.451984884373919	0.288337625814285	0.667520418454187
100001509	0.604327385403281	0.132319857248371	0.272710375907132	0.569244036880553
100021709	0.656305437138346	0.899327304429868	0.301329132528766	0.657701477406176
100001635	0.280246921159139	0.0334988293573319	0.336153465484697	0.59958184519256
100002613	0.460050066518174	0.12466125970603	0.284336975460767	0.73908573823077
100009329	0.519122236866233	0.662694429913634	0.27228999591435	0.794971927742118
100021123	0.839541697768432	0.592835278872878	0.318230157551574	0.568559579051291
100015760	0.275620104130888	0.174453938273925	0.252990859058478	0.690229121519168
100020205	0.354529011023518	0.406193940677131	0.361795417059609	0.480686717679755
100000765	0.561545286335807	0.643866040099544	0.300706012126835	0.624166717672805
100004111	0.305320890646381	0.15579544348979	0.340756752908716	0.623350529221284
100001615	0.212121257934577	0.773473198896976	0.305087777290324	0.651970655870205
100009227	0.186946337071009	0.101444136087652	0.432168070960205	0.797607807339408
100006191	0.403528279146191	0.596337906715759	0.332015734036088	0.607206078367337
100004542	0.484537875666841	0.406034830735581	0.319828871116123	0.696834944498785
100003686	0.266955340589099	0.116103363588193	0.435257279717975	0.586059627822255
100009232	0.0229602477822747	0.212144185724321	0.309241800656559	0.557570908390866
100001501	0.0643090368982031	0.115060785362025	0.380157217617763	0.698268009262308
100002367	0.532601138634329	0.258613471220424	0.286604958755303	0.51263640467923
100001108	0.371843788940505	0.681244348561375	0.303180189915246	0.642348965112824
100004227	0.75746876241768	0.998286111600187	0.305085238902335	0.655234956928947
100001310	0.153006986198412	0.237266657675657	0.290404911579538	0.777911615390527
100001994	0.781564087530524	0.888884135928168	0.314582160245531	0.725076150364302
100015839	0.0176367644181582	0.015483911625952	0.385313577675586	0.751610792398761
100003271	0.00551642731208932	0.0795027304705791	0.397830409744363	0.462577488405853
100020496	0.809505602390356	0.999147557735395	0.310940484126385	0.65536283607389
302	0.691178209541857	0.431620566978016	0.270627499514584	0.62282910734461
811	0.830075917105062	0.761641674091085	0.298035916561309	0.68806638594777
100001267	0.925716325818193	0.834164550006307	0.294583905386316	0.651619471658725
100001197	0.0290550005163233	0.361729484632951	0.343238557018534	0.664619646465591
432	0.186366047084731	0.414473138271775	0.330706645894703	0.630749998805392
444	0.00729475013794862	0.0400861618577108	0.355875007910856	0.791006470858631
100015968	0.33253325380214	0.353577180193939	0.301231752104178	0.578712793958501
828	0.874978353722222	0.895572589909126	0.300997081823943	0.658841290810584
100004054	0.27374682818478	0.848002920929293	0.306897624486085	0.659556124919381
100004635	0.107347599510147	0.164082597115867	0.659395571427765	0.40892755925565
100000491	0.459272618992941	0.581935647389053	0.297900608098927	0.565049198545098
100000939	0.042297282680481	0.0307900143743048	0.325407907173327	0.547108935677008
241	0.222116627752378	0.607129419993881	0.324998331044284	0.674194831242524
136	0.338954698220845	0.0681831414674812	0.269047893833054	0.836046872698142
100000792	0.540221540609637	0.935198669219212	0.30625191801944	0.719381529139937
100020973	0.542810077444047	0.596742876000461	0.32661359842501	0.626755627701896
100000936	0.880490535703271	0.776353438316346	0.304990658770376	0.657002516109243
100001313	0.0101561456625716	0.163000477670051	0.315638801650374	0.70976823956198
100001951	0.0654974224634308	0.107379968713924	0.332959121318167	0.65285537633943
100006098	0.0104053364324341	0.0602875929325207	0.357501625350984	0.775175083305374
100000007	0.247003637452257	0.528464675932325	0.313293764154034	0.660953109834568
100006641	0.963287390607252	0.894027690987662	0.323828522479898	0.655124917781476
913	0.00990633856115494	0.0561269095944568	0.381964106414756	0.516978521322319
100001579	0.750946643212669	0.402168263229925	0.339678392451624	0.653263967936803
100002911	0.138166472562794	0.0121683677235991	0.399399228809876	0.610183866212381
100001293	0.260126215086715	0.375234634141286	0.269534055438924	0.791887091293249
100002241	0.222011212802818	0.540482634474477	0.320727055294018	0.624871436012251
100003179	0.39439796333229	0.0792266599970204	0.292163239118671	0.508868835855006
100021372	0.340889411220521	0.2461296303059	0.231362949185409	0.659983980746811
100001956	0.306668041930841	0.513072347918451	0.309835755413885	0.568397225724788
100021162	0.201386266324016	0.1657193531331	0.291782177942866	0.483276816113582
100002259	0.420632249140573	0.687847266548365	0.286219262415066	0.64954808689637
252	0.441563961477882	0.582345487764441	0.351257721904513	0.598159787385311
100000707	0.597782402431928	0.427480205503861	0.297191184694497	0.664695191528343
1489	0.673789184672651	0.0213153164389197	0.228872853993852	0.630710830067479
100020361	0.0284710672759045	0.0811732627747122	0.34021056447124	0.945910929092587
55	0.824528014990774	0.989667216170193	0.312639388864679	0.656350568315991
100000863	0.250358407111738	0.257092421827175	0.267423031186683	0.690238337429996
100015840	0.213945914522153	0.110219330020898	0.39189394735128	0.62188218119048
100001541	0.144271153095485	0.0822167516630486	0.212633912208047	0.643327593179511
100006082	0.142311720213042	0.0491515086308712	0.402226745759874	0.64679876346476
1254	0.667745637386659	0.992545384704038	0.324198526582233	0.659955538747982
100001624	0.424069440790039	0.317019300626848	0.289571821622908	0.626081448158594
100015850	0.8126014220323	0.622531636287142	0.364371071945859	0.623991605906054
100001104	0.00357340508607244	0.0143806236536585	0.339849326333991	0.935557961058484
100000900	0.130057289917315	0.407541437098273	0.315424856897163	0.659177490072109
100000269	0.245094273147685	0.0923877744323323	0.190802670499801	0.612465089159228
1022	0.258520686662695	0.935305533885546	0.306750164519883	0.650210819162506
100005373	0.157440245112873	0.0595129598694024	0.277324578411119	0.681981877683197
100001129	0.133988881576	0.715917938382689	0.295774956053702	0.68301684855066
935	0.0104823992819996	0.116276704427316	0.402325211668888	0.513943126236598
100001262	0.185757637691978	0.221765271785905	0.314371586434577	0.681542338567409
100019978	0.336866331960393	0.593345698120326	0.298846349583919	0.639016713550646
100002293	0.69079387945895	0.769602054966381	0.309945116810425	0.654931329646277
100001426	0.181084401288435	0.262883354558543	0.312554390446968	0.493324819774746
234	0.0387524102496353	0.162573026739047	0.301304896486905	0.632278045324308
100005403	0.247755899229413	0.941613991652997	0.319549579696938	0.64944508338061
100001083	0.0419514332340905	0.335987315276049	0.333012257808654	0.675162870916711
439	0.654860199298077	0.287728128897743	0.331163908078712	0.647499131035805
100001086	0.220250725339031	0.270879987239779	0.334920761661971	0.76235216337235
100005864	0.743262011360643	0.462071870750746	0.280969927073783	0.719926454262678
491	0.496722841168505	0.901571047509224	0.304134290574027	0.655635718862188
100002029	0.498086248231766	0.442600644250945	0.292445272881394	0.529795593584159
100002154	0.769736198590697	0.44833562139083	0.269748774935037	0.630140119394683
891	0.461811677258917	0.178751629423828	0.345108697030894	0.619642519204668
100020261	0.364476189490071	0.425213635738307	0.368102327669553	0.626325965056169
100001296	0.46949221540142	0.456929911371643	0.310794362606342	0.543202669270132
2050	0.521663739870119	0.49475524971656	0.330937122668121	0.594582475562757
100002761	0.325688006151905	0.693712739788314	0.271105072178884	0.782682525486873
100006614	0.89281725734965	0.621602174488592	0.279248568470346	0.725870973323694
100001597	0.988328904012643	0.123558503452756	0.200157636918733	0.453231490020964
100020853	0.624043232820851	0.721447429864897	0.31635296545562	0.673212404396458
100001446	0.258379220568852	0.398076004089724	0.274176684841668	0.645840157913668
100003240	0.277303367485456	0.124041487950967	0.355214223516264	0.570878441888658
100001502	0.0381248863979341	0.251747399486342	0.355485973319131	0.743089125446042
100020866	0.097764801553197	0.0122951615960099	0.190498001540821	0.470180988446958
100020419	0.0270149512187112	0.0833394258588332	0.337950839781213	0.396912214335779
35	0.688865309853328	0.323647983501878	0.269912392297965	0.611312749791066
100003696	0.00721005752015448	0.03170785692287	0.479098704307652	0.576416988088046
100016038	0.769235206058117	0.996836338936025	0.305264152171424	0.658631636476656
100009333	0.23382309991528	0.189197809344792	0.301740991345855	0.68355721529445
100001611	0.200537925247267	0.371202188326201	0.382055643633854	0.636411718391847
100005383	0.623729476258457	0.276440979824654	0.316326660854977	0.697185140544599
100009239	0.288111481364179	0.125810806867216	0.385557734651171	0.474231531733187
100009332	0.351678876360505	0.252278609580329	0.304116667401239	0.620503937765209
100001731	0.173873317415541	0.674255124420899	0.311586154962415	0.632847800607455
100003415	0.357565095435682	0.462045165364892	0.298321557714032	0.669744103871148
100020578	0.122231892286162	0.188349746022184	0.289670991540115	0.546994686072991
893	0.871405850990198	0.478120671448018	0.30229940944818	0.667913334229999
100000963	0.278870263031894	0.193858982862273	0.403230381449747	0.453922587228741
273	0.154059117470061	0.311643512146005	0.353540036659105	0.651712507630305
197	0.486175932311249	0.45504418894391	0.297474162944846	0.545645093960581
100000808	0.299313829703286	0.205650960745063	0.285214420678678	0.822479207781957
100002284	0.832533922571266	0.351610846657822	0.198596035305292	0.592126161705966
888	0.975790085973318	0.110424411307973	0.325960345043386	0.641159102713975
100006435	0.488981950771076	0.344346558483266	0.240108309228761	0.948745435554732
100006374	0.129331513764338	0.443315655172025	0.321929323947115	0.638193535618693
100003169	0.513371823702997	0.9363349349816	0.302842421065693	0.650647297715362
1004	0.665378017734358	0.862309730752607	0.297110485082	0.64252684531629
100005998	0.115464243302884	0.947772906029648	0.31719249379998	0.658469869001036
100000773	0.676190089273776	0.556347813828378	0.310139081478143	0.638648160881528
100010850	0.0195853297443151	0.133427157285953	0.354477169408142	0.54020000036139
397	0.955829584973999	0.348190456686462	0.228016100559091	0.717735835774991
100000039	0.0743804327361915	0.229914892487654	0.250616642224293	0.708535640634758
100020833	0.726541822764151	0.764796575377857	0.312839246661061	0.695626668751734
1021	0.411467776510726	0.315975232082963	0.284412270590195	0.695732587647631
100020479	0.364455176816553	0.575251427826343	0.309577283979027	0.665393402804542
100001335	0.467441053371238	0.278141065742775	0.351380581355072	0.619265454808405
100000743	0.537979901151208	0.96487444827413	0.304831871008169	0.656880393059865
100009246	0.180870324164235	0.66506590583255	0.29518296894691	0.683508710677073
878	0.161836181089459	0.815849633912969	0.296997579679945	0.66496335191625
100021103	0.784193733962935	0.837644278787001	0.305947686871363	0.739226996271158
100021363	0.243381490578369	0.578374888675259	0.285406270598025	0.694057638336109
266	0.115270618307692	0.193826117532899	0.312034180593621	0.576517566859513
100001195	0.27905176645026	0.187666206553631	0.397928101049876	0.574812916156141
100019801	0.724513330972468	0.671414512206662	0.32079398918806	0.639162741957053
100002196	0.0408908219825759	0.288740846192299	0.319823824878954	0.663546905446218
100006370	0.270438221562445	0.988738276507639	0.305234960143369	0.654875982702685
100001510	0.0304161034866782	0.00377147615495804	0.257446922001384	0.752984679604708
100000437	0.655638802070949	0.463016392077989	0.285943333734914	0.729211363007369
100001767	0.163029879225327	0.0377176151740172	0.370131410392831	0.72157435885804
100001810	0.414306785880639	0.48430819175004	0.318815817886889	0.818756063169498
209	0.0457344303448428	0.435836689010459	0.340717862369465	0.644519822545134
100001485	0.224970447730486	0.0841130292641405	0.184576749242461	0.581465436298971
100002500	0.118336752614741	0.441958094300711	0.310741818595013	0.624734716428297
171	0.0350084874204406	0.0276827327337623	0.227751286077975	0.660246119796739
100020487	0.856623577406142	0.9281776094054	0.316387861754623	0.650429291187808
1206	0.00682690454110428	0.116018031672678	0.310340125154439	0.704788470009994
344	0.00483831748893299	0.0178402743172437	0.688586653537562	0.73967833880155
100001405	0.38615155739838	0.865729393370046	0.314915702073562	0.641142873175312
1239	0.937475277002913	0.481405551775879	0.343221626196389	0.657114598703606
391	0.052315428971661	0.183754578187523	0.289877536086295	0.86240229291408
100006430	0.400537958959364	0.147036491739104	0.392272479608552	0.377421392038593
100001417	0.937958769108222	0.486729137830211	0.293023771730754	0.766659348329416
100002951	0.0644747202944553	0.491836020974811	0.300772410377523	0.580793475780266
100000014	0.369467870251787	0.552340704566627	0.299377069772654	0.695611930234328
100003926	0.534713730768878	0.451895179699708	0.332696324455674	0.633961633053936
100021538	0.900632302880889	0.506043846713552	0.328987295861396	0.594048850843099
132	0.313368741939	0.949077212259669	0.306238746961796	0.653588123763889
100001425	0.538622571147036	0.505656876359313	0.38455456054616	0.587105336802244
100020262	0.600233918898492	0.642739278279489	0.328475579423462	0.640825169098222
100002679	0.349067030286214	0.709212810986046	0.290829436164497	0.720112972121546
100001270	0.82824374232367	0.510096468919343	0.316088133551518	0.626773539728554
1102	0.898907646455646	0.954749093724288	0.307739109580656	0.651023742264631
331	0.201402747612152	0.172990702353247	0.254852442773775	0.53708011022187
100006361	0.52834445115306	0.63617812123323	0.283770430029882	0.723898183721719
180	0.851456610576967	0.830990413685221	0.324281793964855	0.650135645787564
1053	0.330241576046105	0.447366028594429	0.45213504728182	0.722122007497178
100001359	0.597049831372711	0.85931950370872	0.323540393515534	0.632426013340709
