chemID	simpleLRM_Fstatistics	multiLRM(chem_sig)	multiLRM(sex_sig)	multiLRM(age_sig)
100021136	0.0395140990434064	0.27563041595753	0.344109458495111	0.778461967700507
100000882	0.950224896548302	0.606230269097845	0.328278255651657	0.662878415505133
409	0.0697357989803051	0.144673833758972	0.363440768885716	0.430697421939396
100002254	0.615177725922379	0.0403737584792145	0.2139343691448	0.672671583173774
361	0.00507368610562986	0.0861417231289599	0.225019997243683	0.669656561374596
100019975	0.642642602132557	0.670984746379985	0.314843568733541	0.714329088376981
100000257	0.000885667131160257	0.0220419200801345	0.313303414465096	0.626349068577554
100001232	0.887184636112838	0.861384204945536	0.330272844182358	0.683886712651527
100001948	0.40136849052774	0.383817824123845	0.334677527982847	0.555179189281973
100001073	0.69809957720519	0.721699396549097	0.376155394255121	0.631700607656435
100015637	0.89974914618692	0.397043048272156	0.338523222643735	0.689267042762499
100006360	0.673970958753032	0.720720937260094	0.298408652036925	0.752882682400781
1488	0.409000404062935	0.504760730217825	0.319181141369382	0.663617299221636
100002253	0.934298659203264	0.976828130654699	0.316061831897524	0.69331493174689
1023	0.849842749243147	0.634457476518058	0.309781587953787	0.673017730459928
100004284	0.653322159560033	0.836299786815693	0.30827751100796	0.700278130832773
100001251	0.814552152418774	0.924770881935499	0.31715101247976	0.696671957714878
362	0.597282537879215	0.53713423606273	0.286891980954033	0.68653282582221
100006620	0.923103192945823	0.793338376093995	0.314830422571082	0.701782440160392
111	0.283208091299334	0.156065148112292	0.266135354983516	0.667080355179074
100009045	0.698654907963324	0.311982370272494	0.263846906030319	0.839614572412341
100002927	0.730602410901861	0.845719694555213	0.307127518842968	0.715087531247739
100015641	0.928401011375035	0.973143828016906	0.313991563601705	0.696753297047408
1114	0.157411626223788	0.973798223410665	0.314094009071204	0.692872292995431
100020409	0.29321963192791	0.318756451742018	0.315598864900764	0.550463198475758
158	0.147390713814426	0.282591235374186	0.389067212638356	0.722526502716821
1224	0.0309468039464404	0.158296533123977	0.242641471281761	0.741621957067999
100001620	0.617437538206463	0.47208067060972	0.278109089067059	0.694791890829456
100020893	0.226680119775715	0.058077251137489	0.29179241704661	0.411751242041415
100002458	0.81885348328594	0.529418686514849	0.361090565817244	0.633653331555071
100001112	0.955290343169603	0.920197603722091	0.311539035900592	0.687270269050796
100002953	0.535661473462493	0.913501135696431	0.310930666410377	0.699284879997697
1141	0.347128314358538	0.054098460974731	0.404042389559358	0.514128642984942
100015834	0.357430734267748	0.890488757653372	0.318411213928705	0.703441346053696
100004561	0.766518932224652	0.994366130939192	0.313827524926075	0.693756642292152
100020497	0.830103878711106	0.725503868951376	0.296214146862508	0.721137248975581
498	0.0371532781234715	0.293098532222571	0.311858523430397	0.779514347452312
100006051	0.741857191137472	0.781257178940767	0.319057557572417	0.689296902722198
1668	0.59053796025367	0.574230850824986	0.30749442471545	0.639096479443142
100004523	0.53945302108175	0.965866489681509	0.316669066750975	0.692398714217007
100001604	0.300275994087641	0.580492730061653	0.308288330978666	0.733381161859185
100001002	0.16513310311499	0.503337941853493	0.328055551746093	0.67970676364014
100001987	0.078633745373052	0.287834813741249	0.837638856372351	0.55665310303183
100002462	0.551837562449413	0.31103406341117	0.379728647172669	0.565942650985903
466	0.582328506320764	0.0777846814142236	0.341625658144939	0.67137356854013
100000665	0.96425669722565	0.415748413431514	0.35279629509143	0.635657917177026
445	0.956937853748206	0.467571589088694	0.341733496775164	0.740256383574045
2029	0.186564100590694	0.536452987694151	0.329415807275423	0.696095324632555
100006438	0.152766657762653	0.264950349700387	0.360231457081609	0.706188200889204
100001398	0.27283060395461	0.461486943508706	0.273327308545216	0.717938471282891
235	0.382310712580062	0.456874352329667	0.279116524398639	0.730335946778451
100000997	0.575281192534166	0.637961188493703	0.316976768025789	0.667690091296708
100002094	0.29937959834037	0.228435449112946	0.264588936489992	0.557375902876824
1052	0.7373330974314	0.920257905578542	0.332478910263845	0.684758439917792
100020823	0.242687612616164	0.515413400097639	0.291837219692308	0.682148133668049
100001806	0.32289235636062	0.65326335258618	0.359110377683112	0.702822217808857
100006092	0.868265218326453	0.900398825183993	0.317011426362627	0.685740011936973
100001415	0.0857067795880851	0.0694947761859785	0.317766039510322	0.405895730913377
100000008	0.0306458812514363	0.0689293889829183	0.350493735167498	0.527848417324785
565	0.0122487608495119	0.0590188854127597	0.306598542048679	0.765450970719981
100015851	0.112957965106774	0.17497947151993	0.409110410564378	0.845275366994774
100001866	0.641351643272148	0.967297946277341	0.321038584757171	0.69328583841612
100020546	0.00346949462508304	0.0337527418948898	0.546954343844261	0.883477631303296
100016110	0.608905227092928	0.429163410315203	0.258237311125252	0.789435700303873
100001254	0.00635038375423655	0.0163291265970035	0.389243115275859	0.894041695258996
100006260	0.432546802847636	0.85753956832881	0.316501335458099	0.69154546730391
826	0.890096078353411	0.763346051405469	0.31362199011907	0.682654367021819
100001872	0.363307151427825	0.761811092630053	0.314996161597663	0.69500542452763
100000263	0.339975381913907	0.376873236406126	0.385357933171035	0.686699056636054
100021198	0.747293407910504	0.057830580307158	0.215064238516165	0.39678959599734
100015967	0.0303374307852297	0.0815523943577158	0.390354469955954	0.509995399767872
278	0.104262892119496	0.234407581420837	0.294964242426811	0.995242119587288
519	0.610594598644535	0.291097698238313	0.379986359404962	0.624989609042421
100009337	0.134947620433008	0.347383527356876	0.411986336091252	0.679881214449927
100002185	0.459438485717045	0.847950271264998	0.305237621481527	0.678561951438361
100001278	0.292481424573389	0.229364142620769	0.39235701915788	0.643781376230598
100002103	0.984478181430653	0.428744496413999	0.316293198410449	0.61143365001319
980	0.647644974975669	0.39093768088478	0.351449218797542	0.673463783511611
100000016	0.807950358239737	0.440944095634933	0.309736856158527	0.669025249776853
100020372	0.226057968244333	0.537056416480254	0.309756260203095	0.637082665825505
100001662	0.591966676281924	0.114867354592955	0.117760788079451	0.706701961570662
100019972	0.997403491603755	0.657608912302098	0.322631951076848	0.680308141413209
254	0.837281873647169	0.758447930486742	0.310301661221282	0.696961907241474
100002009	0.692304495706757	0.722459954953408	0.309779838964853	0.626595363808263
100010895	0.59315248403826	0.692773036660855	0.3444478763756	0.679804685201984
1140	0.953232047018519	0.781891689776007	0.310205052975603	0.667746415556728
100008951	0.674121947030715	0.544644952149507	0.332917071804505	0.655843993298232
1084	0.430743906232044	0.840167287726819	0.312216236647194	0.729953142771166
100002796	0.168671897746331	0.489563678661505	0.284503272449366	0.646976295178741
358	0.837764422023947	0.835212372930056	0.307402823633454	0.668726671442764
100002070	0.907294299765205	0.874127048846978	0.309335643051678	0.709151402108233
1628	0.310719248575067	0.119647863577224	0.384281635968709	0.679987781996733
823	0.620976483452861	0.508741985657021	0.273463757776388	0.757297206967205
100004414	0.431628806375554	0.088758704225906	0.407005037574818	0.833118088215338
100006129	0.701918186174873	0.687987641462562	0.29495943922007	0.708697112885599
100002028	0.709872660961799	0.444666409472287	0.425443138004245	0.493687581332385
100021707	0.633284521659102	0.674884949733813	0.287706739506584	0.738120734527561
100000054	0.522786724216794	0.519029198327779	0.305216197853074	0.717928544437999
100010869	0.419864006360785	0.197895649333517	0.325586569523463	0.552998211084875
100004575	0.0326608050271663	0.113190727195547	0.390656945919808	0.982021065509578
100001212	0.980463755414385	0.649178220767432	0.316333602102379	0.627586094675497
818	0.175914767060584	0.517701326663122	0.362912651288787	0.641454816399459
100001092	0.00240970446062659	0.0263707916139666	0.304501499328604	0.67705331125652
100020371	0.808092005217014	0.967693335071828	0.312018495498265	0.694032348065868
100004112	0.249648365539774	0.553172906175135	0.328751088580558	0.699621463256707
1125	0.549153475465544	0.423384683328567	0.340353789955884	0.725116288748818
100020491	0.890843208989715	0.595387220612244	0.27634236568788	0.708009355322528
100003151	0.002559553609522	0.0234157466089993	0.466774371624333	0.572622198954152
100000011	0.332676837061943	0.151645573072823	0.23380006591611	0.801294623368255
100003594	0.41915073690852	0.928287240950765	0.322963729473513	0.699808050976654
806	0.673600093813853	0.146574115745805	0.311911199840634	0.490491918978737
100001211	0.870953828042158	0.531594300618735	0.325722349605581	0.67314106837934
100002417	0.655021004843777	0.558693511213721	0.302323903045375	0.65553166585424
100009335	0.423923643303368	0.225689442498236	0.258494053500037	0.726368523102017
100000781	0.860417236971298	0.943222614163061	0.314696356417109	0.69584823870272
803	0.0179351844928693	0.027547130739875	0.303827595493487	0.569603456321914
50	0.606289466054301	0.784142666641652	0.317134340917223	0.681990065012141
796	0.357504712811589	0.0475615166908438	0.349295136429492	0.681978369510792
100005834	0.84105277133148	0.580842203295831	0.371915788618412	0.689590704887844
100001580	0.79781481152563	0.451123212170706	0.344311859242873	0.696473403666873
480	0.79565317332431	0.656856646291625	0.285116854748712	0.700926791147503
100001540	0.305756440001406	0.809184149188717	0.377983338027391	0.751818661690864
339	0.545612542380027	0.124248990104701	0.284702936614692	0.603315484237514
1110	0.873319672969057	0.946042655200298	0.315945478700311	0.691429178134921
100015836	0.104336917205632	0.141653150476225	0.479701167690253	0.894701630630571
100009271	0.492647518986569	0.498913813300675	0.351879549091964	0.673970227059034
100015638	0.818705258589695	0.374455378384623	0.332323639809672	0.673639367833383
100021667	0.82247457001287	0.443978219349209	0.361206414449514	0.673759031525598
100001279	0.523389524412621	0.357773250780072	0.341273123210569	0.825128099395391
100004208	0.0232496116406985	0.127687205042559	0.464890168298639	0.811675947720442
100003695	0.13437808771849	0.100598095679126	0.347369879707096	0.452264650112147
100000802	0.959126068118796	0.810684615497134	0.317266096204831	0.687750789276089
100002769	0.733644789356934	0.0915083142370117	0.228420324203781	0.816715590027834
100015835	0.050399293221092	0.221111171797915	0.503049209553473	0.945015586751008
229	0.759862110946906	0.34148659734499	0.356292614391747	0.68836350824647
100001266	0.00933898040584509	0.0303241849806913	0.388710367353596	0.983921356026372
1342	0.308100395589701	0.361623543276074	0.270180187021961	0.711203028569551
100002102	0.937806952080638	0.652772544004956	0.341575518874027	0.770062983710575
100020254	0.220736390294542	0.636727195175855	0.305428390318969	0.716995276513649
1231	0.362561454729547	0.196074675609161	0.380853120198771	0.643180945676047
100020492	0.906497020793444	0.917889200963723	0.310335707141354	0.692866426310994
100001402	0.336584842251134	0.526464885604663	0.350465672805056	0.700326784074056
415	0.0120262817401174	0.120002317690268	0.355593751947763	0.745718074180473
100003109	0.986282450601915	0.979948536711037	0.313316065322142	0.695350104538634
275	0.595700441304492	0.796838227470737	0.30042046618407	0.676830440233838
1143	0.142312499216087	0.0567974932221372	0.28433259300929	0.800235888767195
279	0.444961747278738	0.391443967512373	0.312077962553681	0.57121808398072
100001198	0.814225781195447	0.92649754965243	0.325383681847771	0.688563574162883
1648	0.345742066946974	0.906841092595805	0.313109718252698	0.696080686857575
100001590	0.299850121164804	0.229468303711567	0.299115855739311	0.600007516612121
100001733	0.502580091210417	0.946577604905215	0.311554867993715	0.699695281680214
100008933	0.0133413283615605	0.00217260491901264	0.429590375899151	0.650948404754912
100001550	0.418288201242672	0.468422934466781	0.294925644841246	0.637662988805616
1215	0.031362537199527	0.15723651455544	0.260886387232185	0.645714229384062
100002356	0.229274737882826	0.104572868821822	0.378779449640241	0.704887745075144
100002749	0.73254774925074	0.740260150764837	0.316258030208401	0.702129802087519
100006379	0.12094388491438	0.144729816697453	0.368422148562415	0.430232539756329
100015966	0.0689615458483972	0.14032622410791	0.342963245030531	0.511474157258902
100001392	0.828020204053108	0.854708806593848	0.317224966183311	0.691579229295885
100020425	0.127535453558844	0.0527737160531716	0.2631539852692	0.451854581429901
100004299	0.394021149140659	0.863531577739575	0.326075529026046	0.729050238655836
100001734	0.608365940835163	0.575305124482027	0.326623600772069	0.63967195251868
1002	0.883415200881534	0.780438475451198	0.314586249408267	0.692535673020407
100001337	0.410197100983981	0.896916859354272	0.30720885423191	0.694396007907418
100001452	0.838046792821434	0.778025840638167	0.310909751801064	0.667321516429934
314	0.480749708057643	0.363715651356504	0.326005476785227	0.713831978428741
100009264	0.902768185655607	0.502181986752992	0.241763029343118	0.830578590265206
100004634	0.464935448856161	0.522188630958187	0.28345607727509	0.709644229320873
100000711	0.690438298800976	0.715395140045821	0.343666900907313	0.718396332284932
100020536	0.0286483852419805	0.106596152583128	0.376376790373722	0.795433461339251
100004318	0.37712191271928	0.624890475547699	0.318997600058354	0.689312413915239
100005850	0.816969224362644	0.413108023485415	0.406133945071161	0.631398812835259
100006619	0.261123883676612	0.12506526510687	0.358589869533852	0.680219218072864
356	0.540758162952764	0.652813562687756	0.300582329183684	0.710109336631405
1221	0.595754455906947	0.612576504519011	0.393031710875034	0.730298651424873
100001397	0.68493842950884	0.716819588852785	0.312544899547922	0.68487079019699
100019981	0.723141500989268	0.970169757203944	0.314358920083601	0.700622896537883
100001208	0.552153000647422	0.30620466664035	0.275738171215158	0.947529490827532
503	0.017316852194364	0.0117660904790876	0.190610582498762	0.523374880578631
100006375	0.168916774705291	0.618456947630331	0.338743125521266	0.672230376078768
100001295	0.730798154295615	0.570055408392662	0.304194844408364	0.796057056916711
100020427	0.0598377057880586	0.0311210090070968	0.30095846624344	0.394579253331159
100002784	0.511735383781236	0.399483033407321	0.270205094726974	0.75922643480464
917	0.0808744189760473	0.231819037496823	0.338151412336132	0.644099552822528
1869	0.368542915903361	0.212034276462543	0.336406618116839	0.576777949108442
240	0.264653424672875	0.133800402731804	0.205504557739439	0.50722432182907
798	0.00180445754545304	0.0619297616147615	0.485904377850362	0.624735026846488
100002952	0.322504662233951	0.469892208886683	0.313057416188491	0.781060768896815
98	0.77076916655291	0.890736960694317	0.324620816735061	0.697359316929193
100008998	0.493697966016563	0.462788796842707	0.261959545623188	0.742018939179028
477	0.906518315210692	0.28530604943016	0.319612797639022	0.688881321489503
100020545	0.0943344544604607	0.151983127445358	0.357404351535491	0.856495846865669
100021666	0.936001081248353	0.227777318026462	0.35782338035819	0.687227608547651
1256	0.652713783689824	0.824046261219781	0.344067740746253	0.71554824442365
533	0.305560774928718	0.0739316303940992	0.223118439525024	0.438063314977859
100001757	0.475049315067311	0.931821506674435	0.319568306869316	0.690466442507969
1024	0.390438964219435	0.103527052296375	0.213914713088402	0.864908832616078
267	0.659385169360803	0.84522154005478	0.321845971947817	0.686931613833796
100002113	0.0927969809329925	0.0785836884972936	0.304299787714021	0.720164903632143
100001756	0.527652777894108	0.76253373649169	0.329236188436893	0.719462273598049
100001193	0.341890002132982	0.156057679193846	0.395882995111922	0.638190149362072
100001668	0.746266541940282	0.994004705691214	0.314432729031059	0.694268956721372
1124	0.430869461462431	0.354994244862251	0.279012741515722	0.778154541835294
100021331	0.120828681277891	0.271207789958796	0.294681045797811	0.74333778947895
1090	0.0702301052089843	0.0498500437427414	0.297805795969804	0.836374619644998
566	0.978217832256568	0.277909610430986	0.228330297734146	0.69948708120985
100003119	0.357648003475565	0.251852610398092	0.353066886533894	0.628043271628787
100006367	0.723371549881793	0.571358124470665	0.324018474480866	0.674773240559283
100004322	0.185674656639262	0.239542595483109	0.322903263581445	0.785102561928501
100001034	0.801708916150606	0.780327002995962	0.308777200157656	0.683740391313115
112	0.819878394774187	0.85724033642899	0.316516003301352	0.668007242542902
507	0.624853413013016	0.721661723040583	0.312281497517116	0.703462636298755
100009233	0.266080205293852	0.22184371853299	0.291648675002425	0.718601324384802
100000406	0.0274168081765128	0.159597516127978	0.475708699943627	0.502685830737585
100004046	0.424348859335985	0.403557437279929	0.201477239006715	0.628638539145481
1025	0.732051159069736	0.70686823456823	0.30224272295692	0.713353459751521
100001106	0.122132247729142	0.150493951498576	0.259890737546241	0.733287459981013
1128	0.0447126045635448	0.632973324695467	0.340373285144658	0.735126959170513
561	0.0555780719449219	0.210948217658566	0.226366547640324	0.618523950514522
100001614	0.776112317289444	0.34475031478732	0.33050827395601	0.668893745361749
100000961	0.933278356010261	0.979588996745102	0.339560548834974	0.695907260113943
100002397	0.764974887323304	0.549084835019973	0.31417852726304	0.615151901931131
100009407	0.928806691800973	0.937751611941032	0.320516263613086	0.6894094229788
100002910	0.977831490077509	0.531037818509099	0.282524233629848	0.615421346826721
100005946	0.353261301527012	0.433772527767498	0.349142443668964	0.777193524277639
100019794	0.0623981235697521	0.244840542231088	0.319536241936787	0.876101650901724
100015759	0.22100759728194	0.106926703919179	0.268379607593054	0.712209705807418
100020417	0.801681124921745	0.650397811208334	0.299807289755941	0.670068152454123
100001054	0.757089545079686	0.936400354702533	0.31729025019006	0.694751253403218
100001437	0.383977350372856	0.397420404546798	0.268440471875025	0.62900251752834
504	0.324682051685662	0.763955731734762	0.355320969200635	0.701337458560323
100001988	0.429899390550155	0.62351674610028	0.307067342044251	0.863345577712989
1082	0.0352433298956161	0.615276296651794	0.346249421238806	0.722908250438364
100001403	0.233907243018316	0.277335209426046	0.355552594126562	0.675357168896396
100001664	0.973880923255861	0.524646040052622	0.295859989836474	0.875634504198385
461	0.22213491648545	0.181140590236107	0.508981566306047	0.668000130838962
100000463	0.765222389641085	0.96507869495073	0.315549158069055	0.69336945748897
100020208	0.479899472321526	0.45494784522684	0.362041848957319	0.559619650947885
381	0.470814630407547	0.0708409737882999	0.144582218775201	0.52639668510811
100010901	0.117586753428254	0.0793034685845365	0.309327281291057	0.803971412641884
100001468	0.360628607170755	0.913164269938165	0.319060110334922	0.683266557037117
100000840	0.848135350025716	0.914409049771706	0.349670929573363	0.686927816632008
100020014	0.219258243363144	0.573608484269609	0.307253878820516	0.710992455806664
100001993	0.699076717825989	0.582093563603281	0.255190434294682	0.858342622808793
100001051	0.0742315738040003	0.0182169175880333	0.351956781365992	0.365317124832855
100006116	0.392277223568805	0.521038368636318	0.318086388569648	0.695524217141053
1108	0.919921868518411	0.967329368914743	0.315352594698194	0.692172308872718
100019966	0.274404099318273	0.121154418043116	0.378967553903933	0.666252664207278
100001743	0.539528625226798	0.382399504087502	0.304569536136253	0.677968992377813
100001294	0.152863199541109	0.237448624012989	0.232928836637294	0.745998979855963
100001609	0.332477768253756	0.153712903808216	0.295544656864634	0.77685930575454
418	0.797703527474833	0.960744293333162	0.31371356905631	0.701154238530828
100001178	0.300780367330657	0.97837953386918	0.318350925048777	0.701501368684256
189	0.939678249104338	0.674294830742782	0.286532448708335	0.660614990506192
563	0.545829172712048	0.815264701690335	0.328878976805579	0.680592270213181
424	0.447924981519533	0.377013618313018	0.356624847409674	0.675406379230021
100000776	0.167913307152328	0.34988552496952	0.352479687225888	0.696167435268793
1001	0.941102688719855	0.47799356027134	0.319218703634238	0.696426034439368
1135	0.283316261740144	0.0864107097627575	0.303111500886913	0.757700125600911
100021093	0.424612983822991	0.546296597659443	0.354420337714249	0.713273791357218
100020219	0.156690505681926	0.261842044681093	0.322479551446036	0.590434586412948
194	0.597757712064627	0.73883578916288	0.326770271624681	0.64767036422801
100008930	0.537149181964689	0.530852390971975	0.348734725658983	0.670752761263942
340	0.598206126940762	0.229459533802476	0.195525431178398	0.77682920427214
100010896	0.968987120493518	0.769546824887643	0.298427791978345	0.701548941911636
100000787	0.202245063409448	0.104885392313135	0.306182465418594	0.400621706960058
100000639	0.0214206102950781	0.185420090638635	0.283772649983612	0.703351580429815
100001851	0.80770832375123	0.198182073221117	0.350355804643807	0.443637854946644
179	0.65482427448362	0.568892646460822	0.307121308137665	0.711214467037067
100000626	0.368811782675735	0.713581646419518	0.32738012422009	0.695773566264554
100001605	0.0128178480502189	0.0929072181367433	0.398107755826771	0.786440788058681
330	0.235570044748715	0.349245460171823	0.35241234696274	0.534457665360805
100001162	0.701476242342458	0.618874669650598	0.283828779595407	0.662543233118543
100001167	0.054036658447646	0.302211582533367	0.308708811355311	0.680205415074841
100002067	0.645064993900548	0.81283856469333	0.387505117320617	0.647043003485965
100019968	0.712492587822727	0.310701998021168	0.34957597676382	0.616142166148963
100002014	0.905483503093804	0.943768449149837	0.312595429158663	0.733269873260064
100004083	0.510935325913481	0.156590376988202	0.344903182554993	0.560344811375474
100001315	0.340349505731347	0.417998774881956	0.327886135039872	0.757785646167201
535	0.330349426349441	0.646101847571967	0.331001119051306	0.687581075662143
93	0.530763391292182	0.326718296577337	0.345179601584656	0.549768094647329
100001989	0.281846149194237	0.539388066286531	0.283757762517646	0.750481583898344
100001740	0.795472070546725	0.428984532720249	0.287013155276525	0.712710238833193
482	0.196447299276129	0.896836259881953	0.314114570749265	0.68251440157843
1629	0.21000243954008	0.365256510825902	0.382624998047057	0.66912296000485
100001399	0.349399224463543	0.315783005851789	0.335369242099115	0.697984800328693
376	0.798735598798141	0.171236501486239	0.197277434565469	0.802261839469073
342	0.553985701473089	0.636724313404801	0.311418315563431	0.691843135429457
100001253	0.0354477164524799	0.200558292112289	0.267348787327604	0.897097911242086
100000708	0.729386884830039	0.830744112185364	0.328477611146723	0.699379969894475
244	0.210627996010338	0.0615230743411338	0.263020636188341	0.809769264695482
100006726	0.302755220748324	0.239835788401908	0.3751369940819	0.680597163865689
100000036	0.234171488554679	0.603641081798655	0.287421920774799	0.74002956185256
100001257	0.033392461062435	0.100526943769315	0.417705719015793	0.947991621421484
100000445	0.987285455799582	0.5283161462128	0.357838453283402	0.639988282339884
100004088	0.00493956020140638	0.130150682025349	0.360803118631519	0.769907465849969
100001423	0.901107168905611	0.802067899043849	0.315720499263795	0.67233895365402
100001276	0.321510631125433	0.278231610373085	0.286194522730102	0.610072680261146
100001876	0.768521112325758	0.901043746081573	0.309874269535973	0.696621370347871
100009082	0.540358270942223	0.0269099860589882	0.134372155145488	0.66836050857422
100001121	0.308876616988993	0.70063455321295	0.308349502945191	0.689856004843423
117	0.328005762697934	0.636248650228233	0.295155928450082	0.714339085112075
100001868	0.0348652292536772	0.125812036558953	0.370916239219281	0.705552394121803
1134	0.702166758123892	0.340246485122857	0.221526858629792	0.667704022298007
100021012	0.314716666057692	0.523259319166473	0.320024336553681	0.71635526745048
100001181	0.679502541824156	0.238924093924768	0.392235435928357	0.620940539654777
100021467	0.957368840180128	0.206715522456801	0.312489331696748	0.563998872763418
100000447	0.211681320454814	0.230568228313023	0.363037862948882	0.658307533631867
1162	0.000269347598317229	0.00902977405600271	0.420934946952026	0.595016593376121
100019982	0.598671504989068	0.422570390997288	0.328860881572032	0.677378824822834
100001613	0.902306892506855	0.415658537985781	0.331461211427537	0.660843779478436
100006644	0.308128015885578	0.553532703745311	0.289942139473589	0.728499276437328
100000096	0.54597154296927	0.0262103181457352	0.206138587213499	0.661940298621204
926	0.572516922455561	0.660743371298476	0.320496943764137	0.698794509590375
100020004	0.912126490385736	0.657488588691071	0.33116531306057	0.693232256603162
363	0.145508285398728	0.0342443839254421	0.291287870553458	0.254247972558495
1111	0.457862766249653	0.920309910553969	0.326594817430328	0.693418620534791
100021712	0.586935897302164	0.871099440412799	0.312089429698237	0.68520805367971
460	0.627952940619735	0.468547515575283	0.339351081636003	0.766282795201539
100009331	0.319285740203418	0.245835667446958	0.285361502859885	0.72585214166607
100000442	0.317899328576602	0.782113372680278	0.331502688815313	0.705909664016934
100002945	0.0664796510882449	0.0146757101058336	0.415042007714909	0.652570253670775
192	0.72817078956433	0.953104009902251	0.332988967690918	0.691704995065094
100020241	0.446305805135393	0.968671903086404	0.312220725542824	0.69320865498139
100000580	0.128105202405665	0.144755314293096	0.267940072524691	0.929730995561397
100002466	0.00791896560368542	0.0305313577741005	0.266410717084416	0.454334894617222
849	0.758900300065172	0.63092690740198	0.316835399058993	0.648869686771115
501	0.494715697859972	0.389359471333285	0.347060547480876	0.651062677503911
100000282	0.662872364231229	0.143872460334249	0.394724857882917	0.590845769484308
100001577	0.040671661487107	0.191071113308692	0.422615668144985	0.753034119469453
355	0.0846305057044389	0.269580697543344	0.262201640293559	0.58599236228224
100000841	0.918746735072878	0.8499120370744	0.352875092994065	0.671392502096731
100000846	0.796026578905793	0.363558094561895	0.302564071708071	0.686890625388842
100004295	0.901186612089361	0.430594906581135	0.290657366001784	0.646444101198997
100001586	0.0820840119293604	0.0382226617205103	0.453337338868973	0.339789117309522
407	0.0175379025334291	0.0367918464053843	0.345664597369184	0.760404874574858
1137	0.971892636061871	0.804662042064675	0.305037004967185	0.722123771403951
100021374	0.0382597529384954	0.0145440525605551	0.242084667910017	0.901715594681358
100001593	0.856010011607948	0.723052368741166	0.301793220845397	0.707273610649145
100015971	0.729939396821198	0.805636970897599	0.308303710855934	0.69299155605897
100001022	0.435054240480058	0.228855026237514	0.206740165298594	0.933619179136534
1094	0.0500565479483098	0.167838115427759	0.511994857471158	0.967534996267152
100002122	0.215935719521202	0.238758956179934	0.261179986698555	0.800832365850257
100000706	0.554111312336458	0.682374693929926	0.284640764617545	0.694404295746065
100001055	0.816255255499994	0.38637340236813	0.283084557916339	0.630503675966538
1235	0.482621655216567	0.675240340966055	0.296467371315937	0.729497731244525
100020204	0.118947770347639	0.546647128206977	0.336246489381736	0.735025104984822
100015643	0.0275975586756689	0.255435503662259	0.344816823380434	0.643885306430988
313	0.0169101787122781	0.2316207683165	0.332840672962151	0.627501935674748
100001413	0.687168518044601	0.987905167566893	0.321684985109922	0.696875546964288
100020423	0.0223932561300285	0.0181481341644482	0.337578537961535	0.371808394313764
892	0.375132411237961	0.131823475408803	0.346715243651628	0.72804336411894
212	0.0928576589116857	0.174960547073749	0.3977454920691	0.673431729496966
100006105	0.195080132875211	0.179860073240213	0.357429692804565	0.706952784900673
437	0.776366320168006	0.522022284608918	0.287536849563857	0.711898621372055
100019892	0.527579796098827	0.742286961121904	0.311933671988146	0.722007537062988
100005716	0.0621117004360958	0.100072346708259	0.340210321492138	0.78388132859122
537	0.162382602108188	0.102834898711249	0.327550397295289	0.725218746445622
100001990	0.378582033748997	0.683035051258913	0.347488327349531	0.654213573767566
100003397	0.0334087022325201	0.00469911828497478	0.247834487012919	0.449564988904924
100001320	0.102612337478145	0.181747836208063	0.407064900824682	0.431810021930264
100005717	0.120049222461957	0.0869399602432653	0.367044385966332	0.729904436540962
100001207	0.0451165927529546	0.220627761380739	0.349299161341563	0.699887948256262
100001999	0.499953862703728	0.83263269106857	0.304453445283523	0.783546575774216
100002488	0.193763636805213	0.0163447917065969	0.37392600422066	0.635865120718024
62	0.19775243622636	0.660632127254167	0.3037743065992	0.701208589756232
100000467	0.625426494177313	0.446472747067019	0.300187802956527	0.666035627651708
297	0.00380583457148875	0.111180526469918	0.322890458243325	0.661426456988384
100000285	0.0432594678426507	0.44368992558798	0.314551363517893	0.781015732380092
100006056	0.0406525662424832	0.262383939485012	0.338206098377769	0.751235676429638
100002126	0.122404614878926	0.255685356789053	0.244883589148469	0.977408080257358
100002129	0.851659250746828	0.770720438105438	0.296301277119715	0.804325537039912
100020478	0.0534183895452233	0.252188267687979	0.283385906078824	0.719483793277845
100004089	0.0912423262435944	0.607387753914932	0.329355950873417	0.656063633662678
100001755	0.556657249509508	0.572970098744695	0.314985989239881	0.649114646461714
100000551	0.0470920195502445	0.955759683899657	0.315360595760796	0.699929508857163
100003260	0.444112547924024	0.294947377068343	0.354981541833077	0.77596766861303
100010955	0.671951062185766	0.323692341282238	0.242763915504694	0.570708418887751
100020851	0.273027358934851	0.498956826272098	0.33387884008003	0.713958093513713
100016069	0.512839674344844	0.710736507139052	0.320339137464101	0.677487051260819
100002027	0.56884746626171	0.534237520761444	0.239105855687642	0.811109407454543
1123	0.322707745259073	0.172548242442212	0.30159029357453	0.831794040397179
100001150	0.692202298591414	0.999870984102676	0.318001988141863	0.694302756859087
100001657	0.236902320809809	0.756524540289448	0.313791163414763	0.680596419737029
310	0.269195053255162	0.359329141492064	0.277584995763796	0.79542148874551
100001314	0.452011237237521	0.141095955488994	0.292144490642563	0.570888788304556
452	0.570521397784004	0.552490989824626	0.362913532078187	0.659043318156486
144	0.067762556374429	0.049072459524756	0.388122321478199	0.554698720322847
100001182	0.158181720114802	0.135869496306124	0.390724845447537	0.679956011129687
100015965	0.75826162275842	0.487031653069879	0.300232348796191	0.762109825074239
100006108	0.943849628262238	0.493045751531148	0.323424704617763	0.730446120773828
100001400	0.63073240388543	0.531662137264538	0.292564433360351	0.680713238350061
100004541	0.282071846243345	0.211978253734124	0.30628599402153	0.445938023429519
932	0.898296138732735	0.326933097672926	0.320612266015135	0.729500479939812
100001992	0.488592451762943	0.569919285164047	0.430151904272273	0.5964926776525
100009252	0.101272652025811	0.162202581889623	0.383900903691985	0.676202851870085
100021104	0.567231899773065	0.550483617740327	0.256546765021647	0.83473612937628
100015838	0.0181027888418223	0.0546149444838273	0.434740406233243	0.923849902877333
250	0.00113537843347558	0.0216892912961821	0.565332627417038	0.793171057197454
100002537	0.901681404279502	0.513313759955135	0.292390893449265	0.805305159818228
100001658	0.962338535617184	0.762806798535382	0.332069232093097	0.683863246548007
100020416	0.317531616784123	0.381622872283981	0.28012860457298	0.66993224310139
100006642	0.195707901162735	0.673337574638071	0.297590959436428	0.726605969947291
100001391	0.115512870090502	0.372420069445175	0.391666285628701	0.801566305275002
825	0.677813150068347	0.590405071398741	0.273899485536707	0.706866174666689
215	0.0102270814071197	0.0782054780329186	0.38043188405983	0.681696583233428
100001026	0.967251417491316	0.903663862188929	0.311741698037794	0.724888035489341
100020541	0.362724076056648	0.444183918286785	0.274192158170017	0.73823744907593
100001526	0.28154324620049	0.341490651738369	0.44573872314768	0.794343053774599
100005384	0.397002978655426	0.367792309764079	0.294347567629023	0.608188053665567
100020378	0.33771747548811	0.622157014529105	0.298117102082767	0.703084913883369
100006115	0.973624178837247	0.344562369461794	0.411118660623602	0.573415598061467
1442	0.199627888744625	0.0487662198428017	0.138509760684206	0.581325969185845
100001843	0.140291992104402	0.194543808873648	0.340953058239067	0.786312173155703
100015837	0.154701276722408	0.284458003618362	0.527570553386611	0.644720652737252
100010834	0.689591269485834	0.968879156550227	0.313537765538171	0.692315455859448
100001393	0.637123203726834	0.446130662378419	0.253624402517157	0.735575904809871
100000015	0.386456955432483	0.539595922319678	0.291708475852022	0.717975364915615
100003892	0.0652691512374356	0.0583732314826337	0.274427979218268	0.942180841064762
100000042	0.148219470552895	0.0219825180889175	0.338197162968629	0.600817960672127
100020550	0.686183423843853	0.290301767120502	0.33367436086016	0.602275256769059
182	0.503439782455503	0.362471957822061	0.302247777892413	0.712796600056759
100015723	0.132109179456672	0.412208396932121	0.317914000758593	0.676556639073493
100020343	0.49610599706258	0.537902365395448	0.287034289773106	0.694761539063496
512	0.21977885447351	0.504371604074405	0.356030737678497	0.658165388019389
100021100	0.905506077053219	0.791101873235502	0.304546939701721	0.696204672751257
100002528	0.247916353102025	0.0617736076789383	0.380740965193989	0.466545773193706
100001287	0.551968637975193	0.811549397415346	0.396703994544914	0.65575009158292
100001229	0.797947545282631	0.827622967163483	0.327787913425264	0.677429078058262
181	0.447202439581114	0.90852572064008	0.310337414202277	0.708485743134242
100015831	0.00217098182102957	0.0259551848968327	0.412687049249895	0.487325892038575
100020515	0.265567447583283	0.42189225160034	0.254446580171089	0.86240656295945
327	0.181736251295213	0.24907300893816	0.381938467054215	0.649049512852856
100009394	0.796065292399846	0.845271473788221	0.303754027548048	0.71210765173826
100001596	0.756736944116497	0.167190970195345	0.281822883110564	0.496291951306361
207	0.770223807950367	0.469531786289797	0.329482452814126	0.653424007524933
2054	0.562653204944206	0.823717185017565	0.305454110647444	0.706242288754149
100020259	0.609709195409506	0.546544281531689	0.343714604365834	0.678491826442873
100020414	0.00494650083077473	0.0486962118268422	0.228042790226712	0.662894121395236
100021131	0.989852365208921	0.243547664903755	0.30354132737656	0.650076851204756
100004499	0.970893007450611	0.677075484440698	0.304597120901878	0.660076883528933
880	0.221525134737861	0.856840181641399	0.33020753972835	0.6916244762098
100002049	0.49391619008951	0.301343377919262	0.346785690189054	0.643141690377286
100001739	0.444382818275156	0.212728043951709	0.40526207157598	0.651822626549577
100001126	0.535931021533699	0.220457797628738	0.218579815359241	0.586062430818955
1113	0.561018446641122	0.802216938591691	0.330320943111345	0.663669183562608
1083	0.796824897218325	0.245080404636772	0.351382505207102	0.591167624409539
100001730	0.0659424401676551	0.176726449532634	0.366008643788194	0.567162473163341
100001412	0.81270743141979	0.867441146888961	0.321156766023893	0.68092177625083
100005996	0.850259510442753	0.541151763093696	0.302264469260264	0.662758537447004
100015962	0.0101611507397861	0.106746535494569	0.239722447316666	0.9835877456714
100020214	0.731753599743844	0.449604884494147	0.329765819482672	0.619235247839083
100002514	0.107534636603389	0.320066160413477	0.327645449599324	0.62987620240993
564	0.217693149013368	0.0497601689556677	0.274385628974967	0.563130959149449
572	0.0292381714454456	0.0262139659258893	0.446160029612245	0.563505358427052
231	0.878355618552155	0.635464732570352	0.287705506117103	0.711503406418954
100000453	0.769281687607362	0.665269985064991	0.298151161119613	0.738305355329879
100001007	0.127318025773444	0.279496316673852	0.367082247445769	0.581210911913371
923	0.488631349136323	0.310546512731237	0.300420161749509	0.755480564590419
100001247	0.578174542056693	0.621110041627618	0.298449439656291	0.679663642956255
100000774	0.530820156954845	0.773015626810558	0.337320223168054	0.721899270806721
800	0.288744663213299	0.329832096257651	0.333566673055192	0.759175221955315
100021678	0.314693265050307	0.43672637891218	0.266311071466151	0.693214535869883
100021711	0.363393560770704	0.764004576721702	0.335985373264226	0.707534914239474
100001274	0.684296411954465	0.361948458670536	0.302453364969383	0.528286962503816
100021220	0.184323998854419	0.198172187321976	0.377135855255124	0.989032405184308
100020253	0.513760745322111	0.935310317899634	0.314301646144409	0.69018326455052
100001170	0.777515848227842	0.214215071991326	0.291690491733654	0.602854650765657
100001466	0.40489205734099	0.981031226686078	0.315068852108213	0.69325338605718
100009406	0.827078728848452	0.72563259424548	0.302854537258467	0.707798697849819
1026	0.111599574000235	0.355729270023756	0.341524581445149	0.656112310621995
100020837	0.797173373097389	0.370417776104231	0.357325959716647	0.594530999984082
100001006	0.0955148645261374	0.102398716270456	0.299163793868833	0.812603945355158
100003674	0.732431741323524	0.125862273244058	0.311960573523345	0.682873630363869
100004396	0.274295967307047	0.389385819944062	0.362859349097931	0.582793784332668
100015923	0.422424820956343	0.782687412262995	0.354167921607785	0.673261196047766
100000265	0.365075815302816	0.684457606770124	0.321456557516622	0.664805359115355
100001409	0.0925699066508948	0.145920690225969	0.308532222042497	0.54441034534913
100003434	0.454346374725066	0.511275463150163	0.31955879088668	0.616680822448575
100001334	0.502348275799283	0.0622503646572035	0.395757586431397	0.567309880100253
100001102	0.782599824219424	0.720763027109109	0.325650943908691	0.671149272324343
1268	0.639915618484915	0.0820826593145919	0.200112637617612	0.651478651045523
100001300	0.223097320683029	0.0861496147867963	0.277716268566972	0.699063310383445
100021324	0.167243421719441	0.60979884518078	0.427752501933122	0.683106714200764
100001617	0.125323551264997	0.107181301299316	0.304564834457503	0.733743986301729
1105	0.799791069326427	0.132543199706271	0.42869067168989	0.365597341997278
100021502	0.0927899278429666	0.312077763574044	0.301854568094261	0.719307544425205
2051	0.89349966706333	0.545691291812804	0.314256585892721	0.582513282972145
100001256	0.179557601208761	0.494100099797399	0.35085026686991	0.832089157092435
100005466	0.0399542233388207	0.0743408632980984	0.362814337450934	0.482870056372051
100002199	0.189688613264693	0.795912641632853	0.320839534066169	0.707859385613733
338	0.01450691598564	0.0400229388576251	0.50452751532455	0.448163297606967
100004243	0.513725750849351	0.590446154198568	0.292446506557696	0.704995559012029
799	0.49598006437839	0.923129889159642	0.318371981999089	0.692358751844881
100008928	0.490126816492896	0.0938093043933117	0.316829144957266	0.686348397991633
815	0.132141980891454	0.324882108480107	0.313688243375612	0.760375922606322
100001456	0.0147837918661089	0.117751483564386	0.292691828725347	0.614323270442094
1242	0.0551077897388395	0.0739963638552834	0.384426728682502	0.491822610592202
100001416	0.266221006502323	0.106604312296113	0.218346859888511	0.438309432620057
100001462	0.33754822877999	0.31010960973729	0.373751650879526	0.651865485093786
1087	0.105070233049008	0.0284809588640986	0.334655127985386	0.65991542789241
100020421	0.0707231355207964	0.107790059138703	0.356148737113264	0.455932099356121
100000010	0.00605696955096009	0.0508469176035264	0.326618912532237	0.747075002963506
821	0.484197330178962	0.39380302090053	0.347453242025527	0.551147754283445
100006627	0.197929962120838	0.117806398948731	0.446741998149209	0.587403207042012
100001277	0.270115933720563	0.13167570402765	0.375665305070663	0.650369781868528
100021141	0.0690178727438717	0.231562560102505	0.345067311819237	0.782237959526479
100021105	0.220116495337718	0.311835351286782	0.329313728235122	0.519783650881634
100001950	0.000607357194729224	0.00902966369308289	0.391114293494871	0.854466688704562
100020217	0.862958632615668	0.266663562122056	0.218833108167371	0.513331678439074
100006651	0.0278084356669962	0.177905799321062	0.354757435420504	0.463402275711685
881	0.836113626618312	0.365785235335312	0.295519706014048	0.709619559775164
100001509	0.635956263540378	0.150437602362772	0.27828912519204	0.614553564556621
100021709	0.755115040303277	0.928665603085021	0.310276163348583	0.696358654539884
100001635	0.259323251598896	0.0301032263584638	0.344686862168489	0.638416470910944
100002613	0.475124494734687	0.128185818209319	0.292218510164388	0.778530720781011
100009329	0.594617181761452	0.757691920824554	0.292570805033855	0.800441211588336
100021123	0.805146665735465	0.632354402923516	0.324617018217523	0.615946487320118
100015760	0.207992110520412	0.186934276976498	0.263014735215654	0.736241524129442
100020205	0.386732793427015	0.459677933641631	0.360668106267459	0.535772298438724
100000765	0.712525496837766	0.558559465598338	0.308665819620975	0.655594266113183
100004111	0.346195212871901	0.168153429404627	0.345038722706481	0.664206741594122
100001615	0.259065908415344	0.736532408964203	0.313186137991184	0.692338577193643
100009227	0.176892070107396	0.106203123382596	0.440832170408647	0.842335672563545
100006191	0.390089876099853	0.563167904712025	0.342921906812418	0.640817649085263
100004542	0.490996474967386	0.344569349123645	0.330026967071427	0.741504944200771
100003686	0.237758173961439	0.113903396008434	0.444813776929047	0.630380614310562
100009232	0.0442752186556938	0.281632572729375	0.310680020394293	0.609946693997925
100001501	0.0666383136733752	0.121518246611555	0.394469768299469	0.729284960499566
100002367	0.5374846263277	0.258851790590154	0.294739168334516	0.544379888432481
100001108	0.550103652590273	0.714414568578426	0.312912945834175	0.686658308476462
100004227	0.650823134149381	0.902783743564527	0.31397067272197	0.685756606279913
100001310	0.244934841788052	0.323678631579843	0.294948139292118	0.7982984612957
100001994	0.761287509154441	0.892287415962532	0.322885617493662	0.76281819384569
100015839	0.0189771260038587	0.0174119479556666	0.403814610679942	0.775852243302326
100003271	0.00379489470857636	0.0661882977120444	0.414043425436587	0.490043965198351
100020496	0.840351813679152	0.951153717683132	0.314032098644351	0.69979212390697
302	0.697203051813683	0.438983371230708	0.278139509163275	0.662189420256692
811	0.738247490573941	0.704551873453335	0.305188214536424	0.734937128372714
100001267	0.739257308184819	0.779136289977146	0.296102833729229	0.688332539249689
100001197	0.0445818278294447	0.404023787851745	0.346936010218086	0.701363298154597
432	0.160094186826331	0.39858200214343	0.339702009038475	0.672483496886434
444	0.0108773427186287	0.0503319184504471	0.354162168028408	0.830144581008165
100015968	0.317114595201657	0.363864696289761	0.308881507046043	0.619613032381338
828	0.855484554229848	0.953918959212735	0.312121365106292	0.696245125441117
100004054	0.317002760922202	0.893948072596719	0.314270022499453	0.697579581810993
100004635	0.0971736699550851	0.148676384770887	0.68277749351108	0.432377707224833
100000491	0.656087088570356	0.841316520362245	0.309350210961729	0.664892583002974
100000939	0.0357142708082755	0.0303957543792237	0.334565536959944	0.586679507052386
241	0.216293252145634	0.564120870084409	0.336043176396735	0.716783078109418
136	0.340510845097849	0.0702127810753907	0.275437223993871	0.881335778065086
100000792	0.523960620961174	0.934978143630265	0.313894280266543	0.757428291880847
100020973	0.666627890560876	0.680055328369211	0.32867800073792	0.672219793099551
100000936	0.943720634930804	0.782348719910706	0.312305012196743	0.699347126078958
100001313	0.00839875583074727	0.143411220494578	0.330119332135446	0.748414101796074
100001951	0.0525337560158283	0.107438688248427	0.350548737267773	0.687557730793991
100006098	0.0261121625075752	0.102235921956571	0.346162973841528	0.80358962753861
100000007	0.246305526671085	0.577046116429001	0.321283358388014	0.700088267253457
100006641	0.989961416092304	0.935661453306322	0.32767788913261	0.694293531030846
913	0.0101687474710353	0.0579360701047283	0.388275253441654	0.557148171202966
100001579	0.707912801518154	0.385204154337499	0.34898655712492	0.695823785049878
100002911	0.123251521565657	0.0107598064476276	0.410155769562386	0.652049351802607
100001293	0.274073277641582	0.365275130073275	0.276004351054132	0.835278388741438
100002241	0.226067071738645	0.509794783583814	0.329849703544519	0.661459121359486
100003179	0.415436043496006	0.0897404259048156	0.298440147258329	0.54921319758679
100021372	0.433526971313649	0.309019079965634	0.244669468595499	0.696895873041875
100001956	0.347325738932059	0.581842049141637	0.315391425864203	0.621137479172116
100021162	0.152861702414976	0.146510094271151	0.300039524777839	0.512431885236438
100002259	0.479963680050082	0.70684309255063	0.295225274489473	0.687710735374274
252	0.441674437846895	0.555031523365184	0.363267777032286	0.630707006359839
100000707	0.384991224427423	0.310099472568488	0.310306020316859	0.703580680247822
1489	0.586727025573675	0.0173516210820921	0.23482398383678	0.668587938338897
100020361	0.0359532335061695	0.0856477251576968	0.346859172105103	0.981328745244497
55	0.885350021369027	0.980316508331128	0.323835827193204	0.693333856778144
100000863	0.274693794672023	0.256311569111414	0.273621464633852	0.730284387445474
100015840	0.188674960654314	0.115649807853906	0.408659907409411	0.655389849855347
100001541	0.146315684764043	0.0778774704389981	0.215793545137692	0.684874002626294
100006082	0.116734497775001	0.0346240548262352	0.422669158333388	0.686545880670732
1254	0.60475577793084	0.988306684614308	0.335325103541106	0.696284221598405
100001624	0.497150972785785	0.366403237556784	0.295718803793456	0.671242913873979
100015850	0.836554126730909	0.663286205448676	0.369291879198582	0.665109029353479
100001104	0.00405559105673943	0.0153295861651207	0.349247623573046	0.973469412982935
100000900	0.303944451993888	0.738609636508883	0.315222709557549	0.696043932522201
100000269	0.230691275920654	0.103816322149616	0.200263333695634	0.651952741758281
1022	0.297311170100965	0.868336095260116	0.315888469785025	0.685780565190196
100005373	0.200481034127592	0.0833039621218873	0.281288163177633	0.727964016151557
100001129	0.132571963424313	0.700430939976244	0.303202050739852	0.725212625480356
935	0.0109266779355823	0.12306306630843	0.406457042090492	0.557290737605176
100001262	0.229570637635945	0.249305338538418	0.321755669813738	0.716348869562268
100019978	0.398698417147444	0.565997372730629	0.30630174099108	0.678877359328399
100002293	0.748957473169545	0.862624285219283	0.315621941046029	0.695270399523485
100001426	0.19583816052516	0.286421102640335	0.31715847435359	0.538297118759792
234	0.0279924575487613	0.147574968406062	0.312342622050155	0.672666585645497
100005403	0.192106518480761	0.983941086549523	0.318130307380778	0.699567665387366
100001083	0.0603343570602194	0.373728140154574	0.336418195471156	0.713398870484421
439	0.56338787993361	0.280702615011066	0.34062575024812	0.691140438495873
100001086	0.395882522451262	0.444694228782463	0.326636709554065	0.76947257737461
100005864	0.753589637500456	0.466950667138157	0.28885677714731	0.759432480143442
491	0.493618504326774	0.900374780369015	0.311922932855945	0.696165849211038
100002029	0.500345731207494	0.433550118789166	0.300198386776158	0.55990214224888
100002154	0.795783161474678	0.448427034791533	0.275786825224795	0.670117322811607
891	0.383687480292821	0.170617370924798	0.355783884823348	0.661683380724605
100020261	0.338880282156633	0.42736119885244	0.376905616109755	0.667991705389786
100001296	0.526911834876234	0.544530305607105	0.315626036392706	0.602358848180124
2050	0.496172745963602	0.523591962044419	0.335989584628431	0.637822726401038
100002761	0.282505342622783	0.643941098145924	0.268426647215787	0.843888362767461
100006614	0.79822535119681	0.670722926489331	0.290352408371639	0.756558905775433
100001597	0.934132785256025	0.160768696771778	0.210589761496988	0.510057486536981
100020853	0.854500372665322	0.916003926657595	0.315325473054189	0.700376468028886
100001446	0.253649832343998	0.37680578948518	0.279418828765583	0.685995799335318
100003240	0.226030571125867	0.107861999390726	0.366666087946554	0.608845600032724
100001502	0.0469892632566471	0.270369422337516	0.365315100271504	0.773872153440376
100020866	0.113262283196337	0.0148682217502651	0.195677065263168	0.50883475185867
100020419	0.039074128738043	0.112762125605991	0.336128398316889	0.450730707725519
35	0.486861283312009	0.295240752264831	0.285709798225181	0.641882581934193
100003696	0.0126421560624937	0.0543607101449794	0.454463660281088	0.634071777937707
100016038	0.829458562786518	0.934115879226167	0.310863232333321	0.687474194538773
100009333	0.155286672354417	0.192047795841742	0.316236973314423	0.731868136526756
100001611	0.271824554457001	0.449820076971252	0.380110153275717	0.673716643883872
100005383	0.643142234033815	0.285810416009869	0.323056989758315	0.738547435122781
100009239	0.286361424694845	0.128311595971733	0.392014259461155	0.511301345049563
100009332	0.290086683996274	0.288178711970277	0.314895128092867	0.664692715830291
100001731	0.111430462895487	0.574936676449553	0.324181501185391	0.665556708044771
100003415	0.535471932727111	0.616169455201163	0.30608221025079	0.702939988939072
100020578	0.15226999364261	0.206509572706345	0.294645700263823	0.589404106689794
893	0.94353306118471	0.426533860307222	0.311802033134045	0.711822831729478
100000963	0.268070296960605	0.187180780351514	0.410305386719188	0.487653453811313
273	0.180460445114719	0.308750824306243	0.362450759789074	0.68795771084045
197	0.400347670006518	0.386949567158991	0.305059882597702	0.565880734887247
100000808	0.279555682043971	0.202544032979044	0.295162296742202	0.861923509224786
100002284	0.909226534732769	0.321645112533888	0.19604788321771	0.630264130411668
888	0.899657600466761	0.0950360647078914	0.340563822234071	0.677728974259168
100006435	0.68068116041912	0.448750562061013	0.257617164515838	0.934599512471223
100006374	0.2425201243453	0.57518081344472	0.321143467252254	0.684205472236826
100003169	0.512014648037453	0.947324719929688	0.310925427648426	0.691477337767385
1004	0.526600644172445	0.748037171038644	0.295744693828483	0.671257953106635
100005998	0.140242042279006	0.974361125615657	0.322859694962443	0.696235857993535
100000773	0.569768134370499	0.505682601992944	0.320200459480119	0.677166524189261
100010850	0.0120468688662716	0.105163304909844	0.373550405715745	0.568764710779405
397	0.858206899681708	0.414366878513979	0.243071715136048	0.753956232093807
100000039	0.0751488278352118	0.240818427703337	0.258882643700674	0.749084281913456
100020833	0.760738830869185	0.76408392092545	0.321344198632919	0.736307891876556
1021	0.365077129263014	0.300538382962881	0.293818357098774	0.735054210748359
100020479	0.269726154741976	0.493300614094915	0.320560944569264	0.710144156604369
100001335	0.400485190495498	0.270697623189109	0.361293573901844	0.66161274932295
100000743	0.618634352100299	0.997003040371926	0.312446443284047	0.703828726917483
100009246	0.176552056926268	0.65488712254445	0.302718669960566	0.725423513279376
878	0.191750484681609	0.793474621771076	0.303594187057781	0.705819140447336
100021103	0.795686546645746	0.867247397872473	0.320343336798082	0.768241250217106
100021363	0.234098873832626	0.566311757207755	0.292617043103073	0.736187266932041
266	0.176129320176553	0.245298792128165	0.314247002219699	0.622014529627809
100001195	0.225903224067916	0.174226912272001	0.410874995818852	0.614786578130631
100019801	0.697134690053755	0.66351860266711	0.328779151496209	0.680006535827518
100002196	0.0456667187867195	0.281609264105499	0.327165439099771	0.703929124979214
100006370	0.336640104669242	0.955677331583076	0.316462875638834	0.691846943357923
100001510	0.0409733380416982	0.00430487610359529	0.261847275301024	0.78656810343066
100000437	0.467328697502679	0.402148917857114	0.298411542622902	0.773669080513104
100001767	0.146220591384898	0.035586317226114	0.384596337328226	0.760810578656933
100001810	0.484415222006942	0.519290749547952	0.32562294825711	0.844607326657935
209	0.0264703947972721	0.295607211862707	0.365281194743485	0.679788187859776
100001485	0.23503432776579	0.102644284220715	0.193720489423598	0.627416474025329
100002500	0.113381972355209	0.437164737952254	0.318737456689728	0.664887631543543
171	0.0202824430555968	0.0185481124908328	0.236324857918763	0.699289385700301
100020487	0.996776083407736	0.833242122348415	0.334430038389826	0.658913821333926
1206	0.00618055986831679	0.109695243824853	0.318515014123915	0.75022400354484
344	0.019854177813095	0.0383656757545787	0.596228758727015	0.78192445352709
100001405	0.604939251749328	0.995955279584141	0.315050984345182	0.695334061075551
1239	0.884888506992922	0.459635765738799	0.353814529070433	0.698952287437296
391	0.0540757968476814	0.15942822503734	0.294033860870369	0.920532170837196
100006430	0.481486888393583	0.171426840087827	0.387221040030996	0.422075066696459
100001417	0.956227475143283	0.567592492080544	0.301935938008082	0.788924196429097
100002951	0.07387013232454	0.52306306922726	0.308846500295277	0.622890556440669
100000014	0.46404071783184	0.592281079826983	0.305824191390169	0.733243078332943
100003926	0.484399417002801	0.434200691772208	0.342254932019328	0.674942251501103
100021538	0.463430729733596	0.340413216216952	0.368359775300563	0.602848568729294
132	0.248636225995461	0.864031113604884	0.316092065535221	0.694414440715914
100001425	0.489186623116453	0.488888038627873	0.396212342753583	0.62484346319506
100020262	0.598089261596095	0.660161996175517	0.335322146306414	0.682079565186351
100002679	0.460113038746977	0.850355263456197	0.305907871770851	0.731561783183412
100001270	0.850511341607361	0.513509589541073	0.322299797237247	0.669831891640638
1102	0.857646187723229	0.937280026416026	0.310944010704491	0.704822498319178
331	0.304640547445612	0.262898356732949	0.264956333006753	0.598383332409461
100006361	0.542565026567682	0.639226951707145	0.291799262087735	0.762663177021093
180	0.966784066700028	0.818576694184257	0.333914372214806	0.690740146380281
1053	0.321956093360297	0.443111034935395	0.465924317940609	0.762924740042737
100001359	0.623468202809737	0.914020303852459	0.325651909777504	0.683157723330801
