chemID	simpleLRM_Fstatistics	multiLRM(chem_sig)	multiLRM(sex_sig)	multiLRM(age_sig)
100021136	0.0230428201470711	0.208592790993091	0.312611524176052	0.794720131775553
100000882	0.779542334867874	0.746658615774034	0.294569820271618	0.6545676987138
409	0.0693901269519203	0.123705628284591	0.320078645504505	0.420959096201556
100002254	0.709308270118439	0.0502151648612576	0.196610001997029	0.656330930085574
361	0.00767596594820033	0.106021056761142	0.210421185987765	0.636819999775658
100019975	0.555754584109902	0.700037012957795	0.286901596241035	0.692076593700081
100000257	0.000692757712404133	0.0200119461169016	0.278985626573635	0.627542497519754
100001232	0.911074005879761	0.923508685149318	0.284132000141639	0.682088863427735
100001948	0.358221349581906	0.355550542021017	0.313764920297142	0.525989659281255
100001073	0.616385057371369	0.679173049608079	0.353215120550554	0.605135774393288
100015637	0.961725846835134	0.401659399008942	0.306893243853991	0.670513694005581
100006360	0.630233950222519	0.850188319209144	0.281490190183701	0.702378156901058
1488	0.568470897078279	0.66244342566624	0.289289906013365	0.652696404311072
100002253	0.828828232669397	0.926001155256428	0.284402632729109	0.686362928687722
1023	0.973549525513297	0.712388448300918	0.28254938350735	0.659472513969267
100004284	0.67910008414153	0.815429428360356	0.280944810183146	0.682343412151846
100001251	0.651172495771217	0.94898601566291	0.284741597929836	0.673371070834169
362	0.690878863778358	0.534527266774621	0.262241718963492	0.669805878993791
100006620	0.764087120150946	0.904949935366799	0.287039714319541	0.676243030329892
111	0.382668504276469	0.18985236720365	0.243034011018897	0.64931644822097
100009045	0.566057176177989	0.177858486826669	0.228343721280853	0.86520296929556
100002927	0.694749403341502	0.794318450008621	0.278420602459545	0.702577451782681
100015641	0.764829642111965	0.88301127803819	0.280208117318158	0.68499972676771
1114	0.115255891290328	0.975938208470058	0.285063970580779	0.67636154254978
100020409	0.341546627303764	0.323842846464514	0.288547035703951	0.533487447360402
158	0.133062823769657	0.258039074767372	0.358281892968482	0.707750232992389
1224	0.0535176186161588	0.205087968954892	0.225145047285225	0.711273050427503
100001620	0.485820682324753	0.414724790868742	0.251230659638486	0.676075910201433
100020893	0.286832960132899	0.0628150206108055	0.266903692028842	0.399822314857448
100002458	0.753702751294224	0.558414951154713	0.329549206292501	0.617080494139742
100001112	0.760592444404959	0.901919498609188	0.286769661775632	0.687292346958422
100002953	0.361673789023344	0.693328505045016	0.281713612723746	0.693409873552007
1141	0.380861236712561	0.0385072557773168	0.358679578092129	0.513187764019798
100015834	0.47285520624455	0.949148950623189	0.285394908834169	0.671562157075166
100004561	0.578597843916967	0.836183682166512	0.292599719250598	0.665960411314122
100020497	0.828034725548116	0.698302893252466	0.268954365615679	0.702817201005317
498	0.0481764782929309	0.333057023790976	0.287746155393599	0.736430984254501
100006051	0.868871748320748	0.870198803265033	0.289780977288945	0.67016667840922
1668	0.657699091071411	0.508761293477674	0.279838322457084	0.615462696124603
100004523	0.455365561133538	0.964952834312962	0.289138349609666	0.672801983767533
100001604	0.254079782049095	0.562985714819299	0.280652725718056	0.718745453387744
100001002	0.180379065879879	0.555226182033466	0.298109005320813	0.661864245429631
100001987	0.0617788139080221	0.272241079228169	0.811756068236418	0.540424402220844
100002462	0.588927127666945	0.306224161962738	0.354883127237565	0.539706925663115
466	0.600757476384845	0.0776019655332421	0.314570186473755	0.647390971609565
100000665	0.759968209361414	0.583206732151558	0.307655596572579	0.640355248073118
445	0.955782515397677	0.444839508118768	0.316091789071322	0.720882996381609
2029	0.158395799309615	0.652230761534424	0.303180150711802	0.667001060594116
100006438	0.127340621637569	0.255205953581858	0.333051469599382	0.685982047885785
100001398	0.158947860639214	0.593462375984484	0.267866086637745	0.691579089449577
235	0.411650833875182	0.437781707632099	0.254744249082751	0.704221826866494
100000997	0.724519532724942	0.750104191560426	0.288645421599647	0.654891552185524
100002094	0.26130704937726	0.210281308572477	0.237581112485782	0.546359839539028
1052	0.625052705096004	0.957276335514606	0.297721288386866	0.672364914343633
100020823	0.347310526004565	0.654066738560709	0.272094145013912	0.664334939441635
100001806	0.2848273031876	0.650088906665369	0.330628477911846	0.683532875858093
100006092	0.791617074005686	0.837683497664531	0.292777270957571	0.660390388776199
100001415	0.103283710694267	0.0730576431018963	0.300797110467554	0.378140235954148
100000008	0.0240059793118749	0.0341966505576396	0.301699554718003	0.519187274263036
565	0.00778897357279962	0.0542773530271077	0.287228892433805	0.743033360413784
100015851	0.142263069520847	0.16948303597091	0.373060753522447	0.816132317817641
100001866	0.52385812958797	0.833454161539772	0.304488720290339	0.652156104267323
100020546	0.00266875695280405	0.0294678964383622	0.507887549680292	0.880586493284572
100016110	0.550078818765918	0.390889966651706	0.228166171476089	0.789615025609669
100001254	0.00326054165776598	0.0159058725301765	0.378634894030448	0.860080418152327
100006260	0.399455568615866	0.863892037400177	0.290673692456702	0.670184844203824
826	0.676487292497417	0.865063223077141	0.286201103536558	0.670469165181195
100001872	0.430773160108268	0.752285928116995	0.286864040696615	0.676043901101576
100000263	0.348031971315497	0.383235074251665	0.345398897415883	0.68102040313696
100021198	0.839881367890018	0.0627896816001928	0.191279084542581	0.402097258753731
100015967	0.0373255769406413	0.101066343254756	0.33977021800189	0.521702857174749
278	0.13330562131131	0.262999265905093	0.271433537156252	0.946628638744957
519	0.806742661274586	0.416255558987835	0.333038228131912	0.620642231372005
100009337	0.111132599128118	0.332253158884024	0.382448682602173	0.662072342285006
100002185	0.322922667888183	0.971881738875553	0.291903804271953	0.680489745556014
100001278	0.412384063868343	0.313374229873589	0.347703745096452	0.627978867029207
100002103	0.846732044692657	0.589322163507276	0.287498620527411	0.6208052590551
980	0.799466158842755	0.480536233195562	0.315481409748621	0.654040280775886
100000016	0.842931279785644	0.407048771032915	0.281599343021412	0.649576885601804
100020372	0.190517590225276	0.516052123130616	0.283798219595665	0.617058100871631
100001662	0.713595736365776	0.139250261764977	0.117368884786036	0.658852405786085
100019972	0.940261742683319	0.666112874243096	0.294688626673888	0.660463742409502
254	0.7631179831121	0.713395515789669	0.282703699491259	0.680390675248473
100002009	0.660747973833124	0.696940221878883	0.283578884413727	0.601811867640058
100010895	0.416145565273095	0.484955884187766	0.334083478592567	0.658240385393344
1140	0.919859083650338	0.932186843385699	0.284149996482168	0.668814782426769
100008951	0.642537891359783	0.548840078437813	0.303658677225703	0.640496627496813
1084	0.351625586480305	0.84365164703849	0.286818965620973	0.706354053414584
100002796	0.113391204940248	0.390410429966567	0.252213766406002	0.625967457452489
358	0.968127646659245	0.92269715040652	0.283946180841078	0.666166393785003
100002070	0.798088693956963	0.714828736753181	0.280197347712989	0.699051241956497
1628	0.358219993986294	0.118995712618705	0.353546981129852	0.654349242499898
823	0.714066977022591	0.586555427421525	0.256754008612987	0.721418014751249
100004414	0.466897941748186	0.0958281800737047	0.372412938344138	0.801049921212436
100006129	0.682548844236338	0.668929832295669	0.267642465135367	0.692491729043131
100002028	0.679872323791727	0.454877630703664	0.389211643459571	0.487876874086319
100021707	0.52153307522141	0.658026747547151	0.260879488025039	0.725395498354612
100000054	0.517228277719636	0.457094367826986	0.27568690770997	0.704772763555487
100010869	0.49265636384813	0.235902121558371	0.283472543442034	0.56847561967634
100004575	0.0273213774042145	0.0955665196385857	0.359435722256211	0.982431324919642
100001212	0.99883841479233	0.658954181968567	0.290550375298309	0.611386141200249
818	0.226374081167368	0.600118737220166	0.32236040764738	0.63371664512701
100001092	0.00147554270989811	0.0188470777745801	0.283770297535882	0.656587722090723
100020371	0.99402559374113	0.823860364899578	0.29122916005117	0.673356908387776
100004112	0.191358649492875	0.511295795538791	0.303860089683876	0.681019430800362
1125	0.486959667838268	0.386245900633895	0.312623130770311	0.711098939670187
100020491	0.921097243532852	0.54570964676575	0.247813639108699	0.685836570786954
100003151	0.00240126941816761	0.0236433854929322	0.419559427863281	0.572339436814235
100000011	0.258347617956312	0.0910554483131378	0.208747289420811	0.775880032803454
100003594	0.45898683290736	0.999851850914034	0.291775604241382	0.674736174679276
806	0.788044291953728	0.169953574510083	0.278576926592271	0.494345423293778
100001211	0.93484786498302	0.529098668204098	0.297015420513409	0.654264231080314
100002417	0.593952671174754	0.562983564318009	0.273999112576891	0.642246736584724
100009335	0.548121626910789	0.200638349199731	0.229148606593795	0.710971261043519
100000781	0.698993574527109	0.942688002825861	0.284386375390766	0.673477093296733
803	0.0303856830025728	0.0381660852768679	0.283254372095371	0.534118921787495
50	0.51945274823487	0.742669215708551	0.290316068626812	0.662606805305919
796	0.447850292624443	0.0574946468394581	0.318145769632363	0.654653579377847
100005834	0.99419008409059	0.741972552473308	0.320724113196312	0.671191998135339
100001580	0.979739058682597	0.57383061416107	0.307607548744836	0.672810273984066
480	0.792118127821599	0.542660776922646	0.245727069419098	0.695467877118241
100001540	0.244218622030894	0.720381879686878	0.366002532650585	0.757863849539283
339	0.475775573475327	0.0420079791019808	0.232189120545564	0.597627436120885
1110	0.945637028880949	0.965644557912932	0.288540512636553	0.678417366147904
100015836	0.184394538210138	0.221025900538973	0.400896750167008	0.843719459999748
100009271	0.536118925753128	0.521289831428801	0.321672314813455	0.652088135358698
100015638	0.979859267719874	0.413017334350458	0.302347504365944	0.651631262744613
100021667	0.938787057447281	0.509335990328342	0.326641480041713	0.651393590592401
100001279	0.609315309436641	0.386781570467836	0.307933194773057	0.794193582303088
100004208	0.0205056883659223	0.141694606391597	0.435110622228178	0.770969690106261
100003695	0.214201704586367	0.132753168659612	0.310473570738198	0.457112317835069
100000802	0.780052533212642	0.918343242536838	0.287648219851702	0.671086915830521
100002769	0.854706864007424	0.0996118179718681	0.211646176463753	0.775806248931221
100015835	0.107463672308914	0.310088525803333	0.421431730203083	0.860205800037966
229	0.89901582532099	0.425880469906596	0.319083073809753	0.667642256119115
100001266	0.00541100679672486	0.0220921705912131	0.382352216773062	0.951205670239279
1342	0.299607492004	0.351821213783154	0.24456536777635	0.69598187041576
100002102	0.817747596245039	0.494733085639931	0.327791991725549	0.790035041771553
100020254	0.178564920202088	0.617052124366164	0.276784803206887	0.7052383088594
1231	0.485700532231953	0.256937631386158	0.341754811689511	0.623964152132913
100020492	0.986069257354285	0.8669754771664	0.28100483284646	0.672665445823754
100001402	0.383068098336894	0.57778031127247	0.319206725504524	0.673920756618534
415	0.0052567716232856	0.0886068169495313	0.346911724681125	0.710408766008487
100003109	0.991276648737402	0.935249102525591	0.287430414432456	0.668536935383811
275	0.569323602003623	0.800185644450067	0.275647935340977	0.656231873552398
1143	0.164170955118454	0.0734472110057898	0.256963674606686	0.781394221946583
279	0.395299120147324	0.343612178987174	0.289667335320232	0.537899394923056
100001198	0.98045828123868	0.839016103096424	0.277150800292987	0.691163890585997
1648	0.389225829301464	0.952897117716245	0.286318500595802	0.675084312965469
100001590	0.325488786293807	0.264063171936815	0.268422801648593	0.602064821291458
100001733	0.38431750917436	0.842972559846251	0.28140163782237	0.692184231447743
100008933	0.016408313696173	0.00251150302922905	0.389432299522879	0.632597065834558
100001550	0.337730943776338	0.525030099799729	0.271258568957797	0.625550139554753
1215	0.0677737511438227	0.22517597481928	0.24424183805608	0.621963906246556
100002356	0.284946960896769	0.125317198703277	0.344714519452567	0.675874515480401
100002749	0.646802872252081	0.656733378095187	0.291545736705335	0.684663081525463
100006379	0.155356255357031	0.159438327969558	0.347771690812313	0.406294622208411
100015966	0.0824263990912786	0.166163302867175	0.297500201739742	0.52598470187528
100001392	0.647480460751247	0.997062609839389	0.286183449365834	0.67454424993827
100020425	0.110393076294501	0.0296412791924928	0.220496209433444	0.437362236351551
100004299	0.316803920541848	0.830927948349844	0.300637015677798	0.71737628325931
100001734	0.555874232547114	0.442323595308172	0.292499619021076	0.620331390566275
1002	0.867764577275272	0.760819648844742	0.286906453040364	0.674734699156611
100001337	0.262405183565522	0.675251630111934	0.261640486114516	0.67641514479747
100001452	0.793261612836285	0.793966582578573	0.284234781793002	0.650450022979903
314	0.519842306247014	0.3668551263613	0.296470669437823	0.69490714123662
100009264	0.977770097624283	0.578888494886678	0.234695878870342	0.793011569663767
100004634	0.452885616455458	0.516881947794811	0.25802896077307	0.691900854078529
100000711	0.744384341304599	0.744132195862781	0.311271252987522	0.695054904585894
100020536	0.0217766308226833	0.107785959427758	0.351876158246286	0.766935727026817
100004318	0.281259144821688	0.46475867371677	0.295273985641348	0.670736692054632
100005850	0.874250730318878	0.467750164005685	0.370850018418934	0.610636015933362
100006619	0.312660516751401	0.137919659880708	0.326772045838188	0.657264486022938
356	0.482331682664555	0.663367160422469	0.273394824145207	0.69553803336334
1221	0.550176214407732	0.538320037967584	0.380374265635429	0.710551369189267
100001397	0.770918425167415	0.764065649303716	0.285394094125172	0.666579685085781
100019981	0.618802408020148	0.873474553788779	0.289141879369207	0.695992941183451
100001208	0.361035005563804	0.187761260689391	0.259231536564367	0.967499692198266
503	0.0104642321989859	0.0105486278604122	0.185183434941238	0.488776976487569
100006375	0.151370162463868	0.66131299995031	0.308918161653521	0.65455903063112
100001295	0.690996801156418	0.544682093242986	0.276732194511	0.784657934230049
100020427	0.0371772357193317	0.0106306386410059	0.245947313933691	0.372887003261934
100002784	0.507448578073356	0.3900711267524	0.246427575784432	0.736257051304577
917	0.053903626810996	0.214568730400148	0.32309715293771	0.606778040910234
1869	0.346837390563465	0.148281582920158	0.290450737377938	0.578155067441747
240	0.242175863651647	0.104795608037533	0.181829990161984	0.478149773476622
798	0.00557874190610316	0.101281855163233	0.422275696698268	0.600230828231458
100002952	0.262304341647424	0.49848199334921	0.284648009739989	0.754474858153243
98	0.614306886618732	0.771339621064241	0.305437026760281	0.684830600699287
100008998	0.287284883593939	0.336372560390023	0.232974532336887	0.72097500142165
477	0.831737834941831	0.350249662133526	0.29189416265345	0.668152737234551
100020545	0.0871094371659856	0.141850036802636	0.321096679411327	0.856678568955992
100021666	0.934348988749078	0.291015483669387	0.323526053219145	0.663295960849829
1256	0.549497818176413	0.764049392424813	0.323647639426492	0.701910078407208
533	0.34050288901074	0.0887977014950063	0.206834876165268	0.436577896697063
100001757	0.449847423607893	0.921635977782469	0.292549451139722	0.670943714046167
1024	0.298365531377776	0.0838580048992272	0.193826960915064	0.865897660582215
267	0.4968622090127	0.869717951096754	0.292141058184655	0.668869039773024
100002113	0.107100943039955	0.0910165816221999	0.2638273826585	0.729966774574931
100001756	0.860318540560934	0.734602816172022	0.296776840095115	0.694929177849066
100001193	0.467941449533193	0.209551393783919	0.35448858038542	0.618413163060533
100001668	0.643743399296522	0.892550962427009	0.286114510050585	0.682638471472974
1124	0.326993243925845	0.313494624333828	0.253644377230396	0.766584356949688
100021331	0.169882558649084	0.335210597605438	0.272738980850355	0.70344774021288
1090	0.0626563642923865	0.0498373007856562	0.281231596936517	0.791390355024195
566	0.837394407043714	0.337071655575771	0.215597781067283	0.681486233588633
100003119	0.468353046387685	0.299297892283703	0.321448071485023	0.607163385109525
100006367	0.75270181900316	0.563785996967881	0.297968427118793	0.651318303147647
100004322	0.212551538397741	0.233458843189237	0.292918740291657	0.763361062993999
100001034	0.686544478137854	0.8081088057804	0.282510593286882	0.665243372844832
112	0.916165620295377	0.861640128956282	0.28788009763046	0.651328704080168
507	0.724241057576446	0.774079180633645	0.285752662790823	0.679142681944703
100009233	0.32040420408816	0.18900573130141	0.258091524726919	0.707014877126099
100000406	0.0194795422877096	0.160082896455681	0.440125958191276	0.495885013170497
100004046	0.36620001294453	0.394294000611316	0.182719145262859	0.601758996518859
1025	0.768997911662001	0.705459268186376	0.275901264085295	0.6926766959781
100001106	0.166679514557759	0.174470160768895	0.242685317659002	0.691402009868594
1128	0.0273435733065948	0.568373511175137	0.319003510708605	0.720609942096439
561	0.0416111940156421	0.154471132259849	0.202042080591055	0.57249177927854
100001614	0.875957345281859	0.385472792348053	0.299994721264363	0.650946044190374
100000961	0.844598840080448	0.955210411045459	0.315170018961284	0.67203059102074
100002397	0.887296367824389	0.570849127842022	0.284492781076655	0.604540071421854
100009407	0.998226171080945	0.935372381649652	0.293288869459476	0.669760180940102
100002910	0.907115738653892	0.607113893349655	0.263758891112276	0.610085023476013
100005946	0.251673991807354	0.335614193205188	0.334307201125272	0.767233018426851
100019794	0.0822662526385848	0.256494985783934	0.296378259835593	0.825790485612946
100015759	0.32954753103275	0.0988867717755087	0.236472641494547	0.697918770303792
100020417	0.708196819543282	0.587904758346758	0.273859098538233	0.643288564301267
100001054	0.714081834316173	0.987627816337514	0.288205357420694	0.674500576225946
100001437	0.318875044165873	0.328477239576109	0.238191172123182	0.607142837805613
504	0.24975931435095	0.734110179344149	0.333006063211034	0.680794725913078
100001988	0.464725104845081	0.665544710364882	0.280168318986554	0.824288910549493
1082	0.028655579764796	0.677603461476548	0.317070822108706	0.691560094261595
100001403	0.314598430894655	0.337981208464227	0.320137228509979	0.65259632196145
100001664	0.901373247337288	0.483614812655128	0.26991858178517	0.870928680387417
461	0.265793788131379	0.19904617270448	0.456996366892584	0.653033835353269
100000463	0.692611801544091	0.998129772299632	0.29072096499479	0.674562379340507
100020208	0.570146992783989	0.535047397168362	0.330291476675461	0.558475825181648
381	0.530665978882863	0.0615952315295738	0.125793363769949	0.511400518050289
100010901	0.0860005272577933	0.0778840231381688	0.284162527185344	0.792355282542462
100001468	0.269163785820081	0.979371613702583	0.287776956444289	0.676914009593328
100000840	0.919619099215935	0.989085463886889	0.301693659811163	0.676071205683768
100020014	0.243321890390303	0.593233227846264	0.280273697330751	0.689962117968064
100001993	0.76831950559361	0.609820261737676	0.239350877435745	0.823129041908454
100001051	0.102006753151579	0.0197635209506567	0.323697876062345	0.350603406838657
100006116	0.383227603285326	0.51209446351214	0.290754184280797	0.6760407100143
1108	0.940375067598521	0.997700257170799	0.287360502264279	0.67599994200294
100019966	0.344072315782008	0.125203782587248	0.350878676898668	0.631299402316354
100001743	0.608290631755019	0.390190207684635	0.279025801879094	0.654399150987885
100001294	0.129089195168722	0.209644702055741	0.205998956920956	0.737797922174483
100001609	0.254514735606778	0.094142643323285	0.263000255427912	0.787561837509726
418	0.798480286269908	0.97382651182727	0.287167313562475	0.679887667066268
100001178	0.361068001785131	0.910657159237481	0.284983745917156	0.665182899773892
189	0.982929216157004	0.683415411969047	0.263038128432679	0.640526484617443
563	0.499461381299962	0.776371196135117	0.30109261796317	0.661425936823291
424	0.638126691488349	0.515419035271026	0.315014366833325	0.657865023861974
100000776	0.132025296598268	0.310417801417775	0.323507129566436	0.68617819927349
1001	0.997078753959026	0.506889020291435	0.293378258878164	0.67573966130116
1135	0.318756257732814	0.0899301496655094	0.276495073595647	0.733002820022473
100021093	0.365524986069295	0.535909823280423	0.328577645104974	0.692412999414029
100020219	0.121962713838416	0.22967427837808	0.298881396235788	0.568506402992672
194	0.441464574935041	0.873767151268119	0.291917564789931	0.657112090725319
100008930	0.748230565248163	0.697109619499149	0.306863102224251	0.657754991238234
340	0.628306002499202	0.242572998733775	0.177959181021489	0.765935189177341
100010896	0.874051371332095	0.871839699422879	0.281032866113073	0.679142939815208
100000787	0.193061056089599	0.0752126840421757	0.265221168511819	0.381136647583073
100000639	0.029797783782228	0.207693918053256	0.260358464671388	0.675597046013953
100001851	0.965077974249999	0.249705500647769	0.317305252893474	0.451465765200041
179	0.596665737381394	0.515434754130174	0.275956130760192	0.702528208081944
100000626	0.393077139854122	0.708185430611702	0.300298207668708	0.674038871519457
100001605	0.00988579481182477	0.101705028248053	0.381924989653945	0.736122339588792
330	0.245217123421461	0.407644902752075	0.308396028285326	0.552833702946927
100001162	0.747212666336073	0.602447068921056	0.258130954307686	0.643566898719409
100001167	0.0435301508299337	0.237736646197635	0.284018283791014	0.654151846472426
100002067	0.581447623925286	0.789633554393181	0.363496934726852	0.621262990323838
100019968	0.621941949262927	0.29990035111899	0.315765216524011	0.614947463480588
100002014	0.94537411602093	0.980007658102942	0.285608558376334	0.701720551800692
100004083	0.451132415531096	0.142002000843954	0.316974168014802	0.546835083908128
100001315	0.259852130379244	0.263565714155006	0.307415200505178	0.766251144108759
535	0.225842131922913	0.518314862242405	0.305381818917533	0.677968933103232
93	0.41423127880531	0.243259702857173	0.310871673595975	0.531337148753248
100001989	0.351686782990213	0.611586430725644	0.264955518382773	0.713412826650496
100001740	0.758325744238354	0.407913580763182	0.260554745310556	0.695970906462091
482	0.197902934672653	0.88923572518338	0.28659002295546	0.662838306055215
1629	0.249550320512468	0.368108824351397	0.349978823186797	0.64788007853118
100001399	0.478235302676135	0.396746055644352	0.296878853818127	0.684487372822354
376	0.796762724437898	0.146956516775403	0.173074736575684	0.790272994964233
342	0.580225099173106	0.607952559887869	0.283624380697823	0.675710509746728
100001253	0.0243239287706298	0.197108903320743	0.250650857900856	0.859915143781343
100000708	0.630125386192143	0.801427956390852	0.302735741867957	0.681890090912677
244	0.188636386059062	0.0491959013350098	0.239200688477119	0.790052266034553
100006726	0.432539118934227	0.317758466103317	0.333697626188637	0.658313403134787
100000036	0.175178884778763	0.638891230701609	0.264218120364052	0.717022599506409
100001257	0.0203884591428338	0.0854001728155248	0.412014433616989	0.909367949810381
100000445	0.628670012270688	0.627757031356433	0.312629188337198	0.633372517637037
100004088	0.00424953629609337	0.117600475670962	0.333564037898602	0.746750836144752
100001423	0.985501244515285	0.677941709162453	0.288858395557674	0.643445230871436
100001276	0.370683968910824	0.274396630189585	0.256095422464583	0.600084141585292
100001876	0.771068993845905	0.938797387851107	0.284437016910409	0.67659839051129
100009082	0.650183214632016	0.0496110888173083	0.134807979065724	0.652034374379678
100001121	0.333756441669462	0.692193800416981	0.280475456665181	0.671825365323688
117	0.324118057718551	0.6420502867968	0.26939387776146	0.694828448056835
100001868	0.0353427201600528	0.110285887032001	0.345758540977277	0.672052367763051
1134	0.66440419006674	0.297940463658358	0.197647659603011	0.631673973308579
100021012	0.231796427125483	0.432865940207731	0.299014360145433	0.694569755477406
100001181	0.844016930556121	0.33529640382264	0.343701750094138	0.618049992301543
100021467	0.780862685767271	0.331368014323909	0.280563337292813	0.607252697710394
100000447	0.227609917660004	0.217467926123754	0.325484410452878	0.652992672266828
1162	0.000506706429633525	0.0128606505254561	0.377510884949065	0.571767005213627
100019982	0.501723449763794	0.406627470649455	0.296816850699505	0.663939735201315
100001613	0.982688086885451	0.481461688355899	0.299693496908555	0.646321309097288
100006644	0.400978396655797	0.634879605493593	0.267161358128477	0.704324662240991
100000096	0.582224746835325	0.0234674871372381	0.176758253443855	0.672112091222318
926	0.51131989555734	0.687218668446113	0.292766365988967	0.676598836092103
100020004	0.869053351452558	0.675510934299008	0.306064736441405	0.666091298144673
363	0.182783154648952	0.0416168216728667	0.256559950749751	0.26912611818767
1111	0.388320678398199	0.912924914599275	0.298286292003306	0.672125631945479
100021712	0.680924422313354	0.785397055150421	0.284956438534629	0.660902166077631
460	0.850469517291751	0.727393986785628	0.295149794135597	0.710537291273054
100009331	0.340522547336224	0.202715458905205	0.252527571834643	0.717194361944429
100000442	0.250575146419305	0.730950274115335	0.310355288999312	0.685217016568077
100002945	0.0987481786345043	0.0211434602669729	0.37632528767723	0.624479425210331
192	0.891799443131912	0.910292881000574	0.287748205401831	0.704090750669929
100020241	0.401196675627061	0.916622482720242	0.28401280529554	0.673454724840357
100000580	0.133511758263822	0.138667605277161	0.240877877547439	0.91260227935456
100002466	0.00958401095517344	0.0329937660917005	0.238897450413879	0.448149375524955
849	0.681678959374227	0.562857858007387	0.294093722865429	0.616812450581756
501	0.493460111032952	0.341855543451818	0.310411084430464	0.647741585933727
100000282	0.670502437204763	0.117784152175831	0.364279311617202	0.574080485998749
100001577	0.0274173055208778	0.159567917799769	0.4023528340868	0.736536855882232
355	0.0934196871970025	0.305232733219044	0.243803851746338	0.573196217434733
100000841	0.776238658666681	0.84545720999138	0.319923836514824	0.654647554526119
100000846	0.816309940086492	0.34988885851341	0.275940111613876	0.669650053495137
100004295	0.829571511284213	0.257808761793708	0.249174184803271	0.623883982763933
100001586	0.103294955054452	0.0425814911557827	0.402522827620568	0.345289372903617
407	0.01252771455797	0.0321302910846401	0.320257837276845	0.746181495611348
1137	0.793580779579796	0.634466138615543	0.270776630654611	0.729583034875409
100021374	0.0344518106181616	0.013273991560017	0.21818197256222	0.916249533178689
100001593	0.699521556496132	0.8234506509097	0.28124817120713	0.679517044455578
100015971	0.734283080577391	0.716377579754121	0.280388453478699	0.669044022031766
100001022	0.332306262269941	0.21775285115161	0.190434139729262	0.893598156797899
1094	0.0610085730179508	0.261022178357664	0.440743742815965	0.879998387149501
100002122	0.211564220730008	0.250307591963809	0.25078282957294	0.733608156790119
100000706	0.620573824857849	0.550049303479313	0.246125805218559	0.672385659258687
100001055	0.70803201992031	0.494129104684248	0.259048659299531	0.635686379742983
1235	0.472807721532833	0.726315652217774	0.273415189127677	0.704485177612801
100020204	0.0939875342207807	0.522069765158342	0.308695133492035	0.720651204768527
100015643	0.0305329390624386	0.266374684297452	0.318687331968832	0.617257003208553
313	0.0200556015952784	0.248062866908989	0.305877049474678	0.604583018326787
100001413	0.823129497829823	0.890288017895967	0.283712092195505	0.666076597593031
100020423	0.0144918069603161	0.00868451376914505	0.286770442824202	0.367221020854747
892	0.498181676355207	0.174747218650217	0.311585261422695	0.701871048058864
212	0.0617348609605685	0.128804719116491	0.388275965237489	0.635872266233696
100006105	0.192014382136773	0.181854150539633	0.32552911546664	0.690891654859809
437	0.79645721958854	0.572345338383585	0.265632497250473	0.691179151187285
100019892	0.498560810497541	0.63223274086967	0.282253539060657	0.72113120713156
100005716	0.0537494215882964	0.0548574742754881	0.307210961968148	0.798231076447058
537	0.241311412883971	0.149090740418541	0.291782801854025	0.705853528997429
100001990	0.286628441443587	0.593460007197115	0.328229245973307	0.625573575276586
100003397	0.0361838332841797	0.00470971415034016	0.228162500118618	0.431385659032705
100001320	0.112771614891095	0.193746716075999	0.36150017603581	0.436573301451095
100005717	0.127294348380176	0.0783140524295893	0.331372632221991	0.719516733955421
100001207	0.0295780160224711	0.181035063861606	0.333329779898495	0.670484111698386
100001999	0.523897562393027	0.825980158224965	0.277854992505115	0.764081912237182
100002488	0.21752023316857	0.0150315206086831	0.342665644848675	0.616690457297493
62	0.185038419980643	0.677816142263845	0.280355728789861	0.674581245716519
100000467	0.581261727004873	0.395934777333611	0.270728138097696	0.651827953872909
297	0.00493483645888423	0.128605252092212	0.297831054463531	0.631359967157748
100000285	0.0252671110540577	0.397875366847097	0.294385413723965	0.757052321172634
100006056	0.0705480027428722	0.513686374796024	0.302235989197013	0.700057381491372
100002126	0.127380223842377	0.257644198566093	0.222566848907818	0.995007340813975
100002129	0.785838020071284	0.798523923588542	0.274454420860351	0.771519013417122
100020478	0.0292004476862712	0.173686686504476	0.251531878781765	0.720321291109905
100004089	0.0658824946887957	0.547192111827763	0.305080194520934	0.631784671907367
100001755	0.526680251180731	0.549695885346652	0.289486256663386	0.625098640207375
100000551	0.0318351376328612	0.984946118649932	0.291649620031954	0.677798384723126
100003260	0.484629982581487	0.307847674919938	0.320409303403981	0.75691503271828
100010955	0.827554899586119	0.391683963562245	0.23218823912225	0.55864889781774
100020851	0.21745793951052	0.455195568453036	0.307346808621221	0.700014689684956
100016069	0.644239122855808	0.818557409265956	0.291097540162229	0.661925780130695
100002027	0.496932439843957	0.542625676052219	0.221957297096489	0.782334676913216
1123	0.388147719932068	0.200113416395136	0.273980481147358	0.799383488396054
100001150	0.707293562687468	0.938688851871236	0.286315181310027	0.679117444363911
100001657	0.287225094525502	0.671662658041176	0.286380798711409	0.660766698274643
310	0.256077249357263	0.35093450275431	0.251572765257311	0.779947850618014
100001314	0.373810659963048	0.147077551812873	0.262769834934991	0.576867713853558
452	0.730971035018178	0.700333767709372	0.317416647363471	0.650573600376275
144	0.0901178588387181	0.0511949270456015	0.345598444294407	0.549523593503809
100001182	0.223561980171233	0.176888176475079	0.351024267110206	0.654404778502522
100015965	0.76270678975973	0.537245619457351	0.276124412954476	0.733056818403065
100006108	0.875644692055701	0.371515317913528	0.301780221355675	0.717578999160827
100001400	0.70788528399259	0.610403366281524	0.269240889499357	0.667887223303582
100004541	0.2865200666382	0.20054705850656	0.285655718407562	0.419826656563892
932	0.833927291036001	0.350934400874151	0.292824674614377	0.705070676277092
100001992	0.443540407600394	0.560336940219188	0.398096514175942	0.581253047515438
100009252	0.121794937851044	0.165791460233116	0.336984790943726	0.679006823832995
100021104	0.624327840494724	0.560611318400861	0.236276214765471	0.804003051172263
100015838	0.0105246855547478	0.0422191965919304	0.401734492061736	0.936900033377458
250	0.000854772823796122	0.0190312951519447	0.527683746692134	0.783160051906538
100002537	0.888094037795966	0.681661923345294	0.276259655724398	0.736815259995311
100001658	0.811072408712957	0.658266376956385	0.31147794048082	0.662827443350866
100020416	0.305006855285219	0.382427523563708	0.252468905798919	0.660546092974746
100006642	0.237810724424773	0.765045383536268	0.275628926858427	0.697995138540355
100001391	0.0940581205305909	0.315296974636431	0.368683161235642	0.791679954485154
825	0.628942021228142	0.621105295857757	0.254742599488519	0.679737476367435
215	0.0184773352781885	0.0979467162135529	0.340040605100614	0.658083224184482
100001026	0.911139273783981	0.834931645527863	0.286174518120082	0.708219652074403
100020541	0.406710386333824	0.439924774462189	0.25184300975189	0.707149668805542
100001526	0.226124183405473	0.295391353302412	0.418610141763103	0.796139363972326
100005384	0.49237243409493	0.405798244745814	0.274817680283397	0.581777587097658
100020378	0.279725368266181	0.566848325248419	0.267111650939696	0.691724476510666
100006115	0.996111948102678	0.352606258478625	0.366097074153793	0.575939238067575
1442	0.218083794218342	0.048041796474962	0.125167403137641	0.563479211150936
100001843	0.134422739323253	0.235788800551028	0.324457974418412	0.727728737419663
100015837	0.140623227495061	0.257841862912127	0.494190610989059	0.632952673403306
100010834	0.724851040433628	0.986459971873506	0.286327134565117	0.674701841724565
100001393	0.577263231459579	0.46076005965602	0.232558008309145	0.715366219155659
100000015	0.301603881598979	0.604214550919807	0.268457242693846	0.69562887891993
100003892	0.0495045115694199	0.0549814030451332	0.249335040781346	0.930898789783438
100000042	0.187271031180526	0.0274053579744678	0.3100281339506	0.579158391038514
100020550	0.626877549612091	0.245461237797659	0.291987419091048	0.606170026735684
182	0.427791778742281	0.332319829930488	0.27494631323053	0.700962084072048
100015723	0.128377022776866	0.396436633421039	0.293586938994031	0.650580198502371
100020343	0.358869370863681	0.401865805309727	0.25300235195462	0.682620205793518
512	0.362868613040572	0.630309293002093	0.309628609484511	0.653472571111896
100021100	0.783189237925061	0.716227602904782	0.274005711290735	0.682764223918135
100002528	0.330777689955279	0.0752547736333953	0.348912248773465	0.451025292376267
100001287	0.468107758378003	0.763168644303708	0.378655508220784	0.626432455003707
100001229	0.360316215643199	0.576373252565844	0.258822887629738	0.721222088907397
181	0.298201275312405	0.631245388523298	0.27676841888617	0.726787173714015
100015831	0.00150097831796283	0.0190231161203115	0.384343928039618	0.469740114751314
100020515	0.333843513776448	0.482519890545298	0.239072913386154	0.814020746710313
327	0.236414811618581	0.284184347713565	0.34048413676587	0.63629335897787
100009394	0.532053446223405	0.525933661316947	0.254610119790549	0.730430647196501
100001596	0.901590914144171	0.235184916934742	0.263451800187505	0.502089212515768
207	0.897270937870179	0.555618075397923	0.300167258778692	0.636348571496666
2054	0.501155177548715	0.773398949899649	0.276154410668068	0.691169459263965
100020259	0.661107611004028	0.575274190423605	0.313755382750448	0.657004625548129
100020414	0.00310193126864173	0.0404534779577581	0.204634494607503	0.659801477434122
100021131	0.853298228626071	0.285986939699335	0.281784395794858	0.621840454672209
100004499	0.846408812516332	0.704861070904236	0.27650998716194	0.648762308917801
880	0.153784715607146	0.675106246803895	0.31726794605527	0.673219689296263
100002049	0.499987909061067	0.293424119525046	0.319318190474766	0.62207560176765
100001739	0.575528797203762	0.291233441498927	0.358489714972582	0.635657719764463
100001126	0.423634713426719	0.154112204733587	0.190397875914368	0.557617560683511
1113	0.671070177814262	0.880520022497979	0.296758776247793	0.658673991593838
1083	0.978459681989332	0.305801764508719	0.318662500259441	0.57767595026474
100001730	0.0720544737081874	0.157261251530351	0.33189753534879	0.552233379613862
100001412	0.585846650402012	0.979492245663581	0.287118119590009	0.679558056307111
100005996	0.7404978571481	0.55273877609665	0.275669273834593	0.644397826855809
100015962	0.00712488936272568	0.0976809296901541	0.221398243846764	0.957558492254412
100020214	0.700062108923673	0.417489486573434	0.304007775370144	0.596430116567914
100002514	0.120508861930721	0.333354605594773	0.299368230449109	0.611803219601829
564	0.197887089502966	0.0571335860465207	0.25379820391167	0.555620762579636
572	0.0231138071655263	0.0170872609863008	0.419767031495798	0.543966532105727
231	0.988824890671299	0.649160971824443	0.261897395817814	0.695182643544801
100000453	0.911801183118493	0.774453869034402	0.276609219079045	0.705734016897194
100001007	0.113297480142241	0.22851591129787	0.342053946763247	0.554043379069557
923	0.618852996204137	0.334330539232691	0.270512801016022	0.732666955283237
100001247	0.442018725095239	0.516578620698851	0.266732582269913	0.665680780320129
100000774	0.567657667825023	0.893982948593769	0.298082077207281	0.689391202222661
800	0.356914405289976	0.341043014018024	0.303913235640955	0.730738523933411
100021678	0.273354727893927	0.39087190727048	0.240201122869767	0.670339949534285
100021711	0.424715850643413	0.84591010353522	0.302977646646622	0.680051669621117
100001274	0.810080386915702	0.41963765359803	0.272219893578529	0.53773995733117
100021220	0.134974196401174	0.162037307950849	0.349790157914781	0.999588797738223
100020253	0.421114389892243	0.98220696887223	0.286516320919479	0.674057834304457
100001170	0.812051803992295	0.226810217457817	0.270319334911224	0.577332537175834
100001466	0.274383340032746	0.906340131387575	0.290907639217643	0.672163141824462
100009406	0.711547612604242	0.634486237781265	0.272241938626494	0.698114984526569
1026	0.188240637056241	0.415324383345969	0.305950664858153	0.640540126315054
100020837	0.720365639684424	0.395521855272874	0.323288443726884	0.584982935572069
100001006	0.0717399235661542	0.0807848132196799	0.264931626801443	0.822636492349052
100003674	0.744697928105136	0.110445329672309	0.282471102183115	0.66983500427021
100004396	0.320017822964411	0.415064786770657	0.333949727406889	0.56430680469896
100015923	0.455395345984619	0.752513509167597	0.325522841691163	0.656043871900493
100000265	0.468779901861315	0.726658300011655	0.29313326202919	0.647298055546164
100001409	0.0771834321274704	0.110933085085722	0.294434096247882	0.492974148404361
100003434	0.421844728861731	0.476257085445813	0.292848599747268	0.592681325506771
100001334	0.638880898439508	0.0804172808871171	0.347151472494939	0.56964212938729
100001102	0.677303066893915	0.816856611413046	0.293438404027289	0.660151011909459
1268	0.612181448002648	0.0608219161739116	0.172158570294464	0.644627314307721
100001300	0.231733424074774	0.0879687359872012	0.257628397122721	0.668371277657746
100021324	0.254018157129985	0.732826619371396	0.361913168690477	0.666196628710981
100001617	0.114185673275026	0.109737412756803	0.278647935062678	0.714952194364455
1105	0.916564212308049	0.0869750666912539	0.391751004194298	0.32908573423613
100021502	0.0542757910233189	0.220909527370232	0.273812798740362	0.713005182714655
2051	0.827814415617581	0.538185434930697	0.283565428676568	0.569271436617794
100001256	0.150479318056925	0.579175019210016	0.319539339571551	0.781684846731884
100005466	0.0685795577161906	0.0959734487200813	0.323168974666384	0.481297004298235
100002199	0.121401640167843	0.68111554052476	0.296405649274777	0.701251392968065
338	0.0148099822053143	0.0383862361048568	0.464900191297331	0.438734610805071
100004243	0.46575605225217	0.574742767406505	0.265460374082257	0.69004545678658
799	0.453242053068388	0.93769969007623	0.293798203585259	0.67308644415922
100008928	0.588321490540445	0.111123296594399	0.2904079869443	0.657935031000399
815	0.084833082157334	0.287865290084394	0.294716211085582	0.732132111272698
100001456	0.00608324613342705	0.0838944738817434	0.276103531548694	0.599136214098355
1242	0.0790074700681444	0.0834125190542849	0.35531766225648	0.468081284486154
100001416	0.287554925272962	0.106382576554628	0.200504553769718	0.420589352975261
100001462	0.365892485889949	0.314808371784959	0.341139205216673	0.633547746039611
1087	0.201365859052592	0.0437167587643419	0.296153594152754	0.644463690256425
100020421	0.0491656280076706	0.0594549773529064	0.30781829298079	0.436373737217006
100000010	0.00359504932949601	0.0345885471232694	0.30019439067692	0.743845964386252
821	0.548976635754642	0.421104265584115	0.318898273235037	0.537916004691306
100006627	0.256605658193129	0.140941863214706	0.408817036478063	0.561822062735019
100001277	0.373864859803344	0.176656106812312	0.338241090979536	0.628675289483896
100021141	0.0383481187815773	0.165037031912491	0.318269049345843	0.793931475619727
100021105	0.178835511689935	0.263884610552266	0.307770552696191	0.485668741963189
100001950	0.000334620084332642	0.00615602658487179	0.368917101928578	0.844583306993917
100020217	0.885921913774071	0.286183575477753	0.205723522319486	0.499224824444764
100006651	0.0287697426711609	0.181881508069196	0.320826677546137	0.456526977362963
881	0.969133346907575	0.426885836662041	0.267860077501092	0.694508002355739
100001509	0.70228742695258	0.168291049527764	0.254491585601816	0.599045655393646
100021709	0.555695781707295	0.735466750451356	0.276217185191247	0.685942785257678
100001635	0.2957665537339	0.0358259463949123	0.320275973091341	0.608862878925731
100002613	0.451264119405275	0.122745450941409	0.267906095824009	0.756741201923518
100009329	0.588406858638522	0.78238813828298	0.270864894872237	0.773774333417134
100021123	0.882642336463508	0.646118320358879	0.298653499861713	0.59817368519963
100015760	0.256638578804434	0.16071389540424	0.231240873480242	0.725848372591243
100020205	0.388677345309724	0.427424174844427	0.338968907231537	0.504092246814483
100000765	0.58600668371871	0.547318119825371	0.279127812777626	0.63917859875048
100004111	0.336869709855721	0.173002719436741	0.31423335773063	0.650824988273079
100001615	0.193327016695818	0.822449161242045	0.285977489987618	0.672862907761487
100009227	0.197520245647772	0.102729519811061	0.398416267216411	0.828964209054994
100006191	0.454522996640328	0.802174726105706	0.298646126910717	0.653797100961188
100004542	0.4461147385391	0.356637901677902	0.304781899723551	0.715816490321131
100003686	0.315556888729276	0.138748548984831	0.402427417715298	0.605794006035215
100009232	0.0313503908950324	0.264163222265095	0.286419442147567	0.589095141412932
100001501	0.0474829357955496	0.0963346856439783	0.365202962963428	0.725359263524487
100002367	0.502975283168482	0.23864734634301	0.268279986668751	0.528161271013737
100001108	0.339933141880365	0.706549944484903	0.284523256807509	0.66276073848797
100004227	0.723988983285439	0.984361630337571	0.286092691424612	0.674404390310286
100001310	0.190533197022452	0.28568363287625	0.262771739833689	0.807477764167431
100001994	0.818344682100355	0.907470409321484	0.300038521536074	0.735660172504862
100015839	0.0130333397995003	0.0141130017401624	0.366535022607142	0.783631782249943
100003271	0.00500249197414162	0.0697549931218655	0.375372319168223	0.478375066287797
100020496	0.860522080651712	0.903950852114274	0.282999415964283	0.684100479033262
302	0.688710015552945	0.410626730677203	0.251188826882694	0.644110932684741
811	0.742985904291268	0.791321120639329	0.283753576821991	0.695083303385055
100001267	0.98429079908862	0.723425086670214	0.266049706545726	0.669141757487309
100001197	0.022717794849578	0.308322279468857	0.322365573380581	0.697220554197692
432	0.213579858242349	0.459100332925236	0.306779761446353	0.653826690227676
444	0.0107399189133466	0.0562150650942806	0.325386859520663	0.799391794786344
100015968	0.371201894747647	0.436108257825975	0.270954022400337	0.631221793463203
828	0.861267222519155	0.953782876611332	0.285450351704217	0.677313706204821
100004054	0.249220398921522	0.817168766570296	0.287268410216069	0.683577512906923
100004635	0.0936827351898946	0.138796419671958	0.649844446901487	0.414505964188689
100000491	0.441671945351102	0.542628928219173	0.280604696691294	0.570961554793974
100000939	0.0425300207970165	0.0300308903887027	0.308750637026375	0.56018935329625
241	0.234837116558946	0.677092400861321	0.300578328548563	0.692602326671081
136	0.368300722089355	0.0721579263946082	0.249229159526138	0.858172854947969
100000792	0.563830567292572	0.954227514226492	0.289322499715022	0.728421329653559
100020973	0.591082106055681	0.676439346226775	0.301896577871284	0.652971239270547
100000936	0.736881765646253	0.8954163037931	0.285175246642227	0.675963976865701
100001313	0.00791836573739041	0.173326919226893	0.306528614126224	0.711769280527822
100001951	0.0462423187586211	0.0948722211043571	0.330913130250614	0.649895434466251
100006098	0.0178878769217195	0.102617531470027	0.328900122363092	0.766110027211824
100000007	0.237308256106492	0.54289421680478	0.293136040412792	0.683160267380762
100006641	0.914376238085506	0.897907971997722	0.303714507239261	0.676164261953031
913	0.0101829830544926	0.0534410984593602	0.349397921454859	0.550464118997857
100001579	0.801546582881146	0.423461096540064	0.317054961156796	0.672528851645747
100002911	0.144021163594877	0.0111677738613038	0.377964096455593	0.626490488457201
100001293	0.244016322858296	0.348992901828562	0.25231473733281	0.814775205835624
100002241	0.222690472339845	0.560728954214668	0.300077565384412	0.646714055696543
100003179	0.399410994493326	0.0718231341907383	0.268344961510401	0.535398487240792
100021372	0.327137949683358	0.244121838935761	0.220932646191674	0.663991751233773
100001956	0.331926991777207	0.544319243627507	0.279600846323764	0.609053977469268
100021162	0.206803434559423	0.162237601215769	0.269397214617421	0.508137973692728
100002259	0.356761850374715	0.604956777791159	0.261410700227868	0.674697021345248
252	0.416670962801038	0.545535747672471	0.333081632297319	0.615032322545936
100000707	0.446373856684918	0.322052351854844	0.280670015974007	0.686689210186052
1489	0.699357005735956	0.0238574820455353	0.21445410467098	0.653044871086117
100020361	0.0293300649313869	0.0929080031611183	0.319401843140291	0.949639216761962
55	0.768688812270283	0.97408796412549	0.291564190375844	0.678589289149943
100000863	0.253694977443147	0.249827885874566	0.246713577111955	0.719267696043669
100015840	0.173839977181099	0.0977210398822573	0.371594332663441	0.651967405474379
100001541	0.148819659856581	0.0744343998818986	0.197719846640644	0.65761511270219
100006082	0.160875201574262	0.0637940433984906	0.36593013533407	0.677568281149554
1254	0.720884856015362	0.824832517053771	0.277101817247667	0.707116359833247
100001624	0.499861377961062	0.394030825891262	0.277062216354393	0.637742740764767
100015850	0.88739762641023	0.594630196404956	0.345481505576167	0.64656076440334
100001104	0.00299054445370513	0.0153600953492999	0.335766183450122	0.918834016936501
100000900	0.11871884383496	0.377673943770536	0.292780418658092	0.688978534251214
100000269	0.240743242206103	0.0989397045616106	0.181215528464342	0.630573263061582
1022	0.17724414900339	0.988234853033555	0.286190942533607	0.674161988398244
100005373	0.199610166844049	0.0635157847870775	0.249800938453684	0.720957909270007
100001129	0.121109624855095	0.678361777639179	0.276157921268938	0.707360101473686
935	0.0108290400719626	0.106074312910768	0.369439193154007	0.545152834100509
100001262	0.159894685260623	0.198055722114435	0.297857717046771	0.701939822160848
100019978	0.308654426350688	0.56672822878498	0.276218984255481	0.666286621676712
100002293	0.737648022878112	0.828991598968005	0.290504956128187	0.672672363988126
100001426	0.176026544117885	0.242327038555065	0.304827336428859	0.483876278543158
234	0.0298258412219555	0.137092122763325	0.292298193320014	0.632534676082648
100005403	0.239520423231523	0.955524829691756	0.297730887626593	0.671665731013657
100001083	0.0411955485336113	0.325417322378108	0.313806864577936	0.693987129167191
439	0.753562693752483	0.377143535316515	0.305352039476344	0.668977265640335
100001086	0.346363270977645	0.439514016730658	0.301297830167098	0.745918303451691
100005864	0.731003728692076	0.456970743833966	0.264149924972929	0.738141186153364
491	0.508933961367217	0.898240425147403	0.284867318505296	0.676588580550251
100002029	0.474133699798852	0.429549907411485	0.272793742847521	0.548416765425201
100002154	0.810236892611498	0.466042723167975	0.253969438113557	0.650096607477504
891	0.529560666425236	0.234136896442956	0.319472831965064	0.641866938920875
100020261	0.375870633644655	0.447558458740136	0.346689365442335	0.642021798899856
100001296	0.522203987059567	0.487072181387223	0.276928666588115	0.587873464260378
2050	0.325881928078478	0.735143017906779	0.294735329659344	0.648961288579755
100002761	0.33547476413244	0.7008519653629	0.255593609175568	0.798090678491024
100006614	0.853026566917921	0.651735312264785	0.262413496660665	0.746491252427982
100001597	0.859430263100205	0.17502962153368	0.195632732449404	0.495153631449963
100020853	0.79486577591726	0.904759937827033	0.288597231085152	0.681626379147379
100001446	0.284456089229502	0.431767111691551	0.254438189213983	0.676640337009919
100003240	0.285929424398	0.116798727846671	0.335784932967085	0.585645228876911
100001502	0.0276939665054813	0.218871057035934	0.343081498281553	0.765685116551645
100020866	0.104871928835671	0.012792008707479	0.174400380655965	0.500448879352053
100020419	0.0246330475692867	0.0552376218163121	0.304460080358	0.405087595349615
35	0.532973820363974	0.307601196151588	0.261448099653724	0.623238599501784
100003696	0.0149262913402605	0.063173890277981	0.414291232562701	0.611858264681136
100016038	0.782971662160669	0.968897028260425	0.28508788384546	0.674479651583385
100009333	0.2098828305882	0.169080103392248	0.280377788359386	0.715119734768507
100001611	0.159499111655136	0.322186531991127	0.367360579309989	0.66038214154632
100005383	0.662071822190312	0.291833618710752	0.293037621970487	0.721828713202407
100009239	0.296806331543664	0.115315995195583	0.358229628199067	0.497085177354685
100009332	0.338462443147483	0.241419803906628	0.280804995370377	0.65082454871352
100001731	0.156698990207262	0.65193484005396	0.293879297397403	0.650379632358026
100003415	0.344899854922129	0.443369521200859	0.282231919139388	0.68455551252378
100020578	0.139516454769897	0.212187361168061	0.274384010592581	0.564913554678546
893	0.826223078678141	0.535398478280017	0.282214979117257	0.689385728250178
100000963	0.305416120534144	0.192191513984226	0.378517499711322	0.471245113157152
273	0.147619183669881	0.32302825778976	0.327490675149184	0.680270393471875
197	0.453389647753069	0.416048596395315	0.284330507971963	0.545834229348391
100000808	0.284135892748793	0.215143399446493	0.271553189326941	0.829087995983711
100002284	0.748452277914747	0.372461898079589	0.189579295805829	0.619291290976845
888	0.988830968119939	0.123427891447747	0.308198375871853	0.659313070282464
100006435	0.512992640575812	0.334556626176551	0.225078886796473	0.961604805176924
100006374	0.208379241898702	0.62848958390853	0.295535294901505	0.661866678063103
100003169	0.556137533050872	0.959926708988804	0.284433535270669	0.672549777560728
1004	0.578941938299006	0.80252101039396	0.275028044132215	0.652950409269961
100005998	0.0952422018759102	0.902425750796108	0.302841484014506	0.68146499969042
100000773	0.660387468345518	0.549966643296725	0.29276411949348	0.655422867577469
100010850	0.0161768199528797	0.122877501387578	0.344091355572712	0.544216298858331
397	0.854734164368576	0.372172009178483	0.214478893856382	0.742590638175341
100000039	0.0693759716757573	0.277357805066091	0.245208421240559	0.702159735651854
100020833	0.742196999640408	0.753732400638286	0.294680350552765	0.715711144750374
1021	0.371541619522287	0.3083966981472	0.272435646272278	0.704048341227665
100020479	0.356932657905716	0.575218098428419	0.291943556406271	0.682518266974072
100001335	0.534968575023437	0.348241563389727	0.323705724554714	0.642532507061902
100000743	0.582074033762757	0.97874678567006	0.285554835899353	0.689776738289195
100009246	0.17827332493321	0.669362555878558	0.27682730464559	0.703178451676345
878	0.154227881814392	0.917698329942742	0.28426893911347	0.677583588855661
100021103	0.737226496884843	0.852964161139646	0.291332164990746	0.750959146908904
100021363	0.238873146908308	0.576227018572113	0.266634144798814	0.716660364615068
266	0.125860366464378	0.198068653327104	0.287176431317766	0.606140423244736
100001195	0.332244764073854	0.245774950231132	0.364763748034139	0.599540721143193
100019801	0.78027333021577	0.709145806192623	0.299368593777038	0.660114466037775
100002196	0.0349211077699021	0.236537874020557	0.302375187760826	0.684130186606567
100006370	0.238259756540072	0.951806211402237	0.284031814540021	0.677645655056728
100001510	0.0303049206056299	0.00384628869058813	0.241970650850152	0.771559750239227
100000437	0.549878152681173	0.464715836865145	0.27232466592401	0.743481811264258
100001767	0.142739308940277	0.0322404876801941	0.345386187071575	0.757268036653585
100001810	0.40423845398082	0.486565121188062	0.296444390098571	0.843738918132799
209	0.0326478773502215	0.336760083735102	0.333332377653515	0.653178444407231
100001485	0.248884825957246	0.0880999664993628	0.172509428015388	0.60448821736268
100002500	0.121682243645682	0.451681840852172	0.291777921555332	0.64446179485726
171	0.0289746229946953	0.0253639335402065	0.222083856617846	0.65780610054993
100020487	0.987007564652714	0.809918105994516	0.310234646430947	0.633436068592739
1206	0.00716798854329145	0.119120791149335	0.289872729778704	0.725162848539969
344	0.0112197887402794	0.0247576087534487	0.596505010910186	0.758833937117972
100001405	0.457529761267405	0.896702558528557	0.294052579693995	0.664342193421633
1239	0.968133351531319	0.502012837164009	0.321845524666994	0.674254219017537
391	0.0624604085475806	0.187649512173079	0.268824471145151	0.878540596513748
100006430	0.452852466508449	0.160015793968912	0.34097279274287	0.425769691165385
100001417	0.897957994625602	0.365039409692438	0.271565792475982	0.823533305194733
100002951	0.0521156373550803	0.436243670981583	0.283437883693053	0.588987028792912
100000014	0.406966915710013	0.60979626264196	0.283636630429442	0.702397094191415
100003926	0.558624811688498	0.470795467091563	0.313091417699264	0.650697178975368
100021538	0.497421094537659	0.354783370899123	0.338979916159323	0.583099399121981
132	0.29915528015471	0.852655367468259	0.288543508021088	0.674946879185509
100001425	0.580175650765035	0.547514349886986	0.354882419251587	0.612856646091084
100020262	0.612464692812266	0.654183890765191	0.308384836273405	0.660064711212404
100002679	0.348979303685929	0.71424028460451	0.273144741095517	0.736978776859758
100001270	0.709550929579003	0.606700211921439	0.294080634393441	0.650633128850034
1102	0.797320935517367	0.982630449861813	0.285438729946092	0.678186624088891
331	0.248279873375301	0.189211753409128	0.239554268168331	0.558505916996705
100006361	0.480677254333336	0.736756688590343	0.276059407811929	0.713064666750154
180	0.754984225977355	0.997133417076705	0.289458569024921	0.674315690282998
1053	0.305858534021436	0.444488694922179	0.425539200829673	0.748464107916774
100001359	0.66561547452455	0.896451333582142	0.298875965703718	0.660676391477721
