chemID	simpleLRM_Fstatistics	multiLRM(chem_sig)	multiLRM(sex_sig)	multiLRM(age_sig)
100021136	0.0235628971483983	0.273969306818728	0.316535185336673	0.772252728438827
100000882	0.822159153828557	0.665173859670767	0.288510304450206	0.654895066608291
409	0.0748141589213684	0.133478663242561	0.317405765830652	0.409544288511651
100002254	0.740383072774729	0.0574920183247404	0.190762626208904	0.658420502146782
361	0.00751090926014452	0.102504603010409	0.201022760779657	0.654770108181074
100019975	0.563418979951512	0.690211350838559	0.2797358495047	0.700138309201492
100000257	0.000708229603716806	0.020698902933362	0.275338862981	0.610402547581001
100001232	0.936690495614498	0.996986340298037	0.28186608968987	0.681752284370533
100001948	0.37476926475571	0.376013487955856	0.295063209319959	0.540253613608233
100001073	0.613267726041488	0.672174654440922	0.345302741676697	0.606500107141465
100015637	0.932369821561301	0.469388404144574	0.29815946689125	0.677159761869856
100006360	0.629807793522513	0.692717770121241	0.262865994852518	0.745319960356568
1488	0.558426260973949	0.61447770279785	0.279246927258853	0.656253994725445
100002253	0.857158831637494	0.985017722470392	0.279118277808733	0.684822399417859
1023	0.94744612418554	0.686295284590217	0.275180975536472	0.663875868508545
100004284	0.678854085679169	0.81300540131137	0.272993124598947	0.688240098363823
100001251	0.64900482006412	0.969824018357468	0.279170550708364	0.681841981799684
362	0.623819916547449	0.668507289870026	0.262840158428347	0.676721566222549
100006620	0.77556589851522	0.802254919271235	0.277892607866019	0.6872396094104
111	0.37672370392667	0.174426787230903	0.231024935011924	0.64888175309002
100009045	0.654192569953238	0.295454370372664	0.233266088519943	0.83135142328213
100002927	0.744155840730222	0.954909421755581	0.276718861108086	0.689219408697373
100015641	0.760944000139241	0.873834818135579	0.271605333223677	0.691639218885061
1114	0.0129103165662904	0.328452341825884	0.251118809554361	0.76201732845336
100020409	0.353147809131224	0.3783491038043	0.280403269341962	0.556505699021123
158	0.100904540379404	0.198313746943348	0.374373498693443	0.722296027660648
1224	0.0445741547837716	0.147196528197598	0.207597404666409	0.724263091843028
100001620	0.487064958647451	0.41143457357954	0.242980269530847	0.682887912534884
100020893	0.283398603483398	0.0582034046538636	0.253282731348741	0.400576603500941
100002458	0.735868108137866	0.582236771850674	0.315187583803332	0.628319115615222
100001112	0.796633665514932	0.995173013371872	0.277454624877602	0.682298199156399
100002953	0.414193955732256	0.822686710099217	0.274880367360193	0.691733993742799
1141	0.401405162762517	0.0581786320975937	0.361991433993774	0.508202415605691
100015834	0.474971279006319	0.959317041277444	0.277565675167142	0.678881070302867
100004561	0.614016828919716	0.858530701609109	0.281025129291984	0.676520523710806
100020497	0.804701848710368	0.758057060843186	0.265400333132329	0.705769444671794
498	0.0446210973222788	0.275002190037122	0.276502069267216	0.766753899046246
100006051	0.862105071699208	0.796877436351975	0.28110729813093	0.675434685282924
1668	0.668498661274467	0.493831871890566	0.272403753918772	0.616166027991955
100004523	0.413567848099787	0.855365219132003	0.287150779143253	0.664263334781104
100001604	0.246367286324598	0.532080700170166	0.272750900130902	0.724539799714974
100001002	0.19996171920249	0.650916154477723	0.286874016677712	0.670506440301595
100001987	0.0611522859432068	0.269734954690965	0.804921252025478	0.53996841327359
100002462	0.629865222681205	0.362431721550004	0.328855389649553	0.564169739353594
466	0.591742979550241	0.0728108941263	0.305661959350126	0.658919042349841
100000665	0.897565456074431	0.439463730668589	0.313011756122415	0.627070643613488
445	0.94900339558368	0.424189824018139	0.308043842937372	0.732665610934318
2029	0.147520253109252	0.487638187362563	0.295858622530258	0.684045289935138
100006438	0.125967356275858	0.245352004933055	0.322190456662615	0.692826003626027
100001398	0.158621818944643	0.599994286904406	0.2602737799778	0.70170741311062
235	0.431620179953501	0.468047480177357	0.247594229430648	0.715032039257731
100000997	0.70211274258308	0.67830310676983	0.279508123701304	0.65713134080568
100002094	0.286040229738437	0.264778187732694	0.236921907021924	0.555322403348878
1052	0.631920797492238	0.93359629971991	0.279685739103814	0.6997959387958
100020823	0.345658151603685	0.648729663842435	0.263799744371883	0.671535404525484
100001806	0.27889203882638	0.61873149993897	0.32473619429384	0.690760203162951
100006092	0.816119279706887	0.877875754933542	0.282360728332243	0.670778272743087
100001415	0.102532076252198	0.0630400680370592	0.273967835005308	0.385489890436876
100000008	0.0369934066566727	0.0579947894228434	0.307769824688814	0.5067088842294
565	0.00691523176548065	0.0440786738019224	0.268198212052862	0.75564414678572
100015851	0.157942981698158	0.211178445533841	0.353032665387893	0.810916514090102
100001866	0.507653221192391	0.783683735462485	0.299721056989064	0.647806631082071
100020546	0.00256986372818077	0.02815414532995	0.501858656543979	0.872105458211344
100016110	0.587612828820573	0.487377004950295	0.23526438937163	0.765932444837267
100001254	0.00329559418537116	0.0140224491042093	0.356518012020403	0.88998211669691
100006260	0.419158448867427	0.892876841735038	0.280618714799576	0.679140258744245
826	0.702403067861119	0.921203933366856	0.277591557013028	0.6782233608241
100001872	0.389856835765875	0.642067854218164	0.277311812581762	0.680336344781006
100000263	0.33311650772127	0.361007830419156	0.348707734822033	0.674954530338542
100021198	0.836536971384057	0.068728486497698	0.19196406692672	0.399197139411791
100015967	0.0354210362782855	0.0936711595389928	0.347717921670484	0.505733502576028
278	0.125862080734312	0.224289080757757	0.262341449502666	0.995362507070111
519	0.739481817916712	0.337568507570141	0.332038490295782	0.61871059330828
100009337	0.109056658508615	0.321899662417618	0.373746730591221	0.665577714240487
100002185	0.376253510596644	0.86734909190417	0.272460114578669	0.668054834581439
100001278	0.392234876139766	0.275244321210538	0.340224090281161	0.634026279289148
100002103	0.822505778436325	0.61421128550104	0.276955567651547	0.63026734444796
980	0.79114752918912	0.455455874165761	0.306130396719056	0.6619027450592
100000016	0.860206016186589	0.436882672921391	0.274313485101091	0.655376907290814
100020372	0.179919031189263	0.470068001271076	0.274665483784441	0.61552948848597
100001662	0.722624702565757	0.141355731538467	0.112651747845848	0.694220756343779
100019972	0.934160620579666	0.678714477053805	0.285868934135531	0.668225582197604
254	0.76791386585206	0.735539315141334	0.275645448103765	0.684724458629044
100002009	0.659616833220087	0.698267441005773	0.274504977059974	0.607781441627243
100010895	0.433461590499698	0.544684283560972	0.322028695061075	0.66028384288323
1140	0.90486898372042	0.989338330195691	0.276764040676446	0.682095980598694
100008951	0.64856835411218	0.561525788653452	0.294915238228428	0.644796277503668
1084	0.364622926569104	0.861314792730835	0.278098662901545	0.713879726424494
100002796	0.117452864664614	0.435352897627309	0.25098255335231	0.630674868255977
358	0.991754000399215	0.799203095114638	0.270061437050729	0.648047942851732
100002070	0.817006135362698	0.700643112049171	0.269531116333289	0.712745608107065
1628	0.367906855859031	0.131187125657728	0.340856111663086	0.668618939202287
823	0.725366026250765	0.592514388140513	0.24914185244955	0.731555529074374
100004414	0.459590779499269	0.0904311083513884	0.366115318560662	0.818966791681681
100006129	0.682004721433183	0.666249772987333	0.260013686085344	0.697014146554804
100002028	0.676949325477227	0.44854132170443	0.379301530411343	0.485590642471378
100021707	0.533762126931094	0.674180097588555	0.254208578429044	0.724835397347628
100000054	0.494135249303685	0.409554081364165	0.267749742219796	0.709311361485233
100010869	0.492824430664896	0.251839362265119	0.285687819272359	0.555876655039293
100004575	0.0276636531227338	0.0967150648462999	0.351915679396688	0.982608405602248
100001212	0.989095468132516	0.687302045106494	0.28109428510884	0.624839645402042
818	0.21875701889707	0.567499406819249	0.315738573650587	0.633340460217882
100001092	0.00153823082759417	0.0204455611490491	0.26593954273856	0.659685150782212
100020371	0.953643058532656	0.914470297427472	0.280388222199416	0.680125464778506
100004112	0.191759898619111	0.504877048843361	0.293928867909718	0.68700182233217
1125	0.458853635726139	0.353935280514149	0.310487755581447	0.718966696909579
100020491	0.936329584707346	0.577138150172516	0.243540931598597	0.69573077198043
100003151	0.00266407644479532	0.0337263281188365	0.422650730122169	0.567556736044363
100000011	0.198218570540807	0.102646149876309	0.205948101823392	0.839210874820289
100003594	0.471644367924749	0.963264579660099	0.280454009568715	0.679250505430376
806	0.769188627384663	0.140301540025468	0.267419457154794	0.471169598811208
100001211	0.94681436810135	0.561471031144665	0.288695727156822	0.661893530430122
100002417	0.604316539536408	0.580209477777035	0.269253949768231	0.646254932952848
100009335	0.490824740860786	0.146853068607602	0.221243051545429	0.711485423458355
100000781	0.712222044954497	0.957548300900467	0.278545007995379	0.682123455043699
803	0.0309078989628224	0.0355381973451367	0.264246567410566	0.557637175972685
50	0.53790009215967	0.835846320653976	0.281828065094391	0.672346386853398
796	0.463420536165022	0.0624414431199203	0.305568350939973	0.66523016507431
100005834	0.94491895654893	0.629725593967023	0.325405378092618	0.677078563604932
100001580	0.954366349296178	0.52096264573776	0.300610155732937	0.682063416746674
480	0.794174933902109	0.588059762109818	0.246296775708711	0.689333801809406
100001540	0.247818009985533	0.736026373436715	0.354124881518806	0.757584275495493
339	0.551233808156031	0.112742944123848	0.252731639704481	0.590897825554011
1110	0.941849455803326	0.932569637286438	0.280553853603515	0.67570534049181
100015836	0.168609501444536	0.179949565028675	0.410587301431977	0.855180266112583
100009271	0.523117615891134	0.471436993985425	0.313640013739545	0.658525407470884
100015638	0.991336701772242	0.42716596202966	0.292363831631519	0.662372723114899
100021667	0.915312218134563	0.480660880252539	0.321020924531367	0.663856632550426
100001279	0.585534245508177	0.357719946681022	0.30532785763051	0.811593380022236
100004208	0.0196207342603818	0.118952292346248	0.419022227402616	0.79734804787509
100003695	0.230338735976338	0.160272239587502	0.292129694107528	0.467722786532007
100000802	0.775737087305604	0.846874474881473	0.279202759479584	0.674970349497127
100002769	0.866000588716808	0.106705805812812	0.20590964796399	0.798194501619103
100015835	0.107911706970673	0.297789058718008	0.411647873625609	0.876825791266385
229	0.870609496124912	0.391198962026849	0.313245712099201	0.675803371085625
100001266	0.00585222866774554	0.0212345558603594	0.346948616726108	0.987945240788798
1342	0.299171703799315	0.350382460212141	0.237674375212624	0.698625854757377
100002102	0.876827388250369	0.6226566837653	0.309018481479952	0.764856900118633
100020254	0.167925569759353	0.565413956591418	0.269602577199427	0.709002044090401
1231	0.463263110480212	0.223465080358449	0.333568356447466	0.632634430125542
100020492	0.998900307220257	0.908047609092263	0.275046555510346	0.680339483830493
100001402	0.393786753006435	0.595403726361114	0.306536076523895	0.685527220103818
415	0.006060949438186	0.0916966039794369	0.32448609546189	0.736927509376208
100003109	0.990659277014986	0.947893997853594	0.278456732299612	0.677169253963135
275	0.541260306070957	0.888096319013101	0.283438280702647	0.672627972333708
1143	0.166188701110425	0.0740319934243155	0.249016059612653	0.778232139522796
279	0.425309737887243	0.390438125438185	0.274521038289586	0.556632820259803
100001198	0.981530273759753	0.939220471485336	0.277445212303491	0.687852561534675
1648	0.402668129127938	0.978569504929239	0.278099224840891	0.681438396099231
100001590	0.334401251465606	0.293514140509589	0.266408977754854	0.600723956511692
100001733	0.384213760109623	0.929023264883449	0.276461920551618	0.68898557770734
100008933	0.0145884833498391	0.00199683848196791	0.388812061682152	0.639784825084991
100001550	0.357304703384553	0.472769063949499	0.261267241501035	0.626819730518926
1215	0.0631198425940339	0.19174904486095	0.230505542807839	0.632864503918338
100002356	0.273846076016203	0.107793602739112	0.33340338710741	0.688342650824821
100002749	0.714245831878355	0.820715607488293	0.280558155530806	0.687189692321827
100006379	0.156333294483654	0.146132141186113	0.323204245553807	0.419617983033304
100015966	0.0796433299459137	0.160750612646771	0.30537822014619	0.509414156884629
100001392	0.663691753868736	0.882249830125234	0.27977066305266	0.678346273437614
100020425	0.122848751293529	0.0445644233231035	0.23234405418363	0.436446968801368
100004299	0.298868567197505	0.756128473432088	0.298526646989608	0.740051787965653
100001734	0.599558264275034	0.539679472425649	0.289145283133111	0.619904105607632
1002	0.855384012338317	0.810468619678773	0.279230379583761	0.680203409724705
100001337	0.306925338216119	0.796978640059468	0.264272361793243	0.682177019894803
100001452	0.792503183842847	0.8218020916318	0.276729434960294	0.660817016670541
314	0.528406099589566	0.390408909653114	0.289478303330386	0.699909482057681
100009264	0.991156094854159	0.519925845002643	0.217970439122697	0.811883014603128
100004634	0.451317742263357	0.508584324406531	0.249910625803097	0.697138883920089
100000711	0.726468589225495	0.687372344139181	0.306902214638627	0.705713585676131
100020536	0.020449936894829	0.0912093152521515	0.337477723011086	0.784883736767299
100004318	0.299837689667281	0.518770181335795	0.28531102991085	0.675256571008596
100005850	0.920033627780784	0.530014485010176	0.342274306240493	0.632157522533205
100006619	0.311045433581913	0.146411916548443	0.319962087111123	0.671122775877869
356	0.441299839012439	0.589066706816299	0.265157569922281	0.701888112922347
1221	0.584137475035164	0.580426360442382	0.355045105797463	0.717766607689307
100001397	0.797098112178796	0.814432815152896	0.276980795030348	0.674475059638691
100019981	0.554758171694665	0.843090426337267	0.285190508387827	0.70795593801255
100001208	0.430868796542975	0.241726842679556	0.241281849844408	0.97033347481676
503	0.0114298915774615	0.0113066576881825	0.172112269985941	0.521188828442129
100006375	0.146146658578758	0.621549851864707	0.300938327860975	0.659358338050401
100001295	0.762451172767598	0.742537723558309	0.274442809576524	0.745046926731211
100020427	0.0519048885062713	0.0265327528017803	0.271847970258329	0.382062455263746
100002784	0.503267174069962	0.385894653404069	0.239246675427121	0.748086247747995
917	0.0593663449668962	0.220304814546995	0.304917170975652	0.63256913887814
1869	0.388566431053606	0.211967288928398	0.295231760433526	0.561894991552942
240	0.238927476368557	0.112029191338743	0.17885677734143	0.489183712090225
798	0.00391793148622585	0.0707334213073109	0.429831313143244	0.61287115110175
100002952	0.268500725554672	0.476413580752496	0.278516163905734	0.766508157087037
98	0.633785571421477	0.818564253625935	0.293917231067851	0.686943643348444
100008998	0.298706668828251	0.317817949239507	0.219093345548059	0.750696022755764
477	0.881828378210792	0.286950194264756	0.283441608972197	0.676788995202393
100020545	0.0861090794686519	0.138357210491556	0.316648583084237	0.845513651405527
100021666	0.993611236811081	0.21452295000783	0.316784680816946	0.67256952454108
1256	0.544455102995312	0.770140869636824	0.315889390366029	0.709116587001258
533	0.353714574553834	0.096011051633159	0.196244678027536	0.439449101371516
100001757	0.451913820562944	0.93671296746226	0.283837536835064	0.67791793493024
1024	0.324915869653521	0.104122865332641	0.19028122500233	0.876001868804625
267	0.470681778818486	0.925401667363188	0.28115190952864	0.677494525956631
100002113	0.105541598940192	0.0878303760191184	0.261231238509397	0.701026929107394
100001756	0.860076758921509	0.724902941146585	0.288976511833533	0.700911925262749
100001193	0.428166663043136	0.158408895612333	0.349578470560297	0.625425427873396
100001668	0.680043062147372	0.965184200160243	0.278623326465006	0.684670913121075
1124	0.311931732391903	0.344554407636132	0.252643061795489	0.775189572599438
100021331	0.169617662175759	0.330839188529414	0.263027771712565	0.723411628551056
1090	0.0559561734555403	0.0307385292512814	0.260144551985668	0.835784344374879
566	0.840473550866263	0.336821172501564	0.209883726144081	0.685998863150704
100003119	0.440898902012765	0.238110198798266	0.309793361230582	0.610652726475065
100006367	0.749357720046312	0.519941057910974	0.286528646977572	0.657180886835465
100004322	0.213576469079477	0.229738257769772	0.283678579764049	0.768289698431803
100001034	0.667521539151863	0.857351780553386	0.275343967808932	0.674439568766036
112	0.932480222622086	0.941499686792546	0.279095792745476	0.677949472222002
507	0.670916877372281	0.62381068240116	0.275108840312845	0.692902753326064
100009233	0.286802135524672	0.147630534716334	0.255008550849806	0.704671087215682
100000406	0.0145558264559038	0.095860083026643	0.46341590245502	0.459568172027576
100004046	0.373001061851288	0.345096846286354	0.163152310780729	0.607358017238497
1025	0.775510625860755	0.724690669262217	0.268922837446874	0.698725469910985
100001106	0.190680901798001	0.209491836328417	0.230954623329942	0.708318219755174
1128	0.0217124641902498	0.4767707717236	0.320132284151104	0.746254510570845
561	0.0456241407844956	0.158388566844139	0.189904853458305	0.595496010853175
100001614	0.857211417638818	0.364936641063908	0.293157910061903	0.657402341218376
100000961	0.838186869049806	0.951336114862612	0.308418791595214	0.678079945576432
100002397	0.881712709961555	0.581893905359756	0.277874670468328	0.60970505083159
100009407	0.938979625195781	0.981537081479456	0.278814956806824	0.684494578915904
100002910	0.875483428647611	0.660239492665183	0.258377998059952	0.627327676865213
100005946	0.251644330342041	0.333253776348964	0.325133780745727	0.786514052527875
100019794	0.0951219491089561	0.286489154229866	0.278149173961228	0.839027139199604
100015759	0.299953054611848	0.0778262220997906	0.233945393354992	0.690024132900814
100020417	0.709910588823716	0.603001594338438	0.265955915684629	0.656331612951637
100001054	0.73139292143801	0.930276342916803	0.282169810839658	0.682079402124294
100001437	0.297994370986767	0.341189111326711	0.236984491720724	0.612600365565144
504	0.24947669444345	0.710617170806356	0.324960050309082	0.690236408976113
100001988	0.465372490532505	0.663671049866569	0.273381964012783	0.832848826365144
1082	0.0293570919640504	0.620429784006326	0.309159491637112	0.709440304725124
100001403	0.32212152493652	0.347043896499004	0.300834527580788	0.655890151712085
100001664	0.926225546398573	0.549848679477176	0.266275865230718	0.856378049630208
461	0.265809766045022	0.201797578455292	0.447900120207735	0.655998396735504
100000463	0.686875318134966	0.985906868849808	0.283839226026061	0.681300109138452
100020208	0.567831524835249	0.541624127382645	0.3170369169644	0.574460889686451
381	0.560616835780986	0.0799037702103447	0.128652960625696	0.517045948704874
100010901	0.0881476986871558	0.0843463829082076	0.279544728787477	0.79360636222457
100001468	0.246109609135231	0.893969014133687	0.273833998274114	0.709768026505506
100000840	0.922441044526284	0.908939940059684	0.282816392611338	0.690505634725305
100020014	0.242752236774179	0.59840632092712	0.272831963671929	0.696423267310258
100001993	0.771611898077192	0.612094457685966	0.233152322409834	0.833690533436971
100001051	0.100331496156742	0.0184271398340933	0.308045995443981	0.357298277939677
100006116	0.381125327505089	0.507495905477605	0.282678211354489	0.682280460542954
1108	0.942421012377245	0.985898296558482	0.278578857602048	0.68383999292323
100019966	0.37244940386101	0.142368586147901	0.330543895598035	0.650668859870664
100001743	0.624281992162079	0.429082057828583	0.271247732203288	0.666939656880876
100001294	0.119143672989681	0.219804899054286	0.206973603351158	0.739246334680005
100001609	0.263928715742787	0.108930391931256	0.262081762650886	0.771828649412642
418	0.791831684174559	0.995429399937887	0.279612781775642	0.684336034301571
100001178	0.368669022476653	0.892476208793844	0.276037149202293	0.668869464108744
189	0.954612798260723	0.733457105548062	0.259456152132295	0.653841132515593
563	0.543611429196253	0.65661979170876	0.302382903904246	0.65439916178464
424	0.599595277731449	0.44474234416294	0.309912020620443	0.663579779947241
100000776	0.141871629593212	0.394585428751459	0.316473552776844	0.685113394015745
1001	0.997632785723413	0.498733504295649	0.285180133566855	0.685715986296304
1135	0.320247414006183	0.0921222425493914	0.269333684284064	0.744642754886899
100021093	0.367703467359416	0.538328697822478	0.31882921728491	0.701285966445371
100020219	0.120256827664946	0.218379508554724	0.286109144398913	0.568401495591096
194	0.463637843616358	0.807336709028253	0.286286535076716	0.64939657909582
100008930	0.711794572303846	0.615919205925006	0.302101363710586	0.661504876971751
340	0.63138659703765	0.259682323173244	0.178404461663548	0.759334025016688
100010896	0.91230276393435	0.805631630715481	0.267901614787249	0.687379373821856
100000787	0.211116672293216	0.101658385292962	0.269347923223102	0.389027142770598
100000639	0.0263156966483777	0.170932972248763	0.243911568516011	0.685403051103253
100001851	0.978000134810742	0.254202353936393	0.301319850281358	0.457634300815409
179	0.580503787255834	0.605992243629222	0.273665716146593	0.697303827361493
100000626	0.367010366998454	0.611768164027836	0.294231926150182	0.682604903744462
100001605	0.00997909607096418	0.0822563712796778	0.3550594091554	0.771913729416884
330	0.24006818572372	0.377018778457649	0.308488899159673	0.534072094732632
100001162	0.735226352971303	0.63111522160526	0.252948892083897	0.652032626312597
100001167	0.0351126220910981	0.208499294458672	0.262406787841822	0.653068725162312
100002067	0.577182649241004	0.782643322327121	0.355414150747509	0.623686163390178
100019968	0.636205977809939	0.358095987106135	0.311070242080925	0.618184773200146
100002014	0.945784136574978	0.976662784547486	0.277540422322498	0.709379216772829
100004083	0.465690345181241	0.159833492136519	0.308039860669618	0.549735586850333
100001315	0.295202581326515	0.371116823953042	0.295882995461863	0.752876566788023
535	0.204609472933205	0.477894856077678	0.307861253015956	0.674734380040202
93	0.412368204071917	0.239369818013471	0.312269081046072	0.510672497337045
100001989	0.354068806523945	0.630652022399354	0.258195465150007	0.725899208521805
100001740	0.759779825396222	0.403595204564788	0.25256564957614	0.700390379814453
482	0.207093231485671	0.945664360121087	0.278349248125926	0.676654537086028
1629	0.264971338199515	0.42400331795483	0.333291366508569	0.658457292543934
100001399	0.481043750391381	0.39597018833941	0.285824979745121	0.676761589428955
376	0.80526992073217	0.157693628059934	0.171644212099924	0.792821595880168
342	0.589836154679011	0.584886809511163	0.27620722510297	0.678932636092843
100001253	0.0266987196646452	0.188830262066352	0.237180724624	0.889033170676624
100000708	0.678288219620801	0.974861855530417	0.283810515221363	0.681925637320226
244	0.194102512430538	0.0545334127209355	0.234635564616356	0.80076918992841
100006726	0.418480246953278	0.289579304864178	0.325473372581776	0.665771873960716
100000036	0.169521116132896	0.678010464944829	0.260480271652539	0.71766878389388
100001257	0.0225575210015199	0.0815486960626624	0.387099448402889	0.952367959764762
100000445	0.631104907054764	0.604389397654321	0.30432559108307	0.636246955507565
100004088	0.00443580542336492	0.125003293557745	0.323353744692356	0.755959420369388
100001423	0.983062387281284	0.769877814376409	0.280807638214342	0.656097830997336
100001276	0.385457335590029	0.30621501138474	0.252898277436708	0.600067829251404
100001876	0.743258270212936	0.966490585537315	0.279318069433546	0.67993978371398
100009082	0.658661865116885	0.050762755184901	0.129294312770062	0.657736290982385
100001121	0.342727038227025	0.733968085930776	0.273952148028355	0.677137272079233
117	0.322215766386872	0.635312065958928	0.261449699726751	0.700799561024618
100001868	0.0370703627082546	0.112521404221695	0.328917405507744	0.687140589861071
1134	0.692535210056071	0.303749151220103	0.18742794452042	0.650059813479053
100021012	0.259507953136791	0.481972317325518	0.285083509783394	0.70483199800117
100001181	0.769708792227163	0.26889724160204	0.345536336868961	0.613439495552189
100021467	0.743065457465738	0.316921295019086	0.282598245432525	0.595590621866741
100000447	0.205532730579437	0.234216172791878	0.305869212547694	0.625834607277723
1162	0.000498415421389231	0.0124788154014199	0.36090270603186	0.578772859509027
100019982	0.497126135165073	0.458414732613484	0.291671928832908	0.666522067853494
100001613	0.980839309611907	0.437716581947332	0.294210217551462	0.650291267915305
100006644	0.394155668370298	0.646401367766733	0.261902844662567	0.707440173519535
100000096	0.569774359763972	0.0255257423926012	0.183701476258842	0.655213570107986
926	0.336412151117874	0.959650411203895	0.277613509876553	0.680899640610553
100020004	0.872371362175981	0.65303711834926	0.295982749632079	0.681393168208359
363	0.181957432809895	0.0437205445186723	0.255955594282499	0.265349364138501
1111	0.366023258302197	0.902195718653011	0.274722533049431	0.762429317949185
100021712	0.67109207833302	0.794102769696536	0.276552201259993	0.666826296667555
460	0.833114991408488	0.674232208256374	0.288824405405693	0.721158241963941
100009331	0.301589449824677	0.153157534559446	0.248178482534583	0.717487052812842
100000442	0.258500413832124	0.7206063069752	0.298863007729569	0.695947443506921
100002945	0.0917704247179621	0.0167966332880834	0.364846095346053	0.63866503890969
192	0.87815239751872	0.935284580920977	0.282581005403148	0.703572437625867
100020241	0.421013887633881	0.990156133907072	0.278010928327851	0.681036828657661
100000580	0.130841553110582	0.12628181032688	0.227128142953039	0.920281411376546
100002466	0.00721526591531272	0.0195717422760081	0.222970959608349	0.419021200085903
849	0.691910840369327	0.583552069756509	0.283426511338433	0.631197137013434
501	0.521548845174322	0.393157826016148	0.303052930021843	0.633574331247046
100000282	0.675960305939114	0.131051277147029	0.356658420534537	0.578246309285672
100001577	0.0269000072644099	0.153076886436117	0.393596890992929	0.748971869801758
355	0.098394902064703	0.332499959585933	0.236619318042398	0.586993729025061
100000841	0.790862481266671	0.964547865148135	0.29777533813753	0.680623789120312
100000846	0.817004757070364	0.346075316327623	0.268078151340195	0.674346307355148
100004295	0.889758851726738	0.4076411679458	0.25775345169124	0.632514547346381
100001586	0.105527280472012	0.045319217863973	0.390637241154419	0.337606512423386
407	0.0130410066910106	0.0344783424117346	0.307217975002055	0.747010369133235
1137	0.822519868863869	0.724678116332517	0.268238996011762	0.721478528383358
100021374	0.0356386810874082	0.0135785585882459	0.208469872856158	0.915054872531515
100001593	0.648072961491631	0.920818796767664	0.277818094307686	0.684475790761001
100015971	0.728736134280666	0.628287317935916	0.265141861277542	0.675880556328247
100001022	0.372209982021614	0.210032268869186	0.178833054003818	0.928986241884229
1094	0.0544142532282119	0.187425564433997	0.44681045905089	0.938697944848518
100002122	0.255798461126506	0.235926090221508	0.22807891488287	0.78256598677288
100000706	0.56020863311954	0.630375700839149	0.245981183478347	0.679396087522669
100001055	0.777380016130172	0.426621069436374	0.253451018233889	0.624746120581425
1235	0.488678728662349	0.77415080834267	0.268170935601354	0.705860946141176
100020204	0.0982159914454292	0.569790589119868	0.299708209122445	0.720108245317249
100015643	0.0228035480749557	0.185572229537715	0.305268373097702	0.617763782411837
313	0.0171113561310616	0.202618482331924	0.291941222908713	0.606929090111273
100001413	0.810203132646399	0.938444140277316	0.279656587192874	0.676739744046127
100020423	0.0188380845745852	0.0149372669286481	0.30534531239594	0.358161568074553
892	0.465919534768325	0.144966710766522	0.305393972060064	0.711234329024939
212	0.0575421149955389	0.114185834656868	0.360701208764377	0.649072446642618
100006105	0.175906068991773	0.154786216767372	0.323181045720275	0.697527121159633
437	0.799629654886243	0.569857755629724	0.258222876122365	0.698601595534112
100019892	0.465185824250001	0.77992697950591	0.277048356707465	0.704810315770903
100005716	0.0724447908980415	0.102006844027013	0.303623693969668	0.768405708442919
537	0.221901659046536	0.131960944203629	0.290364480781799	0.708930535237307
100001990	0.287754929766469	0.599771188930223	0.318386851006656	0.630628558052898
100003397	0.0362987211752333	0.00461536945781489	0.216163548409515	0.437261205986849
100001320	0.118892222777668	0.220500415627123	0.355057161702011	0.443210018191572
100005717	0.125465885348121	0.0854581824711189	0.331625608299749	0.718783169956928
100001207	0.032442122080106	0.202438086643796	0.316365697513085	0.688880755595133
100001999	0.525903926076206	0.828789865744451	0.270309474837058	0.772659438780465
100002488	0.226682371487346	0.0180864758854977	0.330118699281972	0.625042347968421
62	0.203084647279945	0.678619704905014	0.268581936566923	0.686543791969765
100000467	0.568285271337107	0.38776989834352	0.26586521678864	0.652064678480901
297	0.0040896048239789	0.0984321753784556	0.280221710696243	0.642482956874463
100000285	0.0289682606279269	0.398246715685353	0.279331191901815	0.77477858706671
100006056	0.0665611429570446	0.397987963495408	0.292279956332103	0.721823429434273
100002126	0.127797556356775	0.257079766961993	0.217274722871048	0.990984923694942
100002129	0.78318203257968	0.797617314116473	0.26667763106496	0.781082970895013
100020478	0.0307545352790509	0.210624784980386	0.25433515237412	0.714347274505268
100004089	0.0673564632154914	0.564273012802912	0.294457634649427	0.638465329401119
100001755	0.520095755623243	0.567291083142052	0.280296841057078	0.636903475073533
100000551	0.0300145402857339	0.962290720240881	0.28666750958664	0.678847194409117
100003260	0.491509466809182	0.325247493209858	0.313507317160815	0.756794477291191
100010955	0.832215958014054	0.401079298012229	0.224117769770371	0.577798581089474
100020851	0.219152030003064	0.458844777293646	0.298568155253757	0.702499075154637
100016069	0.637494490086165	0.745672102985036	0.281078811730515	0.664911222491769
100002027	0.493785126118856	0.543433811264967	0.216149985754909	0.795557616547533
1123	0.375957434548913	0.187855815069153	0.26864892921084	0.813620872824222
100001150	0.712818953709475	0.946675489579851	0.278854765663483	0.684130811357473
100001657	0.287097147137013	0.696620964362503	0.279368239628538	0.665135758996534
310	0.257536334937426	0.351397080277027	0.244737269806193	0.78344799142926
100001314	0.324910888614713	0.125541351224721	0.270128232139677	0.565792216387879
452	0.700401968486106	0.633807456484552	0.313628756609313	0.652679173836809
144	0.0953878282339115	0.060966253205401	0.340175697424753	0.548935308968383
100001182	0.213378267766665	0.155339288033307	0.341697722385997	0.66474392467727
100015965	0.738006982783615	0.463609870871927	0.265164563618289	0.752022479275459
100006108	0.939414919042579	0.46452977664261	0.287616343940712	0.719235324409571
100001400	0.753524257532431	0.687732049773754	0.263138362865379	0.669626773108737
100004541	0.310712930037684	0.236135052243712	0.267001794420696	0.442566326830804
932	0.847751125245646	0.331379490497768	0.28548393572264	0.716794972638398
100001992	0.440729105644483	0.553110645108577	0.391014073481415	0.579996009097891
100009252	0.125166971043226	0.183437131390146	0.34021898247323	0.664716488013579
100021104	0.627508313556911	0.564190810913749	0.229958008462934	0.816769797290195
100015838	0.00980417594564573	0.0463379757303771	0.414211416739051	0.929185879438297
250	0.000975097656748053	0.0239680738683004	0.504956069891173	0.775989268817228
100002537	0.942132151687572	0.558473437922692	0.260291806565618	0.776098953337567
100001658	0.826015710465813	0.715484072148342	0.300612472440487	0.669974263448961
100020416	0.322102512474859	0.436893158575708	0.251083505434948	0.659340323839145
100006642	0.226899761320949	0.75590674882124	0.26817668671716	0.705645209681117
100001391	0.102180033390546	0.375171233769829	0.353483476250614	0.786881981295905
825	0.600505291168627	0.675893274562763	0.252304271314349	0.691635540207495
215	0.0168625184538119	0.0847800721726473	0.32893425566595	0.662327075332109
100001026	0.991590095125009	0.858333703674394	0.274929341762959	0.721827791612541
100020541	0.420178928449627	0.459958333279587	0.244144801479255	0.721593275592646
100001526	0.22812338910828	0.32762507008908	0.413359786119098	0.786797497896299
100005384	0.511881133269878	0.416994846106443	0.260939217410776	0.603044775464014
100020378	0.265157195521298	0.681517647535009	0.266778804170244	0.688691724228493
100006115	0.98700207895614	0.40296703280566	0.360875888979354	0.578306318844739
1442	0.227906816635166	0.0492609167865549	0.0957336004856311	0.526456704755974
100001843	0.159285490894518	0.249417839838932	0.301917740577656	0.762716220739157
100015837	0.150295810433356	0.304708083767256	0.472251738733368	0.632677236183803
100010834	0.721796180574465	0.970871189765872	0.278297128095168	0.679646625455713
100001393	0.570457528179406	0.483903776562417	0.229763859463726	0.719488972883447
100000015	0.30699313583839	0.596634953819645	0.261647918117056	0.701741337080486
100003892	0.0475751672410418	0.0492076812955013	0.242101922258434	0.93789131465932
100000042	0.206200397170158	0.0338811880912343	0.294368160004199	0.589709095615334
100020550	0.576853823870665	0.217251155367838	0.305251118661435	0.579221076763637
182	0.42096182821393	0.340136549269729	0.271109555403468	0.704537751309805
100015723	0.117148635563656	0.326919503199697	0.281301966926107	0.659493912390022
100020343	0.357307116906366	0.444527503631804	0.252102230914789	0.686275972663294
512	0.32909352571692	0.533962380191439	0.308173930886966	0.643801692985364
100021100	0.77523912140758	0.740497063098296	0.269043778962953	0.685108011208578
100002528	0.338076281068194	0.0846088768212511	0.334941023532644	0.470588046431378
100001287	0.465919304132163	0.759957845749359	0.370628071657637	0.630018528190052
100001229	0.728187375628501	0.869446551085781	0.288637478523377	0.669169232848924
181	0.383546461637553	0.854708821830766	0.273861583585108	0.702513311109531
100015831	0.00174138286095792	0.0270179844615585	0.377013789836358	0.477671398754635
100020515	0.346300125474573	0.501646137401656	0.233693766901027	0.819883717161562
327	0.200393533125265	0.201702201501227	0.344958288592213	0.629151236962588
100009394	0.643399914826056	0.735259974105219	0.262476380265921	0.71189019441362
100001596	0.968320540153709	0.315887059791769	0.254031340584162	0.534281780735912
207	0.855274999874326	0.482349193655015	0.292083567939143	0.641589738245652
2054	0.509170199515586	0.804752954554079	0.270251152951564	0.695090572037584
100020259	0.653896351200569	0.536077770694132	0.304561094992911	0.663863418383303
100020414	0.00308338817021023	0.0434878409255068	0.204827420361915	0.655117970146064
100021131	0.852529242571686	0.242329274732081	0.262767809404633	0.633244613443849
100004499	0.845713046032366	0.760342051565886	0.27224697809781	0.656913278036526
880	0.173767465219234	0.84013908815404	0.293667134008997	0.677026566120851
100002049	0.498781824561287	0.294939472288754	0.310098547466316	0.631698855832147
100001739	0.551079331790539	0.260797095527971	0.352389876106172	0.642677323441202
100001126	0.422524095390717	0.147066901327477	0.180380029022475	0.556133517570947
1113	0.635948185727098	0.813726664898443	0.292987395544201	0.653292832636219
1083	0.976165558628757	0.29726817761297	0.30697643686983	0.589578770726009
100001730	0.0794984447989495	0.187594332864891	0.323501859101472	0.558501917829138
100001412	0.565764909608535	0.950454645242837	0.277933843678717	0.689543473024812
100005996	0.747337435022958	0.534903356157151	0.26691691191519	0.649119178876419
100015962	0.00742944969921864	0.104743506650137	0.215795874263307	0.976395909156451
100020214	0.724594527529513	0.463766345885177	0.292603354608271	0.609147214403433
100002514	0.123662583486627	0.348852176072334	0.289757389691628	0.620890401658016
564	0.194929910997304	0.059161793349528	0.249162691876083	0.564001557351833
572	0.0230137880683667	0.0188641015060789	0.416198828284442	0.548741048165032
231	0.973593991355183	0.577626186419574	0.24949185176399	0.699858469883513
100000453	0.935474160476361	0.779518425857802	0.268108016884411	0.708364339494469
100001007	0.116103243498543	0.259568671491524	0.333084172374358	0.566255663566632
923	0.622023448213152	0.330563162213322	0.262445028523755	0.732624747117817
100001247	0.444911414495898	0.615989614565295	0.267774251677369	0.669502290881053
100000774	0.56278198579881	0.871443104802818	0.29169191749043	0.697286956250551
800	0.344907209052191	0.332957456204142	0.298081278693059	0.74544020462359
100021678	0.276645088934821	0.433677129096945	0.237572552507331	0.682331939482085
100021711	0.434739459001401	0.951820582398973	0.283632401047158	0.683209594576172
100001274	0.7925135793637	0.385195225095695	0.263631448767571	0.521786041602375
100021220	0.134565530708721	0.171926842168713	0.349359540651735	0.997537217195163
100020253	0.400001307933984	0.958670829426215	0.277261534808101	0.684498191512443
100001170	0.804534717956139	0.205358758912125	0.255183408152681	0.585370454765304
100001466	0.252234403017308	0.828303723540713	0.287472690286525	0.674729842645235
100009406	0.721212297130337	0.71759385411797	0.270032238954541	0.697040979188216
1026	0.163813942990125	0.336953816973908	0.295977051698761	0.635185223464662
100020837	0.719030339384572	0.412487930436018	0.314668973514078	0.591834350182898
100001006	0.0617773758695389	0.062587105419319	0.268856323523658	0.819978233411629
100003674	0.755303077445828	0.123238339927926	0.278039613318467	0.672756399681215
100004396	0.328528577904096	0.415706802712679	0.316388464125406	0.574082102475597
100015923	0.507256482652233	0.895932669147971	0.300215533770224	0.672138584607765
100000265	0.479710346447674	0.751982299616966	0.283174225136406	0.658061450465624
100001409	0.0764657935695109	0.0947035335818086	0.265245752024692	0.504651670371999
100003434	0.4161122433146	0.508997242194596	0.284765962847611	0.605335576198671
100001334	0.618925665224848	0.0766538447133956	0.348669625290204	0.563096372355926
100001102	0.716241197700706	0.747811500348534	0.288452810291419	0.661061431391196
1268	0.633480219393972	0.073239997171944	0.173483201814244	0.636279398799883
100001300	0.23984872681326	0.095113826379197	0.247648342054759	0.687149785950063
100021324	0.243694905384483	0.717583518729158	0.359388299261408	0.6727846762205
100001617	0.11013234989494	0.101063003387716	0.270476915922249	0.722164041180807
1105	0.946676091370811	0.174989133646177	0.373330342633987	0.386586950493932
100021502	0.0636533199131383	0.278511491946247	0.269180123111089	0.709271432850385
2051	0.872909443796901	0.493869049502744	0.279569199762236	0.556674522716461
100001256	0.145168125350736	0.492621263999567	0.313479164779068	0.819471821389379
100005466	0.0625635281351143	0.079122154538609	0.313903967011027	0.471563373429975
100002199	0.126524494741731	0.734625450639869	0.288834462471967	0.699762168650202
338	0.0160962683484206	0.0467494860427237	0.441833948748081	0.443285706116485
100004243	0.500242080031016	0.671684583108544	0.263294468214552	0.689534056780179
799	0.454124620700968	0.937081595045173	0.285751188719384	0.680017731007674
100008928	0.610740756622185	0.118270619067416	0.275427452240871	0.668640012075091
815	0.0855434426908005	0.253798400804665	0.279302746738648	0.756541067182289
100001456	0.00557479970734491	0.0750860207414337	0.269149149759455	0.603807099439659
1242	0.0814341998160388	0.0835067509140614	0.331696160511547	0.482234980223849
100001416	0.288052202895694	0.105520521858803	0.19028525894133	0.427176139079986
100001462	0.362918703222292	0.326898959996326	0.333683028395254	0.641734345762811
1087	0.191384792774536	0.039566971887158	0.292182581145321	0.646757872131543
100020421	0.069262468486285	0.103151440947637	0.319915013273255	0.445072540804775
100000010	0.00407864103922419	0.0434708068488226	0.288402802448974	0.733894981062773
821	0.531232223050191	0.372797680427243	0.308565270294632	0.532875420195606
100006627	0.248344728348244	0.12353102448946	0.382505189847741	0.564898289225629
100001277	0.356365946838793	0.151113450956866	0.328070429848525	0.637709853466692
100021141	0.0399336580095218	0.245397577190394	0.319090401123918	0.775651861009662
100021105	0.190186464653663	0.294537400439113	0.291690937347096	0.502147408431543
100001950	0.000395649913950366	0.00811924086613995	0.354463784618125	0.843822459965976
100020217	0.872109317422236	0.257041681546445	0.191544469525484	0.502168149756295
100006651	0.0303291648251268	0.200473962704518	0.313364205120493	0.461883307840518
881	0.950152490292812	0.426591762413741	0.2644433101917	0.695700160110225
100001509	0.71947310492645	0.178756399938849	0.2455113737775	0.60365763334976
100021709	0.560633558117081	0.786641964824725	0.271170695718622	0.689764583584262
100001635	0.311086386146429	0.0398228339754476	0.304069374526725	0.630319360764491
100002613	0.456943267809977	0.121816416928465	0.258265710148632	0.766058271195835
100009329	0.574053649149839	0.7291764416315	0.256368443117385	0.79727805325351
100021123	0.890838711556086	0.646903923019368	0.286862507872932	0.607249702948707
100015760	0.232566425238255	0.13056909010793	0.22692207429149	0.721927396125281
100020205	0.381358811506675	0.384817605486104	0.325213881075987	0.493706754576899
100000765	0.577177425391127	0.589295307233663	0.27271810189707	0.64540917321656
100004111	0.285148326655554	0.112102625111742	0.317492052919097	0.653833084537367
100001615	0.197269723942652	0.800092622246067	0.277940995280148	0.679750534266126
100009227	0.194250405004831	0.108280308821929	0.398544160817416	0.828518428089957
100006191	0.374882777395141	0.550508987679613	0.306194223286799	0.627152895439777
100004542	0.43777611448	0.322511640295656	0.294494399186124	0.733022720533163
100003686	0.298784939817434	0.116316444331127	0.394232465537501	0.616712121361072
100009232	0.028918406446499	0.232477517202554	0.275645091753554	0.588329481524792
100001501	0.0491897749356632	0.12335111813295	0.364219072428271	0.721418915140577
100002367	0.50396238744441	0.259814211783783	0.264260370267946	0.536532910981924
100001108	0.352506922554022	0.648717497790849	0.275163245957421	0.669078747848983
100004227	0.767251597125931	0.860107402379868	0.27654197137567	0.696757719876665
100001310	0.185222894536251	0.324183487674449	0.268191618409065	0.792574830583693
100001994	0.821665972435519	0.912191285537033	0.293092298433805	0.743129736360333
100015839	0.0142202133544935	0.0190427293223194	0.372848175403469	0.765786689325475
100003271	0.00537087855487192	0.0774541134803852	0.360387293422734	0.484250986779132
100020496	0.831543976201226	0.975223729350285	0.280997502269291	0.684769018943828
302	0.706358510265589	0.433145338831402	0.244437043240033	0.648579507280841
811	0.76218361906222	0.748411404858598	0.272187205642196	0.716049144533816
100001267	0.996565718987607	0.770370449349383	0.262656795633231	0.67786816675893
100001197	0.0204092677041952	0.327400244119147	0.323582571839833	0.695845295045402
432	0.218593643291154	0.471163591887444	0.293968162344367	0.659138381441234
444	0.0106791971382864	0.0538296664108523	0.309142840616065	0.810685640091889
100015968	0.346791292336131	0.395078924640808	0.275703382169523	0.612847014748906
828	0.871583296407545	0.934235844718877	0.276185328818254	0.683922913883366
100004054	0.258904262617767	0.940121071519628	0.279331359330065	0.683415776557624
100004635	0.0942036959213057	0.142778677405399	0.631377665687035	0.418638254599506
100000491	0.460618062659532	0.603720718117443	0.271816489008761	0.595922761732478
100000939	0.0456391458835225	0.0339205683736458	0.295300629798481	0.576281008494214
241	0.218866576631504	0.610488854952898	0.294305658505754	0.699987694639681
136	0.360272123029415	0.0682434250417672	0.24488289672853	0.868910057302366
100000792	0.566155218180718	0.958928064420637	0.281443589193381	0.735068289461063
100020973	0.576299356968264	0.657889216752043	0.294851713670616	0.658832532075277
100000936	0.735190109292215	0.890807464433343	0.276916122028937	0.682967409811222
100001313	0.00816229979180759	0.165442306482613	0.293418405702433	0.731487384571951
100001951	0.0554808043570353	0.124743890409305	0.312025478630089	0.671020584555309
100006098	0.0175451497655239	0.0861891632431557	0.308360181124913	0.793843122887961
100000007	0.239457706536372	0.555894428605421	0.285515305923645	0.686270769470163
100006641	0.917712252848029	0.909822434984109	0.294751822328403	0.681660007653431
913	0.0104503940844981	0.056937747080373	0.347848342362054	0.54672352031974
100001579	0.809380748112053	0.435557026143528	0.307324801980361	0.682421143200668
100002911	0.147617702138391	0.0119188206691773	0.363964972579206	0.642214224856102
100001293	0.257738281556173	0.372004092334873	0.245266473976853	0.820548304689389
100002241	0.208192436908238	0.518889876073581	0.293880088935941	0.650306201201039
100003179	0.418221085714983	0.09817123057311	0.270107478621334	0.543171998746031
100021372	0.321271807514881	0.213310292396459	0.206105978470178	0.688310570507788
100001956	0.330655971219034	0.539065530631874	0.28138215302174	0.600996669378678
100021162	0.191187485309641	0.138113282124738	0.263190229350912	0.49691071284375
100002259	0.360867309158616	0.72982540146845	0.264808254475721	0.677178558732994
252	0.425822365249596	0.56849460256612	0.320696769504081	0.621116055813157
100000707	0.443893021264148	0.330789272119055	0.275580970375825	0.690157696004557
1489	0.716889793001911	0.0262594352285734	0.208231728601285	0.655476480365248
100020361	0.0290206270119318	0.0865727752843365	0.30596143261702	0.964751157104882
55	0.650146879617022	0.747762564789447	0.260250927582956	0.709427284655532
100000863	0.255021887047149	0.259237049647593	0.243082096762882	0.717756380505399
100015840	0.187590704840955	0.126478034092771	0.366139891406195	0.642442474355602
100001541	0.155287428258836	0.0865625591677591	0.194088908609933	0.675236314866025
100006082	0.138131358213706	0.0509099393051767	0.379689261011546	0.683722002270477
1254	0.712022917925821	0.862525483743681	0.274790605535473	0.709320406925248
100001624	0.50337355429934	0.359240153469623	0.261688705422407	0.657828869835606
100015850	0.866733246860322	0.676223109596787	0.329258383209288	0.653333660863666
100001104	0.00325576065385739	0.0135348482747065	0.311910711719453	0.963278429309659
100000900	0.115471389980779	0.387399214314859	0.290387022076718	0.688163697042945
100000269	0.234310159474171	0.0887913067160671	0.170875314529672	0.634283307860155
1022	0.0712320417747786	0.703083984711267	0.278982037827257	0.715399267160523
100005373	0.206919960364142	0.0773873439733793	0.250623060871076	0.716497051531492
100001129	0.128500148409834	0.710934292270891	0.268795955908388	0.710092342906088
935	0.0122322815577471	0.130590863737917	0.362661674593494	0.547920240897326
100001262	0.161407724548374	0.20533253677742	0.290692330163811	0.708570918685895
100019978	0.314939070311305	0.605016500413373	0.272610791407347	0.667986911928167
100002293	0.696807128458494	0.72891376689953	0.283787052811718	0.684368518878468
100001426	0.196129472099417	0.28174236675453	0.284106339498848	0.526360089410445
234	0.0290505611258038	0.121883016938713	0.267753032493399	0.649997145040606
100005403	0.240832920375022	0.947035449234448	0.290493704766438	0.677018116150142
100001083	0.0412889830838106	0.319547843741041	0.301671222592783	0.702424826385383
439	0.705575120736252	0.313905803384535	0.29938681511966	0.676882939311999
100001086	0.344111182287326	0.409985103459585	0.290865996966326	0.760993191635479
100005864	0.737900908634514	0.451413929849852	0.25485711370018	0.748253922887786
491	0.513402552994012	0.917872826800243	0.276881465338542	0.682655897503697
100002029	0.471824122920692	0.423406942936054	0.264287333325464	0.545261073498589
100002154	0.803852242003551	0.470755664233863	0.247452262834595	0.660891820485221
891	0.49959238647537	0.198244797451866	0.31152445697608	0.649520713430027
100020261	0.374515998909058	0.413585735554516	0.333901879039778	0.651165683280518
100001296	0.507122844230717	0.479813204503569	0.281670039059028	0.575869413009576
2050	0.47436214740591	0.534592390287449	0.299538595152939	0.628179904678829
100002761	0.338170363667964	0.707795182242773	0.249637962472138	0.805397677717435
100006614	0.895985904172735	0.621551235956637	0.256013699597927	0.761853507018785
100001597	0.843604348548098	0.187609118690098	0.189068538582886	0.507397019403882
100020853	0.786546536263466	0.869479361018548	0.281148614415119	0.690416027402097
100001446	0.262472857150098	0.36436401253515	0.242568045781393	0.670601501131787
100003240	0.287653795692639	0.116192127296502	0.323200209587806	0.597914461716982
100001502	0.0207647251107112	0.160723471738996	0.351176228132737	0.792228966381647
100020866	0.0949993314906324	0.0107193580654732	0.17283640294659	0.496451911403011
100020419	0.030820582935445	0.0909827152019851	0.305120571735895	0.428785747480858
35	0.560913481516052	0.365183213882556	0.256714845297854	0.635879622259324
100003696	0.0121219178577028	0.0443720409965495	0.407544835647821	0.614973627704736
100016038	0.766743631939649	0.989594429906097	0.278273584627341	0.687480358560133
100009333	0.198352182734243	0.150212821842733	0.277791951066433	0.712341340260889
100001611	0.156187568370821	0.318622078513774	0.364763626261611	0.658582823866619
100005383	0.667745032836512	0.293084092959238	0.284747201629314	0.722938905754406
100009239	0.298239109422002	0.116950705218888	0.348313136830641	0.494031361554707
100009332	0.292457214427219	0.17735547205577	0.280521370330061	0.643164664830892
100001731	0.153104144746243	0.663682214292082	0.286034877920212	0.659057716107857
100003415	0.33941029984525	0.442688546396851	0.274364843069413	0.700393364709692
100020578	0.136644995559173	0.193721949749959	0.260337915411119	0.575061945613919
893	0.853142202627487	0.506508833974322	0.276149354401948	0.695369906073783
100000963	0.306705264442851	0.192453999245958	0.363032433379369	0.479215213324709
273	0.127612498737994	0.270946855979791	0.332124040316956	0.680639246610133
197	0.447161840250038	0.359831748473014	0.2659488387717	0.543957574262928
100000808	0.280678634615552	0.192687927628711	0.260004649948782	0.852221524688734
100002284	0.713815537414532	0.422841265019574	0.193517449781583	0.626934525808872
888	0.952301667263595	0.0948722112661291	0.304936465319045	0.667378940919319
100006435	0.514216959277932	0.339026809271235	0.218967259685435	0.988714809486463
100006374	0.197517706235942	0.54551536495007	0.285677212530152	0.670376592715929
100003169	0.545691868939095	0.920155014350883	0.275091064959045	0.676920755598047
1004	0.622666713845458	0.864335772552056	0.270807296748063	0.669470265707342
100005998	0.102193903200323	0.979716863191356	0.287710194370342	0.683195064517258
100000773	0.652683481637884	0.51561745507397	0.282630822788955	0.66354002826857
100010850	0.0156317171789763	0.127153419576657	0.332923009432621	0.56416353167049
397	0.907144556538338	0.302677035134649	0.199285202528178	0.759966968063941
100000039	0.0727206017830414	0.226428456489459	0.2263696871251	0.734635495376036
100020833	0.754184799515675	0.708013278140443	0.287685147999391	0.733347567763922
1021	0.406011073623525	0.354787413169962	0.262333411618229	0.718505044989239
100020479	0.352353416296977	0.581059770295231	0.284020745239367	0.694078546123899
100001335	0.511611213520135	0.310609643688574	0.316687622687777	0.650451595308083
100000743	0.576307351910399	0.967381765674213	0.277409756169158	0.699852920683215
100009246	0.180561993087246	0.674523905020244	0.268855823110257	0.709641642259098
878	0.183604220464895	0.780298293474377	0.268748342715756	0.693402481094391
100021103	0.731365028021291	0.863077309019834	0.285899954283034	0.75756354998834
100021363	0.23803740890186	0.573111426080796	0.259281422224242	0.721438264949508
266	0.142865769282593	0.27312079539861	0.283040846045418	0.614015439255816
100001195	0.316064106659425	0.215116777010096	0.356336103394797	0.608596704700517
100019801	0.763457603452677	0.641284071084598	0.291194039452855	0.664878728163087
100002196	0.0378551581887214	0.25976954714052	0.291467293552561	0.690831367215019
100006370	0.234547072269038	0.935998334415635	0.275118043226363	0.68487990035222
100001510	0.0298796126271449	0.00359282937749187	0.234425860975	0.780801177685924
100000437	0.556155781603468	0.457181975102325	0.262450085033395	0.747814365760805
100001767	0.132784152706382	0.0303731746634371	0.352364942126865	0.754230339927209
100001810	0.419663982577657	0.582000138556634	0.291761030156319	0.815611066210139
209	0.0325912879391603	0.326381100819851	0.32167941158361	0.666921015886004
100001485	0.278629453749815	0.113733911647873	0.169637906716999	0.610076163939312
100002500	0.122012427346127	0.454482388932424	0.282697232425125	0.653092318460678
171	0.0318025458730982	0.0286172426547717	0.210679815206017	0.681617935157604
100020487	0.935743819662709	0.897918941156808	0.291041669211977	0.666969699823145
1206	0.0071925362417028	0.120085120287364	0.281865575470843	0.73301273211922
344	0.0111020218351864	0.0227630942854546	0.57715717282856	0.779326496342448
100001405	0.378397892099077	0.813102713444695	0.292032323448886	0.664142993473051
1239	0.976566728519811	0.511909650856001	0.311286099973784	0.685588851564699
391	0.0635889957859598	0.194127973898041	0.262584230842691	0.888951296201916
100006430	0.427117992402678	0.128295418242017	0.354096352175935	0.387221006151039
100001417	0.971545847994943	0.511850236478829	0.267830186520308	0.789543377028085
100002951	0.0583499751402388	0.499032989316835	0.273299997407971	0.605739259925556
100000014	0.435636663370215	0.61160579235017	0.27155524060761	0.717664163098029
100003926	0.562649493447109	0.452702213939136	0.300928725880158	0.661393042014614
100021538	0.49675184679106	0.354194399268682	0.32767468150005	0.593999572637652
132	0.283438593155873	0.795129278842355	0.281212519507691	0.681183330436931
100001425	0.570937720013278	0.509563199878123	0.348197312604015	0.614440990335237
100020262	0.608217481461914	0.624851217494814	0.299645533638503	0.667251817854555
100002679	0.339370275234544	0.744820590774459	0.267552179616938	0.742093214461043
100001270	0.741563181641428	0.475219564846627	0.283052294057636	0.652164280698828
1102	0.841099958231721	0.9655857054964	0.279406853315387	0.679331404926113
331	0.239923941955664	0.159994823315315	0.219305434793174	0.558360691440712
100006361	0.505589054648993	0.609769186189838	0.256436537898648	0.754953717007123
180	0.798904422399248	0.907243271916514	0.288754065109749	0.679030614301113
1053	0.306213249184171	0.449090786666052	0.4183566522474	0.747966305729028
100001359	0.666588355478721	0.888639344891006	0.290297878713908	0.66498425187563
