chemID	simpleLRM_Fstatistics	multiLRM(chem_sig)	multiLRM(sex_sig)	multiLRM(age_sig)
100021136	0.0265664409912806	0.222902954069822	0.273498846995444	0.793906613237686
100000882	0.781876263935056	0.724701669709559	0.247677322165661	0.675155280187426
409	0.104112169593173	0.204396181721821	0.279584346823513	0.463245081605547
100002254	0.653697050360689	0.0439467254380644	0.156486755011127	0.677335645325228
361	0.00983784290902762	0.112683103107692	0.172171043182276	0.669335972402022
100019975	0.497945604413443	0.749824364253873	0.240471729457147	0.711564460685029
100000257	0.000783894146647983	0.0207024521683875	0.242802182820121	0.628677840694303
100001232	0.934078167863406	0.986989450168857	0.242424609031215	0.699020159986228
100001948	0.429286154249643	0.432970274673238	0.259671482496416	0.571641913444603
100001073	0.568180320734856	0.658388494121352	0.305398833390785	0.618096638416049
100015637	0.822547978211147	0.520422802889615	0.256367097610135	0.691015647279093
100006360	0.582474638852386	0.651603356384239	0.223153725180241	0.771660754447594
1488	0.638079064808825	0.689309032650213	0.242680160972622	0.677347622355634
100002253	0.831785030069402	0.956345307984021	0.239093782821537	0.704260228828279
1023	0.847229472355165	0.610620857142708	0.234468320133465	0.674698968992418
100004284	0.700061130318589	0.804804388581606	0.234495914146234	0.704876618506783
100001251	0.652300133635557	0.936212286301178	0.237659701007005	0.694916635524381
362	0.779983176008042	0.45062693230365	0.21289384582804	0.69099605710769
100006620	0.729981302463495	0.928587536776612	0.239500623564558	0.699458016967739
111	0.415347138444004	0.190800778708784	0.204249207626526	0.668074589679011
100009045	0.573614559112391	0.238513428452889	0.190799817046458	0.869940190025402
100002927	0.693929468163766	0.831546680001899	0.233670196056344	0.720331365815506
100015641	0.701956044431989	0.817483490483925	0.22975969300132	0.712866646697494
1114	0.0920206866242899	0.879410069045836	0.234684811137234	0.704305465601094
100020409	0.401268863213667	0.407956125204033	0.242180546051995	0.576034853516229
158	0.109812689067581	0.224787590968379	0.310881757877647	0.729390892244962
1224	0.0702387268080589	0.229480010925122	0.190547195930547	0.73186096909575
100001620	0.447817485291424	0.36029277483684	0.203654820914831	0.700604665628073
100020893	0.358180029421958	0.0784358162942706	0.229631930438852	0.425834145373041
100002458	0.688143787228148	0.630283863783537	0.272934163783369	0.650030352195671
100001112	0.79817535500033	0.96095241022639	0.239327386279038	0.702965631972305
100002953	0.379659915897378	0.78239941393024	0.235577268153334	0.710937434415633
1141	0.440300160486308	0.0603389269879282	0.318145059155222	0.516900897961354
100015834	0.410050988692428	0.949852897413669	0.241318115189386	0.701759983862378
100004561	0.574063586865924	0.860756307608937	0.242017785738945	0.692961001349867
100020497	0.812724359669962	0.729800291697252	0.225902205312214	0.724146114902981
498	0.0373531970831755	0.26780995059445	0.23187014336569	0.785553011832184
100006051	0.883949801355896	0.89125457112779	0.241442816088465	0.694424263862366
1668	0.617979193411916	0.579885493169269	0.236181572528338	0.642937728529405
100004523	0.509247857539485	0.953185395285782	0.244220557370663	0.693642806533559
100001604	0.216799734573609	0.506206419687255	0.233755362495348	0.74627524182655
100001002	0.141940284825391	0.498371664309744	0.249192961270826	0.683567108190622
100001987	0.0489258939411308	0.261029508620857	0.757747833131133	0.553299346302828
100002462	0.619983467890719	0.347162753577642	0.292222943346264	0.576750435962665
466	0.636867705795555	0.0794855092704313	0.266621110899227	0.671911434819147
100000665	0.893011818450018	0.469923971861439	0.268312490406613	0.644560358173834
445	0.911475797360666	0.423983381305917	0.265962057154061	0.749391560185708
2029	0.151313850429061	0.514033476254299	0.253937738858547	0.69989975704195
100006438	0.19545687784181	0.359313779817267	0.285198950203863	0.705673358630037
100001398	0.178179662851444	0.610266988022982	0.223108623832102	0.716614211833752
235	0.503102172823861	0.498460219029673	0.215309927897127	0.727802937384147
100000997	0.736823123653997	0.752279100590497	0.240784212395225	0.678726572299268
100002094	0.273386698390553	0.236187860565199	0.200383686889258	0.5630258234199
1052	0.831562093579893	0.911235061408699	0.254653716195266	0.686153755798756
100020823	0.347074348794016	0.614355396449082	0.22496683520932	0.686696258440767
100001806	0.260461833951043	0.62358314659242	0.28209379483454	0.707532636783022
100006092	0.798449145907	0.891705258350134	0.24286922481029	0.68803905766074
100001415	0.134506096909355	0.0951744173596548	0.247042027186726	0.423954505714324
100000008	0.0499883974957308	0.081714850204181	0.270437178137406	0.533216303096541
565	0.00653478250962217	0.0422857359070748	0.23543629708435	0.780599894919492
100015851	0.132998900297831	0.167977112862411	0.316154266502302	0.844796774968468
100001866	0.43504032083891	0.796310793438933	0.258356185524224	0.666713967313304
100020546	0.00465378540661999	0.0421957752792861	0.478478128078535	0.87242119772076
100016110	0.567048093260034	0.395627441032986	0.192076433861875	0.801567971694398
100001254	0.00266322284098383	0.0126260601184545	0.310461985854681	0.918216725077165
100006260	0.44540018382258	0.871057714047836	0.242551824840694	0.694694011078458
826	0.702863984109056	0.884661067322946	0.239421532387496	0.693085808364882
100001872	0.5078977680855	0.875881384251443	0.23974441051555	0.696977990704033
100000263	0.289632680681581	0.345006936993675	0.301371307152593	0.690547834159138
100021198	0.824525976125804	0.0566989045418907	0.159486105263579	0.397006605993524
100015967	0.0371829408105838	0.0952142544730105	0.301201541136173	0.518251433177543
278	0.150126431027112	0.258824542482164	0.224047822062188	0.986226565168682
519	0.792778798807902	0.369042176128463	0.28784164067148	0.635952322906264
100009337	0.107607933620015	0.346637079708882	0.326109130576733	0.683580059059446
100002185	0.318744730181991	0.945506434110486	0.239363551919108	0.692756845730171
100001278	0.420607747563179	0.299532332660647	0.296744529798607	0.650954336637365
100002103	0.822670589085066	0.626918975689962	0.240079740041003	0.64815462271771
980	0.838320423296583	0.485546687556247	0.265681845539415	0.678549689222353
100000016	0.900862250950038	0.456253532837995	0.237083573208768	0.671590426881521
100020372	0.164791126112125	0.480327012131852	0.235252646339685	0.632967931763413
100001662	0.752329164449414	0.129669063886266	0.0903361191665128	0.707250728939405
100019972	0.904860624457982	0.708307513690714	0.245864067281875	0.684964105303513
254	0.730843245822466	0.689216881740778	0.236380601888309	0.701765120142598
100002009	0.62840201523994	0.672391196039097	0.235866091961043	0.61440693798604
100010895	0.386945101452407	0.495694689889519	0.283928538736835	0.674245532345187
1140	0.934859440668977	0.931814411784555	0.237601339973132	0.690838463744798
100008951	0.567398696153751	0.500859849826825	0.256853215442469	0.655734446433809
1084	0.307008823833706	0.752542908069805	0.237368329921597	0.751897864225093
100002796	0.106628881005925	0.363157981172792	0.209107798945842	0.636514901962111
358	0.974911573390696	0.932741899628666	0.237534877732737	0.690151110590758
100002070	0.785009210882285	0.703653592580762	0.231455995212788	0.729672487813108
1628	0.34649069812831	0.113257013104694	0.29891141248454	0.680802755862933
823	0.518648849098874	0.444116567720466	0.196472004806632	0.774545901373049
100004414	0.50504869207548	0.101820724866498	0.318978384964962	0.827264786372484
100006129	0.661088804986778	0.640510600144794	0.221599832054039	0.715030650051102
100002028	0.660536850937775	0.464249546841967	0.33427633317675	0.50613030114507
100021707	0.427647768604315	0.548186160627618	0.207625026933317	0.763150670362689
100000054	0.473739149961995	0.420574230701451	0.230149864449706	0.726127842584793
100010869	0.514131579102928	0.240183920542741	0.250805931006982	0.566249117678508
100004575	0.0282866815420886	0.110123793172567	0.305417408060547	0.975583135395101
100001212	0.932726902314117	0.713385719727259	0.24257670630568	0.644557052494811
818	0.224025178257339	0.584627486665578	0.274969210891445	0.651610205034144
100001092	0.00202038760731494	0.0252596126064398	0.238863660541018	0.680923235491077
100020371	0.997878463877412	0.862231941309199	0.242712380342587	0.695827330289536
100004112	0.183825556895043	0.51776475463262	0.254193557585088	0.704773637796702
1125	0.38022041397374	0.317996488810048	0.264962652011647	0.738195643732249
100020491	0.959260020845855	0.587979107277708	0.208912970737732	0.710671602869569
100003151	0.00124652749909715	0.0148862537990135	0.371853828229257	0.568145631274829
100000011	0.309895282438173	0.138410148348054	0.172148210280511	0.81053213279695
100003594	0.485955396246761	0.984314292744162	0.242577193590161	0.69664140583275
806	0.708658188327343	0.141441327904169	0.234269359169631	0.490394465306372
100001211	0.989791533526639	0.582189785501366	0.24878587801155	0.677728044525074
100002417	0.572043910933862	0.589179466387126	0.231407714575943	0.661078308968695
100009335	0.500975494018739	0.182943169642363	0.189595503016905	0.723191230233536
100000781	0.66337073338535	0.913383704353327	0.237138815191284	0.694383919555903
803	0.028770686727837	0.0344810209161749	0.225508075273898	0.572656508083678
50	0.521785424834904	0.716816233762798	0.244936209362308	0.681260392464908
796	0.520553352712775	0.0602281843760909	0.273881554743342	0.678474163578932
100005834	0.997172997879052	0.691479613213521	0.277045856337233	0.692696395809486
100001580	0.955061424817357	0.59531651740233	0.258352174150887	0.697006606649046
480	0.833371249383359	0.534085588584171	0.205522416684041	0.707067723170534
100001540	0.318623737264117	0.877867080927576	0.291200442459457	0.737449033495692
339	0.541925684004022	0.110396851068036	0.214410990622028	0.602719600711075
1110	0.952242939829429	0.963261087815253	0.241224785942241	0.699032979472163
100015836	0.137493418914143	0.177269178035059	0.356392693821715	0.876975420136952
100009271	0.546085575623749	0.538946355821636	0.26887727013993	0.677927728677261
100015638	0.883160400849328	0.493093285354168	0.252714518066867	0.678676935776987
100021667	0.92639579855572	0.518506893744537	0.272420108697663	0.678974198213937
100001279	0.650070524727243	0.404160890223393	0.261190203642166	0.812429129485483
100004208	0.0173983960479933	0.12173204388397	0.370551244487513	0.818858422885937
100003695	0.176114864188756	0.135219739916928	0.25389234268512	0.466249582123093
100000802	0.733287614449781	0.954364800351181	0.239768163771775	0.695390124677603
100002769	0.866990354315595	0.100526948873722	0.170974643084184	0.813014375638067
100015835	0.103031294211097	0.304338897973675	0.36301491401035	0.892565951129128
229	0.903624901871359	0.417732746299789	0.270088225096765	0.690918948562817
100001266	0.00856061511803417	0.0306736512850565	0.316487899192596	0.987189518500473
1342	0.285768937848205	0.331322429256296	0.201385852856438	0.716842694804847
100002102	0.786031782680223	0.524759590235076	0.27391863823329	0.805188470484206
100020254	0.17661066373549	0.596397780371342	0.232824693268483	0.723803122567279
1231	0.512198872903092	0.259839914998463	0.289054978740784	0.649821092716808
100020492	0.953210895074805	0.93375724439681	0.237929131491446	0.696327528898133
100001402	0.417615608471392	0.610926850861962	0.265677243888337	0.700730786660768
415	0.00599182261445031	0.0875696453951001	0.28404584034699	0.756958593984822
100003109	0.951358949419194	0.92049285213854	0.240200956406532	0.688128442091083
275	0.505372523783673	0.858351976906945	0.24143396153764	0.68559630141555
1143	0.141116318789814	0.0682941288617348	0.212313653493448	0.802633030583569
279	0.465214258521139	0.397816467030552	0.241922519444178	0.574751753319127
100001198	0.989273431835436	0.93017696524199	0.238668325672933	0.704664578016977
1648	0.404055840495825	0.951422216147636	0.239324740836573	0.698029798946362
100001590	0.389335877953586	0.294424410800569	0.232989198029955	0.613621825860207
100001733	0.32750486030849	0.774972510577357	0.233475406070346	0.719421737237373
100008933	0.0191443470052019	0.00263862629053992	0.342850130968788	0.648474909113022
100001550	0.340336673345041	0.497174987598196	0.225314988782344	0.64363641229901
1215	0.0964863270289036	0.268887503327781	0.206474966293849	0.652746725647672
100002356	0.315907077837389	0.128948117918543	0.293183714723901	0.702957207855577
100002749	0.688735189715928	0.750259813080906	0.241867887775513	0.7054085168896
100006379	0.173272213317284	0.179388122924695	0.280927518933021	0.449527739444813
100015966	0.0830485517961407	0.160564104930303	0.262409813005422	0.52142201034281
100001392	0.67359176627978	0.990957425454136	0.239406902981299	0.696750686368133
100020425	0.144739069313936	0.0495697121081607	0.201979943872493	0.448423944079521
100004299	0.318294473403248	0.797299110144565	0.255752206145832	0.746607263436398
100001734	0.634245952744401	0.546855002951236	0.253484683746191	0.63731900298123
1002	0.894811294399201	0.758403174296544	0.237217033809694	0.697365760578499
100001337	0.291784018516882	0.749399333375087	0.223248057806128	0.699210738023271
100001452	0.747832500244145	0.823889874737023	0.237883220951912	0.676233613561657
314	0.555975155121502	0.399332911161336	0.24941707012676	0.714338980884785
100009264	0.94218830566855	0.545110924934997	0.191686674614866	0.819322560838202
100004634	0.433523863426337	0.48471717019713	0.212342868039841	0.715268160622006
100000711	0.723759405723087	0.736956108093774	0.263136115405956	0.718879936606066
100020536	0.022419336729544	0.10658832954966	0.297115869160022	0.802229969384452
100004318	0.294548491611088	0.558190071209789	0.245168861435555	0.692549671891316
100005850	0.944583907380013	0.54097966925171	0.301700099146401	0.649388676993166
100006619	0.370966988948605	0.174701622333208	0.27469933599307	0.681930490753819
356	0.484652451380067	0.654610739948369	0.229412511809975	0.713930726709456
1221	0.632069019146427	0.632690662037392	0.308950490052639	0.72984865179563
100001397	0.79742176386451	0.757251519956753	0.239002021110455	0.688590528474066
100019981	0.584079586931529	0.855043743910773	0.242953530981223	0.719547706934863
100001208	0.467369668375819	0.277860474095742	0.210834936361281	0.967252295802338
503	0.00744708635651686	0.00768592669196009	0.131684984063685	0.529770400942489
100006375	0.118901226495281	0.572493148392941	0.262657158952352	0.673529732124758
100001295	0.674719523217754	0.541708380692707	0.230786682041347	0.810088757632001
100020427	0.0604505308833859	0.027848110526088	0.234875172216381	0.390051291893415
100002784	0.540841993419923	0.379814609931485	0.203903564028983	0.763878955993726
917	0.0619870340436465	0.225249600676292	0.263181447248404	0.647782993324836
1869	0.306203019050192	0.161583791473605	0.256563903558426	0.566060164498631
240	0.263975978486287	0.107290399416968	0.149344008041796	0.49626679950474
798	0.00532101425691434	0.0870004998202481	0.367428690606173	0.625858395474403
100002952	0.255443295896741	0.491772400614249	0.239414514847315	0.778840165182371
98	0.537630434283791	0.759161191866039	0.257469803940678	0.706198787882859
100008998	0.295410278006189	0.328274440677885	0.185993904980054	0.766293958849478
477	0.808920362131264	0.318375933682089	0.246735657598833	0.691305114723981
100020545	0.117447933168526	0.176681751598605	0.285780683705696	0.847272993245077
100021666	0.903835431665707	0.266474526929808	0.27677657164608	0.687378119116464
1256	0.413460293494135	0.58958216697672	0.293320809354401	0.748861306804284
533	0.422750985622611	0.104217708921774	0.177605599733903	0.458451280891527
100001757	0.425586749738622	0.913127984333594	0.24582839104976	0.692596787763022
1024	0.311026256169376	0.0878849795970104	0.158030903461593	0.837034326428228
267	0.465313682338128	0.99772351093522	0.239556567734923	0.697368506622811
100002113	0.0647520595636999	0.0646666640466803	0.219363799894486	0.730979546802281
100001756	0.8081422596098	0.712032456620469	0.249724892430942	0.718994839175442
100001193	0.507570354231978	0.216193939289334	0.300885415325736	0.644740958508136
100001668	0.633229155384155	0.939197155482057	0.239412559578031	0.702761615548896
1124	0.255763396133554	0.26784282245141	0.203218005138686	0.804956051930909
100021331	0.172008691458031	0.318100533579599	0.222984556781706	0.738719678939297
1090	0.0653323815341512	0.040764047902055	0.228889158342306	0.844371259847452
566	0.793681784651271	0.353796737499579	0.181118628900038	0.700940012612391
100003119	0.527710987226795	0.329075775683979	0.268367709060931	0.637585326544075
100006367	0.761021008596995	0.576577607837996	0.247919160695571	0.677454636503395
100004322	0.176654610595984	0.220120264135245	0.242489988611805	0.79168379135803
100001034	0.608549424287299	0.883843812189234	0.237632523564799	0.691354357139319
112	0.987855160191854	0.983769036492672	0.239816361065913	0.704834236816414
507	0.744230414994095	0.78995567525495	0.238025694337257	0.703656548656134
100009233	0.291338505912007	0.177672814748037	0.217151674949206	0.71768740033304
100000406	0.0184681606284964	0.137011028137245	0.397360043727367	0.496628934679967
100004046	0.312667262754211	0.437532181142657	0.163816004656946	0.634937505138864
1025	0.744349640532927	0.670008367040063	0.228649275674439	0.718666505449689
100001106	0.168722067589044	0.167007747517567	0.194244169376027	0.731853547019253
1128	0.0250688063435291	0.529818937272589	0.270431739013757	0.752777490413431
561	0.0613520089818495	0.193071785787354	0.169086814621995	0.616195125541863
100001614	0.912122337444903	0.399282172130626	0.252719511899901	0.673134231011776
100000961	0.764858571909248	0.932451813151468	0.271956091773093	0.690208211282926
100002397	0.959317535313468	0.665764789083535	0.240439513162251	0.640196048945301
100009407	0.858602933482069	0.909599184345121	0.236530252206637	0.707379238309883
100002910	0.837000072100887	0.630059928381135	0.220701556330038	0.636760418505682
100005946	0.214269829256597	0.300720307171955	0.278369470910711	0.810112898029103
100019794	0.12592939922864	0.34469777019353	0.245914602131357	0.837699583441299
100015759	0.303865273180414	0.0933919125335793	0.199073175298391	0.70416814269097
100020417	0.659372213616718	0.549909928000314	0.223811426327956	0.667675782550416
100001054	0.799498619287918	0.914541818887989	0.243075150431068	0.698361488062328
100001437	0.349008819023928	0.347958030949204	0.201066795382615	0.625267637005531
504	0.222773446586156	0.678910071171613	0.28737531633429	0.708137470578848
100001988	0.491423792842116	0.684680348407785	0.235164279441619	0.839465523045711
1082	0.0335510151102382	0.65235988012238	0.266179166819907	0.722925834893244
100001403	0.339795113545683	0.361868412528795	0.268510773508754	0.678402418076944
100001664	0.865838511857136	0.485420658200619	0.223230808280844	0.897724371234527
461	0.183068925066558	0.1636173483245	0.406070885894453	0.671390465205336
100000463	0.582653114372567	0.920689540256677	0.248223866413167	0.69841260094723
100020208	0.616147308255842	0.580454840069279	0.270923145726448	0.598090983487849
381	0.578880298751157	0.0742426113658809	0.106753966724521	0.528556741612869
100010901	0.0841184886827754	0.0767469605142981	0.239134720308829	0.814068888026638
100001468	0.252874120216394	0.958711258695388	0.238343497496227	0.712096583239524
100000840	0.755208956080425	0.979306047548497	0.259323260256963	0.696375073061307
100020014	0.259449469344165	0.607837231426012	0.234530919933644	0.711873097380168
100001993	0.836462004079073	0.631965840620087	0.204863452576266	0.840296526727533
100001051	0.100211531614401	0.0202646724471667	0.267095615916025	0.370307320438775
100006116	0.387195173542551	0.514551544151181	0.243549629014244	0.698470756245519
1108	0.891640632296315	0.979896597616684	0.23953219594585	0.700430988860163
100019966	0.389335435993577	0.145753710192289	0.290823002848895	0.666546347653525
100001743	0.553783333709819	0.370034008794222	0.228463505685577	0.6807651520632
100001294	0.141258393750601	0.20976586064907	0.172666055441894	0.751979571261221
100001609	0.263973003019702	0.0867739870846049	0.227868503828724	0.796619551030402
418	0.828485023227223	0.919887674431961	0.238907533201025	0.709500043817502
100001178	0.395915775821026	0.860462667875237	0.236169035405888	0.679410026988148
189	0.991120515449335	0.642027641508293	0.215117108521096	0.659441889485026
563	0.512674441817181	0.810714176917354	0.25292091560275	0.682985164603962
424	0.651016042825366	0.491100740840041	0.267414389603315	0.680371397963552
100000776	0.0928732761983334	0.246307104828189	0.278318671391376	0.703189236434787
1001	0.903812296130918	0.571058107849197	0.245833691381024	0.699495089094654
1135	0.342345918869753	0.100708717516625	0.232140197562138	0.755703543712042
100021093	0.329774724339441	0.488470194742596	0.279389920138287	0.720861077071627
100020219	0.104884830397637	0.205615502625203	0.24772173553593	0.58411295368181
194	0.423191710122545	0.870768939527554	0.245899301197405	0.677507879351638
100008930	0.765388866704138	0.674237457926523	0.259333793747441	0.680106526740711
340	0.686277803407389	0.264810229262501	0.152837430136484	0.77408004941759
100010896	0.873542463147947	0.794355267127247	0.229752220060269	0.703362972306201
100000787	0.212004919769501	0.113305380925326	0.232442934184305	0.407895417952614
100000639	0.0326514370192404	0.226017478630622	0.214405934875979	0.703851141212653
100001851	0.988248339505938	0.268705860066521	0.265431680984997	0.477862041512216
179	0.527938499761101	0.64141063123453	0.235568518686285	0.710342361946425
100000626	0.492168600222185	0.839652920102991	0.247035095613574	0.697314411227101
100001605	0.0101504856210701	0.0915316501889776	0.313186984752948	0.792458247242274
330	0.295095408592615	0.474428724156033	0.267114662671572	0.57678425403855
100001162	0.71254637528361	0.615261241863439	0.216252590981417	0.665949918959563
100001167	0.0466740234550355	0.240691975390567	0.236472569734364	0.679453107817863
100002067	0.525899481823048	0.761439448595591	0.317642972564087	0.629033758114778
100019968	0.670998153869894	0.380322185037513	0.267796311615996	0.633668437620983
100002014	0.98267231677872	0.992409123878148	0.238784148607272	0.714006900907017
100004083	0.402617690531671	0.131505838345384	0.267365367633963	0.557692722588216
100001315	0.268180136577314	0.349013878862511	0.252207076765735	0.772225132573626
535	0.199466058485813	0.491826905789523	0.262223071070232	0.688853297014519
93	0.527047132084678	0.310906840509604	0.278313322243413	0.545268188487904
100001989	0.381203987291369	0.62660928775432	0.220398086672388	0.740645414313185
100001740	0.770915526363287	0.423166339463121	0.217761719063754	0.716701540401293
482	0.311007937624022	0.894066947985519	0.237479245403118	0.716442046039871
1629	0.259039191971904	0.401172480739722	0.293058381508221	0.671986434591924
100001399	0.48192550031131	0.393036785068727	0.253871063328255	0.697934299877845
376	0.856422206372291	0.1597010453271	0.145397488868249	0.807003560107315
342	0.618607144187448	0.591440524123617	0.237648136065825	0.695496811652676
100001253	0.0267030865544679	0.100415947544655	0.205966340444499	0.976866000170555
100000708	0.537840700809841	0.733123690673545	0.258379036730092	0.706884489992494
244	0.110802422168421	0.0242282586721023	0.180891500348965	0.848510667204427
100006726	0.450678917606091	0.309606363945827	0.284125618696652	0.681980965617209
100000036	0.131804564645547	0.732556000251521	0.227870906097305	0.726642159600231
100001257	0.0191450749752927	0.0836571637277698	0.335596764100429	0.979655978171848
100000445	0.687211470109442	0.596344805533367	0.264155871337567	0.65106460292946
100004088	0.00235153558403377	0.0810186595270167	0.278154283069421	0.78909398401959
100001423	0.994766646148953	0.736635852026974	0.242947537144363	0.667704790344384
100001276	0.399754585040874	0.290084339760925	0.218267502153395	0.612898812207415
100001876	0.882899456261446	0.826047670676703	0.233932002797547	0.702507712733441
100009082	0.589320592680259	0.0341346013345924	0.0998581749205577	0.677071157206906
100001121	0.353973049972522	0.728577687365555	0.235296760132422	0.692919509058175
117	0.341348079324975	0.653445830614994	0.225201645912223	0.716422180375115
100001868	0.0311623111969058	0.10619060615869	0.285530920123524	0.706420139941451
1134	0.698180744650103	0.301411214453289	0.16040153682667	0.668827912099218
100021012	0.216159157262013	0.445641511632359	0.244985828851135	0.725827973707048
100001181	0.748193382627173	0.27733487648048	0.299239302861851	0.628558220617003
100021467	0.754413457391284	0.297064236775661	0.243920405785403	0.604798369824129
100000447	0.169949828131032	0.165647429693131	0.283041168070632	0.656015719581703
1162	0.000603068068946293	0.014750528736723	0.320098245835995	0.597438175310151
100019982	0.437326394557609	0.518519155662762	0.250816598784627	0.681831915827977
100001613	0.97058047669989	0.471485748030264	0.253108968368029	0.666556983551827
100006644	0.426139549962279	0.636823558221908	0.224207684141084	0.723374268835162
100000096	0.587212636113052	0.0256922912495888	0.152998747243	0.664973754086857
926	0.502729658657202	0.689283329468643	0.244753502845961	0.700859572228727
100020004	0.799065505386487	0.739855677061615	0.25144575239961	0.695820291705455
363	0.212995412008552	0.0547647130313089	0.22548369894362	0.286222384457479
1111	0.387351175027026	0.993431694457647	0.244064944406982	0.7347869018043
100021712	0.718708478348561	0.779849585004661	0.238058058725222	0.682101600923673
460	0.743212282368936	0.62200527784851	0.25091351869139	0.746127919433653
100009331	0.306858096747669	0.188748383607417	0.211491836000446	0.729112998999552
100000442	0.247138928173023	0.727083686517434	0.258840536042395	0.712790964946058
100002945	0.105122359668087	0.020574697332482	0.321679001342284	0.652629288264964
192	0.940695159794361	0.873169276673472	0.237678431258424	0.734060183339062
100020241	0.400237102413307	0.93954902976863	0.237907725934655	0.695876638583748
100000580	0.112645929078318	0.118140012698283	0.19548303043627	0.950353642199352
100002466	0.0133675569870553	0.0376196437788623	0.209448036974703	0.458620381590583
849	0.694248709993433	0.61249529316506	0.242763435105223	0.64961574479934
501	0.380787829718369	0.296198762756039	0.269193016285504	0.645761687265463
100000282	0.676352710660886	0.136745040940965	0.310292494537872	0.59079862963545
100001577	0.0308167646212538	0.180185877703936	0.340370405369289	0.759397014405621
355	0.113893855554134	0.340503737924892	0.203994503890441	0.602717689553763
100000841	0.847218688035715	0.967426162005713	0.256803251850076	0.696812505761416
100000846	0.834650401770383	0.348893860231473	0.23042014813315	0.690713989366653
100004295	0.906532737700147	0.394927134669485	0.220384329160019	0.645179331414297
100001586	0.121466643431595	0.048666251067689	0.361779750266829	0.349935108382679
407	0.012735120318528	0.0330509855804834	0.270579426900009	0.768592002437738
1137	0.749859136515179	0.639741454132865	0.225538846481121	0.750469107164974
100021374	0.0355828146654476	0.0144103321863762	0.180653678235939	0.895118613271679
100001593	0.619062015906886	0.917311296508429	0.239210351070924	0.700687522403782
100015971	0.704222773911013	0.702235452260767	0.23190703235168	0.695215109735229
100001022	0.376887309362371	0.186771412666651	0.148387634606152	0.96021266351934
1094	0.0855069031189826	0.305140884940559	0.373186898845005	0.897367629862832
100002122	0.227477591708638	0.224607583136089	0.191934158479663	0.806295742563357
100000706	0.538700665712143	0.635862748548563	0.212950974501258	0.697053701493116
100001055	0.796248586960176	0.400165078495525	0.215311176443771	0.636156558880653
1235	0.538882255332471	0.750413037430805	0.229980924230856	0.724295418104184
100020204	0.0890215288499318	0.52608499617465	0.259916936323373	0.741862906584991
100015643	0.0386217177400692	0.308283088920966	0.263243514858113	0.650626525989832
313	0.0240781933816258	0.281312705994511	0.253506956273828	0.63541060959185
100001413	0.850752862154369	0.87453640696109	0.236495057765764	0.686247247497706
100020423	0.0214438020132749	0.015005587595089	0.268418816155809	0.363586120969624
892	0.539280072426436	0.171766738893055	0.266721620053153	0.723449261080298
212	0.0734608259626746	0.136754328220803	0.326171736222361	0.67262122597922
100006105	0.179972815806411	0.175785785535994	0.27616777503233	0.710805964407091
437	0.724402700985837	0.60122975413745	0.223376029585776	0.712298843719646
100019892	0.365981309463724	0.861975878762212	0.238863642471582	0.711967777848494
100005716	0.0914360306283056	0.121994600464681	0.26202805661664	0.777212885245675
537	0.210028304344493	0.123490393455275	0.246838335018746	0.724919198729612
100001990	0.305388863083568	0.616470057049772	0.277805752530209	0.648081386906072
100003397	0.0294342384542438	0.00289761376241441	0.181976591880127	0.438543914100479
100001320	0.126714158683169	0.226806067756165	0.312888383236439	0.457165365626605
100005717	0.150463300835273	0.0981275516040593	0.285125723202081	0.728507824641926
100001207	0.0184309122489687	0.137380537496601	0.2700097325118	0.711655924317406
100001999	0.56328940766522	0.843431929943576	0.233777707818761	0.780841809552037
100002488	0.23055748559263	0.0202518355125086	0.288309400923467	0.639027779029709
62	0.184316852877071	0.656306407583203	0.230439956230641	0.70484506192273
100000467	0.567142199212399	0.423961695402365	0.227580711262638	0.669272428729757
297	0.00660721730313397	0.150348358403805	0.246281805428561	0.664717650743631
100000285	0.0282791055283081	0.390378313000681	0.241221824096227	0.796299005280695
100006056	0.0606757000939952	0.3781314831338	0.252307085371189	0.741814818447013
100002126	0.141785852835618	0.26745999936598	0.185573341896816	0.984594788074589
100002129	0.711527994464498	0.84446827941231	0.234971541058635	0.777492129482935
100020478	0.031535214226628	0.179821875592729	0.213386521929359	0.730445996777552
100004089	0.0531115723268417	0.524186159402039	0.255054372037637	0.651308356738422
100001755	0.486119934551803	0.607650972310237	0.241258898472956	0.655581575866203
100000551	0.024281947679489	0.928602850866267	0.249885453891077	0.69158965702132
100003260	0.498295135161208	0.323954909329521	0.272551425139693	0.773168412766853
100010955	0.900468601604802	0.427660189196095	0.194772979363959	0.595929358130005
100020851	0.187011142291178	0.433712077021334	0.258591351289273	0.722491490574461
100016069	0.640397668785677	0.818666811171801	0.242267005901759	0.686529586665419
100002027	0.443221268689144	0.562174049626186	0.19208709430138	0.805275910539602
1123	0.403430370066629	0.196952954810045	0.230160824727925	0.824812131049852
100001150	0.633241664084047	0.873696747942697	0.234876655347547	0.704746927745538
100001657	0.321910172236152	0.66314627579537	0.240366553277799	0.679266573928511
310	0.240185798565645	0.330738489735133	0.20735981072207	0.806543167129568
100001314	0.388448212377508	0.141110402701385	0.228363478219826	0.578020014005433
452	0.729426011340586	0.668728320466946	0.270417364878448	0.67093680876298
144	0.122892870855512	0.0717281680051234	0.302393997068955	0.56309573819604
100001182	0.246699317304666	0.181912677075468	0.298627799492349	0.680316290409507
100015965	0.71390650524242	0.455309018586623	0.227637040585175	0.771089878876534
100006108	0.883841355327937	0.457306606674293	0.247257304840978	0.737264544071473
100001400	0.705316407883944	0.612365337456754	0.225522719684985	0.686773208238031
100004541	0.275197887874651	0.212839267021657	0.230902321729628	0.442434907471454
932	0.776261556026434	0.3715137103518	0.24652903699153	0.72782109984052
100001992	0.431918793566723	0.573875624477228	0.343434042905782	0.601097795983037
100009252	0.143159138406292	0.200302830451008	0.294542638003485	0.677543944142005
100021104	0.657831270068263	0.558984912070705	0.196016681035091	0.83326196372099
100015838	0.0057071079652449	0.0287733310556066	0.352892136929772	0.970701065169748
250	0.000680381585770796	0.0173910951194909	0.467256865018572	0.803761925449084
100002537	0.999115640211446	0.508606831261396	0.220716357362173	0.805958961775801
100001658	0.80388582310651	0.689398837483281	0.261085411722592	0.684434057558715
100020416	0.291279774228846	0.381241961133584	0.211281979384164	0.674146611285174
100006642	0.257939830371297	0.753694507196327	0.230107714358739	0.721042985798894
100001391	0.0679578820669286	0.267234833805053	0.318577559046367	0.832287580121361
825	0.526387865142241	0.698215780180282	0.218908758293315	0.706059435907715
215	0.018305845380764	0.105608532374082	0.284877313757909	0.682012625351239
100001026	0.96127392553451	0.859084512390693	0.236702298989249	0.738138728291229
100020541	0.389094448959472	0.402407148460857	0.202751492388773	0.743945385719969
100001526	0.196960344904479	0.268211026305738	0.373849466503619	0.815288496426089
100005384	0.59397974732171	0.480352312867502	0.228143562201193	0.626837445130683
100020378	0.212681681174406	0.739354379648027	0.23197770381555	0.702267445780422
100006115	0.957516320474742	0.427746429121614	0.313808946034835	0.595426752044933
1442	0.242410789479983	0.0482572152622352	0.101225037018874	0.582055520305861
100001843	0.196348722617116	0.262984811268659	0.263836696359804	0.774794172237427
100015837	0.0922583570558868	0.204984983642265	0.45644095214873	0.640294064577845
100010834	0.766332914617836	0.989113510781045	0.238981416049595	0.699479510601219
100001393	0.549478227573284	0.458563479981345	0.193688655827441	0.736503390840951
100000015	0.243932673114738	0.642382107224976	0.227609587743521	0.713600405145854
100003892	0.0441871432685009	0.0465267512959592	0.206781372970821	0.963300016474782
100000042	0.144274477577749	0.0187699789674614	0.253968428964785	0.601746796129322
100020550	0.641355460923061	0.241832136572631	0.263748639796665	0.595156989019007
182	0.417606745724364	0.334653249894319	0.230503454314639	0.719564786516704
100015723	0.15249777637388	0.446881243935802	0.243574143972691	0.680126190115548
100020343	0.381605043221872	0.423031284754669	0.212857595649625	0.699715650923036
512	0.331254981367962	0.631615763917817	0.262431121750084	0.670534523973477
100021100	0.740196154033368	0.669818685990813	0.227774276187567	0.702067198403037
100002528	0.374623829099208	0.0840698622162614	0.294644500531092	0.479997711771074
100001287	0.411825159078266	0.734153334278313	0.333857338114217	0.63842455135795
100001229	0.701741982702014	0.908774637063252	0.2467344916647	0.688949653798522
181	0.34352165736101	0.807150967663882	0.233859658527963	0.72586909864967
100015831	0.00104149903942644	0.0158498211033207	0.32539547126543	0.475732920504262
100020515	0.389855014486513	0.514684341600147	0.201638135834707	0.832066848372886
327	0.220630420593909	0.272762110941028	0.292025998906969	0.652099491324711
100009394	0.660577808560731	0.722958630199756	0.224298007886229	0.729617414593517
100001596	0.968867306455825	0.261068792505671	0.219355095690742	0.534448419170588
207	0.760975022545118	0.453978917639399	0.249991284434417	0.654899223388238
2054	0.545150907453686	0.794410636957664	0.232263027968671	0.711575002912509
100020259	0.687795385822356	0.599640784436206	0.261951350553428	0.682720847811424
100020414	0.00390467290652119	0.0435999551438414	0.17586549111617	0.667826888174239
100021131	0.832629918602469	0.293324514340653	0.231421629266943	0.655551879042157
100004499	0.909775898793671	0.679175320662917	0.23127677702347	0.66313310921726
880	0.223750959703385	0.877037655311785	0.254548894594056	0.694696351185245
100002049	0.545714440442055	0.332293049088761	0.267309831885405	0.648305201260601
100001739	0.586722335348592	0.283496336252098	0.306920073735059	0.658457166506104
100001126	0.494588661521583	0.166418407218643	0.161035936465447	0.57662401939007
1113	0.664274856619298	0.856422407888705	0.250432096903831	0.676200485920657
1083	0.950990133005373	0.327601773109449	0.267300033755391	0.606702184877663
100001730	0.0722925299867072	0.173762256238213	0.281577116285985	0.56754563602212
100001412	0.53979764704281	0.929756429000276	0.238549487736135	0.707734394370856
100005996	0.652913948488248	0.634073863286324	0.232841745502829	0.671466384031668
100015962	0.00765164215904356	0.0898409687585637	0.177709258246109	0.996244778774753
100020214	0.655538148646871	0.414335130887045	0.253192280150035	0.617160771487071
100002514	0.125377149457661	0.339738773900625	0.250461305506843	0.634403518536073
564	0.201686475489646	0.056757001609259	0.211245503818729	0.574306516245711
572	0.0250643374698502	0.0212810641552063	0.360699641384659	0.560493511938325
231	0.949738131672222	0.653580079421418	0.220267850910561	0.712009742603355
100000453	0.909745343123311	0.729160151661159	0.229774106362687	0.732088338144529
100001007	0.134737979397539	0.2667046213918	0.289994205683572	0.578871362449293
923	0.619196116244081	0.343961553077671	0.227753317723894	0.749930916034863
100001247	0.435351615268386	0.499754699641788	0.22422121301536	0.679213013244085
100000774	0.528406961756782	0.87632696812108	0.251980499082744	0.713300540599308
800	0.2628804250858	0.282350733481833	0.250346305671628	0.769438307632509
100021678	0.319430713899135	0.420841082188269	0.201615328798913	0.6958313195445
100021711	0.471213799218057	0.913240310008777	0.249194097566533	0.701864506623117
100001274	0.809769596312205	0.410827489397572	0.23134304430476	0.546297027584061
100021220	0.12684508319431	0.160414980346016	0.300417818247141	0.979379942229034
100020253	0.414677035202761	0.987225681868543	0.238988018782995	0.698556900317011
100001170	0.855609931761097	0.212931229239102	0.225584445289206	0.602996405008514
100001466	0.246895862472788	0.845552362548716	0.246919872256532	0.69137799159526
100009406	0.659968832154448	0.595468891603183	0.226311302513069	0.719436004570466
1026	0.194269243495823	0.462314917040742	0.254885421660796	0.665021903649089
100020837	0.680288740376877	0.432694928768872	0.273588126498471	0.608466757204677
100001006	0.0573505941059832	0.0718003385453293	0.224293263868319	0.8318576699955
100003674	0.763387656079069	0.12472267893417	0.238838776473622	0.685409977945033
100004396	0.339676861084111	0.449630844531393	0.275841633985545	0.59799793389482
100015923	0.4048865699726	0.843894233628595	0.265086609600206	0.682986833444493
100000265	0.504201201196356	0.758175735878408	0.24430860570769	0.674189506759914
100001409	0.11375113097998	0.143737176277297	0.242210313575077	0.542461551657744
100003434	0.39403452316885	0.524213918876432	0.245654626012052	0.621181565927782
100001334	0.547701580011937	0.0513023003785371	0.3087296561715	0.561321407193505
100001102	0.661542484049676	0.799579522655754	0.247079545592913	0.680627767565707
1268	0.614364448971098	0.0642837869576684	0.143994138817813	0.651685465790257
100001300	0.250277573420387	0.0946030609430175	0.211839087209451	0.701266184643805
100021324	0.264451462409684	0.771483801210942	0.304350900245299	0.689372204885124
100001617	0.10432984245082	0.100299972739763	0.231537811240865	0.739821720855691
1105	0.922759733255735	0.169088650081972	0.324533457919548	0.392143694091647
100021502	0.0551320749982836	0.231341740168014	0.229635693185795	0.730245023496045
2051	0.839445387474061	0.559642907488532	0.240136028900707	0.589080477554839
100001256	0.159877126623017	0.547085245266327	0.269531350653176	0.820184723545499
100005466	0.0682557565773477	0.0939814930948429	0.275139760931076	0.493267233986421
100002199	0.105424987394953	0.646176502794399	0.250997748850735	0.723108342221431
338	0.0144615095749279	0.0446431745658582	0.39654606997227	0.456494184964828
100004243	0.440240580552915	0.573531514967084	0.220930797488552	0.710434341910289
799	0.391306446496253	0.982689048799397	0.25811944878002	0.697330245648465
100008928	0.635528859498215	0.121869733134236	0.243254033286145	0.686043959187729
815	0.123891627787659	0.320761085399211	0.246042104246737	0.763067561256423
100001456	0.0056125981762874	0.0729643114889276	0.228805838726669	0.61844163026889
1242	0.0683726938574385	0.0791053707589255	0.289155968780749	0.49625594431733
100001416	0.302081113034693	0.11158258154857	0.164221453466883	0.443500314366386
100001462	0.417061077417113	0.360723425328576	0.28741203377091	0.657169457191712
1087	0.240920741830417	0.0485662193551966	0.256903340047088	0.658513641740477
100020421	0.0723618935694542	0.102644167824113	0.277342439189549	0.453523015188636
100000010	0.00434152675439393	0.0452332995518295	0.253941615771594	0.754521597067292
821	0.602371906394769	0.449768935370266	0.267127775695561	0.567998483079107
100006627	0.304676175225175	0.169479629933491	0.341264911196882	0.598726295851457
100001277	0.397182077169368	0.175859149568245	0.286740617872302	0.654363064633272
100021141	0.0476533283169937	0.178762283541167	0.280386534015853	0.799975446454618
100021105	0.182690982575086	0.289654657806116	0.254384075871571	0.515363455945956
100001950	0.000218809026496003	0.0047945511155022	0.30624305775889	0.881479750802088
100020217	0.995801134274168	0.340022963352289	0.176393488934096	0.541294830792639
100006651	0.037441682873912	0.200483941018356	0.278064615740572	0.473454180963855
881	0.991107201611201	0.415196012811672	0.226570630901773	0.709886121633449
100001509	0.717646046866982	0.152509182798927	0.212789658830212	0.615762857739119
100021709	0.597522963530657	0.79602096540953	0.2328780732918	0.704688145515548
100001635	0.161261412444373	0.0117502841349068	0.255443367608962	0.637029123878915
100002613	0.444203922915271	0.122184614501044	0.221725123070911	0.7844996158148
100009329	0.569702418194565	0.661959926495594	0.212741653740729	0.839102347145295
100021123	0.853037876859043	0.59436375713127	0.249039794180742	0.608862831457188
100015760	0.239673432891524	0.151477321992766	0.19377273749732	0.735017783389188
100020205	0.412094005509102	0.460085782093676	0.281148059018121	0.537752296680187
100000765	0.54737999416966	0.646330511948232	0.236214468978147	0.66608038614896
100004111	0.305520355857604	0.155539022499435	0.266232816372375	0.668032845500472
100001615	0.168711931260214	0.858125965411744	0.239586911908269	0.695687945025253
100009227	0.215445093203195	0.124883247352356	0.342598799168998	0.834493508199127
100006191	0.4041289523127	0.608838072920754	0.262483710005264	0.649999918514301
100004542	0.530019936381417	0.417284832719614	0.254253731633059	0.738291602881434
100003686	0.343632694977539	0.1485098706851	0.342247729187004	0.634459472960137
100009232	0.0424592127853491	0.297474071459507	0.243877307535365	0.612071440075021
100001501	0.0285823539662446	0.071019329252358	0.314445231586965	0.745052284146634
100002367	0.44355896714351	0.21512728351216	0.220514418198583	0.536053957175446
100001108	0.371846882546604	0.667301679376066	0.236498085443091	0.685519607597299
100004227	0.631928941902623	0.92256969913793	0.239272567430002	0.690899966595833
100001310	0.170124665985161	0.266829308194695	0.222544921267903	0.818840187030937
100001994	0.885630396029585	0.927569020994764	0.258866198103359	0.750819688787764
100015839	0.00624690165870663	0.00771472745115247	0.316986454844915	0.800844746992294
100003271	0.00561666948155314	0.0848725991786472	0.31530431342624	0.502882164466609
100020496	0.831031689176457	0.942469723466143	0.240159935511979	0.703782865178856
302	0.659794083275887	0.419476152705842	0.208090899483695	0.665053647506568
811	0.854937778163854	0.827124797200732	0.236129635205296	0.721700440406659
100001267	0.951322269796262	0.777863185643014	0.226357392244355	0.693496106379872
100001197	0.0215261782819515	0.306213950613919	0.276470974724499	0.709121971196021
432	0.215857855531519	0.487906187094039	0.255783265036797	0.678429856369269
444	0.0107990324964895	0.0564824202430431	0.271451869667265	0.831018552347748
100015968	0.354582373269266	0.38535248814448	0.235635207599096	0.625106786424151
828	0.9979355089188	0.801766974457578	0.230961469000603	0.706919666633627
100004054	0.184374068166962	0.722437127153709	0.240766465129588	0.708227539086997
100004635	0.0980620204338653	0.165820283742757	0.56151898332998	0.442810038385357
100000491	0.496926470231998	0.633875703704134	0.233992904138339	0.616914133196605
100000939	0.0487376848061526	0.0339011354911053	0.257093659202518	0.588611934441588
241	0.16763544320098	0.554060314166041	0.256258347030855	0.722223652068949
136	0.396599002104867	0.0759083965855095	0.210609521039115	0.877933704631247
100000792	0.601338833580557	0.96072199426017	0.243593141239748	0.747845181238269
100020973	0.56217811881395	0.656950182409806	0.25379392794374	0.674208938685512
100000936	0.624326249543486	0.96068810705817	0.238570534031149	0.697588292197588
100001313	0.0101137898114351	0.173401956028707	0.255640219415134	0.74667714655206
100001951	0.0331676063917518	0.0783684782247051	0.266295589156972	0.691747632132338
100006098	0.0204309734262553	0.103439719954577	0.272531844031951	0.811384422273835
100000007	0.250959076856134	0.597740224699127	0.246290919484802	0.702418020619393
100006641	0.838231145324601	0.850741362903744	0.26044350780713	0.698579995749596
913	0.0131329581565393	0.0693669213405717	0.301170806571021	0.563451242263302
100001579	0.875226253258116	0.471308458733428	0.2650267870144	0.696993493059013
100002911	0.150191391334355	0.0125194323614528	0.319361521034076	0.653615694081431
100001293	0.238187711631825	0.339635400268799	0.206166988707527	0.848755124857378
100002241	0.230892330270872	0.550024176466114	0.252948124220234	0.667588718852329
100003179	0.46496220496619	0.0934507038599457	0.232414919706126	0.551390539289894
100021372	0.346404849903899	0.215567243896051	0.175422756226439	0.702287167429612
100001956	0.331997817557159	0.537412213250031	0.241153569375565	0.614671428617803
100021162	0.257379551031234	0.194287111631788	0.23239252292581	0.529100924138832
100002259	0.37362149720951	0.591545923792013	0.219285230994841	0.689136806346051
252	0.481658556433919	0.706560448035376	0.269679843298019	0.657384494708447
100000707	0.384469726416094	0.281071606776268	0.233626873835092	0.707386754923392
1489	0.667889486677029	0.0214361001635782	0.17507435114133	0.672391422341625
100020361	0.023026286186565	0.0726394302034517	0.266394663175055	0.996557327547937
55	0.736891801792203	0.897098314265714	0.237239805648256	0.707704776755903
100000863	0.239395276903908	0.244058737371449	0.205190150185844	0.736590430776555
100015840	0.108040389450682	0.0675987799910599	0.323573370363172	0.656345865114689
100001541	0.183173992389427	0.0940379114717411	0.165271227401862	0.687542634771811
100006082	0.198451769168855	0.07312553582827	0.32505494465874	0.686834435223516
1254	0.634634475305886	0.920505345860605	0.246462132065552	0.714208647780041
100001624	0.460249081476528	0.341954386501707	0.22224776659701	0.674026263257115
100015850	0.9388290334569	0.509991043212585	0.305837225549846	0.654596549385016
100001104	0.00616712162148935	0.0232500949769713	0.288412239732182	0.958490063168363
100000900	0.137308912306545	0.413421219142568	0.249475542895678	0.701587760792924
100000269	0.189717650417046	0.072188389493254	0.136567940339642	0.651699859424254
1022	0.264881975100522	0.891378338961492	0.240759063272246	0.690412902432779
100005373	0.206514196618805	0.0747547941219008	0.211671053619971	0.730302781636318
100001129	0.156843335294255	0.684558953867576	0.233492484164101	0.73293845338252
935	0.0115253493736324	0.118506688957914	0.317936453657658	0.556113245574098
100001262	0.203898279280166	0.242172166305807	0.252798753466442	0.720062515402934
100019978	0.259090350449771	0.672626991087965	0.235918440332996	0.684665713561823
100002293	0.802546812225127	0.854012122926018	0.241935021864102	0.697860327710692
100001426	0.235579914299064	0.31549866572933	0.245429039543586	0.547627899790085
234	0.0357644670176856	0.153735854016187	0.237011062120982	0.673308481365615
100005403	0.237300399629406	0.991095425447877	0.247530225340774	0.699014908383788
100001083	0.0494507539997041	0.357295816723497	0.263289565740544	0.717674524778255
439	0.800668036048036	0.369723538167915	0.259154679339814	0.691457638317904
100001086	0.379948424799175	0.472623051639458	0.251836484036069	0.769622138135483
100005864	0.758370955937074	0.458090531100643	0.219962382666521	0.764033077315541
491	0.524436549663985	0.914024586957394	0.238096570460367	0.698804181261326
100002029	0.484015467372954	0.429650540061712	0.230332506838883	0.562538396912837
100002154	0.866602807481136	0.48024823878509	0.212392658096928	0.674528278268881
891	0.557504920073806	0.227157688844669	0.271249338816598	0.66522573698533
100020261	0.387861330766961	0.462651645400234	0.289167745100524	0.671507102092218
100001296	0.48424146798709	0.474334231330357	0.240601721574831	0.58818713553569
2050	0.536634624145774	0.518051098937576	0.25683342467273	0.640514555689537
100002761	0.349134174662213	0.673012062773096	0.209629306493263	0.834188247628765
100006614	0.936366248120549	0.582114318165719	0.214071838178125	0.779233702036422
100001597	0.795822160473416	0.169333102958528	0.161066730471965	0.513861068901541
100020853	0.775057693919567	0.894996105335834	0.24170730087483	0.705115453806906
100001446	0.281237107995027	0.40847898486397	0.213202174676877	0.689718985584416
100003240	0.330088819852803	0.141121871597487	0.280926296700795	0.615586718913661
100001502	0.0236313079571502	0.192758312800329	0.294163816281352	0.795806567434929
100020866	0.105346026360471	0.0119492620391985	0.144256867531341	0.506990390121232
100020419	0.0377212038786244	0.100106672271766	0.264926001458395	0.443339919697275
35	0.515024220230965	0.304412184016796	0.215463810577672	0.645896458134638
100003696	0.0122903951269269	0.0416520138124106	0.375107046996904	0.627688484402311
100016038	0.736231554084573	0.985459837137882	0.23886238773676	0.699215550803244
100009333	0.199922571443312	0.163697830271803	0.2382988119558	0.726937975473661
100001611	0.164904651107757	0.349266600510958	0.314693908102346	0.674406967832111
100005383	0.698411691580232	0.253519901123195	0.25295456942369	0.744403326727506
100009239	0.333915919064408	0.141880209695108	0.306896608294066	0.51784910183367
100009332	0.295406444332997	0.217554798477344	0.237075255987404	0.660068339688934
100001731	0.186818449691636	0.697246704773035	0.246130808160216	0.676007668053884
100003415	0.25143939804784	0.347504734439069	0.225345893104815	0.72172062957814
100020578	0.122873090481332	0.183506894021444	0.221825699971841	0.588192347368746
893	0.746516131487976	0.566979960347508	0.238662134261944	0.707742390788063
100000963	0.314620653875347	0.221075678111912	0.314602360824599	0.503322180645934
273	0.152302448655407	0.329730907555242	0.281550911810583	0.693293367543097
197	0.579996306319919	0.512607854763237	0.236306981987972	0.597608798089624
100000808	0.191176090392967	0.16057054459887	0.213999188337746	0.891118454246026
100002284	0.688080370909831	0.407069343111927	0.163274833345677	0.642129054526503
888	0.972134694065991	0.110926520497365	0.265026009535925	0.678212561551199
100006435	0.49428823151031	0.300742502054043	0.177953746789022	0.978666452301126
100006374	0.196298525489746	0.558952652850796	0.246698034752588	0.687642334478194
100003169	0.609336692469352	0.980767086707307	0.238180763951178	0.696248080388615
1004	0.662618009069862	0.851416784454639	0.232060979097954	0.683915814145347
100005998	0.0796399167338502	0.836543578890261	0.25935965736345	0.709355511906745
100000773	0.691584049801743	0.575313404085563	0.243786937627732	0.681772689641327
100010850	0.0224779832897679	0.141081502276246	0.290216615370911	0.576906370890032
397	0.810923344733792	0.386096950822201	0.180418521627043	0.759617402533212
100000039	0.088513845070574	0.256701910111755	0.197558505877343	0.748874264837109
100020833	0.622991463973001	0.859085808701112	0.244268047883793	0.72308402016406
1021	0.331255134372376	0.278194259820787	0.219109725451496	0.743020958881204
100020479	0.40536203824383	0.598808257435971	0.244417916465954	0.707305233776681
100001335	0.573245167990915	0.351617884971581	0.274000236707593	0.666697915781986
100000743	0.485183714859672	0.916266701110048	0.238402677340468	0.686471159249968
100009246	0.164797958620052	0.623419298535396	0.22902574383761	0.731705819074569
878	0.196843593173743	0.767300500219183	0.230530342256821	0.710657646415563
100021103	0.736328381222083	0.813539017255952	0.240679034585427	0.791179980649064
100021363	0.226673900174548	0.550271172229579	0.220898804393209	0.741336173269244
266	0.114892420551804	0.193368345872677	0.241066970539069	0.619857974703203
100001195	0.365290051146978	0.252338329309981	0.309608751930111	0.626533147475373
100019801	0.809532377725284	0.738327936528463	0.249200859620118	0.685742557668255
100002196	0.0245854026893481	0.21485415192977	0.247821939785938	0.712142141996421
100006370	0.226104704216517	0.910828021222138	0.235407095941142	0.702568752940933
100001510	0.0289904401156638	0.00345842154077452	0.199476485030542	0.798775860544858
100000437	0.549269638350474	0.436381362502313	0.227634541202824	0.769778679280147
100001767	0.1585928861468	0.0354836223244961	0.304786074435006	0.760780118934381
100001810	0.302042365449968	0.407427444438444	0.248766901077454	0.895290564559069
209	0.0372294778734295	0.373798060837745	0.27571476857692	0.68354121736721
100001485	0.304081650567504	0.105030582344639	0.146219924147827	0.626882313630557
100002500	0.12637390006727	0.453566809526135	0.243406409288123	0.668268124990119
171	0.0338044737160629	0.0259705248681031	0.179340883974988	0.698242296527095
100020487	0.913659847910742	0.922152391247072	0.251483116470993	0.689363534017093
1206	0.00727417030211319	0.117370092263991	0.241798582027952	0.750759239930504
344	0.0118745659721912	0.0302884821496471	0.508377669606055	0.79168572633964
100001405	0.484461938443163	0.919488208369704	0.244197758027543	0.690279206758197
1239	0.950033251379331	0.558528099496841	0.267429141888171	0.699768705191086
391	0.0452803995098667	0.151083551040676	0.215773805190222	0.932475397466601
100006430	0.534991766565007	0.21795809124567	0.305302541276057	0.448826680418979
100001417	0.906253251373282	0.468769111808451	0.226752907868853	0.817747085551938
100002951	0.0532739704462365	0.478396085770548	0.23521679106023	0.617724372949426
100000014	0.380589080911803	0.549944852697595	0.231680610297815	0.742379839871325
100003926	0.606050337393384	0.50948771526741	0.260079504583756	0.679383997994834
100021538	0.437515255307043	0.35433580062578	0.281253908596956	0.607076554376691
132	0.366606093906774	0.987692727460714	0.239468413731709	0.69684403010674
100001425	0.638324556838244	0.611963793411599	0.294906043641425	0.644719516811891
100020262	0.638141390657846	0.687252971120268	0.256900441452699	0.685578897564873
100002679	0.321976372519666	0.663328872963311	0.224207249888669	0.775195137546079
100001270	0.653875081550997	0.636168491611264	0.2451565630604	0.678211725415315
1102	0.903685724376522	0.949035935595097	0.24105060600601	0.693011929439275
331	0.301298234404739	0.219140556277661	0.200111306563178	0.591021554359955
100006361	0.467023253556703	0.573618400163932	0.217403778547697	0.780443809733009
180	0.758366217767564	0.97116875310386	0.244910308772327	0.696275606050683
1053	0.258941051632851	0.426693274760802	0.375671941407367	0.769234006314144
100001359	0.741772254305929	0.991701676864633	0.245168489896063	0.703307594395016
