chemID	simpleLRM_Fstatistics	multiLRM(chem_sig)	multiLRM(sex_sig)	multiLRM(age_sig)
100021136	0.0217242953493859	0.223443713819025	0.368902497312839	0.875421208964509
100000882	0.787532000809499	0.663412186096263	0.333143342405893	0.7339172713842
409	0.0478142097537434	0.132968343754681	0.385158032372947	0.492947041912331
100002254	0.72951201173441	0.0507235868584522	0.220550228870506	0.72932823795527
361	0.00461555733189678	0.0874403620820057	0.238877107170694	0.75498906027268
100019975	0.546887598030649	0.705571492736886	0.323732658107156	0.781588745148499
100000257	0.000860308908811823	0.0220107896926864	0.318489303242248	0.683122997981761
100001232	0.868710153187693	0.97319601597203	0.328149485739841	0.761996924009664
100001948	0.351972470511007	0.399360562128469	0.344561370247116	0.624342137643539
100001073	0.679056475817364	0.732360831527707	0.381637907329725	0.69752700680848
100015637	0.872101965336513	0.467867357061645	0.340458931072665	0.754405021429294
100006360	0.922043945108734	0.950362321909316	0.323941847093442	0.774815662426602
1488	0.529830822992596	0.584919845667921	0.326059293009154	0.737221029007226
100002253	0.745673374113588	0.923816317382082	0.320754102307723	0.775997098081038
1023	0.995894314584987	0.752594991790744	0.319115226526052	0.748040053224414
100004284	0.697879163306826	0.811090422390345	0.317386988213749	0.771565692417158
100001251	0.613063280545343	0.970797170094491	0.322038593946751	0.762663741024715
362	0.670672756037054	0.529844207678305	0.29500837165222	0.752655617968872
100006620	0.71625039973068	0.882618694784989	0.32279307916593	0.766815570285038
111	0.314164532496054	0.160516738860396	0.276693173991185	0.740582855570315
100009045	0.574613029146018	0.257452722342147	0.27234988258096	0.939867577960752
100002927	0.783813534235067	0.882903659930528	0.318125337925365	0.779128973291937
100015641	0.867961602771529	0.950784187011176	0.32181626134662	0.767354798288089
1114	0.119623928571661	0.966614132093251	0.321182584859888	0.765606386607276
100020409	0.366167571269743	0.403877152853897	0.320504004560791	0.633388123064955
158	0.12123435708771	0.250745673207833	0.411542001007843	0.803490601470172
1224	0.0481275171717012	0.177264914354773	0.251844897875286	0.806198394660971
100001620	0.439489664753451	0.391270114417276	0.283558256871003	0.768660616804691
100020893	0.226174607221978	0.0570187642167913	0.302756776382981	0.472694358193792
100002458	0.750819862629452	0.555920172302179	0.366087600998143	0.703662020273232
100001112	0.755431768719487	0.995466573398869	0.322453351916525	0.76578865199338
100002953	0.3538999778565	0.795765562356984	0.32045667770306	0.779451585789037
1141	0.29410408211456	0.0470085588789849	0.431184489139038	0.593468620395242
100015834	0.470394781033414	0.984408653081072	0.323155005329807	0.762961857475009
100004561	0.621379054349987	0.911086872108514	0.325504402443492	0.760813280712803
100020497	0.864537965086441	0.743077415576597	0.307514666156288	0.791908409243449
498	0.0397455010783939	0.288263809912796	0.326117751075434	0.860051493738368
100006051	0.877482496200459	0.843756274477642	0.326311065258838	0.759600551378639
1668	0.673078435473177	0.555142253328931	0.317152879440471	0.703434030701438
100004523	0.391388972701861	0.849692668188152	0.332807165061537	0.744779877260843
100001604	0.299450354449282	0.571486462041421	0.316519837250326	0.800163593648254
100001002	0.156695451446971	0.528646546764987	0.338888604177548	0.753916102172855
100001987	0.0970286563869886	0.315170892153192	0.811653163303331	0.611340368722937
100002462	0.527401673574657	0.330685621275159	0.392409766242962	0.642964041415662
466	0.602729080296241	0.0714379151145905	0.349592079207931	0.73575561040193
100000665	0.799738457846685	0.468887469415966	0.353261239557093	0.703395296302454
445	0.943767278174156	0.431009433876654	0.357577121310885	0.819397233732973
2029	0.221833270222202	0.580610000009287	0.33429106942271	0.758802855341783
100006438	0.101830056264041	0.221677784349118	0.383925573196702	0.791234935285478
100001398	0.173919038561141	0.621623020271479	0.303135221983357	0.781899306081055
235	0.451733511552233	0.473839941093208	0.287984780988212	0.794907132672242
100000997	0.704057703248055	0.678081603526117	0.32443734110646	0.737998975065706
100002094	0.197821988787995	0.210151704842638	0.277028817643434	0.626647434670563
1052	0.600930511292945	0.927992098104769	0.322578985849914	0.783115997381484
100020823	0.318030810609003	0.571261057403838	0.302716478208386	0.751500485578299
100001806	0.239584093784302	0.571755358716775	0.38629631183491	0.783573803555747
100006092	0.863171785079089	0.914534653816589	0.325793565197424	0.755974777203289
100001415	0.0812693848830248	0.0610541950790222	0.327894100921581	0.45511478314888
100000008	0.0422951681086052	0.0760684018977575	0.353777655265532	0.589764110830955
565	0.00707431079773947	0.0425920919760622	0.323190201111012	0.852127373221696
100015851	0.141629276086708	0.166967896838956	0.42292561381212	0.923772443568024
100001866	0.574408331531076	0.918858442750065	0.334521214519195	0.752745798711104
100020546	0.00238851754583279	0.0252985715160177	0.596157717676877	0.992691108482208
100016110	0.534335845221075	0.413941536492633	0.266753064510366	0.866772309728321
100001254	0.00301638389797798	0.0109516759859687	0.423915633743939	0.999246125514216
100006260	0.331504436524779	0.737465618992887	0.330941716795867	0.762819636636914
826	0.688155457708258	0.870055456746965	0.322938705469407	0.758966970170681
100001872	0.36095846379837	0.710680879127849	0.326466339774029	0.768463877962375
100000263	0.38191775259103	0.409507354011939	0.388530921297963	0.753117461032864
100021198	0.816024124429948	0.0652035666442047	0.217962463652742	0.446906376516488
100015967	0.0343325918280893	0.0931574507016182	0.395427097206283	0.57822062023443
278	0.161055089727731	0.259826105343381	0.304384320160841	0.949045529020589
519	0.816628671481055	0.34154472316903	0.375713756053617	0.691147948985261
100009337	0.0886521139532354	0.28304064582739	0.446869282942803	0.760570279494594
100002185	0.338459778241927	0.966569674900471	0.324337166082542	0.761199075536799
100001278	0.446437283480886	0.27901177188284	0.386068827495412	0.708083648481268
100002103	0.6921412421058	0.792283726004032	0.321300432000132	0.732270103877879
980	0.825132687544544	0.44467193651979	0.353238824650865	0.740889421604275
100000016	0.759010633853553	0.408234373241837	0.321459900966531	0.741293009535276
100020372	0.173072462231591	0.484411552367156	0.319976214897015	0.697764093279364
100001662	0.536090870323023	0.103827777809901	0.119808456434847	0.801843179313745
100019972	0.953657533036391	0.66081853777279	0.331916543893338	0.74987824363179
254	0.71261103792992	0.703356805387887	0.320879559601518	0.770169938031328
100002009	0.631198699361322	0.71861590866914	0.318684723980648	0.688886729178003
100010895	0.389723220977525	0.484018333614117	0.381381999780533	0.744082088213987
1140	0.882661896751602	0.986179873503119	0.321788314363422	0.767602576615097
100008951	0.545782371853448	0.51097525058097	0.348293705574438	0.727061516872575
1084	0.366174299101201	0.805882762952623	0.322766810981311	0.807537551808211
100002796	0.0796778237533076	0.389351192658496	0.292840269874388	0.713995765093218
358	0.923307626807826	0.907266373262997	0.319694761568222	0.750500644873467
100002070	0.687006581254586	0.596692823313242	0.313230768112481	0.816318621852315
1628	0.308452174607124	0.0928582579219368	0.405868845061553	0.762055647911603
823	0.783369012577142	0.590974942751584	0.2887296019527	0.810519811172739
100004414	0.491456183469486	0.0898572743887738	0.415792015183068	0.903011901878231
100006129	0.661136844476468	0.661941803356412	0.302534293147277	0.78062235818316
100002028	0.607782487945545	0.448497269579385	0.436530941726909	0.554364677708692
100021707	0.558954761899756	0.69740190599179	0.299321505784982	0.804051000887779
100000054	0.576742594080092	0.475998119888396	0.311477872762384	0.78376652366201
100010869	0.517558592010573	0.250439886718051	0.326129265741254	0.622572937726251
100004575	0.0266074514265067	0.0929920088960771	0.420569635428617	0.873730404854092
100001212	0.931486466880983	0.665353298508819	0.326775090727234	0.699418672585182
818	0.173651858487491	0.511461692772509	0.376350208384533	0.713760972999801
100001092	0.000981293485035086	0.0174602906940367	0.333262955965684	0.778212850076127
100020371	0.975369898285025	0.901884755436007	0.326052274145755	0.762967151091226
100004112	0.153414439752134	0.452063861146865	0.349120774867008	0.780644695138158
1125	0.47555521180747	0.367750738334576	0.356458302407081	0.8020818326924
100020491	0.843734934715519	0.574139251674581	0.284171404300692	0.782583334392501
100003151	0.00196316411162876	0.022841164838655	0.49027612691435	0.65396924019306
100000011	0.325295428807594	0.152342043935733	0.242429523859508	0.871389043805437
100003594	0.628899325659076	0.924419701655096	0.321415370397864	0.759901996989654
806	0.727413535214642	0.15900654768572	0.317844648654976	0.554779536563697
100001211	0.909788453849089	0.55145188147293	0.335156630271993	0.744639276888457
100002417	0.650338596188784	0.560538342286398	0.311674460029343	0.72500969749167
100009335	0.501360291166603	0.196246494078059	0.266403570477133	0.791599247938012
100000781	0.626553497373345	0.960574334358152	0.321574591763177	0.762624031449279
803	0.0340351904711845	0.0388108990962991	0.303129626301881	0.626314626568268
50	0.555715699876609	0.757114235373662	0.327038202297923	0.748289572542959
796	0.451489783202284	0.0497530346431181	0.352017032387754	0.743172624833683
100005834	0.925950209458083	0.652583607484557	0.367007813745029	0.754820202433744
100001580	0.967747398562822	0.541009130591422	0.344199432917757	0.760702100031688
480	0.918634678949158	0.550938268625343	0.284524849815191	0.779402668769759
100001540	0.283969869170076	0.75900370351336	0.402429630982118	0.835828736044202
339	0.584251201589426	0.120849885118841	0.288510796240222	0.659870070320905
1110	0.894399951467255	0.939556055764007	0.32548041211954	0.756382936281663
100015836	0.19582370538174	0.182382740219533	0.464191229456683	0.938243576985011
100009271	0.519574603749679	0.49613097857657	0.362265202204413	0.744315699097951
100015638	0.967177174029577	0.440172591041697	0.3357761867839	0.741393720379638
100021667	0.945496846039334	0.47816378758833	0.365454312751013	0.743021140227347
100001279	0.708643677064851	0.396052063644199	0.343444471340861	0.87544005994179
100004208	0.0141221411312309	0.0949356578233069	0.51556297590294	0.927333283379686
100003695	0.201599941226489	0.156815319462251	0.346812508688741	0.543746468993333
100000802	0.793521584842707	0.860817862499976	0.325004629577304	0.758463534055067
100002769	0.876064050881317	0.103905762663407	0.236363033709532	0.874738033417462
100015835	0.10676992571036	0.280911712610043	0.485604057598513	0.984166214255886
229	0.948601280831991	0.394718233863622	0.356781853637304	0.752264119581548
100001266	0.00467334715741824	0.0217574494990727	0.435282477953029	0.88054891242388
1342	0.285825323871889	0.347624803491028	0.278667610805091	0.783108135308622
100002102	0.953902915087807	0.616613288911356	0.356440851588441	0.847796753226013
100020254	0.174965619685842	0.589288243366772	0.315253305864135	0.791607494472809
1231	0.529887220194628	0.240153089906508	0.376269385435863	0.706655311114068
100020492	0.933823697859682	0.898089144946504	0.318776957639498	0.763416107056723
100001402	0.442157225007919	0.614178101524184	0.350014369402845	0.764361361583988
415	0.00660716598895099	0.07979399983965	0.375520358028725	0.822437420340082
100003109	0.884856982427019	0.917918160299037	0.324769260721749	0.753232756911915
275	0.747786069693414	0.789601621273313	0.307186566970603	0.750314473397931
1143	0.158148018664459	0.07379720092519	0.296890379233462	0.870724283781093
279	0.414489271457212	0.38537343628442	0.319871498528166	0.629907451282335
100001198	0.933214893569427	0.951870922102899	0.322432176159095	0.769935330075908
1648	0.412680653773676	0.949305508989632	0.322644011094019	0.764459176830971
100001590	0.29340242188649	0.239513868361899	0.308023720802819	0.67021276028647
100001733	0.35147726654751	0.84204885485655	0.319168279371523	0.780809983804242
100008933	0.0193317327167849	0.00255040374248006	0.426439642981503	0.702465420534204
100001550	0.404837256370777	0.469173062243128	0.30413050142267	0.707072710325188
1215	0.065042778137484	0.213483628083685	0.271716910207719	0.714269918084366
100002356	0.294263224278052	0.110527679422708	0.382843981937074	0.768844922858719
100002749	0.801444780363422	0.83535025477546	0.323864339440664	0.767258847696188
100006379	0.139168978645451	0.15973969124838	0.373677776131764	0.496253608111182
100015966	0.0769641416002807	0.161601906007943	0.348754250860867	0.580978570001023
100001392	0.65120930496328	0.93266396776855	0.324174476218115	0.762029887798586
100020425	0.0762720432358762	0.03952633205605	0.280615403990086	0.516621897626137
100004299	0.298953707539566	0.735657380891748	0.348583006467338	0.830297967473831
100001734	0.489188666875616	0.492359387447637	0.343195132695686	0.699759456775402
1002	0.917741836032718	0.779485138962374	0.325034709420129	0.764163256102116
100001337	0.240157309285571	0.784220369654432	0.306820083293619	0.767905873218925
100001452	0.856507644658569	0.787301622829093	0.320753683763925	0.737392261751872
314	0.552629905895068	0.377210723240859	0.33357937433218	0.781121158144933
100009264	0.935863066879599	0.553350119455707	0.259247742435444	0.876165305898979
100004634	0.440537457799689	0.512023260167103	0.292181154643277	0.780312772950852
100000711	0.705600955931163	0.636759709899605	0.362336363919801	0.796941982284101
100020536	0.0142750400550492	0.0749977195483852	0.413773511718502	0.908576352412576
100004318	0.35422939616395	0.593794813422401	0.328282013162373	0.755374363987154
100005850	0.88097835475317	0.463913537871168	0.405515058171555	0.70690182105623
100006619	0.315962222515129	0.145661158933162	0.364728293494534	0.751841553252994
356	0.474504590973802	0.630794350731478	0.309653999909562	0.781590383283994
1221	0.594135623152877	0.587350885291447	0.410791613287602	0.805651532553567
100001397	0.864223326071041	0.823667699340007	0.320854017962737	0.755092830847618
100019981	0.873897562449885	0.938077456050601	0.322000153632109	0.758153369130256
100001208	0.441664456702615	0.250978508906779	0.286057288422116	0.947610830303141
503	0.0116445633484188	0.0114709989780571	0.198597536105534	0.583557206054585
100006375	0.115065747561837	0.573013379700098	0.356147625143672	0.744399307854492
100001295	0.814176212470175	0.607452133888712	0.313050876369789	0.853491284231392
100020427	0.0367064025354205	0.0220818113813922	0.318333915616412	0.444346705651034
100002784	0.435583798628696	0.330942071324652	0.275548628781127	0.847255880345454
917	0.0534897141877166	0.197474918014265	0.354461361711179	0.714003049502487
1869	0.295536771023102	0.201730791049221	0.355953808961859	0.652536040918515
240	0.116320636204387	0.071510170400962	0.207127786389725	0.56551299613537
798	0.00232537648494536	0.0703182525811837	0.505361336777582	0.722563756657371
100002952	0.231720169637365	0.502304796563325	0.320712894793504	0.841640937461549
98	0.611105970505093	0.812558897805327	0.342582952960173	0.772023753416542
100008998	0.148358640590194	0.262700807479781	0.260290152455604	0.889177224419081
477	0.839783921965119	0.279541198560718	0.325749532389186	0.753296337930429
100020545	0.0875425403069085	0.141619305242553	0.374254546280521	0.93906311937146
100021666	0.971468872666008	0.207909906377242	0.365502809387362	0.751859905218289
1256	0.609761809734628	0.708002003191643	0.368988169065715	0.797260935793571
533	0.274936570930293	0.0709076509123843	0.229597654412333	0.494709087058745
100001757	0.401684567020127	0.887354609987783	0.332908560860774	0.758403954358143
1024	0.268187403654404	0.0738348248876763	0.224846697280538	0.732902248831528
267	0.582825513854329	0.900642618025217	0.329218325011482	0.760305750020551
100002113	0.0639940913631195	0.071920169907346	0.329453854972377	0.827203021601802
100001756	0.819608144950628	0.699613546387432	0.338280610666571	0.789226240767607
100001193	0.494669852337314	0.208068686269846	0.39049276656455	0.706605268658224
100001668	0.634858167616059	0.954140865134057	0.323316764470909	0.76846273838657
1124	0.374454545728654	0.359819381104334	0.289252526307237	0.846453731025868
100021331	0.15166183198336	0.31989761511851	0.307557270080123	0.814890253431281
1090	0.07619586698393	0.0480595392166267	0.303871247369362	0.897415761955353
566	0.809300657351048	0.363489774527543	0.24755592542711	0.760147143507608
100003119	0.279593270661048	0.220784960912933	0.379173559741791	0.715076217762474
100006367	0.580758950311994	0.460254410752077	0.343216919431427	0.748907953665444
100004322	0.200555262751897	0.235865385043335	0.33559385978553	0.861898017699613
100001034	0.694960025779634	0.820564749549255	0.318729625979576	0.754553462433952
112	0.82877816051676	0.898938027792167	0.325218340404848	0.745527607513126
507	0.676030721235133	0.724720611536928	0.32227053184309	0.774700143269879
100009233	0.287676358361331	0.181441865836094	0.300603936212559	0.789202957858861
100000406	0.0216109862314721	0.153721073639483	0.486530783340084	0.558804669480607
100004046	0.660481912377258	0.229021651973023	0.152333865073111	0.714347201784438
1025	0.641902164330349	0.583603074293873	0.308643319265044	0.798471142921755
100001106	0.205790325821594	0.213651698580839	0.269897864989578	0.785060145001556
1128	0.0355594634003413	0.593796303275632	0.354491963510126	0.810195764876543
561	0.0424040383764874	0.187627512568121	0.231869736665498	0.682110684149482
100001614	0.890921962586338	0.374845186110853	0.33626284255784	0.735843444135178
100000961	0.984151137967072	0.942801375837054	0.332487753250901	0.781391117361466
100002397	0.753143688943037	0.540603288935393	0.325662177090406	0.684283893473596
100009407	0.984991804851228	0.940205421331054	0.329828535699431	0.758921939566732
100002910	0.967291789046354	0.667486247427141	0.301609177562306	0.707884264647368
100005946	0.297109551012796	0.366019034267289	0.366784474928253	0.859569965350276
100019794	0.0845532623639554	0.260883083433935	0.331635064754212	0.946369616495243
100015759	0.289394881713037	0.0950645939541	0.278195739064789	0.776693272660061
100020417	0.622692208194614	0.548561444171149	0.307581103867416	0.737883901487478
100001054	0.663794852739348	0.993867244699975	0.324236191205669	0.763439492160794
100001437	0.33719405170999	0.344005547430415	0.269940910783284	0.681390240747314
504	0.258806768368429	0.717000094816126	0.374946619736184	0.7751369575085
100001988	0.476446479298003	0.631332190557669	0.31825784271088	0.929316912707588
1082	0.0324883258133448	0.601298302315815	0.358584628460896	0.79550556148499
100001403	0.377013857339204	0.3893126169326	0.348817098565988	0.737451727689963
100001664	0.930129715384982	0.61140595105339	0.308293044410283	0.905819086912073
461	0.368759004153205	0.253705911868349	0.476392820957923	0.725533451002494
100000463	0.685213581363064	0.986539734252982	0.329129064784721	0.763670716222582
100020208	0.611999461961528	0.572026166207498	0.35495793821428	0.653131088565126
381	0.370700680907706	0.0535756366295974	0.146084378783368	0.597915172308719
100010901	0.107412309199186	0.0816024203078196	0.316033465341043	0.864435578055633
100001468	0.251454801193514	0.973237445164409	0.322026356779597	0.775008054428226
100000840	0.987613181524257	0.865201029808263	0.317884864662484	0.77839908357464
100020014	0.256796083304211	0.602296616662678	0.316569816364251	0.778587541534961
100001993	0.737469153911153	0.600108808766261	0.267512272121329	0.920766475102484
100001051	0.0657626888612343	0.0173089645774502	0.372238406514923	0.433038825714654
100006116	0.359732893267408	0.500645006106586	0.329565216628695	0.767903275628166
1108	0.903394029354632	0.959154367889632	0.325369010451404	0.760599216551569
100019966	0.365065726825718	0.10975480023567	0.38385682672086	0.726429691879088
100001743	0.704172897292848	0.457545866056027	0.310200700585259	0.74030195853461
100001294	0.105243104477751	0.185675455763566	0.23653446552798	0.830009711554453
100001609	0.326783825126848	0.140662429238316	0.30151209660482	0.835712024534851
418	0.798902349507671	0.965877806249747	0.323444006857508	0.769826681474747
100001178	0.34632227232942	0.952549399341361	0.323852822719425	0.758959167448278
189	0.905886860710846	0.650115559779826	0.293644558490416	0.728000454679615
563	0.428459101610467	0.825449127168355	0.335491136253125	0.748002379345941
424	0.682002107677271	0.453559487941678	0.353473591897651	0.739845013991017
100000776	0.142602396237037	0.339539595791028	0.365759275005381	0.767460950942036
1001	0.961495933349385	0.538852852321216	0.328406987823281	0.765457607650087
1135	0.326902004342147	0.0871789642090006	0.309246068530561	0.825166824010604
100021093	0.376622167686614	0.507103865919888	0.370150095683247	0.786406047962948
100020219	0.114072534978193	0.21377291499284	0.335610348149525	0.647135748386202
194	0.512429550859451	0.828904265212701	0.331755556030176	0.733653772120202
100008930	0.81031402412989	0.635321874472102	0.345186026209853	0.740206573336928
340	0.538867890422457	0.213056352254847	0.200587084043459	0.859546266492086
100010896	0.913993233440464	0.803814307887264	0.310629865531205	0.769049054986555
100000787	0.184173102482638	0.0995146367080694	0.313627520165523	0.449247554480334
100000639	0.0127913535047177	0.136469529678266	0.298374318758137	0.801764347165834
100001851	0.880926492129215	0.229968494655506	0.354512140928913	0.517632515901285
179	0.548271785244583	0.610902423552446	0.315864655515755	0.777041827481232
100000626	0.361494468610446	0.690064872285403	0.339772449123917	0.768660780710627
100001605	0.00627187441689713	0.0647457958356789	0.441137601393343	0.902868437120901
330	0.196336801662965	0.401423652550628	0.361605045668658	0.623409018670084
100001162	0.879727831397367	0.521322758531698	0.284927951238708	0.727214769215333
100001167	0.0521834881943626	0.260337867314736	0.31571270525813	0.7401145738461
100002067	0.568955036387354	0.78988463640369	0.402164837759141	0.698516635875809
100019968	0.689262622549467	0.372031328076084	0.352184730245726	0.692748090635517
100002014	0.973527457589364	0.948177804143354	0.32240044915678	0.797893872764219
100004083	0.395953617054515	0.139300114051853	0.363333685567045	0.627409938115808
100001315	0.28260272942487	0.374204227038265	0.344452030822842	0.842579108850734
535	0.211372537078886	0.494712573844758	0.353187612389036	0.758503031009397
93	0.410264850784586	0.264069729519937	0.3606538326297	0.592697982210233
100001989	0.358770139532856	0.61338522667678	0.298211871963421	0.809991628607592
100001740	0.725700261625697	0.397047468604119	0.295606976405136	0.786110796370516
482	0.138525820162728	0.861840776251123	0.325514456625332	0.74766905788157
1629	0.257170903565766	0.380411751384076	0.388938251600297	0.73943128218276
100001399	0.546882924870957	0.438676868120341	0.333613602239918	0.756985084133874
376	0.743719322014438	0.151936419433816	0.201705850628501	0.882809251714171
342	0.60107178205136	0.619000871286327	0.321722765483414	0.762176659523374
100001253	0.0197783524273029	0.155300265738141	0.281905856433462	0.987780430675366
100000708	0.593810589956055	0.758137849968442	0.346276899331978	0.774458353463448
244	0.164089546761113	0.0513321275946284	0.277548782963304	0.900816302773903
100006726	0.355794758556807	0.247218162646724	0.385765798784848	0.756474131751621
100000036	0.16637585463174	0.661290957651378	0.300394061855781	0.80015690647762
100001257	0.0191887083628247	0.0733513807311783	0.463792949322354	0.92539841876443
100000445	0.653290050381541	0.611312671837661	0.352221405979065	0.71813989118062
100004088	0.00144541555225544	0.08079858256983	0.41009609583631	0.906097556174003
100001423	0.969174595149968	0.786976155155528	0.325352205400043	0.738393266698495
100001276	0.328749338073377	0.287630226062052	0.296583145734128	0.679664283975701
100001876	0.642358858005777	0.975006392742864	0.324834633842505	0.763149664928514
100009082	0.590038903626165	0.0472757559210735	0.153857496495844	0.739730401638368
100001121	0.361412535237717	0.740581595367409	0.317796068199474	0.758841985422911
117	0.338361753097405	0.658887169563143	0.305632745900811	0.782049096740602
100001868	0.0275810340360264	0.0983661456168583	0.394046064612572	0.789761355567562
1134	0.572621187529957	0.277756072319294	0.219253985015564	0.740403315595334
100021012	0.22458511158471	0.446013432881355	0.335601720560288	0.797601502178512
100001181	0.83852800227114	0.273945842286799	0.389820301298335	0.686078070240091
100021467	0.798911226411999	0.31496177489203	0.320721955869061	0.663049468306277
100000447	0.220214091843636	0.248580887342444	0.373585409084049	0.733129750251828
1162	0.000411787344091674	0.0118920034184363	0.42913501478667	0.675869871379644
100019982	0.458067258543927	0.475737536363231	0.332870644274846	0.743348560689013
100001613	0.974789669866156	0.453209109063288	0.336858994530879	0.728612056859493
100006644	0.422681703070688	0.634623657427747	0.302472103103452	0.78842366602023
100000096	0.589252757964925	0.0271399593385284	0.209948969939831	0.719831226330335
926	0.501833208765863	0.667704486563237	0.329211155336633	0.767507214605931
100020004	0.759078780189492	0.734703314087897	0.334568363862803	0.759683878000273
363	0.18553113517361	0.0515980821655774	0.289037481633694	0.314931806949926
1111	0.537844171133439	0.902964936825226	0.339698114201466	0.746261670384583
100021712	0.599246905728783	0.90863127166898	0.321705028482325	0.756536565331673
460	0.882234830126169	0.691774851563253	0.334885644763039	0.802057455804809
100009331	0.307151346656798	0.193719075094821	0.293733388060838	0.800027158798866
100000442	0.204295610055331	0.643868690287608	0.358029148836208	0.79266722727483
100002945	0.108768481325849	0.0182756536923322	0.40858507287083	0.70729560802287
192	0.846481951291941	0.985569728652673	0.333171517613577	0.772853888632945
100020241	0.481587311587025	0.954962426324824	0.324035321315032	0.764763565932141
100000580	0.0988612868153903	0.104522506562883	0.283393262439993	0.945920950476897
100002466	0.00844714430473653	0.0305710477190411	0.271841107336444	0.506806917161322
849	0.605028344474942	0.54977176351008	0.330794812599369	0.710141682334353
501	0.428388107762721	0.374614890467578	0.36375164261224	0.726659597443397
100000282	0.682775372621699	0.129609750940351	0.405021136370133	0.651446146498075
100001577	0.0206627727312984	0.147078344585798	0.467317557330432	0.860493008070631
355	0.0894816778008122	0.318000541835885	0.274801203959168	0.660778138926359
100000841	0.73469345512002	0.979471260069196	0.333201921754735	0.772550421249989
100000846	0.833982281607141	0.351129968250031	0.312243215940558	0.756980021202239
100004295	0.928152506663266	0.416738209092868	0.29650250664133	0.706585254824324
100001586	0.0966183829125783	0.0478760676440561	0.450477070402682	0.403233063495266
407	0.0162177913418107	0.0346329440972862	0.351944461784052	0.820365242629506
1137	0.843822824964704	0.723256402335694	0.311153369868838	0.803664755221443
100021374	0.0321915733067928	0.0140994912008207	0.259765386660089	0.810033186665444
100001593	0.737618915736779	0.871577968053076	0.319409236204073	0.770789859199757
100015971	0.58612829384583	0.642307739664792	0.316324148876744	0.769678534054938
100001022	0.374030742389821	0.1899712403938	0.206888508859256	0.980478258113486
1094	0.0901950201410235	0.262072936132907	0.473466005554207	0.974861116221171
100002122	0.219430746566143	0.22920596175881	0.272357337291786	0.881440347696813
100000706	0.667363064651865	0.602564862864009	0.284780800371079	0.766020755888584
100001055	0.935560051416846	0.350056560218075	0.293562602453167	0.703063369927681
1235	0.476360967675297	0.69717247402968	0.307249050845799	0.797097340756506
100020204	0.0886414324917129	0.494622801381448	0.353302701227094	0.816878364523591
100015643	0.0280353044293139	0.253023098465087	0.356041625801229	0.716163528303936
313	0.0143119645399516	0.211585457153626	0.34726556098245	0.700673992075133
100001413	0.86135173419049	0.937758230535074	0.323722742498693	0.758344521077101
100020423	0.0127074750959553	0.0131168489168564	0.361236585846322	0.425127141609964
892	0.503254523782466	0.148225358443381	0.349700939075412	0.78935642362877
212	0.077151848985934	0.133076719753546	0.414538994313573	0.732188222680182
100006105	0.185284835962542	0.16978178357295	0.370309577507809	0.78112027298417
437	0.758501152993468	0.582893192098543	0.299871390136489	0.77769586999386
100019892	0.508846490146284	0.731903904205901	0.322273000934592	0.795111419423076
100005716	0.065060836914377	0.0924715844727045	0.354543220871048	0.865866754623696
537	0.232108585201199	0.115277237036543	0.330928282722336	0.787272728748805
100001990	0.306845446147431	0.632810528009046	0.363118570651502	0.714630827401264
100003397	0.0383585511790381	0.00411830409684182	0.243960516928096	0.484424298695787
100001320	0.105537486705176	0.20534373735232	0.4096493738612	0.501881208730525
100005717	0.127595710136088	0.0828182196156308	0.379107194092214	0.80450056903168
100001207	0.0359241476187365	0.182150074465316	0.362197040549587	0.765971725024994
100001999	0.54280653143417	0.806106143395564	0.311696780745323	0.859710264630951
100002488	0.223556468059273	0.0163260390408759	0.378830324537829	0.701495187901807
62	0.196735899958759	0.680028415898947	0.314184465420734	0.771310882165362
100000467	0.693746030725165	0.51650723540862	0.308186700102787	0.731324251127874
297	0.00388653791640565	0.108064368172382	0.335023210594357	0.73818561106732
100000285	0.0290183778679574	0.362253603489435	0.328066383929851	0.872372709023736
100006056	0.0727354783208386	0.35469297687745	0.338607448818313	0.807294474780263
100002126	0.142716883792341	0.256044526958832	0.253438724846762	0.913578800183992
100002129	0.764466197625479	0.807617017283304	0.310184000126261	0.855488273316089
100020478	0.020776125028465	0.193985902245016	0.300874888094497	0.816201763153512
100004089	0.0771514074286832	0.616038949941027	0.338892645846205	0.72399326707273
100001755	0.480849611557252	0.60615521454472	0.322028156654848	0.717301744305226
100000551	0.0265837218806841	0.967602009479413	0.332364316790231	0.76162299836306
100003260	0.465044841153372	0.302974594053032	0.367339657935722	0.85220165270035
100010955	0.884820773832374	0.446481029495851	0.262866632462337	0.65265416950116
100020851	0.17314431488771	0.412591626569922	0.356085834948098	0.800706390218772
100016069	0.664166202133171	0.789545408849009	0.326580913129958	0.750045916279152
100002027	0.573857806673038	0.514854171774329	0.240995200040783	0.889339573553861
1123	0.376718664145245	0.171987784457075	0.310428989259073	0.904442726516363
100001150	0.712421814654673	0.99067845513588	0.326797693789873	0.76425175881012
100001657	0.280816911163494	0.740005460149363	0.323705473675141	0.748479294347677
310	0.24384470262296	0.339386877299803	0.287628210901386	0.875526580970721
100001314	0.354604729179197	0.146013924259181	0.304103345133841	0.639804430684801
452	0.778907826670924	0.641355330567375	0.358390268008479	0.731353928823599
144	0.0771817271389129	0.0563025677534178	0.398731659545438	0.633253352651249
100001182	0.231757258952704	0.152525724303779	0.390911790382171	0.743093416074571
100015965	0.71160381768943	0.456365015604259	0.310822374125035	0.841391388902093
100006108	0.936738940801994	0.49505365166754	0.33469731630368	0.80309292968444
100001400	0.749201309258866	0.705193361749775	0.309675204457182	0.75334623084603
100004541	0.158326598054733	0.165833756418206	0.329560186489316	0.492742730906175
932	0.863536240058295	0.308038174714441	0.330454691120607	0.802664760817047
100001992	0.443834807176626	0.559842524485595	0.443110491788202	0.658711076893385
100009252	0.123576836131674	0.179781834607795	0.391028214975696	0.749081355118968
100021104	0.581325639925758	0.543173541712817	0.264723052687497	0.909962124426132
100015838	0.0162324004045566	0.0486941897613783	0.444855708946155	0.984766752956834
250	0.000657392874575685	0.0187221052149251	0.615802549835478	0.908297810744721
100002537	0.930685025539864	0.536835857187534	0.302382267484518	0.864751736045518
100001658	0.797912322541654	0.700083159895013	0.349251797939681	0.752797035344074
100020416	0.236388038775007	0.35802303577798	0.291643895993155	0.746486593895631
100006642	0.241573519526214	0.732712123441552	0.309715379689581	0.789560161771847
100001391	0.124811624177283	0.355353539236887	0.403691478017368	0.871400653646742
825	0.64568144451465	0.640248642332539	0.288739749229291	0.774819123158698
215	0.0160126987575003	0.0892765749822871	0.387590917010952	0.756979441488938
100001026	0.96976738097032	0.932277086609123	0.32261214602546	0.786014365737679
100020541	0.433760961683483	0.461724821722243	0.283430583949464	0.801623090076364
100001526	0.300246704462289	0.327986738961976	0.455316755293186	0.857210524199917
100005384	0.324638951461924	0.335234549005962	0.310604608782999	0.686277572378281
100020378	0.272519835506153	0.66515754386982	0.308702337575595	0.770793506170499
100006115	0.99669744774886	0.370159824609481	0.412494482085437	0.642406512744365
1442	0.160681251881867	0.0409517700926726	0.141712879983129	0.651983314515615
100001843	0.179954312088717	0.218333864843779	0.344755284388225	0.844684139259696
100015837	0.137653846816407	0.244311793875161	0.562334377693621	0.715603271254948
100010834	0.745737233810367	0.989716998825048	0.322341130975207	0.765776765425343
100001393	0.747747673395503	0.351010320117193	0.250799473399478	0.828075234130933
100000015	0.295150269573527	0.597649915173576	0.302780063849763	0.781303541051815
100003892	0.0958813310519592	0.0742975255881476	0.266326450781398	0.955909976748861
100000042	0.162026702552845	0.0291383943793172	0.352496364101618	0.679091428856874
100020550	0.561697903456946	0.196210333362855	0.349047287457622	0.648232452374273
182	0.400143785476525	0.329586082638783	0.314774450829448	0.790878647217454
100015723	0.0930054766362305	0.33614026424393	0.334209919332397	0.754720926329943
100020343	0.316380751124365	0.454924639591358	0.295214177515841	0.773423153839733
512	0.315304389141347	0.586799976108632	0.357477389006438	0.736139318861822
100021100	0.783386127642918	0.750607262684292	0.31257596317829	0.766671486071544
100002528	0.316960077148781	0.0680670611053854	0.380190201078164	0.525826089041083
100001287	0.576849924071439	0.854153936592443	0.39200624876889	0.731692113720916
100001229	0.638260162599574	0.902248656963997	0.330422769698138	0.753469185248559
181	0.343433310366658	0.84080236388035	0.318714249177663	0.789576659867264
100015831	0.00120911664504597	0.0192522466112374	0.440411099149408	0.550976281587838
100020515	0.389522175258676	0.510698319665453	0.272737548918212	0.895467001075877
327	0.228219647332523	0.250078177731619	0.388435275924415	0.714824510377807
100009394	0.565655569836859	0.733725183869302	0.30608404577929	0.798969199282147
100001596	0.703037020784095	0.201226516141323	0.300214026412717	0.590224592211373
207	0.931196663308766	0.505534501013793	0.333778741569958	0.719036065485902
2054	0.468058095196017	0.771612526390718	0.312341839695371	0.781974409300309
100020259	0.685057906469849	0.576999396404402	0.350147404731357	0.74779611421543
100020414	0.00247571209051028	0.0365106717312992	0.240450899296511	0.743693455839076
100021131	0.965772659801705	0.243001379501324	0.315167825265435	0.726242694572745
100004499	0.934848172932454	0.718722713713197	0.315494925187792	0.734449758081907
880	0.147365218860525	0.750841171055044	0.353124723048126	0.763290042545008
100002049	0.563855170101924	0.326859419683391	0.350651112477134	0.707745632286557
100001739	0.609912392005105	0.256388135748249	0.399504757855802	0.716518101182598
100001126	0.29284864035453	0.112998425449206	0.211635678300785	0.638547009668414
1113	0.598130511521252	0.783286828388866	0.340914366294919	0.727923000221892
1083	0.979295542942934	0.328712283421871	0.350775113181066	0.671346443063456
100001730	0.0771575239605463	0.184241657949171	0.372466000559673	0.633526717479985
100001412	0.628594214137389	0.996088627128783	0.324334728522179	0.765467845773357
100005996	0.723535424309404	0.580114634942081	0.310720095824884	0.731453444453213
100015962	0.00627683822918221	0.0838076006115621	0.253477204389457	0.905972392378756
100020214	0.627077782495246	0.410878176230793	0.34458508251392	0.68478486586892
100002514	0.116086339906772	0.331314362906117	0.336320818032887	0.699055620048494
564	0.158371741660341	0.0501037734621475	0.29055275132638	0.644188825857672
572	0.0193465008226834	0.0166650769182766	0.479545358513002	0.634046304752737
231	0.992919692170448	0.668817132633941	0.2993553850936	0.778056461024785
100000453	0.986002966271426	0.809085802406824	0.314206988999544	0.786161811792446
100001007	0.0955837903247475	0.216503568816781	0.389280640036062	0.636308182937377
923	0.597246014728698	0.322498347851958	0.309171237883414	0.821834685731303
100001247	0.399512030614959	0.530707603755431	0.30702781191469	0.749929225461587
100000774	0.624799848931765	0.904066511083168	0.335080344856223	0.775714788046335
800	0.428150703206084	0.377936383583106	0.336580336366506	0.815155648093402
100021678	0.265493214873426	0.399245439571528	0.272107551807177	0.763018421754639
100021711	0.373509037177709	0.765254005407912	0.347900388527265	0.781431607169247
100001274	0.607038564264751	0.344206431228103	0.315865724956371	0.591508073517562
100021220	0.223940060842276	0.195140558108219	0.374584276226141	0.966716554459836
100020253	0.446118311585276	0.983310933994574	0.322345722566665	0.764997788299829
100001170	0.645471351763337	0.141546892628677	0.30248162395655	0.663131163007099
100001466	0.263140165843318	0.821406496866535	0.333100621813554	0.756703395529522
100009406	0.72358856313202	0.680596072252835	0.311262694697672	0.780671977363072
1026	0.164188578574413	0.410334968047018	0.347878494561704	0.732630709092929
100020837	0.67057810107408	0.419256963267557	0.356977461625399	0.663507630305586
100001006	0.084763735769037	0.0975419058750751	0.309913032222082	0.881574505726396
100003674	0.736560044236804	0.123640095911398	0.321938896920399	0.754822577081665
100004396	0.327609963999404	0.425431991015898	0.36584889289928	0.653880440757572
100015923	0.539107417452405	0.95044032466491	0.339490807163953	0.75964576960298
100000265	0.46728113063827	0.732838829710752	0.32859771871008	0.737232387135962
100001409	0.0522103314128103	0.0989008205346351	0.32863293813276	0.605865334434066
100003434	0.557487383114684	0.490726431716038	0.337146459946161	0.689256660851339
100001334	0.628816169308128	0.0782473428140909	0.394057180237243	0.634779526492463
100001102	0.68988028089142	0.772490209865795	0.331982458871003	0.74367135516515
1268	0.549535497149323	0.0610020360660728	0.202345056448782	0.719106559172877
100001300	0.239713160387226	0.0875361059312631	0.284416752502803	0.764518357753694
100021324	0.245426754535855	0.658257791596155	0.422846533236313	0.755021954370051
100001617	0.13969270950698	0.0823051226124192	0.299949059208964	0.783207917181232
1105	0.951512334579262	0.182035412725285	0.412836191819697	0.443676665397626
100021502	0.0386682732568516	0.237699139286856	0.321438549363377	0.815528554625723
2051	0.757042966676439	0.641968391908048	0.319318283107539	0.668683663400643
100001256	0.149214719998736	0.444350283671568	0.369566911316914	0.924157393728389
100005466	0.0511819970702246	0.0758100383491336	0.37012203610012	0.547675437426107
100002199	0.15843041949318	0.810251068629231	0.330744994515264	0.776251828070977
338	0.0122877741334354	0.0377220174301561	0.525758349480664	0.51624001219158
100004243	0.375898385567594	0.545041186658557	0.302839831845063	0.785243261868528
799	0.50020118930844	0.968186482848456	0.334391319723643	0.762908003707931
100008928	0.568874248551762	0.0954946416738989	0.323109645894295	0.753464995851881
815	0.113727161461584	0.28061324846908	0.321779594855685	0.829472021607986
100001456	0.00644665077881657	0.0844593442946209	0.309184253124655	0.678659599757105
1242	0.0642570278223312	0.0728452422810722	0.394512993337129	0.557653879632613
100001416	0.286637073739247	0.117753203332447	0.22300593128048	0.491328751441105
100001462	0.394868040360043	0.335448013748305	0.378191409338386	0.720004125394943
1087	0.215599914367808	0.0405702564200008	0.330026576384113	0.715393594313818
100020421	0.0324728467504201	0.0807926523936415	0.391168695890248	0.519835631507176
100000010	0.00263857984383101	0.0371254199139358	0.357625918349182	0.855333410532118
821	0.492129350996677	0.35862180376977	0.358000975978242	0.601875031664656
100006627	0.269331467710393	0.137680243276711	0.442903624330985	0.655383370739621
100001277	0.403350946620365	0.16080014315915	0.372430644527791	0.711685762567124
100021141	0.0449639846173528	0.205701271215688	0.364407358852471	0.866280929605657
100021105	0.160904116253019	0.28266873556097	0.342543282283263	0.573001198539779
100001950	0.000248825164226958	0.00601320995544139	0.436750051837823	0.979148617836877
100020217	0.743569741502811	0.25398899170247	0.226165416037535	0.577488080953466
100006651	0.0332397166546327	0.198759461207128	0.355317404484755	0.521957172992404
881	0.974962179201006	0.443865256351351	0.30390360524164	0.770593803111333
100001509	0.785156181955621	0.192792471627489	0.282747282291971	0.670660478023098
100021709	0.519383870842439	0.822281493266018	0.316736431819555	0.7726641367664
100001635	0.196200243389011	0.0320388179691121	0.384052406237613	0.739517459009143
100002613	0.43402717405669	0.117490481223985	0.303926676954725	0.857469450349206
100009329	0.605928884232065	0.69446898283488	0.292427341049079	0.888130568553334
100021123	0.833360227039696	0.623302805908375	0.333539316783383	0.678519654014387
100015760	0.2168256817408	0.150880251662374	0.271573811359328	0.810425056115421
100020205	0.344743617920026	0.432861752015782	0.37467004318764	0.587590679181767
100000765	0.528100327830331	0.672281754200569	0.316858967793087	0.731071911860521
100004111	0.323298550209606	0.153558915604131	0.356512762415168	0.733645400902266
100001615	0.205391707470129	0.750581168771664	0.322016785330253	0.76131724471148
100009227	0.229396641128656	0.109546304835538	0.446420648468843	0.908753599769717
100006191	0.41191065534062	0.591380982269572	0.348923239458695	0.710408827622586
100004542	0.474802349588531	0.376618281503684	0.339827569545943	0.811701657209973
100003686	0.23804283603556	0.108026304539537	0.465780574059654	0.713313754810812
100009232	0.0277295426504983	0.225759571412705	0.321984183374473	0.666397541882796
100001501	0.0518706083230697	0.107137826497778	0.413890251821624	0.805523611931385
100002367	0.457947083270956	0.248973615509145	0.305882453067848	0.608241442721177
100001108	0.383562347509985	0.673879172510369	0.320610623106797	0.753548544185632
100004227	0.796341683329405	0.979369707703275	0.322468299785856	0.767458203687748
100001310	0.188451993960366	0.290021791183136	0.307617732290819	0.882696530881501
100001994	0.821478638478108	0.895192144297132	0.332153451002096	0.825872510184635
100015839	0.0129529207883951	0.0138626684586989	0.428358510807254	0.860444432355854
100003271	0.00380948330579581	0.0687266330168298	0.42696298655971	0.562454061525495
100020496	0.923189450707703	0.949864043627954	0.322868885963671	0.770336498570241
302	0.696385520915452	0.475661515066672	0.289754571982383	0.732540880264184
811	0.847023627695341	0.760057368997169	0.315269539285301	0.794156459251401
100001267	0.786103617610391	0.692657607230916	0.298642485158729	0.766026563943259
100001197	0.0377083326158786	0.412076107180674	0.355646613867227	0.765499596057371
432	0.214688229148823	0.440309874821489	0.345007369301258	0.742246860765522
444	0.0103553504745924	0.0500946450921474	0.369045027111906	0.912573406026781
100015968	0.306369360093457	0.381871146680527	0.320729742027377	0.693876625167714
828	0.85564856241794	0.89688903251986	0.318312187423036	0.767565000679076
100004054	0.261316611473596	0.857474583873314	0.324944538828597	0.768992472604941
100004635	0.0802494907883645	0.119940055740268	0.734057913218734	0.477097286866273
100000491	0.412760258163999	0.578006961872047	0.314644432950735	0.665384894479799
100000939	0.0501619702943688	0.0342184039211324	0.335725208260339	0.644583244590039
241	0.22637706750507	0.601387146833607	0.344033710485309	0.786098140742328
136	0.390536695208227	0.0705845725505884	0.282333384308627	0.946045084399403
100000792	0.616105597249289	0.9393630327909	0.323835831803008	0.817210387289636
100020973	0.528140755694844	0.587271106019898	0.345425876989412	0.736800984414196
100000936	0.686662753605765	0.87971626324656	0.321071335047987	0.764891268994786
100001313	0.00967317379499861	0.154540711812727	0.336526657014235	0.811464211346781
100001951	0.0395772733887719	0.0897691911339277	0.370960810153381	0.768670205309038
100006098	0.0123670180350261	0.0681444866785002	0.377953539914486	0.917195125868484
100000007	0.239544477139636	0.558248965834685	0.332042407192187	0.770232387839381
100006641	0.973207242427376	0.900856433180057	0.339974951540853	0.762906860578236
913	0.00999774288906484	0.0599689683075732	0.399567786507137	0.628129856235758
100001579	0.844079673327324	0.424410258455325	0.353362811758763	0.762700898288429
100002911	0.153329448376278	0.0116100109091119	0.412582303306629	0.717241621044315
100001293	0.248918410684046	0.368750612884646	0.288258919341439	0.910910253818663
100002241	0.245103235969229	0.545053493532705	0.336214995418678	0.729537591689089
100003179	0.403727412437641	0.085748710923385	0.305438553446484	0.607472637282361
100021372	0.301629541170623	0.204471417350916	0.2396589787593	0.770957978350241
100001956	0.324626647868089	0.539542733690017	0.324506104027745	0.677172723832077
100021162	0.127748389682554	0.126086092275159	0.314945904498148	0.578164204008344
100002259	0.304815428878479	0.61104444006531	0.30032943861961	0.759823745179513
252	0.378334635897316	0.55391866282148	0.375895927545973	0.703052953843072
100000707	0.50346992442773	0.360172020480976	0.316530652535839	0.766295876694815
1489	0.698326543919944	0.0242489502670612	0.242171780531805	0.729262663364013
100020361	0.0325890266809959	0.0811869310278924	0.36122422637576	0.940012923930857
55	0.650207736424951	0.902367822884939	0.319042629469531	0.775227970150965
100000863	0.231573834032656	0.241199620310058	0.283765865348669	0.8067733409957
100015840	0.194020303355661	0.108870026754119	0.417676027860264	0.716767045520599
100001541	0.149419047750603	0.0713067881249606	0.218686412667153	0.749073668739599
100006082	0.188376443812106	0.0576503294716711	0.403250761733764	0.737485472010339
1254	0.74745193245369	0.922650668336838	0.327539051965747	0.780725728893928
100001624	0.501293785510733	0.377356522500431	0.305266633391357	0.739847756165648
100015850	0.921798017830125	0.608067826393009	0.39084889067559	0.730722832832726
100001104	0.00264564028495213	0.0113886412573826	0.377448135498485	0.914983530629647
100000900	0.145259388483225	0.442146109982182	0.331819250279432	0.766411715124236
100000269	0.198850374496391	0.0877101414468351	0.205086068562318	0.719962428375304
1022	0.191756771856732	0.935637516014422	0.322021904949733	0.769406068615172
100005373	0.147585953629993	0.0619516878981121	0.298716123434174	0.825239200600325
100001129	0.110472275297294	0.680043341730862	0.31362784422621	0.800582317138726
935	0.0103033869304694	0.121723373426585	0.42086900211118	0.628207826127223
100001262	0.194848569157536	0.220481734660563	0.330913000269988	0.782164582412207
100019978	0.292705552355927	0.623346698802868	0.314562559470993	0.746781293332507
100002293	0.836273748829349	0.82077766227972	0.324421869168949	0.762281214717085
100001426	0.152851332871681	0.248313945163288	0.331461082113292	0.594573387162218
234	0.0267663463337439	0.143943976163717	0.326429446149662	0.751042506660428
100005403	0.272000781272764	0.937213734350664	0.338252177818812	0.75721183888451
100001083	0.041932104187534	0.337640822265744	0.353036157382362	0.790673543011261
439	0.772701532837781	0.327929180394205	0.342023904530512	0.753365758705388
100001086	0.312019907359204	0.368703494836653	0.343958251611187	0.861860735507644
100005864	0.713752541927753	0.444731738723655	0.29836089436957	0.836272429603253
491	0.535810868879377	0.919493199653681	0.321454085708708	0.765221758269106
100002029	0.427489527067863	0.429544750261585	0.310301976717184	0.623277762076695
100002154	0.790120204108026	0.467672122473323	0.286133796931266	0.739695510169145
891	0.560181269875761	0.208797414046923	0.354109196104846	0.723254836033272
100020261	0.37820301082286	0.440086419762357	0.38496847416872	0.738491816761376
100001296	0.477759923703897	0.48666598310005	0.325618281009728	0.653173712559423
2050	0.409024211279338	0.561671176662576	0.339899956251197	0.705252036543542
100002761	0.346079234578483	0.696265283004294	0.287157416581366	0.888978470618741
100006614	0.867037533500734	0.643685638965215	0.297855650500749	0.832736909628013
100001597	0.994221289726861	0.137943734125802	0.21336890571001	0.564292063776747
100020853	0.761562009350183	0.812043793675786	0.328925139987162	0.778625599776998
100001446	0.303104697465774	0.425417808420889	0.288819872639116	0.749873202675709
100003240	0.273847771179139	0.117763466581207	0.373506557482452	0.679877547957219
100001502	0.033772578804895	0.223262240566658	0.383698055491721	0.853083635790003
100020866	0.118661219994622	0.0148541996495359	0.194914568891564	0.545604862552123
100020419	0.0161175776812427	0.0760892979294757	0.367198294586998	0.5020516565543
35	0.576696021752674	0.289174383957123	0.287749271476029	0.696886501941104
100003696	0.0137594734006145	0.0584861876963949	0.4661571569429	0.70748749554525
100016038	0.820978989505172	0.94626193234918	0.320897033943494	0.757870943116992
100009333	0.183704423397322	0.160437584623748	0.327052439094652	0.803815355465876
100001611	0.261264063221697	0.461858299976148	0.385763467374894	0.727795489672189
100005383	0.693179415869286	0.30076975359425	0.330973833085337	0.804890137330342
100009239	0.237755875613619	0.109031674317988	0.413049843367799	0.574074280667074
100009332	0.306703205159266	0.230810722101026	0.324498278304728	0.729522313789862
100001731	0.187648597412587	0.684419566549646	0.327574388381821	0.738059498863548
100003415	0.339072531295577	0.431688790813404	0.316159485451002	0.782925784542034
100020578	0.125329276692438	0.196641168470444	0.304580761673937	0.654395677127092
893	0.779285424157431	0.526724018175286	0.317800393903453	0.772781099732851
100000963	0.233294887260185	0.152380549616426	0.436230559101431	0.538100500035948
273	0.142113846217126	0.304673207480667	0.376268863054386	0.763370590194622
197	0.367294894516817	0.36416972660157	0.315763097744779	0.627476504547334
100000808	0.259364478916559	0.196146355373628	0.309482153229457	0.948533832979655
100002284	0.993412669472305	0.268407109358516	0.190322705427975	0.706069940307408
888	0.973965768558943	0.084930066169493	0.345754739910487	0.739807769202778
100006435	0.666528768359351	0.421916265352805	0.261393692990831	0.992272358690593
100006374	0.156805096006515	0.509649171253787	0.336866748452473	0.758905012861526
100003169	0.611330738031909	0.999269683929449	0.322328252787478	0.763900337918913
1004	0.561069734220173	0.809541860222206	0.310057634730715	0.745964221165986
100005998	0.0980246914482571	0.898934276110561	0.341319616423242	0.772109161748535
100000773	0.540449568104362	0.437844709286732	0.333690762990365	0.750118646336098
100010850	0.0176116030635712	0.116264956661815	0.374192071031776	0.629569653818816
397	0.878483995707884	0.383182716225148	0.246592604961202	0.826713089125317
100000039	0.0764281297251918	0.238910538238578	0.267223033741418	0.816337965313267
100020833	0.706151060056289	0.769933345161201	0.331075522710585	0.805300027746786
1021	0.387880078992447	0.358291644217044	0.3067109580269	0.8048871838862
100020479	0.415020701765435	0.583389811440807	0.324582798425443	0.770482040783697
100001335	0.57381706124023	0.321460355697375	0.359459964055195	0.725382625622467
100000743	0.579498933807805	0.982344549724547	0.322145559338301	0.777001358138561
100009246	0.15746329392963	0.622613926952121	0.312741616259928	0.801798950757114
878	0.144301233951009	0.828806386226884	0.314590258349257	0.770667019298766
100021103	0.740047602947181	0.856221832005335	0.32612335505737	0.836990498612234
100021363	0.225479061083095	0.558812118244453	0.302512289530388	0.809098254299735
266	0.113103119170051	0.204938599707804	0.329630223492894	0.689890068033905
100001195	0.34067493113633	0.215152309230515	0.404431891669556	0.683301326484005
100019801	0.767575459241616	0.682239859012826	0.337118998819529	0.75021476294884
100002196	0.0333587719727808	0.271350201385676	0.343230173954985	0.782915781016515
100006370	0.208777842942833	0.954937635817398	0.320531401062596	0.767016018744396
100001510	0.0556518911744529	0.00550258207455596	0.248781487377009	0.79598684760427
100000437	0.627549224536172	0.486429657754048	0.306537404600067	0.82241761081846
100001767	0.151085194830764	0.0330489782424152	0.395305393244874	0.831016407432944
100001810	0.502599621026784	0.562317596197235	0.333726697184894	0.896384378451494
209	0.0294013499341403	0.314231883534364	0.375602348922175	0.756013282167926
100001485	0.162156788588756	0.0679991229669024	0.194459496629764	0.705433582373635
100002500	0.118309735130609	0.4444834043046	0.328181559315529	0.734558238127767
171	0.0250626970254475	0.0243272462819988	0.249431372314944	0.775194302733353
100020487	0.974699963987507	0.847761146653926	0.342694488286942	0.728296468690822
1206	0.00709201336112036	0.115144531110685	0.329109860184377	0.822622573955001
344	0.0123358696008539	0.0240033049609018	0.651512508431117	0.876664525199808
100001405	0.40747181308489	0.815453103965771	0.333863309596361	0.746436840393508
1239	0.992322232798931	0.492948542896206	0.359548899738278	0.768094614248473
391	0.0908160778716296	0.21099326643239	0.297655164121033	0.949479895401519
100006430	0.455276857637423	0.200135607736972	0.389169271471521	0.492555369228419
100001417	0.949958427625385	0.500363572339994	0.312356628864425	0.879980841349876
100002951	0.0526528614267676	0.477066006795115	0.318756308771627	0.681264386075529
100000014	0.355797516032346	0.540581879035845	0.318338212993988	0.816958318216629
100003926	0.548664159195122	0.43869924276752	0.350708267687974	0.744552079803724
100021538	0.518946664467374	0.376883238916136	0.371498746066334	0.67307830020533
132	0.260634693837788	0.833723364569184	0.32709781056233	0.76595389284074
100001425	0.583102320085485	0.507553807180189	0.399083615563089	0.692534900654942
100020262	0.634350338251806	0.665440331183726	0.344181588412903	0.750839314270768
100002679	0.457353494479395	0.791546760615534	0.3115052976566	0.80850594497476
100001270	0.735912417113218	0.541985638610827	0.329532138286707	0.738866686461899
1102	0.943313755441295	0.935458390246174	0.32627316680343	0.757322069282928
331	0.217650001623372	0.213671409199014	0.273211389341997	0.659180379932579
100006361	0.69044939051177	0.785420936091816	0.309837897834521	0.7991646671195
180	0.684282248947052	0.929030728021402	0.331274650296888	0.761329747013223
1053	0.459551376608703	0.498742697334807	0.450239906184638	0.812173619532597
100001359	0.565938922927703	0.816173572604757	0.345289846440237	0.729497559191008
