chemID	simpleLRM_Fstatistics	multiLRM(chem_sig)	multiLRM(sex_sig)	multiLRM(age_sig)
100021136	0.0208186697957798	0.221246178471659	0.108044095410098	0.550313794175564
100000882	0.403181413839057	0.953910975887088	0.0912636420014951	0.469117725794154
409	0.167647474695908	0.228834416537518	0.111554216057099	0.298125638390846
100002254	0.517178024189902	0.0271783700046789	0.0492436908417224	0.42893654513202
361	0.0553292789772729	0.206364384999789	0.071443764691924	0.459783576934111
100019975	0.696919407117979	0.699146206210555	0.0922459513208166	0.481363500788078
100000257	0.000257758316207285	0.00743540663781512	0.080709622253339	0.379988758443779
100001232	0.863484031819513	0.883537541208635	0.0908721736458118	0.474396984874226
100001948	0.186945222733006	0.17183382413948	0.0982821921375682	0.290808772891821
100001073	0.829411242797985	0.931470979396911	0.110806416056833	0.469069608492175
100015637	0.705394560854162	0.61468509724362	0.100295172655196	0.465388844488439
100006360	0.746706624059699	0.812100790835225	0.0896817975311446	0.506427826952735
1488	0.857998500709209	0.956084652322475	0.0917992026072061	0.467580340085882
100002253	0.785735234864856	0.88271908037473	0.0909586208541026	0.480664411085028
1023	0.78257876681463	0.586876550863535	0.0888416180877086	0.442081046268989
100004284	0.614530936172917	0.884218490709496	0.0908951433097337	0.469395940872943
100001251	0.726022574920022	0.920554640188905	0.0911926849408031	0.463212372220157
362	0.870033089367651	0.381864206704322	0.0774208083047407	0.454467852119728
100006620	0.669588326913647	0.976534275981039	0.0919314793662839	0.464894023235654
111	0.331244473577879	0.0963935787862971	0.0698536325264287	0.433172502307441
100009045	0.564281451274578	0.29601108403537	0.0723747668868408	0.602530692441399
100002927	0.864648644919316	0.979195721817643	0.0920953345881576	0.471671047705369
100015641	0.782780201010199	0.807016011168667	0.0877805647892377	0.47945183231711
1114	0.152797185743777	0.924005860897126	0.0907489824991017	0.469740581005834
100020409	0.184855360198323	0.159371548774909	0.0842361566224408	0.298990901441625
158	0.0285444293823579	0.151734072740257	0.128867590485464	0.485994491853376
1224	0.217729966965579	0.404015946582721	0.0780174258125817	0.494538538210681
100001620	0.558462824207607	0.40784566258499	0.0771582880932627	0.466494506470611
100020893	0.195939833351526	0.0263149571436804	0.0749873424512456	0.210476503703026
100002458	0.94948412576664	0.426192841623306	0.114915696760264	0.402686020576733
100001112	0.320227890759709	0.600134958940654	0.0913695884550221	0.503021192365491
100002953	0.211354878731661	0.547305582744311	0.0867422945271902	0.487669901509472
1141	0.305267729137887	0.0410885405446132	0.132346007353377	0.30906586199272
100015834	0.594584535568034	0.83929384120957	0.0903264389264147	0.456134588189257
100004561	0.784063527330496	0.979665696817612	0.0926241987215731	0.46620113932325
100020497	0.963725630109872	0.632623979338043	0.0829239048026132	0.496055494479516
498	0.0985716900649355	0.450182633369186	0.0936260037609426	0.520561912305213
100006051	0.933955193482937	0.941941678551395	0.0928422496001758	0.464395009353894
1668	0.471325659056417	0.65727360239334	0.0920732313194943	0.433944427840592
100004523	0.379694995337218	0.735207754891721	0.0984866251923504	0.438427326973303
100001604	0.406282882420109	0.720149273593234	0.0920224643131825	0.491537306421991
100001002	0.144244313881899	0.51035237729247	0.0967846529774585	0.450611657443418
100001987	0.0563420380954745	0.484100857386331	0.348967730888348	0.399656789806784
100002462	0.569289362752303	0.33388374310323	0.119039953566378	0.369158237277816
466	0.656438656926747	0.0996719457276021	0.106872196917175	0.451979242574509
100000665	0.727798309314552	0.580003722964183	0.105643587161912	0.434871280755089
445	0.513810021546655	0.424825450983775	0.102677221326845	0.508247292393076
2029	0.221145501012666	0.598562806816327	0.0993963395478957	0.46856826644698
100006438	0.191629934482824	0.349296004781159	0.113198711496503	0.479780997634725
100001398	0.180690605324402	0.566804958929337	0.0826233621657495	0.48348718875744
235	0.659407588790415	0.637241395964285	0.0848111039822698	0.486628562068333
100000997	0.968775542626228	0.896743652956279	0.0926262810614161	0.460377069399273
100002094	0.440527112494785	0.22836289399608	0.0750368866894121	0.358293761764253
1052	0.81072059374906	0.63931324049183	0.113219381051483	0.41386322097075
100020823	0.376374123489509	0.563087205580461	0.0839320245450917	0.454548818983219
100001806	0.283112629589039	0.775200319397478	0.10886457288515	0.471524758419121
100006092	0.950438092962396	0.960011773354009	0.0915953996014996	0.470158841107959
100001415	0.1087498936641	0.0533605504913877	0.0899549338940273	0.230179197365451
100000008	0.294023207900881	0.227267539469501	0.113727040208694	0.384123627593519
565	0.00443428614822923	0.0360449086167146	0.0860242562336951	0.528454294644395
100015851	0.0469379026177	0.102070988929894	0.135339312231109	0.614032721618749
100001866	0.890379824554647	0.838003853344968	0.0904090231382354	0.495513877867815
100020546	0.00314227274253227	0.0495137461339489	0.205464857257349	0.629188918686327
100016110	0.73772679615563	0.488949548974819	0.0758506208734742	0.544641658966254
100001254	0.000957942059929773	0.00878327189640991	0.124031700844327	0.657254483534934
100006260	0.674097986578242	0.950267057095148	0.0922942566423949	0.465814283443053
826	0.647612482764822	0.829828819555795	0.0921151506512549	0.459673017021703
100001872	0.844441432509985	0.87652076547594	0.0907863321411773	0.46353215082431
100000263	0.229816844979824	0.343321767265246	0.124729628146393	0.457441636478857
100021198	0.839820559809055	0.0392565999753764	0.0510034814218937	0.213694988818793
100015967	0.0207547844296479	0.0532180766813872	0.119615358161523	0.299965497560689
278	0.107437118117028	0.288272434936438	0.0844537079995835	0.729923970962606
519	0.797635166284977	0.412844481701655	0.11614485155056	0.421399831962129
100009337	0.177624308936491	0.493046608034483	0.132030240531193	0.461405026765444
100002185	0.38433598052485	0.72166103237025	0.0861388251196467	0.441040546623152
100001278	0.506785327825857	0.376706618289331	0.120398859032631	0.436280943574617
100002103	0.726187236084499	0.723702632922907	0.092524074328768	0.438712208632404
980	0.945859027417917	0.604546320776942	0.1033669921911	0.455926226598227
100000016	0.715058349005539	0.360267025838746	0.0888295804004357	0.437984720591306
100020372	0.205250309444978	0.443282950070843	0.0898890562475492	0.406802125988972
100001662	0.450151871642148	0.40147192989302	0.0619889436932707	0.480806459435773
100019972	0.987094962348444	0.691385561112327	0.0953007833509036	0.454872815554911
254	0.620001235789704	0.616972209623572	0.0897267657510448	0.46898197780941
100002009	0.718705233645954	0.574486325706142	0.0890265966402669	0.379520632928047
100010895	0.21593103659551	0.371852465967097	0.119234491635524	0.436168872933435
1140	0.907695292824014	0.949767393282476	0.0911323888228383	0.463872297478729
100008951	0.413541322417002	0.406914360453105	0.101353144021168	0.419530610259672
1084	0.387097786171324	0.89701658717881	0.0922762819447402	0.492679149554332
100002796	0.0896592218455527	0.252355854205074	0.0711668967551947	0.395414744243739
358	0.413399997600729	0.699876928099661	0.0956245618163949	0.523800499648847
100002070	0.520686433195314	0.512222440250712	0.0842947203805244	0.509593820852018
1628	0.182773305176077	0.0902389168986329	0.11851785831369	0.442067605666226
823	0.938351210393886	0.659019639296997	0.0833717306596227	0.504173163725104
100004414	0.345008396240084	0.105276909198821	0.133303325973944	0.58822032033816
100006129	0.72189085616627	0.647610957745383	0.0851499779605172	0.480530356247555
100002028	0.733703031369225	0.493255667173718	0.142317634199108	0.340120325072602
100021707	0.64685172949705	0.693549388220482	0.0843931388836439	0.503502951543363
100000054	0.540047021903073	0.494008233495209	0.0888579604747227	0.487046623034781
100010869	0.443001058259916	0.198869369895392	0.0952430049212193	0.352775073709544
100004575	0.0376861747101026	0.190436329373908	0.126128460689242	0.723272526441397
100001212	0.899893014054704	0.533320132342124	0.0925442165667053	0.392588361601753
818	0.230769981497742	0.650925262792301	0.10833021202364	0.434689774154422
100001092	0.00204382051817063	0.0211441929170826	0.0887426877870615	0.451989884927097
100020371	0.715361251992056	0.89270503888856	0.0905152802695993	0.465005165768029
100004112	0.256860057106122	0.629915998689644	0.0990486225816176	0.471559275125826
1125	0.162797984445371	0.262345635475861	0.102204283001923	0.494263150365008
100020491	0.855578756391896	0.448904420789521	0.0715288954612521	0.477432339164764
100003151	0.000401371891824333	0.00607323720849694	0.165023623241462	0.323992378750805
100000011	0.317903913428876	0.147712344529265	0.0617554645408821	0.559492247642771
100003594	0.46565094384959	0.934488635894515	0.0934326806006441	0.463286581839696
806	0.554586127078257	0.080029107570966	0.0854482352586426	0.268758145572518
100001211	0.837431877760944	0.526006949204551	0.0965459547150217	0.446684970926316
100002417	0.88842077440154	0.40817826088683	0.0831571388981261	0.415137801788683
100009335	0.776769200777025	0.28172649607198	0.0759527577577839	0.487419681505996
100000781	0.61680810998578	0.814613777261103	0.0896963688485144	0.459678785466264
803	0.0518780306533421	0.0442440362033324	0.0893485195920106	0.372906229435563
50	0.39964073613045	0.593605993081388	0.0950076558579705	0.444071557968257
796	0.374810418249971	0.0493141632537643	0.10729142722208	0.452962012253669
100005834	0.909540679081824	0.76914430208203	0.108932721056099	0.463636743554304
100001580	0.980933521253097	0.607533939424214	0.101777285553124	0.467323626571373
480	0.889362015398671	0.486442859221768	0.0748278511729256	0.471645269710038
100001540	0.0928769433689736	0.671465738221035	0.141211394655577	0.553963162879985
339	0.578316484523335	0.1001459191094	0.0807336879521185	0.385228025950608
1110	0.950673968187975	0.845119682404047	0.0950811673653923	0.450225452324965
100015836	0.168432317178042	0.307587081265279	0.14671751312782	0.590877351654332
100009271	0.441029844923535	0.492500190853831	0.108408332195982	0.447905499304128
100015638	0.720623681361139	0.589719819614229	0.0987663967895701	0.457274643881857
100021667	0.604843785460416	0.352474024669301	0.114454459124841	0.441376432439308
100001279	0.447628851730276	0.393934120279796	0.10215405238592	0.572681803781984
100004208	0.0376514600780262	0.235983723583183	0.156718292024932	0.555750482877898
100003695	0.119432841753351	0.0675013300301539	0.09554535446815	0.249820643206698
100000802	0.511301306358221	0.85184119924069	0.0901120946989341	0.468822578553979
100002769	0.661759818547424	0.0623625912662921	0.0556878395737278	0.577923101121271
100015835	0.0335257095892821	0.229819668619048	0.1696776883992	0.672817212666113
229	0.838520718654628	0.431060506018685	0.108159624426396	0.462537941690867
100001266	0.00285670502049978	0.0241029932166967	0.122728288227278	0.742121227759299
1342	0.304931914191738	0.312642253395615	0.0743772477317613	0.480875621766869
100002102	0.980574288692704	0.956733026666588	0.0966615818148106	0.484636611288753
100020254	0.276757539255743	0.686593032808299	0.0906382857950886	0.484818144560196
1231	0.619335658643937	0.329276630654992	0.117200381907278	0.436115821540747
100020492	0.956036209909858	0.889971225904713	0.0908864993454845	0.46438033762361
100001402	0.233411911621077	0.436724682471397	0.108323074509509	0.468797844636421
415	0.00429752572666386	0.0732181777833153	0.114069834740382	0.51715445716173
100003109	0.645386316973696	0.541565414569005	0.0930270867343331	0.400049520341867
275	0.325990590630263	0.891996664849174	0.101025776572109	0.460243096081581
1143	0.181678806784944	0.0841490507423331	0.0828340249294336	0.552005460440265
279	0.632983780788475	0.431645752527655	0.0938238510640356	0.378763526727407
100001198	0.937261844481373	0.82492988143792	0.0888797847075544	0.480460872062749
1648	0.243275804497722	0.718640625314135	0.0904422550487714	0.46859740066665
100001590	0.434798716748767	0.259030146778171	0.0885004756392572	0.394772284121016
100001733	0.542439474915229	0.998819402925199	0.0920697338404256	0.467725939364051
100008933	0.0200975021327221	0.00311335878158913	0.149730559683727	0.438668213229553
100001550	0.191282398913161	0.633132718679554	0.0886954713496131	0.436491321390168
1215	0.117691806000963	0.200401118188441	0.0734536883285281	0.42746278126689
100002356	0.465302466913646	0.201125974914074	0.120975821938672	0.480463712890741
100002749	0.568177622600992	0.738785276395913	0.0928629889309333	0.471792575741632
100006379	0.191141717669809	0.137586693865688	0.114397706897917	0.260144042180174
100015966	0.0506866567057721	0.0861041290350972	0.0986033849130191	0.294713897929527
100001392	0.531660630639519	0.856138935154775	0.0904039803614242	0.466733906602976
100020425	0.072626777986427	0.0187885032547456	0.0609770382898687	0.227841202247744
100004299	0.311044393546778	0.985340013143812	0.0958908407023277	0.480560309947769
100001734	0.487176796175218	0.365760201606957	0.100759380331885	0.392062498708808
1002	0.822592774016017	0.642534759019461	0.0916619136890068	0.460592154706968
100001337	0.256792640355491	0.57203367908628	0.0770143953933608	0.464777811397656
100001452	0.973814068897649	0.61926182167037	0.0892789609625595	0.424130137948275
314	0.51736506326817	0.411518270503372	0.0969942806216751	0.479970666323363
100009264	0.814101647965194	0.34773147782922	0.0573010140916077	0.629082713235623
100004634	0.468746799721485	0.46961115292689	0.079664567432722	0.480709087937962
100000711	0.724636061992516	0.938325725973504	0.0976513173156867	0.471357398297416
100020536	0.0368900848641845	0.151708086114447	0.12368870086699	0.554330541157497
100004318	0.294264074793568	0.596851481644694	0.0945079628565127	0.460959811179672
100005850	0.643967067672741	0.413559352618177	0.131601523897878	0.414846431717933
100006619	0.261965087788058	0.126880487487552	0.110778138883226	0.451472325090635
356	0.330929929725402	0.52674558565664	0.0837180888456981	0.481691800686662
1221	0.32810006582749	0.521621332808762	0.138614392010523	0.504747786778096
100001397	0.80331426592008	0.756631534426363	0.0918627013727656	0.458974323280158
100019981	0.52187239403229	0.869657991630734	0.0940642515879433	0.485573152531869
100001208	0.507018804747048	0.374915889377688	0.0834885094864437	0.681385747138769
503	0.0186456091405581	0.0100995369320483	0.0471317761468402	0.327866089897793
100006375	0.224889760506829	0.74108741462765	0.101557295792867	0.454491270475529
100001295	0.590454721268083	0.632573110137347	0.0888299964921417	0.546554344307956
100020427	0.0213136361718797	0.00723555178823483	0.0739335000328756	0.176460102513469
100002784	0.406561617116085	0.286640250137098	0.0703055041181133	0.534340320846183
917	0.050747396834747	0.167888037618488	0.104323626160412	0.41757923494481
1869	0.2635074826931	0.143137686163193	0.0991090035792001	0.351198159587125
240	0.693728664992235	0.22455330790601	0.0644002027945351	0.351415661861788
798	0.00832296655912652	0.115871113018311	0.15929102295058	0.415962582124098
100002952	0.355710732901524	0.574884687243775	0.0924260299817313	0.528071532063021
98	0.565856911228344	0.874474052154383	0.0989660874102325	0.469781581016229
100008998	0.661545124601101	0.623456940042689	0.082684629995175	0.500242669092141
477	0.86031170933506	0.367379029166605	0.0950790828307551	0.463247564306062
100020545	0.0718843858158745	0.163439624701289	0.111256966981978	0.606275645788336
100021666	0.781157696437444	0.219668448034558	0.109501861043753	0.455838484380406
1256	0.63412166377439	0.955371260850334	0.0972739062139629	0.464539224733152
533	0.586969675990991	0.120046932084073	0.0639718798359961	0.289938668614177
100001757	0.40014833313363	0.859390964345199	0.097206422625602	0.459420455610778
1024	0.473318638300971	0.181458254631443	0.0677195071523213	0.832698295946062
267	0.444750895703285	0.944210164427377	0.0913629797918858	0.467868414798579
100002113	0.0316230452735599	0.034481459086299	0.0776509559064456	0.471082476562303
100001756	0.983530806364087	0.928329841368724	0.0941446092326732	0.471552507145951
100001193	0.474338969286692	0.230321928165254	0.123984689160679	0.426877607478273
100001668	0.867155804456715	0.846168627516071	0.0934672272124651	0.457258445294022
1124	0.181602134537981	0.198983974542763	0.0716305449922364	0.566358627603347
100021331	0.0716474109991989	0.155448494352857	0.0751929023901985	0.503298031754694
1090	0.0772315354762151	0.0546708332316125	0.0893394116745526	0.594760950597126
566	0.5427227002779	0.421894447919846	0.0714909941815101	0.471891642219471
100003119	0.632303890527842	0.396339261046601	0.106206317332692	0.426414841623787
100006367	0.632473440427796	0.511341232142044	0.0961658030923425	0.445373642621967
100004322	0.26945818939972	0.301068695272089	0.097343352177481	0.539629990030637
100001034	0.855789164419317	0.706724836010535	0.088813953305899	0.451879712616773
112	0.720560325275158	0.641280894399466	0.093021023037908	0.401328923593118
507	0.8361321445795	0.863130021165279	0.09160295453407	0.469525588892776
100009233	0.498890420508164	0.280072912441414	0.0871249094968561	0.484120143706399
100000406	0.022488851239371	0.154061279362605	0.175453519627581	0.316991919793203
100004046	0.384552787186726	0.185027364257876	0.0356982536926327	0.371519822048541
1025	0.926412156588664	0.684789100719803	0.0884562192147316	0.485757866526316
100001106	0.23830414498738	0.211881252276711	0.0740957432001324	0.493908295439631
1128	0.0273359405890287	0.614967563104308	0.106318728492424	0.505996842934243
561	0.18398990371848	0.272762283530762	0.0663085782882083	0.416013565840625
100001614	0.862876715218293	0.410548861533532	0.0983982994443058	0.447719401563889
100000961	0.463021278767679	0.73983721770517	0.128891941472671	0.433576077887142
100002397	0.817874385897133	0.5005573584743	0.090684349549505	0.39448891210636
100009407	0.71807763726613	0.733926002656193	0.0857486031158065	0.487662352460443
100002910	0.8418939839795	0.508943827689385	0.0788321599972127	0.39690541294185
100005946	0.47246519603692	0.656181092482682	0.106079172201123	0.515484558302096
100019794	0.100795617619795	0.331765760631065	0.0942966037516536	0.597996289633357
100015759	0.498636533138979	0.147879929806169	0.0792767846081487	0.476001758693382
100020417	0.875645232256937	0.860884116953725	0.0920601827854869	0.460714239067369
100001054	0.654551405052168	0.886298711701545	0.0910474357214782	0.463799642327779
100001437	0.230425717186771	0.192143862660466	0.0629696801923296	0.375924594215846
504	0.0666319267493096	0.473210262529364	0.130927829764152	0.476335642231659
100001988	0.389409129093354	0.71719194352608	0.0906514813293426	0.598487783780526
1082	0.0754978810089309	0.9009694407537	0.100043390830363	0.473941893510654
100001403	0.237159745749889	0.289559245990556	0.106198324982316	0.447405837641334
100001664	0.893673968865545	0.877450554523126	0.0918249614318311	0.530178492054215
461	0.177667927229881	0.228186025830232	0.177672633277003	0.446111140682431
100000463	0.375047319827075	0.800823146407128	0.0998936669293228	0.466509263322718
100020208	0.746385429458398	0.639208807575	0.107174485463565	0.407508013980685
381	0.991611466660325	0.0888920965544768	0.0393208371271253	0.340170413603562
100010901	0.130964770270293	0.128961777936922	0.0957591163574148	0.56056454951534
100001468	0.324947472559872	0.939739254223976	0.0939698610696407	0.466654840775367
100000840	0.385886761995087	0.749586147078505	0.122088457406854	0.445424815301311
100020014	0.174195807808475	0.482788534159176	0.0872427076211272	0.479944284538786
100001993	0.979802004280362	0.739619696194379	0.0913275003967295	0.571595982888856
100001051	0.107512119583136	0.0159565085097855	0.106065139890049	0.20705305271316
100006116	0.407876048633642	0.540043035900915	0.0940853390527743	0.467235814954706
1108	0.933910781355096	0.998457491099809	0.092800783734674	0.468309721505107
100019966	0.442080997001493	0.186440533134183	0.118803925346247	0.448824858557772
100001743	0.47344748283743	0.329477227514693	0.0854036879355988	0.445543191266746
100001294	0.168346054256189	0.172727483563565	0.059498008071294	0.517850137231452
100001609	0.233580201148079	0.123886235834604	0.085325789169772	0.541684403089329
418	0.529181546301676	0.753663014235756	0.0949503016946252	0.442562138952459
100001178	0.454249081525423	0.710193266861334	0.0876106786745832	0.433811848637147
189	0.599427536319364	0.835632688901627	0.0900135264717385	0.453991232477888
563	0.602250268292212	0.805279980268257	0.0995744621803783	0.454454411533913
424	0.838747549568862	0.641858770718128	0.103786506260683	0.458449083003485
100000776	0.0593873792771454	0.206128499905298	0.111967333786181	0.461222901850104
1001	0.630332035922179	0.277851328018826	0.093741709227905	0.466652543420372
1135	0.191439669790078	0.0645453415759992	0.08335140943526	0.515227913226263
100021093	0.448052350294389	0.682629002884775	0.107986394480673	0.480260356154208
100020219	0.114016768557123	0.193489751473055	0.0957926078855863	0.368878721279903
194	0.425852812336152	0.877329698439294	0.0954058060458322	0.456692361060022
100008930	0.94897891438492	0.83914147638157	0.0985800984422533	0.459514633869708
340	0.816677593391706	0.276065890643983	0.0563081388848707	0.531917085353824
100010896	0.703158055807822	0.839405485351772	0.0903360468843763	0.471022404014248
100000787	0.286621026762257	0.0805991474103964	0.0903064682931883	0.226955502082852
100000639	0.0501765199012162	0.232645877940573	0.0805680467374175	0.471498771101276
100001851	0.874909364432235	0.160525695224558	0.106010749754313	0.258458969350064
179	0.704756042076408	0.589296149667639	0.0892588504801753	0.478318393599462
100000626	0.470198389835022	0.861385785968285	0.0956538690933207	0.466427150253996
100001605	0.0251024179270517	0.162808856074633	0.131961496441959	0.542744936952295
330	0.285560688353943	0.388988328022079	0.106785852167211	0.354192302679086
100001162	0.412157256057943	0.762919741423416	0.0879236366124603	0.4519639128375
100001167	0.16874729819574	0.472482752225963	0.0951811607481498	0.461918567355245
100002067	0.416983188182359	0.62735231551486	0.154318619158535	0.384434911160792
100019968	0.325802771618966	0.214876038957172	0.105081531124459	0.383965206516436
100002014	0.851050172209247	0.913785509330817	0.0917282589444937	0.473053781888884
100004083	0.561453110402785	0.170483393126219	0.110138735571618	0.366169512848906
100001315	0.28926551946189	0.447082359318804	0.0985474892877622	0.519034395194858
535	0.0957210427625616	0.354460000597958	0.104584885593703	0.447821876094582
93	0.351950136405234	0.203665231083207	0.108911181366538	0.320518211083719
100001989	0.244652254965788	0.417147203573725	0.0749359688439653	0.52383963363706
100001740	0.69299375547062	0.365559968953579	0.079859280829109	0.482757215927557
482	0.54834679009709	0.763059706517579	0.0902268248583153	0.497877615197498
1629	0.135661914283973	0.297776752070232	0.122008191495264	0.435087199311379
100001399	0.680005412007786	0.584018244690399	0.0989590273421255	0.46966512386816
376	0.934235345253475	0.163779784003895	0.0512141326841594	0.563345915532736
342	0.387706220754209	0.846062347319907	0.0931046888300605	0.466471250277477
100001253	0.043231178287034	0.23170669607867	0.077649801472179	0.644777133623802
100000708	0.341551225230604	0.794114388511822	0.0998747262884891	0.470253905017728
244	0.140086293195493	0.0438725298904115	0.0692563718656363	0.570820205001518
100006726	0.507239035905855	0.351077107217058	0.115934756125009	0.459452816070806
100000036	0.198857220699751	0.651149725064582	0.0854906066059267	0.501594092219317
100001257	0.047977414368075	0.199418461138151	0.140669918845778	0.663364943492179
100000445	0.994172502113699	0.40656117291899	0.109821331700214	0.40351358366541
100004088	0.00199824550836083	0.0792759599431999	0.109950724825721	0.532477769843864
100001423	0.742376999023359	0.555772366649152	0.0931031765365497	0.419811354133562
100001276	0.142006426773925	0.0767976424469657	0.0665882581588395	0.336102973244147
100001876	0.78292539228188	0.861992841012351	0.0905369056374202	0.468677107950128
100009082	0.733518845854703	0.0366241011351313	0.0335128457603946	0.442852192975975
100001121	0.252586322018943	0.581273834601486	0.0876893166034089	0.457268526984542
117	0.331594611157883	0.585027134560379	0.0833701229019609	0.485000333333703
100001868	0.05058408826977	0.145844382150782	0.117824570559134	0.473750837977256
1134	0.634699105842787	0.155021665912275	0.0448792747873999	0.427530783211003
100021012	0.297689779810233	0.543632660491035	0.0957560856407124	0.486424342309942
100001181	0.885127160335792	0.365602590329181	0.12188960712159	0.421243378701094
100021467	0.429125889093332	0.164367029532133	0.0880493214007545	0.356306561582331
100000447	0.169455060498147	0.210926150698584	0.111454926408776	0.432421117993575
1162	0.000262678420654262	0.00654006666489676	0.128487813939346	0.368133956359882
100019982	0.591913466711641	0.490974835082564	0.097207240402638	0.453872075138819
100001613	0.879997876778331	0.429051484616738	0.0985662712249789	0.437452410763917
100006644	0.229313183936997	0.403523314850952	0.0760344560353485	0.49940233881304
100000096	0.498467977518371	0.0199067774750944	0.0495423338900804	0.430598270170157
926	0.669572078679657	0.65027781635309	0.094755193640326	0.469170857423275
100020004	0.899557285965257	0.634365265117146	0.0989077606023014	0.463513819358949
363	0.187859928174831	0.021777968499545	0.0775103236778212	0.122211148239694
1111	0.389511666160119	0.918794837227835	0.0986055273428394	0.492247462469687
100021712	0.468085708833988	0.979348124581125	0.0920003116397414	0.465361615773832
460	0.219381271902905	0.334255522600633	0.0966782095149289	0.53699030875111
100009331	0.508958054236693	0.289683176380289	0.0846174838577023	0.491517358518135
100000442	0.340886621428288	0.888862849957699	0.0991590976872904	0.472697548592168
100002945	0.141887670970009	0.030039275914009	0.13898562212977	0.442030538009241
192	0.545376906404088	0.765333723524829	0.111828128517739	0.43482045933094
100020241	0.259506786204008	0.737899686254549	0.0880848477709062	0.458762832608298
100000580	0.228068473442986	0.225610236567493	0.0824461734297553	0.651047195191974
100002466	0.059475836487796	0.0747073953759426	0.0848044245182103	0.313991890047012
849	0.624357413668829	0.492297638435089	0.0935473431447315	0.412718321195109
501	0.383969843851489	0.332024083987967	0.106711506112801	0.423907618089284
100000282	0.400792846316338	0.0932398186013835	0.127714760047125	0.3600630963352
100001577	0.0357640752965563	0.260637090478544	0.139569073841097	0.515996558550861
355	0.119235782510802	0.215436838410292	0.0685808285055946	0.364359414577657
100000841	0.617683986842584	0.578891120249239	0.127828767659252	0.403209204548339
100000846	0.755096112740533	0.406606705524349	0.0895295429125935	0.462779643145381
100004295	0.798718469976204	0.480425733498561	0.0869011321297417	0.433962742111256
100001586	0.05085077219244	0.0202207241762411	0.147426546751078	0.167828796922095
407	0.0116887183484515	0.0365818857900129	0.106818477235431	0.525391964559387
1137	0.484099482465774	0.454695347047322	0.0800367452373238	0.533459234623478
100021374	0.0618096868034856	0.026509479555877	0.0731195078346615	0.827000149826305
100001593	0.536519191719669	0.996665878078614	0.0945819760130966	0.466750399333488
100015971	0.735283691723051	0.6959437219911	0.0887800993370609	0.463390143674669
100001022	0.819780074238388	0.42438233481634	0.0711557759773631	0.62604414275199
1094	0.0557318281969068	0.369218086763194	0.158021495489875	0.63742553260251
100002122	0.395203144114422	0.330651941768175	0.0773202023751084	0.54551686982834
100000706	0.285044765928071	0.779049962609187	0.0884176553625365	0.467206206472565
100001055	0.595418727712084	0.449189469758184	0.0839810641813569	0.423130725974846
1235	0.691063566698763	0.897439195265978	0.0909483615424935	0.478052074604047
100020204	0.178468018331083	0.733842210139854	0.100954802005346	0.490050185353259
100015643	0.0248546417190138	0.214530876733164	0.103264826231573	0.416118713368974
313	0.0303828453706131	0.255298748279385	0.099041011037575	0.411303490195594
100001413	0.946508542812909	0.689938405708641	0.084853787023272	0.440494190266861
100020423	0.00645656437978051	0.00376193135484964	0.0898650082602624	0.163161534487483
892	0.70293943926041	0.24181012505525	0.107966389664175	0.494897302459278
212	0.0173349892744724	0.0602354043317958	0.136725471504872	0.431066022840837
100006105	0.231285932837809	0.233225586949711	0.111788118853434	0.478322884636287
437	0.694605740947012	0.555954903046369	0.0840076922270952	0.481646468121301
100019892	0.479842217433853	0.862009705509909	0.0918230467860972	0.480369068592338
100005716	0.0154715663572951	0.0482624118054247	0.0944949720250179	0.547000940751119
537	0.137286994478627	0.091573784835187	0.094186802195983	0.487626157847023
100001990	0.344296869348375	0.668826292169759	0.1107447594839	0.433889970567454
100003397	0.0766723924835688	0.00801996528380326	0.0704080059021776	0.278365323705958
100001320	0.057527330187961	0.093022174902229	0.13243233948602	0.215824488150335
100005717	0.0736004423836779	0.0679206058533159	0.113528491026935	0.495749413502703
100001207	0.0447782538494761	0.223764684853087	0.111388809970487	0.475173219675099
100001999	0.503600128325709	0.839073020721636	0.090556118763063	0.558727319805666
100002488	0.124955809337151	0.0128496062448068	0.112953264669548	0.407459136292265
62	0.278232498784317	0.705177065274953	0.0887478318089347	0.470763754396103
100000467	0.802771531600466	0.595547174165189	0.0897153078799066	0.451456225552218
297	0.00792392553237791	0.127824270651009	0.0944550664868703	0.437326312053179
100000285	0.0422574847127262	0.501720694763424	0.0937007041621174	0.538633763047527
100006056	0.0243745299900903	0.225779567230414	0.0975595334268452	0.512199364496069
100002126	0.221008042215848	0.42001562687708	0.0769421148547257	0.694928110613893
100002129	0.76880147614158	0.852695196670138	0.0933724894691835	0.552450896278963
100020478	0.00863063143428459	0.0749532719805072	0.067410579700447	0.488322036200623
100004089	0.0924531240995659	0.555303125027025	0.101169993448819	0.430475244712352
100001755	0.64478261076752	0.499990049999949	0.0920468827570474	0.419813785272354
100000551	0.0473725260042668	0.96897976623528	0.0963826991377301	0.470227091212402
100003260	0.292716077099733	0.262914660605557	0.109108907048646	0.54100777626585
100010955	0.958065750869747	0.349647560472479	0.0684231458037971	0.373055739850102
100020851	0.137990333015442	0.447230110852991	0.1005686234354	0.482888765806067
100016069	0.740083642629806	0.876742633292374	0.0933773720219717	0.460102412197489
100002027	0.598125535407543	0.314333033208622	0.0511021214384582	0.628429272971178
1123	0.246607429950459	0.157310231051011	0.0844280421928724	0.587402584763172
100001150	0.521120761684509	0.64429323971166	0.0820175712506052	0.480853075615348
100001657	0.244324692445011	0.818314230431186	0.0931390706562154	0.458761204446763
310	0.107897622434753	0.159825526549168	0.0669933244976194	0.592168174741558
100001314	0.356533847280273	0.104809391852474	0.0847562748614517	0.359702244359572
452	0.715123329589828	0.707794950092816	0.10757394731217	0.447436863053234
144	0.0542817589920131	0.0355600675965509	0.120430101599114	0.33702638864558
100001182	0.382922327438911	0.250587379965871	0.1245460618307	0.46322475585941
100015965	0.864702828348956	0.607803054231463	0.0900712703131438	0.513790665297334
100006108	0.254187398618427	0.247192097287464	0.0885052988590218	0.505910310892952
100001400	0.770105136411678	0.630468041774139	0.0863142570570188	0.45750217355583
100004541	0.362055604576343	0.179302568162115	0.0877666326486373	0.262426024680008
932	0.961381879558518	0.317281397685383	0.0943184830027025	0.495251326337805
100001992	0.342543559356156	0.543605495878416	0.154047728008032	0.388194214437251
100009252	0.0726521085264808	0.140982007916897	0.120171970530075	0.441957881449016
100021104	0.819583556331295	0.65731794839712	0.0816844718823166	0.568287036829238
100015838	0.0138175412566412	0.0649754473742478	0.157970933497134	0.680590074831523
250	0.000686661758253532	0.0253042663371978	0.217059884781869	0.548907751036059
100002537	0.875015561454043	0.718254246871335	0.0881788268023057	0.524346116131647
100001658	0.886861163058061	0.803891347717722	0.100826241390408	0.459858464633224
100020416	0.381043497144099	0.340352196086134	0.0786088876061502	0.443617129924222
100006642	0.128785318613662	0.505375691981687	0.0796646782184284	0.504418023778262
100001391	0.014770560639548	0.149154520118186	0.142601727949253	0.610362571666106
825	0.337166080172258	0.742012009078575	0.0864865362729917	0.474014160806392
215	0.0241075801599337	0.109866227017392	0.118156896687084	0.455408655629506
100001026	0.887486664211048	0.937932235700029	0.0947833347935344	0.468288671391938
100020541	0.747060688911602	0.64402030429197	0.0856165687861394	0.492577905558211
100001526	0.203816336940078	0.415018510478127	0.152382737521299	0.547224263314363
100005384	0.71536435918697	0.465840622923181	0.0870521013664332	0.411315433791268
100020378	0.413249216809858	0.5854559505779	0.0849611351441325	0.471338815352518
100006115	0.592060885508949	0.252011019742982	0.139746763385684	0.346147173744867
1442	0.471733422903159	0.0548293261331273	0.0351883981915562	0.379385485721654
100001843	0.140629496028422	0.237944713170476	0.103230337373822	0.540888062032547
100015837	0.0409564333827719	0.167366437234484	0.230542468221182	0.40550619407579
100010834	0.539155213727739	0.778989291348372	0.0926794587513854	0.448516554904258
100001393	0.672569233212201	0.33258996106156	0.0646812636973541	0.507594841760661
100000015	0.421240185150683	0.472025186913312	0.0824651702158226	0.487248311161505
100003892	0.0601859938416971	0.0741771169311822	0.0805636575272556	0.689063887066598
100000042	0.136301189814593	0.0183380215229026	0.100436459922624	0.380725433937661
100020550	0.396800612929464	0.148159328800384	0.100662579226993	0.361408978717966
182	0.430928694074104	0.346481840642806	0.0883910174190556	0.484413882519091
100015723	0.11908646786518	0.357829087934037	0.0926406755521611	0.447611405273926
100020343	0.17418453766104	0.213855110254737	0.0677471873444886	0.459119851172197
512	0.642151401261363	0.903939542813279	0.0982169250314833	0.461294931285992
100021100	0.811746042973899	0.710432636733248	0.0876693800724396	0.468764937204137
100002528	0.26417204318847	0.0532177288346041	0.117455100973694	0.276404372691722
100001287	0.674893082392428	0.883421354627965	0.109108584241631	0.509618171789224
100001229	0.679730621527247	0.978527825305477	0.0942941629652399	0.466156996461304
181	0.404060554820959	0.856879928809901	0.0904814558770128	0.486712306546467
100015831	0.0003175185790516	0.00405757336827442	0.135408610383811	0.238395162668262
100020515	0.467280737866786	0.473612776231036	0.0744825984379966	0.612264177434993
327	0.265547749254281	0.321082554408115	0.119372619062081	0.435000011311269
100009394	0.38018656560569	0.464479859006148	0.074808459862214	0.520310473470491
100001596	0.790101573911285	0.166662511651893	0.0759045852427667	0.306953968165066
207	0.98131549477238	0.527446178706976	0.0991258841784964	0.437371793143672
2054	0.651328177339712	0.862305756646055	0.0910402722729525	0.475552338455913
100020259	0.540362323743364	0.541537538473809	0.104747623655439	0.451677828120505
100020414	0.00279822145394772	0.0241374739804228	0.0538314017262698	0.428520730127754
100021131	0.801927348777014	0.337168132924622	0.0891474377222336	0.434672894445889
100004499	0.710274763611634	0.734106977448256	0.0897052034403524	0.443656937638334
880	0.158666983959458	0.781196148246926	0.104259440111053	0.46262304759394
100002049	0.618343030280916	0.417163828940606	0.104823720455293	0.432769457029116
100001739	0.60176311770745	0.338024254544584	0.12608400787092	0.440373689804327
100001126	0.829691432742256	0.187825080531174	0.0604257318400308	0.379326446786293
1113	0.388125044389716	0.509319283602894	0.106518592816628	0.392934513916268
1083	0.672280847821577	0.51284127268526	0.104644509811018	0.423564495021831
100001730	0.0558433986878627	0.138702929447469	0.112505131826762	0.344635111957339
100001412	0.679971901226672	0.424341943552518	0.0949499035823564	0.398637240842098
100005996	0.829318389962682	0.516579906211705	0.0863558210066367	0.436303852255597
100015962	0.0182411356357421	0.159861570057229	0.0713129526343353	0.704590706006379
100020214	0.632762166023652	0.344075109199968	0.100621377454622	0.390070170451177
100002514	0.0943508491979036	0.259472566672216	0.096131925969565	0.398235453403668
564	0.129446784261539	0.0322576743366267	0.0717957740550529	0.345151387225648
572	0.00593276545128477	0.00742360511821282	0.151231561282394	0.324914131425036
231	0.492155076439786	0.973773141416655	0.0935591955264701	0.467229050325069
100000453	0.831962212205223	0.976204389940786	0.093007652118397	0.47237251149674
100001007	0.0430968444853154	0.11713921968639	0.117136175925581	0.322662502118441
923	0.548526918388531	0.313133201591813	0.0863717543286089	0.513711349066141
100001247	0.469615427724731	0.486731943144439	0.0844113696522992	0.449028725391898
100000774	0.0382722686587839	0.251378487442406	0.111206238543145	0.537555888323691
800	0.172848324083387	0.261842727215263	0.0966226228199433	0.523268670690449
100021678	0.503718590556924	0.490715988950636	0.0781839574410871	0.468014611349552
100021711	0.368459483355435	0.838204806388799	0.0999607482910157	0.473737573611347
100001274	0.863027658829822	0.321320816643288	0.0868753103012823	0.325984132129395
100021220	0.116163816111726	0.228731815128324	0.12346565308073	0.732092899080016
100020253	0.744259110216848	0.746129050809912	0.0924237504944633	0.450116590084356
100001170	0.756912349017611	0.172042901867242	0.0827410463794037	0.382680568414636
100001466	0.653543524611468	0.758028738107674	0.0875614949253681	0.470006608338269
100009406	0.692504327788359	0.615582402699983	0.0864973560116155	0.482369004185484
1026	0.50524299370361	0.731370742854623	0.0987666905032017	0.455809812983366
100020837	0.934649657615801	0.34026303982152	0.109827686540519	0.377845181021711
100001006	0.058432561817858	0.070440252507481	0.086839470356243	0.583555694673827
100003674	0.582735873677509	0.107089569271503	0.0895382250655134	0.448511419975461
100004396	0.199783178334275	0.284269923389369	0.112997778776992	0.350440965699923
100015923	0.250813362160326	0.696996785409043	0.115421495285242	0.439574310490314
100000265	0.406743039897588	0.577119534691588	0.0952696897117847	0.430561569335421
100001409	0.145128851429969	0.129425123663831	0.0927416666260768	0.343386399645959
100003434	0.51381641202965	0.442737009663453	0.0943995039221035	0.393143714179341
100001334	0.362887255417167	0.0490652625855588	0.12259852395656	0.346800843079328
100001102	0.827711074683997	0.721190439974266	0.0968668375700409	0.446493306778422
1268	0.568343622595506	0.0471081554272893	0.0450038417319122	0.41607066370137
100001300	0.414375083044664	0.146235697041789	0.0854392330459899	0.478185956058937
100021324	0.101332762037009	0.570210856472837	0.149650224159643	0.452770277435483
100001617	0.127367092267874	0.110172281658614	0.0902959642360244	0.501491791795105
1105	0.743183882446546	0.10628673740605	0.138568857435689	0.202784003371765
100021502	0.0217844101209391	0.132386798173742	0.0804606012105183	0.492237256036495
2051	0.865022493504604	0.332225286068131	0.0872771268016315	0.320020598055869
100001256	0.0476636582435493	0.365482844245964	0.110339350155565	0.627599164364429
100005466	0.0519905104803742	0.0466698901900346	0.111102580768687	0.274591152749891
100002199	0.0929983851991484	0.654330812625916	0.0978634393037373	0.486667257418848
338	0.00456553095773647	0.0188753086938631	0.176983413354484	0.238543769448127
100004243	0.692520389152644	0.69935009762027	0.0874829717170479	0.474576062976993
799	0.463764524819164	0.748075909559774	0.088505428264339	0.460540876033137
100008928	0.799420288376272	0.177264021551528	0.0979002663851673	0.465037414731818
815	0.0821269663231976	0.232787512183703	0.0941606841568352	0.541353346277487
100001456	0.0596907103057397	0.272893484104954	0.0990569095010996	0.437362476092576
1242	0.0534546330650062	0.0541205208563338	0.117022338596313	0.2865708386051
100001416	0.252318856847584	0.0553729579566986	0.0487757758009086	0.23320968730944
100001462	0.359321831609195	0.342700177015636	0.117952040215433	0.433957917177119
1087	0.347640094231467	0.0683966653645094	0.104307038523633	0.448292613341005
100020421	0.0277513872662198	0.0388482937764351	0.102522880249504	0.221103250821678
100000010	0.00485238344047794	0.0454454753305062	0.0993047997694973	0.513379361936404
821	0.55759866805704	0.316369224790406	0.109225487557139	0.335992160333215
100006627	0.190263723004775	0.135301032382523	0.14688099477051	0.380322087821794
100001277	0.552308597452147	0.257952023367142	0.116340279527	0.442016091798079
100021141	0.0165856672231237	0.115322282765799	0.108567280660686	0.566337269128475
100021105	0.25715232806677	0.275970074221489	0.100373899019115	0.319131944016784
100001950	0.000219868766372096	0.00556628734022922	0.127141480617074	0.612586406148863
100020217	0.950844073396997	0.195482913781201	0.0525760455897014	0.30259006536307
100006651	0.022977716236886	0.0898531388888205	0.109247695945568	0.237776222218933
881	0.675108033818836	0.306689140389228	0.0810117773265646	0.47440047668289
100001509	0.769503418041253	0.151577628826588	0.0797941697676758	0.399792742039196
100021709	0.271760791471328	0.467185781760527	0.0800840387977231	0.478183184234538
100001635	0.226677809129614	0.0331577638351183	0.102713272887396	0.415019776713234
100002613	0.4458121488997	0.128900765625676	0.0853253024645389	0.543500204233397
100009329	0.877669213250473	0.991377323314478	0.100969670920653	0.497519362166343
100021123	0.923754027982838	0.724564633562498	0.0963392390766146	0.426738796726715
100015760	0.406841723442505	0.224767139018552	0.0766437062182771	0.497267615728118
100020205	0.382289765667031	0.385499241656361	0.114044319799642	0.325002256348317
100000765	0.533471243091804	0.65073731434456	0.0909809591452618	0.44190876647624
100004111	0.475774312297431	0.253033419811006	0.107850210911092	0.450257230591521
100001615	0.15567790098655	0.992597806246399	0.0923559926040682	0.465435859853995
100009227	0.106906529974062	0.114312378920887	0.147819849826353	0.59592399629944
100006191	0.429451293634604	0.559134053335144	0.106531230804212	0.422968777142007
100004542	0.29123161051643	0.317774039225559	0.0975822981185544	0.508928088474415
100003686	0.30017664115114	0.154082636068345	0.148292003481044	0.419639886815633
100009232	0.0311235247958503	0.159481361907387	0.0907369753420622	0.373211246905384
100001501	0.0199066540495717	0.0620123977189404	0.133578305802792	0.495092582540147
100002367	0.487149807719019	0.216646675498611	0.0830406911341876	0.336350134668702
100001108	0.298390290689448	0.772405589358423	0.0919464469463859	0.45961334882828
100004227	0.985552759139352	0.90450042123942	0.0915575429749054	0.475347761935443
100001310	0.14584361698796	0.252707082177377	0.0839218485248163	0.572092974365219
100001994	0.977976400146358	0.970705923288633	0.112873897896448	0.517762065789981
100015839	0.0059085915005864	0.0107176490691698	0.133398155239489	0.537049424563292
100003271	0.00599891394572591	0.0596051576058583	0.135538896742001	0.294669309351725
100020496	0.951371421224519	0.816169545749004	0.0888437098967957	0.481518789938377
302	0.826776564736247	0.425166151132031	0.0788085519976778	0.43794911759657
811	0.86596883612173	0.856489679261074	0.0911161695726846	0.486122534745128
100001267	0.790128755035917	0.79714259687597	0.0878707552878229	0.462584074869104
100001197	0.0122260687603164	0.241367678468623	0.111195501966781	0.471594851793331
432	0.28759097222243	0.535880069740052	0.10095020791094	0.453238090032616
444	0.0071024848351764	0.046730647295131	0.107186809639691	0.58570142846249
100015968	0.25618928040328	0.255802626684836	0.086252680487305	0.385417220178509
828	0.626380900352252	0.954432983477581	0.0938837260284701	0.463806430175379
100004054	0.0986321787306772	0.50058983416697	0.0918413452815573	0.476318715320568
100004635	0.0388299071055574	0.0960524874318794	0.327562455198233	0.236143172252323
100000491	0.930239205822841	0.89097487242944	0.0919905236206019	0.458408966638485
100000939	0.0242104797671515	0.0199275536388597	0.0944348735931051	0.357645815842741
241	0.025420654851785	0.283603768572384	0.0995213082767404	0.48685192535667
136	0.254097883502882	0.0605434165951862	0.0751029955656295	0.637500328040661
100000792	0.452833172428468	0.877020225263456	0.0921673537663453	0.569194540147983
100020973	0.807937960139775	0.817884955314848	0.0973699765184774	0.456771191593281
100000936	0.760974633722087	0.870176744736674	0.0916149139966131	0.467920929877791
100001313	0.00679980805893007	0.114233195343798	0.0991456030021712	0.516384394178866
100001951	0.0483821310181657	0.0998842129359974	0.10836826363487	0.458738655334488
100006098	0.0346690643248535	0.14209372784723	0.111388708368979	0.562528323952007
100000007	0.152104155037028	0.397951468362512	0.0949098890780451	0.470148905229477
100006641	0.971313027463235	0.887626003030676	0.0927938970981687	0.463711245248243
913	0.0054633298024849	0.0353319893087078	0.121059247039612	0.329779207153739
100001579	0.909222941297191	0.536404641936467	0.104547267785399	0.468874433365679
100002911	0.0788584220132868	0.00930199026000411	0.13041318764254	0.419184296993685
100001293	0.35374659152837	0.515150860272203	0.0828566535212727	0.562110163335152
100002241	0.157702632233125	0.403059351565803	0.0998782076856532	0.429781880396222
100003179	0.343027847305508	0.0674415632497288	0.0830194519938292	0.334077808651441
100021372	0.750683753662865	0.792211561654229	0.0894794952479424	0.472515306170861
100001956	0.215009895064021	0.32405972639305	0.0893150818854091	0.353349891108142
100021162	0.60463800660067	0.371361629192246	0.0925012840398282	0.378579316053139
100002259	0.352271253878515	0.494298906030941	0.0789069888511278	0.454720261514452
252	0.450395874633379	0.68853379931744	0.108713819177256	0.433331940309675
100000707	0.310299252823246	0.26521155134709	0.0877565689918243	0.470129320305403
1489	0.491650754271245	0.0131898409195999	0.0576076454751934	0.427088291387775
100020361	0.00126067550472843	0.0183482147971818	0.0916184420433617	0.815162050851943
55	0.992599134161881	0.967909789408675	0.0984431771662339	0.465396548646019
100000863	0.34778422900788	0.290290278521453	0.0787051808436637	0.497775848253065
100015840	0.0592538986824057	0.0484763862423325	0.137577236785672	0.412918883295898
100001541	0.353525606962496	0.138227489382198	0.0642114646769695	0.467406558607659
100006082	0.0913058745555242	0.048139506209423	0.131468634624733	0.459611239312221
1254	0.551330811560425	0.900471062611365	0.0987539225437642	0.486643148749503
100001624	0.69852238652458	0.447180959314495	0.0875533890357044	0.452086983261629
100015850	0.44770991904415	0.28102554295005	0.144128086146255	0.397560639719433
100001104	0.00240938349679598	0.013833916117188	0.108214521282633	0.728382143875255
100000900	0.166875134958278	0.445186880359368	0.0971345017311555	0.471097971721007
100000269	0.365908159008188	0.0976964032507514	0.0511242808755621	0.426616940441799
1022	0.353460110257791	0.834690206096779	0.0931841024111036	0.456975130646227
100005373	0.125162347300704	0.047535215941027	0.0739033936399841	0.487298784206498
100001129	0.157566686557795	0.702081777817488	0.087940246134206	0.493471079667173
935	0.0037317861614367	0.0536190440300804	0.131702646308273	0.314474442011177
100001262	0.123333282381774	0.159497289566107	0.0971855727110843	0.491320213330286
100019978	0.361671682459533	0.616649467391843	0.0896177046240746	0.454126320687702
100002293	0.662741366906766	0.793826366194562	0.0890958001128754	0.460462406232974
100001426	0.222897197600971	0.22831967758169	0.0927416008055919	0.327240274428119
234	0.0375674041324095	0.136316295470914	0.0899177657162323	0.444134655391042
100005403	0.3290648674705	0.950566939884856	0.0945238787150277	0.47706260665714
100001083	0.0535394459014555	0.37069613834898	0.103926457339779	0.483976027169324
439	0.820159617503333	0.619115232141736	0.100127390063575	0.467704709176108
100001086	0.476765441259738	0.587175378831028	0.0986608586480323	0.518582407520079
100005864	0.808011025884819	0.522797616002402	0.0851835379949821	0.518550755984213
491	0.431067226862212	0.824193154912944	0.0910469032743384	0.467897344698286
100002029	0.543645983856248	0.396752473508741	0.0865128376002189	0.355066170988923
100002154	0.813610522219483	0.402986100014857	0.076455856471666	0.443470625539901
891	0.885179120165142	0.38852095091034	0.107852633570199	0.452875344330307
100020261	0.232638019163884	0.364606827360776	0.12134888493787	0.43831061294504
100001296	0.32054469209865	0.2623788062808	0.088284370273465	0.32455582638264
2050	0.481860376216638	0.585930264587163	0.100910435287126	0.427806945249708
100002761	0.507178158013725	0.734363375810648	0.0869077867269933	0.5838619021872
100006614	0.686074913087396	0.785687493324244	0.0887222589872599	0.506851722477687
100001597	0.869883278035711	0.109603201591597	0.0494911584838697	0.295180085303794
100020853	0.986102020313578	0.893992615331629	0.0904695119325197	0.459500632190678
100001446	0.377645043081884	0.390576784857058	0.0803933183521749	0.459738964602786
100003240	0.412830020656358	0.174279647886584	0.114180244934761	0.408735437297779
100001502	0.0300366118447622	0.270425030473054	0.118064694207412	0.541144498890157
100020866	0.0730896695976965	0.00499225632719562	0.041245692373068	0.287587578069249
100020419	0.0196764671101053	0.0413452390603587	0.0964018409918007	0.222678907462814
35	0.497048455947418	0.264630488258557	0.0789165795120762	0.416244972833439
100003696	0.0164417990489534	0.0696845684792727	0.155792854163461	0.417424316430478
100016038	0.433396349676546	0.959867469656933	0.0924547356998095	0.478160101472882
100009333	0.322278285740229	0.260627756614235	0.0953652036535821	0.491595775631163
100001611	0.17779629452468	0.395518028027526	0.131310725644826	0.450994158598191
100005383	0.607063197132266	0.37784367132097	0.0950217425538147	0.498544086392588
100009239	0.219734490472342	0.101952655166101	0.125424023372763	0.305126989859769
100009332	0.537412932246824	0.354968838303278	0.0950364370458374	0.44575584100372
100001731	0.0744506838220129	0.404457214602506	0.0936005508979183	0.42269083434864
100003415	0.700210715831267	0.780047628039156	0.0935771295425145	0.474289348378359
100020578	0.159901478131385	0.172825219685115	0.0829959415464797	0.370197699805063
893	0.792395027736779	0.568448673520479	0.0918046883485637	0.476598199369369
100000963	0.222327050059495	0.149922005014083	0.134159550972258	0.286902574939078
273	0.0154845404884732	0.113683793827346	0.112163441993191	0.438607508103901
197	0.51015923766615	0.351917288107715	0.0870969875881455	0.355887607435842
100000808	0.0550640335017669	0.0729640499923642	0.0715209101123409	0.668131775663946
100002284	0.630170479895818	0.275143634163391	0.0490134399839093	0.402782107967228
888	0.79324633191297	0.0939157017819958	0.102991806406536	0.448593869157763
100006435	0.549646241994874	0.362223353748776	0.0702590921435299	0.745010741713881
100006374	0.320096524938327	0.666961856416128	0.0959385043381954	0.460370478863068
100003169	0.890776376527897	0.885179384252972	0.0927743601398204	0.470377224124851
1004	0.858185904870624	0.932842764433594	0.0916180724421744	0.462034656713404
100005998	0.122700395110464	0.970953535303719	0.0975275637423291	0.465634442684152
100000773	0.582969755298721	0.507311110668122	0.0937127571054987	0.449771594581734
100010850	0.00942681647174768	0.0654846099807225	0.114393056387129	0.341863250646655
397	0.659317733213135	0.442389990980233	0.0703149844106486	0.516263503327823
100000039	0.116958255943087	0.241205112614203	0.0720966509181275	0.515226609942538
100020833	0.971576140557815	0.728814773024364	0.095462069464958	0.508773610429308
1021	0.241791288865634	0.268796264877163	0.07989209148233	0.496194262224911
100020479	0.511057104175444	0.737985321192011	0.0943154930966768	0.472843309655178
100001335	0.725236748884084	0.468294343970118	0.108112259368008	0.449975797700623
100000743	0.827880591228468	0.99615194321259	0.0918773542066854	0.481155800598038
100009246	0.196723706355571	0.636063914861911	0.0875207568275986	0.494488915624574
878	0.114184693477076	0.974957118514316	0.0935911894495441	0.467387827563991
100021103	0.55701145254596	0.966262045847482	0.115995314816989	0.5151669554367
100021363	0.245994882861109	0.537153716195392	0.0830025901719137	0.504482020778756
266	0.194986266447922	0.238314920548648	0.0956492113834045	0.40899621266173
100001195	0.866980731666867	0.544359300267218	0.119113107313624	0.44176469697417
100019801	0.756141426106489	0.728113121695159	0.0972558041740716	0.455908775253346
100002196	0.0467512964318581	0.255077938268306	0.0994559690983093	0.476634506562325
100006370	0.372932226125382	0.99137934006061	0.0925327335939178	0.465568307647418
100001510	0.033749221229673	0.00511635717459148	0.0749585247041083	0.556215895395285
100000437	0.986878192312795	0.836055620931783	0.0920053215982061	0.488052161221711
100001767	0.0615490978397533	0.0246699853150039	0.120762737735664	0.520057173230198
100001810	0.171206196179187	0.365028548349699	0.0968588498213731	0.655900627386415
209	0.0784948781820936	0.499025201366194	0.110085896848105	0.460757930934387
100001485	0.336669617456576	0.0768182111519228	0.0458179517523825	0.399042183490312
100002500	0.0988971878456583	0.365422906515798	0.0927141156145114	0.431851482679447
171	0.187617261772778	0.0683173311238143	0.0804664506510404	0.493362987749528
100020487	0.875567745221873	0.674814711803886	0.107517360180851	0.406810471273297
1206	0.00403647620694134	0.0802387560319741	0.0894601895442304	0.51082344435329
344	0.000733994452073381	0.0102653158003837	0.25643564410533	0.541977161109148
100001405	0.492110490289717	0.870560799630166	0.0957843543138397	0.457072402027064
1239	0.954233727517377	0.638780459974232	0.104811593916453	0.469932295398013
391	0.0262540283288806	0.125814368627963	0.0783916290130109	0.682598506013043
100006430	0.356140955954993	0.115654843908332	0.125296331862595	0.23322001006732
100001417	0.862638709055533	0.578141537226306	0.0881114534995249	0.551585620685493
100002951	0.0844145048585886	0.412684298983856	0.0897919581059187	0.388946487486711
100000014	0.547745522920549	0.693312220581086	0.0906360313991527	0.493601160214349
100003926	0.557827742429181	0.50990961629867	0.102416168262896	0.451237002480172
100021538	0.417854667699549	0.318892988058113	0.115655147069837	0.387866513883614
132	0.451999764387809	0.934477770436057	0.0916619925850672	0.464743754206222
100001425	0.576520478126952	0.548684237781505	0.127082954023226	0.419736954081799
100020262	0.493843710929124	0.599625121646142	0.102642728011648	0.4531584250937
100002679	0.438658917515261	0.680104962916766	0.0866986921271159	0.539755549089461
100001270	0.605170378583081	0.715898736686058	0.0947260952365954	0.455590707056453
1102	0.926483809877433	0.884211626839721	0.0941814869416805	0.456822060547071
331	0.365000825683196	0.175685448218365	0.0713625070695406	0.372193109026431
100006361	0.589507421633774	0.687121568066977	0.086354480936894	0.521799414412784
180	0.671219694655781	0.858338473293771	0.0892884024968181	0.466302301478909
1053	0.117221744265616	0.494573091018609	0.163496356591712	0.519084306516299
100001359	0.613916922090548	0.868656897612734	0.0998424991048856	0.453971066810344
