chemID	simpleLRM_Fstatistics	multiLRM(chem_sig)	multiLRM(sex_sig)	multiLRM(age_sig)
100021136	0.0291252931992369	0.224992007019123	0.348245548521848	0.761185319399989
100000882	0.887440090542801	0.659267383163673	0.326090675137938	0.644693329620197
409	0.111720785989121	0.166039679114312	0.353498035742779	0.422217139653045
100002254	0.609903542720921	0.0265551418568476	0.210263005548475	0.652160727157191
361	0.00542106739429502	0.105866408323673	0.231139634015867	0.645678699914836
100019975	0.448858651658843	0.853072041423171	0.313540180333913	0.67808797781067
100000257	0.0004763823588624	0.0246786612475356	0.319074760835618	0.614904050028299
100001232	0.994948161035806	0.98772688634187	0.316736000750744	0.671512246701784
100001948	0.414084214178412	0.469401180861115	0.331364977045873	0.559991668099214
100001073	0.598545167339247	0.695552167438428	0.382612963162342	0.603593059309142
100015637	0.99203784821862	0.410123108221642	0.336922935809675	0.66418706634526
100006360	0.538493656172269	0.646111347322373	0.29533481770653	0.744325969855365
1488	0.366960846593531	0.492462971172756	0.32081856522439	0.640388049797747
100002253	0.589755007777344	0.846070178617022	0.308467043538358	0.690903076028064
1023	0.792321066352784	0.917953576290123	0.313022046298277	0.674407651903184
100004284	0.655765118707126	0.798798796675615	0.308055186958988	0.677393493296145
100001251	0.769264927185857	0.909859804935549	0.318267721576148	0.672675916682225
362	0.680193139186873	0.385151666107687	0.27810853469358	0.660587776854316
100006620	0.908397814607778	0.788497424425172	0.315609516727122	0.677307060272052
111	0.234151414508658	0.100478415444444	0.262596099282235	0.639742877196142
100009045	0.660193353145724	0.292027973389625	0.264365470844235	0.816739249848542
100002927	0.271776195388773	0.515128104667616	0.296983736507105	0.743015134712386
100015641	0.839692754321528	0.95398379963569	0.312845491194634	0.674103209911675
1114	0.0829823893268772	0.939657254615043	0.311188870866334	0.673438556450013
100020409	0.34932565355867	0.393618784575764	0.314354458297833	0.550746947583833
158	0.138074967816076	0.237687239461959	0.394181076834013	0.698466397367665
1224	0.0384828774024959	0.204693435079968	0.250731801229705	0.709758748414993
100001620	0.295371254601801	0.285293554609507	0.268205434579541	0.676896103580954
100020893	0.357567179348204	0.0755272241854015	0.286801196498517	0.406899628691651
100002458	0.759196107368458	0.532684839053072	0.360417201908755	0.610683227665498
100001112	0.992205268054899	0.852089569448694	0.311612258341467	0.656674448643185
100002953	0.47468340973102	0.846178052739695	0.310643360794761	0.678624294145128
1141	0.45167463833559	0.0430955553099409	0.39986042157157	0.484637651739953
100015834	0.520076354933212	0.834676198438839	0.309217537681696	0.658165709796724
100004561	0.647499997321628	0.918919583837265	0.316149626949031	0.667169291673404
100020497	0.688010255547192	0.792137914156258	0.301805998261918	0.689303322210415
498	0.0310804743960434	0.207472855106351	0.312361282505835	0.766714256583653
100006051	0.766602544063032	0.774976548413839	0.319672271746711	0.664777065634183
1668	0.585325882439936	0.576170558809944	0.308534937507137	0.617129528038309
100004523	0.55703157046556	0.619275690765332	0.332411072045482	0.611504032990168
100001604	0.24774313681704	0.572646140648808	0.309874114915194	0.709166494680759
100001002	0.195590953563899	0.544869091654956	0.325599999352152	0.657423660925494
100001987	0.0695001108509577	0.296116546681951	0.826004908130371	0.539627227614749
100002462	0.840283587817223	0.610230432721898	0.34488951679031	0.60629820498941
466	0.542758234590185	0.0592712080962079	0.345362624562735	0.645382636069823
100000665	0.907025635942741	0.456366502802651	0.348898187209396	0.618637282291636
445	0.994775570140862	0.40965180537704	0.345912919792751	0.720404445011546
2029	0.18866574668572	0.59700540602982	0.327112913384833	0.671701824852207
100006438	0.150574501525493	0.26651506357998	0.3591971827422	0.680649884990827
100001398	0.123590278941547	0.315499096363545	0.274505968654292	0.704073191294345
235	0.346382395531273	0.413167445642766	0.277549933506426	0.708656597264015
100000997	0.563976092633867	0.604447489041961	0.318121450971663	0.641845618853443
100002094	0.272100874376622	0.188387208575754	0.26257864430272	0.527034794068826
1052	0.529838362328452	0.892906181613732	0.309783207177136	0.696444004890711
100020823	0.354968733933448	0.630239371535449	0.297095964045122	0.660125026362497
100001806	0.305396900566487	0.646534423805963	0.359917069849042	0.678569206684592
100006092	0.767218838508412	0.824474647378422	0.320949352486196	0.655258500400191
100001415	0.133191360039162	0.0957748160072644	0.31217062741562	0.407791882219133
100000008	0.0271681087408035	0.0624143974731406	0.351998145759275	0.506398784633356
565	0.00403907642572062	0.0323097324364633	0.316781419186781	0.759264440000201
100015851	0.183179619061326	0.206178203287026	0.393518957977101	0.798388166593601
100001866	0.695056244480478	0.941262841326957	0.313836198994694	0.685324057497286
100020546	0.000917534163774205	0.018161458755085	0.605301020867307	0.897245329571867
100016110	0.360148869358647	0.255779817702669	0.23952122201602	0.807477866302478
100001254	0.00324639737390803	0.0152028428117213	0.399976182807033	0.878719287625348
100006260	0.429221662825361	0.963178333220258	0.315160890398723	0.669034865337732
826	0.669853702072662	0.894933538524274	0.313777709965158	0.666753402273645
100001872	0.378263913781973	0.712288854771008	0.315876325450758	0.670149667749795
100000263	0.391866897247749	0.555859186765629	0.362383274774442	0.665819066823225
100021198	0.833319013792617	0.0699744487291055	0.220487441456368	0.396916003387769
100015967	0.0360074313627805	0.104052271119981	0.382813366496005	0.500799140630667
278	0.130043106657495	0.249867045197518	0.295311222164546	0.955444486836475
519	0.607418755457793	0.271297847843568	0.381519219267815	0.601581843136755
100009337	0.128131758805366	0.337660936627273	0.411516548716189	0.655447610841984
100002185	0.457280693340058	0.680825447762114	0.293908481596316	0.634816925258304
100001278	0.304621188537204	0.225427016939915	0.390726239243078	0.621406983869662
100002103	0.556923740105416	0.967529035267782	0.313635484731954	0.668485610708532
980	0.657383956373091	0.393887702624311	0.350840453349878	0.650718430952553
100000016	0.772764651093479	0.397110551707425	0.310961790927435	0.643044543253616
100020372	0.129237735538528	0.364651421470547	0.31209016443308	0.590538394744258
100001662	0.861552678506959	0.247625773304393	0.162995217848394	0.676218512145836
100019972	0.95182769314068	0.638365176841687	0.323291973929646	0.655181497228976
254	0.839043165212479	0.75712187836764	0.310990491799215	0.67256919486027
100002009	0.683621502711884	0.735203772574009	0.310594944730623	0.609992512649815
100010895	0.383211695155359	0.435700584301244	0.374629814489416	0.643995040757722
1140	0.940805008395902	0.955268405280822	0.312742414256918	0.677227671959322
100008951	0.615602361578638	0.595177493324538	0.331626728909886	0.638975798551895
1084	0.320059756806575	0.868529897645253	0.314290295183625	0.650941537798514
100002796	0.145688530118488	0.463053867500694	0.284196331952971	0.62250630965081
358	0.997475926288222	0.962225805244511	0.312791586040827	0.668925917681078
100002070	0.761344538452391	0.686268632259051	0.304986916610636	0.703246951523805
1628	0.300868229778177	0.0597876669950878	0.397349567068973	0.650277500090247
823	0.607334492895715	0.538974255298976	0.277935531417319	0.728411709487645
100004414	0.494578919301014	0.114563740633742	0.39786363386416	0.793011143805854
100006129	0.695363549743713	0.685408054790887	0.295559056824633	0.684224665543889
100002028	0.687039732785896	0.437412009413052	0.425525003834318	0.475050669951287
100021707	0.504650371501061	0.49689685018914	0.271721224823674	0.740322259216507
100000054	0.405720645407898	0.36427468241117	0.304991130092311	0.700861342584393
100010869	0.963434563082162	0.840119112896088	0.313773350096801	0.648300790246696
100004575	0.0143920617139349	0.110695244600822	0.403373759496573	0.989855077587121
100001212	0.912748552212389	0.775543995299057	0.315479710818129	0.632453718102862
818	0.25998975508392	0.568959299345321	0.353643538137077	0.623893978397007
100001092	0.00156748586579316	0.0238521919202537	0.3086257686099	0.656582131324356
100020371	0.884051435124807	0.792232654126639	0.321025289481755	0.668457084374292
100004112	0.218618871224921	0.558376215627404	0.329416157622594	0.675519535418426
1125	0.489826620334112	0.318208957981374	0.3472655384501	0.70604394961477
100020491	0.869380032655299	0.466525943049872	0.262975789672676	0.687150961982429
100003151	0.00172938296932446	0.0138362976363003	0.477976217635134	0.545462836626099
100000011	0.402724639524798	0.213282058762021	0.244115040659997	0.760880081717296
100003594	0.597309417846209	0.834135906566289	0.306872016714422	0.659063217373083
806	0.80450771883346	0.198430974886807	0.310393562259988	0.494069172351571
100001211	0.877543006820938	0.49798187567352	0.327163191152178	0.647589592967983
100002417	0.253122725264188	0.985665345882134	0.313951157038855	0.672288103769984
100009335	0.519201141303482	0.15049781339679	0.252340043943556	0.692066149703463
100000781	0.880973434646996	0.879248956447452	0.317311255422879	0.673537299841215
803	0.0178601593704636	0.023035596790834	0.304550459431542	0.543606316487281
50	0.560746806880425	0.762195399793413	0.318279174003781	0.657543847430697
796	0.326044815988326	0.0212673737118155	0.355398770974609	0.652486418870228
100005834	0.959850149900597	0.687427347413814	0.355868419184119	0.666556193613776
100001580	0.867018726422185	0.498948436446785	0.340559691788481	0.671983883890561
480	0.866400195521755	0.568371987759482	0.277424717941867	0.678466315490283
100001540	0.246414815048288	0.883178164140663	0.364794355244785	0.709806249795983
339	0.71009275309297	0.212069030965935	0.288894444026118	0.598059239638016
1110	0.906844018048262	0.999885940661465	0.314505072544653	0.682453957281173
100015836	0.153218599631198	0.17598126421284	0.456440116835603	0.843459538754628
100009271	0.521221512108253	0.487357832612341	0.35205385716296	0.648772096327234
100015638	0.958950075129975	0.440837688367375	0.328803436761049	0.652104115457395
100021667	0.791422738938661	0.819056702161445	0.327680494125328	0.663369291027305
100001279	0.859908301808743	0.652378897541332	0.324617012140365	0.732887243238864
100004208	0.015948576440318	0.102654249284042	0.477995048798286	0.794621463606762
100003695	0.211367279095196	0.131070785740972	0.338378088287273	0.452722976778631
100000802	0.772194957326868	0.877399211282191	0.315701306893852	0.665558015507348
100002769	0.720589304803489	0.266262352406665	0.250030560669678	0.743454893637519
100015835	0.122868572542602	0.347978587321676	0.441779642200741	0.84467541214936
229	0.875065121655944	0.417184053247794	0.348577103644739	0.664815783627603
100001266	0.00069347951449954	0.00850695610079645	0.444862481773291	0.936020785645988
1342	0.301781853658415	0.360572785686906	0.270848464170172	0.686819465148465
100002102	0.837372015965754	0.495069833012523	0.358207376754648	0.781074477237549
100020254	0.0232925221820146	0.0638056303251139	0.301688236869528	0.772022850251082
1231	0.400458565763337	0.208473740766676	0.376891667113326	0.622061461212823
100020492	0.962361561023069	0.966325725406683	0.313721650645065	0.669293142174926
100001402	0.403740447316226	0.680226828252356	0.338245674351126	0.673351152162097
415	0.00261530873906683	0.0545229303801682	0.378143593396378	0.739679809282789
100003109	0.762002568244769	0.606231762980898	0.323250942666027	0.606836955225323
275	0.358430099377038	0.840783157291468	0.375696648783341	0.686028107174093
1143	0.158512637628561	0.0554322152156324	0.284341726832611	0.773081352119656
279	0.58810434845359	0.559217373200763	0.311227120583704	0.589002359799375
100001198	0.837414956771246	0.953580976874758	0.322956815202112	0.666965299934311
1648	0.331180844299484	0.917709967352227	0.31383420262097	0.671580860642703
100001590	0.373545681585007	0.29246141233699	0.299743435385971	0.59149147501955
100001733	0.456651094165393	0.980945409834162	0.313243533528469	0.672509439793353
100008933	0.012573073612123	0.00178254602261601	0.430801708907856	0.62481223797119
100001550	0.348188322142714	0.510425827902014	0.29731174422456	0.621189187635868
1215	0.0471355601102489	0.167541755168296	0.261642372528918	0.620382801109883
100002356	0.219632834208796	0.0884814824633872	0.381376430886946	0.679263821404131
100002749	0.44924310310783	0.567727648715284	0.322530013103449	0.68684543352782
100006379	0.182478364417112	0.14952659628864	0.360747561024128	0.412905446512055
100015966	0.0766087198855039	0.169474613652859	0.340059636708363	0.503285386975092
100001392	0.81439897400477	0.808668190869155	0.319144548172084	0.666428533904072
100020425	0.123796847810131	0.045002210209727	0.263311090490017	0.430433327069058
100004299	0.273252239360458	0.741733985597137	0.336755267623317	0.730995238243944
100001734	0.642680284434731	0.405072974575997	0.331687756015318	0.587507983815345
1002	0.714659038554252	0.985137187560521	0.312580118755895	0.669645093665781
100001337	0.352672634069641	0.84088071944255	0.302756595145967	0.670708981926979
100001452	0.596962231308356	0.974676335146645	0.313200008103712	0.675871417823307
314	0.494051220064717	0.292103153388383	0.327371087649538	0.690646915931914
100009264	0.864225302526001	0.666540169484333	0.27580121127446	0.757030259143451
100004634	0.455202089728977	0.520481736541642	0.284264771494551	0.685007368965142
100000711	0.657555440249554	0.97438539555372	0.320760494673143	0.673098228509119
100020536	0.0242522549217411	0.0975027607582551	0.378051193065482	0.770619028335188
100004318	0.316838636638046	0.558925993159436	0.321474324521903	0.664626957354327
100005850	0.832163936385226	0.436220242100606	0.401851055936375	0.612079655445367
100006619	0.321644143235054	0.1301677540748	0.354416271480627	0.655779957932272
356	0.347484902497669	0.546188908914944	0.299390884538533	0.693811608622441
1221	0.824968115420761	0.948000900236174	0.335425231434665	0.675045471161462
100001397	0.629610984642787	0.677933601941878	0.313682520947762	0.659903097696188
100019981	0.783737713235656	0.885743323068216	0.311478389775284	0.657986471488219
100001208	0.481759636793714	0.252838652840256	0.274553730145955	0.946328692806906
503	0.00669082175615792	0.0113337027037197	0.201058459455144	0.51959021509876
100006375	0.0399843779355529	0.177061814886031	0.393550026268401	0.610938364491519
100001295	0.665108938710517	0.590183481816729	0.306218227791233	0.765168719834701
100020427	0.0516471865062883	0.0208481400041204	0.30186906007499	0.36467060445172
100002784	0.908350668190694	0.690636435222706	0.292413424832854	0.698748546547768
917	0.0309258648330305	0.225760312345821	0.34612802988062	0.628188866629796
1869	0.3481536807286	0.191975549837252	0.338858263643519	0.550994405458605
240	0.288380035486816	0.138696826852807	0.207910008719833	0.49057693610868
798	0.00499754589608989	0.107043977902801	0.446890946540029	0.609002046705525
100002952	0.0472920587053022	0.703957932413078	0.315524480541542	0.629368023290769
98	0.587639786760045	0.741155252783416	0.337939694108666	0.678276326759774
100008998	0.499280904117471	0.768278149312794	0.296894212882894	0.690756954909574
477	0.915859602476018	0.264804301477206	0.321077598448438	0.664946346670409
100020545	0.0236694495458816	0.088581072553129	0.389253301461175	0.890715266136178
100021666	0.955681535558144	0.264424116644088	0.352815123752729	0.663107188659084
1256	0.539093842217848	0.504500948289489	0.389826015773317	0.726492770723825
533	0.391806537446571	0.106730812383799	0.230669802579063	0.445887453962414
100001757	0.478652964785239	0.984770292371834	0.317197585708292	0.669201624740796
1024	0.373538077073926	0.0968057123848495	0.214845100834532	0.888431502404966
267	0.395338826603352	0.984903383965897	0.313346156925647	0.670789259229102
100002113	0.0815204832629277	0.0557269826294864	0.304868510265445	0.699874322165171
100001756	0.899180353963289	0.974182347634823	0.31295335098509	0.668683867714053
100001193	0.400261024157448	0.180721286481195	0.388061932125932	0.61900234681521
100001668	0.626578523741699	0.959796123055601	0.314390895869832	0.673561235552499
1124	0.308757500040277	0.389897220301879	0.285337054346026	0.750426473255459
100021331	0.145758180308761	0.314922585780824	0.29570391675659	0.712694581242178
1090	0.0567573815934732	0.0319548211105138	0.299334754190305	0.816802584889738
566	0.938613087866275	0.40551389097462	0.249758025130334	0.676675592196039
100003119	0.387462288569286	0.233216654641695	0.353269833688501	0.602693911221322
100006367	0.695370551169609	0.496113899093798	0.326935785114975	0.646613561220003
100004322	0.195133482454392	0.172244659307491	0.323596628462122	0.764402647452867
100001034	0.616134050467105	0.958037309171998	0.313078136496983	0.667960700085396
112	0.952549006429442	0.717091504344049	0.318882295353046	0.607497241414065
507	0.67466292370245	0.78422310478223	0.312822013274792	0.676512053884577
100009233	0.258287992073846	0.118090570459719	0.287660421556611	0.689394942363738
100000406	0.02053925806952	0.165695265949486	0.47316580945544	0.491531535070794
100004046	0.388369514936452	0.386265047849779	0.197354850831312	0.602962858667867
1025	0.795516827519697	0.682956527374461	0.301854224319132	0.688925814959985
100001106	0.158139573698884	0.216560578059606	0.267350059932642	0.701829160737742
1128	0.0293164836183837	0.63378967159434	0.341421305427507	0.710371534007175
561	0.0271763956525684	0.150516084579115	0.219859903845361	0.588907648720978
100001614	0.805358660841291	0.31740710089963	0.331534832184264	0.642787592163488
100000961	0.460561437081428	0.497767789579292	0.463346937264424	0.581613544851939
100002397	0.641358233571731	0.897397965946914	0.316281477679757	0.696491667602295
100009407	0.900570168194212	0.999828605634117	0.31606157301795	0.671148555706365
100002910	0.785221827614128	0.677058678932366	0.293354902854757	0.620846188746661
100005946	0.266335172576318	0.353156157453933	0.358517487035496	0.765768242444916
100019794	0.098318580853902	0.283143208587494	0.315293514668274	0.828184982955963
100015759	0.249160112834571	0.0502726714185746	0.263279439030152	0.673370751274591
100020417	0.812088748234925	0.977245966420799	0.319410468004331	0.672305288197564
100001054	0.807373149010344	0.938280657945363	0.318141506636297	0.670499458739309
100001437	0.365858846793762	0.421793077898741	0.27246072224175	0.611375072854618
504	0.270261548353522	0.809767243791193	0.349402439492485	0.676281180396632
100001988	0.433334764057299	0.622303934916067	0.307837248305552	0.836098399551008
1082	0.0429775821648101	0.892394900186557	0.325071301357877	0.678138551459283
100001403	0.369911364470874	0.552097114200691	0.33507786750283	0.659288806423915
100001664	0.973464837153633	0.662371858674946	0.303120146754725	0.798429762910871
461	0.434003326154012	0.450470288248719	0.418545751183884	0.654615068399802
100000463	0.571181763500846	0.830481940708009	0.33279008335692	0.672208392289642
100020208	0.658544412635734	0.595425963814054	0.345932757165071	0.577412685359776
381	0.386089755981053	0.0391060725723365	0.131516303827345	0.490338551952605
100010901	0.0409521149459519	0.0342701520677443	0.321716029486605	0.808535146176319
100001468	0.246116816043867	0.914661504646392	0.310240198876862	0.692994573776274
100000840	0.945308103072086	0.79884507029739	0.298448046360384	0.689743439003466
100020014	0.218264920204842	0.597462703458173	0.30826804079092	0.685569839516972
100001993	0.713242632644277	0.554844368620136	0.250141672123909	0.841814391473203
100001051	0.193508568367016	0.02425176989113	0.329366129200079	0.349394083620891
100006116	0.394211687937979	0.523054246993174	0.318546525017561	0.670683160224737
1108	0.915865018174174	0.971204589140248	0.315806481984095	0.668427316169324
100019966	0.426299173116526	0.198762643731666	0.36337995586783	0.645125785465087
100001743	0.669387288289474	0.299497255550884	0.30030804776399	0.645539044941277
100001294	0.00957773200594868	0.0149592956113822	0.172423066775738	0.800127219122065
100001609	0.174123296977777	0.0591839558341464	0.299828525617553	0.777424252590882
418	0.797597059220187	0.986704459143018	0.31609814736752	0.670520653589625
100001178	0.401551997571891	0.839098653544897	0.308511381888971	0.649216793103814
189	0.718531998484064	0.986804039422633	0.320058899942475	0.670242924839265
563	0.215564621680725	0.762178602758257	0.30009472583369	0.690774770953161
424	0.466807557514283	0.39293599877841	0.354485178956058	0.652872740892715
100000776	0.219042777875348	0.486633280887417	0.340720292209509	0.672059051925501
1001	0.836564301988439	0.396489820342908	0.324718226112094	0.676170532746025
1135	0.369639030737504	0.0847927782508555	0.299389741867208	0.727076683370129
100021093	0.404412550237009	0.561605797164055	0.353642616327928	0.687906209143522
100020219	0.0713147303871757	0.115423539667917	0.3364300476844	0.533240485211412
194	0.278829138949503	0.875037425932348	0.311149850589894	0.703803837632857
100008930	0.59845088087914	0.563886518451639	0.344884465214825	0.649273988256485
340	0.298800628033241	0.126538741457266	0.169806604836115	0.791237687155409
100010896	0.924730106895598	0.892410532297133	0.309688127230346	0.673080771475001
100000787	0.294188284492304	0.13899009210945	0.30227502321242	0.405095127541228
100000639	0.0231571346898473	0.204180469189737	0.285738297014512	0.677386972078164
100001851	0.849037346486857	0.31104335029638	0.335156554902423	0.472129613905598
179	0.648693054082867	0.483354447524366	0.306809598107887	0.689455366256604
100000626	0.371560247355848	0.66547513707331	0.329793602927024	0.670766826415473
100001605	0.00563372089399001	0.056987590998272	0.416657423717829	0.77615929868275
330	0.332063949917801	0.440317484660445	0.341551405350789	0.542553444744518
100001162	0.772781503801787	0.512981487512488	0.275332364863619	0.630633296943835
100001167	0.033030830958107	0.164891268857709	0.310049522344771	0.649710951363104
100002067	0.627938635072531	0.851016973144042	0.378388120106967	0.641087055744436
100019968	0.725377455572617	0.283452797775343	0.349481615053158	0.592950126542284
100002014	0.909708552803035	0.926296932292413	0.313299604646727	0.71439653499888
100004083	0.4798663046527	0.186659091861151	0.345046210494007	0.551771615388252
100001315	0.241055258770875	0.334393187881272	0.334309197272841	0.745900931939603
535	0.180084939275174	0.349463694099753	0.352138468380912	0.65866028149968
93	0.571962907154433	0.271921034993086	0.347202749771281	0.509903749402087
100001989	0.400070903972788	0.497126266239704	0.278614304878722	0.726233208568521
100001740	0.742562804850935	0.352370845337819	0.284536963069256	0.690588221343686
482	0.199010146378993	0.889433408571299	0.312337265184471	0.687927283523378
1629	0.207474167824847	0.334033907012863	0.386322907708223	0.644110684522734
100001399	0.380160606915045	0.348030589694199	0.333839862953413	0.673249727864461
376	0.698839245895813	0.116507085187333	0.18694934286924	0.790079370887674
342	0.517819941785772	0.720977345111314	0.312685594409941	0.668182039453562
100001253	0.0205292597994982	0.191962550757923	0.271208776209737	0.876629608880397
100000708	0.750169254803316	0.900557929217914	0.323439171014819	0.672891768578963
244	0.204926989075701	0.0319491486206182	0.257379407297988	0.790136341284047
100006726	0.285810328104653	0.208248381202739	0.379118623808293	0.654539983717525
100000036	0.145159795184402	0.640749893636496	0.29094978737599	0.707430530526744
100001257	0.0196785511639593	0.10529168326534	0.424647333259982	0.924898844379715
100000445	0.489133526777673	0.911878381197652	0.310305673155063	0.681815542621032
100004088	0.00422425649457918	0.118322495067456	0.361086771305342	0.744698358156793
100001423	0.990232145899466	0.69925102981144	0.318375195303845	0.637398058084669
100001276	0.303178589516891	0.153942099038631	0.278749684292878	0.560001673254244
100001876	0.678530657177549	0.967090168618694	0.315517847177638	0.668771461292686
100009082	0.227373263662937	0.000952181546247071	0.087029009162782	0.646353305774686
100001121	0.314176501549943	0.735897619484889	0.309499090485421	0.666496579832665
117	0.325077865937062	0.658773879886094	0.297405716682779	0.688197310264216
100001868	0.0343711454349907	0.107941994340727	0.370928346951825	0.678909494698487
1134	0.821313491665032	0.356014425003652	0.224636274964748	0.641544522780806
100021012	0.287686534603474	0.623398723454044	0.319586995383601	0.687107486635893
100001181	0.712940808787559	0.241753082716371	0.389665533256888	0.600163649989188
100021467	0.827808046896209	0.292827508140799	0.315362600425501	0.580332382877045
100000447	0.220180384363962	0.246289639982667	0.361196544080003	0.635662678431251
1162	0.000297680666432462	0.00970963953368379	0.415389345686927	0.57247205159108
100019982	0.0524918357942463	0.623535121216063	0.310695094705641	0.685459467510781
100001613	0.902528732447231	0.353454294177771	0.334234194321546	0.632517802094139
100006644	0.365239032477374	0.536006376302284	0.288939329918666	0.703230718391049
100000096	0.751307542134721	0.0328576044676666	0.207500019305501	0.634461920206061
926	0.581894264985881	0.619064612905401	0.322405760119545	0.67473443456945
100020004	0.572664941367341	0.799090875226532	0.306607440362944	0.669817304655632
363	0.297609412239818	0.0740740421599855	0.283024780699409	0.291788257060944
1111	0.224001603435338	0.851874226977438	0.304881726823112	0.776379352324073
100021712	0.847261402493912	0.779559682289681	0.313765090001685	0.655984403560491
460	0.983460597323271	0.884904671899387	0.31799903756886	0.684944389523227
100009331	0.248653909118185	0.115603732002233	0.280015508619775	0.704011289857394
100000442	0.274121163369869	0.734074140710076	0.335755094829653	0.683849859175025
100002945	0.0672078243246773	0.0123228004579276	0.415592276526343	0.627125922993444
192	0.890477685494463	0.622747639120328	0.278158241591246	0.766551272382356
100020241	0.315513318019143	0.961191900902688	0.314303855699461	0.670015330093055
100000580	0.234749763668119	0.234529088379658	0.269831637014105	0.854429972523281
100002466	0.00687992805315448	0.0254429828631625	0.267077618727083	0.43224312964471
849	0.823335045015526	0.646218372759536	0.31661167757322	0.627349951073927
501	0.470259457200064	0.359469938052132	0.349684530892826	0.625142440387861
100000282	0.784223486586359	0.0919835297544734	0.399566982019273	0.551332949447215
100001577	0.0361016052522165	0.225032190581447	0.414204468704595	0.724694215027159
355	0.0485917909552157	0.162700757870455	0.253136913481043	0.539540242287953
100000841	0.657819513246376	0.949559123317097	0.319765996171864	0.685664615056689
100000846	0.797933958752999	0.31408929129458	0.302854010671686	0.660894392671886
100004295	0.905486641946881	0.430030100626218	0.292029038860586	0.623677113349369
100001586	0.138844633841878	0.0573518545811876	0.428739204687543	0.347459627125814
407	0.00929694362025953	0.0189719055484509	0.356277638651992	0.745074733224583
1137	0.95652632375129	0.876180619316762	0.309195576420241	0.687955705257059
100021374	0.020804200429462	0.00708081065851765	0.243231494306469	0.890612826597991
100001593	0.668932860804739	0.8742582255602	0.31061977977249	0.674959917235436
100015971	0.823702880972042	0.839121342928748	0.309801264236407	0.668169258656677
100001022	0.31685991388667	0.132035338108658	0.187713061797751	0.962496928429831
1094	0.115433799797337	0.386250673833565	0.426891554636286	0.834677051467913
100002122	0.280220261189464	0.237611577708334	0.260596170523551	0.767983449423437
100000706	0.662155136522298	0.497688359734721	0.264226292827775	0.669524177642691
100001055	0.800139565746709	0.363871502381163	0.283027298687374	0.605608407934786
1235	0.22302495173	0.407172556667008	0.284200036291357	0.743042881836298
100020204	0.0226423132870456	0.35208837027208	0.360493923899547	0.74331168563428
100015643	0.0230756454364915	0.273165462541409	0.344318110238137	0.62436598131538
313	0.0113807826306705	0.231809501651646	0.334736880051604	0.607867957353528
100001413	0.758484889219425	0.99387472872158	0.320251589462048	0.67054761512411
100020423	0.0183590128261676	0.0160457710325758	0.340613150138191	0.356817486128546
892	0.372248347937248	0.111769369700242	0.348655217666668	0.702419535756566
212	0.102092853090427	0.205548401877283	0.389036413116649	0.650036724996297
100006105	0.196259475313651	0.176292930207666	0.356905579777807	0.68274491107299
437	0.876337893194445	0.536060524839109	0.290742654421499	0.688883958561874
100019892	0.55230159566048	0.67406952785466	0.312966030659596	0.703649285918609
100005716	0.0824169400163962	0.084762912240366	0.337427712100961	0.751700615762753
537	0.194730151532575	0.0610726557088566	0.326062989601899	0.695159930264729
100001990	0.337584552324554	0.705628294769567	0.345818002996114	0.635241448486251
100003397	0.0588437091456699	0.00689925051588137	0.246412840709947	0.442004692193006
100001320	0.163495765474932	0.312586460829825	0.37819484945844	0.474981576804696
100005717	0.113711185176767	0.0714944685352475	0.369380524537332	0.703026628725565
100001207	0.00734703237358205	0.120156594221958	0.379186970382977	0.693196054886749
100001999	0.474971361509489	0.726113576295318	0.29582928925355	0.800724574048276
100002488	0.256926741043873	0.013046689968095	0.368702720358545	0.60519738028267
62	0.238023228250572	0.740232595217553	0.306182189268164	0.674799842048267
100000467	0.537317230310432	0.359925363594622	0.299987306111384	0.63804553882709
297	0.00273157721690333	0.118320198591503	0.324501260371499	0.641127242760378
100000285	0.0161564224232324	0.293848513591637	0.320252012031602	0.786964665150869
100006056	0.074267699019747	0.503435813532607	0.326075226026838	0.703214772925881
100002126	0.110245757666927	0.224466883694553	0.241796550580416	0.982273798540211
100002129	0.822075517042979	0.731606495024664	0.292304267425885	0.79252697698467
100020478	0.0472951935367251	0.241275952408242	0.283998127585712	0.694840654668986
100004089	0.0608868834179688	0.601876662674048	0.331227039790817	0.634049475199772
100001755	0.534818599720924	0.274386199553403	0.316207677815404	0.580474724068113
100000551	0.033730414634263	0.884696011111351	0.310513078373431	0.681661546430936
100003260	0.518408983696157	0.394829797769359	0.346280085653754	0.734564172732126
100010955	0.908940535063789	0.451281768317186	0.258763450222479	0.575676382852389
100020851	0.185203279785093	0.399713234179852	0.341517097941712	0.695767236550365
100016069	0.537913872050034	0.737053657265097	0.320053180275027	0.655245556825834
100002027	0.519278774528602	0.496069931581341	0.22951165937766	0.791547721370607
1123	0.435376448610711	0.225323696509081	0.301075626789309	0.786083781053785
100001150	0.578769743580402	0.932835727187162	0.312639809175943	0.673840785500209
100001657	0.289945272543251	0.967937586031078	0.313762807304439	0.66844264634594
310	0.250626682239841	0.359194886636195	0.278998774258971	0.770259441451305
100001314	0.0785620555978987	0.00779385704102404	0.305363376285662	0.466793316472711
452	0.597819475323334	0.559841525385319	0.360688143314925	0.63711004800826
144	0.128267848510649	0.103844149054084	0.368452154724102	0.557344732542411
100001182	0.159634139205246	0.12416487377938	0.391378715757361	0.654220668421325
100015965	0.723981111867008	0.4546765853828	0.300753115127736	0.741078676286137
100006108	0.936126873410033	0.568373937072502	0.321228893938127	0.698318255516856
100001400	0.690879108396079	0.774095936865792	0.305316225622554	0.664647948540149
100004541	0.475318773316739	0.435498464834185	0.305593061971435	0.515638257114864
932	0.909217364905623	0.282881706786804	0.322409848873463	0.706806637014079
100001992	0.454687762745919	0.615992423800855	0.419599014319084	0.587793387826485
100009252	0.101479135444371	0.154946774414294	0.383394212662466	0.653334345549038
100021104	0.565758239750699	0.475843195692528	0.245018809404881	0.830293051252265
100015838	0.0138670867019919	0.0694416295148732	0.430534776357378	0.887150668172814
250	0.00108972106493856	0.022725014315857	0.553925044897955	0.768084775204779
100002537	0.999595446303634	0.449184688211372	0.289667123581688	0.789420192338788
100001658	0.910195295245654	0.798829598195084	0.330235930641272	0.66192633059866
100020416	0.222559290755659	0.212432780213423	0.269517394932877	0.636325134197245
100006642	0.303267751718442	0.473833332259669	0.280428458889621	0.719052850099298
100001391	0.173156369742121	0.738065607379348	0.345283180279569	0.71236806174847
825	0.551776086211982	0.766526084221293	0.295387197479746	0.676732514770116
215	0.0121171353818179	0.0663369432041577	0.379063623694574	0.652506541744461
100001026	0.927745210583087	0.914748161397156	0.31299376347299	0.696984304926245
100020541	0.521614769832005	0.578637406489872	0.284912297213623	0.697758745317451
100001526	0.265498388999028	0.342193048206258	0.444659893541089	0.767444020830979
100005384	0.468829466917306	0.365342852212481	0.293911451062685	0.583879631450705
100020378	0.3281943423593	0.510823943336479	0.294178880038484	0.68095771762357
100006115	0.737520713460079	0.729615147190518	0.350855578406561	0.628263824252254
1442	0.130743754883897	0.0292614814278771	0.13000604935139	0.55398460707857
100001843	0.11272234371536	0.275607777380071	0.339747407961732	0.751745536634632
100015837	0.142948385480294	0.258950557967462	0.534906586118884	0.620173196710377
100010834	0.733075221083067	0.996759454325832	0.313528605383802	0.671457100167639
100001393	0.750369993491186	0.30724876533559	0.235941093741358	0.724223084049507
100000015	0.285216913749777	0.617464825791516	0.296323423680687	0.688229505850404
100003892	0.0381095000021411	0.0348711098091307	0.276722056631004	0.940303552672703
100000042	0.483230487699259	0.115418947458839	0.319945155332438	0.602182857381367
100020550	0.987194773776772	0.332675017757476	0.326027764659627	0.580505970505344
182	0.346769826885686	0.724509484354681	0.311325430958944	0.682336200196894
100015723	0.0988021303970294	0.471415218516095	0.319628575881248	0.656986934024821
100020343	0.446863207126081	0.484981580343714	0.285205254131621	0.670708378632963
512	0.319021967323069	0.598721300571463	0.344842218949938	0.641540690734786
100021100	0.788596996864888	0.743932510692379	0.303669487046598	0.673185659715493
100002528	0.480365172008086	0.0895810167600785	0.360420474300419	0.46067115788383
100001287	0.465757811232741	0.779940000469022	0.405979945488284	0.625424454495752
100001229	0.777665710032842	0.850032700827135	0.326324667673475	0.656406131789613
181	0.424518357574776	0.907356225845931	0.311030538195227	0.683962003994426
100015831	0.000826916412365402	0.00842852436398586	0.43724305815195	0.438733269694592
100020515	0.288126670882299	0.46239958428622	0.260856564840584	0.819897891816254
327	0.256469163038616	0.298233613686246	0.370852974815931	0.627384243398045
100009394	0.763851225809892	0.786094075806711	0.300170847014167	0.693029856290442
100001596	0.87364798597372	0.204751259661387	0.28372930012645	0.495252423242661
207	0.877492442813658	0.359162263276364	0.331893170368112	0.61583981421165
2054	0.574333393414499	0.891260883579417	0.310595897955337	0.67728644883983
100020259	0.605337670937835	0.506590117289093	0.346502590721847	0.652547941104815
100020414	0.00165040333412851	0.0267404809114061	0.228315243512631	0.646349295863598
100021131	0.887447444436949	0.290941918639846	0.304599057797524	0.631380444956607
100004499	0.844046522446804	0.572304065633451	0.301093092392786	0.623327502418359
880	0.151706230656278	0.711127438318204	0.344292865741032	0.665404560301518
100002049	0.602249020751927	0.436862694152042	0.337360428357633	0.633917130325468
100001739	0.49037578799456	0.253607862289449	0.395123577875688	0.63332704759095
100001126	0.260424742305665	0.0923285232342429	0.199134948462853	0.53691439183343
1113	0.77006939874303	0.704145450688098	0.335028437940804	0.620674861387513
1083	0.951806622082749	0.301154016118287	0.342334716566675	0.5772236938129
100001730	0.0695995389680212	0.169340679669098	0.364460240365046	0.547106744566956
100001412	0.411608875987486	0.75049966871924	0.307031992181898	0.702457109197991
100005996	0.695375754670327	0.562648251244538	0.302682066130886	0.639531303979368
100015962	0.00769393537890263	0.0769145186487961	0.234151728504368	0.983439278306532
100020214	0.716574885283014	0.522024768369921	0.32851893071842	0.609540806102645
100002514	0.104969060979641	0.321806556240484	0.32739066990327	0.610330312357734
564	0.0685571547138058	0.0176908490616318	0.282490065090651	0.530224500759079
572	0.0205928216775006	0.0168813554798764	0.45868719594018	0.535621810713759
231	0.753745864916005	0.837370170947139	0.304550582843329	0.675962911158996
100000453	0.753575486245933	0.663038666619954	0.299106873376122	0.713761258781357
100001007	0.156985184700925	0.388334724136434	0.354368994640727	0.584068443800783
923	0.591664206034786	0.233867581683639	0.296518668360427	0.731362665658874
100001247	0.550932379643979	0.614965140320391	0.299210995283241	0.656238443921628
100000774	0.561311739515234	0.927726457051815	0.32433953318603	0.679917005907229
800	0.403456725983781	0.279057621230653	0.331570150218423	0.732143188341996
100021678	0.16541515745703	0.176501097591428	0.237581620722999	0.668107024079704
100021711	0.373991952219198	0.71619773113996	0.339768633936794	0.685030663520371
100001274	0.902415108445525	0.300357725154938	0.296527899684554	0.481212369202413
100021220	0.156929598461636	0.172592067188282	0.382291922089443	0.975061827675634
100020253	0.0974312433585998	0.223149633537189	0.30659983464507	0.744224674220001
100001170	0.581551539357909	0.10749155325838	0.292310306973684	0.557920131049633
100001466	0.286278893932292	0.882961157631065	0.320602827387351	0.665443261775386
100009406	0.831085327643207	0.767473427607175	0.305328642122372	0.681412678644803
1026	0.159604592205899	0.405671207901386	0.336423580108179	0.63509810080785
100020837	0.561395583901059	0.616956267589846	0.33658524744793	0.616113206691038
100001006	0.0602486964962742	0.0716534725693054	0.303294451805003	0.797191191146213
100003674	0.745279205032806	0.093121618720579	0.31185507261138	0.658810494396573
100004396	0.262085732116743	0.317861519938192	0.370266317972131	0.544330569425596
100015923	0.634759973832376	0.921681146460633	0.332559912396174	0.663543281461914
100000265	0.466696587723431	0.646286820548774	0.321222265057969	0.636069420614044
100001409	0.128188313351838	0.203885250990798	0.307293929925575	0.541184129893418
100003434	0.390032209158515	0.539056608627907	0.319268262532038	0.599338945129364
100001334	0.511216968604242	0.671571657815541	0.328773994977666	0.635467136398266
100001102	0.76880070979507	0.66259456103828	0.328573922954833	0.642544897355086
1268	0.486936417828822	0.0314150845218547	0.184877855794837	0.619602146242217
100001300	0.204306918099918	0.0633539674706419	0.277527426212176	0.673999044490259
100021324	0.336552917892802	0.946559575824819	0.328606364488203	0.671307806491421
100001617	0.106576594681856	0.087743541845601	0.305957346819687	0.711423233408091
1105	0.965703665790296	0.165596443926817	0.412678427207938	0.37343068009567
100021502	0.0799654086097856	0.282826621037584	0.302345352345814	0.694846167423148
2051	0.850397605385777	0.671626241145351	0.31457531835904	0.597570393618715
100001256	0.203722995115252	0.723247365951163	0.333812130001616	0.744536529895061
100005466	0.0552366703155161	0.0435655379079313	0.361626713002514	0.435179319081685
100002199	0.171535553293879	0.84593447171144	0.319635770959458	0.680094013727133
338	0.0281020070819015	0.0797667875726921	0.461827128119891	0.46108434891776
100004243	0.472327384254494	0.545197037364678	0.291189097025662	0.681935636611677
799	0.371719191602353	0.827387728017794	0.359662688896448	0.672698371679644
100008928	0.451311991518818	0.0698258480352424	0.319725631021856	0.66293917034188
815	0.111628691052509	0.315896065751848	0.315339939949895	0.734010335474718
100001456	0.00100527959022686	0.0180276198346471	0.313103426261268	0.573134202305942
1242	0.115758222339892	0.16452380183703	0.360996874905779	0.513736641776568
100001416	0.287076040872338	0.101037361327784	0.216836550467654	0.415230212402043
100001462	0.244071584987135	0.183796612648726	0.394400892628291	0.614919597704511
1087	0.149201287999899	0.0370981423792906	0.331643284578848	0.636519911156304
100020421	0.0758176284283961	0.0902077145652637	0.355439858979653	0.428366362490986
100000010	0.00216813828913825	0.052125325705221	0.336813648377764	0.735881311299862
821	0.665483431433458	0.352935624399412	0.345129898505115	0.512838885187564
100006627	0.198187371969195	0.0884526380943855	0.455700835857461	0.555740118184904
100001277	0.286985867943469	0.127879510992969	0.37460137781295	0.627112051617903
100021141	0.0567263697781722	0.213542204311899	0.346767290279027	0.759464664221399
100021105	0.0854024862223316	0.110362006940501	0.349023415723729	0.41214357318778
100001950	0.000359552471956399	0.00686434039047992	0.397442428522441	0.83684877100124
100020217	0.932987679661	0.419148042374428	0.244448761701488	0.540751217573272
100006651	0.0256660819553069	0.134072923193657	0.357062804689452	0.423583329792589
881	0.829432549618436	0.630357722413446	0.302691119345071	0.677400913618569
100001509	0.614351685273855	0.123441149600392	0.278309752710333	0.588790559477464
100021709	0.72828804996385	0.915503273294177	0.310456781707744	0.672488638711369
100001635	0.808849687276847	0.186950507545527	0.321216642006823	0.631609720922168
100002613	0.466366751622368	0.112842391591028	0.293223222249231	0.753388853780219
100009329	0.448176548308712	0.579845553940788	0.26848914383594	0.845215693768
100021123	0.739126203766014	0.966893435034129	0.314991208131125	0.672524735342837
100015760	0.182137723793218	0.0864248332271216	0.253601736659588	0.710742947686835
100020205	0.587480448528301	0.739132376424151	0.334738981657526	0.60660482013063
100000765	0.241568837484373	0.662010685232409	0.322542325503727	0.703249972219934
100004111	0.321193172310467	0.147387254299873	0.347555400235912	0.640612165565675
100001615	0.195371007787213	0.752144777843532	0.313514995612683	0.667163915394006
100009227	0.221533528222441	0.125152990775209	0.428323284556377	0.801681161791167
100006191	0.335541582705345	0.518090397977355	0.347051352836214	0.613048360192804
100004542	0.650283762484479	0.672417153187094	0.320346025846871	0.691938927824063
100003686	0.258654700686642	0.100050761058368	0.444916608038702	0.603301190147315
100009232	0.0234085247048863	0.190331283042145	0.313946712714128	0.573628558524046
100001501	0.0640210933264192	0.151086954679445	0.388011962568345	0.70535307521446
100002367	0.417368820844208	0.191387787910807	0.296868302449009	0.50539767855479
100001108	0.266418881245049	0.789206617418361	0.314592971969438	0.675606807305783
100004227	0.376187068494593	0.845030982911159	0.316550442734337	0.657104354481426
100001310	0.217181291196821	0.291399375536629	0.295351580089341	0.779443455801127
100001994	0.776116342413559	0.843854755665028	0.312730572407761	0.757253244968887
100015839	0.0131326739076558	0.0169694829950476	0.408754848993607	0.756518342148557
100003271	0.00290660340754624	0.0681020417648614	0.412464650064946	0.477427502118313
100020496	0.697665792994662	0.97105699809125	0.322444819886738	0.668440786146076
302	0.405927413285258	0.320018537225367	0.273218330746876	0.635816750020332
811	0.576789652779752	0.584665433417422	0.303866493186544	0.728208758062103
100001267	0.975566973143144	0.758988494280512	0.295490880349507	0.665983663008608
100001197	0.0295412533527198	0.361548272377696	0.351084358925667	0.679382474066038
432	0.159609861001133	0.38252800783366	0.340368475772803	0.647495932776833
444	0.00609462016404889	0.0617388128082914	0.358597757127279	0.807444569871992
100015968	0.412059324559707	0.545390300199165	0.309710906771168	0.621395173463152
828	0.979151675301748	0.750623393118977	0.301778931931208	0.681207981324567
100004054	0.338313467625527	0.976323411991659	0.313936358997316	0.670535392383458
100004635	0.187066288536811	0.204319598044051	0.628214309655842	0.432610640469579
100000491	0.382247286107111	0.376089623537403	0.301918409633118	0.522617178800143
100000939	0.0336937321265414	0.0196005477653429	0.335251778542462	0.557914057380355
241	0.16002265122211	0.584244703741315	0.336264143720575	0.693401713494239
136	0.493702344774765	0.124312400168224	0.279067039112077	0.822874178932797
100000792	0.57333760124174	0.967896598240198	0.318268226492503	0.718451335669109
100020973	0.663392425815017	0.691987225900977	0.328278885091316	0.649732864218981
100000936	0.815683744348301	0.756537516013555	0.312518969335528	0.674076609336117
100001313	0.00326483777442475	0.0752774797268033	0.338710870186529	0.736033939677411
100001951	0.0294121738163392	0.0686374023316283	0.360152284245295	0.663828775029204
100006098	0.022145012905191	0.0971993665699644	0.347296734246925	0.777724376603519
100000007	0.132408238293772	0.369527754041451	0.330957734492244	0.680976016413916
100006641	0.872575904614591	0.997114204498882	0.322436062892677	0.669532904599537
913	0.00801567785790953	0.0481702521854188	0.390211450007916	0.535529554215793
100001579	0.802279779792973	0.447243552169824	0.343502754678951	0.670629168691591
100002911	0.124830121649954	0.00436680714034037	0.416552669270054	0.622742131700587
100001293	0.154983197883189	0.385669053770635	0.281562918203155	0.811693801151711
100002241	0.130490121745239	0.11723056125958	0.355159319009701	0.57775835543916
100003179	0.403520455306824	0.0355634186952045	0.294773519759278	0.49356554950622
100021372	0.470926652111593	0.347651231435977	0.250392981428016	0.670492679165546
100001956	0.299337453079341	0.42868293242756	0.317303345259009	0.567466703454951
100021162	0.33465490872152	0.270863500027026	0.297456780513731	0.531111467777752
100002259	0.402371963927504	0.61063630765916	0.289950926256805	0.662257251126764
252	0.487375988204554	0.664501289525815	0.349770374145323	0.6263570338871
100000707	0.380019192338474	0.29797175757371	0.311309722088905	0.678934597042877
1489	0.587132945606979	0.0106280763919392	0.232604076989209	0.648379811214132
100020361	0.0244358550379005	0.0847457167232976	0.350983211936127	0.957051290981825
55	0.793113296831843	0.96917296152723	0.318102308368629	0.673576944766606
100000863	0.24543304548418	0.254050119158077	0.276054029878107	0.706103945476671
100015840	0.194885138831612	0.101500984037748	0.40973487271438	0.630000099210467
100001541	0.147617193188198	0.0648223992268002	0.214111007245624	0.657847114945121
100006082	0.21365133153363	0.0572366446440347	0.397875166028562	0.655744637201127
1254	0.609303105855288	0.973671792996441	0.32819674598742	0.678057282890588
100001624	0.540727168485135	0.348243901555368	0.295426270679346	0.644742268924078
100015850	0.825284726724492	0.658513167735379	0.369420199764972	0.641339161648461
100001104	0.00419199063356521	0.0160084499844297	0.347224217068106	0.937489746412706
100000900	0.2125398550796	0.747947375760793	0.316764246472909	0.672106049744883
100000269	0.0870282873269897	0.0235818265452809	0.172182850845683	0.616278208322173
1022	0.258264883290675	0.858415969942985	0.316581960680679	0.661158816617833
100005373	0.178966980932693	0.0584294115956064	0.280985341830101	0.705296488850023
100001129	0.123781373236103	0.706109075500284	0.304240938243489	0.699390177924107
935	0.0103279310230087	0.120943791908212	0.404435832808741	0.537570897967269
100001262	0.0389281412656013	0.0711747076642222	0.344680419830117	0.714671597447716
100019978	0.28370381103278	0.6008984571823	0.306762666021386	0.654839911230076
100002293	0.88234063795645	0.80997801335527	0.316149082308432	0.670081037714194
100001426	0.278564475063817	0.293771976464612	0.312895688736493	0.514894534390288
234	0.0234988206775006	0.129119734607663	0.313753747213518	0.646942121961064
100005403	0.2375760841617	0.960208305380855	0.325509651835292	0.667561773717448
100001083	0.0271207286796303	0.262566481157871	0.347728584886441	0.697964662498983
439	0.620433719357899	0.308223113323257	0.338628726137053	0.666746746719436
100001086	0.390144406730329	0.426324459186097	0.327420528167774	0.744802530793843
100005864	0.743161956689872	0.468082535727427	0.290238109488888	0.73360090608363
491	0.483303378065933	0.905082851743443	0.312605853224167	0.671856028237121
100002029	0.480513062786297	0.529487395197533	0.304249972892965	0.567617757738138
100002154	0.780448013523906	0.440499261981543	0.276615171862584	0.646455798827928
891	0.398560283851283	0.167037652568942	0.355479840909408	0.638790222786155
100020261	0.378583297507555	0.443473131148804	0.372942101632138	0.643817475071895
100001296	0.492359085206018	0.417790493316688	0.317123018588317	0.550434276100537
2050	0.460247291733276	0.570706507443194	0.333785363625686	0.621956857593489
100002761	0.342545429017235	0.711896481026602	0.282154171929404	0.78978949292803
100006614	0.80257027103974	0.756796613780804	0.29855557677112	0.716221553703414
100001597	0.991796771759786	0.128142478242591	0.206538324030299	0.481133198103857
100020853	0.766247607202457	0.871398903238401	0.317529129261371	0.679180887296047
100001446	0.0885739472077326	0.137945634712975	0.264719694977201	0.662676180759493
100003240	0.225727253129457	0.0907120985054737	0.368584112372583	0.582479103122234
100001502	0.0256215681247886	0.240880832750901	0.372774701949143	0.755291457952248
100020866	0.0751360463416284	0.00621052028239892	0.191350644601258	0.472652847674903
100020419	0.0299940559932894	0.0755371698261241	0.340109224604825	0.409184992863997
35	0.537001700417853	0.298507607098846	0.286291396563913	0.618932609969487
100003696	0.014022212883608	0.0417676465936891	0.454404384399254	0.605349261919917
100016038	0.545468744202719	0.707524806860024	0.325802655726225	0.72518955384328
100009333	0.186523574808209	0.116976650290764	0.314042887220094	0.698851827373529
100001611	0.0816218543481267	0.203980037049541	0.438959879811178	0.644611364484356
100005383	0.660891063450803	0.507845932783887	0.321136349307311	0.700999423626029
100009239	0.3527220528611	0.0997970785047084	0.392059256068393	0.476370627690605
100009332	0.262104421048559	0.150986758305938	0.316046389404522	0.625985925378405
100001731	0.199209152263699	0.85804239391314	0.316676471623433	0.661184511319306
100003415	0.622741354400723	0.572733218772512	0.303176768291656	0.676713150440068
100020578	0.102754909005028	0.139323272553645	0.295077710057924	0.554124412661692
893	0.974792986534221	0.424104079045485	0.311960383775751	0.686162000718546
100000963	0.322885748759953	0.152169731351203	0.41280399741907	0.451725506952652
273	0.111816740642114	0.260738352229425	0.370296912944936	0.668778950271296
197	0.564797566262103	0.504551568941511	0.305340374065402	0.573349767553363
100000808	0.3576453030996	0.31547569309232	0.298543099836073	0.798746995789758
100002284	0.689192934518784	0.41110319922622	0.218449350774147	0.616531363434069
888	0.844330271696058	0.0617278397088046	0.345910861303955	0.652990374724783
100006435	0.376120984782852	0.221693160972477	0.230402707626024	0.95188736956163
100006374	0.0498256256330493	0.131563860872263	0.347176768140934	0.644085469198656
100003169	0.556510058809716	0.972565788001943	0.312368190994187	0.668698283780244
1004	0.50175623322809	0.681947619240288	0.29156596856848	0.641316953158224
100005998	0.0833653251637101	0.954587299219729	0.317891175991709	0.667173427241136
100000773	0.557680698050761	0.45311963292357	0.321829441888455	0.650766613001525
100010850	0.0143319051345008	0.113476750007741	0.368749964623665	0.550159804093911
397	0.99345053690685	0.292784857724102	0.226255252628163	0.744650177112625
100000039	0.0642994738753757	0.204460739801634	0.256931903160174	0.725681872956108
100020833	0.307347031606696	0.87680042499307	0.316100736877214	0.692266738972146
1021	0.43269238581377	0.486101965628731	0.300500194477137	0.699268881006861
100020479	0.355884131674437	0.567907752166874	0.318253486574688	0.681647357629718
100001335	0.42207680483531	0.252748890712647	0.361814165262052	0.636522735284126
100000743	0.324877839867851	0.949297473225727	0.312845719667264	0.692378236491018
100009246	0.175636934954728	0.731587848277381	0.305883194870588	0.693601690548123
878	0.202628488011201	0.739857853294419	0.301524176063586	0.684413023748462
100021103	0.806784722792139	0.729231129777459	0.289207022777763	0.795518053653043
100021363	0.241094531724253	0.601003945845457	0.295283908330926	0.707105936600206
266	0.187483878405548	0.326058170199651	0.314482844067935	0.612521181250088
100001195	0.242447016193061	0.182938421745646	0.406111350424349	0.595685257992821
100019801	0.693662531124266	0.613125111008565	0.331435343758278	0.653596104613936
100002196	0.0532548604118498	0.340461768790628	0.324645711570246	0.677293103540556
100006370	0.204042275504039	0.953757169186214	0.31155288392312	0.672885295177225
100001510	0.0224087012788535	0.00146669687682765	0.265880735106134	0.76719753582717
100000437	0.43118345050568	0.397560540794794	0.300096820536059	0.749292286636793
100001767	0.114543508063644	0.00828305065780491	0.400618630162313	0.740085329738651
100001810	0.13801397670875	0.205132793203992	0.35561266703453	0.98407529869027
209	0.0211459815661196	0.294232482899715	0.366106007601614	0.657039263623744
100001485	0.258832185113291	0.0771800989804505	0.187807359395617	0.598211574051013
100002500	0.110940802881105	0.453520300800657	0.318730375352858	0.644026690263882
171	0.0159837753335312	0.00738525909227086	0.230481225441902	0.665071075060378
100020487	0.66924543634279	0.718199302703084	0.294837912565511	0.779622710244652
1206	0.00599378914522502	0.119468061161979	0.318379847848786	0.72268831877578
344	0.0122798761343331	0.0403921304919982	0.599544804878384	0.762393749777808
100001405	0.533779510171236	0.91198329058728	0.319031807530531	0.662285105744247
1239	0.987970981567899	0.545151829455335	0.345557339435538	0.673385989525194
391	0.0386845841795641	0.135058028177649	0.296107511574511	0.907974375639432
100006430	0.713526207653945	0.417091748089546	0.3532058281415	0.507778451977944
100001417	0.975618093426398	0.491249395282859	0.301444598867607	0.779504497197561
100002951	0.0067901688435066	0.0849853933016811	0.315405587154972	0.478131831437948
100000014	0.40284051888299	0.530258955998825	0.306181438624965	0.714145044282913
100003926	0.47249004951419	0.383848950436824	0.345504766879346	0.649273602676322
100021538	0.470743306201529	0.327069626968056	0.369421939406476	0.578691108636745
132	0.311768258849105	0.923150827266255	0.3121816225841	0.669302599258556
100001425	0.702872837951367	0.528971623681726	0.383938095478215	0.604625111511676
100020262	0.575300092779971	0.606645314318309	0.339250057268924	0.655597447404022
100002679	0.254959373346233	0.434509324640571	0.283956814315816	0.799562226905472
100001270	0.930710638712728	0.39080762695586	0.327359427014155	0.638168587340115
1102	0.821565850142572	0.853595886466554	0.319573595921131	0.65370715425439
331	0.186558129539063	0.142292459733452	0.257168692169747	0.551469326036924
100006361	0.398275158026215	0.544336836673136	0.287309711457807	0.758519128921931
180	0.892979965166643	0.866754232694711	0.329052189478245	0.667474435524862
1053	0.27978894184486	0.427594898734293	0.468713281509801	0.740626601601126
100001359	0.751922852147968	0.824072548607979	0.332415224575884	0.640115640964362
