chemID	simpleLRM_Fstatistics	multiLRM(chem_sig)	multiLRM(sex_sig)	multiLRM(age_sig)
100021136	0.0297816660130399	0.262744838289487	0.349539481301426	0.757068553047363
100000882	0.801443521614025	0.696995263460446	0.325961084577842	0.646764935973041
409	0.0456312715098393	0.123148724766106	0.376920804204349	0.395543915999725
100002254	0.632438917537192	0.0423464618786632	0.21684556240421	0.649899022725344
361	0.00535054414557761	0.0896195732079129	0.22878882174678	0.639586047555643
100019975	0.568215820489785	0.719079916222054	0.316413084494666	0.686534659550798
100000257	0.000447165599568784	0.0163110821512757	0.324544533280644	0.597666907492587
100001232	0.873415926439811	0.949672594341532	0.323349027199144	0.667090526715384
100001948	0.541550787237998	0.49790717562994	0.328891035591	0.565947700718568
100001073	0.384598753866139	0.497157200085273	0.439633826985919	0.543670206197987
100015637	0.657744429438459	0.677377779580747	0.32512916038379	0.666841062795737
100006360	0.668942116729059	0.7182090826724	0.30038554434794	0.730160230739937
1488	0.609317470056547	0.611150137890729	0.317484052228397	0.647032190831411
100002253	0.937095127554603	0.920903135491231	0.321313014160924	0.663427735313257
1023	0.901165977803805	0.631334158237692	0.311745685665935	0.649340025660359
100004284	0.652367311379174	0.832985601932714	0.310494315617278	0.676689963843471
100001251	0.637157837863925	0.999149989796805	0.315959052972312	0.670162547132353
362	0.660081390634075	0.472834323116546	0.284812842268568	0.665019362842424
100006620	0.769882732389413	0.826443326616917	0.31616192475134	0.676292714267531
111	0.313501368088628	0.128092941494543	0.263688016528068	0.639946509834914
100009045	0.756598975943975	0.323028859405553	0.265633667333724	0.81305330198296
100002927	0.781063283916165	0.906144380935233	0.311978780029321	0.683921536831149
100015641	0.844950924065642	0.990051644037018	0.317503419778055	0.671688207024744
1114	0.0854683591134956	0.921298304841446	0.312206517025034	0.674473163595684
100020409	0.290524202573421	0.326927768581126	0.319053976448248	0.530289979179852
158	0.102480669328413	0.237375266734199	0.403744240968459	0.698628165615255
1224	0.0714261440622536	0.218108494828492	0.248440191907502	0.708279027882948
100001620	0.613545164925161	0.434741382796406	0.276533661537069	0.674002129277258
100020893	0.267153713545848	0.062839282617479	0.293083791716305	0.396786030474336
100002458	0.830860789568234	0.520668943578427	0.365502143376347	0.609138934726803
100001112	0.777358224375863	0.994985967127084	0.315008262292285	0.672383215261541
100002953	0.401247550023573	0.787313033720845	0.311763710353222	0.683228401436411
1141	0.471343840490307	0.0798778366928763	0.393591639440843	0.506075961105423
100015834	0.392354395185826	0.949941879709185	0.318400019392725	0.674660214637081
100004561	0.676539322014102	0.906163122366125	0.317933817408035	0.667466240916265
100020497	0.816918658305907	0.80526981322126	0.304480584495277	0.689290143360883
498	0.0784989222387731	0.369748042814684	0.307988731874519	0.740950053021188
100006051	0.842720632269178	0.800320179881758	0.320302967720237	0.665565012746708
1668	0.580647332065337	0.563610695302208	0.309294586352967	0.616454157720698
100004523	0.433215980307166	0.919393393132084	0.321784811407252	0.662369146656712
100001604	0.231962375071352	0.522961205997437	0.311356698523006	0.715408918512013
100001002	0.135453937458317	0.480307027882197	0.33271192257453	0.654597796868417
100001987	0.0594815220868977	0.246799088066397	0.88986711771744	0.523876457265159
100002462	0.589916661782928	0.3223135980057	0.379860577310202	0.547375653166159
466	0.629187027051044	0.0821074098568935	0.342180248882566	0.647817986162312
100000665	0.98148906488566	0.39130394412854	0.357838430775461	0.609459379044097
445	0.974789272514643	0.458319291276895	0.344475588338377	0.718261801809048
2029	0.170039450668252	0.510435229415894	0.333072643136273	0.672823599697702
100006438	0.118388751125243	0.229105142876366	0.368631265652754	0.684133848827023
100001398	0.14334386157747	0.57614768583448	0.294325364417052	0.690822672973038
235	0.396969774130045	0.466387700228994	0.28217664501332	0.7033670999925
100000997	0.751752040308062	0.741875853000564	0.316977267243557	0.651647184578272
100002094	0.269041665403638	0.227435818246279	0.268054034578873	0.538219813879319
1052	0.778320927694566	0.942231394425576	0.33267569949393	0.665929099170321
100020823	0.303652529785947	0.555229858319935	0.295404419981069	0.658150755325518
100001806	0.181284247094769	0.435646760692993	0.398999049256601	0.686079205747479
100006092	0.869328284891687	0.909691460995218	0.318989969372607	0.662992677215595
100001415	0.0893461579006092	0.0571325094330605	0.320263589692445	0.375094751774242
100000008	0.0380551229461518	0.075281367962309	0.351292727429655	0.506815592625545
565	0.00769629736564901	0.0539999449694993	0.314655433816116	0.745292341278256
100015851	0.125942710708819	0.189471052976985	0.407614015962161	0.806874535038925
100001866	0.471987611044186	0.782784611823701	0.341437894252868	0.638067019539634
100020546	0.00254267647819767	0.0280522039370861	0.564671901567465	0.863864408097631
100016110	0.61971916222482	0.448934003043577	0.262437193220709	0.762755491280906
100001254	0.00385351997427418	0.0131548391935345	0.401083285537875	0.885965705784806
100006260	0.353640147200195	0.737418931257662	0.322083186908122	0.665897227346798
826	0.620742561849392	0.833712921198507	0.316519413058975	0.664486919734404
100001872	0.418824016849044	0.819378165584739	0.316578976733816	0.670057508180118
100000263	0.329331523455692	0.378460344445189	0.388441533250039	0.662621322766183
100021198	0.897837136343983	0.08506703160173	0.222377120631878	0.402095740770822
100015967	0.0312449034517361	0.0843569105141169	0.393067769473315	0.488968166502305
278	0.153788675779255	0.266079873214453	0.29516988012587	0.953437575450315
519	0.804415097274287	0.342101740340981	0.371460860970569	0.608909110857783
100009337	0.0912906665706653	0.260954856535947	0.437958051707438	0.654492337386757
100002185	0.277052695661751	0.921778506883731	0.313482787529343	0.663488133744382
100001278	0.354533217904142	0.234491890311084	0.391241709226109	0.619976918909381
100002103	0.85507687711281	0.617065593441147	0.316193963696039	0.621165988452138
980	0.816628519718235	0.471250745288487	0.345547476192612	0.652195223495179
100000016	0.882452386501406	0.44099834227858	0.311139307249548	0.645149945100475
100020372	0.166346670790048	0.466977636681926	0.31364828503554	0.604670153418246
100001662	0.742590854610575	0.149308639887943	0.131538592798392	0.68071992109671
100019972	0.877306278174532	0.723941754673614	0.322196891645752	0.659117715790579
254	0.742750108592303	0.725887780188968	0.312950164941358	0.673836483224701
100002009	0.662827194960209	0.710890990291722	0.31246636624625	0.601587068874473
100010895	0.396357341298268	0.585682982449762	0.361943808021275	0.650505603718961
1140	0.9279787954264	0.887356065371326	0.31358966353902	0.658563738932796
100008951	0.608788889663747	0.513073393916781	0.337802978083303	0.630374276934908
1084	0.348764524155758	0.783720288546877	0.314751033797569	0.717626524970953
100002796	0.11331151064287	0.419950988906466	0.284341658091617	0.617413807871968
358	0.975691458513299	0.913468520488489	0.312596872995401	0.66024167020604
100002070	0.939343583292756	0.759846365298048	0.307624116037665	0.69643866476074
1628	0.371032008891059	0.153498533516195	0.379095418162894	0.654996377614035
823	0.863066724963737	0.627791916742267	0.285439239506389	0.716795490893534
100004414	0.451645256568945	0.0898034426109886	0.407867423797106	0.805603622325027
100006129	0.699599046640673	0.687063049324632	0.297053717832909	0.685550504467072
100002028	0.54217313882124	0.355598148148305	0.458711018349482	0.434273332394202
100021707	0.463427731092467	0.650828535646512	0.288815706937223	0.718087847077672
100000054	0.510496922146022	0.444842232769689	0.306074070418759	0.696778425861506
100010869	0.484831123284493	0.268248123778377	0.325341748688073	0.549844456022991
100004575	0.0392640042461255	0.124634383971257	0.38626311948028	0.983985549759175
100001212	0.975876222553772	0.66225168236694	0.319183960963713	0.608923984223556
818	0.243177223250178	0.629986396835003	0.352093635057837	0.630967407457007
100001092	0.00145662910093553	0.0194712253131231	0.312202520083454	0.65467311360504
100020371	0.914569050830805	0.935876597474912	0.317317422035298	0.669423357890455
100004112	0.142198521271072	0.394574440949999	0.342002117687388	0.67958004489515
1125	0.574462720629207	0.452659346653685	0.340576056446531	0.699137984753164
100020491	0.957538615738844	0.638543903123892	0.283307058614438	0.681293633598555
100003151	0.00276866057914491	0.0269646691105443	0.465426869817618	0.552433468932359
100000011	0.397620715485394	0.180096578177542	0.238282471760516	0.772199972929207
100003594	0.546130615039624	0.946570655682395	0.315869606292386	0.66733463028797
806	0.668774628530135	0.12319473208762	0.314891689781117	0.458995147378057
100001211	0.731899701183786	0.798887137641454	0.31857141490117	0.661397743028166
100002417	0.598749833975506	0.644439409626858	0.30674783260783	0.640109673866632
100009335	0.595585268369904	0.224832810978233	0.260261718363686	0.692993799976579
100000781	0.613508972675054	0.928170477099094	0.313497348587684	0.667823443549461
803	0.0231083304289036	0.0228779159094816	0.302939714994391	0.539510422279196
50	0.607265134564813	0.761905088321234	0.3197011941746	0.657704010958105
796	0.393974481778268	0.0469593351820595	0.350302742660812	0.655319764946547
100005834	0.970855054272883	0.721194504643784	0.353896044307814	0.666611772413172
100001580	0.914245728426409	0.475975989192421	0.343261956456064	0.671547525379715
480	0.651637852659659	0.756670810387833	0.297452219733849	0.674859802293768
100001540	0.304313672337206	0.831305815767138	0.375278805352054	0.723077120005425
339	0.478248275033072	0.107979002116467	0.288334015863718	0.576042718078861
1110	0.943656862303725	0.864780541654393	0.320489159402325	0.647723006294634
100015836	0.16182018921854	0.205191330029251	0.452610741162121	0.832783678225275
100009271	0.500474572927191	0.483450192190272	0.355577677862468	0.648815732732845
100015638	0.907616366425371	0.47915321515636	0.32754697228182	0.653290572332845
100021667	0.974911663111361	0.458162096736924	0.359043767631389	0.650825962617067
100001279	0.742977319306533	0.485218976533111	0.333114494812262	0.768047144196995
100004208	0.0171946265157937	0.100031356907424	0.484048263696471	0.795822084518733
100003695	0.22258504085479	0.148400115430965	0.339290223197861	0.459847716106733
100000802	0.765108503244853	0.90219789175477	0.316917163936308	0.666779768878868
100002769	0.868401034280981	0.203399377020755	0.242478868453935	0.762334492880828
100015835	0.102636456820236	0.293727472480232	0.463559662081689	0.867899106795761
229	0.826821413324152	0.335853758150367	0.357678428216607	0.664182381659318
100001266	0.0067021655847662	0.0247707459720122	0.398088162968528	0.973022767920057
1342	0.306184793551691	0.361016482157484	0.27217461532797	0.688140582056753
100002102	0.88247219046426	0.55472741616526	0.353977977432519	0.769935831096972
100020254	0.191210267142429	0.59798989243358	0.307263045798114	0.696575110943784
1231	0.396184895927575	0.197308033647543	0.382269805240685	0.618269878977708
100020492	0.992837778170854	0.947323573458398	0.314278185971289	0.669513132178156
100001402	0.346851862042042	0.549863045679766	0.351181648843652	0.674659686678331
415	0.00810160646026462	0.103132008593127	0.363634624384292	0.72590512543756
100003109	0.861392416982503	0.972865764242457	0.31475127391081	0.679878597102253
275	0.517794453331882	0.886999140312574	0.319779322312404	0.661844078720095
1143	0.151679232741438	0.0951538017597553	0.291509772418178	0.761495144459782
279	0.410426234432104	0.345917350779945	0.315107780245646	0.538967960762041
100001198	0.958724686448471	0.961985711563868	0.323614442634891	0.667961558571773
1648	0.350605858631576	0.940434932671625	0.315576572414519	0.671310239027583
100001590	0.264303433005168	0.241700986089663	0.303926657075397	0.580694446537764
100001733	0.231668922817143	0.691471823387201	0.308814494398182	0.699148785533026
100008933	0.0136987803019623	0.00196337198415343	0.432626560713556	0.624896799951563
100001550	0.321047769298412	0.554534409720261	0.299664210250863	0.625139862801306
1215	0.0644648937871291	0.224613804653852	0.267697022018691	0.624253839421118
100002356	0.282231931496214	0.120058402917067	0.375937119990504	0.677721192089909
100002749	0.824877542099925	0.840615020014764	0.3167309005354	0.675496547724877
100006379	0.166005421257246	0.153167037533328	0.365069855607401	0.41641131690579
100015966	0.0719969765850294	0.147547450022444	0.345354679844255	0.492530191263504
100001392	0.598503452878676	0.939944804901015	0.316621177369346	0.669030626847839
100020425	0.117648645955647	0.055419168332137	0.268258492734438	0.432545670362988
100004299	0.382455295336832	0.860937106267316	0.328398851497085	0.70671644358383
100001734	0.589460162146066	0.537118087550228	0.330659420032708	0.61111531024198
1002	0.847790690794404	0.869508686649786	0.315956870344865	0.669067534039825
100001337	0.348211638609924	0.870212638260471	0.307044842912536	0.670863715940335
100001452	0.830952681252049	0.807252015564321	0.313600979008709	0.647726748473594
314	0.309219968463115	0.59238658297946	0.310644789491894	0.65152028043379
100009264	0.928295450419431	0.517698150163708	0.246925146318293	0.799848346622454
100004634	0.465747858465123	0.525445874437857	0.285803407197028	0.686234796428042
100000711	0.398640282227326	0.599500616795053	0.365893018691323	0.702164165684336
100020536	0.0107899864028229	0.0496068745442215	0.405483022214079	0.796911282580134
100004318	0.333607640346239	0.584754842307023	0.322675754971289	0.665605103173304
100005850	0.822574222826418	0.422288855562889	0.407069045207652	0.610146971547641
100006619	0.322256960384902	0.15539515571422	0.355387761009974	0.656368695405669
356	0.506949076092656	0.695911604411186	0.304780248781999	0.684572412160807
1221	0.656010248010386	0.627879515087936	0.390491214214556	0.704499970228058
100001397	0.808695245453344	0.838248334230356	0.314786333036989	0.664739294732285
100019981	0.608663896615448	0.928765297251476	0.318205659465013	0.682401929302285
100001208	0.403844835243755	0.230112016065411	0.275326093555122	0.967699253683127
503	0.00937560928447613	0.0101562022498252	0.197781508021985	0.506675002248337
100006375	0.13058450326045	0.560400384810082	0.346591141433406	0.645471845046816
100001295	0.858368023186639	0.708577368913575	0.308494290691214	0.739765605345124
100020427	0.0525625957360854	0.030664154741213	0.306645088735346	0.375748139376058
100002784	0.703086339616033	0.59244471546624	0.286588453224387	0.712144396237015
917	0.0642650269752361	0.214069758127722	0.343437666099515	0.621108192090587
1869	0.33779532671849	0.188370858691866	0.341871972059428	0.548369270161052
240	0.267657675707808	0.135583159809779	0.208238466130002	0.487784994005979
798	0.00492869748918475	0.113825401553592	0.457338089517278	0.601569751391546
100002952	0.253485831817226	0.551449623870031	0.31439484726301	0.740779224520499
98	0.574141697761179	0.751026931931357	0.339645078714106	0.678865374604295
100008998	0.323998328296442	0.373527896868095	0.256601311864737	0.730999969646197
477	0.918549727924841	0.308144202636442	0.322442596080978	0.665229565374331
100020545	0.0864964205379714	0.142653104424926	0.361824668498687	0.835240928594641
100021666	0.688088415482315	0.429961252424405	0.341275777065976	0.664134160611921
1256	0.425939821009031	0.625729118989865	0.377625126635214	0.714266320538424
533	0.380097739838325	0.111606722732403	0.232192346179911	0.444414333458139
100001757	0.483454629897805	0.931781728159752	0.321808274757057	0.666856946302291
1024	0.385999513846358	0.109698455888241	0.216070695684057	0.889115929448685
267	0.538840967543138	0.980395815531647	0.317059505176531	0.669376529437909
100002113	0.078113132635632	0.0991977965577738	0.311526222066552	0.690246157918256
100001756	0.658267153080675	0.508724724779511	0.341774751787436	0.709196677803645
100001193	0.384719666510594	0.156640032172229	0.396604971371321	0.613406218036557
100001668	0.727325395173989	0.971983546165008	0.317153595989396	0.669147495194388
1124	0.295829540319061	0.274318388971948	0.278181004401896	0.77142258122228
100021331	0.156959352380264	0.318079791536842	0.297116430463316	0.710440238606695
1090	0.0493972964943429	0.0382047492254698	0.30354986909978	0.81698394834405
566	0.779838820776018	0.379170251146981	0.244994540456197	0.674700132279956
100003119	0.419742186528264	0.240103807629567	0.354338355738689	0.602257685515308
100006367	0.748068735612525	0.565179929807067	0.326373250677706	0.650242408260136
100004322	0.179657973358168	0.286454360966128	0.326589883351263	0.747945287715338
100001034	0.660761822446503	0.871649024040004	0.312744533306999	0.664217096258527
112	0.951772923622324	0.993928809690108	0.315665367328715	0.681419083113586
507	0.63242507739643	0.725755756532273	0.314795119505798	0.678296656941162
100009233	0.35989235326734	0.217663888286613	0.291296216996162	0.688085195959976
100000406	0.0146109276490101	0.121048497009667	0.505926510969469	0.467348038479935
100004046	0.277025203278177	0.494659095796262	0.230118894840326	0.618515150381455
1025	0.716624594259428	0.70071777904228	0.304552857726922	0.68878878005833
100001106	0.337786821400387	0.368000023895084	0.2735819038711	0.693024098477841
1128	0.017842398480201	0.543170496279103	0.354819093040402	0.721482478296702
561	0.0595635249088744	0.208469761708311	0.227697371308077	0.594998127733633
100001614	0.827731694080756	0.357932181064267	0.331806136424716	0.645282761683475
100000961	0.640473695948929	0.81475811035726	0.379927794158148	0.642217398776564
100002397	0.858941536835997	0.60958958445976	0.315787410092633	0.604463045418497
100009407	0.952947304234638	0.92317302399551	0.323879487590788	0.664349737424962
100002910	0.984812962575069	0.531193600962961	0.285052914787994	0.593279942320744
100005946	0.27359221032576	0.385777180079005	0.35814602685638	0.761591463817992
100019794	0.11182925308205	0.312445306377954	0.315635971886033	0.821876617991065
100015759	0.361369488796162	0.115132462378321	0.269611008489638	0.676224587653963
100020417	0.800353908464616	0.655577614286717	0.302139427183636	0.648659402404764
100001054	0.78607453432168	0.921739498944269	0.320449675093972	0.671169652878793
100001437	0.280181946792181	0.308586965675296	0.264289336441821	0.594152557152582
504	0.321327602924452	0.764966273559467	0.357127343607547	0.678181037937565
100001988	0.454371230287664	0.642253905746768	0.309244553458648	0.830603703811451
1082	0.0257401189418975	0.538635783595871	0.356666921308075	0.705100149722577
100001403	0.371973717212369	0.420260958762592	0.342942044507682	0.654556251020418
100001664	0.8323422406385	0.460536298071457	0.297559079888188	0.87944691870577
461	0.251562816486372	0.208254429683485	0.497931896965421	0.644197187235441
100000463	0.668440299780257	0.951185133748897	0.324359336384334	0.670981823013495
100020208	0.618684157774877	0.562056873609029	0.351229368047446	0.569826252246282
381	0.606106242826996	0.0914999766592914	0.153301604706805	0.514987873473722
100010901	0.0857887423189598	0.0894437645052432	0.316785649511834	0.779311778183605
100001468	0.253701294448758	0.970019202178628	0.314754289510061	0.683094517243784
100000840	0.745148425326108	0.96649480203138	0.342594551304943	0.668486827367797
100020014	0.219860680848178	0.57687524557977	0.309787025524988	0.685748304801895
100001993	0.759412596974251	0.594571305261474	0.259945136511272	0.828472478694877
100001051	0.0930375766706488	0.0198108925187844	0.351311312171094	0.350889703116172
100006116	0.393479616207195	0.520767500052835	0.320443849340802	0.671367642968109
1108	0.92033067645949	0.998314879827147	0.316544862312858	0.671580258168213
100019966	0.343174944528011	0.113921537501029	0.378583679648317	0.639869779246975
100001743	0.714206099691484	0.50596255131873	0.306715215250123	0.657355495841594
100001294	0.129677683366377	0.213439246884168	0.232340670402848	0.723943310310367
100001609	0.336932946867847	0.146723552633554	0.296637772133452	0.753564466685018
418	0.747727245642072	0.993825362052407	0.31724250096095	0.673680004305769
100001178	0.41220985556069	0.860419457533278	0.311183221265037	0.653203780377762
189	0.769673019973058	0.820459801598021	0.303654143914435	0.653152166320973
563	0.450357964279076	0.797866678425847	0.331384004816207	0.655836517842071
424	0.581478482911572	0.429962238049855	0.352023205603624	0.652211208360533
100000776	0.16878631295774	0.382062173011913	0.352431738008703	0.67308261312857
1001	0.995870596810173	0.464087797218805	0.322198238321191	0.675026787360134
1135	0.285739733936102	0.0862243068889028	0.305628443739999	0.731833966024446
100021093	0.268630395236951	0.326936462862698	0.388529116622004	0.703999222460798
100020219	0.125404122225505	0.2150597655249	0.328078209049987	0.561213222356768
194	0.445356815090765	0.880414524279787	0.321827699177374	0.653865661730609
100008930	0.710835790918206	0.607176392592479	0.342814760292206	0.650412413155399
340	0.729081048546964	0.311842743854848	0.213531542974619	0.741138281140673
100010896	0.977946181391251	0.656125728983596	0.290503272530907	0.681719524664141
100000787	0.168761658569356	0.0872061758864397	0.311961687902274	0.369064111068701
100000639	0.0239605958613517	0.209414783951196	0.288009363496073	0.674540737353295
100001851	0.974657624615605	0.243980725853621	0.344738018845585	0.447881541096202
179	0.48558703901186	0.7447164118457	0.311043807440234	0.679533683672757
100000626	0.383359613349033	0.751071648763084	0.328035726406828	0.670867681818461
100001605	0.00739982153408357	0.0643355444359958	0.416058328163592	0.770556718582201
330	0.187109303588893	0.381422211948545	0.355643399799064	0.525807705041271
100001162	0.714856282677541	0.639069276354042	0.28805429696435	0.642241667295494
100001167	0.0368939884711522	0.195036806199922	0.31228182463051	0.651495630211857
100002067	0.550727850797295	0.769358617206278	0.403164969358191	0.608993616225478
100019968	0.553499323244607	0.327744161417072	0.354292268794297	0.600971415964024
100002014	0.954398244951784	0.965709409041898	0.314907830471126	0.702730114107328
100004083	0.381817058400685	0.102498192673707	0.357678201856685	0.52306269072061
100001315	0.423894825192831	0.484975764947296	0.325813778432778	0.72592043451179
535	0.253201494871251	0.587311337820626	0.338043342344451	0.663186827440612
93	0.360610575413908	0.245700245674018	0.36047338434638	0.505059050789797
100001989	0.365793311956365	0.60806551991875	0.290271635347697	0.715885644498367
100001740	0.772044499857023	0.416454650908781	0.288766959825319	0.68977136118406
482	0.157714877548941	0.892838589436612	0.317020422730877	0.658332309728928
1629	0.240364891108121	0.415917913585032	0.377692177497834	0.6458949362629
100001399	0.581804009542993	0.520539235092985	0.326214828405278	0.671033156943505
376	0.860821721861281	0.186235172393269	0.202002882877663	0.773517809768308
342	0.559829938453759	0.577631931659336	0.31307923875978	0.669108925868498
100001253	0.032950596108784	0.207563035680248	0.270327458624094	0.870158985643789
100000708	0.637797828595908	0.763365919883077	0.336613390776758	0.678357145503934
244	0.195662865989587	0.055588579000454	0.264869404953545	0.786175889812596
100006726	0.406149441542232	0.2777150027401	0.369576245962463	0.655251102543539
100000036	0.21974103075623	0.613007724023004	0.290446755326158	0.713380483643762
100001257	0.0292473504043726	0.0862374043263594	0.424814005216424	0.93944205771367
100000445	0.557924827139574	0.641045534537539	0.341148262259437	0.631196916958041
100004088	0.00886403320502806	0.175332089374793	0.351704871498708	0.737330270224175
100001423	0.997734998273323	0.778554552079212	0.31914265680313	0.646590422848948
100001276	0.415965878103209	0.290146321814764	0.286763874569538	0.589316398936605
100001876	0.737623813664723	0.926110725328512	0.313135042649492	0.672262015164713
100009082	0.69250969521363	0.0448238276341158	0.14618705611681	0.653146274840238
100001121	0.312029739173961	0.706139158922456	0.310888367251881	0.665456349414322
117	0.315076844165959	0.625486586870761	0.297037942844163	0.690656586286362
100001868	0.0389068727881591	0.103775517095226	0.373566207833411	0.678837189502406
1134	0.670525927479047	0.273342223250337	0.210092317495929	0.641669269769106
100021012	0.143895462492514	0.355112304753002	0.331728560890385	0.701967462482109
100001181	0.687125519748915	0.227509637858176	0.396645705090644	0.595939984112457
100021467	0.703286410207055	0.307844394220857	0.32025169410286	0.581972940182744
100000447	0.204439267547245	0.217440526543575	0.367824277946821	0.632745660524977
1162	0.000413915521787814	0.0117828329256461	0.41603926692786	0.568135070495932
100019982	0.554517676005554	0.443563096143012	0.330171650730994	0.653411441533134
100001613	0.977973319489252	0.464971191422208	0.330523468509806	0.640523089228853
100006644	0.351230563583828	0.637407464813449	0.297075285969622	0.695784753597879
100000096	0.663709318669704	0.0425444699894765	0.213034738439893	0.640662529161792
926	0.531510794591864	0.654312005616018	0.322617185225784	0.674636366968458
100020004	0.778965675164478	0.736917621790735	0.328238071931373	0.669628644708096
363	0.171541777103141	0.0454201697650135	0.293933970812858	0.26028761162047
1111	0.409415651675905	0.963658022898552	0.324474376477136	0.69145375580003
100021712	0.571393581990838	0.892782518067824	0.314477250656772	0.663426369838156
460	0.579232940498604	0.456309686048191	0.34305995769431	0.74290659104477
100009331	0.384140898176417	0.235399381509332	0.285511290801124	0.697826350868248
100000442	0.21501096195789	0.630346288093233	0.347504389804697	0.690985273943145
100002945	0.0783086020607918	0.0144625642632991	0.415072736379106	0.626612054289103
192	0.861729307103221	0.933264155715273	0.319249733509733	0.69376182624465
100020241	0.283779747621339	0.965368792252332	0.314568587587587	0.669275487018755
100000580	0.179022171401229	0.155037430030792	0.265138607480948	0.900765574174039
100002466	0.0137208185370082	0.0301332406285479	0.259486599998309	0.434787892626284
849	0.648644827888946	0.486302448442799	0.322134087718015	0.60632397461825
501	0.46330973224337	0.359841597815253	0.352596596202295	0.624532856601375
100000282	0.709162852478932	0.171968728739189	0.392231865815114	0.57325042302429
100001577	0.0335968848169316	0.171680101689056	0.431302999211261	0.73453152600804
355	0.0709758869273108	0.245608195053354	0.263268979077556	0.558494606360606
100000841	0.948798209927177	0.856938201107377	0.355027059401593	0.649647607720846
100000846	0.795933911026736	0.357349371403499	0.304589311288542	0.664346650092497
100004295	0.833398031363286	0.37940005218988	0.291483945670994	0.617908391367082
100001586	0.100492323695144	0.0486928658545501	0.446398060842986	0.337374402091548
407	0.0137157634797508	0.0383992852665355	0.352006493825257	0.737323966829799
1137	0.89066105481583	0.78814160499454	0.306744302724207	0.701011532472214
100021374	0.0447794781241387	0.015841309907179	0.241578639391376	0.928538244007057
100001593	0.64333615139132	0.834744827180273	0.3097409712512	0.678119335515775
100015971	0.925659008152623	0.877923234104862	0.312336656605649	0.669376570657199
100001022	0.45093609901782	0.220318416492667	0.205496271018871	0.916750916630699
1094	0.0514788399715576	0.183669837157173	0.503899742814664	0.930392234316589
100002122	0.271077592712379	0.268854023169223	0.265034921787269	0.765860628670789
100000706	0.573623557452795	0.615502329757624	0.2788826078762	0.670691102133351
100001055	0.845237641791946	0.398943078607088	0.286875609320091	0.609963189648788
1235	0.378510339078242	0.661043797270362	0.298985276125464	0.706901299674692
100020204	0.110564338633684	0.551201846295491	0.33850294807408	0.7113154295198
100015643	0.0263103238770804	0.268971097645434	0.34758459682978	0.619948113973111
313	0.0142347940826562	0.221029729738273	0.337654760286275	0.600317918171502
100001413	0.791928264200036	0.94781933069695	0.317582519522889	0.666931582377301
100020423	0.0179546692389859	0.0175628243574796	0.34613882772099	0.35148547914091
892	0.540975588013902	0.190633838358341	0.341069107942379	0.696481796001185
212	0.0710830051272425	0.133534790238283	0.41106039988055	0.648365374948448
100006105	0.212016123339182	0.191480605712931	0.357395808317542	0.683345406788956
437	0.790067557340289	0.6155375714511	0.295778417017939	0.684849442999941
100019892	0.339201599911837	0.982345166531457	0.314486157522793	0.673369792663544
100005716	0.075515899262564	0.120019954555475	0.340425805427788	0.749586561674947
537	0.237506146509372	0.113118639321155	0.324272620308139	0.699338064656237
100001990	0.31494346024176	0.650855192714384	0.354521834748336	0.627589750977881
100003397	0.0186394418803052	0.00225594054061216	0.251516818646651	0.411878804009696
100001320	0.10495320650729	0.21564962740551	0.404319150579207	0.430684813244172
100005717	0.115101518049718	0.0877156137390268	0.370729418576981	0.702364670930382
100001207	0.0364012455968857	0.196964772817322	0.355425359852179	0.678784672950443
100001999	0.598860024045579	0.850674263178226	0.308370362495404	0.753691508966278
100002488	0.192171468382086	0.0145398480902638	0.377862989538619	0.612240393296961
62	0.202277002795803	0.637419985630576	0.305201987500287	0.677938630817893
100000467	0.642549587271925	0.496538284040202	0.303792572525721	0.646454091232355
297	0.00376118842782405	0.118408866533132	0.326341962303977	0.634496016539101
100000285	0.0257630233636204	0.354128613348355	0.319670234907292	0.775057590558413
100006056	0.0413178909935025	0.249214527336714	0.340518470535481	0.729193626902007
100002126	0.129266721299157	0.256661456111016	0.246275900330218	0.995718730899972
100002129	0.769424552209726	0.764879815829577	0.297824577047114	0.783326159975486
100020478	0.029939123096153	0.214107593008271	0.287604287748076	0.698854689004281
100004089	0.0511519678812294	0.455299467193229	0.341958741560145	0.616098305501672
100001755	0.336028760575085	0.832632329739742	0.315155266140487	0.654126172651002
100000551	0.0415831672844686	0.945033314544043	0.316902733821543	0.676901570329591
100003260	0.504317789514308	0.34033094880887	0.352241976916774	0.743064766561357
100010955	0.813132301931927	0.395907968638189	0.253791252258596	0.565461321223031
100020851	0.199763472737345	0.441872395479982	0.341574275825093	0.693202550528585
100016069	0.604752572669858	0.715417960553419	0.321741311462791	0.65361734299842
100002027	0.452295679155253	0.561648009701602	0.248947651085333	0.779939654263302
1123	0.523466283320293	0.311053515909924	0.30257943674316	0.771925947135809
100001150	0.794360214238632	0.920529263834583	0.327837133102838	0.666404898456319
100001657	0.280619384143547	0.647922231129924	0.31687735967712	0.652294569609991
310	0.257724569592679	0.352645234001803	0.279417959620782	0.772875708225176
100001314	0.314442844170232	0.131423837789475	0.300435177700315	0.550885226267063
452	0.638625274612008	0.544206122115344	0.36506574843633	0.634457042568116
144	0.0943675152002367	0.0626209368264403	0.383035636101507	0.538262131416656
100001182	0.221303038337671	0.166984875380401	0.383821344180792	0.654387140877318
100015965	0.779468290450342	0.487427824936063	0.301905049640393	0.738559471026919
100006108	0.952423537795663	0.529293349795929	0.323421924700136	0.703663244426003
100001400	0.822447783630519	0.782251633625125	0.306645108184833	0.664586117302738
100004541	0.264621560285082	0.153236348245597	0.307952605474029	0.395155978399089
932	0.390253889281147	0.709567495156917	0.315230386311439	0.684586065915385
100001992	0.411885716658096	0.521603240065905	0.44881104399042	0.562956924335962
100009252	0.101735694991944	0.161072144370351	0.387212840971047	0.649659507096333
100021104	0.620929596519734	0.544653975957926	0.257456532253595	0.810481164857743
100015838	0.00882317480930358	0.0417088204640635	0.457098655006521	0.913239728606556
250	0.000860157533734721	0.0226116400500268	0.572269172783095	0.766122925813501
100002537	0.812242067072113	0.582362286998249	0.295734855765181	0.761239834759645
100001658	0.820820422363699	0.626372873390656	0.345977807357341	0.655555639301354
100020416	0.31362305261496	0.388389472258399	0.282961328222875	0.647652091400354
100006642	0.18432666208964	0.717162752656962	0.30259685405717	0.697047780624713
100001391	0.11363257818534	0.341095492945315	0.397786046429716	0.782439862251607
825	0.522202968673057	0.753660117716989	0.295161612669952	0.677608863821034
215	0.0167340856412806	0.101919172342868	0.374823791981467	0.652808811760272
100001026	0.991233908354252	0.865603270126932	0.312255674890301	0.70999078010705
100020541	0.561300187719983	0.549894000868613	0.282532386600726	0.703891819193815
100001526	0.142388550601068	0.205835906831114	0.507589277987658	0.802619642064325
100005384	0.619842798763054	0.419895974590665	0.293589957489541	0.594121001864098
100020378	0.224778744767798	0.801989604205166	0.307809958244782	0.674396673777842
100006115	0.955396463752854	0.437171244443129	0.395288081230252	0.574537688844598
1442	0.222457678255915	0.0452325254463735	0.13709675535074	0.558813138150235
100001843	0.164887560178359	0.226924114088281	0.339706349393324	0.754963733168168
100015837	0.111212591464878	0.261032806144532	0.552070519522314	0.615251400137902
100010834	0.673322345350847	0.963868468021496	0.316071923730264	0.668130466333525
100001393	0.534761413391133	0.4916133312428	0.26129402158769	0.707126616145394
100000015	0.322221357880243	0.610068074676416	0.297358306191295	0.689096512072574
100003892	0.0562242976845727	0.0646912691997312	0.279299507818271	0.913247351243493
100000042	0.144186211538685	0.0179857024609837	0.341527802619782	0.5758610067387
100020550	0.638803251289219	0.260162533970553	0.3383855807749	0.575371885988355
182	0.384344343228205	0.295193837638553	0.305584131833158	0.694157769899472
100015723	0.151478493417106	0.457334401053638	0.319192925198658	0.654060181365792
100020343	0.394176493618804	0.494126816618546	0.287825054873682	0.672280517184694
512	0.299896343929951	0.620015325942629	0.346949161264712	0.641981017691721
100021100	0.791266799810333	0.755359124273019	0.305663618356161	0.673447075346053
100002528	0.323021125796643	0.0731840936171783	0.375800613256015	0.453963422632152
100001287	0.244105508641708	0.543723258777152	0.504133521311223	0.555034871673054
100001229	0.796900115892216	0.822690812173846	0.330685891360254	0.65324784892717
181	0.117988354673712	0.589251718083956	0.306637960030328	0.730109674827755
100015831	0.00225432640823516	0.0248674417950907	0.41403397535859	0.467326694806923
100020515	0.545733062545647	0.735526774496402	0.292447013525662	0.746760575008197
327	0.164756585699094	0.227413928534833	0.38979117532633	0.619749573127578
100009394	0.676768521872074	0.812765584526144	0.303789141757309	0.691726191438137
100001596	0.89170959372734	0.283965427512088	0.283380251279928	0.520871964654127
207	0.755050039446589	0.380961869462253	0.335356459622922	0.62095104754581
2054	0.579800841734483	0.850575862037112	0.309414841368982	0.681325436623832
100020259	0.638222724043533	0.546304960813279	0.345754769008476	0.654258867523589
100020414	0.0033688649959448	0.0430046983939108	0.232263470031147	0.643251588914625
100021131	0.89265555953114	0.252621323583401	0.304391073411652	0.627105619061156
100004499	0.745902019184004	0.926258308332526	0.313574047238631	0.663998629411169
880	0.211266192774207	0.928135849265032	0.326915304550123	0.668733211369416
100002049	0.691910484548129	0.432179578847284	0.338055216900587	0.631933523218341
100001739	0.478391305477141	0.221293315940513	0.405190430813467	0.628094623337782
100001126	0.492515150466834	0.174702351582098	0.214282162641956	0.557704471869251
1113	0.613606507387698	0.812605103225073	0.331625848552089	0.642187441791629
1083	0.990249682538989	0.302819510159814	0.345118879525376	0.579980167571486
100001730	0.0731904878699659	0.181311372925872	0.367451982233216	0.545386002541812
100001412	0.490222933665205	0.91416400333264	0.313981781848481	0.6824589741624
100005996	0.748217393752121	0.565391793469091	0.304428688696346	0.640781975575268
100015962	0.00987241182151306	0.115587406073156	0.243063447454778	0.952912044131732
100020214	0.722967830413173	0.41179027014208	0.333414727905699	0.591681750441796
100002514	0.123745509111195	0.342214501395913	0.328759905653545	0.609071912162938
564	0.204665629420095	0.0679714750956217	0.281352757395977	0.553631390828614
572	0.0165692797224726	0.0142755379925208	0.473323504496866	0.527719275414
231	0.996478820021536	0.673872328772998	0.292808063079444	0.684287607373947
100000453	0.995019970684562	0.889550697799648	0.311847677461648	0.685603644554051
100001007	0.0973373974486899	0.210441984013257	0.380971432275406	0.541494882514273
923	0.615458222736062	0.343675138760915	0.301253762864987	0.72212597459509
100001247	0.427939310839243	0.57420294639452	0.300740362484563	0.655077648713806
100000774	0.513209845553543	0.776080932843421	0.339328060913121	0.697914408993178
800	0.347234949313157	0.339641200503139	0.3337626292261	0.729961457135999
100021678	0.285558113298274	0.39007810884753	0.263907964081245	0.670050502010669
100021711	0.394390093197879	0.771178458659334	0.337324705610471	0.68261609434117
100001274	0.867942995055749	0.462261406960317	0.304421192883937	0.539642975010663
100021220	0.173534754128841	0.198439282078404	0.379099313715912	0.966299661429351
100020253	0.451816422328843	0.991101885377939	0.315206773828785	0.671473464219387
100001170	0.663012375967286	0.159508115719443	0.294683413885011	0.567783658078793
100001466	0.245039213054096	0.865058355440674	0.324099952511221	0.6649835891
100009406	0.759790892651422	0.742610982278443	0.306232983645538	0.683265214354661
1026	0.159676159909327	0.433725923818622	0.338392166329543	0.635218678395897
100020837	0.736269299503354	0.390712509258053	0.356834046697487	0.577209148464004
100001006	0.0710569592988458	0.0861243413794117	0.303932883808977	0.792907220933941
100003674	0.800260329680807	0.142431192126051	0.312958233306531	0.66020527859418
100004396	0.341875932951688	0.404687543401512	0.36116202893212	0.564283771564233
100015923	0.372915810831422	0.813126624880807	0.353294346654068	0.652587360577143
100000265	0.585881987999936	0.815652042965367	0.318797292084171	0.653841612756589
100001409	0.142314621323135	0.156223639826208	0.304308305744247	0.527476144391195
100003434	0.405802732212926	0.538920099085249	0.320884663205343	0.599662903575216
100001334	0.634844887675769	0.0810239181338134	0.387977906688428	0.552573351002367
100001102	0.362339832763586	0.977635640204444	0.314243161836234	0.673016658222874
1268	0.72431665459574	0.0901163346288531	0.203120554869513	0.629791134142253
100001300	0.204769569313823	0.0798891045064885	0.280714947503606	0.674903086266447
100021324	0.309635735076272	0.743283063462463	0.391259630512384	0.662423943359388
100001617	0.108788364942374	0.0956644664334538	0.307464696446099	0.712681759167536
1105	0.942360575493174	0.155891464378608	0.418688915119335	0.366780207316204
100021502	0.0613999199921649	0.279395056051967	0.306422613910947	0.697902384234933
2051	0.728983971207197	0.69237829489356	0.315125388466122	0.601889702715263
100001256	0.131928044741583	0.418956057448602	0.361843641042965	0.834160622663583
100005466	0.0557751975323602	0.0735074796586085	0.361836468780686	0.46021794058893
100002199	0.107858128696777	0.710074810682839	0.328645476780322	0.689865511909018
338	0.0143369366769087	0.0448255751968345	0.504198835627325	0.434000300476413
100004243	0.521105000040542	0.618246409469806	0.296148502693176	0.681449069334807
799	0.196641928291869	0.826817176751012	0.371129016783083	0.672463715201971
100008928	0.522263126090561	0.100301513503412	0.318900702778403	0.659722430436248
815	0.0516993442905091	0.197066708520861	0.323490120819843	0.756986984559088
100001456	0.00286621005393178	0.0535380794648615	0.311747634252913	0.582223873394624
1242	0.116027979454451	0.102917939843521	0.36890861402354	0.487339623865638
100001416	0.278724139084213	0.108599108282037	0.220585113518333	0.421375003651635
100001462	0.284089509187852	0.272397235889343	0.383754238262267	0.623715102279214
1087	0.241817873440003	0.0564498019683529	0.326048416652693	0.636206941381789
100020421	0.0693030761564234	0.116817223858532	0.359507430222817	0.440848114135919
100000010	0.00535659649419091	0.0582736513099625	0.330859122754325	0.722468318892079
821	0.526470599171347	0.354258215945187	0.351232937867666	0.518306748845193
100006627	0.363934156400908	0.135493695664985	0.429698285775509	0.571196890920067
100001277	0.32523377371461	0.140718887648547	0.37432635436553	0.626243402758694
100021141	0.0442027907132209	0.211100264322766	0.3533375424784	0.763247068340108
100021105	0.243999108808164	0.35141523154772	0.329553293698381	0.514070890610178
100001950	0.000464736515143622	0.00823165197672874	0.397639388742952	0.834490933159743
100020217	0.923632032790047	0.283808034254321	0.223149961472692	0.502361452333111
100006651	0.0250834243034884	0.151954321449438	0.36108953604967	0.430236939566734
881	0.873349220565015	0.587756647757368	0.302781685342332	0.678787585390984
100001509	0.786562091423039	0.187359635339354	0.280159663702	0.59841631378015
100021709	0.608238760322171	0.863826709491767	0.310261111778472	0.674976351352042
100001635	0.282296306401683	0.0323309924613113	0.345160608009844	0.618047951499565
100002613	0.43782057909947	0.11101925800511	0.294058629547314	0.759328651575713
100009329	0.709938627100536	0.811338838518684	0.30272544530534	0.758569983773785
100021123	0.852288605166942	0.596830485837563	0.327523963401695	0.585200511239889
100015760	0.287803161879787	0.181998107129267	0.26340528060559	0.704579220244099
100020205	0.387348275779019	0.425849694392742	0.366877626231857	0.503478698623709
100000765	0.6055482390427	0.617427272057038	0.310904983200313	0.63744241037745
100004111	0.377828185272296	0.191696631621492	0.344477682827713	0.643914447482211
100001615	0.220171914018785	0.776894224553449	0.315232611332125	0.66850131115206
100009227	0.168748381994789	0.109271802666479	0.444016830855142	0.811766753322497
100006191	0.308927204084459	0.515784986132338	0.351317095590838	0.610922035434169
100004542	0.541043393904729	0.400227083872074	0.328946732238501	0.714470011350785
100003686	0.260506401438795	0.10265515504014	0.449658466786475	0.60297262221868
100009232	0.0200138521214952	0.181026180410284	0.31838510678035	0.568197035965995
100001501	0.0490421937993073	0.115958266593576	0.403500913305142	0.705643908592129
100002367	0.559297942693206	0.273126346205833	0.29669933261573	0.530397832168823
100001108	0.304853564971376	0.704646555090528	0.312243615062651	0.660453312293411
100004227	0.713770078678338	0.954931708949759	0.315701217361194	0.667301328829834
100001310	0.168942390282214	0.279910316394153	0.299492432890222	0.785267236248142
100001994	0.92936362792884	0.999127629168992	0.35258767367859	0.698213869313115
100015839	0.0105355843410227	0.0127353628476862	0.420945527383794	0.756423553547517
100003271	0.00413560830467916	0.0682268895886356	0.41620679318183	0.468479305334292
100020496	0.865154918579825	0.998264408332833	0.321006484001106	0.671285224395154
302	0.827705442001964	0.511772604208844	0.284375169367632	0.644586552931817
811	0.925281451996923	0.813213207102719	0.309794659403099	0.697123886916047
100001267	0.965825795481743	0.787464317778044	0.299810892168516	0.666593228748612
100001197	0.0216134150598128	0.364085493611585	0.358001378982666	0.678393047494269
432	0.190574233168877	0.43953342648396	0.33914584256645	0.649082901713201
444	0.00219118476769319	0.0239034462035538	0.38345043648811	0.825716937410302
100015968	0.324285562475127	0.377466766196169	0.311655168486428	0.598042858159457
828	0.97188348859237	0.816205557139673	0.306725099919299	0.67862318666686
100004054	0.292298632122103	0.873542430733533	0.316921762473414	0.674728233652241
100004635	0.0889063760730989	0.132446830717633	0.705058182632735	0.404111808540527
100000491	0.702387059308145	0.85789947488941	0.31185002925106	0.646567352986569
100000939	0.0410726678837378	0.0298095778987641	0.335585809895747	0.562943117448991
241	0.188549933672095	0.509596684796311	0.342081316927332	0.697069049119332
136	0.460607337576445	0.107102417510723	0.277910266803264	0.835341476942579
100000792	0.757605776653596	0.897833188345113	0.338428613048536	0.662876303557499
100020973	0.317808562662854	0.360242231398431	0.358632487659731	0.622069901010527
100000936	0.820850946090782	0.816563803119305	0.314327147322269	0.673571277581778
100001313	0.00847853303938981	0.159850157769564	0.332105442632672	0.721058907479255
100001951	0.0735639592563413	0.106157804435174	0.346646973430909	0.664564511932942
100006098	0.0119394189832042	0.0598979968031379	0.361979327630189	0.798805453484107
100000007	0.218232822107902	0.512526951488496	0.325724232185403	0.676400052648286
100006641	0.828113189151181	0.720942571649025	0.356904081501337	0.673253482864891
913	0.00895925466999296	0.0576783413983176	0.393531691382734	0.532931760516759
100001579	0.783440462636476	0.399131145635376	0.349035960004723	0.671237943119767
100002911	0.130069305358948	0.0103899826547827	0.411921666532851	0.628842600963015
100001293	0.284390377530405	0.40874260128448	0.281151719119618	0.799171503697709
100002241	0.179698966154059	0.471035993803759	0.33538302834969	0.635280827697807
100003179	0.576328264263563	0.148579795660567	0.298753998466849	0.544599868177378
100021372	0.315743472082497	0.217239762315789	0.235824856677105	0.676256608987972
100001956	0.300323920602327	0.526306722154841	0.319475415878003	0.586784687676479
100021162	0.220108869088056	0.168459101961601	0.299634892103876	0.499833984541067
100002259	0.376701813947604	0.694280638824283	0.297521880042695	0.664371887625546
252	0.313119818533843	0.509284460678893	0.375297335249997	0.600900491693589
100000707	0.56623922439284	0.419916394721062	0.310383863200298	0.676836185934189
1489	0.606327670365457	0.0183618900449839	0.237487824542621	0.646041619951567
100020361	0.00193229668721382	0.0178235432604812	0.401591638929815	0.909412855601925
55	0.710313482964955	0.955624239874433	0.318028419430542	0.675355810148395
100000863	0.242015041889872	0.241676988095804	0.275554129686769	0.708325314089811
100015840	0.143495103085872	0.0898895368486457	0.424293407956077	0.627762897309684
100001541	0.109902243671837	0.0655008175122103	0.216684192829257	0.659618381818432
100006082	0.201428988639555	0.0670396127532991	0.397833681157983	0.667290305829095
1254	0.663982706662809	0.958892704200616	0.327802358805106	0.68122034064252
100001624	0.520884509715574	0.395996235337088	0.298966040109166	0.648544906227014
100015850	0.879759695329421	0.55327458232917	0.399848930659683	0.62840778483306
100001104	0.00446202365908427	0.0145192977774886	0.347588336212769	0.953899430224747
100000900	0.101996914909993	0.349364174077902	0.329023736831354	0.67597108585126
100000269	0.319415633229706	0.115217004195486	0.202410919508713	0.630528701783571
1022	0.253482802188715	0.897993351819797	0.317444560401722	0.664187144005161
100005373	0.183938546497185	0.0697408479481444	0.283213467474162	0.703230856370127
100001129	0.132169024333468	0.703311196294519	0.305594113619075	0.700486030745477
935	0.0109332292726593	0.119196999129087	0.410651777428954	0.531750653507274
100001262	0.134556991847985	0.183140641693902	0.330997533206177	0.697543011464386
100019978	0.347839104117538	0.601608937302437	0.308870105617262	0.655975210949184
100002293	0.822551053382305	0.842686369007238	0.317742004020943	0.671379028434429
100001426	0.207906510332384	0.271856838555143	0.318993326657816	0.512877444385641
234	0.027059905616285	0.142865068486495	0.31568147507189	0.644380789387426
100005403	0.2764988069204	0.955266490550896	0.328796756910708	0.667403450517951
100001083	0.0570364883571819	0.393914935301156	0.338116358913623	0.689817609871874
439	0.720116283251514	0.332411570414228	0.337577163491228	0.665652294150006
100001086	0.3787386807078	0.425479194452757	0.329426463237848	0.74907211779692
100005864	0.767887811607487	0.468989566660699	0.290772166080913	0.735672215543445
491	0.481543574110838	0.889868450363015	0.31436970454077	0.672234899484612
100002029	0.390546454467006	0.38777879994453	0.304684975531124	0.525780044897845
100002154	0.766808318389103	0.463449140715375	0.27984187316863	0.64766962308755
891	0.46131833807372	0.195021026318212	0.354185910987084	0.637750857731769
100020261	0.355507288551707	0.412906361925902	0.380720586550781	0.642395421507266
100001296	0.470396671615539	0.479369098224936	0.3198681274265	0.564349299527674
2050	0.537058920460987	0.484138329508316	0.341524316624531	0.609865856397641
100002761	0.443418991582928	0.823224797616387	0.305748545181744	0.753296464255226
100006614	0.960476497693521	0.649792230351778	0.291860191712996	0.73728362519893
100001597	0.663202656105396	0.242290362841171	0.223724587325876	0.517885819732202
100020853	0.735040273053499	0.823635045747915	0.320994018000496	0.682996607595198
100001446	0.216313679328791	0.392181770329143	0.284327032063291	0.661281630949099
100003240	0.225942409454263	0.103437084573963	0.370746786468389	0.582452810698623
100001502	0.0132094199069749	0.185516638291623	0.392782497526951	0.76541494482425
100020866	0.0899942812768746	0.0125134757692587	0.198582178173248	0.483956505020361
100020419	0.0368111853995765	0.118113195759914	0.340453507341796	0.433360526618115
35	0.698430007385828	0.368211033130078	0.287449583994132	0.626991982099064
100003696	0.01398788767185	0.0613119484219799	0.453282190098187	0.608736879664652
100016038	0.884495641558822	0.826894991266266	0.309641783248683	0.646213989815787
100009333	0.238772719991775	0.204447311879097	0.313581267691667	0.696618551387249
100001611	0.133722859453165	0.239617241481394	0.427735653358156	0.643710894274457
100005383	0.604055120417578	0.255821068020384	0.326777605633099	0.717328515727877
100009239	0.246529273350372	0.117713656513979	0.401007203864278	0.484144453599739
100009332	0.363076865504306	0.271650156400992	0.314792048764673	0.636713664520969
100001731	0.153076750961992	0.667334701910414	0.323265422607338	0.647538744339742
100003415	0.367959492843087	0.449292326230176	0.307609068035628	0.686952710307386
100020578	0.145990594525886	0.198548277096033	0.296948453533857	0.566699098101752
893	0.476444406572608	0.884787982615689	0.313365869424692	0.672948243682258
100000963	0.284423703260927	0.203409020127635	0.409915987029154	0.473495914027643
273	0.136421871099567	0.328780865509096	0.366058750193315	0.665964429462367
197	0.46371135619919	0.396687118139044	0.306353974935937	0.547010442072196
100000808	0.339833966224072	0.291718402255665	0.299223974095417	0.808484380641854
100002284	0.778313207642516	0.369629003550765	0.209188561085402	0.61287575939705
888	0.523065915040175	0.263297683697354	0.325152403655729	0.657694567973525
100006435	0.561515725412142	0.415994333919129	0.25679080124733	0.927057220764594
100006374	0.168603443229586	0.481643333364426	0.327605069363447	0.658782993824813
100003169	0.515747773730727	0.906423777429616	0.312083480845192	0.665409215606605
1004	0.565703707937414	0.704495900863331	0.294235572588043	0.643317694667744
100005998	0.102427904093628	0.937201769723717	0.329348490886498	0.675167372497969
100000773	0.695433965067865	0.585190682864064	0.320070384264554	0.655592486289384
100010850	0.0146149839956787	0.109689020805635	0.373857801046119	0.545481022928944
397	0.821325429322381	0.412555882523303	0.244690675454919	0.729166220810082
100000039	0.0673025065399198	0.194075327339035	0.255424328982686	0.730132421119034
100020833	0.5098206586715	0.919187624892018	0.31323216464471	0.661747523181826
1021	0.37477122598255	0.395798064780748	0.300255427529119	0.702492606748852
100020479	0.348412143338267	0.581419476553352	0.320367092929662	0.681223145854477
100001335	0.547948836818358	0.340670599201422	0.354062431391805	0.640827641877887
100000743	0.421087498383948	0.765227957417815	0.316168631834147	0.622863864832033
100009246	0.191051181514811	0.669537766228155	0.305190583147216	0.699506370615704
878	0.158718167694727	0.83469187146522	0.308226343036204	0.679762856332494
100021103	0.704756193246033	0.879984397663472	0.326276739640455	0.739808602967102
100021363	0.24362566041375	0.580696174328446	0.295506281944978	0.710001292577727
266	0.137467541691315	0.190290850250097	0.318338108931284	0.594253075033044
100001195	0.269569106081769	0.190165818277455	0.407907478449168	0.592754100608816
100019801	0.731230896976436	0.666514299923155	0.330814095110399	0.655852741932031
100002196	0.0199596327447361	0.160819430656476	0.339712558820983	0.683742184939394
100006370	0.220724100289277	0.961856145508388	0.313712377892662	0.67249776042268
100001510	0.0342007766083265	0.00418096668725169	0.265886857811579	0.768909708344524
100000437	0.668679219837028	0.609219696679169	0.304599320742463	0.718614515271025
100001767	0.306030877457584	0.0818158061084068	0.368717922977572	0.726830399204595
100001810	0.30472775487672	0.436514989138727	0.335823671983449	0.851207691622223
209	0.0248874702484595	0.316368476108823	0.367187200955203	0.653700999663173
100001485	0.330113502203563	0.132182327106511	0.201434148520767	0.607894470149394
100002500	0.119813716784509	0.447156213879876	0.320867366081822	0.641302917560134
171	0.0186979870100808	0.0170722956575669	0.23908387100125	0.670878229747125
100020487	0.994872087995415	0.735575694779955	0.346582220252583	0.607087513237581
1206	0.00639968363760624	0.113570333478236	0.320951361408331	0.722016156750972
344	0.00867266893143149	0.0289292807688412	0.64164922324695	0.761196219357854
100001405	0.354866044215374	0.72269322011299	0.331264172415764	0.642553295433223
1239	0.969763956492239	0.508508083818657	0.351021553889279	0.673912444372733
391	0.0384841671071543	0.171235347985495	0.300828487691872	0.886901619681318
100006430	0.416258357588665	0.16747495966812	0.394556953288896	0.405463782364703
100001417	0.866584689862995	0.598312199240602	0.303872167271325	0.758700745778881
100002951	0.0634844585578427	0.486162132952289	0.31151750980717	0.594315574552085
100000014	0.453281607213668	0.630465386528088	0.309015577087619	0.705347331077461
100003926	0.531553464173418	0.441113548434299	0.343342628826791	0.650676557210179
100021538	0.466314033717315	0.33703216317755	0.3715853046176	0.579504047156568
132	0.273842656553454	0.912008992622333	0.317387008940772	0.669881352138333
100001425	0.547835606169263	0.481131642931642	0.398132341506354	0.600209817527245
100020262	0.605045583135156	0.644003612273957	0.338666198490452	0.657417446218747
100002679	0.309420681478592	0.607568226098797	0.295160049139972	0.759620332763568
100001270	0.705553154968908	0.561649926739623	0.32193676947871	0.648659353860164
1102	0.659255035485183	0.858428122246988	0.310344419959906	0.691581541235587
331	0.343926996707541	0.247039685304735	0.264304714539063	0.57446264329676
100006361	0.542986179013991	0.639475371266328	0.293845856947275	0.739317595289419
180	0.8058722190243	0.889436024194957	0.328671802502457	0.667783387967138
1053	0.321292923973328	0.464534533374223	0.461804639833578	0.734894953204234
100001359	0.675809731923194	0.944911001873516	0.3251279872042	0.666757205645223
