chemID	simpleLRM_Fstatistics	multiLRM(chem_sig)	multiLRM(sex_sig)	multiLRM(age_sig)
100021136	0.0433774440901653	0.284040159980221	0.362288181818504	0.740165283798281
100000882	0.942897899013656	0.613226359588855	0.345988798553363	0.624735598203005
409	0.111165129720113	0.196032053485036	0.372841591474112	0.428340341894651
100002254	0.593714186757305	0.0419422080675391	0.227212598175569	0.632167065800361
361	0.0131678357698843	0.128861006226133	0.243332722725354	0.632695717632254
100019975	0.70870237723241	0.642790077611221	0.332901049787325	0.676477794629295
100000257	0.00469965412945526	0.0573719826724277	0.290702931448122	0.596603910601985
100001232	0.870880332811791	0.851621121963077	0.349433042398788	0.64446567959453
100001948	0.441759317859606	0.422463310694613	0.350980589068611	0.532539368423943
100001073	0.759336044911546	0.768350544653167	0.386379717909462	0.609078051791765
100015637	0.825817078191486	0.375909358524242	0.35897158026647	0.64844036538802
100006360	0.686601825704928	0.743344480563436	0.316633493816267	0.710511984526722
1488	0.375097669032574	0.486201840916375	0.337584560516839	0.622216513560181
100002253	0.750285398749702	0.919206999258407	0.328300413616845	0.667887931980789
1023	0.862157367050614	0.661641381706014	0.327301274643425	0.635658845641021
100004284	0.349911512381001	0.21973176989408	0.310804664294406	0.695641370781606
100001251	0.83786662705296	0.915172366281185	0.335216793975374	0.658058724256235
362	0.907470709074592	0.414847914013699	0.297050236471702	0.64669465896393
100006620	0.952998096026559	0.779525696822199	0.332513256385713	0.662819737416859
111	0.270276120679749	0.142358916769064	0.280021906250787	0.62283747593304
100009045	0.475906735729879	0.229378730789154	0.272466144339486	0.827206143595983
100002927	0.735209655195412	0.873103608929295	0.325532936098161	0.673465183795676
100015641	0.894083928382896	0.966505731345371	0.330826897870553	0.658907790695999
1114	0.130264540325551	0.960188589002164	0.328705624911697	0.657944890279592
100020409	0.372076532445317	0.380830690104425	0.330947921497551	0.532304748183372
158	0.138910903339239	0.254820187612481	0.41456896601367	0.684517049770274
1224	0.0878255434658057	0.24591043978987	0.264513310839489	0.692346883727603
100001620	0.359897994312584	0.333257838070144	0.285127245646218	0.656766316290888
100020893	0.343555266137876	0.0734843250504865	0.302872045986945	0.395210281085943
100002458	0.849775265975934	0.513909487331517	0.3823520714428	0.593833936467208
100001112	0.993301006564559	0.888955762861635	0.328635732403159	0.645578817518831
100002953	0.591661266431462	0.943053745930785	0.328840793720252	0.659291313114545
1141	0.288391957271479	0.0440570699071263	0.433088702436204	0.4677449714743
100015834	0.520225450037798	0.96306545892224	0.330096883461392	0.653595824238477
100004561	0.307046181414143	0.635561522111007	0.343794826596966	0.643032442009679
100020497	0.750841706284941	0.795741974125203	0.318191377767092	0.675713744637427
498	0.0159019455107243	0.175894617313022	0.334329622398025	0.756126114204711
100006051	0.750349786046255	0.781688096925753	0.336647399736637	0.650241965876522
1668	0.555763202227801	0.598213720056392	0.32485172574562	0.60665717915308
100004523	0.425425675916414	0.855488813902864	0.340271950762512	0.63896549595392
100001604	0.229115696481942	0.513212496374171	0.326231126188264	0.701914875099256
100001002	0.188796039384904	0.539495320116328	0.344588221011362	0.641902679635228
100001987	0.0873994642315309	0.299120237129938	0.850190863160609	0.526728938420833
100002462	0.677272131305998	0.371780857659813	0.388513409044091	0.545654650910376
466	0.534746612627356	0.0687796077610027	0.362007291686391	0.632266580918134
100000665	0.947684919699858	0.389849004377782	0.375571620265138	0.59404016908128
445	0.986068051550027	0.465209478844318	0.3609120257522	0.702881009337217
2029	0.165514126451463	0.509356691181522	0.34955849034393	0.65851769633836
100006438	0.157774837223545	0.269448546897156	0.379303740850345	0.66899720169677
100001398	0.127437308265411	0.533805756889813	0.306132962356485	0.678826242737835
235	0.64916599160245	0.601672225965621	0.303765304927907	0.681011049382007
100000997	0.529758973058117	0.59543441098109	0.335537415270092	0.624676957182146
100002094	0.300383728831096	0.238648251632684	0.281315785379492	0.527633106930545
1052	0.597736825176021	0.919176687447209	0.329614329363807	0.677752715127059
100020823	0.215788646506702	0.479831017933961	0.306839104590225	0.640141423559176
100001806	0.0880619423920236	0.357222581578889	0.440622276933494	0.670824349554539
100006092	0.846522799174756	0.894310880941091	0.335090943386587	0.646932609286831
100001415	0.125665178327509	0.0837054471840069	0.330516409157043	0.387910991382175
100000008	0.0341215048852249	0.0650271746800362	0.369106503105374	0.488085860025744
565	0.0299653408191289	0.0986565386700954	0.316043487497992	0.727457891844809
100015851	0.180266695760186	0.20797369199575	0.415311526467658	0.788113005138713
100001866	0.479555634876624	0.82435604291664	0.353162635876163	0.630987552085726
100020546	0.00433243026926165	0.0363332378959399	0.563625867019503	0.842633154801578
100016110	0.475508513881962	0.389093217775089	0.26878370001617	0.760924383341123
100001254	0.00660659008076566	0.0191264241612354	0.409634935491098	0.860162945078121
100006260	0.491169342737778	0.885813175106309	0.333294361809053	0.653642882083602
826	0.586997723114534	0.810778468370551	0.332141824589019	0.648772811942069
100001872	0.47548497856613	0.831010612124131	0.331236084777484	0.655667476197315
100000263	0.458176682723632	0.456777837262638	0.391261114449089	0.649631215615212
100021198	0.739774925850019	0.0560115983140602	0.226990643879261	0.361782751296029
100015967	0.0277816444684228	0.0752049146483468	0.413644692911848	0.470833155436854
278	0.207889821080708	0.314911265541843	0.309388685802873	0.919155356129553
519	0.584781067400264	0.283225984783682	0.401916753449309	0.584450932045056
100009337	0.148290168865802	0.356127265556981	0.431015234427382	0.643111349333117
100002185	0.554124207357979	0.766869009364265	0.316033412797815	0.630663438517121
100001278	0.2891038754357	0.227726524770154	0.413404378659888	0.603257869256208
100002103	0.772529905639257	0.656002186829507	0.330579586862772	0.61205309121764
980	0.64282486122395	0.393870404677258	0.370260091264029	0.633852239894921
100000016	0.75306229410936	0.406113997590665	0.327356829951227	0.627518752436674
100020372	0.231566056192015	0.533782480450227	0.327348334181881	0.6003255404893
100001662	0.714016830467124	0.152900975034527	0.139915535191372	0.66430298167096
100019972	0.972331186150157	0.643155168909661	0.341142778180803	0.64076293150505
254	0.852122043294089	0.774675528827263	0.327829790977792	0.658718288917749
100002009	0.704260568815274	0.714088981371592	0.327278485355403	0.5886644608692
100010895	0.450790541000747	0.534131707987303	0.3814043350319	0.634652572321297
1140	0.597147764701323	0.869123241147801	0.331384176355001	0.674308877228369
100008951	0.744033125127767	0.589544488764852	0.348503467959032	0.62311195412536
1084	0.35933525757548	0.80761238584132	0.329898978767333	0.69877670266472
100002796	0.205862232033898	0.5220550353495	0.302513912369882	0.61452640603336
358	0.99204035598517	0.923315420381958	0.327965267401882	0.647766440171762
100002070	0.644242925283827	0.615378014041521	0.319521349399286	0.696525529855162
1628	0.325449337406283	0.12614266134839	0.402395248565385	0.638381226074993
823	0.916193326700887	0.648571162546965	0.300905689521964	0.701614165118393
100004414	0.347132546513568	0.0756662173514837	0.435657722475145	0.798182710269352
100006129	0.6856391832274	0.67913640446689	0.310904956609575	0.670931790412317
100002028	0.75808962119949	0.493370571085777	0.434734202644832	0.486096711849218
100021707	0.664729885257009	0.742658878724582	0.310783019097913	0.691535033497545
100000054	0.485148455987671	0.454818401659618	0.321527569439348	0.680929409517917
100010869	0.418228939382482	0.211578331372546	0.343107474647884	0.522068101060774
100004575	0.0213493834349953	0.0851040747318438	0.424229246260659	0.993625844516168
100001212	0.976706321705769	0.659469780345762	0.334345722196654	0.594081009994338
818	0.13766267259685	0.446830574260338	0.392933781274895	0.592256126126577
100001092	0.00299482423159455	0.0286435631770213	0.32052455678652	0.64381970260832
100020371	0.936172872808589	0.917067142549696	0.333203469877389	0.654593893314556
100004112	0.211308721923143	0.512283361808343	0.349842457447447	0.662687407566167
1125	0.525785682606619	0.392626321021148	0.36122447206573	0.688524589630122
100020491	0.851279555718636	0.545755260338512	0.286258710055106	0.669659800513582
100003151	0.00258891732341696	0.0228037958907539	0.491997372331264	0.534945692398996
100000011	0.146463899970749	0.0909437876723449	0.238842133246334	0.779692074644261
100003594	0.252031685958753	0.758247476168217	0.356722097769744	0.672496644946959
806	0.728802492358868	0.157234450663379	0.327880723981402	0.461125288565895
100001211	0.853203531742453	0.522379172359519	0.344172148017147	0.633598952101915
100002417	0.681813828381009	0.564745714722466	0.319637142402177	0.617932973911564
100009335	0.662023888910446	0.246593763272601	0.274741734443566	0.677728316870812
100000781	0.897137220054155	0.91834214502081	0.333045524251688	0.657740015365561
803	0.0323868233027915	0.0337797554489092	0.314714608757421	0.535157075034948
50	0.592162142793765	0.759540554073131	0.335591353049137	0.64267348023319
796	0.332346860582102	0.0428634062757441	0.369487637091455	0.637986991744703
100005834	0.805390977787511	0.562494108424797	0.394982858899769	0.649847723195544
100001580	0.752363421123954	0.441769066078811	0.364128367979225	0.655898805232458
480	0.974256043090467	0.532375816767429	0.287761183707444	0.663335984498654
100001540	0.236204695378496	0.700433021084043	0.424026541413881	0.742517011617902
339	0.554012171008638	0.12290693648567	0.300554556138331	0.565108941210833
1110	0.982796028180907	0.964886674717125	0.332632699531715	0.659508423893594
100015836	0.150655204240132	0.171099581125618	0.482147480057678	0.831508881817946
100009271	0.566660747524868	0.529574211156116	0.366848380687347	0.636848326672736
100015638	0.860006645249872	0.392356165524491	0.349050755915562	0.634608381206791
100021667	0.687885940380194	0.38619143172265	0.389428162778035	0.630340192625384
100001279	0.65365603732855	0.397495864810411	0.355394741274343	0.773674963840076
100004208	0.0193546526635104	0.112179600936901	0.497305121780347	0.775882579469128
100003695	0.306905173975799	0.190494228512806	0.3492583624074	0.464817290794091
100000802	0.807076185245367	0.894941403892607	0.33240843722938	0.651798652403083
100002769	0.55777632241814	0.0670468751391834	0.236925543476788	0.781387994326146
100015835	0.142222283423649	0.343197479363242	0.464529002426457	0.836565367368763
229	0.699053727648865	0.330102264466626	0.377495995975933	0.648264872012292
100001266	0.0100927740958505	0.0321535559944515	0.407784226777408	0.953681674336413
1342	0.309259638435921	0.363552248675523	0.286016543833718	0.673084561017353
100002102	0.778761128190081	0.527589473212157	0.375299279058033	0.761240232729113
100020254	0.120975150500596	0.502233539204416	0.322172395118028	0.687926099990921
1231	0.351495140573719	0.19392439086885	0.401642771832012	0.602679368209518
100020492	0.982501550104007	0.897407875899287	0.326358866823041	0.65444680687969
100001402	0.641220325092743	0.722689652026295	0.319692302634262	0.648206634085432
415	0.00792314066698424	0.0899123677468725	0.383730588584532	0.715017841972364
100003109	0.932469121896493	0.984707387715188	0.330685324932663	0.658266213665811
275	0.551664058179719	0.874646257045319	0.331677394866215	0.646132491524116
1143	0.21464012679601	0.0886991186005771	0.299981300424546	0.752095020339193
279	0.251909556764794	0.260413806785701	0.335415519806028	0.495471718962179
100001198	0.823679680222605	0.928553935245853	0.343056888164309	0.650309373445124
1648	0.311595341215574	0.867903902256731	0.330655024603401	0.658051184220248
100001590	0.328126500462707	0.266090940590587	0.316781488672066	0.569996445780111
100001733	0.525705436719104	0.962299295443816	0.329475889720309	0.660179432343699
100008933	0.00972263023699382	0.0017035154417511	0.458322754597386	0.609514197515331
100001550	0.40261570379763	0.492640005122367	0.312278225956332	0.602419187662699
1215	0.0823000287837712	0.232394985030864	0.278818856134147	0.612968950126925
100002356	0.208842631421239	0.0956233369465334	0.401433416972445	0.663728001965759
100002749	0.79808644800047	0.814630123354063	0.332567909539594	0.661629401342973
100006379	0.143684087780136	0.146282937544157	0.385529125968126	0.399708341868588
100015966	0.066969501264445	0.134760535547528	0.362540167109605	0.474320308001896
100001392	0.814107850292803	0.862008573055854	0.334516087799255	0.652738831391632
100020425	0.131740797226761	0.0505195600936237	0.278019453600986	0.416576482055355
100004299	0.249569293008544	0.708188454659909	0.357873188323536	0.724577212959156
100001734	0.987831146150147	0.728337436077422	0.336898789747583	0.623530508625853
1002	0.563782974369877	0.9797099686325	0.329575135635502	0.655039528943486
100001337	0.404983021788144	0.880382802817144	0.322768888068725	0.65615421307377
100001452	0.61785415739461	0.88245691113479	0.328719979936142	0.642684740841954
314	0.480683191312302	0.366117018312196	0.343915098325048	0.673851234421962
100009264	0.875454142644929	0.495185205264874	0.253894847319374	0.791659619618099
100004634	0.459631767095261	0.520377829547191	0.299550425208476	0.671575023783432
100000711	0.833696581304283	0.748672104567069	0.357409658253204	0.676242108199268
100020536	0.0259441699802763	0.100228635700143	0.399306481614519	0.759723838433824
100004318	0.301975497315733	0.547515422005414	0.339551641998395	0.650413215548545
100005850	0.94871035137429	0.516127542828361	0.404878967111873	0.607946669221779
100006619	0.438167070114096	0.180806099732069	0.365803732086764	0.645242979732299
356	0.286972494318024	0.527331151682774	0.315176789060399	0.677766287923611
1221	0.61840242759005	0.599184895442525	0.414788823424978	0.692150196556417
100001397	0.895614819833746	0.956705849120222	0.330172122423879	0.654169443212689
100019981	0.524244999050792	0.821860926171083	0.337121784515511	0.682095579266515
100001208	0.3893691213548	0.241160538051035	0.289806383153217	0.947144148835582
503	0.011277155339149	0.0107056991948081	0.20623850339518	0.495738606510401
100006375	0.18733307131663	0.644638203358817	0.355298149601614	0.636235799626554
100001295	0.994539240759295	0.783232419029993	0.324873334000402	0.710005946853949
100020427	0.0576609827085047	0.0274900010499121	0.319293574148468	0.357068798028347
100002784	0.328796077217793	0.292581718004305	0.277024273667463	0.733961795949851
917	0.107485938357918	0.260867589535594	0.353627548253537	0.612985468499689
1869	0.684982573794065	0.53702431531347	0.33160684707834	0.5953754063527
240	0.102584351324663	0.0556998903915791	0.197476148061935	0.420906823674204
798	0.00483567576504713	0.0790602429017034	0.489755197676921	0.58613203552527
100002952	0.331461127470683	0.477071917609431	0.330104000982557	0.739663846788149
98	0.947402902614868	0.974554754937966	0.331747238430472	0.654534410602791
100008998	0.27619668986281	0.32028010210056	0.262786662152737	0.722584429720738
477	0.96578048932646	0.284036653765263	0.337995793455008	0.650885350221014
100020545	0.112032994185102	0.16711355154334	0.372285867803348	0.8118621463411
100021666	0.828234919229627	0.192807626582636	0.382771598396567	0.646369056113
1256	0.51238005819041	0.682304794330854	0.38378061681328	0.69304968373819
533	0.31436225662449	0.080976400630443	0.238439484155617	0.411840990553047
100001757	0.492278976817914	0.935267876251823	0.336996090704476	0.652339610358399
1024	0.268946119656332	0.0837691118403497	0.225014319014746	0.871610045277608
267	0.403783498969314	0.964077570887486	0.329204353636964	0.657342365559065
100002113	0.0735134100826636	0.0742627387484674	0.323492856530512	0.679575846099276
100001756	0.915370067555061	0.760955932207223	0.341638086516522	0.67333432406734
100001193	0.353747866420157	0.16203074401145	0.414746056074989	0.598625465000696
100001668	0.695145718722812	0.991082731730077	0.33160628641774	0.657191057476693
1124	0.299643144494533	0.296846766814937	0.293345796403259	0.751458516001418
100021331	0.0923208052521299	0.225484593938926	0.311071272381413	0.702853382061908
1090	0.0929347460876422	0.0553723285275551	0.311635813899982	0.794816877716452
566	0.94020828665056	0.274627300484583	0.241096881841567	0.658269502046212
100003119	0.366115354352406	0.248623089550136	0.371993457237324	0.587709093882212
100006367	0.682462692598072	0.530891904024817	0.34356195645813	0.633727916227467
100004322	0.245284936687721	0.260080830966535	0.337796051708233	0.73986154978624
100001034	0.744499070232418	0.811266686228982	0.326483526833134	0.646603964804772
112	0.880881403145373	0.886514957128853	0.333292394195013	0.639142563658517
507	0.679965959097507	0.749440935605922	0.329404738500579	0.66318115893605
100009233	0.412167949212208	0.233257496531906	0.305268699066535	0.673395428940156
100000406	0.0164746931028811	0.122912916148573	0.523750569326168	0.455343987276489
100004046	0.517343119355927	0.326130797151328	0.187791775637049	0.578413000873761
1025	0.610375695698397	0.620244310790446	0.316245351869607	0.679408809019138
100001106	0.360200417582398	0.282996754503957	0.280520140085681	0.684604871696664
1128	0.0569776635291155	0.679798948759955	0.354936065156631	0.692735547922351
561	0.0697701689255897	0.210969729871353	0.239082698548169	0.581686781078321
100001614	0.738295925398003	0.335500921369575	0.349468294268544	0.628916722476021
100000961	0.818684259599984	0.810506565300094	0.316882058520923	0.696357013966083
100002397	0.846213710787058	0.596155527688348	0.330727041126536	0.587847576002916
100009407	0.938303344147633	0.984459028851206	0.332102675036537	0.65828709438423
100002910	0.884134886091382	0.616180818124677	0.304476971529962	0.594879246941588
100005946	0.294066536835055	0.370455195222321	0.374881517196736	0.751378165871811
100019794	0.119389724059644	0.3215510765049	0.33098899313409	0.804073705667655
100015759	0.418347176222869	0.126489390684291	0.282741462068691	0.662111822911693
100020417	0.571061000606642	0.509446739411967	0.312150562049832	0.621977685556191
100001054	0.752801768695497	0.946950496835978	0.334400809094971	0.656183472482306
100001437	0.416777851578259	0.394721359456704	0.28342956177616	0.592740162665934
504	0.310985860373504	0.746003698773025	0.377274158369346	0.663965379258094
100001988	0.415393668952373	0.624066862100155	0.324116172124566	0.824939557536394
1082	0.022930985837199	0.530891409659821	0.37508625612311	0.690330109561501
100001403	0.920508163125582	0.79725007373226	0.336527460891992	0.652025451604099
100001664	0.999010550373064	0.596850247054207	0.315921127558053	0.811219533553533
461	0.366622796971499	0.258689123027883	0.493829980889977	0.6337068750511
100000463	0.939262973653083	0.823733566467731	0.322597119526712	0.652687785324724
100020208	0.414064707444808	0.408681757376653	0.38875904768866	0.508807843206734
381	0.392066106290683	0.0505374431825785	0.142501490327999	0.470761222310047
100010901	0.129316218641788	0.096278304973446	0.326327529102633	0.767161579572918
100001468	0.261811334098806	0.979265934414226	0.330391688486657	0.667209953113784
100000840	0.993321447847645	0.876060665727348	0.327653326197723	0.668482095954413
100020014	0.25313271641308	0.597228896098681	0.324332182329551	0.67068146214521
100001993	0.685365875904842	0.573146449040187	0.267298053647609	0.822117385355692
100001051	0.152570274666541	0.0293828967398029	0.356198327910282	0.35802377863214
100006116	0.401381359179725	0.520304345875352	0.335743153417717	0.656987645815267
1108	0.78753096457216	0.819553045703313	0.325195947473992	0.674495172372401
100019966	0.271928841799965	0.11350959367912	0.39998893034584	0.624056443627239
100001743	0.463232590995437	0.343248600427745	0.322031229697676	0.635961876993178
100001294	0.047153498996904	0.111923620106256	0.226309161860038	0.722609121834061
100001609	0.449225760392245	0.168099466509244	0.309063890015204	0.736747511999385
418	0.928231347341925	0.880511568771088	0.328556451269096	0.673025748267653
100001178	0.392302635301387	0.897856641377039	0.328156923484761	0.644520945665493
189	0.963267448761645	0.655064022086824	0.300453943834983	0.619483895315443
563	0.643927090354491	0.717271942946628	0.355523620760776	0.634305421256681
424	0.428365473246164	0.368891030711515	0.376915427374269	0.634298628634314
100000776	0.152966009457305	0.330704848860298	0.374470576449618	0.658323410500282
1001	0.996706456681067	0.482112705709356	0.337700379257626	0.661134354222095
1135	0.395203191858909	0.109937851923564	0.316037012844084	0.712470703558672
100021093	0.418892792015667	0.536745297585974	0.374484908340142	0.67666890799057
100020219	0.182016056358675	0.284446451700412	0.339159469078876	0.561640920500946
194	0.362067579635337	0.943637294851044	0.334301428688496	0.652225069440733
100008930	0.539477820141098	0.53042880741815	0.367622295975347	0.630771221262917
340	0.43300900439731	0.180103443647033	0.195504227370626	0.745965749130899
100010896	0.676904205472238	0.933687850846589	0.330554688261724	0.657781169324749
100000787	0.292612051048355	0.133414336475225	0.319377197428923	0.390332696856093
100000639	0.0360096796911728	0.224586883157039	0.299905168363934	0.662399433969262
100001851	0.942368873658282	0.244282028591974	0.361922452683754	0.434707059419717
179	0.636586829896783	0.593518330885997	0.324400831678055	0.67070715278659
100000626	0.550228870157877	0.836933170099216	0.338199616384101	0.656312147841428
100001605	0.015963348135883	0.0991120740406853	0.415278512239398	0.746413014100722
330	0.39242594323062	0.537544639904913	0.35444789947507	0.557050191843461
100001162	0.772336089097318	0.605632640094663	0.298950986798442	0.624301194413478
100001167	0.0323988395141012	0.200131046874862	0.328790833006008	0.634893960724735
100002067	0.614077321119608	0.785588698414372	0.414014867869371	0.602780306587415
100019968	0.593405730707738	0.346091967208416	0.368014648157329	0.588423496557445
100002014	0.888143235290438	0.949517905475505	0.330053673161376	0.694755294302113
100004083	0.48830825740173	0.147919567897022	0.36553385923139	0.525486307628333
100001315	0.262333401627427	0.349317172108705	0.350693460814363	0.727508016870039
535	0.328463011592963	0.612713795907997	0.351784316927409	0.648597343627798
93	0.362316189647538	0.23628093549598	0.377118899661863	0.48815018931839
100001989	0.247160794878494	0.502028187254838	0.297190661060679	0.713876266578791
100001740	0.579080078953653	0.350055386054947	0.300469770624259	0.677572974692315
482	0.239686828585048	0.963409186762633	0.33074019863849	0.653869627253182
1629	0.209899168778991	0.359967558024307	0.403336184824911	0.627852068088454
100001399	0.781141411357028	0.554859744011562	0.338327730264163	0.658328885165151
376	0.707782508537346	0.145936088865354	0.202581399202092	0.767475797320809
342	0.477361162129795	0.690301568934441	0.328497518335685	0.6545936238002
100001253	0.0262938258986913	0.17624175198238	0.282382094494615	0.870487230713627
100000708	0.778214792158035	0.871996681968471	0.343181400413403	0.659817742882025
244	0.175365625417235	0.0517746974150786	0.277565626154114	0.772959650689234
100006726	0.279739083369618	0.223196160754033	0.397918333662846	0.638438169907536
100000036	0.245998168996818	0.605303979723162	0.303565244993784	0.699643518292073
100001257	0.0312990190238092	0.0979565863033463	0.440643528205581	0.914131619964931
100000445	0.56959833261387	0.678530583842734	0.355025740734162	0.620838545730002
100004088	0.00282592419544123	0.0929721784254815	0.391260240187261	0.734491112519463
100001423	0.609228295065296	0.979904827618771	0.330234781322324	0.655450663698317
100001276	0.348057075739368	0.266607146854716	0.301288936768925	0.568192929017262
100001876	0.963658013796663	0.781722987275449	0.32320727549607	0.661223145657796
100009082	0.598018451396975	0.0420667404111444	0.153560285369841	0.63558379247838
100001121	0.315441395327097	0.697441148347907	0.325598240557497	0.650669567538795
117	0.313532784570667	0.623825280669636	0.311268788069755	0.676275536605778
100001868	0.0473475931690358	0.12096186391386	0.387733166550031	0.663040036086933
1134	0.648286041771243	0.296191446459143	0.226157657091307	0.627308194524511
100021012	0.296711031868617	0.500674388332982	0.338653411724644	0.680041859963738
100001181	0.636020699684238	0.230542888810588	0.415500853457615	0.580968777212428
100021467	0.636165441044204	0.268435462854505	0.336526969833332	0.5596474127233
100000447	0.804883696731712	0.715118614551239	0.339611313912675	0.645900548527711
1162	0.00113875515031674	0.0179935254749871	0.415231022770572	0.566336456698774
100019982	0.597688374864882	0.433985546284295	0.346056198407733	0.638471206956646
100001613	0.880783060234007	0.411836609648562	0.35003903378581	0.621615345973712
100006644	0.27486236634496	0.531403256257532	0.305269415651209	0.689348299894581
100000096	0.609467043935018	0.0311381011984349	0.2194675311932	0.626002345329428
926	0.63087651708797	0.629927625875321	0.339445991567095	0.660011773782004
100020004	0.826256607873413	0.714870497904808	0.345444802502588	0.65474589304962
363	0.149142680278032	0.0383661770394813	0.308828011224018	0.238958400296468
1111	0.428533854340412	0.953552318382181	0.340961937674315	0.674361157012698
100021712	0.51392850887672	0.922151469653368	0.329720330634537	0.650810136669876
460	0.962527539014364	0.803605771389372	0.337755790930409	0.681149677723484
100009331	0.430858512940175	0.247859672521349	0.299438124504855	0.682936197851522
100000442	0.343734280310497	0.794345998560414	0.348463227208961	0.667348495500766
100002945	0.0619843925218145	0.0140510561220663	0.437672347690562	0.610699018897718
192	0.929893063740772	0.824443297608637	0.319134516699863	0.703138574471213
100020241	0.563764400714738	0.899244896847118	0.333337803657764	0.656871778009326
100000580	0.185767993249537	0.170168438852713	0.281664165879524	0.877005316345894
100002466	0.00869635189997089	0.0267506379047064	0.280650774009387	0.414846967040381
849	0.634021101977548	0.549876535088959	0.33703941338186	0.60040291238198
501	0.797760682582648	0.677637093785883	0.343208006673458	0.636011984742636
100000282	0.80391210813687	0.168416501765808	0.406409949623275	0.56030245148137
100001577	0.0305617132531176	0.168825844370489	0.455453886318196	0.722860122749647
355	0.124894783311835	0.337424774619051	0.282656884586275	0.564759199486489
100000841	0.657615991372977	0.927366585081063	0.333429149184346	0.675837478169533
100000846	0.787206044898986	0.376547994535446	0.319616481359877	0.649812230736046
100004295	0.834826078516975	0.385399766458218	0.305526666300249	0.603635203720106
100001586	0.271945951534285	0.0971133942681272	0.426729825357889	0.367814821089049
407	0.0235777145389702	0.0440245766625429	0.360230978750721	0.726918269780901
1137	0.927966544513773	0.785668423760067	0.321312909848937	0.686816138703586
100021374	0.0557926592811579	0.0200398692121073	0.255203644660899	0.954911433212131
100001593	0.822829839004477	0.782396278299983	0.321810728425434	0.665073401691872
100015971	0.677054740203287	0.693960084600643	0.322280794732083	0.652384494485026
100001022	0.25423594351461	0.145738909899143	0.20170075533838	0.942940525147104
1094	0.117060966427757	0.318784786561946	0.467862055192302	0.854405675357691
100002122	0.21131932307761	0.220343728618867	0.274085325046278	0.76195580736409
100000706	0.760028461942562	0.523618678240408	0.28086417417696	0.655882150640944
100001055	0.311644377160191	0.681935241793013	0.313107619209603	0.626346759891294
1235	0.468160842498326	0.708470938594053	0.315331295558821	0.687619824533134
100020204	0.113793458392939	0.544401831991749	0.35525596950108	0.697256893668346
100015643	0.035750651783436	0.282655967987167	0.360620844669609	0.608060648331089
313	0.0278757087741075	0.273043260228706	0.347084967735216	0.594853368888398
100001413	0.928659352181173	0.848800072197962	0.32345678109801	0.642189259896786
100020423	0.0190779168001902	0.0141824975768658	0.361391629411006	0.329549946691979
892	0.334738868097125	0.120704607838953	0.367327581303969	0.686830070296246
212	0.106876350756376	0.160733832338859	0.419680207452347	0.638125273070802
100006105	0.0899502381343526	0.118845379556722	0.393420073967312	0.670504827994854
437	0.885409434339603	0.548280275626064	0.3062668656143	0.672987248643791
100019892	0.541367250386088	0.749062478111738	0.329305780339847	0.682266666449391
100005716	0.0733397513043282	0.10359818240353	0.356742717510702	0.740939913257115
537	0.179652587372089	0.109651546760932	0.343834475524392	0.684145367877224
100001990	0.374535377900816	0.664574218960608	0.368492792570592	0.615279740996078
100003397	0.059338235363547	0.00562772735401548	0.256495530665407	0.42427536987473
100001320	0.145813750422442	0.237074542400836	0.41286045171536	0.430488551640713
100005717	0.0947334174468328	0.0752544645629764	0.391226197670802	0.689811604081606
100001207	0.0350290737176898	0.184092508939757	0.375482710581748	0.662344031417744
100001999	0.450635362425922	0.755463359585157	0.31425811607802	0.776193845074286
100002488	0.220539525771577	0.0193838536255183	0.38924027094459	0.597888475201541
62	0.143619574888458	0.600992253556632	0.319876672594186	0.664141264993127
100000467	0.575804400082125	0.43685623677639	0.317622494028682	0.628247647783319
297	0.00595297557847802	0.131933513175174	0.33795364901272	0.623198329728637
100000285	0.0223300912673709	0.342975503795873	0.335648984380844	0.768135471638785
100006056	0.120849015036501	0.471685513937858	0.342384339376599	0.692550779807074
100002126	0.122341884069271	0.251190572124966	0.258383072915692	0.984526048395386
100002129	0.87802892079901	0.762295214774886	0.311556963471987	0.769914001050768
100020478	0.072905922374786	0.290343564380154	0.300810368592491	0.682340095186598
100004089	0.109228768313389	0.631086245615977	0.346180153024132	0.621716243016498
100001755	0.5668359813277	0.561048805410072	0.332598660008455	0.609907593034967
100000551	0.0757117916642185	0.844242880084143	0.323345881475215	0.671938252558238
100003260	0.557019211980256	0.353454448576327	0.366545311889276	0.727850426384605
100010955	0.657107467351628	0.317719747851476	0.256236331282204	0.531499467752578
100020851	0.210495203203386	0.442471299830949	0.357111691778437	0.678975360122786
100016069	0.504060077248974	0.695213795409218	0.338539607002741	0.637290976254537
100002027	0.629134434290281	0.496087170853387	0.240602423282772	0.78110068305035
1123	0.422720610492165	0.207387067430502	0.316516598359426	0.779954632194616
100001150	0.798071312443912	0.976524717390664	0.338095303203218	0.654655380042474
100001657	0.183565444836843	0.833885186397834	0.33068121927166	0.647325068800366
310	0.264979357302603	0.362230105642529	0.293728680434894	0.756280821494239
100001314	0.461826072581389	0.15861439078215	0.30963908287826	0.547032383389808
452	0.570104383611637	0.551412811897011	0.382559442815441	0.61979342889793
144	0.3258616932	0.108471998725663	0.37655635713593	0.542475900309112
100001182	0.13648358004506	0.123581295428096	0.415336622508111	0.637319202603891
100015965	0.798436187281189	0.513927953378707	0.317408075747129	0.719744116867805
100006108	0.8368656680392	0.449575315766788	0.343560552182363	0.694792757866016
100001400	0.612064496344469	0.930794390713793	0.339559705126002	0.656779472537176
100004541	0.439180474990463	0.277030531393483	0.319952152312213	0.444931188301938
932	0.996820937931646	0.300715021974413	0.339871885699895	0.691461251818358
100001992	0.53590202232202	0.618033889570426	0.437407518596029	0.57515601995503
100009252	0.095627214784245	0.155489104291174	0.405989258798699	0.634001440748297
100021104	0.543087590915676	0.52052990833557	0.265783827494188	0.803969281530828
100015838	0.0116802209300349	0.0414842165654652	0.471746537877485	0.900932102175969
250	0.00228080077111719	0.0323023002969573	0.56416221000557	0.749621532198793
100002537	0.869260011360695	0.450914567959708	0.305564262751998	0.777704305231469
100001658	0.988555998294396	0.784947036596405	0.348438946997552	0.647277921778447
100020416	0.359780011094107	0.412450382853696	0.297481154602331	0.634859529228542
100006642	0.143312536762334	0.610784545051504	0.31154809289031	0.693242498633212
100001391	0.108848540299941	0.33236441687154	0.418849993335706	0.769815155569544
825	0.881621344759248	0.523326840028119	0.281200894163531	0.669898988177452
215	0.0176519257778348	0.0954959654121682	0.392097274229878	0.6393501818272
100001026	0.964695023971186	0.922611857922425	0.329904074562171	0.682488414749826
100020541	0.558065981182352	0.545271222503408	0.296695453409839	0.689873982358277
100001526	0.247316085116209	0.300818995535437	0.480557839046893	0.764766642151145
100005384	0.490647332106169	0.401590700655463	0.31076398110697	0.575549224977554
100020378	0.343996146665585	0.643182115093653	0.31571788401251	0.663097926562325
100006115	0.987521401041139	0.402066637934977	0.419919273630122	0.55276242735999
1442	0.218741254772292	0.0499017134346238	0.147383770020209	0.545475267217702
100001843	0.160043360822221	0.217817581907055	0.356823737446645	0.742943787508993
100015837	0.190403405092932	0.295363816416805	0.543479979120034	0.607946077244031
100010834	0.679889522413939	0.943461336992854	0.331583405580936	0.651566163498227
100001393	0.53291990951284	0.49012469659682	0.273729399523265	0.692134676499821
100000015	0.43954140843894	0.510558787382651	0.306651545910131	0.679244524481863
100003892	0.0629293422002092	0.0592453842213912	0.290818314773674	0.906013886039787
100000042	0.208872736851327	0.0286645590542284	0.351078801237311	0.567300141783275
100020550	0.811333361524191	0.25331425973794	0.354121332468663	0.550850020275506
182	0.558974128460367	0.409880474835564	0.319611475435735	0.675225938452352
100015723	0.150525803790895	0.435663026340569	0.33485633839411	0.638806219236819
100020343	0.517597947680767	0.551893786825587	0.304309841488824	0.657900874877824
512	0.47893583229268	0.715970156299182	0.352446250940114	0.635962495686834
100021100	0.909397104717304	0.801400464729164	0.322202510129391	0.658265972604093
100002528	0.274668870133945	0.0610740741474855	0.398597112853125	0.43036979896614
100001287	0.604710147590681	0.852445017379382	0.404488530674109	0.630665229061216
100001229	0.830782692148251	0.812841674754213	0.347259853786813	0.637540942200844
181	0.458335584835272	0.916562739665694	0.32798719844427	0.669367284333073
100015831	0.00167924151867634	0.0195466560321771	0.443825765115877	0.443917347394843
100020515	0.369923481411913	0.513438210227619	0.28008854057833	0.791551053213975
327	0.222430503095015	0.256743267595152	0.399056382106822	0.609077400989273
100009394	0.808594022524678	0.847004396728062	0.320926119602538	0.673862883999657
100001596	0.950560885636271	0.257847867739724	0.300460367149672	0.496105100942203
207	0.733569099089104	0.435954512459908	0.349292298063638	0.611468723892886
2054	0.556429346157617	0.826262173955803	0.322721793063077	0.66801429329663
100020259	0.688036194700574	0.579945649755983	0.358991284794181	0.641371108348564
100020414	0.00984800279227233	0.0728500596622587	0.243186419862155	0.635134305909586
100021131	0.702871045254479	0.336232282730011	0.318037445041629	0.619893301852215
100004499	0.991731809409621	0.661989703186687	0.321366840620395	0.619405345006415
880	0.431557275240842	0.969833948005967	0.332020897133956	0.655493223529961
100002049	0.955383819232586	0.469148556857047	0.35141244038555	0.616145445318136
100001739	0.4018484180289	0.207055460436308	0.429055781574775	0.611373064841825
100001126	0.354534888078297	0.124760116531006	0.215175035240611	0.52476139280632
1113	0.677909440123984	0.822549275955657	0.345987552286742	0.629805737981502
1083	0.908558143713236	0.360496915189153	0.356227334611895	0.576228399170055
100001730	0.0746108587265188	0.17912407146412	0.384905239624607	0.529574896129113
100001412	0.682422475032888	0.948472812543159	0.33461898020661	0.652129088758513
100005996	0.838021458737312	0.544660889836006	0.319057197786414	0.624194330547029
100015962	0.0023931661955922	0.0456551263826652	0.246803778914336	0.98389325613087
100020214	0.808172657227792	0.482853984041422	0.345836214736245	0.588586230703487
100002514	0.0996357205708053	0.301849119896146	0.347164302435862	0.58797925922947
564	0.346717575312581	0.080770331483408	0.287695301301251	0.548839143860129
572	0.0295621041476074	0.022094629745552	0.471624802157476	0.5240235123368
231	0.82599174885804	0.581436876843478	0.299377812150335	0.673233246821567
100000453	0.898940495223043	0.879022805552859	0.326103469523858	0.672496482780324
100001007	0.169229954733744	0.288690910850132	0.383337845621863	0.547581508716712
923	0.547182291080941	0.306924792029917	0.315676576691798	0.7109196296804
100001247	0.599293187198322	0.636789696020653	0.316098781005487	0.643587878774224
100000774	0.702820267005762	0.963776858508995	0.337951801191183	0.661940523806853
800	0.448232120907593	0.399765520220887	0.345376898235346	0.708941270419234
100021678	0.174848040979002	0.278303448329106	0.26090708365473	0.657695328732739
100021711	0.477336452074207	0.868651369433738	0.344626478238336	0.662831848924206
100001274	0.737585494174737	0.376307232328305	0.319192674335262	0.497594001024863
100021220	0.063340390600359	0.0982871274644513	0.433582104922622	0.962963216058539
100020253	0.174339336749503	0.726909642745048	0.327683828102658	0.674246283044279
100001170	0.830712354661727	0.281604728236436	0.303883931698291	0.579210681153391
100001466	0.457766672033436	0.986267828910819	0.331031179137995	0.655882796343184
100009406	0.804093935068028	0.712238521223782	0.31950406795951	0.670384415508487
1026	0.241050284187486	0.486352913942768	0.348766340653544	0.625961648773331
100020837	0.621073663456221	0.464165109391084	0.3655727275997	0.576394086684319
100001006	0.103618275232779	0.0990319726237929	0.315019188658516	0.777036682387197
100003674	0.705094340383881	0.124585622420562	0.329752762026221	0.643170121893448
100004396	0.369163609840741	0.442653513560694	0.374498312439874	0.558445259536672
100015923	0.725042256016225	0.96018168724984	0.335277784702798	0.660922696911312
100000265	0.285632562419445	0.556771934100888	0.344045650781673	0.611078964198396
100001409	0.112707426748821	0.136881211809592	0.323779608128115	0.507262186291336
100003434	0.340263203189868	0.589682287524947	0.334623958386429	0.594028872411907
100001334	0.530327266136194	0.0672819843894604	0.413635468523613	0.529906046924323
100001102	0.794745256598614	0.717084492039184	0.343902944206362	0.632421696460827
1268	0.474234177563	0.055354217750205	0.204686935881402	0.606484894906794
100001300	0.181575792806971	0.0763824780668411	0.29440195870301	0.659499661114651
100021324	0.266876100370773	0.715244643644798	0.416478225958317	0.646743629110111
100001617	0.129252601335547	0.111322841615031	0.321717797112587	0.695744890760231
1105	0.959058655625627	0.174455984072744	0.432141143547409	0.366319336456669
100021502	0.109259825751044	0.3319786524173	0.318856372250618	0.682155145180236
2051	0.80237065588614	0.590862315197339	0.330889779590785	0.559913765295808
100001256	0.0805829112326897	0.372530570305954	0.388709794321242	0.834646436892531
100005466	0.0778244548012541	0.0912268941760952	0.372476385061298	0.458521124648032
100002199	0.183570316828841	0.782406757821418	0.339496024680064	0.670851951683773
338	0.0310602887317721	0.0678482252755002	0.494209173616414	0.442584077586473
100004243	0.363003859193099	0.514743380550343	0.306081286968945	0.669037332316561
799	0.573230683641684	0.884363511206584	0.329044523111394	0.653162744125162
100008928	0.45237920110919	0.0864679357607968	0.33502306907803	0.643815038679989
815	0.131223907323115	0.307152239573348	0.331374723373666	0.727265429250618
100001456	0.0156433555674589	0.120317560377626	0.312451152774364	0.590103553884862
1242	0.0683120777253256	0.0752624622925685	0.401498964249867	0.45632584897
100001416	0.267304867156582	0.105216264372184	0.231445490556852	0.407360162128161
100001462	0.292695747068079	0.287371092498763	0.398267692318244	0.61097265283709
1087	0.126919859260782	0.0325042696147858	0.349719031392415	0.617823914797115
100020421	0.082632091347816	0.111233099085451	0.374907144153488	0.422897775656577
100000010	0.00710705859713468	0.0556028342918669	0.34377533336386	0.711140731584072
821	0.498788602531857	0.36045548414098	0.368079850181074	0.506582712076745
100006627	0.293286802592556	0.151074827282585	0.451999313946708	0.559120715377633
100001277	0.26937934301923	0.132071788954244	0.395413255090934	0.609797310855443
100021141	0.0571204015661927	0.214637982562997	0.367661694310823	0.748919688230088
100021105	0.274815814639835	0.346634980542626	0.345182748096948	0.499213089109203
100001950	0.00100705694583858	0.0118333553517416	0.403219649891272	0.816103301056535
100020217	0.888042384389426	0.393229518145956	0.251172944851584	0.520674594831045
100006651	0.0368227155056324	0.181089603383899	0.372209019914408	0.43253543551972
881	0.746766941981846	0.354862464967681	0.312526762947374	0.669441640053859
100001509	0.800670472971613	0.179813003450258	0.293411600703172	0.582821678199625
100021709	0.792796481080132	0.951790373911171	0.328658651182021	0.657218493993625
100001635	0.554429892988635	0.0604710193400112	0.347353556044717	0.612361005013543
100002613	0.436231789090085	0.123231606415089	0.309053223339348	0.741804177547457
100009329	0.449209324865748	0.602349609621575	0.285913242008192	0.822380921121505
100021123	0.923356942092356	0.645385926822979	0.341025163780161	0.582682809062911
100015760	0.330354766983824	0.198378324810074	0.277385554535969	0.689197683492198
100020205	0.482063940164351	0.495349011449139	0.37422252618649	0.515672558905345
100000765	0.704057593574642	0.568312121351765	0.325791618129047	0.617257601495532
100004111	0.213871477345298	0.125262194207485	0.373981642164848	0.62315239595143
100001615	0.257491602421622	0.757925276199581	0.330431940479038	0.653656333885082
100009227	0.159154837249166	0.0998430362107943	0.466650645240123	0.803474672539263
100006191	0.875256945193178	0.997172047419113	0.331462582236181	0.657817748184986
100004542	0.35469323096236	0.328816615882675	0.351742804498496	0.705318924535795
100003686	0.226272127876332	0.105996660417579	0.470822942660685	0.588033923011384
100009232	0.0213580393023437	0.190511588909759	0.332966049708286	0.556080075525286
100001501	0.059976741123295	0.110599004381442	0.419647417906096	0.692583837648515
100002367	0.583112803225555	0.288957132898391	0.311804414445701	0.521301952425381
100001108	0.491035274408299	0.60706062112706	0.328286361381249	0.640669044809062
100004227	0.833570633006402	0.955500463736474	0.330090642493394	0.661350884534945
100001310	0.18792872291431	0.290125096292485	0.312976338954034	0.768310887329862
100001994	0.700733752614998	0.825864624158656	0.324135219512662	0.75220378908802
100015839	0.0137319360691203	0.013972127578163	0.433375337162825	0.741920668192046
100003271	0.00735889027366013	0.0844960593561152	0.424197068431157	0.465726528905186
100020496	0.749864219362463	0.977445115504993	0.339142770607859	0.654771989859455
302	0.872168141437993	0.528293937932416	0.299594972126154	0.630699483013808
811	0.726207984928866	0.71218345886635	0.322477895633855	0.695656401274782
100001267	0.882357832158078	0.712688208713221	0.306314952340133	0.650595555449011
100001197	0.0459449837823345	0.402478940753208	0.366826898596643	0.66479594672939
432	0.196472816906169	0.439603472288326	0.354794360233417	0.634710559248427
444	0.0138641691582217	0.0597183359120887	0.369347576615741	0.791488467096504
100015968	0.269544433489897	0.320006811897177	0.327260089173856	0.574084171089249
828	0.846577420211309	0.916718188350739	0.327299926554539	0.659331535796275
100004054	0.216941389309442	0.77556750833649	0.334375254935242	0.663115731572302
100004635	0.150614643557443	0.186306834831428	0.672793076393848	0.420619813951247
100000491	0.393830463905784	0.524462217833207	0.322284889512934	0.550400790656535
100000939	0.0511635510005505	0.0342509935199184	0.348717389262058	0.552010618122156
241	0.352111929244872	0.727455548184236	0.343804403591689	0.669608226061717
136	0.337321387851674	0.0694562633932951	0.290595893192146	0.839942243368427
100000792	0.490815488294035	0.886857107057057	0.325644147491469	0.743175768008379
100020973	0.687806752150994	0.693130678669144	0.346176759655159	0.635770698960381
100000936	0.991528748172573	0.735295730279989	0.329806453973705	0.660423992177507
100001313	0.0073699996244636	0.138054710962498	0.349914014653401	0.710359725427385
100001951	0.0899849338903946	0.125427636188018	0.362310061919632	0.649952215999041
100006098	0.0263293000911548	0.102643888635796	0.365500195749878	0.767563598292138
100000007	0.232004106669543	0.525004837946923	0.340530249611485	0.66145566100726
100006641	0.953560163774774	0.893586082853373	0.350895412494496	0.656598364810978
913	0.0132766183292644	0.0630988195160618	0.40565684409995	0.522863136939523
100001579	0.678067692867004	0.382862366794861	0.368441824333258	0.65626279992424
100002911	0.144074896202981	0.0127495811327403	0.426072990123845	0.612357115457836
100001293	0.284999383785422	0.402855287911702	0.29453548695935	0.786786908516302
100002241	0.202584290892896	0.498015504981913	0.349387351459537	0.623058850852758
100003179	0.352882498038456	0.0732553214594958	0.31692835371331	0.503351512630931
100021372	0.200337959879741	0.166217338610295	0.240830832001246	0.660476098595841
100001956	0.302776548919311	0.501740935328775	0.334601449879233	0.567500096698793
100021162	0.172467063379987	0.144065608633225	0.315655215261791	0.475408318446201
100002259	0.484949041207927	0.71407093382451	0.31259357868808	0.650577783695605
252	0.412964570331289	0.585886489779453	0.379299981696869	0.599984815957191
100000707	0.385051622795169	0.313590438099766	0.327508364764482	0.663423829281944
1489	0.561356922278708	0.0184797997174289	0.249258755952102	0.627571091422483
100020361	0.0477741860316501	0.108013655947775	0.360575831376469	0.932982943631294
55	0.793506653927605	0.976378367903087	0.335910518381759	0.65898060607686
100000863	0.258358577919256	0.258713936113807	0.289971774641962	0.692343088769361
100015840	0.188439506422661	0.106327434068213	0.432128243596528	0.615983445706137
100001541	0.123092929792202	0.0725468859901455	0.227853955689638	0.644691883430077
100006082	0.127924652119326	0.0486789958871197	0.43324512010391	0.651059682272028
1254	0.718279686770383	0.922498869254379	0.336553509084854	0.672704127569422
100001624	0.561106856003028	0.390953874810415	0.312390689413512	0.63466001088033
100015850	0.798257975257849	0.653742778590429	0.389551402266589	0.626824832544573
100001104	0.00319831200459168	0.0127478835759791	0.371641197609302	0.950688226631609
100000900	0.143061515852737	0.428041583907088	0.341084958167139	0.660778790882323
100000269	0.175576384232476	0.0764433576426732	0.20518474593136	0.606836843721601
1022	0.184128884176651	0.956186842979591	0.32999502262127	0.65915479295071
100005373	0.170518152796381	0.066696867042312	0.296833319614133	0.685431493284771
100001129	0.142641846421151	0.712376823874678	0.320573181970124	0.685177569141481
935	0.0620854236685798	0.244061267791497	0.397741985447888	0.53739752797681
100001262	0.118031734484973	0.176933526522771	0.347392143472256	0.684147985824826
100019978	0.416654414975847	0.564350835203335	0.323318292410806	0.63959471447911
100002293	0.395411579442901	0.558544075331059	0.342881628556273	0.657631823108871
100001426	0.143029532800455	0.217170972451678	0.338675599817985	0.479509055512598
234	0.0594788866838258	0.191367421027654	0.324746098208172	0.63521802739864
100005403	0.222115446537809	0.999415585901074	0.337854650176229	0.659094412952157
100001083	0.0824544886941918	0.42223816637559	0.351143405341324	0.675155959658891
439	0.535165071491576	0.270257630938046	0.360023962622325	0.649895719149192
100001086	0.414181716914653	0.45668372391701	0.343996142355887	0.729742784491697
100005864	0.738369109513526	0.468578239539076	0.305304925315721	0.720949458023958
491	0.471985297726519	0.876924354814023	0.329494528824978	0.657849957107765
100002029	0.56737478097367	0.49302059922996	0.318221833144908	0.544098240254155
100002154	0.749208883731813	0.444380290975172	0.291598593897606	0.632419518092577
891	0.378607243173976	0.171006073563166	0.374857472738409	0.620896351375543
100020261	0.542247367636918	0.54023775900756	0.378384197430625	0.635716323882776
100001296	0.585739626591669	0.524616467024934	0.332693055789721	0.561923561102243
2050	0.574749568530037	0.490231930375772	0.357470823463285	0.595852588903178
100002761	0.275994457742507	0.62981330970605	0.280670807237863	0.809961268028587
100006614	0.995860012414026	0.584180098616673	0.299419506055323	0.735735402202634
100001597	0.961413531179472	0.146476261878475	0.219927231136978	0.468638936357131
100020853	0.906292290683999	0.938065409962504	0.332131002661273	0.66043944701381
100001446	0.332483110158923	0.451184283276197	0.299274853531394	0.648451630616679
100003240	0.229302974233334	0.108043351226323	0.385976796309302	0.569429005175494
100001502	0.0671984968910624	0.309696617302758	0.378619475008324	0.733416234750363
100020866	0.0819517347920322	0.010438665376553	0.205379092893185	0.467631534483254
100020419	0.0334575343490918	0.0905630729686895	0.359000980892408	0.404063186119783
35	0.446061474682051	0.278717357080634	0.301603380652763	0.601390085224786
100003696	0.0164703526512276	0.0566577578359226	0.473244620133043	0.594322677684492
100016038	0.841405004118989	0.912201123369501	0.327476047558333	0.646015649671087
100009333	0.272385408280644	0.209821104608538	0.327464462200261	0.682463708840447
100001611	0.205533096679432	0.365111539212863	0.416016629116969	0.634867225296411
100005383	0.811792421175927	0.353328046571877	0.336813817198563	0.694963837069644
100009239	0.301336215824503	0.129197708825432	0.412152687055462	0.477021768678537
100009332	0.448380837651325	0.295682555283324	0.327988272908745	0.624534885086388
100001731	0.281814620105026	0.794988566545884	0.334312532447499	0.642530563353932
100003415	0.227874403470489	0.337278949977457	0.324669319733145	0.674416587427872
100020578	0.156782042664272	0.206244699528278	0.311515239696283	0.553549087153132
893	0.949496820923834	0.488086760998959	0.328046254001303	0.669407111391494
100000963	0.324338553279456	0.210232455373858	0.424159800323792	0.463323744266117
273	0.123885963182275	0.287061394965135	0.387943061735989	0.651385478931383
197	0.491057416816947	0.43010421244889	0.321401456540681	0.541671228925809
100000808	0.343781956479971	0.252935401717826	0.311781205259966	0.80633752401696
100002284	0.896201471291308	0.337467412752769	0.211265476486191	0.593449230466839
888	0.781133616898634	0.0793960976834447	0.363071995813196	0.636584947234957
100006435	0.394223704261189	0.277780064857164	0.250600845589992	0.995559649958633
100006374	0.267745705014464	0.596320427539553	0.338364220566965	0.64719721819575
100003169	0.460740041497675	0.887643420457003	0.326587792675406	0.649604785405266
1004	0.392799739366414	0.650202960059954	0.304504623286359	0.622396755755615
100005998	0.149151667028711	0.990891328027585	0.338885463284902	0.656987398432497
100000773	0.527665310944358	0.477520237012527	0.338920212298939	0.636221795892667
100010850	0.033688909512223	0.155513766222729	0.377499232980009	0.546774093093916
397	0.911473600217021	0.310619140034884	0.239981342984248	0.726844962732765
100000039	0.0671834000140809	0.213010384871303	0.270637165001351	0.713851564581551
100020833	0.869265056124569	0.707978993865902	0.341845497782612	0.70693026742079
1021	0.545689768400076	0.42051292652503	0.312211075343665	0.688330118320668
100020479	0.463119008988953	0.638456385853407	0.333435650665586	0.667117275560239
100001335	0.392108756880267	0.265546925058593	0.381261743984106	0.620740587877135
100000743	0.706574196596146	0.946631325259275	0.329954714139172	0.680282670355797
100009246	0.180402840896805	0.645026365183745	0.319404411809876	0.68705616328077
878	0.370748611452569	0.548390590998648	0.304370657347993	0.686771418996257
100021103	0.763101168111186	0.873312883700012	0.338522990107761	0.72836164413975
100021363	0.240290222762515	0.569157021731435	0.309248647757323	0.696731876784379
266	0.122670968765096	0.199693786003464	0.335763445174861	0.58017783504384
100001195	0.241060247139302	0.182906411517976	0.429201408230784	0.576416406135352
100019801	0.75582913180954	0.688502737305689	0.345166918971163	0.642348984440175
100002196	0.0410561891694437	0.264215171203602	0.346742725600615	0.666299971122566
100006370	0.281192582585319	0.98581389902314	0.330300276171801	0.656546632500028
100001510	0.0400711310223789	0.00463897076981892	0.277968495691215	0.753848017463069
100000437	0.630568049837168	0.497301398145305	0.315973158622772	0.719011955311823
100001767	0.104845332904929	0.0279214720624664	0.412931769338507	0.721614412070461
100001810	0.415542712674722	0.506196207547769	0.34521138152428	0.811464446720973
209	0.036639773672549	0.339361443891056	0.378123587394858	0.641782039834392
100001485	0.226024323302418	0.083321113168158	0.198161601036498	0.579474862804358
100002500	0.105698527189229	0.416208597236613	0.337338803481722	0.624066791958539
171	0.0620773721092715	0.03698371376766	0.24845723718357	0.66241700252735
100020487	0.89245648715468	0.886038148668553	0.346926588623243	0.639324628423711
1206	0.00598882746273442	0.105605813387972	0.336695158312238	0.709115770101496
344	0.018449260787895	0.0344369606293657	0.630559249404116	0.748742481713673
100001405	0.39887301424303	0.813376944014142	0.341567029227142	0.637952530106943
1239	0.825716267396752	0.453175972614287	0.374265968133484	0.659637763889109
391	0.0851272576101266	0.213727896960072	0.309178521080444	0.856857658919646
100006430	0.545564514679882	0.21808691557988	0.397912116207993	0.419875766651286
100001417	0.458124343018516	0.289027051789373	0.316962365628426	0.830222730832309
100002951	0.0930260682429877	0.536183909358807	0.325916564418896	0.58845819454394
100000014	0.150959287010252	0.373426585230918	0.32452982358966	0.719405093669563
100003926	0.521663973339419	0.450470862250281	0.359083259957641	0.636113840109079
100021538	0.795146432363742	0.465386460233223	0.373472276817244	0.584486137578829
132	0.495514722580114	0.936282285222115	0.329207767510169	0.654875012234305
100001425	0.628932210330096	0.55534060723294	0.401223312551375	0.597987132142124
100020262	0.599027351114913	0.641415957252575	0.354816185677602	0.642857174107263
100002679	0.243014664467331	0.585078814323821	0.308726267746639	0.750869501538339
100001270	0.820394802334041	0.52792885409558	0.339213060496891	0.631872838867646
1102	0.871062891566521	0.825255314771175	0.339915379358134	0.635115782615584
331	0.215153208032689	0.181900073953438	0.274189495264078	0.544466074845479
100006361	0.554713453432552	0.656975461556979	0.30949974891239	0.721232986851955
180	0.978047700541731	0.814447680593186	0.352618797286968	0.651466682580031
1053	0.302900945890328	0.429073557067621	0.493979817674106	0.725312706721969
100001359	0.739388515698519	0.952769826338369	0.339498125586736	0.654183699507923
