chemID	simpleLRM_Fstatistics	multiLRM(chem_sig)	multiLRM(sex_sig)	multiLRM(age_sig)
100021136	0.0270614960687413	0.262601338050203	0.281256759838497	0.496300314997146
100000882	0.794997692374802	0.642956390341763	0.261664682504633	0.400351396593767
409	0.0765674799540797	0.120558925703503	0.292042843497825	0.217466291742992
100002254	0.785766247017936	0.0526858744039349	0.170590595163899	0.414356021206947
361	0.00559485697845197	0.068695844864133	0.166545572912901	0.375598975980388
100019975	0.677938101238786	0.671376395797627	0.250847074932041	0.43232970017222
100000257	0.00107157818995008	0.0237207684829965	0.25359485299055	0.380911117816352
100001232	0.935210564376445	0.959825819115853	0.257449085674172	0.41924718168976
100001948	0.568173653223981	0.49517067405812	0.267775567483575	0.351733021068007
100001073	0.698206671448803	0.705765244765171	0.311590771564004	0.380482051776478
100015637	0.947654116190819	0.464229940023636	0.267748434197344	0.416892714885911
100006360	0.560540685438371	0.687668927650437	0.236339788117828	0.476617355905241
1488	0.633314130781317	0.62705495400433	0.253381973198486	0.406752108431874
100002253	0.781993956343777	0.955858067357013	0.250077922126057	0.427599701105528
1023	0.823060713989264	0.813317725212381	0.248255645896033	0.414239710503496
100004284	0.71058549355669	0.815059285534892	0.245710701971685	0.425669800268246
100001251	0.574224334487499	0.873027457275009	0.246232062392918	0.415859296327476
362	0.560810791092422	0.573010726532201	0.231876249202021	0.423839042393535
100006620	0.671760368479782	0.978801139727614	0.250242377564125	0.421706905506399
111	0.278027406278102	0.122971284836357	0.202216280870459	0.379443976642124
100009045	0.521491459920317	0.255426597649312	0.203313616513369	0.549374369902238
100002927	0.617386588944351	0.812030884112199	0.243831087556896	0.4400782059958
100015641	0.649697457090346	0.81514825202186	0.240280748068011	0.430300026825349
1114	0.0927417762788099	0.879085728924726	0.245775200026846	0.424790115666538
100020409	0.40265369054577	0.359226310433341	0.250530516050059	0.325903362119146
158	0.103969822187136	0.240082970663493	0.323572756946525	0.438453935128372
1224	0.0675688618891075	0.212393248126176	0.195609465451586	0.459106748492613
100001620	0.499256758708237	0.381216532114888	0.215630057359794	0.424157202023132
100020893	0.469697029923172	0.0944373817458039	0.235725257874189	0.26096890158038
100002458	0.623229791092694	0.677000506633936	0.279659398688843	0.397144228214714
100001112	0.801468926847818	0.928477135565844	0.248899749284087	0.41716676288798
100002953	0.511701739844647	0.951754500893529	0.249122569295233	0.424268628208209
1141	0.373559507131086	0.0482307215775121	0.330710349762762	0.273260810385108
100015834	0.669162482207683	0.785609864523645	0.2437920935998	0.404020517565645
100004561	0.553475840826764	0.813071978286461	0.254259854857738	0.414874277514977
100020497	0.642994745110431	0.897574894510557	0.247422886266597	0.432966737644367
498	0.0316082491900901	0.2412763767385	0.24538624497318	0.481111099518776
100006051	0.894883742455709	0.859691410738309	0.253284582157904	0.418375551714915
1668	0.673950676029847	0.47861393263704	0.244768404255949	0.36926676717923
100004523	0.425606922261956	0.812677307411399	0.260236446519626	0.404607832218968
100001604	0.235496709959724	0.530624922570969	0.246553072485607	0.459209368176747
100001002	0.144525516058383	0.475694007509139	0.262867461250508	0.403046290775615
100001987	0.0455293501377422	0.227708529892647	0.816861105973077	0.304707283422999
100002462	0.746026448512578	0.403612240908139	0.299121992535903	0.350900765545474
466	0.602135641300048	0.077482770105504	0.275723676599576	0.406917855183733
100000665	0.838380685358507	0.455262031705225	0.281937822866764	0.383077052833095
445	0.853437679451045	0.429942908904534	0.278447957463743	0.460012850118935
2029	0.107744189445755	0.438431492962953	0.267963624881641	0.41544700276226
100006438	0.12266863402104	0.255362172899296	0.294066188763162	0.431145970446936
100001398	0.16777786941479	0.601064918069748	0.232635340904135	0.435189455121391
235	0.536769824046633	0.559094371983714	0.228094181925461	0.448969363338754
100000997	0.588774097005645	0.559826959964449	0.252372485782156	0.389955158707667
100002094	0.373608528068894	0.238557366205267	0.211553439125614	0.332065631489606
1052	0.576479478973909	0.916006204370376	0.250513244263204	0.442896337616599
100020823	0.371452821807129	0.60070826794554	0.234962934898342	0.413359154598363
100001806	0.244944006353107	0.60287456651364	0.297517952534656	0.427908827876198
100006092	0.74890984672653	0.812320991822564	0.25687637891759	0.407242003595803
100001415	0.162716690900203	0.0883993231921251	0.253576993947453	0.237909707383616
100000008	0.0451356663383477	0.0670313518799328	0.279257601123999	0.292814612466547
565	0.00601515188148382	0.0377275684017163	0.248656960687617	0.489285328528221
100015851	0.0914987844772954	0.15636955352576	0.331620716451692	0.528435086361182
100001866	0.502697467042775	0.784925402639816	0.272422238397059	0.398684556155542
100020546	0.00114987682403236	0.0200652304152093	0.4808668931198	0.559670328647091
100016110	0.502197162662536	0.416591856668747	0.202686838422104	0.498621817538279
100001254	0.00220171340443711	0.0120126199791935	0.329022630571003	0.59191237749257
100006260	0.410737841948841	0.823793666787961	0.254080744403222	0.418352672444511
826	0.720297889908798	0.883981703618587	0.250418551904245	0.417146869953161
100001872	0.371337677195221	0.751486754254104	0.250954921237531	0.417336955846557
100000263	0.322207302083685	0.376567875301069	0.313726601259	0.415086843061427
100021198	0.987218064569381	0.0716229466234305	0.170931494969631	0.226697589817094
100015967	0.0380806963750674	0.0840370472004375	0.31388955182281	0.28590859531841
278	0.148623543781576	0.3261291820604	0.237172215100063	0.662398822994001
519	0.761167637746074	0.332929739502541	0.302515720572077	0.374176812429876
100009337	0.144718255743709	0.386718359849191	0.335084699019228	0.420709351929569
100002185	0.282150000307201	0.910380161448706	0.24831409803553	0.415960552115145
100001278	0.405582616196531	0.273851055350562	0.311692087841432	0.387773448743329
100002103	0.643065978150906	0.718030916964948	0.251263151378421	0.398922941071101
980	0.773312469958657	0.443311889639411	0.278823364239272	0.406351582572818
100000016	0.955354355759621	0.474952414841099	0.24761980030317	0.406064892632105
100020372	0.182526377269514	0.434926765055387	0.247013818445029	0.364049192656199
100001662	0.824951495780528	0.156114587644307	0.102853838664429	0.430524476580445
100019972	0.977807257198212	0.64395409096031	0.258289558498427	0.408306897044288
254	0.870689321775634	0.824348604659444	0.248971944335372	0.423855219749408
100002009	0.984054812481315	0.832927023298378	0.248711719836812	0.40473257362669
100010895	0.417766311849057	0.51738399268309	0.295618202173336	0.404461387792853
1140	0.825560937752588	0.946247512743861	0.248775395244558	0.418561684915449
100008951	0.723739077035296	0.557513115277166	0.2684073005135	0.396946839945133
1084	0.223691127124165	0.689993372809276	0.248526806015689	0.471129432918613
100002796	0.225762360200165	0.568850063259959	0.23171908045874	0.398312763596016
358	0.97316759157062	0.846605907229405	0.245281213786106	0.406897218196355
100002070	0.797240219871508	0.716591615886937	0.243214215683645	0.446943178348394
1628	0.338904676760532	0.135064990295577	0.307514003965564	0.403097533092327
823	0.549240696358853	0.470487980412606	0.211915143912991	0.465660692360976
100004414	0.451311371453335	0.10877084448575	0.328476497670769	0.53629526348732
100006129	0.647003478122575	0.632918699020908	0.231623933142061	0.433415496955593
100002028	0.698433157122928	0.384912478838509	0.365049836414831	0.26962131824355
100021707	0.494079755222741	0.645022266746144	0.227228462915189	0.460676240584435
100000054	0.568847440085269	0.52356400959819	0.244005881538006	0.441032765470325
100010869	0.615302938179229	0.282631249941139	0.25968587708742	0.343974378347535
100004575	0.0124393595983508	0.0803479696928749	0.323676470679236	0.709211204684752
100001212	0.960099405238859	0.628880247243919	0.253159525784961	0.371596776782738
818	0.212214662189988	0.51287502913606	0.293405302447784	0.37928429408215
100001092	0.00148289208130533	0.0187775473504438	0.244804020944986	0.400229194617449
100020371	0.978910915234559	0.904801484491226	0.252892620531435	0.419433089620649
100004112	0.217796276090842	0.531921807650581	0.266724289487716	0.43059933992918
1125	0.366494303609857	0.332304327535495	0.279349203113496	0.441680998004844
100020491	0.87927326245302	0.680554006124003	0.22817187326551	0.433681423293624
100003151	0.0039569915640415	0.0306833624265171	0.389026988210171	0.344362396825442
100000011	0.461254594307736	0.224454095186852	0.194523018198634	0.518977582224931
100003594	0.385497172468073	0.925084385389444	0.258978316540548	0.424837310107068
806	0.981076048474453	0.20905376524006	0.250112287438659	0.304383478666433
100001211	0.937117659718536	0.547481427870345	0.260088767733099	0.404396075346232
100002417	0.549549625639016	0.610165429471619	0.241885596338074	0.395301107521534
100009335	0.529325761164959	0.194236465727664	0.201202442726446	0.43929752857257
100000781	0.705993355732577	0.957325061235339	0.249175763055273	0.41921673671998
803	0.0402561500510727	0.0381571736929509	0.239726540617758	0.338637328793472
50	0.48286509944477	0.671240107662652	0.256488488695539	0.40519839218665
796	0.431403059251155	0.0519446080708855	0.278949691572348	0.413476506098818
100005834	0.923659494187392	0.64455972826759	0.293804216638391	0.418088620037894
100001580	0.850568430949102	0.465384044428022	0.274781215578497	0.419315591413243
480	0.736292579027034	0.658488379552432	0.227179654281342	0.425561433210764
100001540	0.178104416773395	0.748574865509728	0.322994711278828	0.486655748853866
339	0.477545036321337	0.0956068405306522	0.221168916217661	0.331615099061668
1110	0.769020969846094	0.906124012868736	0.248639907343319	0.454227600211175
100015836	0.170474220306562	0.230878465917134	0.364457667525651	0.562731262186039
100009271	0.523016095943447	0.500046598947119	0.283540337887696	0.405209118341428
100015638	0.993639240502513	0.435689484464684	0.263116362484651	0.40613376666582
100021667	0.843465195344406	0.63623271863828	0.27760103892183	0.418819217903576
100001279	0.214116546774641	0.187808684444864	0.280548618425232	0.528015984325358
100004208	0.0125484619363698	0.105344404323244	0.394095444136447	0.510607164634999
100003695	0.368680454023843	0.211606340622196	0.271308491671221	0.301330854464558
100000802	0.807806235990023	0.854146848017879	0.252527502264648	0.416531290122285
100002769	0.976094785891962	0.151769389119247	0.18954718937615	0.526344258760084
100015835	0.175163022939396	0.529250349085262	0.337907417696505	0.555394673394158
229	0.836154808570419	0.37621356446319	0.284269173299862	0.416850909178038
100001266	0.00201362179018078	0.015175723598787	0.323141220792667	0.653528500767604
1342	0.276364243488045	0.31998700791944	0.210554360924717	0.431118788737202
100002102	0.650473404240164	0.510669202923276	0.288304526273152	0.509663336838478
100020254	0.0976534097198247	0.443038609307622	0.239006253195428	0.437395708658639
1231	0.434903324477645	0.210708710142287	0.304910788429371	0.380710415016314
100020492	0.846988870360596	0.99666711702023	0.252001176984649	0.420289217445862
100001402	0.455861514472072	0.66866062508747	0.27335424763116	0.428598989762654
415	0.00693774080866028	0.086550760548307	0.300727527866413	0.487760337366555
100003109	0.844954798835582	0.762882562442474	0.253344470779229	0.393854331574706
275	0.449082407171556	0.894048705270559	0.258190687852595	0.41611145746877
1143	0.121608804770802	0.0645423629595381	0.223925884970321	0.491832310025639
279	0.523281092432935	0.385666413096768	0.250910268763128	0.335555755024836
100001198	0.98575328087977	0.964201853956383	0.25229125920843	0.424141501673053
1648	0.327259658537747	0.889368021712465	0.249989415444795	0.420819624947113
100001590	0.37016916610848	0.27511219689582	0.239248678726823	0.358488836315797
100001733	0.472832308139254	0.990647968084171	0.250078587465936	0.424073247323014
100008933	0.0162340399779792	0.00234546483743577	0.351282149501569	0.394141217268649
100001550	0.3100136575551	0.516047913483731	0.235884013795024	0.383645300505004
1215	0.0620610150278242	0.177598704566488	0.202912570879016	0.374369046221559
100002356	0.261315893976043	0.110471620875266	0.305098038836567	0.429893654415849
100002749	0.640048951367786	0.72752832959929	0.253238234248889	0.426398155750409
100006379	0.255501646039597	0.201270492328785	0.291634439326529	0.265164689169623
100015966	0.0897087526500933	0.144744150705065	0.273582252386106	0.289316559710082
100001392	0.518663950524313	0.922978445403704	0.248494514812664	0.419880887926988
100020425	0.179764118918977	0.0553709567369628	0.209101034225944	0.255144665836467
100004299	0.191874884393442	0.698235169965923	0.27266379190574	0.476932174460207
100001734	0.643890817554911	0.524999630348539	0.264004493916407	0.376583729049867
1002	0.807811595267668	0.871345379639326	0.25064322747482	0.419514953283583
100001337	0.565389440796229	0.939139104487171	0.258692764959913	0.418453214286729
100001452	0.780196916934031	0.769246981996747	0.248065234198163	0.399710311504556
314	0.576646357927163	0.424021674066423	0.260093831900986	0.437361580893069
100009264	0.986859696054781	0.584106834671854	0.207110081130953	0.521029899762636
100004634	0.419953000007875	0.471659181284625	0.221782724539886	0.431610006851779
100000711	0.596102115380529	0.658841234705846	0.281454199995911	0.441058062317555
100020536	0.0166619135143087	0.0900876492265156	0.311012925646602	0.503863246588228
100004318	0.360050690805575	0.607895188497794	0.256946718957917	0.420107027736442
100005850	0.972518192024187	0.59298848431422	0.306206600487384	0.398040800849352
100006619	0.375345776645751	0.178021893040976	0.284717519574564	0.417825140121263
356	0.435159433328341	0.633450879694253	0.239121069199265	0.431975088820685
1221	0.548744270412802	0.649127255693986	0.319024904433789	0.449130076736455
100001397	0.752090689582236	0.731105896217973	0.24928608596991	0.412912600939057
100019981	0.467873550171123	0.814393572759869	0.255114068129455	0.441273781097463
100001208	0.334211156163055	0.245272342330273	0.216812434782535	0.671771507879464
503	0.027118910112285	0.0155177976915038	0.157238574884996	0.349942341680651
100006375	0.13758911579934	0.569515590035622	0.276447813387483	0.400760400779251
100001295	0.546968060520225	0.573434964595226	0.242085962281554	0.500889089454307
100020427	0.0713099607741564	0.0274183699598759	0.241055544669715	0.207714046831259
100002784	0.56407202457858	0.428408575349538	0.216813134801198	0.475438063975028
917	0.0620775292385953	0.18294655268151	0.278864150310012	0.385273185432889
1869	0.366233475293275	0.179166905539568	0.270926014831607	0.324636597991854
240	0.336534970960497	0.123360575017421	0.159320157754051	0.289178795484922
798	0.00407704396555856	0.0781702317553713	0.383546830909	0.355249438226453
100002952	0.360254717582595	0.484984221501955	0.24911989147765	0.484075797425182
98	0.680300043017096	0.904624230492274	0.260694531291002	0.424491368224925
100008998	0.264125562490777	0.293719672463684	0.191408691362294	0.472503514436865
477	0.92413558240628	0.295811613714492	0.255355478951339	0.414714468755801
100020545	0.0516359753695537	0.111400243648005	0.291734754430495	0.549579389344314
100021666	0.8248764574155	0.187840477402386	0.289281515721081	0.399671148319322
1256	0.371946863054522	0.63102743388638	0.301989748837457	0.451590491287826
533	0.466671893345673	0.0979915315037267	0.179927189584699	0.259207783816235
100001757	0.382312290565507	0.826084600618529	0.261316104649155	0.412187896230932
1024	0.212124460921585	0.0801097026295739	0.163228823655957	0.844261341576492
267	0.548696352416431	0.926982263178865	0.253616382839444	0.417690790622214
100002113	0.109145666698514	0.0969102625171874	0.242221094275252	0.440581524654367
100001756	0.834244322160326	0.752388043148238	0.260402830064229	0.436693470899228
100001193	0.419147313434108	0.169466117843379	0.317568681003899	0.377567852719063
100001668	0.489051804545098	0.812868770560356	0.248179631562914	0.428224798877799
1124	0.356543288124128	0.359352986656936	0.223734661811871	0.495674067093849
100021331	0.227175490670565	0.409181817908106	0.237945720694118	0.459055650262328
1090	0.0581341923256694	0.0428577044626199	0.237959527470194	0.546099977114364
566	0.802452180957371	0.350437872364564	0.188057848457501	0.42302542143535
100003119	0.493133698638632	0.288296098599973	0.280379713735419	0.375105270496247
100006367	0.691757348218193	0.505138903711283	0.260624755037417	0.400225530789509
100004322	0.159135998847864	0.218591249823464	0.256651975626494	0.486444454165088
100001034	0.582924372518467	0.913648286268158	0.248978555467461	0.41807073863591
112	0.938457661150372	0.930811182788303	0.251671358843866	0.424842299626269
507	0.796061407927544	0.83833276104832	0.249266326783818	0.42514748158327
100009233	0.32149761230141	0.192826955408151	0.229907063660696	0.43773460071028
100000406	0.0521090418969288	0.259366484563987	0.379083260619704	0.335562357596165
100004046	0.276241130956781	0.439166725777075	0.171218638039259	0.379276531266609
1025	0.776568064987	0.732582531130312	0.241799577760833	0.434279526274004
100001106	0.200019028729008	0.199940407768346	0.208164458625431	0.449584744419471
1128	0.0186547599388547	0.514028507061585	0.283819346777832	0.463275766380237
561	0.09215776340347	0.236523595310995	0.182621378115957	0.380038691397902
100001614	0.791095016221704	0.335843496463113	0.263922385419334	0.397008750604256
100000961	0.768306561140708	0.869609759640109	0.295847270187993	0.411309266230581
100002397	0.991066565485287	0.651417178969144	0.250466669417318	0.381392835185241
100009407	0.870017510642539	0.935826133634098	0.249031690296078	0.42621897182896
100002910	0.755598053461829	0.617947306886157	0.22956161780857	0.377572455635577
100005946	0.230185622770888	0.358382586849417	0.289770375525786	0.502056584272757
100019794	0.069075090029038	0.265204635722295	0.251638290392173	0.553260536760062
100015759	0.325559670204388	0.0984903787994651	0.21044321515117	0.426749654562347
100020417	0.869118068550437	0.704607358573691	0.242408470255319	0.410938054876196
100001054	0.550087031952719	0.852493436418081	0.246049716255214	0.41586626779421
100001437	0.340024318878217	0.311584902208911	0.205780724668633	0.360485615988541
504	0.28091156936395	0.783316971893759	0.287967040684628	0.429085739133767
100001988	0.339764535124908	0.63345546262299	0.24470526830409	0.575758045927943
1082	0.0190228089927806	0.53103353665198	0.28602490225246	0.443710968335835
100001403	0.38356649662147	0.405678916669888	0.277390896888664	0.416672238971758
100001664	0.811198996714599	0.558595252926694	0.23791899818327	0.575681568234754
461	0.198007549036122	0.190927502226108	0.422522718251639	0.387536957846107
100000463	0.594431682208246	0.925023988745066	0.260088341171132	0.421247428109053
100020208	0.649105056957318	0.535472037188301	0.2843519949677	0.346464220392393
381	0.618885223093692	0.067567866335682	0.108343606874158	0.293497742145362
100010901	0.0757723996558598	0.064710892940227	0.251646501490805	0.531889539889436
100001468	0.179895801666237	0.902620501683875	0.246658273734148	0.44376326142025
100000840	0.889805082205421	0.91023178260154	0.255899122823463	0.430286301938782
100020014	0.266918282415668	0.623098218628101	0.245501364768554	0.432617391875646
100001993	0.78532330013484	0.67803016451141	0.222872408539808	0.542968152360141
100001051	0.150483821750197	0.0259348580225725	0.280052247565886	0.20981510500563
100006116	0.381170466196397	0.51327599888189	0.254689945843614	0.421139030687874
1108	0.924533243021462	0.906804329014266	0.248257208804913	0.428778472559351
100019966	0.320482059456553	0.117048867112693	0.305232416375822	0.395636599185492
100001743	0.530632249121661	0.361422285587259	0.240058206206981	0.395953949512834
100001294	0.130983590454087	0.193670598375379	0.17778079904809	0.466995462319155
100001609	0.238364694326344	0.109072573542511	0.235878026105389	0.493487456476881
418	0.973976989271291	0.844050467455617	0.247520786151641	0.436653769911488
100001178	0.297905289982304	0.935020061034276	0.250744465657559	0.419652807237089
189	0.92175962927552	0.666205995526306	0.227260510111238	0.394349395391257
563	0.715922661541614	0.645160511465919	0.275671335834419	0.391687184875435
424	0.570421961500881	0.423097254801212	0.282657185405964	0.40627671099335
100000776	0.0987702419448563	0.275689786019985	0.291117268650327	0.413211616847646
1001	0.928631663616453	0.456815690430586	0.256426501448939	0.422095775763893
1135	0.373027558660018	0.122288292769391	0.243012027283197	0.479487923346201
100021093	0.408753015752821	0.568680130059273	0.287515995316194	0.443826782446975
100020219	0.0886865266268314	0.152893042167175	0.260441884293515	0.310229049490986
194	0.398104662973419	0.868693500099372	0.25656904337731	0.411999676837237
100008930	0.670377786970624	0.577096470152156	0.276399007457817	0.403111019724768
340	0.647856501774197	0.248846679101154	0.156522645255068	0.487499006941008
100010896	0.981844320318563	0.690486789521161	0.231878335332285	0.424484877893099
100000787	0.242963085073548	0.0910615776727823	0.242432029825573	0.20795486527763
100000639	0.0191955299670179	0.162179285107937	0.21883861129414	0.406153604126862
100001851	0.876530524854677	0.275639644496882	0.275978800825511	0.278524449580404
179	0.729288063201735	0.539257133757079	0.243357735967001	0.427797775786766
100000626	0.411046352761248	0.754505046764183	0.260727452653501	0.42152717032994
100001605	0.00673651361471937	0.0707692387644594	0.330977038170875	0.488826304957372
330	0.232465153086635	0.336737758073623	0.28275174986661	0.301725006678916
100001162	0.555122686775403	0.717426938739046	0.234315466727838	0.407616346255763
100001167	0.0632108988174189	0.283423804697469	0.248316395220368	0.416137724329742
100002067	0.656156127016112	0.773776079286845	0.33108860661682	0.395923941169485
100019968	0.802161968607301	0.442425401020631	0.276382926953319	0.386899473251571
100002014	0.645784028544678	0.83883465931123	0.249509011866105	0.498075953585369
100004083	0.673568401848134	0.190843866299559	0.282808958038205	0.354414709967851
100001315	0.260243510597388	0.368586702818336	0.265024316385934	0.475402058015201
535	0.217464931687597	0.536843163182656	0.272870102224047	0.41134750156235
93	0.461995580375378	0.253374733809218	0.285865179724868	0.303698461940737
100001989	0.426638449961163	0.711614442461119	0.236422334433491	0.452877823106113
100001740	0.688943813557503	0.381524698919734	0.225398809348569	0.432641855677801
482	0.302787817286358	0.994719841708706	0.250106468492361	0.424760519639203
1629	0.249145150758135	0.409038987047923	0.303944534856226	0.399947445067775
100001399	0.457738812523939	0.391128358256031	0.264416180753802	0.421426837953965
376	0.718005828468893	0.139273867661634	0.143847051920047	0.501494169269201
342	0.558629861603636	0.625814447090292	0.249687608864928	0.422608896485329
100001253	0.0154444121608049	0.150586465771248	0.206699638261433	0.599441290883177
100000708	0.624605973974599	0.815231126191422	0.265968541829343	0.426510252115909
244	0.204496037053338	0.061034059682606	0.2085616185305	0.517985953494312
100006726	0.349326178745306	0.244683519963604	0.300645095130617	0.405330868500881
100000036	0.23451674291595	0.613297033645308	0.228562475317033	0.451035961775954
100001257	0.0116935872307414	0.0673616044574761	0.355809593429454	0.645630775073444
100000445	0.526837642595879	0.657557441199349	0.274627249198879	0.396694544399845
100004088	0.00159915153132077	0.0705413045404015	0.296381225291619	0.461600247527016
100001423	0.923677940596644	0.775848225862082	0.253466415963362	0.403711406995841
100001276	0.375345491576421	0.253201898475382	0.224446649302815	0.349885576616567
100001876	0.835122032149373	0.881239784420483	0.246952093462374	0.422433102582973
100009082	0.722985200717432	0.0483616173944402	0.114345961433764	0.414835306754787
100001121	0.368169437929013	0.731191227526371	0.246184614721982	0.416921024894082
117	0.298590520169279	0.608850849661176	0.23339774431432	0.435775351675228
100001868	0.0399003010416094	0.120195629479446	0.300725204944268	0.428915149850953
1134	0.875963174006412	0.377140162763137	0.181412925007884	0.413924743531211
100021012	0.194573448819346	0.421027645392094	0.258198386227856	0.437464681409088
100001181	0.815372466772834	0.276184625020505	0.314058268543734	0.373697259148651
100021467	0.862029302195908	0.335168435619381	0.254255609230843	0.363117448393302
100000447	0.209120204455611	0.216718284637333	0.293417462155941	0.388720945091829
1162	0.000593240847107644	0.0131026362313513	0.332162961084674	0.344815989612989
100019982	0.661921239205608	0.361550331541376	0.262390764429085	0.394823268373417
100001613	0.917830103089833	0.402357169980094	0.265181154154641	0.391082611859336
100006644	0.375879939598954	0.617655156515068	0.232972404406225	0.44126164169897
100000096	0.645772233009738	0.0317559440872691	0.163059758031685	0.40504813170405
926	0.487287800632707	0.731695016638541	0.25505290478908	0.424327415977201
100020004	0.936731112426431	0.659719348947983	0.265203364347432	0.417377249855226
363	0.271288238479141	0.0495933179092765	0.23120389675035	0.146775887431723
1111	0.270341957110895	0.985973774841005	0.254465077007699	0.481339380919148
100021712	0.777898306362401	0.716151494695217	0.248726647276	0.402946748253273
460	0.800590893338813	0.699362874222294	0.261506273129475	0.455944722906816
100009331	0.341171608304174	0.20526383612343	0.224469861931911	0.446974710375295
100000442	0.261999198150538	0.762087227596363	0.269046966815796	0.432717616219345
100002945	0.104221786578622	0.0197462219065008	0.333450343786012	0.399107491737054
192	0.951995336190594	0.924865675710696	0.254023877820604	0.446494000352305
100020241	0.432882684687537	0.988551744887073	0.249956310443424	0.4201127204036
100000580	0.152788937957106	0.178727491978132	0.216335979124252	0.622230820897115
100002466	0.0185225848620174	0.0379452587598509	0.213885916066272	0.27102602290271
849	0.998111859284548	0.78645916658715	0.253524414278687	0.407378743918223
501	0.368462303645495	0.273150636819796	0.286600445227335	0.367674768393731
100000282	0.721497970743339	0.151985863593577	0.321572926605451	0.346146590055729
100001577	0.0125304921953606	0.120098949616213	0.366071567483574	0.452254047583401
355	0.146351832441932	0.318497528917314	0.210875617484983	0.356398074205241
100000841	0.797722354710098	0.957348911035937	0.270245665716217	0.424841875615679
100000846	0.847428047394808	0.347095105540262	0.241156368484071	0.414518174270973
100004295	0.892131948847734	0.381568097966936	0.228897990830413	0.378837849637564
100001586	0.178044960863753	0.0670927879960283	0.359271791071337	0.214620146962454
407	0.0105733490358509	0.0251849733372651	0.286192231257457	0.488532717965299
1137	0.739772296182823	0.706955808766976	0.239698456687362	0.453441079274064
100021374	0.0354640748220263	0.0182201250779851	0.193748398399602	0.783980078242834
100001593	0.469963276735894	0.895281072576637	0.259069433598095	0.416149920533917
100015971	0.902916523891791	0.846687663399394	0.247560306926432	0.422333433848174
100001022	0.357847066374178	0.204181693493085	0.1591795050672	0.649184045806301
1094	0.0371200291660669	0.226103035466721	0.401080441803137	0.622118660453475
100002122	0.184225724416442	0.197566233798984	0.19950444812136	0.497920849098176
100000706	0.629054790659854	0.546409354498503	0.212728064107943	0.418390950359236
100001055	0.819260040356184	0.362778022536424	0.222595607532345	0.367962486661173
1235	0.404004242947177	0.652175563465269	0.234817663543857	0.450040832964386
100020204	0.0997215069473603	0.543428976570316	0.272996205474207	0.461387555351252
100015643	0.0353744288744313	0.279785571870825	0.274995551553822	0.380682874797181
313	0.0230600764494492	0.244498873314284	0.265103150289452	0.36738485909094
100001413	0.920985456511439	0.758057906145285	0.237940293705168	0.401901910720205
100020423	0.0300524233154636	0.0177401417569591	0.275152331321651	0.20295105154575
892	0.418568290132568	0.139142678055604	0.276382876388407	0.443941751366608
212	0.0722452439791023	0.140935753757137	0.33514894831127	0.410316963203977
100006105	0.16351954070671	0.168712377688154	0.289607956940753	0.426778858983092
437	0.721073003268165	0.625360265048024	0.234338146866056	0.434582344049888
100019892	0.516642620554345	0.803561163624261	0.249142433976143	0.437707781045976
100005716	0.0885769037610303	0.127023205526944	0.272072278569685	0.494744215901907
537	0.161404144452895	0.0990253842307227	0.258360035455746	0.432149685285266
100001990	0.226937030100417	0.485859530469719	0.300348574423534	0.364496020305314
100003397	0.0486653086944107	0.00457180780391307	0.195514037612691	0.251165610193138
100001320	0.186883551169508	0.254911526342636	0.320791952103532	0.27087496491648
100005717	0.146074959964648	0.10282092915646	0.295405563763257	0.453108472476138
100001207	0.0227951020860596	0.152131818313799	0.288779110120108	0.414202393781161
100001999	0.525395008921671	0.935818846087059	0.251793823299087	0.484290706977346
100002488	0.266307739439349	0.0239987805162614	0.300610549425788	0.395602448640661
62	0.246659822085375	0.721686356970287	0.243690691114189	0.426797015085049
100000467	0.587888942231618	0.420460529423198	0.238760397785055	0.397309458447696
297	0.00552692342707481	0.125613255950649	0.255480312311607	0.389659263202885
100000285	0.0290850131493855	0.418478001548821	0.253431719986626	0.500648763664648
100006056	0.0663865135829358	0.388657560583153	0.265319131313948	0.45841243573583
100002126	0.143761172336769	0.340927819018357	0.202958645354449	0.686165515880391
100002129	0.851984975915878	0.837882920073727	0.24535556388724	0.511903060098939
100020478	0.074369096479391	0.337910794438636	0.232794085718154	0.459206249035594
100004089	0.0638081772251053	0.494653450295949	0.269766862880604	0.380311769520791
100001755	0.475840836099149	0.596277456819143	0.251717353547234	0.390161868588144
100000551	0.042384630529679	0.994277166169452	0.256636499459034	0.422372904170189
100003260	0.60260320141326	0.42782523370245	0.279353730896378	0.484834173445409
100010955	0.882094766998539	0.370830910769755	0.195563002765202	0.337754142725125
100020851	0.200884778988844	0.450303272937258	0.271791845484603	0.438030266810382
100016069	0.758816962205012	0.853528728833498	0.253191217412382	0.415494963115068
100002027	0.505300133732349	0.546522603894522	0.196623696685038	0.516714565385621
1123	0.252742024907067	0.155180351031317	0.236039075758398	0.517877419211533
100001150	0.603499082262624	0.840322552448765	0.243150551976593	0.425821201888349
100001657	0.301181660948514	0.688148738772945	0.251784845793231	0.408102285869362
310	0.22035996173285	0.332890652114316	0.218375799004428	0.504648352823921
100001314	0.312690743078878	0.101505761155763	0.232144603366408	0.31510344264087
452	0.739210839129165	0.637613329969315	0.285015828544832	0.401017310309375
144	0.102327297386721	0.060655990146056	0.309527778128038	0.318949007275636
100001182	0.194283867655218	0.147291667592489	0.313324446330402	0.407812538440352
100015965	0.673104096839478	0.464963597054339	0.238965056157846	0.478289411627194
100006108	0.863036282742595	0.474992636876739	0.259413962891611	0.448977900238243
100001400	0.762598377060007	0.659897245331706	0.238300853929969	0.414901326315224
100004541	0.420703694226699	0.227113987570739	0.245486343951953	0.259456422351841
932	0.871035380994231	0.358520954877711	0.256031215535549	0.446392500036286
100001992	0.377233756455283	0.451937266006927	0.386105338366492	0.326640014545317
100009252	0.148184528295303	0.206447686525652	0.305185943392789	0.412558727411789
100021104	0.682356441622115	0.652921858243518	0.219135052483251	0.522581071289695
100015838	0.00698713457874361	0.0398619072663152	0.372071648268939	0.625766325454524
250	0.000663936529665292	0.0213513298974077	0.480018596806567	0.488791753686219
100002537	0.976919958350765	0.554058762072473	0.233970424579015	0.503807971692862
100001658	0.725534490017352	0.62451148755523	0.277147377042932	0.406117733554212
100020416	0.373966443433534	0.409020760047974	0.224468607384055	0.408317625973908
100006642	0.225415049582547	0.729703462444393	0.239280313877552	0.442213318916224
100001391	0.0698417182834176	0.315357001847184	0.328681937851207	0.515835067861058
825	0.537225981614376	0.688503273996152	0.227825842276019	0.42987153021826
215	0.0202771911090542	0.105772935082451	0.299454052070156	0.408975758868858
100001026	0.908849933924534	0.883671444901597	0.24871802692504	0.455306541526193
100020541	0.520406180443706	0.533055615210831	0.224291047280549	0.457899253519382
100001526	0.109975182832495	0.206712620509437	0.408676844317981	0.506535549623591
100005384	0.598392259046863	0.437256112757538	0.235407563624837	0.367980890346157
100020378	0.250217217218225	0.725446777130224	0.241426480732717	0.426401656705126
100006115	0.815022197461619	0.501471752112491	0.314897611494914	0.368577090456463
1442	0.336222800550213	0.0636436448283603	0.112107383439356	0.356537826434481
100001843	0.131571267965896	0.209887799407218	0.273150026953855	0.492611304579242
100015837	0.121495784293952	0.253445562171137	0.459836706874649	0.376741079073737
100010834	0.75679505503695	0.962776252399775	0.250732642010141	0.419747488929023
100001393	0.468524104237645	0.538645364175911	0.212049569061259	0.454493645339406
100000015	0.404637998312872	0.521036888276166	0.229903065562375	0.432714503943409
100003892	0.0218804727681763	0.0361683244897036	0.212990814384119	0.627433249685583
100000042	0.237051001211776	0.0315949700071503	0.271040081340417	0.367350997740506
100020550	0.652228173880842	0.233529952548118	0.273010631842835	0.350148257642315
182	0.312683296427034	0.272334945047045	0.238669788370026	0.426427362524662
100015723	0.144866382199733	0.429856602858037	0.253873584613232	0.406145969999209
100020343	0.483364057776052	0.551769524110707	0.229990951015666	0.425318767760765
512	0.341538467544002	0.607417759025546	0.276763730303394	0.397152894792295
100021100	0.78115693674404	0.731219847775443	0.241099410239015	0.422755101053337
100002528	0.39923122413511	0.0798902262228774	0.303280295581541	0.271317793872773
100001287	0.556083617047978	0.826168904826858	0.326827156231031	0.404132961412737
100001229	0.762114503162998	0.808554333702803	0.264283512023425	0.406949171335201
181	0.326884897743711	0.830311828506126	0.245775457597265	0.441062752823159
100015831	0.00521762742277656	0.0423435322338309	0.349678300480478	0.317526490270502
100020515	0.395612631280663	0.594774390661599	0.219087298553585	0.527133300892267
327	0.237362366434778	0.2724983771369	0.305908334642676	0.388137182374122
100009394	0.701932910843662	0.828782092946108	0.241629002558209	0.438419085169759
100001596	0.932896994610299	0.274468872583444	0.228252931845285	0.314448390543131
207	0.959775964871035	0.523137933832865	0.262532392329471	0.396417468467128
2054	0.409068839963321	0.675204291792621	0.235442096375131	0.434057474961011
100020259	0.63712690149186	0.550569017855118	0.276228374519572	0.408174948673211
100020414	0.00336585008557578	0.034473345195541	0.177282030224046	0.398930387382803
100021131	0.663851648880628	0.359637887250808	0.24426200082529	0.405332108634143
100004499	0.69107554935864	0.814611911835377	0.246253305233363	0.408782230985589
880	0.0924590998961407	0.607600404942486	0.285992012378653	0.406874089148518
100002049	0.523370344332153	0.311239165649253	0.278866717002624	0.383112013675934
100001739	0.507289977129622	0.233931761343057	0.325925864498004	0.389262020108145
100001126	0.590862708012387	0.179966201322567	0.16939852201133	0.348382381484541
1113	0.791162346408671	0.876521060972608	0.260645274514025	0.41156462523641
1083	0.973990755751397	0.324706403538363	0.275786869060628	0.356624779025491
100001730	0.0915323530415055	0.183580748697885	0.293938532997224	0.326326209108469
100001412	0.402725413647493	0.811815193661222	0.245230698672461	0.435953465873274
100005996	0.703138774962446	0.580602788844601	0.241169286052197	0.399264464307468
100015962	0.00573847358179185	0.0869663035983236	0.18618696246756	0.682513072850702
100020214	0.811227861717414	0.468671561192673	0.265323385693226	0.372613634899696
100002514	0.123620195674005	0.312996410295711	0.261862712084989	0.367119242987305
564	0.200301116181604	0.0462599579294473	0.218090299588596	0.326752580299547
572	0.0267475674286344	0.0210969200304453	0.374599484438302	0.323704116208849
231	0.845989631068486	0.565064641573351	0.220720098960863	0.42570041263811
100000453	0.715138445265244	0.637103110296017	0.235055805535301	0.452023821808207
100001007	0.132284301150429	0.243486811610332	0.301538439877102	0.330255052452856
923	0.54905989158179	0.312780456424009	0.237148299866901	0.461279062937774
100001247	0.388123209779676	0.470037662796549	0.232614087410692	0.399665910752692
100000774	0.598284181196324	0.951721642707394	0.259020654595744	0.430617599840423
800	0.431973388140206	0.434492957218831	0.264140178851592	0.468910909629976
100021678	0.243308055461879	0.334759704701904	0.200724998652527	0.411845265910791
100021711	0.541701519446165	0.994637105199364	0.255258522504392	0.422741257717365
100001274	0.975045578517429	0.443956052255143	0.24235892933227	0.327670861539154
100021220	0.0785781045669197	0.141152205943054	0.317687405197341	0.710873541393981
100020253	0.28633981458337	0.835387770693747	0.247434626370057	0.427182169547393
100001170	0.969927824749095	0.241259787049305	0.235380959799244	0.369091880345329
100001466	0.251657167425521	0.821271036056806	0.259531486408683	0.41480274804453
100009406	0.640351242437797	0.624309289802681	0.238237184254921	0.432614421747977
1026	0.196368275311294	0.437577407988876	0.267751204141276	0.392763027619429
100020837	0.60103733414994	0.467394590533375	0.282033452576032	0.367365721929486
100001006	0.0559561803408162	0.0735190824897309	0.23886169256684	0.521453954404539
100003674	0.669306712382946	0.114961440018138	0.247652901358834	0.398808464638587
100004396	0.324506036256895	0.372103271997995	0.293163852022187	0.334407995881633
100015923	0.416771113890951	0.809339392610193	0.282495355216747	0.406285232100286
100000265	0.596315284659367	0.795672902778745	0.254713102611632	0.408822152773648
100001409	0.12841328902682	0.141942228845573	0.248233516532968	0.31814414376787
100003434	0.339636346410606	0.559814049365414	0.255581587135972	0.37543521508736
100001334	0.698410044512282	0.0873529232462326	0.314867017839411	0.342407534402958
100001102	0.672312106649504	0.771214007675191	0.25896393753547	0.407501505310384
1268	0.690701976153265	0.0723941775281174	0.152917502518025	0.388353471703856
100001300	0.249557680161229	0.0958568430744988	0.220883080622148	0.427827694543402
100021324	0.279086944895949	0.790046777451719	0.313315148614101	0.418188125372292
100001617	0.0934990407043334	0.0955264025384933	0.242749275580713	0.447012867306371
1105	0.991178849574179	0.145720688977501	0.342860440659287	0.204291394495803
100021502	0.0854138550018309	0.327469714518134	0.243767049950704	0.447802641659113
2051	0.685529963881143	0.591769804064315	0.251072430756967	0.356529874951309
100001256	0.130044407701546	0.561696457385771	0.280334819003479	0.526824590250689
100005466	0.0902053706581895	0.0916858588012197	0.287709964971543	0.280057991916585
100002199	0.107042985995452	0.694514594756282	0.261463670864831	0.436153588171528
338	0.017973309933018	0.0454926443756367	0.413185941890589	0.247866745636074
100004243	0.373542744668933	0.492888471001327	0.22719701012805	0.424880516954406
799	0.452131254821766	0.921822408302946	0.257105320416919	0.419230907147689
100008928	0.661812526505625	0.123813785874897	0.253058675071546	0.427324277750638
815	0.0719140578926	0.241946729555395	0.253121236386351	0.48570365948274
100001456	0.00312977248879204	0.0416698644428302	0.234712825654072	0.323741422095063
1242	0.140457832177372	0.120537500938787	0.303718274063429	0.305896811586352
100001416	0.316684897354565	0.0922551475922891	0.166192401146947	0.231830823904195
100001462	0.380068093551138	0.340026971591197	0.300139050248	0.389721713623152
1087	0.218173351305233	0.0452942372634867	0.262945119156506	0.401102341284501
100020421	0.100134217768009	0.11347074626966	0.287549796386191	0.256707214916861
100000010	0.00557115162473308	0.052966770729104	0.26686263734219	0.478592054791951
821	0.736458653110588	0.470580913060524	0.276363007368989	0.343023067210082
100006627	0.249940670746175	0.134599257401086	0.358617071238182	0.342224315947732
100001277	0.355408782602267	0.15288967450841	0.299450994322691	0.389238573623343
100021141	0.0396963833983135	0.209412481063518	0.28377530258743	0.497874341888642
100021105	0.271104829590738	0.315398834105215	0.266735327848507	0.301947938735492
100001950	0.000488404665292939	0.00988318819793685	0.327232115211664	0.571119891188248
100020217	0.83406522259239	0.373542605098256	0.188515499468839	0.328318237160602
100006651	0.0754459520447247	0.264015663523329	0.285947994542619	0.293201902728609
881	0.932097394927979	0.426407295159128	0.235903980772242	0.428951677841061
100001509	0.756527810418996	0.163592155388427	0.221531840333363	0.365639916375556
100021709	0.613174384455829	0.865559451708345	0.245896908726559	0.424057806360503
100001635	0.376280170298412	0.0472788377979169	0.276414396322167	0.397100203684116
100002613	0.411891298497649	0.122168124067797	0.232458018256709	0.48872509565451
100009329	0.464858779556613	0.669197782401562	0.223467615042077	0.54822507085622
100021123	0.870254752826452	0.745587405510815	0.257666842800704	0.391212183514662
100015760	0.264243932793726	0.164595244524519	0.205644836035558	0.45253118435684
100020205	0.595988576366062	0.53901444803313	0.287001430068214	0.339130035376453
100000765	0.569495433698148	0.615494556351326	0.245965935485348	0.395411506786018
100004111	0.273217330086947	0.142133535358611	0.279183153304444	0.388372075444171
100001615	0.583052383017184	0.274072529300334	0.240782353095001	0.36679807183998
100009227	0.146849859988625	0.111392914981708	0.358948358949581	0.532358492045643
100006191	0.457714125733226	0.609618749244465	0.274092381257111	0.388443118716578
100004542	0.451803851248039	0.404835186163358	0.26396520965855	0.455847732472028
100003686	0.363566091371698	0.149904836966134	0.35461698774576	0.384998453694476
100009232	0.0414370980436274	0.234567379500361	0.251130806392064	0.357603859774302
100001501	0.0412216108923595	0.0993804596119323	0.329735015086084	0.446031056144675
100002367	0.421185242396364	0.16933757475224	0.229432256300528	0.278357853754187
100001108	0.328654822946504	0.693338642963456	0.248166401157333	0.413729999655374
100004227	0.908939202610141	0.797701808442094	0.24772364672211	0.429913508850673
100001310	0.124091527621803	0.232492919529733	0.232144742643222	0.509002410330896
100001994	0.854496777189615	0.974317551775677	0.29044908636618	0.458215752358252
100015839	0.00984745055580025	0.0128850158123412	0.338439611136933	0.482092353504557
100003271	0.0087881659961668	0.0883235916618398	0.330069655714498	0.285467790939074
100020496	0.678747523307231	0.907928407557657	0.263427623273792	0.415351226412668
302	0.603372777736968	0.364061886321799	0.213740700950402	0.381701761980247
811	0.675545488523098	0.687255142496963	0.242885942022965	0.456325131002202
100001267	0.893748553628484	0.79964829526991	0.238721539944185	0.418722963881168
100001197	0.0174198224955689	0.295387943799186	0.289487764154822	0.419750769710102
432	0.266685270360646	0.513891167453775	0.267378537185626	0.410860138741907
444	0.00959584765402526	0.0555832241137869	0.28495329728192	0.530240802684879
100015968	0.368966714958131	0.369479922929401	0.245843736598178	0.365099915111965
828	0.981683037821379	0.827090702153744	0.243344622404218	0.425406355600165
100004054	0.211251064672486	0.777218244275215	0.252794553194689	0.424727168730658
100004635	0.103623188241332	0.141484991017747	0.59732707941842	0.237202011983165
100000491	0.586841680078509	0.603421197770434	0.244030042376567	0.361252876009113
100000939	0.0573054039332443	0.036296494774245	0.267236244516023	0.347009723423486
241	0.196865886616818	0.579946610084514	0.270233553457561	0.439920983660524
136	0.180805700587295	0.040591728155928	0.207078196415119	0.555070731842548
100000792	0.491364100672603	0.999737399932102	0.258759823304155	0.47807256547024
100020973	0.708848069026581	0.686613462721867	0.265725725715992	0.4091806484257
100000936	0.777634165948286	0.861873675978658	0.249183731405979	0.422090522833802
100001313	0.00716656844702809	0.135421142290805	0.266168400310822	0.469105151319737
100001951	0.0818083017340303	0.133087650302092	0.284463081856844	0.436287927241153
100006098	0.0134330647305529	0.0820955011355198	0.283437824880817	0.508378134052605
100000007	0.163907747725424	0.410780902367729	0.259455933184511	0.418550832838353
100006641	0.907199992910674	0.901844975923293	0.268030151840477	0.422259249882053
913	0.0132051997416202	0.0602280098327393	0.314317300614963	0.317802573337525
100001579	0.804018889089974	0.440190283260246	0.277327326490044	0.422938976838206
100002911	0.165995918801743	0.0149375436511166	0.330918751103597	0.400836244080077
100001293	0.274451715612137	0.433378808579979	0.223827632596217	0.530917894837941
100002241	0.256802416839395	0.549491699717612	0.264226854475911	0.400418503464516
100003179	0.442894397827478	0.080427063069183	0.237795198120109	0.312819788115005
100021372	0.378382541654975	0.2580996982861	0.188782706125409	0.428032211531666
100001956	0.393598086982135	0.523810289348747	0.252595435133405	0.359362948619507
100021162	0.155426522214201	0.106155967766235	0.231248103160673	0.256760582049319
100002259	0.380998706571727	0.619155674271636	0.230637973160859	0.414018629076578
252	0.471321453465511	0.619178520771628	0.28816077830143	0.383631033421129
100000707	0.432930165154903	0.322524397956877	0.246608731683777	0.426909584409144
1489	0.780878403169122	0.0258618830563881	0.18805023524208	0.417375634733387
100020361	0.0171468892863744	0.0777947181219018	0.281208194735187	0.664712872903853
55	0.67799584154389	0.882859037403531	0.246644364635688	0.429047508637411
100000863	0.249178569534297	0.25411029473895	0.216656174118211	0.448651100315873
100015840	0.152145280906597	0.095119780651136	0.340610047056895	0.382170896903188
100001541	0.168019556013694	0.0844952464608282	0.168768973651623	0.411463995968672
100006082	0.162291181043205	0.0626769834286266	0.331581444456038	0.426919875146077
1254	0.711441648269852	0.924633394018871	0.258401455416972	0.436154791126696
100001624	0.463001695769381	0.322096207614038	0.233087027469756	0.397180854119749
100015850	0.968635940547508	0.566826449457447	0.314638962332547	0.391246169379744
100001104	0.00153783502802805	0.0102418656036581	0.282154518430097	0.64862677239334
100000900	0.158451872924816	0.45705561125775	0.259326902143013	0.428727108604006
100000269	0.269184359338325	0.088853045029243	0.152037370680881	0.388701557701365
1022	0.301985087842854	0.817882633061069	0.252914233194141	0.410863883359637
100005373	0.150969821492389	0.0607759674319146	0.217555247445345	0.42496697646222
100001129	0.104196625008297	0.664048248017269	0.240425150449562	0.446694034293464
935	0.0137427410383738	0.11831230506538	0.331406631742982	0.315045839755274
100001262	0.142591669611707	0.191766724530424	0.261065023656068	0.439641332069512
100019978	0.366674323255204	0.573293472546131	0.243338412924236	0.405469576154924
100002293	0.762081346949612	0.828959254148739	0.253159560256506	0.421798986036928
100001426	0.32848593231756	0.350272923396427	0.255258750274706	0.33234218956346
234	0.0481630838897186	0.179622552349624	0.249241653334523	0.410079657852893
100005403	0.256880060115666	0.950371473792055	0.26281593218278	0.420632869009015
100001083	0.0890797639387627	0.487197589444626	0.271199288431719	0.454647820290617
439	0.600277401658273	0.275648532246543	0.271176791964654	0.411136253458539
100001086	0.275312162014518	0.397211359278391	0.263918214926519	0.485547396716054
100005864	0.693589922241932	0.457728108810177	0.229498021958833	0.474921162240765
491	0.535813399628994	0.928824242783011	0.249130183802635	0.421276988791658
100002029	0.459073112066983	0.344567301963428	0.23645613629712	0.303060019640553
100002154	0.98791311367162	0.577740760511694	0.228629602968357	0.415821443790844
891	0.471936143505531	0.188994233640596	0.283036142883346	0.394369299114312
100020261	0.319185582128024	0.377420060029329	0.311532317590701	0.394265028442217
100001296	0.608631523302891	0.488095982617453	0.253012087824985	0.347405781017011
2050	0.415079624530364	0.559790954600267	0.268866687810699	0.385846036006213
100002761	0.358398584091536	0.789538362309015	0.238712518399717	0.517117476055073
100006614	0.982029259783826	0.612828263230419	0.22712743662056	0.480368231963809
100001597	0.736475211756156	0.168802406178987	0.166133835448469	0.296009678867026
100020853	0.710077427752212	0.856288087020327	0.253973141778707	0.428671842234903
100001446	0.252338010498846	0.35384750772901	0.218929825581667	0.41051730995091
100003240	0.305626668731013	0.12546536326476	0.292262042474308	0.358327508154798
100001502	0.0188633763800544	0.188324594542877	0.308911694567295	0.49596769504549
100020866	0.158189927916832	0.0162641797601794	0.156364378005249	0.30943442615388
100020419	0.0457252102794627	0.0942048726796694	0.273142249005496	0.241876011038526
35	0.480346621478527	0.267674435608772	0.223398835412219	0.369497805641125
100003696	0.00734811715184378	0.0373650511542647	0.381395864224848	0.346613074374999
100016038	0.817925773965405	0.848411687501227	0.24556107574823	0.407404757323211
100009333	0.179585591701069	0.159759704170439	0.24895420791124	0.437554352007713
100001611	0.237985785445818	0.440377390425238	0.31710395347146	0.418796567642819
100005383	0.516220614566449	0.248124180081896	0.25792707071097	0.447840523323257
100009239	0.351686702930139	0.132429236502006	0.318572164650265	0.29242647428635
100009332	0.334062442832589	0.232418043452148	0.250128513471198	0.392290635041993
100001731	0.20967846805779	0.707826464725365	0.256366176477372	0.407890129288689
100003415	0.447352752034132	0.553226735956819	0.24696313385032	0.440104588926082
100020578	0.126457827984912	0.163761212089346	0.231801909078337	0.326711475222867
893	0.986890283573657	0.4553721039216	0.246557656959069	0.426875440732895
100000963	0.406567127569486	0.234070729549324	0.326847032704919	0.293154226337659
273	0.137791813570737	0.321313653336605	0.295195527552063	0.41486402703592
197	0.678410322440791	0.501581177196872	0.245170769097036	0.355987070457379
100000808	0.179339743038715	0.183395053529745	0.231499850622571	0.547543548852294
100002284	0.581510951021941	0.425625611784414	0.174782868142116	0.386367157690563
888	0.963024340812035	0.106027749191509	0.273303210772964	0.410856627400428
100006435	0.31719764347456	0.257829270320758	0.180402807125891	0.718132047722551
100006374	0.150622427806447	0.472418870995847	0.259398420603673	0.404759962242648
100003169	0.579796086583557	0.940148862806845	0.248170942307665	0.417966885993141
1004	0.704340277748021	0.792616213275252	0.238699199748349	0.407290069300835
100005998	0.146203613924323	0.889131494901253	0.249588554173228	0.415434041523544
100000773	0.517836349238953	0.424170844797697	0.255255972044432	0.396310147591325
100010850	0.0268009871596103	0.145401610475204	0.297058916551009	0.345165217345413
397	0.887880933812236	0.375474479076283	0.185574741639552	0.468020816935326
100000039	0.0695606761556607	0.209657520866361	0.200635643215911	0.465900634462314
100020833	0.966686147730544	0.655332956055685	0.260100445509867	0.46183719258255
1021	0.237250810362113	0.247537556476715	0.227958854605134	0.433791538709939
100020479	0.474111940392481	0.694907414924621	0.25393976930406	0.432905983627271
100001335	0.470820333566586	0.284535747842794	0.28844823309424	0.393225683619576
100000743	0.889778974262244	0.901952498438973	0.249367254223172	0.451476709977513
100009246	0.153800494159598	0.613590461574149	0.239853119067373	0.446922555159885
878	0.220536292864089	0.751136548470037	0.240345626499812	0.430894240823604
100021103	0.742620492441856	0.92793430650017	0.274898397523051	0.483370140807078
100021363	0.215532983677367	0.552259305224216	0.231768561413547	0.45342864096054
266	0.103075961724667	0.166009025287365	0.252303923856059	0.345941578203145
100001195	0.284893015292628	0.189314389919266	0.329293801642047	0.358680104792566
100019801	0.745564534754465	0.667426921346714	0.263037454852964	0.408728987219871
100002196	0.0582664675815666	0.326772494717972	0.263507992263032	0.437447273550056
100006370	0.259255350246575	0.97172757386239	0.249375829941129	0.422171658682488
100001510	0.0206807185052057	0.00296520046748652	0.20587049246988	0.486132208196973
100000437	0.437429677085557	0.400715009719578	0.235913646696087	0.477101225747521
100001767	0.051383936048759	0.0173263953442618	0.318307751576055	0.428786142582973
100001810	0.294112264400141	0.462756624304413	0.263813392958232	0.568396587352339
209	0.0271071642138549	0.301362624286243	0.292262938587171	0.400611176900233
100001485	0.307679908396301	0.0981842664235801	0.148278693024461	0.367936002944949
100002500	0.126925424409574	0.433002337240737	0.254520773437524	0.395393638231134
171	0.0237030809708523	0.018914474439964	0.180749373871885	0.408702023312615
100020487	0.811862649928278	0.880686941096599	0.265662877529496	0.417418517048043
1206	0.00703886040151654	0.117109160137638	0.25344582964603	0.460284892676587
344	0.0103203422881992	0.0302229870853268	0.527912768539911	0.501001281687651
100001405	0.601576808547789	0.989309624052452	0.252870656703731	0.421931895366395
1239	0.988467857644394	0.539802954034993	0.279532706054866	0.425582152593085
391	0.0411328461488429	0.16116268345639	0.231372051085935	0.601203169246643
100006430	0.700372002298308	0.265466769592365	0.307680612559052	0.279853815605212
100001417	0.866723815197228	0.512021330503025	0.23988300668346	0.511293387200116
100002951	0.116690962865004	0.55723244625501	0.24898315491841	0.380197257212945
100000014	0.35582953404965	0.543686750425918	0.243287690700548	0.45403634852981
100003926	0.57509665890301	0.472027423368106	0.272683401132169	0.407711506944728
100021538	0.536745712339303	0.364898403869915	0.295704437222751	0.358308685257079
132	0.297466761228571	0.900906334094389	0.251770131141247	0.419677645928533
100001425	0.738914917005252	0.655316526154317	0.300451563459501	0.394723142087473
100020262	0.564836778870533	0.604628462349671	0.272495590878584	0.408269208371541
100002679	0.274241170993626	0.65099314292283	0.234720014898363	0.486499792669699
100001270	0.590708513007265	0.655881549549738	0.255633891616413	0.412738947847553
1102	0.694683404542036	0.927748198838061	0.248102938242684	0.431086732748309
331	0.356161130140414	0.234525532363341	0.208981204693912	0.351016284855203
100006361	0.443124937560796	0.595664942878714	0.229845562398871	0.484230086367296
180	0.969691454334826	0.754886555671711	0.273058025462243	0.413127682052263
1053	0.303497985106383	0.522346203463788	0.369920420021882	0.474146738793696
100001359	0.737153430754408	0.900982758866467	0.262566705980731	0.416076575533321
