chemID	simpleLRM_Fstatistics	multiLRM(chem_sig)	multiLRM(sex_sig)	multiLRM(age_sig)
100021136	0.0221170757684237	0.20893893220006	0.335637654045128	0.839265070123465
100000882	0.716797177385229	0.782048721763712	0.30372675527811	0.71604422255024
409	0.0572942864507161	0.137403809525025	0.347151098169651	0.464610124949337
100002254	0.633606292818099	0.0395224817286002	0.201959784821527	0.716960982138937
361	0.009555106246801	0.132295451964227	0.219417184936937	0.705981246861753
100019975	0.57971301161545	0.713218863661742	0.298138621895596	0.752616349101469
100000257	0.000392818853412565	0.0105096351728142	0.303230298854789	0.664874487947609
100001232	0.808499222080344	0.863620018078033	0.289770215851286	0.747200718684893
100001948	0.36052444220632	0.426481480392323	0.317034366044875	0.606608550293478
100001073	0.4396125549307	0.394518964590633	0.439896109996197	0.570626614968913
100015637	0.733684195804958	0.661242113249638	0.307695404251659	0.728810255667338
100006360	0.671450662541786	0.713729075796848	0.28272594034784	0.793192614612723
1488	0.57924285051239	0.665045591091916	0.299327797413175	0.712871950246178
100002253	0.941543075337509	0.937851810398941	0.301838376837952	0.728588547635852
1023	0.947879556976203	0.668346488956225	0.293508583118019	0.714368458977505
100004284	0.656678457812371	0.82190355241684	0.292127195673919	0.740678474520602
100001251	0.292512573626106	0.592523082145962	0.283112504203697	0.731268008961254
362	0.785467265297936	0.454372792034144	0.26836304342204	0.729762286288565
100006620	0.365842385364858	0.771752151536658	0.29705076989058	0.732974265151096
111	0.300347293484716	0.0938923062683435	0.24268677600507	0.693223820706921
100009045	0.724608407311651	0.326313461818296	0.251429106780695	0.872828020989634
100002927	0.81573017898696	0.959845867908069	0.296014357102853	0.740672950722791
100015641	0.561749908296062	0.673764906435013	0.275433437236953	0.765896029683129
1114	0.137214686637842	0.961956097031133	0.298429007549576	0.732301900195461
100020409	0.294602822851149	0.33332621433814	0.298909982739872	0.595041014124891
158	0.163002488441509	0.330863434204045	0.363044779677573	0.759545834384862
1224	0.0362970522400202	0.177091079713814	0.231528043528189	0.788428502541123
100001620	0.573421129857635	0.457414252920695	0.263108844129428	0.731105219292893
100020893	0.230762648931819	0.0501913350646456	0.275119246633659	0.438724760061771
100002458	0.858522613785337	0.496094956622949	0.347919311162028	0.671008229529118
100001112	0.838702994282679	0.996324610332794	0.296490181933669	0.735005634853134
100002953	0.471927317869137	0.883451730711646	0.294695904680472	0.740801629437669
1141	0.376417131890653	0.054041147564019	0.38227764808951	0.551577260085727
100015834	0.545467354050509	0.923640057895843	0.295457755867956	0.729137429374021
100004561	0.645797174050289	0.866144693180705	0.300470392945738	0.728960889340303
100020497	0.913847534989286	0.67404559986651	0.277497837163071	0.770109739163621
498	0.085337673758462	0.411421010475219	0.291209330064554	0.784089255703441
100006051	0.938704594418229	0.957735871158878	0.296131329679779	0.735434399428837
1668	0.623120188168818	0.513661613256374	0.291242117896986	0.665482145395849
100004523	0.328452626693693	0.815688483193693	0.308754839781228	0.712014516040474
100001604	0.268788876455609	0.597516870848171	0.293283320023259	0.772885347594735
100001002	0.157735933715682	0.434023262788676	0.313694543261461	0.715279805658122
100001987	0.0630130655960144	0.239533670185319	0.869201957813015	0.578640722577007
100002462	0.530270339624023	0.301206343455955	0.363042729922346	0.604256948789865
466	0.735485759185701	0.11284866967331	0.319241873977066	0.705067862699007
100000665	0.701279707953935	0.633407931559295	0.318302865534392	0.696374703716782
445	0.975071490221053	0.439882469208367	0.326695654094581	0.78095112650232
2029	0.174860501346583	0.52768842626453	0.313270251386802	0.735029530956026
100006438	0.150465431450031	0.262678783044906	0.342697958603705	0.742203868329208
100001398	0.13141790257488	0.53300854286766	0.274410166889906	0.761644196849782
235	0.37914901953189	0.436272570301963	0.263018052104279	0.775406447408565
100000997	0.655457784891019	0.697931499251791	0.299444621264108	0.712872074075488
100002094	0.248200906795821	0.249891717512971	0.254044521339764	0.6057943065009
1052	0.742349273450292	0.970942964717979	0.309714782972343	0.733220152720151
100020823	0.330889968070455	0.66428718846505	0.282836966885209	0.726482120060931
100001806	0.305857878138999	0.636853289572533	0.343944376558413	0.742433051944499
100006092	0.897682812176027	0.926080809351893	0.299727549749026	0.727811765271996
100001415	0.0948176329356712	0.0745471816870434	0.29952414176836	0.442501580267843
100000008	0.0371161590820787	0.0723987226432196	0.33000278663527	0.567203772512062
565	0.00765110263497293	0.0368113371933846	0.294458704978496	0.807950839839038
100015851	0.183825196927854	0.224000134028605	0.373572146201579	0.859500992961184
100001866	0.423958199414176	0.797685599663055	0.321005718893836	0.704113161639963
100020546	0.00309434106069385	0.0325727924726363	0.528695180397201	0.926358310346792
100016110	0.579748959797233	0.47649972362111	0.250494796436379	0.823383107952612
100001254	0.00464136301165057	0.0154708145318262	0.377061918145421	0.927536879568592
100006260	0.331162070070816	0.774424406361812	0.302767292569581	0.732557509189728
826	0.59171057762427	0.784127466881974	0.298615610458011	0.727753552987892
100001872	0.522279067941301	0.836563466396685	0.297348158651442	0.732738199421529
100000263	0.381070889835519	0.448394385359627	0.356640524634722	0.726459020388047
100021198	0.672403858422282	0.0480895737910031	0.200941209608399	0.426217800499819
100015967	0.0300633788773878	0.0837213829034273	0.370734153339588	0.550565971441391
278	0.147821638330211	0.270655713587251	0.279292707389903	0.981931789336183
519	0.895668263351179	0.462626900183341	0.33907349941373	0.68082487843198
100009337	0.131206650737466	0.342799643284764	0.393406971423948	0.716081381407653
100002185	0.495162079875099	0.801329523038846	0.286344004559795	0.714277066987959
100001278	0.590391015974012	0.446113523951662	0.341875499835112	0.693597136418134
100002103	0.875245411465294	0.646360865210451	0.297747732362432	0.688554563082115
980	0.880626814703159	0.735929397871668	0.309982592691635	0.721722579851382
100000016	0.80973702248866	0.408300593183442	0.293552811793344	0.707128447014931
100020372	0.199005363122313	0.512637759793978	0.294162568954454	0.671223507834779
100001662	0.750769878090044	0.169923954017905	0.12998613023298	0.739564639109551
100019972	0.935821945547271	0.660377328021013	0.305612257034025	0.719415859122243
254	0.753371300831118	0.718091355375113	0.294491479468824	0.738336551510817
100002009	0.615153879014293	0.65893587790984	0.293631631649114	0.643996354035156
100010895	0.415549431114224	0.538299867933187	0.344546931644751	0.71435863937009
1140	0.872832602521252	0.815310312449767	0.297637221611006	0.758824133515051
100008951	0.623699676953236	0.568296343668872	0.315565213110093	0.699295361936963
1084	0.445245462648629	0.919925039292652	0.296785966371111	0.753543581247474
100002796	0.0687228968287768	0.270037512098287	0.257208045488423	0.664266070095672
358	0.977851877873304	0.896012212901861	0.293678990919546	0.719199143464285
100002070	0.762009356104046	0.74601174408023	0.290155237407149	0.764826007132939
1628	0.322780877944882	0.127065152655064	0.363567357538849	0.728234065903122
823	0.678324197424782	0.449509621391754	0.252944154966363	0.803703979580693
100004414	0.82916390739451	0.249416618266011	0.356969745803056	0.822802246654598
100006129	0.697015256093775	0.68081336973943	0.279321079598517	0.748333165356653
100002028	0.585569037185089	0.366106978731997	0.427482635828407	0.489358732945643
100021707	0.474777847460036	0.485901716348299	0.255626342137893	0.807064464827479
100000054	0.49008784629028	0.456919343923486	0.288834386670835	0.762386474893666
100010869	0.363532724624866	0.201229296349047	0.31052381228999	0.602656389305531
100004575	0.0438272411114367	0.130500681615977	0.365313282869601	0.972016296989975
100001212	0.971371069766652	0.669537220857357	0.300269955719819	0.671201012758962
818	0.18199274002747	0.45223726357106	0.351632350946875	0.670747434291315
100001092	0.00232690424993226	0.0260934303075795	0.288661366342547	0.701957130496004
100020371	0.905622172706618	0.925738487470742	0.299163130868545	0.732894719692358
100004112	0.234147399228184	0.547034667534409	0.312742479155713	0.737053518502362
1125	0.437734815607409	0.261517156121978	0.33610746031078	0.77482696317805
100020491	0.836459023066402	0.500278067246859	0.251777055450811	0.754316623514801
100003151	0.00295821961861234	0.0259925090778589	0.439390360307019	0.607257235687374
100000011	0.367793035216035	0.151370660711722	0.220490215355561	0.833062630791062
100003594	0.433523828540189	0.917443987309552	0.307341561307624	0.740946646117754
806	0.629381252944176	0.123349576122022	0.296540552743026	0.520635735840135
100001211	0.902134525219382	0.534725016612669	0.308710480886047	0.713815215620082
100002417	0.681444671820478	0.533302002893102	0.286300134297763	0.694459859346477
100009335	0.524023561314598	0.182031558389669	0.241166084774671	0.75704913598143
100000781	0.48846746863428	0.768922817119858	0.291706116467105	0.730020518450973
803	0.0382652419803594	0.0519569726580528	0.282537095452729	0.613459850698889
50	0.470578861623941	0.66776240949862	0.304409045252583	0.715933959881206
796	0.444675366367844	0.053768141253175	0.327557215796828	0.718389339062508
100005834	0.955996292443339	0.669372445166732	0.340910329672382	0.730940811200046
100001580	0.760232957138813	0.805680134188817	0.30573762784245	0.732250009769645
480	0.902595455616085	0.462592002175681	0.250416358954254	0.746685046261263
100001540	0.288696777374046	0.746147193778866	0.374548952227022	0.806148363974352
339	0.48875782244686	0.0975664014365213	0.269056210054988	0.638642211946531
1110	0.920479354707593	0.919118190814767	0.300408912100984	0.722566443404725
100015836	0.18623190012572	0.21319260411384	0.424216403001786	0.90001078500643
100009271	0.560520053005089	0.5180232514767	0.331576247021824	0.712182959242621
100015638	0.725406394561288	0.710655189747198	0.302640506779408	0.722301161086138
100021667	0.703616719111349	0.919943048127835	0.304914208952309	0.730067559745601
100001279	0.514498797181406	0.32609236549706	0.326198055858722	0.881476466465306
100004208	0.026772260187776	0.141765092869962	0.43696214854291	0.841055082591366
100003695	0.192994656106012	0.179804545927079	0.319828264460422	0.534362342271813
100000802	0.886444228936756	0.795454159182326	0.301010568277285	0.727687718124447
100002769	0.725094829100905	0.07500213141037	0.21241764778895	0.875806087420478
100015835	0.146196325829577	0.369444950445556	0.416987839942583	0.900524306411208
229	0.761263647641763	0.700122322922286	0.312656336813366	0.727533341671046
100001266	0.0121917352503888	0.042786324268967	0.362683643095473	0.987293486338436
1342	0.303401217501995	0.356576244408489	0.255592171676142	0.750557600647183
100002102	0.986851462680944	0.622762092113862	0.327779533846943	0.81261500712169
100020254	0.154632002705313	0.50538322089622	0.288236159867661	0.768055614464023
1231	0.726200070097843	0.422701235008309	0.333924937123182	0.6925988736862
100020492	0.917339128615965	0.839189190154608	0.290165944215147	0.733513501281899
100001402	0.321661827460403	0.510653962089175	0.33489767902918	0.745502353106074
415	0.00713316656421886	0.0846030541548388	0.346705986002231	0.78645922284768
100003109	0.899282459173331	0.9348709441185	0.295800348427463	0.750613309096983
275	0.570027965983335	0.851232575237581	0.295351917957524	0.721222138505475
1143	0.179553199169373	0.0724062544828996	0.269521019367549	0.830306534588202
279	0.466681339752931	0.420782886486102	0.295645429510728	0.611841014481523
100001198	0.977947959613977	0.889130051888383	0.292064333570953	0.745417031946523
1648	0.361890535091135	0.967118499651351	0.29722200367405	0.734863973965908
100001590	0.251487935017179	0.277668189855202	0.286138182377093	0.659334586787582
100001733	0.413593192590136	0.878179806313711	0.293905013378662	0.745665872227127
100008933	0.0247509669655573	0.00403757988321259	0.395466771717287	0.677897673766415
100001550	0.352920707499727	0.498664887890688	0.280223818092559	0.679491274701975
1215	0.108984529820797	0.286351428060195	0.25274930201859	0.677725226070326
100002356	0.472047157126198	0.217994229261763	0.339881756302759	0.728030417290171
100002749	0.748581829885977	0.823021546895874	0.299017302641581	0.739685228136308
100006379	0.181938323227461	0.199285202633979	0.33854270473101	0.486654479956498
100015966	0.0668495239155653	0.14046546168786	0.325638058187752	0.550369129247006
100001392	0.358973414800653	0.725397068716576	0.291789223953245	0.746150800535869
100020425	0.0896461952996995	0.0417117792321164	0.249586035621718	0.485720432086631
100004299	0.389718966715597	0.857261045264583	0.310280168068161	0.768194383184012
100001734	0.470057451744199	0.401661217564912	0.318304730707505	0.652617585680405
1002	0.986623723158069	0.757964166522104	0.299161120476583	0.735515355853773
100001337	0.206700186678024	0.600100500235287	0.265044002135935	0.73986832989339
100001452	0.952755135497901	0.683485799367361	0.294862007700841	0.695784957499866
314	0.570352102931498	0.41969874686116	0.306909044313563	0.750867306105127
100009264	0.970379139575549	0.529334737013227	0.234621962924397	0.863280480512102
100004634	0.461468167725081	0.517338692884119	0.26840397216413	0.748891731874926
100000711	0.813922858229346	0.734815834906025	0.323391806860386	0.754170659081278
100020536	0.0270468538285616	0.102301601331645	0.359421110610361	0.830095192620567
100004318	0.395618587638175	0.62599777541132	0.302485863172399	0.724936121914301
100005850	0.807828644093551	0.435400607002496	0.383274998794294	0.677504912769937
100006619	0.256114843209887	0.12392465351467	0.340789733970125	0.729196646915569
356	0.45351017720177	0.615041672790351	0.284442421115964	0.753640798265925
1221	0.474385849620658	0.453529953529412	0.410806692930539	0.794460767853897
100001397	0.658397794559483	0.67725975202651	0.296557718182925	0.725591685660576
100019981	0.605971288986042	0.881621171914854	0.30103405184287	0.752978097588416
100001208	0.493749251181325	0.263608268454081	0.260152271729454	0.995508470492048
503	0.0143776081425247	0.0207385730973432	0.189291266290511	0.582513720940071
100006375	0.173621799081441	0.663888048233122	0.318656884597153	0.713575644613283
100001295	0.866096082499313	0.743568198282009	0.291652388194235	0.793447819156343
100020427	0.041421670301492	0.0251306832529372	0.288512976213587	0.424227767283495
100002784	0.387264558385211	0.307066974242149	0.248896213411022	0.823797995994341
917	0.0938833103178821	0.310593319464851	0.317155419449756	0.685584393025771
1869	0.342548190887995	0.195077644543014	0.320991068492133	0.612347386576197
240	0.218258939592574	0.0982336927946627	0.186566986442895	0.525182199109656
798	0.00877557687356093	0.116107953598672	0.420820799458992	0.656127654598574
100002952	0.316077731428978	0.439197904069284	0.297227678458593	0.831110094353791
98	0.647580699792213	0.968957984616268	0.299001350139554	0.732575487310708
100008998	0.247396145932168	0.291674422132725	0.23199769864284	0.816654521325639
477	0.766778526187461	0.380169906173554	0.301039802381714	0.727552081167963
100020545	0.0947751763574958	0.149914810343613	0.340528696564188	0.896412335276918
100021666	0.934629841007768	0.294495024956317	0.332849398682072	0.72756481935242
1256	0.569941444377166	0.72226966992582	0.340607450937124	0.766915678727438
533	0.238284775820062	0.0673015284842056	0.21081564944306	0.477999729893537
100001757	0.488500308654612	0.955919799586837	0.302039107542001	0.731577328498132
1024	0.353343282627855	0.0865816841857221	0.200145851811764	0.812871950348776
267	0.456390688380584	0.920621158503489	0.300967109888811	0.729840945870746
100002113	0.0985402273980604	0.0788394856093614	0.287845156609659	0.761752640900466
100001756	0.924422501547225	0.748520146867141	0.307807263845017	0.751567177235851
100001193	0.675011526572932	0.342464289083963	0.346131756949776	0.686514527614638
100001668	0.77121155221731	0.877467690070487	0.30056848552662	0.725287249202802
1124	0.419337442909479	0.417267227933263	0.268977826865472	0.807530846890713
100021331	0.219348249972256	0.436046941889119	0.281304432310566	0.763125526548551
1090	0.0493609331964511	0.0347573523206354	0.284773843692015	0.898931198518999
566	0.952777887592153	0.340317362226869	0.225495120521545	0.748033239664163
100003119	0.639825450605978	0.418071037942757	0.320023367048711	0.677875065277403
100006367	0.749024316124957	0.554174460034087	0.30766165921757	0.712943709631593
100004322	0.260752320485697	0.282734759392377	0.303357320218769	0.811414542683073
100001034	0.759715943965974	0.794556748979543	0.293084172933861	0.725264463308718
112	0.79911104650464	0.856658156965113	0.300315497109046	0.706257005463391
507	0.726530474988971	0.823074225191553	0.295904877558926	0.740497098992973
100009233	0.29464667282347	0.16417926712694	0.273314418517259	0.753956833857736
100000406	0.0208094533660255	0.178008286927977	0.45059259044598	0.549626610450592
100004046	0.373793356428835	0.423883943223814	0.197439259991111	0.667157601120931
1025	0.682870908985192	0.634037895227519	0.284140721973912	0.760564488115104
100001106	0.12309606679623	0.138095808932611	0.24414480822305	0.78465783623216
1128	0.030679277492015	0.546604300196264	0.331156017645121	0.785968667443771
561	0.0328603740171369	0.137835689852285	0.201951929000903	0.649774731505678
100001614	0.856229320959963	0.380304457360989	0.311562844578201	0.710353189598207
100000961	0.940687108879101	0.816665119660335	0.287663383339007	0.774050939354639
100002397	0.794323210024512	0.56959462284754	0.297603512332146	0.659372591918744
100009407	0.699255450061443	0.652061259778232	0.276418248809516	0.775850987609493
100002910	0.972926648598804	0.560640725941871	0.269971917920587	0.66244267547048
100005946	0.24900626873104	0.281599184471875	0.348748313437128	0.849026758809717
100019794	0.108056288110791	0.299461026900324	0.298563706276534	0.887552465235708
100015759	0.322195493577926	0.0956867941620472	0.252549337552068	0.737809321589375
100020417	0.774291879260611	0.601265080296719	0.28232351138498	0.702246227812405
100001054	0.706658791692638	0.997169474782565	0.29865183732608	0.733768354394977
100001437	0.266188005147602	0.333448730854514	0.250361142840849	0.665618390654022
504	0.286528814332792	0.723447679202306	0.34414404511842	0.741867441700756
100001988	0.559226127137743	0.826813252904175	0.294388920928359	0.819220194936462
1082	0.0387849636041751	0.679421109257717	0.323665641253028	0.756809816561702
100001403	0.232027478642368	0.268429980932182	0.338610979679504	0.724150489700307
100001664	0.861757650214601	0.423708079268164	0.278564681683648	0.963175734049897
461	0.257151162824354	0.200098302101138	0.475063390358528	0.710372688551494
100000463	0.748728317805351	0.991187036691592	0.302723925611766	0.733646702464291
100020208	0.451514152669638	0.470105355603413	0.343377252700846	0.605383574029592
381	0.401101738420266	0.0474532453636162	0.125516035957248	0.558742438026879
100010901	0.121118938171402	0.101260715798949	0.294435180491056	0.830214664324837
100001468	0.350345521485634	0.888170085152561	0.304024459380772	0.717428701053104
100000840	0.851882619106442	0.974153800403694	0.311983279635319	0.737052057408786
100020014	0.224168864973213	0.583392783113581	0.291430694628466	0.752289366377341
100001993	0.882095119520414	0.810858671180223	0.291398886047628	0.812775206921475
100001051	0.0712370916446031	0.0173134156715492	0.333944655425977	0.403385781770192
100006116	0.401293168358086	0.520755710940592	0.301708200880198	0.734571672054533
1108	0.8022243070845	0.956451371585982	0.299912650737213	0.731064209213928
100019966	0.548778276232831	0.254998092051782	0.339168550534904	0.703768168728006
100001743	0.555023606966841	0.346099054379004	0.287807129038535	0.717503792409069
100001294	0.164283926620506	0.244979938574452	0.221182635345388	0.776093408863229
100001609	0.296607567470303	0.103126115806262	0.279500641371791	0.816599624302114
418	0.741094220907368	0.95198174786573	0.29753245550074	0.741240329850311
100001178	0.402048708968982	0.876564169122496	0.29401885340244	0.717898466606139
189	0.912425926241687	0.616028215142448	0.265979414409916	0.694630452746212
563	0.727868783843576	0.469108834919866	0.343901331430923	0.692960471264504
424	0.824026323828439	0.646981241587686	0.316359962423745	0.719733889529209
100000776	0.138005460576673	0.294953665162912	0.340852862988845	0.735198001891571
1001	0.788814324833671	0.608418566304845	0.300345012370345	0.730035788650211
1135	0.279301365759154	0.0818353325266708	0.287667785858514	0.807861058153136
100021093	0.367264244178616	0.449453592624335	0.34807258089315	0.756439074073218
100020219	0.117848162047062	0.208200740271259	0.310002062058839	0.615515663071516
194	0.538834930214374	0.728159539420875	0.310025350455574	0.683800751902011
100008930	0.900741938736219	0.813772417725418	0.309167451043082	0.72339751865621
340	0.699368359831748	0.338511385294057	0.205887218562484	0.800023429259471
100010896	0.93698633250571	0.814663957319187	0.286885829224842	0.740541192279678
100000787	0.156118049556926	0.0933227337496177	0.292382446076958	0.430000844535017
100000639	0.0371555638904816	0.233018417973159	0.268989093584914	0.735883352867085
100001851	0.892118921442834	0.223644158726321	0.328185519762701	0.489631610094352
179	0.646173339023559	0.563392854377546	0.291282669632193	0.754023869009626
100000626	0.431613271763346	0.814288442367142	0.305817046232497	0.735147123949559
100001605	0.0153608013205163	0.103026406539279	0.374503189401866	0.811987248846277
330	0.187659766651962	0.376089379967509	0.333733672673108	0.587878641202812
100001162	0.912386526577696	0.52181062140006	0.261197860662557	0.69995566389094
100001167	0.0413408725905971	0.206502604907095	0.293050332938831	0.713465849803515
100002067	0.523632961002458	0.727496675586456	0.392194633846839	0.64696843771549
100019968	0.500362973496236	0.299898902872844	0.336586768501305	0.668398297309684
100002014	0.966285814979249	0.922844146237743	0.296728489035705	0.724754751747238
100004083	0.48046823632136	0.131712409924305	0.330555590898153	0.581976437410405
100001315	0.380265913436435	0.403362640103454	0.310846331144129	0.791657477788945
535	0.204925860037915	0.500423698201717	0.324551266700904	0.728132401567152
93	0.29337898900218	0.199972646159986	0.345443441214857	0.554595355612017
100001989	0.441890471763539	0.84101962885877	0.289899690716566	0.752903905343299
100001740	0.795360425989925	0.414938983968399	0.271507320073008	0.751424975375056
482	0.211611336435186	0.936325207689851	0.296267581997984	0.745630698224975
1629	0.243787718689007	0.430411777169065	0.354386401096682	0.715139674402684
100001399	0.360660281357143	0.299755483050151	0.318604064466892	0.745015476271091
376	0.659838612426507	0.0903887346901491	0.165108088344254	0.875700581494649
342	0.535789001033767	0.595129309392429	0.295232310549915	0.727992936822228
100001253	0.0379403948602136	0.219376912087684	0.254734856023971	0.921857425173577
100000708	0.692361488863148	0.815653025101995	0.313284296737306	0.739337007662547
244	0.155502832141867	0.0439589240622559	0.248387899120208	0.869924815418868
100006726	0.849438712738716	0.660280376886918	0.317845070705092	0.71926052631493
100000036	0.232710211813322	0.471074660455878	0.262081993044372	0.79874449488846
100001257	0.0361858436438738	0.111013538665021	0.395048945500126	0.967177303695418
100000445	0.522624527769216	0.84175878879628	0.309162067648537	0.716468009828244
100004088	0.00785446440835397	0.161124871582949	0.335246840398305	0.787213860800827
100001423	0.899071526472057	0.702018519611979	0.30231339886441	0.701868878519932
100001276	0.347217302944961	0.252957162316756	0.26912432773013	0.641451996999201
100001876	0.782784836719268	0.915649069205532	0.294538691373098	0.736394571945981
100009082	0.682375246770372	0.0514709353078094	0.141021968149706	0.70418207320591
100001121	0.316024946623422	0.714853756624133	0.29256238599933	0.730942854033449
117	0.329435064803822	0.641831866194431	0.280192030678649	0.754095951016305
100001868	0.0463542775896613	0.121945607682568	0.349103008097636	0.734485883407447
1134	0.681744929255587	0.339474352391418	0.20984182717738	0.707400116285182
100021012	0.292245732758041	0.494874206675972	0.304649925398126	0.755807888752671
100001181	0.956890217428162	0.397939312894412	0.34931060402154	0.67515274885834
100021467	0.626630642595436	0.25155808587782	0.302574200516488	0.637532040729585
100000447	0.207268940844671	0.229406352916176	0.345448447050734	0.701863937466431
1162	0.000525541545586437	0.0155959364482808	0.385184089512396	0.641591898656632
100019982	0.468817381465922	0.535043756552362	0.307451729058788	0.720047213987784
100001613	0.978255363096965	0.451541820635385	0.312487659133366	0.70297742251467
100006644	0.398968240538931	0.713874535635417	0.283265399209017	0.756809516637052
100000096	0.466823339720281	0.0205372210396432	0.193021770358278	0.716904840198037
926	0.495967146563151	0.719716479260419	0.302338584530555	0.737881371444859
100020004	0.901425381115819	0.63761843658823	0.315392880925472	0.734062542744961
363	0.163616329721105	0.046423146194108	0.274821718963268	0.30057071244614
1111	0.383313536617938	0.885703952717849	0.291880793838574	0.817112210763908
100021712	0.598590231612592	0.84709821199636	0.296061610331916	0.722255164077729
460	0.864522129492622	0.687169198667711	0.309043979001747	0.772918090100581
100009331	0.335799267627926	0.197422400267176	0.267741472053252	0.762942631172118
100000442	0.307129465626396	0.766565500534747	0.316169802794715	0.74509621083886
100002945	0.170409187066926	0.035269264548437	0.371316333037044	0.672753044067464
192	0.678764514439155	0.886922615223475	0.326000211861554	0.716393786482852
100020241	0.554310993531918	0.659102069462972	0.306450265477345	0.740067511035371
100000580	0.149047181622651	0.152182393096947	0.253521336825034	0.960284504011895
100002466	0.00611673042851615	0.0241352245529361	0.251469745281219	0.485378459844125
849	0.799911435016517	0.672553960986561	0.299989696981452	0.690810187391994
501	0.467652426789902	0.366529361769272	0.331653020695735	0.69012410063548
100000282	0.526616745390795	0.0886885198609799	0.393367846530518	0.624398126157583
100001577	0.0429093777437759	0.206974291116846	0.398729034291583	0.782023456015124
355	0.14419758735701	0.484195668313058	0.263806105055838	0.659076966413393
100000841	0.861216270494164	0.915157304826835	0.324534506911159	0.722897256727189
100000846	0.799717461629107	0.348323541074022	0.286944182376787	0.724786517144074
100004295	0.82069531607922	0.358412385649035	0.272978558864235	0.679358044274997
100001586	0.0731736682127925	0.0379388412829139	0.433467808444328	0.3766774639946
407	0.0167063637830645	0.0424226235724836	0.328890468743674	0.796383044980761
1137	0.806539611072792	0.672648971554714	0.283933378723661	0.781773781933211
100021374	0.0395487255680018	0.022136550074787	0.233022806774172	0.866097381188482
100001593	0.501745933453024	0.995681910664715	0.301447912855435	0.733773287230731
100015971	0.833830186535104	0.762123089877998	0.290757479812467	0.729327104930918
100001022	0.405882099302288	0.206247137558567	0.191919943713573	0.979674315773079
1094	0.107333112224935	0.4584612476021	0.402678203664125	0.887895329367554
100002122	0.31083480188222	0.26985127073803	0.248222637409476	0.822870498727242
100000706	0.687987645783879	0.494448815881571	0.248501705430895	0.735698593266343
100001055	0.929896601600872	0.35095474237817	0.267361497842604	0.672323793236919
1235	0.631503345978046	0.925691063850058	0.294723903582565	0.742109496958221
100020204	0.129368964522924	0.586687752720069	0.317043533594697	0.766861408898626
100015643	0.0469363561460991	0.358004241866039	0.318942278417537	0.68779941269379
313	0.019275686222445	0.238269184582778	0.314361034726422	0.666668116539702
100001413	0.791740131824382	0.971217371584289	0.301462877459876	0.732150100239536
100020423	0.0139107160368843	0.014387445140529	0.326590134698389	0.403157960784653
892	0.766992757541206	0.293843870124035	0.314483144976582	0.745386651407436
212	0.0563763440420033	0.095103050249439	0.402833121722317	0.707800258563858
100006105	0.210040936149497	0.186705137169836	0.338217755648837	0.743819881518729
437	0.818601379255197	0.583776993617072	0.276715201419143	0.752258310364231
100019892	0.277448410427782	0.914427490581378	0.296641735145867	0.726991907947569
100005716	0.179543721771701	0.249857843298379	0.309691046051404	0.784095613996481
537	0.194377789391825	0.132751606689977	0.308547169090636	0.771047575824242
100001990	0.116693750131888	0.199647359410704	0.421986811266159	0.607981316218627
100003397	0.020957687929636	0.00292619622112807	0.234869098210772	0.485904706119964
100001320	0.107053321858633	0.242798342139734	0.375054166039064	0.499689438132728
100005717	0.233493274404523	0.166331037673884	0.334618323639185	0.751363932114306
100001207	0.043028946086449	0.239047259794122	0.331405038842842	0.734768221962879
100001999	0.67367725922027	0.944456854377497	0.309606130058433	0.733762033550095
100002488	0.195349147947577	0.0154913075551562	0.355962695412644	0.681683977889737
62	0.227603828019148	0.711730720892641	0.289106483222024	0.739147516367987
100000467	0.675795673051512	0.468592787465411	0.284700675986319	0.701655079104205
297	0.00597508968416116	0.146813443417415	0.302706046244155	0.701177857872588
100000285	0.0394524420488903	0.441111472174363	0.298988485971383	0.818516020816044
100006056	0.0906738483682624	0.440849370866315	0.30989894424609	0.767251000749437
100002126	0.165376487933374	0.346600670207649	0.241146177512883	0.994844501803641
100002129	0.575421781293472	0.882324795408085	0.327719042236181	0.710598616636841
100020478	0.0197443938532698	0.149741735808019	0.266835016286212	0.780384310115057
100004089	0.0816035884982484	0.582864781967477	0.313973352097069	0.690070706204363
100001755	0.576238641699154	0.525773979577024	0.299314382791794	0.683736609381664
100000551	0.0414879864244407	0.905073048306364	0.295710089053359	0.745186042305105
100003260	0.43869253798043	0.263875266611438	0.34014894798957	0.824493227102854
100010955	0.73032708396609	0.36553219865784	0.234760644743183	0.622259289367143
100020851	0.256324068231289	0.501889995359385	0.31742478188475	0.752450912791477
100016069	0.932005376181584	0.923059683353555	0.295676089875208	0.741088478269618
100002027	0.273854870377532	0.984487881033866	0.377047265366449	0.737104694353058
1123	0.338282956825048	0.171793167491655	0.285695064966737	0.878369138930607
100001150	0.824038107932412	0.931873513216662	0.308239686595105	0.73092625341761
100001657	0.369036818503789	0.583071012666447	0.300323704653705	0.713637431821724
310	0.273632220423886	0.364813540424384	0.263462989560595	0.833592260498386
100001314	0.428345606619643	0.184228647579824	0.280257144904387	0.618904312479879
452	0.875425078773929	0.824011572568946	0.316023505958452	0.719586231737109
144	0.0914296052733485	0.0715225264600803	0.359808865808527	0.607545277024717
100001182	0.548741528218071	0.471236802172182	0.332007603959152	0.710649280535891
100015965	0.781797804298606	0.479425692246519	0.284488850653126	0.800986853753404
100006108	0.956695401699625	0.492723814753456	0.306082268348044	0.765371327857285
100001400	0.598647905130721	0.556039185940002	0.278908514577909	0.726439141574176
100004541	0.282631404703077	0.273789817359072	0.29114225020004	0.509454627715026
932	0.828981293807412	0.358509858783126	0.303203490653078	0.76775679967595
100001992	0.425860417931464	0.505853216434546	0.429629620854343	0.614885681968437
100009252	0.107675207111978	0.166757890989842	0.363289083368925	0.721434630547104
100021104	0.730231304994748	0.71829587733405	0.270250667732588	0.820823784831114
100015838	0.0105817566036866	0.0339922673493578	0.434626778073157	0.989086881421039
250	0.00104065151962884	0.0216180473080575	0.54149998220999	0.835444431547662
100002537	0.880237407672334	0.505224408555089	0.275634624274879	0.837981633252738
100001658	0.537933593991144	0.35438320953759	0.359786364805081	0.712355316335118
100020416	0.218758582309079	0.329728036486668	0.263694950520341	0.716188862085688
100006642	0.213724941388482	0.757642659257752	0.286345409235106	0.7598962079796
100001391	0.129265209876851	0.354800094664766	0.373966564859109	0.837540107632594
825	0.61621315976923	0.667615588099551	0.268490077726721	0.744788322213311
215	0.0244762062643118	0.113861179063409	0.347486966271068	0.710726032788506
100001026	0.943528605233995	0.913703576922857	0.296328143443912	0.760266366774572
100020541	0.662405428154402	0.681244546811528	0.276209210171114	0.747733940096761
100001526	0.198604681836805	0.254854101175348	0.456607613252632	0.863381688412545
100005384	0.522349453517793	0.421446237856804	0.278946869532975	0.651580316430576
100020378	0.314359787081996	0.602197627682627	0.281802205196012	0.744936524311586
100006115	0.85525936722206	0.318365551783664	0.39978920863652	0.611639350113915
1442	0.162449118047741	0.0535531415999584	0.132369101922543	0.640225015937505
100001843	0.20131868709091	0.282894621751715	0.317004814154536	0.806646078229898
100015837	0.165076491826793	0.282945480317308	0.504009969768739	0.679175084323632
100010834	0.663571095977686	0.949237066053657	0.297875787640279	0.730347472412826
100001393	0.673238646111392	0.352452893831755	0.227635750606092	0.786411006593178
100000015	0.379230606543122	0.478467952052165	0.273354695779788	0.763949253956004
100003892	0.0463699226760004	0.0481397178823321	0.262196006921832	0.999729740849939
100000042	0.135030194826387	0.0202301019802497	0.322097339556637	0.650233638193989
100020550	0.532823090034862	0.205262541086528	0.32402100254439	0.627423078674037
182	0.381716398721541	0.277652826120085	0.287346585070688	0.760446530271559
100015723	0.17759391853675	0.495951890073912	0.299468696826892	0.714777217663172
100020343	0.291853766645301	0.365242677484098	0.263234129848845	0.742307405182225
512	0.406656895817575	0.635788652995904	0.323483973229482	0.703783915606425
100021100	0.71211557014081	0.707433998769724	0.285975025497618	0.740314660956482
100002528	0.29825150531799	0.065508253958416	0.356870620703238	0.504273381335964
100001287	0.292977185616143	0.402164392045093	0.533316977834752	0.572136129764679
100001229	0.726385962684434	0.903422716597793	0.305519481555808	0.725251888900855
181	0.39399655651165	0.838956926680855	0.292399495140787	0.757452720661675
100015831	0.001678053608141	0.0209128861617025	0.397788796567421	0.512734196219915
100020515	0.301773865808545	0.461982891940829	0.245552341044506	0.892664611841083
327	0.256798580542705	0.269558673708157	0.356583480114662	0.68230695472513
100009394	0.661033070022373	0.717838374450495	0.279193523965954	0.766120046078446
100001596	0.807405147663566	0.223826736652694	0.269634145952643	0.561363507411306
207	0.859130126713042	0.500013521761622	0.310681595454984	0.694779509710305
2054	0.471369362807195	0.714571185386963	0.283430728028474	0.755040897014104
100020259	0.706629398647042	0.554463867133655	0.324648240665496	0.715068154206367
100020414	0.00298566884415248	0.0259051355799395	0.208259206271826	0.682477256387551
100021131	0.752957264784159	0.381073073215227	0.287672468311163	0.696934263645341
100004499	0.96349228902143	0.694718102394823	0.289300817818981	0.703476329287158
880	0.160447767542419	0.84460041094627	0.315682137913903	0.733047659313258
100002049	0.470950651786052	0.243555840017155	0.333752902104576	0.674139135643833
100001739	0.811226985609551	0.457372640282873	0.348026768863695	0.701385083795426
100001126	0.339481039985228	0.12095451300729	0.191819201732575	0.606053972518484
1113	0.527612830019585	0.626446515440846	0.326792856859071	0.668260007598972
1083	0.971951422549834	0.366340768492046	0.321888194807653	0.648982734471901
100001730	0.0742526619988058	0.195774970341067	0.344108875388165	0.612523691355554
100001412	0.593644155890731	0.987179403380863	0.29922410475952	0.734194701078393
100005996	0.6201800342152	0.727447806858094	0.290171348833833	0.713977656570119
100015962	0.00847168736273577	0.0895281793696281	0.224676179722936	0.964920159369916
100020214	0.735754855592732	0.444829678889255	0.31317851000075	0.654382178054408
100002514	0.111417733768077	0.333159458205962	0.310038125864564	0.672533479975732
564	0.247179701124125	0.101442488900875	0.265023382527866	0.622742567518998
572	0.0225658530537929	0.0196194248711787	0.434453364234593	0.598135094152665
231	0.910275574583508	0.542377512413913	0.265051474720892	0.756170042119104
100000453	0.761182539571817	0.621888023107624	0.280552760666533	0.788483131184086
100001007	0.0944360993682599	0.220851517339975	0.357593800102502	0.608817314795514
923	0.704497196602413	0.343770124106947	0.282193977783661	0.777559337095366
100001247	0.221438270936514	0.371124268480775	0.276690978682288	0.728819527843759
100000774	0.607847636470074	0.837942766802156	0.314342887199665	0.752941006550205
800	0.486938898148039	0.4137529037902	0.309702697450543	0.777785303169179
100021678	0.269192145387101	0.3712321100293	0.24630000960787	0.732601414602415
100021711	0.567819537412891	0.942148459369267	0.304938500201168	0.73602660316479
100001274	0.704609130036685	0.375403127513542	0.28650782204247	0.569864740911469
100021220	0.163177482281411	0.171463672717359	0.365091592769654	0.958633287745643
100020253	0.399466789602205	0.910444587003742	0.295552458091117	0.74053217905407
100001170	0.705131806821249	0.174983487742384	0.276202400020954	0.637183542702871
100001466	0.270628535009023	0.892001556959937	0.303718157941397	0.730022281801533
100009406	0.591564003611513	0.53558474371438	0.281422147835638	0.763581723681724
1026	0.236774327903962	0.478854052125565	0.313862783482577	0.697781618220701
100020837	0.840681729149864	0.337644806627368	0.34326353975172	0.630055239813173
100001006	0.0924148764517804	0.0964015748848779	0.284148623675411	0.846866231490264
100003674	0.702544871150349	0.109121931757285	0.29647086935544	0.726084801710636
100004396	0.31891964229865	0.426764884054138	0.339652068007608	0.628185059321058
100015923	0.456562485185157	0.833440464099211	0.328914666691113	0.718823723525382
100000265	0.650614220485723	0.980701695788652	0.297197725641687	0.737765784634925
100001409	0.0766803302074377	0.114887117929815	0.293396764744952	0.570072622499685
100003434	0.463808317559166	0.472073380294323	0.304006199187844	0.648247105659993
100001334	0.551235410447747	0.0512597054665489	0.377320975360843	0.598506728264117
100001102	0.740218534430625	0.736626891523227	0.308090708825123	0.71232126816665
1268	0.457691310502924	0.0384152117905393	0.175171593159703	0.694749056041219
100001300	0.231627852368606	0.0923839691416704	0.263579987919714	0.740776217374683
100021324	0.225420170785504	0.765821007757185	0.369917415438391	0.72907954661301
100001617	0.119303505252062	0.0999119674815351	0.289151750878993	0.772056528965401
1105	0.799450028016893	0.141715613553393	0.405257945040906	0.407292676193962
100021502	0.0599957865827985	0.250433348320725	0.287436830039897	0.765178815215392
2051	0.917134994939046	0.365466463167654	0.301060763517615	0.563877922905887
100001256	0.200105114791499	0.570066696814646	0.327245508433727	0.845322092152184
100005466	0.0742677814800554	0.0969678091150293	0.334445074468035	0.524283065612164
100002199	0.0997738774168669	0.63050647850766	0.312888276439409	0.763750974790771
338	0.0133840642345374	0.047101883806304	0.475740296676481	0.498006540146067
100004243	0.507815479159426	0.638393511843817	0.280103940633036	0.743341387298225
799	0.378056076209861	0.953656256855344	0.322386208402655	0.735244208911695
100008928	0.583193919516546	0.117121971366624	0.298211254194443	0.727121373531742
815	0.11363848774631	0.287657126775366	0.298747663831136	0.800101620428112
100001456	0.00431511221298274	0.072035755425536	0.288183998474305	0.664930645551983
1242	0.0716553087724488	0.0831328198003355	0.359278856489339	0.534071789487613
100001416	0.276011138740303	0.110051635480287	0.206318644288403	0.470601371791167
100001462	0.653351316192219	0.648524428007794	0.323146785847479	0.708739929773392
1087	0.339168939877823	0.100943291634343	0.30394353059935	0.694037915734938
100020421	0.061589796831324	0.115034786718388	0.338398619296334	0.499806005001007
100000010	0.00564439588037337	0.0515229873394006	0.310671477161329	0.779599891152978
821	0.545429884669957	0.409065072579476	0.32718355014618	0.589435092713662
100006627	0.529941679329439	0.343391412213648	0.37078255335481	0.643792136941376
100001277	0.542698001418198	0.271185522361612	0.335891872899486	0.690894395790213
100021141	0.0437076692796135	0.205901709853795	0.333654013489271	0.834459024594963
100021105	0.227744899933998	0.325863644329007	0.311512945235186	0.554097432896953
100001950	0.000334039229640656	0.00623250639736573	0.383420658319937	0.914099015835887
100020217	0.881855422476646	0.328785517028282	0.217825396267014	0.571424099562156
100006651	0.0257458077662092	0.167633868813065	0.337357710261787	0.491183711015787
881	0.822903709346944	0.369597050839032	0.280488581462417	0.75646732633609
100001509	0.601114091383184	0.12903873548455	0.262593952114093	0.653019116324715
100021709	0.462701819033319	0.707011547214187	0.286814664125629	0.748324419606552
100001635	0.249414168132619	0.0306133616348308	0.327723930831132	0.688231592719813
100002613	0.477815571619721	0.120914883723282	0.277010805340356	0.817413072001618
100009329	0.634913723237497	0.76705677883858	0.279041664759789	0.832926186873236
100021123	0.769167577812058	0.544045750724994	0.310837172009643	0.631982992143296
100015760	0.242701799011576	0.146832978216963	0.245165055275464	0.770656831826244
100020205	0.333005320474804	0.394444258370709	0.350634864662752	0.54689743296929
100000765	0.677969105003297	0.56926315333962	0.292612579792924	0.698995093589422
100004111	0.3826070845116	0.178910915356735	0.325867995992582	0.697373519984739
100001615	0.186562057652602	0.873582106289612	0.296865194545354	0.732933038432417
100009227	0.502326768663963	0.345587164087825	0.371095663641639	0.816108230617563
100006191	0.323200925644462	0.542595630431749	0.328246111901515	0.680373098713972
100004542	0.386251524354659	0.261677954476541	0.318801501332588	0.794913532412385
100003686	0.552841334304019	0.254851848568525	0.382327935065424	0.668650569399688
100009232	0.0279243663357002	0.201067603080114	0.296536871497276	0.629824917645753
100001501	0.0509390025609881	0.0914818115586922	0.385516493701029	0.770724840167163
100002367	0.566493578714032	0.291478190746612	0.279928885571082	0.584413422862077
100001108	0.275839745775062	0.806798270581689	0.295081670249018	0.725935746527129
100004227	0.822693742933316	0.953731344316164	0.296619761173084	0.740748824169083
100001310	0.179837218225488	0.270283834398656	0.280829348802148	0.856452736180935
100001994	0.965698248443442	0.795454372766229	0.386751883342772	0.676971883172474
100015839	0.013881004554892	0.0127379052411095	0.393125229522342	0.818439065331305
100003271	0.00565317933503917	0.0779499796187282	0.385025404264127	0.529162092658205
100020496	0.952587471678831	0.874517751178274	0.291013186195828	0.748621933839122
302	0.799506066908065	0.5307593529726	0.26938462750974	0.70486289922785
811	0.903808785014096	0.87510052647372	0.29399280568893	0.750989032575516
100001267	0.914162536294829	0.707977883981607	0.274614432781314	0.731038661122153
100001197	0.0063646142004994	0.129274208941787	0.372883578594818	0.769115368588167
432	0.25545390920054	0.476690976085973	0.315865754513867	0.709633549109002
444	0.0173471913676836	0.0825272711109844	0.328346057847696	0.846268886835977
100015968	0.287066552148904	0.32721434584077	0.293252423439426	0.65641819934631
828	0.813210814666336	0.988277429433559	0.298117660026885	0.734558937926082
100004054	0.257689421074102	0.832304087931674	0.299312466366076	0.740055009422197
100004635	0.0622598652414873	0.104257841596902	0.716829904106506	0.443531841535871
100000491	0.359585166065396	0.496035024736994	0.288723938798877	0.61791156493809
100000939	0.0402037827326393	0.0339130069521468	0.315810286484499	0.631621117049836
241	0.235283462605173	0.567259060336227	0.318332293233169	0.754654080680217
136	0.32467624697512	0.0604602053037658	0.260596771987492	0.934940364054671
100000792	0.743554063615377	0.81549155362776	0.327945083814511	0.681978272746379
100020973	0.648563586123	0.676865790764815	0.312340699099309	0.710062726514362
100000936	0.782866980968757	0.834351893784432	0.295873691518691	0.737685722902957
100001313	0.0109756770931283	0.178097327348452	0.310378263148538	0.777873971089805
100001951	0.0453426051995639	0.103040688608575	0.334595992916443	0.732863498239246
100006098	0.0237399840304196	0.0973750021838061	0.330385867297568	0.838256753254371
100000007	0.295823985002336	0.557452023348836	0.304096452195401	0.732687721979404
100006641	0.92489071126896	0.79029080538916	0.327946730438536	0.734283117136801
913	0.00958191532277759	0.0599871963493067	0.368199314969011	0.601041843668567
100001579	0.660613355114652	0.843779721177244	0.303776847919535	0.730768345262961
100002911	0.128292797839967	0.0105359422813625	0.389681379715803	0.698738504867628
100001293	0.307932835132059	0.463014654620251	0.268041386671824	0.849689195641239
100002241	0.170390866990468	0.446977143829459	0.316862100382887	0.698810826594485
100003179	0.283206775871335	0.050624304942121	0.285303936909397	0.577117967893388
100021372	0.321415113426224	0.246804976665891	0.225612616304381	0.74177530108138
100001956	0.292814986748687	0.51817444232834	0.300235562210113	0.647794886637428
100021162	0.196465058303542	0.141852791349714	0.281471896371952	0.539687059383108
100002259	0.153938980731219	0.370119276622023	0.258872013754955	0.737429109692185
252	0.373836558922498	0.588322837458274	0.34248154417525	0.679322312356375
100000707	0.778446650438694	0.851908899316004	0.298989942742288	0.736784316127402
1489	0.643649105271608	0.0198611474932962	0.22277873169972	0.712534139666653
100020361	0.0419226033588982	0.115898489145637	0.326355131208534	0.993471307855945
55	0.80580970404062	0.98596398956477	0.303424489136709	0.736026193059426
100000863	0.286272680727856	0.26640413294592	0.259999297074178	0.766255580185084
100015840	0.209778877316376	0.108265885187533	0.389007965630364	0.682335680945021
100001541	0.136146502078178	0.0626257178900892	0.199737200245955	0.723670169070762
100006082	0.154901024126869	0.0650302916662869	0.38440183751875	0.732442749123868
1254	0.656181312361871	0.898843545547109	0.299539812928231	0.75363042584693
100001624	0.568297197182992	0.385698823278101	0.280098307931257	0.706185472484878
100015850	0.864826158842918	0.574930173703823	0.364941593505679	0.693413792889427
100001104	0.00529797582161737	0.0210652222670135	0.328142454649769	0.990819097080023
100000900	0.170452186604693	0.410644234883954	0.305568203848449	0.729169192320994
100000269	0.264411054567992	0.10474037868526	0.189346669202799	0.683340404014972
1022	0.286609686353374	0.883659354239515	0.299431411392952	0.727371115944997
100005373	0.147036086124445	0.0374043971277449	0.262977373783553	0.779270781969067
100001129	0.14311489097937	0.725269420765249	0.288191765659866	0.76203545118673
935	0.00923300096165273	0.118165727626485	0.388528677357912	0.599693620356428
100001262	0.213777744858116	0.243354726302451	0.306354988931286	0.750770277213451
100019978	0.307123696266185	0.671990646204785	0.291651516497945	0.72252523183366
100002293	0.810988836876487	0.791592101148483	0.300176217364879	0.733448517620254
100001426	0.219831927356577	0.298610699544636	0.299478686660505	0.572808057497407
234	0.0354432948156888	0.133848340936588	0.293882806291376	0.702574108417947
100005403	0.442501388111255	0.573559317041492	0.365145787222402	0.679455333905074
100001083	0.0512222900584039	0.352416267674839	0.3215073727494	0.751990921261113
439	0.942958267866405	0.498912098337541	0.310365171052315	0.726258363519057
100001086	0.387353318422831	0.426945392063075	0.310929445567231	0.810055795572802
100005864	0.769160977099601	0.462290943786166	0.273650803006727	0.798649500316642
491	0.488871236436831	0.90289846887207	0.295922805816883	0.736548643210919
100002029	0.408848602973766	0.400991274674711	0.285412356599041	0.589886627133337
100002154	0.73397457876914	0.449380057886581	0.262002244792476	0.714805974819255
891	0.676400778400868	0.312104638916634	0.323008359865705	0.70229111718815
100020261	0.38387394586992	0.41410981413497	0.358662816505265	0.703640154942153
100001296	0.444626476134455	0.461472627720278	0.300880877887876	0.621940256854698
2050	0.456548821409937	0.595310781820447	0.315161565971248	0.68654982459385
100002761	0.648634192740003	0.792543578572266	0.376986110844614	0.68040909189449
100006614	0.506110211901695	0.0590814376237033	0.193393636656536	0.874444484761373
100001597	0.995009784357414	0.139972370169149	0.19525689620298	0.543101890121726
100020853	0.857143585096933	0.904242276093863	0.299566909992392	0.740725889671199
100001446	0.24004763072963	0.459958258059989	0.270189947235084	0.734372865603274
100003240	0.478828565353413	0.22472365898957	0.330229436716756	0.653967206323912
100001502	0.0320690846311635	0.240884180449258	0.353831553863039	0.821711085844658
100020866	0.0767038588541497	0.0108945762298615	0.18410033700587	0.551255021881425
100020419	0.0274479194862444	0.105807787418202	0.322336378957687	0.486214921394514
35	0.395742452375141	0.203722402991818	0.266578392405111	0.675701252285972
100003696	0.0160974342779817	0.0566228434583347	0.427781565725478	0.666849518693751
100016038	0.673843896255773	0.908062346310598	0.300629942356235	0.755123886693807
100009333	0.189137895075602	0.145583101677946	0.297616249165571	0.766355834544766
100001611	0.16503608991625	0.266691685534967	0.396837008125189	0.700178274307178
100005383	0.597680222637507	0.266638394737449	0.308062222855665	0.786150568079309
100009239	0.237611792001377	0.111926681748264	0.378296634735004	0.546671152993733
100009332	0.278510700009824	0.185446815449592	0.298564269546866	0.694922363558246
100001731	0.129055156168498	0.572352984887861	0.306837088100923	0.705481592678867
100003415	0.412220069288227	0.479162386685972	0.289588686736683	0.742650059650668
100020578	0.148799593234845	0.206671323108992	0.279366262883238	0.625168170172268
893	0.729784178102349	0.665268128781738	0.294476836713758	0.742748333263866
100000963	0.238255067295822	0.176407094390563	0.394068376265799	0.524076390805892
273	0.127107756242059	0.292177689278282	0.3487627363558	0.734924519808929
197	0.456754829986176	0.455217128542647	0.289374015134589	0.620696589280098
100000808	0.309893977250555	0.185668208471598	0.278375169140281	0.902027783266631
100002284	0.736136044586962	0.476235142978853	0.219325497858252	0.687127318592335
888	0.938073432678974	0.0986620411479762	0.322598465832861	0.719534338383413
100006435	0.586096415103061	0.328548586433163	0.23012010040277	0.968650565178584
100006374	0.237001588349472	0.59098440671698	0.304527552276571	0.722871814349752
100003169	0.569581780157235	0.964115864201533	0.295467432519198	0.732317068243211
1004	0.64216896256384	0.806140477019569	0.284801070266657	0.715173857925045
100005998	0.067325297475153	0.64278623011166	0.342338125735671	0.76273406173374
100000773	0.62410058204253	0.53086027442717	0.302796614420914	0.718711450986667
100010850	0.00932531473314381	0.0883869443482731	0.359093352492062	0.60994137988334
397	0.977781379728974	0.279762151041119	0.209214808138319	0.816795241985719
100000039	0.0924809119270848	0.257493054914158	0.245788146685596	0.779277870125962
100020833	0.831395584221195	0.724288201729717	0.307010658186077	0.787549061568736
1021	0.413931496898366	0.34627537467391	0.279558553174491	0.771389806380661
100020479	0.332696906048099	0.578809261591912	0.301884244127847	0.749054665159649
100001335	0.764789635088298	0.543438529730601	0.319847084774445	0.70912851578172
100000743	0.639334747801728	0.978803815687882	0.296425982308615	0.749747825818022
100009246	0.195392427208996	0.716481281846117	0.288760166257863	0.759703818690612
878	0.229150157177064	0.572994186980483	0.275554717126289	0.758638637433408
100021103	0.687676008224164	0.893204118521189	0.311389354753578	0.793775740885828
100021363	0.244802245286656	0.579138179495978	0.27798377962484	0.774819900081662
266	0.104796887615704	0.185907679867806	0.302666466437468	0.658634303248923
100001195	0.492189087883029	0.41625626940402	0.350785417148659	0.677989829216639
100019801	0.799191859409869	0.704698586896092	0.309415216964705	0.720704763403526
100002196	0.0532088958330804	0.301389510970556	0.308933741431099	0.736223215930419
100006370	0.0899201599467139	0.514013738530416	0.269817775175714	0.773142741209728
100001510	0.028207232520009	0.00321707258325804	0.251525007563656	0.835919510579387
100000437	0.423612185470794	0.338121369342094	0.281603834707269	0.833750118007956
100001767	0.102095465501215	0.01984418912137	0.377484612463299	0.818108033966678
100001810	0.487937920144657	0.586339083193762	0.307848492080354	0.861355016311119
209	0.0328584396634795	0.348358550308822	0.340543914790764	0.722372464031961
100001485	0.150622293776972	0.0592498023971043	0.170004407559338	0.672942439975888
100002500	0.113923667348727	0.446636597094028	0.302061549795833	0.706597842689495
171	0.0351009713005517	0.0275804830935619	0.224026634381012	0.727456986467047
100020487	0.870989181947574	0.989266840914189	0.301507817607657	0.752589924492506
1206	0.00642224651576897	0.114617488397923	0.301619479894465	0.793567239958584
344	0.0201579359421403	0.0530086701256882	0.559253293529262	0.813960259045589
100001405	0.568440080269366	0.981238770912882	0.298320779690537	0.737865646259074
1239	0.642207366682141	0.852240009413425	0.306797115518375	0.733092732128712
391	0.117200295321802	0.32703820417598	0.279819318074925	0.885033192114274
100006430	0.346245719962293	0.146602457160152	0.378890901802681	0.449165170507748
100001417	0.869097359371843	0.554953306602289	0.285579588422438	0.825184820473478
100002951	0.0773125778349431	0.537924811878146	0.292572171223422	0.659725139028259
100000014	0.492063221972615	0.6276754888379	0.290578667542549	0.767780278104777
100003926	0.626185383733689	0.49600292379593	0.319330661414463	0.71291132251727
100021538	0.474167041949467	0.344859802224611	0.349296653154501	0.642524534710693
132	0.34190338669609	0.964761704199142	0.297569813922112	0.733849412273561
100001425	0.589324058717467	0.584181632145483	0.359976010508315	0.677421689352478
100020262	0.643039555946716	0.65779254650333	0.318058836692577	0.720109963605446
100002679	0.441198133368829	0.691748657418989	0.281440460123725	0.799084276499336
100001270	0.572891116598063	0.720170062912009	0.300326805518297	0.717134958069538
1102	0.963850786249446	0.849566322743234	0.303677603686113	0.716742551161706
331	0.168788037127715	0.141328247230232	0.241420135204372	0.616950462413396
100006361	0.543462855472493	0.634700430985329	0.276503687548338	0.802296034760617
180	0.566281990454099	0.819741501529524	0.285242089117077	0.739154701646699
1053	0.340106383396994	0.415562147574969	0.452615471085121	0.803720806027714
100001359	0.513278099667371	0.753096575098091	0.324144764908278	0.687354097750145
