chemID	simpleLRM_Fstatistics	multiLRM(chem_sig)	multiLRM(sex_sig)	multiLRM(age_sig)
100021136	0.0253537355595112	0.246312588175298	0.324412955507948	0.768918002983714
100000882	0.79883380110562	0.696785222795655	0.298444368555592	0.653659341328946
409	0.0727896299249756	0.162979591988966	0.338124505939312	0.429397715407354
100002254	0.687468847512424	0.0434503146026001	0.195538452404459	0.656853808133258
361	0.00790367239216065	0.108537262505996	0.209685065978411	0.650726303071788
100019975	0.552404663065618	0.721413373818395	0.289671420806864	0.69368174924755
100000257	0.000633938696223721	0.0192175353912848	0.294649427760794	0.611297074216433
100001232	0.966509844101734	0.968798438777416	0.295504259966243	0.675658862801501
100001948	0.370523680665087	0.352744133095938	0.31040661332333	0.531564627070989
100001073	0.59048938314143	0.683220223456691	0.359997495389837	0.60669060115415
100015637	0.914210933692916	0.472135132611034	0.30677914853289	0.67182165380246
100006360	0.643732075083561	0.705334494962197	0.27392812628812	0.739299115744021
1488	0.593874209630506	0.64704422686752	0.289860020527326	0.655279260390402
100002253	0.875601601559082	0.982720853699653	0.289797701516835	0.681386542651843
1023	0.929678261419201	0.706685874264296	0.286349137178917	0.661033178283255
100004284	0.672586403344487	0.821132915662108	0.283825895386157	0.68415716495739
100001251	0.668915958224485	0.989440356351882	0.288961010443789	0.676880626699583
362	0.688139889403297	0.502206034623085	0.261969192656145	0.670710347092906
100006620	0.778409779982521	0.878609578878844	0.289425275935411	0.681423873267786
111	0.378101443755499	0.189290294309304	0.245584794616721	0.649756701173026
100009045	0.630549672293689	0.247069385428808	0.236152468152609	0.843870063221881
100002927	0.758448635025401	0.87145672777689	0.283981587702928	0.69506753367941
100015641	0.775596107794963	0.886708379793648	0.283097596482152	0.68686162640845
1114	0.116509332433689	0.947268626513149	0.286546367745382	0.680343902247525
100020409	0.364377920465946	0.3753427834346	0.288430788196748	0.550886795518737
158	0.134000586260729	0.2467581329376	0.365371863682879	0.706391789862522
1224	0.0599820347478256	0.20678751078212	0.221947219162545	0.713187406438625
100001620	0.497868117113979	0.426819327508762	0.253283521193444	0.679631235971759
100020893	0.277831372125108	0.058237903904624	0.266383199159924	0.398639231445598
100002458	0.795945502499704	0.543257407333208	0.335785675609316	0.61996875054744
100001112	0.759784551806863	0.994206968774877	0.288441545013938	0.679662665338398
100002953	0.359837288640102	0.73736436631325	0.28533258751384	0.694118304790209
1141	0.388476952947381	0.0486530513695744	0.375327370188392	0.494749198939667
100015834	0.472451812604349	0.992457967451614	0.289363992717647	0.677502548726271
100004561	0.660968901898432	0.90837613416347	0.290806837781075	0.674340011338441
100020497	0.835370429683377	0.744907456622143	0.274788021533432	0.702832112795468
498	0.0542211473398683	0.317891953521474	0.282137033603329	0.752613266200109
100006051	0.873692176711052	0.856914385751549	0.291957447896609	0.673859703636321
1668	0.638475905007189	0.526391063546716	0.28254827197856	0.616710952155335
100004523	0.404631344044856	0.892116580575739	0.296830561276174	0.665544340780667
100001604	0.213643762984757	0.457172927371193	0.285085396646238	0.731974411705194
100001002	0.113626853182932	0.395039083317274	0.312676586902557	0.65944922038481
100001987	0.0593631985653476	0.271311145879905	0.832715648907035	0.538472681256089
100002462	0.564557203642928	0.3225566218564	0.35461583095832	0.55403682919685
466	0.568012830748996	0.0712072464192678	0.31894241756013	0.654586117900305
100000665	0.901907456899821	0.450346657440568	0.323798231154132	0.623851748263406
445	0.986303667079207	0.446266095669867	0.316641179094021	0.725776147627571
2029	0.153670145918514	0.494240428292016	0.306257363549512	0.679809208317974
100006438	0.134716913436009	0.253581678283497	0.333414813259228	0.68984071647252
100001398	0.150877910323752	0.585742697092662	0.269751721118389	0.698416189968944
235	0.43569601810688	0.469847758504535	0.2570844268451	0.710742251029147
100000997	0.775680662088474	0.709720257724685	0.288379978698927	0.65511158298302
100002094	0.266326116444205	0.220956500462558	0.243107551374239	0.542523242637252
1052	0.632599807950355	0.933299376465669	0.290204509560068	0.696290562728591
100020823	0.355219327257496	0.654650032146061	0.273725471066623	0.66789577734893
100001806	0.290835408933197	0.630223822616364	0.335211763481641	0.686897640992637
100006092	0.81626152943034	0.886654901263922	0.293209950895065	0.667942126600269
100001415	0.104023421579226	0.0737734786524629	0.291937502286174	0.396508308233919
100000008	0.048080901634314	0.0864510977369084	0.316076856634616	0.515619985750092
565	0.00845816946520138	0.0503367145235858	0.277796731589033	0.752774884817881
100015851	0.157893213225453	0.186413106517557	0.368653299046351	0.815572624943362
100001866	0.511181569679939	0.899138708967779	0.30376433245318	0.665136018982246
100020546	0.00291116645093087	0.0299091954351818	0.514084972071073	0.86877586464056
100016110	0.557910269772501	0.417181391996498	0.236447789043159	0.775496856288371
100001254	0.00325391395740379	0.0112666399003966	0.367189461512096	0.89548196056757
100006260	0.383887485921925	0.85137071595797	0.293042313526799	0.674986009417243
826	0.666479600970162	0.857472997466971	0.289265130957367	0.672542335813903
100001872	0.428824998812132	0.731060606322457	0.289978040240452	0.677465040016296
100000263	0.318952676798184	0.371604793293887	0.362304017677663	0.670934388855865
100021198	0.771558891524656	0.0597251000371948	0.20056178404986	0.387452141232487
100015967	0.0339881803514989	0.0898562225053022	0.361548798690015	0.499762041729033
278	0.14991647705084	0.274746564998565	0.269901308542535	0.955561636761624
519	0.76589227393568	0.360942371179647	0.341286269260122	0.616748469403335
100009337	0.116724135263593	0.331843450102315	0.385296197428073	0.663033941840897
100002185	0.372676259759688	0.876763332235037	0.283650768273092	0.665245140709348
100001278	0.418430866611979	0.300533748895253	0.349684600900557	0.632100776942559
100002103	0.907669773911223	0.550050675204276	0.291803281025448	0.618050833548214
980	0.790913239352704	0.464968585295049	0.318164764661465	0.659039821313006
100000016	0.865346856091301	0.458815255034609	0.28551497047785	0.652849622637292
100020372	0.200449079315804	0.532426711570762	0.285480078776606	0.62070775177779
100001662	0.694471029017889	0.148223790193167	0.118238661775179	0.689115270392096
100019972	0.93112706334828	0.694687847479822	0.296433173117265	0.66498402204589
254	0.744340246326185	0.691206194729731	0.286122315169034	0.681680469381591
100002009	0.653606018733397	0.696137050205449	0.285743962036894	0.603847126075241
100010895	0.420264536175097	0.534015165188311	0.336805612919023	0.656648608106423
1140	0.912369648918564	0.938343976519117	0.28700613055352	0.672046411194989
100008951	0.653442943587736	0.540210924738914	0.306993724027676	0.639464286894181
1084	0.376201496894532	0.794054244924126	0.287335542166003	0.72282597222224
100002796	0.123172647756537	0.425015842062477	0.258525874520868	0.624926199763467
358	0.954273550585388	0.844164139693499	0.283034262821117	0.65307304391843
100002070	0.857034945454917	0.757215636260629	0.281609119809881	0.703358293281312
1628	0.379506446223133	0.146815242361655	0.349601705481464	0.663196301448654
823	0.604266557033605	0.43912974676167	0.245274343682097	0.753398429364949
100004414	0.431985588888879	0.0888526844762217	0.382248573639158	0.815582452903955
100006129	0.687798245838121	0.672425585068478	0.270655278459349	0.692954395553355
100002028	0.639485356118245	0.450636884278041	0.400428804692065	0.48480189840072
100021707	0.504061320120699	0.61246227330261	0.260034955922098	0.731434300117842
100000054	0.551110519427315	0.508982872027	0.280247781344415	0.699975014872275
100010869	0.447296980976268	0.222122168808297	0.302166239424143	0.546212344608859
100004575	0.0323322964067752	0.110162820852044	0.354491745078293	0.997608554148133
100001212	0.970536743856557	0.659341838502066	0.29318556528534	0.615201777780374
818	0.185497653496409	0.542053824061384	0.336164150216195	0.628063458637516
100001092	0.0018221664346422	0.0226179327758228	0.276745127491509	0.660135477992081
100020371	0.924263789535996	0.914374460498498	0.290907471742904	0.676272816512963
100004112	0.202591842253347	0.508042343747567	0.305006247207051	0.683979471353271
1125	0.46633264134891	0.357910315000352	0.319913607005617	0.71287644532552
100020491	0.91522490358064	0.576791244433281	0.25300149377944	0.691324079194005
100003151	0.00239843707960638	0.0205531872990313	0.434116101541088	0.552854022236338
100000011	0.341536253590932	0.151469952656505	0.21184980852384	0.783760742115274
100003594	0.530073602920031	0.944311175670886	0.289221002965423	0.674204397402881
806	0.686504088507271	0.138994453529284	0.29351857019601	0.472665648579959
100001211	0.936522863656868	0.561659599401636	0.299744247162852	0.657818759936349
100002417	0.629014838146282	0.579804971025974	0.279937586843303	0.641822330219268
100009335	0.562861752191054	0.223922848197763	0.237417863167656	0.699429515425176
100000781	0.679546217863666	0.935399725593513	0.287058726271046	0.675236736093345
803	0.0197168576175902	0.0197388751950084	0.234202799946943	0.513655831918547
50	0.513312226620765	0.74894571307929	0.294111531865346	0.66378050462761
796	0.411835891158649	0.0492398712682475	0.323159953053555	0.663785394588885
100005834	0.914772270788228	0.633497093175516	0.338679922966214	0.673262367227924
100001580	0.950550276701533	0.533047530319381	0.312032430284953	0.678377235551164
480	0.80124158250583	0.63052380698135	0.260597343468263	0.684678558422406
100001540	0.265235976956692	0.766527118013696	0.360133635406833	0.746307328683816
339	0.573087665169839	0.131818354448799	0.262581433143932	0.58904316303726
1110	0.899490785999133	0.948254410295164	0.291795557477977	0.676079531868899
100015836	0.189558800842652	0.20632950283846	0.411436263577641	0.840190977481684
100009271	0.565155401134769	0.545873719532262	0.31996113682736	0.658559809390302
100015638	0.994254517059798	0.439966988801896	0.302891367346545	0.658551606115869
100021667	0.919942658857137	0.465980167671433	0.330877068251413	0.657254377609726
100001279	0.594928224089215	0.380176766400293	0.313573544161335	0.799135962571529
100004208	0.0217980772069337	0.12960254424787	0.431165038712013	0.792840422300491
100003695	0.245249009481188	0.125857260040927	0.294403990144652	0.43474571422421
100000802	0.770526785218858	0.968711036883512	0.289180179272	0.676146902483821
100002769	0.826501197623268	0.102108211251604	0.213157986094399	0.793641305468039
100015835	0.111550282142552	0.298178491798548	0.426265920054159	0.873896177702165
229	0.881219031719569	0.392680640731264	0.323513372365164	0.67129478251075
100001266	0.00718488264157485	0.0257959733054526	0.350586820900444	0.978398158551737
1342	0.302339936215742	0.353647390871578	0.24755405882673	0.694966547695897
100002102	0.854528849797497	0.511453025906195	0.329162858819313	0.788213786101088
100020254	0.174996165779191	0.602301876353734	0.281668778964019	0.703225522643415
1231	0.48983006756223	0.251234626566514	0.342445596338711	0.630719730419065
100020492	0.985039554558574	0.906717350937545	0.285630353916514	0.676425676541199
100001402	0.366174436377301	0.558584176499468	0.322742743780079	0.682771108945916
415	0.00651253579368778	0.0903885799526467	0.328849730016993	0.733384155940725
100003109	0.980039483838229	0.947796132587984	0.289402090448603	0.673410142118298
275	0.611109796708324	0.801718424466551	0.278342852031659	0.661336103565038
1143	0.170513600148526	0.0733516173482151	0.259803886218901	0.776586062477441
279	0.332126559966466	0.311821484769568	0.294544428540879	0.535033631644965
100001198	0.971517293688276	0.944823472835343	0.288825692065059	0.683387430148038
1648	0.388682991610649	0.953562646135929	0.288877249200562	0.678212106650591
100001590	0.294653938648939	0.271459358567401	0.279775984182867	0.594135473158208
100001733	0.371397623604586	0.839168738446983	0.284908443635244	0.692912370870818
100008933	0.0129439830763913	0.00179956904487207	0.406098626375467	0.632992336770928
100001550	0.363424780324366	0.499002512470247	0.273053640751167	0.625712095976232
1215	0.0723811602478699	0.216391136179072	0.239799653010082	0.630012007035778
100002356	0.283503891486737	0.12080410610643	0.346008898920056	0.685348932573121
100002749	0.729124542365189	0.754464527616125	0.290773023710144	0.685044529649341
100006379	0.157959432678754	0.142625200909532	0.336801402532669	0.41290322329598
100015966	0.0752642301521249	0.15266858492688	0.318147609038952	0.502191831586817
100001392	0.667518045318437	0.947428618556602	0.289978063024688	0.67616102014348
100020425	0.140246585729162	0.0487466033207476	0.233881517171693	0.431595396064102
100004299	0.335196732533937	0.806256513303728	0.304390169856498	0.724831794567165
100001734	0.575682304565743	0.547226573737996	0.303917407910401	0.619350953496145
1002	0.915024710482579	0.796183631530485	0.291049264247373	0.676388609513081
100001337	0.287214124498671	0.755976417180921	0.271150046516416	0.679080037731639
100001452	0.850224659387275	0.755076550197791	0.287287253243028	0.648092287905109
314	0.5204212861236	0.381032698853907	0.30024805545745	0.695783087347522
100009264	0.985468210186547	0.543414926542189	0.230876291844129	0.800167781501016
100004634	0.455931086698677	0.513898543268769	0.260233072691002	0.693351471239772
100000711	0.756162453018091	0.705539140667836	0.316792661601356	0.700868630946339
100020536	0.022786516556161	0.0963301535198436	0.348757586921828	0.781440120790416
100004318	0.334499921225401	0.57083734221417	0.29423594491296	0.671816807224314
100005850	0.864824921226856	0.475390883127723	0.367748594113945	0.624089984972958
100006619	0.322414817851155	0.156454810662679	0.327297620526944	0.664206394718887
356	0.42455218492388	0.610033631328621	0.277143087783554	0.69687135896963
1221	0.599482648924043	0.619724994870978	0.36380194868246	0.712210050944917
100001397	0.729015751731764	0.744308318361991	0.288806225311936	0.669035834743379
100019981	0.645061591044562	0.927107713130079	0.291182972647795	0.689755471514388
100001208	0.450574872245795	0.259272272459272	0.251052528697585	0.956649206685841
503	0.011233201703133	0.00794471881625071	0.160820207812466	0.499864315728071
100006375	0.153719155481377	0.618375288449456	0.312470354219064	0.655899102708137
100001295	0.745915473118362	0.604867035328231	0.280145139572485	0.770756858854976
100020427	0.0568097432493156	0.027007164119943	0.274590160874114	0.375962173541725
100002784	0.453335923916035	0.356714638407121	0.247319888591888	0.748952159655728
917	0.0664155725745819	0.218001557646528	0.308023463252696	0.625411490009455
1869	0.366104010087087	0.204360439775892	0.312893330573798	0.559888988703414
240	0.244106533532199	0.10225614274568	0.180065093518811	0.477515949506849
798	0.00619380785055385	0.101882702511293	0.412548332002758	0.608559502952734
100002952	0.275746655855416	0.491172750035622	0.288864085382992	0.758832612899938
98	0.653932220397064	0.837858474987867	0.303908713104529	0.68272713558839
100008998	0.314358744916281	0.350630839186902	0.231119116022579	0.741120048447535
477	0.907131509812747	0.287842925293125	0.296190991415503	0.673216491258474
100020545	0.0930831150952934	0.144031745919023	0.327373375144528	0.841154087905842
100021666	0.9649331719462	0.221372635357701	0.334165770225467	0.67037177294083
1256	0.524996750617883	0.681854570393632	0.337649888295045	0.715106107921857
533	0.268169569110518	0.0739425318239078	0.210464312404934	0.425303509448485
100001757	0.458546232615992	0.920231264358145	0.295503140835304	0.673208081793045
1024	0.29406372325717	0.0771181637344452	0.193078747939155	0.840326966997639
267	0.4955924835904	0.872769567787804	0.295325497234089	0.671069928318661
100002113	0.119781675230733	0.0985591604133024	0.272823108287339	0.699709139420421
100001756	0.879336852631978	0.735750890650671	0.299597167968729	0.696595928257191
100001193	0.477248365830896	0.205559758300194	0.353975461463545	0.625772559658078
100001668	0.690540183200319	0.975978025135225	0.289596207196701	0.680018891087457
1124	0.326860793987651	0.271029875542823	0.250274844602845	0.779914065618061
100021331	0.186119239794567	0.299699597052316	0.250347548592125	0.719337188671787
1090	0.0686520320722224	0.045105987011559	0.270548227826575	0.818930815243451
566	0.903008504175347	0.308325907057997	0.215349015089892	0.683109696178776
100003119	0.467771884251568	0.289120504889666	0.320924028228904	0.615315704668114
100006367	0.771284391450637	0.578123729495039	0.298229797325487	0.65793440275446
100004322	0.231894221319212	0.250583924937632	0.29397750452548	0.761406211789767
100001034	0.596216455260493	0.873092571826006	0.285676960634781	0.670983557007558
112	0.868843025159314	0.895763532044086	0.291570317023776	0.662305784585522
507	0.76251264923666	0.793299411053313	0.287108850399709	0.683430690728149
100009233	0.339870089036159	0.212681062160495	0.265513762815708	0.694492556352544
100000406	0.0175625536505097	0.134709854909255	0.460883107788743	0.481750063430646
100004046	0.399693857957135	0.370639921566517	0.177243844284954	0.608341532526468
1025	0.752392724478242	0.70149897699866	0.278610689675999	0.696427680008811
100001106	0.15904531177105	0.1656452912401	0.240615089293814	0.712040867730303
1128	0.0317969404239426	0.587422221715399	0.316794252306563	0.723782074207499
561	0.0511727728354889	0.180934589001751	0.201553143097915	0.596213384878995
100001614	0.87394201054075	0.38390756369449	0.30266758321581	0.653598108079957
100000961	0.865675389198111	0.937580361677307	0.322576850893211	0.671835462418926
100002397	0.845300557270248	0.594365163988094	0.290664826257671	0.608407704720671
100009407	0.998150343984312	0.99706878557292	0.291859326668161	0.678290959143951
100002910	0.947600406891289	0.580212923729515	0.263868856256962	0.609733598937172
100005946	0.291299497787159	0.364515771193433	0.326053305591418	0.77262270677651
100019794	0.100635935903085	0.294474708746505	0.288717849086501	0.833564650902432
100015759	0.347575516717973	0.114215870080928	0.245267721553878	0.682235193237034
100020417	0.66820850684325	0.586298524060803	0.276291640519538	0.650728940389949
100001054	0.715776111935418	0.985875067835403	0.2908289844288	0.677365225199627
100001437	0.335385444413148	0.335307280994104	0.240223865278135	0.604227571618684
504	0.266936386550805	0.720183999409062	0.334886421368995	0.686264780097235
100001988	0.4670190701714	0.657073534609272	0.283305909145673	0.831341513810063
1082	0.0262517612616519	0.553755364439506	0.327095714113047	0.711622088511546
100001403	0.294408138275824	0.319965432883589	0.32545384571687	0.658991839976994
100001664	0.928561919523553	0.530747280285121	0.273932335573266	0.856638992830336
461	0.282101604768224	0.224793454385726	0.453190366558776	0.652625715446453
100000463	0.647573618950761	0.992942607716917	0.295158932908653	0.677363986429389
100020208	0.525449367496396	0.509115284968128	0.33332865847327	0.560540228387378
381	0.524212659276716	0.0682356760687156	0.130992665856939	0.510016464544839
100010901	0.0856635861972917	0.0677818214299359	0.285770992387029	0.795518544555119
100001468	0.266799282918465	0.959189132577423	0.2877036617947	0.692400393543516
100000840	0.910103058501335	0.916580904931968	0.294518238918286	0.686295901366619
100020014	0.240478042891988	0.597711443886095	0.283467012870275	0.692580557465928
100001993	0.802069588407859	0.561793795979027	0.230546956898563	0.852889040908569
100001051	0.0884326260098177	0.0204102070555104	0.330415536000755	0.357222722319261
100006116	0.390829470687087	0.516162222907932	0.293189800573834	0.678449546812065
1108	0.917479516707339	0.984347580572595	0.290509166763697	0.677248559849367
100019966	0.358535373954477	0.134961177151449	0.345828362839466	0.647752870875845
100001743	0.59129740185081	0.409098604317911	0.282162840057765	0.662024512976194
100001294	0.134446486528112	0.197106889737112	0.20507267665834	0.732172741736706
100001609	0.170240800007776	0.0624760236769192	0.283961156462682	0.794694263285434
418	0.76976782344117	0.984758921071983	0.290325430009025	0.681654920020144
100001178	0.37810995221655	0.896053907443441	0.286860152944532	0.665555380492935
189	0.927741751839396	0.644655440356306	0.262112150018109	0.640786114747334
563	0.557035852596025	0.775340640078018	0.308117300625396	0.660995592328566
424	0.642890536857214	0.488898632742167	0.317951778455754	0.660968074668549
100000776	0.12107000819541	0.28762932950779	0.335090825913979	0.681596109912466
1001	0.957906519366088	0.474480645411711	0.292498089623548	0.680364959236175
1135	0.373539216144765	0.111109297119936	0.269532990610769	0.732990576335706
100021093	0.374145274703802	0.501325404369748	0.331831416507884	0.698976255129205
100020219	0.12413844104837	0.229972385272407	0.300068810402515	0.57033050331012
194	0.474158672972393	0.83244024282204	0.297153276059992	0.650910788437797
100008930	0.753779667834196	0.671458744886201	0.309959829783007	0.66055414958931
340	0.653475931079555	0.225398610890732	0.174220975115112	0.760067835065263
100010896	0.877228254695378	0.78476706890348	0.276013080786698	0.683588212283892
100000787	0.179901526891555	0.102945890728055	0.28997331512669	0.386237843762339
100000639	0.0278612713964736	0.183307347849254	0.258384466630631	0.683723404575531
100001851	0.904395263878191	0.228099896719641	0.324287153058038	0.445131529375229
179	0.611332050530793	0.587638252054107	0.284004939573003	0.693570643100783
100000626	0.399376782541878	0.687698173100666	0.302856775792376	0.67848506647629
100001605	0.0115501812908849	0.088185918997478	0.365261599498913	0.76869209503223
330	0.239177285978955	0.450812872473143	0.321276900659263	0.553413298968447
100001162	0.773544485573075	0.622844149764233	0.262763254835067	0.64773389633814
100001167	0.0380227080904183	0.241017303771158	0.289204870327816	0.661574077794949
100002067	0.55361762982071	0.743931914104262	0.380183427311819	0.604832529457155
100019968	0.611947411330895	0.342423496284481	0.324183284910915	0.611059011349172
100002014	0.943127418972491	0.978606034218084	0.28830345164944	0.705100976875864
100004083	0.469625589787494	0.139244172986566	0.317861685961043	0.54048515403947
100001315	0.335548145389844	0.390615234541875	0.299897548297866	0.743469416230597
535	0.223611184149453	0.554616463986315	0.313543534070098	0.670438420389029
93	0.383632522196429	0.265180182265689	0.332395623804036	0.51846498171469
100001989	0.377813860434008	0.609380271346338	0.264509434150674	0.722398181859355
100001740	0.742163651036343	0.409813450002457	0.264342850361527	0.697331151780969
482	0.232106627938356	0.985683076179009	0.288551298466976	0.678638329044426
1629	0.255255379886531	0.417162729716167	0.347750258777898	0.65440611734375
100001399	0.430008326149663	0.368420598783144	0.308249189601118	0.679834523662299
376	0.760733392536054	0.159120883015952	0.179787217638894	0.790267260970835
342	0.601200058241171	0.580912877695147	0.287578430264045	0.675386034799278
100001253	0.0285878245354015	0.181537952328596	0.241866517492571	0.888864396991694
100000708	0.605053637792198	0.749267076457485	0.310572252773906	0.685921250000645
244	0.183520814681274	0.0520686244631072	0.243134717008692	0.796555749938307
100006726	0.427046364608061	0.302793711046463	0.337431553873418	0.663051266036606
100000036	0.183763096434279	0.670035457778033	0.270193276976834	0.715073390098344
100001257	0.0260059697496489	0.0882842055888818	0.386076755840025	0.941971530764595
100000445	0.576380786246752	0.650117708782243	0.311542748680536	0.637830788305594
100004088	0.0045674244631188	0.113569588092414	0.331191586789769	0.753418339470089
100001423	0.97218985805554	0.745425281669964	0.29342468739196	0.649871233679683
100001276	0.37784729191452	0.288381594549809	0.262403561487538	0.594673504395813
100001876	0.76190804670442	0.951675040215932	0.287567800464942	0.678550473923522
100009082	0.631881061397508	0.0367957254789142	0.126807253513252	0.654724875704042
100001121	0.34950287371312	0.741135418278762	0.284464897008824	0.673356319810347
117	0.325544037645564	0.635737284897064	0.271737938361611	0.697244969799813
100001868	0.0393807716546708	0.114115831728327	0.340293856748225	0.684098083165916
1134	0.617814451269191	0.282760034968184	0.19494824893947	0.649507007432486
100021012	0.273298242890476	0.491387515373607	0.295510913744663	0.70110867116161
100001181	0.806174162007739	0.289072485305865	0.353603854398908	0.610843586781423
100021467	0.690700354097683	0.280951996608969	0.295222119853867	0.585173355025272
100000447	0.222747653859304	0.240446891182118	0.336703473896773	0.64258028505483
1162	0.000358846060531076	0.00646378104040452	0.385342723122198	0.560364103882058
100019982	0.500915854359096	0.470271690863782	0.301469074013175	0.661786442261902
100001613	0.995339803708796	0.456960192241665	0.303724687028084	0.64683256906531
100006644	0.365267852959657	0.618897691519746	0.271041367919995	0.705690391051458
100000096	0.529346087580955	0.0243795459017385	0.191650874795663	0.648312206830615
926	0.52401465862167	0.677419349899401	0.295337613844463	0.681437715838789
100020004	0.841430797717559	0.718681260394385	0.302641060201713	0.676462809903865
363	0.158307983148696	0.0344769836544556	0.271387489762823	0.245076938311667
1111	0.414464969366236	0.969129814024694	0.297390015455854	0.700081429133772
100021712	0.785051638035888	0.648814311264449	0.290102015627881	0.651952565147675
460	0.877632377718738	0.703617290218124	0.298530351615125	0.714114602537837
100009331	0.359940037183411	0.226639261977109	0.259908208072278	0.704642751558776
100000442	0.27055219628102	0.757171577467019	0.308576475851476	0.69086500499699
100002945	0.100167750548301	0.0199843882192372	0.375006104821267	0.634506896937241
192	0.889045407854412	0.902865757807791	0.289231367891558	0.707277418852992
100020241	0.469435051718026	0.981542602048361	0.289332697051715	0.677470473333923
100000580	0.119323790349207	0.135686343180945	0.249385223723302	0.919073921323007
100002466	0.00922026537684976	0.0296486813833105	0.242487682159688	0.438019257772689
849	0.73831071741818	0.603824952851983	0.291479111330444	0.628932452664173
501	0.491879461847495	0.380517655579869	0.322516930353314	0.633980736412841
100000282	0.62324799981938	0.131475497467229	0.377304178555731	0.573482967319487
100001577	0.0331805499290146	0.185793597809699	0.391053036278449	0.737341193622328
355	0.0929342335301152	0.273477400969524	0.238836703438407	0.570276084726025
100000841	0.782598744807922	0.99421205217	0.302641477513935	0.684664531928092
100000846	0.811763818695774	0.354207708020925	0.278673162441092	0.670612355223379
100004295	0.997772931671718	0.477447728070567	0.266160253940839	0.631381317088926
100001586	0.0905712135267261	0.0288867550807206	0.436279242067465	0.305593996157849
407	0.0122440721020683	0.0251861891614894	0.318647629687132	0.750156992567839
1137	0.791318480025846	0.663494764336681	0.275698520200402	0.726266655413435
100021374	0.0396755009474882	0.0152894429029933	0.217702575300019	0.9230838315754
100001593	0.732293145764354	0.84085237751992	0.284510120981225	0.684883483387505
100015971	0.69983148243394	0.718759170466974	0.282856188118235	0.675575663457598
100001022	0.350731497774598	0.172995703503014	0.178844370764043	0.946767683442952
1094	0.067064293952699	0.241148394710039	0.439191695055068	0.905269766687456
100002122	0.274585031234904	0.249451511478117	0.237277972184567	0.776358700984338
100000706	0.636518671576967	0.568538240414163	0.250314859073044	0.677996017655167
100001055	0.816018579463569	0.414599397650755	0.263919620978823	0.61943581380402
1235	0.489461979751302	0.689680419573185	0.272982194038048	0.711219859754138
100020204	0.10315686512429	0.53296923512181	0.309942449948554	0.719620099740096
100015643	0.0292566739294102	0.250149750824604	0.319315360432798	0.625850778848714
313	0.0193828382683924	0.22369700328922	0.3053712517405	0.607626840417313
100001413	0.831472408717909	0.951605204968516	0.291284496854922	0.674207441751376
100020423	0.0210178162183709	0.0143351548720762	0.303740179514031	0.34671979580464
892	0.4763277646974	0.157703892870692	0.316367255555855	0.706529159775884
212	0.0621166936747257	0.116486293769958	0.385528285070606	0.65406838468742
100006105	0.198431796663981	0.183669043252618	0.328667485524551	0.689813017697517
437	0.82608025033388	0.564166037402859	0.268285369039268	0.6948714043219
100019892	0.477596700782509	0.77636546474128	0.287749026398006	0.701239867458512
100005716	0.0660988710675064	0.0916492256420319	0.315987723519733	0.76647140066644
537	0.2319067009672	0.138886531480408	0.298585294255372	0.703628133823187
100001990	0.306084126432457	0.6265451963274	0.3273501570072	0.630892207013391
100003397	0.0370357080487476	0.004593141794228	0.224452920826403	0.434243959431317
100001320	0.109928453174614	0.199060062921203	0.375751948220865	0.429327497272338
100005717	0.135173563721938	0.0921616561125531	0.337779800352839	0.710447499544904
100001207	0.0324419137046093	0.180366204987867	0.327333035464296	0.685161681724987
100001999	0.55408375379785	0.787946379585142	0.276623407613841	0.786289967204435
100002488	0.275696212825467	0.0206743474556524	0.325365467413284	0.612503684745476
62	0.222343809506198	0.702566524166821	0.279927273336326	0.68298092969556
100000467	0.611139676018556	0.418455994540493	0.274318922268789	0.647888097865192
297	0.00456764937247017	0.104450166584668	0.293040405628384	0.639965993547609
100000285	0.0321106301818795	0.405107578064071	0.289321454148857	0.771005036473967
100006056	0.0742820644649579	0.423917867446793	0.301201779391755	0.716460550651649
100002126	0.127830585564765	0.248514027433927	0.223599806493444	0.991308599284481
100002129	0.763527064635616	0.827860945942396	0.280518946939727	0.764873124580105
100020478	0.0360456222293029	0.223085883250824	0.260909771464604	0.706303917944721
100004089	0.0736660885190786	0.568673842695039	0.304874793757458	0.635592937776081
100001755	0.537843857764481	0.565192854196155	0.291312640529528	0.632296332524764
100000551	0.0341728950193954	0.990487303550326	0.295310154418527	0.677866891949092
100003260	0.47209961319459	0.319605025279792	0.327330149056247	0.754432179941275
100010955	0.793888773838531	0.383450276670691	0.231361138519484	0.569293869286736
100020851	0.224453326819061	0.454118855508253	0.31075882970959	0.699865543579916
100016069	0.656366656624151	0.7895407366077	0.292610079232112	0.665011945447963
100002027	0.449905313952797	0.555304393460401	0.22723272957845	0.787204018449317
1123	0.411069126638493	0.186006171913652	0.271482621428375	0.806887324958955
100001150	0.751186665544704	0.988148996720074	0.293192829468917	0.678238241773643
100001657	0.30035422848271	0.6317721037908	0.290678755902414	0.657406182926646
310	0.264246148274075	0.357265410434423	0.254604707449194	0.778645338822316
100001314	0.399083605479727	0.145618165356586	0.266007432349154	0.559377881416287
452	0.720263952773223	0.660221238505512	0.323144010007491	0.651058806273062
144	0.0865501506769234	0.0601241066147456	0.357985892567591	0.545089278998523
100001182	0.230884633459746	0.17325280480917	0.35084046063746	0.661436312835464
100015965	0.753509156383622	0.476712549469223	0.275725256350618	0.746412133811852
100006108	0.950592328493163	0.460695732489456	0.298388655762285	0.715681818173283
100001400	0.682821691602737	0.609973508305022	0.273606351353199	0.66727020249876
100004541	0.281909706705318	0.205158398626302	0.283552425648757	0.430184793803486
932	0.862477775576635	0.336940005626758	0.296456127106503	0.711685076369078
100001992	0.399703483933047	0.551706099390722	0.415650545984298	0.576949689861566
100009252	0.120901870707726	0.179980744095991	0.35311007361237	0.659492976999523
100021104	0.670139052069738	0.423687597005715	0.205475204151025	0.886083447251352
100015838	0.0110398337697186	0.0411089884617183	0.414410870056483	0.921947831653761
250	0.00100927088902339	0.0224899070052797	0.526317108085993	0.775842368352474
100002537	0.968974104914653	0.502063064848578	0.26766860632086	0.785862516159542
100001658	0.857244371483608	0.691538715660024	0.31147636350506	0.664480177602661
100020416	0.309081563426834	0.376911130235649	0.256661429583545	0.653496265921765
100006642	0.214635645808965	0.739370087276956	0.277847781460656	0.703111943731579
100001391	0.0960025967874967	0.307268596195878	0.374040686047459	0.797733898199519
825	0.651331930359046	0.617441869151692	0.255713524237125	0.689552684042303
215	0.0155638559413693	0.069044719894355	0.347235692345708	0.657167563213974
100001026	0.991264813507867	0.878984232660217	0.286490896437346	0.713461994531328
100020541	0.490528548557815	0.457265420829691	0.24416439330802	0.716661401182913
100001526	0.239787565243349	0.304938687503497	0.42446014169035	0.784737170354625
100005384	0.482260039433467	0.410883208265555	0.273018239647782	0.598789765080272
100020378	0.276964361948392	0.693165825842001	0.277906706856179	0.684467161823926
100006115	0.942649444837729	0.358081478801065	0.383110979595561	0.563787860862011
1442	0.1989391360187	0.0466510638371514	0.126282326363836	0.565421279563525
100001843	0.145760307022724	0.206274384991909	0.314521808228394	0.766431481703407
100015837	0.141729526320008	0.236693336609914	0.515857906624991	0.622036131187951
100010834	0.701206512706837	0.970912682257584	0.289254606476507	0.675874944915096
100001393	0.571719782592606	0.481470286269795	0.237268091826813	0.715633011464966
100000015	0.339210937142985	0.55610865362789	0.270244367409336	0.699967057591442
100003892	0.0228391834600642	0.0218105663516885	0.259116606798928	0.993553662177322
100000042	0.165268357163365	0.0243711573442141	0.314866933634243	0.587636965987045
100020550	0.60356271760879	0.236308211365935	0.311991368671846	0.576840339833442
182	0.460954158532827	0.358530873000149	0.277398631778382	0.69716225278236
100015723	0.122428147428226	0.377477147050165	0.294805041551833	0.658428799212364
100020343	0.385356123826174	0.461937602322236	0.260602486851774	0.679613752352527
512	0.331080404941848	0.557227279413087	0.323090700451785	0.643963172452437
100021100	0.758562097639306	0.685985656943518	0.276741312799356	0.681673490051196
100002528	0.259287687790856	0.0501269057144463	0.365328349941282	0.440873404961049
100001287	0.452802893375312	0.76248812922959	0.385910738388798	0.627628023912396
100001229	0.684488527267948	0.921819979083348	0.295716025740838	0.670723768651491
181	0.37326584914452	0.828752547395388	0.283928893068525	0.70257026879378
100015831	0.00154089805303989	0.0186314787133331	0.39024988906806	0.462484778680523
100020515	0.349370459722645	0.482063965639311	0.239847895768481	0.821916095460384
327	0.214112712993965	0.253909790254242	0.352793055389494	0.631433326673129
100009394	0.593108541739167	0.685574347343935	0.269326461739234	0.714494090404222
100001596	0.856433423469153	0.219224191269633	0.263663561926386	0.505223556672385
207	0.847398187933113	0.506786486698774	0.30344701863323	0.639702531696303
2054	0.523435456280912	0.803401436672273	0.280384614888746	0.69118228683771
100020259	0.697692874023025	0.600881434704629	0.312446314431942	0.663134865895106
100020414	0.00310245515829498	0.0399544706214352	0.209928177392112	0.650280555140229
100021131	0.875844546340302	0.255629311381576	0.278771367428596	0.633794004489436
100004499	0.865085316550235	0.704952709551958	0.28096802193403	0.646627649525467
880	0.188669507739827	0.831541597344544	0.307633331053968	0.674498411764046
100002049	0.495151588042806	0.307682409769431	0.321439380037212	0.628321201411858
100001739	0.563955808701813	0.266156026229802	0.363398127857227	0.638826945623297
100001126	0.445460590060933	0.157767644570253	0.189431429374356	0.556162234377514
1113	0.665357457120543	0.86387574190932	0.300388427862181	0.65834738259486
1083	0.968738131607537	0.288943269738334	0.318657924350336	0.583079126346918
100001730	0.0776361047259172	0.184707721786928	0.337051417782553	0.553751738578195
100001412	0.552042942562108	0.956457840933244	0.288871794844472	0.684810404056391
100005996	0.742584713949768	0.586523108007306	0.27947542505214	0.649327961633046
100015962	0.0071138818149829	0.0794490307513231	0.214522173627445	0.994799455587054
100020214	0.733151896647589	0.439667942851979	0.303445572549574	0.601703161747947
100002514	0.119886525786906	0.331144799732935	0.301499378730612	0.614995535860077
564	0.211662212053079	0.0511120330396637	0.245606071973606	0.549724412084714
572	0.0281932892810518	0.0220197541423263	0.405980682236278	0.538886636365621
231	0.90032684968355	0.604885862468863	0.263884327578902	0.696177801936585
100000453	0.842231913941414	0.715237903423826	0.277670381375495	0.714623166761927
100001007	0.130573938712232	0.260668763875954	0.337537076131663	0.559772504350892
923	0.617034393784722	0.304051391722445	0.272777584757914	0.733465442971012
100001247	0.453784833999736	0.541994696063682	0.272701546782618	0.661317045603872
100000774	0.554076628494927	0.893599102859181	0.302271596084073	0.691495180982996
800	0.337985261919849	0.327370508939338	0.308234322227826	0.739906789283185
100021678	0.292551549695764	0.386672281180666	0.238363807480577	0.675790866000219
100021711	0.439679951265002	0.85697396282173	0.303082464586026	0.685145478561817
100001274	0.722448384581946	0.381467309517875	0.281716492497419	0.520097818704957
100021220	0.146748100111665	0.165934245814903	0.352329759988956	0.993942264609697
100020253	0.397096186908023	0.998368051871857	0.288661247126512	0.678051446834129
100001170	0.767964433062274	0.195574198626179	0.269494547662962	0.583069672762496
100001466	0.285699600783648	0.905199655737649	0.294356193403727	0.673669680914528
100009406	0.704843472310567	0.643672226396102	0.276814442861561	0.696028242956145
1026	0.177435177065551	0.368231036658478	0.311662207321915	0.636298637818302
100020837	0.7522530562865	0.395760753954953	0.329725402150237	0.584772774615089
100001006	0.0795165708487719	0.0848760675421593	0.27134601884661	0.799791840724581
100003674	0.743130955507745	0.125561410973697	0.28885461716996	0.667252228560651
100004396	0.340167590849971	0.424862505269373	0.32919118519783	0.574408369337062
100015923	0.514820041822922	0.930234496498925	0.307861020384279	0.671854324763173
100000265	0.455560374705325	0.712338205257234	0.295459607138409	0.65051804400139
100001409	0.087873611843433	0.128034787227999	0.284812449401513	0.52248979916745
100003434	0.423121203277706	0.464822927693129	0.294929077404525	0.591640297623671
100001334	0.592421530362989	0.0735168836270616	0.363755077169981	0.556887153416034
100001102	0.708703924004675	0.769297625225068	0.298298318481487	0.658807475717451
1268	0.608429693806746	0.0707731764337699	0.181295367354882	0.633780839446173
100001300	0.229771054961065	0.0876622211048978	0.256491783465538	0.682761064273561
100021324	0.271414105272117	0.765124738868445	0.358101498571812	0.669559880450938
100001617	0.112120910125475	0.101094754682907	0.280567348596536	0.718259984175028
1105	0.974123720151872	0.180343561255358	0.378656853529028	0.384441320105452
100021502	0.0579705995619508	0.265407215161964	0.281197603133363	0.707442195790698
2051	0.920457851837643	0.517051549957551	0.293236948375353	0.558920420573153
100001256	0.159540102904461	0.512669495217948	0.321464956279969	0.809813178071693
100005466	0.0666062509011792	0.0907683668055886	0.327954285474388	0.476573738656805
100002199	0.126297680364122	0.691692647660276	0.300755372704987	0.698857337740332
338	0.0160313839997051	0.0476723282771961	0.463748191160414	0.44432825032395
100004243	0.425588310892228	0.570711670198723	0.270326489930049	0.690553156075185
799	0.471459699801497	0.924276062427362	0.29470274084173	0.675811543933754
100008928	0.571750328764515	0.104089363599795	0.291113194309158	0.668351911383806
815	0.100687445999992	0.294751042189272	0.288516688871462	0.747762452614698
100001456	0.00613905185272772	0.0791737533540177	0.276698119628136	0.600036508843761
1242	0.0830425388894357	0.082239072863906	0.346978622336083	0.47978546873634
100001416	0.284798441430197	0.107961868058034	0.200055204667712	0.426352178175893
100001462	0.360028667567958	0.34201117978842	0.344399573463408	0.638031620672478
1087	0.189715081792006	0.0394522756275425	0.302434035630614	0.641255206570065
100020421	0.0747281246865863	0.0990914140792467	0.325597036758396	0.434406605549334
100000010	0.0046169949767592	0.0457142524372948	0.299568767010753	0.732345145080314
821	0.511249976484569	0.384607833468381	0.323301148624532	0.533532284154581
100006627	0.26119402926754	0.146998531198668	0.403063147214126	0.578169064499266
100001277	0.379053179772328	0.171937973363181	0.338309464589179	0.635753736827508
100021141	0.0444343232637537	0.192636268338103	0.323495534802103	0.774926556684539
100021105	0.189133103028661	0.287151177384613	0.305725370024097	0.498332390492313
100001950	0.000375131530373478	0.0070219448267667	0.370496349715681	0.845548306941278
100020217	0.827707906241356	0.271616468739564	0.20416064612501	0.503257195308551
100006651	0.0293721663849548	0.17548673722761	0.326367263180266	0.448317887059232
881	0.903193062409419	0.406303000981514	0.274667796978358	0.691866562601715
100001509	0.60187006294937	0.128547114915676	0.258868583217868	0.595338521089938
100021709	0.583298640386428	0.820433890126611	0.28245033495712	0.683843471920039
100001635	0.281249232229606	0.0355955893457292	0.32029653868124	0.626209734173705
100002613	0.460546266770118	0.123925505544668	0.268684893485718	0.762286802195225
100009329	0.59396497950363	0.716067891537877	0.26416054240577	0.798654175929973
100021123	0.84937370230725	0.63975412103938	0.30063322443821	0.601846898164797
100015760	0.272994701938338	0.179711852341669	0.239163290287457	0.710714488361329
100020205	0.377562169150011	0.421562604349028	0.339292986175418	0.507815243089696
100000765	0.589656174839406	0.639206978842612	0.285556874744615	0.646676183515522
100004111	0.350994374446601	0.169790098712191	0.315672321788334	0.647884597166094
100001615	0.1921877517699	0.828186184414848	0.288475313617627	0.675890994769414
100009227	0.199870981378956	0.117091741792056	0.406297874897868	0.818075268150631
100006191	0.361668079977979	0.568695777069407	0.318526682850776	0.626210207449543
100004542	0.441340146985543	0.361673442791598	0.306285582242481	0.724982942921557
100003686	0.320825573913983	0.138191453823469	0.401537828922602	0.615509077705027
100009232	0.031862687428704	0.24813689681104	0.286681901339563	0.588534671441873
100001501	0.04458589399906	0.0866614635489896	0.379853027691843	0.718588714879945
100002367	0.507527417167538	0.243982384494413	0.271156037578798	0.526726749378309
100001108	0.318900869492613	0.704953722031004	0.285514940030237	0.666708396657044
100004227	0.748943018205061	0.983382884670893	0.288678390513671	0.677169548566809
100001310	0.198768086703847	0.290389500415917	0.270475316710895	0.790174741379522
100001994	0.86714523848889	0.874673052966132	0.299261777762289	0.755806044563374
100015839	0.0127465888184242	0.0111517756219177	0.379823608743287	0.765794472918127
100003271	0.00449169371213619	0.0588633174683941	0.384943143030072	0.46392045269616
100020496	0.868348500255415	0.955462111520202	0.289982999332213	0.682825850217047
302	0.670936627235934	0.384447753873204	0.251561586915989	0.641879619621542
811	0.740854002153434	0.682212965753123	0.280588813691804	0.721280700778752
100001267	0.970842289369079	0.756170881038702	0.271561530462422	0.673707031785766
100001197	0.0275439557988157	0.350676171096384	0.325579394563105	0.68704475708203
432	0.184583259300802	0.352925618343261	0.315567107905431	0.650429062483846
444	0.0113794096701119	0.0514141447034673	0.314123532469692	0.810819965737163
100015968	0.322482216726692	0.367315641620707	0.28690894330332	0.604410562664869
828	0.857489436955351	0.939614303972306	0.287235992170584	0.680089239066126
100004054	0.253420051777342	0.809577157112976	0.290994241917022	0.683996353000813
100004635	0.0874693478074283	0.145996883185309	0.66078260133666	0.417734666752188
100000491	0.429427734436386	0.578177045942731	0.282814400216715	0.585616677568729
100000939	0.0436112556093717	0.0335862621275397	0.30831363884817	0.572371858316123
241	0.231225392418084	0.655391925003566	0.30550105817045	0.695202229411581
136	0.358198883462243	0.0673977547205201	0.252764313504096	0.863419072978209
100000792	0.583697922979709	0.956030360040052	0.292469220496959	0.731739528723224
100020973	0.583800635923977	0.634257684546757	0.306044456306542	0.652904486074012
100000936	0.752059538168999	0.888440096431656	0.287833158786026	0.679414215777768
100001313	0.00892615285049434	0.16155266529938	0.299201652323923	0.727579615035681
100001951	0.0489791857349444	0.0917570080357768	0.32499136546728	0.668420795313717
100006098	0.0196872615967227	0.0908456367162374	0.319536903499965	0.790845026762498
100000007	0.256315755752096	0.516797317566345	0.292798967465258	0.682076706709196
100006641	0.896558121339385	0.856430091677551	0.311953368336799	0.678530820707385
913	0.0115618923143058	0.0607768439785122	0.35639156005823	0.542891221826059
100001579	0.820166689437838	0.445553297435896	0.317405297779503	0.678064112116628
100002911	0.156276414886958	0.013927977736894	0.372763591038428	0.636235904901656
100001293	0.283501099877379	0.380940838028537	0.251944502786051	0.813916816019116
100002241	0.201676665228764	0.519580611887733	0.305686195387551	0.646624866771233
100003179	0.36922907980911	0.0803444326660771	0.280716059305341	0.53164297005874
100021372	0.318928985653901	0.221448157156153	0.215783605801512	0.683272466387583
100001956	0.319312659681379	0.529988772863704	0.292567520807278	0.595104640275788
100021162	0.200598238758374	0.149664662282883	0.273268557797813	0.497186537314295
100002259	0.361863419661425	0.642354922273336	0.268758218227279	0.67091022095627
252	0.394207174842407	0.560887032830922	0.338603204070889	0.617255892546794
100000707	0.436465599972343	0.332825913014407	0.286196107319741	0.685604233472135
1489	0.681956213682622	0.0204463593058919	0.214178984406565	0.652811094352555
100020361	0.0298165396378245	0.0750540668513838	0.31332665997201	0.979470716967729
55	0.742299333089674	0.901200398783652	0.286205320230072	0.687412656871458
100000863	0.266092330659774	0.258897990115957	0.250835946413725	0.713381466266304
100015840	0.168247173655633	0.08239267604067	0.389512219368793	0.63402453755319
100001541	0.148207131115232	0.0800923920874979	0.199455105451992	0.669367322883417
100006082	0.153655360862152	0.0560842859884709	0.377046439053769	0.671711131197042
1254	0.707566534898821	0.881970797590911	0.288695370852386	0.700911607373678
100001624	0.525464188212364	0.367291538971325	0.270751550402489	0.65393584856896
100015850	0.907344169906723	0.543802672854383	0.361239263149899	0.637168699565143
100001104	0.00362335836128611	0.0140259228430077	0.311876666580801	0.958132141523784
100000900	0.123869313661425	0.425734590666582	0.299652654941636	0.682525159394731
100000269	0.244654012926477	0.0956268873162641	0.179865247957074	0.632355430140067
1022	0.248101087288847	0.938413303119627	0.290222599636028	0.673870896097292
100005373	0.221178019193408	0.0861855980434011	0.257669001141392	0.708888532446842
100001129	0.133737548813681	0.709151905617113	0.279247988468483	0.706964379581498
935	0.0118634750449965	0.111972814947531	0.377523179155652	0.534807623735921
100001262	0.179388773582769	0.222654634143972	0.29752264650366	0.702022565520291
100019978	0.314611913874054	0.625154654067995	0.282863175328256	0.664049618284096
100002293	0.719163060998127	0.772907813737253	0.292858128480425	0.679029372295541
100001426	0.197295375245831	0.278346333419487	0.293312910589696	0.52095110346593
234	0.0330975285360442	0.129571149132657	0.283296861074145	0.650473833421865
100005403	0.241995361747988	0.957796424738897	0.300662015928369	0.674738181767973
100001083	0.0466723770027453	0.339607962500834	0.311222995938672	0.698425030780825
439	0.748370361295917	0.355195724001594	0.308035588098231	0.672701381612742
100001086	0.358905859653193	0.421628633281722	0.301716849607924	0.756032795255115
100005864	0.747459499348259	0.459382928998773	0.265205450426697	0.743439864692727
491	0.516141903725089	0.9196451054961	0.287595501290261	0.678829666801007
100002029	0.437067928627617	0.399763586446339	0.278652772595436	0.536951246080222
100002154	0.776250756440283	0.458284710801223	0.256034019153021	0.655389640093142
891	0.536839597963659	0.225259550464249	0.320309472136786	0.646527281568442
100020261	0.438594729518613	0.517170458974299	0.335604558232163	0.653651001205187
100001296	0.490451849650979	0.477651456380279	0.293279412700595	0.571357362765818
2050	0.461574855317779	0.555429403735564	0.308519929696214	0.626166449431575
100002761	0.342454708061587	0.701546174987981	0.258019368137173	0.802971176809053
100006614	0.853888305347203	0.652938006221462	0.266205848629398	0.743470692566478
100001597	0.91980551391526	0.155783990081329	0.193808731926889	0.493996731727836
100020853	0.81007549408117	0.8831233123727	0.29164204190071	0.685854036855057
100001446	0.296344296634811	0.443864863015418	0.2594676028744	0.670052911404346
100003240	0.290334046018238	0.123273764360484	0.335023303386482	0.59516622927312
100001502	0.02890619102257	0.209112631629763	0.346117271644652	0.769258631164736
100020866	0.0995454072475503	0.0108465824940259	0.175652453063586	0.488051928872247
100020419	0.0321129386971968	0.0759014721475364	0.308143053809866	0.404953832465162
35	0.486482750345449	0.243567967561946	0.260048408217569	0.618146337557476
100003696	0.0154572892818724	0.0564175307944794	0.411031127094353	0.614038406036861
100016038	0.794644488686545	0.965133767460224	0.287706232211032	0.67623020269106
100009333	0.224148712490857	0.190675804497634	0.286467460448864	0.703999762524234
100001611	0.128266644347785	0.27510072818668	0.394300004364132	0.652981870060168
100005383	0.680713257208016	0.296734136443233	0.295930123732685	0.719753740921101
100009239	0.294332619241351	0.126348765766497	0.364984555743699	0.49666873411378
100009332	0.352237150944405	0.27168451057074	0.288345694183025	0.643262846434795
100001731	0.162242552398093	0.65075733736657	0.295528835962434	0.653563848108046
100003415	0.32563211834262	0.435544959764196	0.284496087725661	0.695162776089213
100020578	0.141794693312043	0.198815300430761	0.270696189485866	0.572778358181595
893	0.874642949926428	0.501031775705256	0.286900545495143	0.691125467101641
100000963	0.28822203192798	0.201325781062384	0.381391002254807	0.480068071849476
273	0.16253858039082	0.341423274541305	0.330820222463514	0.673366522887913
197	0.46037388715813	0.42201307662144	0.281259676355528	0.559898712046334
100000808	0.176119862010683	0.097363797347894	0.276237270520415	0.927918396546717
100002284	0.815808098689116	0.348539825159026	0.186721784670211	0.617545329736698
888	0.929877491038635	0.0957327599672589	0.316757063344504	0.661659979434791
100006435	0.560187153167852	0.381384176583289	0.229179468442145	0.955635575736857
100006374	0.210075680088938	0.553124316247445	0.296313309155072	0.667258870322333
100003169	0.539778992575299	0.956792531296858	0.28699689061039	0.675209996514238
1004	0.618321659223955	0.822874042531578	0.278065617519276	0.661712413493284
100005998	0.10516161943369	0.912812245683987	0.303569470858912	0.683808014980872
100000773	0.706841924895292	0.561270940528055	0.291713746153845	0.661183997961238
100010850	0.0173069038328904	0.126580167128536	0.338980344469643	0.557957037702888
397	0.842686912174773	0.403616568778664	0.22182837367619	0.73753264666428
100000039	0.0784320050293479	0.23546837684559	0.2353027063559	0.73042047187989
100020833	0.768792075188002	0.764445233465073	0.297638580987186	0.719811173923318
1021	0.421121690134213	0.315833112510022	0.266535519378312	0.716507358026078
100020479	0.387078616244404	0.634195220164433	0.292010140226093	0.687234841261505
100001335	0.540425777878168	0.340700874356552	0.325154857070657	0.647543158063057
100000743	0.60914885676288	0.99720758452798	0.288112070919261	0.689090527210872
100009246	0.175299370487862	0.64657009488533	0.2787232278399	0.708848511712255
878	0.185148855348918	0.772776073378448	0.278750399158834	0.690096843627855
100021103	0.698888764355937	0.899007602503397	0.305613242116074	0.739027216067333
100021363	0.241354778271531	0.574580524913838	0.269584163864066	0.717819293954641
266	0.137343652779588	0.224560005196524	0.291024713439949	0.60466354913771
100001195	0.355134999168523	0.24308235716469	0.360894333813665	0.60662284142815
100019801	0.8323315776238	0.725511108296465	0.298913206297324	0.66528739528897
100002196	0.0427871467029683	0.272867797401142	0.299326749428662	0.686229770159602
100006370	0.25566284678955	0.960756217410683	0.287216169047848	0.679714889137974
100001510	0.00541096992981674	0.000203155379449486	0.256809227242919	0.833172100255329
100000437	0.488686744824831	0.416924336741027	0.27723982902679	0.754331723115789
100001767	0.128929872756647	0.0313736345925127	0.363320944643333	0.746031687716765
100001810	0.43601357414424	0.477817028404846	0.299125603984416	0.845363147677228
209	0.0377289711667495	0.367332508570165	0.328039990497866	0.663482855890616
100001485	0.245329718691362	0.0970536103547933	0.176592482705736	0.609166973551976
100002500	0.119867828367069	0.447201131141653	0.293921226734665	0.648848444009565
171	0.0334973572351711	0.0257228814672141	0.211331992784067	0.676528240504326
100020487	0.940910237835056	0.797523202741003	0.315882671519815	0.63235677347996
1206	0.00707300578610861	0.117942522990264	0.293283520785131	0.730056948601818
344	0.0131478916044446	0.0269678566527748	0.574476028756008	0.770386952634852
100001405	0.495475277811389	0.91915477490907	0.293689713584273	0.670632709421267
1239	0.983676763911619	0.521446890017237	0.321459569287109	0.681089207476897
391	0.0625893804826365	0.169855272597662	0.251770489354631	0.90633624815023
100006430	0.416610719309383	0.16601698736227	0.368403511990452	0.410113289073113
100001417	0.96488645472639	0.454858989936568	0.274931235184774	0.80090434957727
100002951	0.0585728822517103	0.479104811083156	0.284666306213663	0.599702033359611
100000014	0.436390683727331	0.57718412940575	0.281121287951861	0.717869687787148
100003926	0.588318531974203	0.504328731813253	0.310711174987531	0.66013554651625
100021538	0.495768576516969	0.360295959069914	0.339069805060238	0.590865227620627
132	0.304126786290869	0.907008557732158	0.290629197731215	0.677225711178214
100001425	0.548718896702593	0.513147260665727	0.364233175938754	0.61226531532425
100020262	0.638641023611503	0.675992365985888	0.307970636178629	0.665529706612755
100002679	0.354673327765814	0.666676225889879	0.272191063760041	0.752814431099249
100001270	0.711711413522094	0.58500313281177	0.294712139327877	0.656444576218319
1102	0.890090587041236	0.979530691611057	0.2902877902152	0.677353579115274
331	0.256422071888293	0.212878310476013	0.241177349960015	0.573099097826787
100006361	0.518280191060122	0.623335549404119	0.267491630510301	0.748918367901495
180	0.763365433987477	0.96113762192471	0.295349358946384	0.676269611500725
1053	0.3232890051592	0.4635398667154	0.427544630495378	0.742306848954996
100001359	0.642461731660586	0.95451031557742	0.298308920494238	0.675759784254562
