chemID	simpleLRM_Fstatistics	multiLRM(chem_sig)	multiLRM(sex_sig)	multiLRM(age_sig)
100021136	0.0218241972074397	0.183936451799746	0.357807225721769	0.969751581985974
100000882	0.741932529230677	0.764202017844496	0.322892520143541	0.888756804765514
409	0.150610335925781	0.269865973670054	0.350835551842664	0.665587282513553
100002254	0.51115822257756	0.0408225934351826	0.211437183786505	0.882493931625229
361	0.641767924428072	0.955685914710936	0.315211281219358	0.906782473887179
100019975	0.570887714032401	0.729617721731646	0.315241175660008	0.928570123011532
100000257	0.000301395307453907	0.0082987214460018	0.319581868823535	0.837441515820707
100001232	0.605026121124397	0.799663592750411	0.300634940448476	0.932028946340489
100001948	0.148034753288472	0.231326007104248	0.347906348457642	0.701002276577161
100001073	0.588790287976361	0.703384074675216	0.383310149397255	0.827855054440828
100015637	0.982963293111445	0.448837276104425	0.336172370464712	0.905461724783744
100006360	0.75940096816749	0.742675699117051	0.301149960511747	0.964144217029799
1488	0.804841218598269	0.775164995324037	0.315968813236561	0.893491799956031
100002253	0.9568565240826	0.928333566800826	0.319899484053774	0.902391375551548
1023	0.973371034935288	0.737229034228055	0.311259153955134	0.892770310559328
100004284	0.598413750421144	0.891364743844268	0.311173539536288	0.915048410482642
100001251	0.605318157983938	0.925481584579595	0.311988355424108	0.908112429718434
362	0.0772494687864068	0.0458740212368965	0.225434568043675	0.959253508330527
100006620	0.833725948145365	0.853492813005736	0.315171424106454	0.916527229276623
111	0.312555963117362	0.164865885857038	0.265014225993098	0.878336714599635
100009045	0.583815727451054	0.258475348936145	0.258577338058675	0.915975174310576
100002927	0.929691097305515	0.943341278363254	0.312678247160115	0.918692581800916
100015641	0.357679088176168	0.594164404010776	0.283482887948423	0.955218777103359
1114	0.182795957937405	0.968949052544119	0.313026401500833	0.912836257450529
100020409	0.1717478051532	0.246425105024565	0.316035574674845	0.726117063410269
158	0.0955976029759076	0.198135761218591	0.411278170480095	0.952717522606161
1224	0.0947968453974212	0.244550567344541	0.251355836538408	0.94640481817419
100001620	0.0976156440675106	0.144763471300918	0.244429595765912	0.939624787971689
100020893	0.169497982788554	0.0492593809474262	0.289114597249284	0.569028841281387
100002458	0.960421630740319	0.464696379395591	0.370248061586923	0.833863313239882
100001112	0.624766178887771	0.834829642237345	0.316586931060518	0.93241067635015
100002953	0.385767190393568	0.761675466631036	0.310270627153828	0.928051798674825
1141	0.419082849545315	0.0634859674465237	0.40328763658766	0.698701543339843
100015834	0.579059463462097	0.974675219327789	0.314491145648446	0.908797576221533
100004561	0.918919247222012	0.904990427635638	0.313233154394665	0.914552600572721
100020497	0.842126905100441	0.565643862039427	0.283978284661658	0.962914258550954
498	0.175945832336754	0.520774519504145	0.31157835352186	0.956429840988129
100006051	0.941976719197405	0.979994355527046	0.314915018567974	0.910069136944313
1668	0.540194289110748	0.682912738349535	0.310876027529383	0.86271362402294
100004523	0.156027279644016	0.561752085034779	0.341234729781404	0.847304820974688
100001604	0.321054785855606	0.567402616344404	0.310071641485239	0.955166725919958
100001002	0.280731426042561	0.620341859202261	0.325534555513532	0.896944441022266
100001987	0.0459730807439479	0.199492574398296	0.953318312424634	0.730902958697543
100002462	0.232698562074008	0.170248630072387	0.409062082229252	0.724815178764799
466	0.499854214356118	0.0691297263347364	0.345265619148215	0.884239233746483
100000665	0.922813663723757	0.415827807676166	0.355415602239965	0.845666384550187
445	0.931035999646109	0.492862382010983	0.343831818588157	0.956717454852958
2029	0.201520605754305	0.526416572316555	0.332711424607715	0.91412500415216
100006438	0.195836810286735	0.290781490120259	0.361974432947306	0.922374651462285
100001398	0.117330951177287	0.476317445516622	0.285922583539128	0.945303662052503
235	0.334532221544097	0.372187871895636	0.271689945446735	0.959643393210644
100000997	0.674974467847109	0.710212897266691	0.316648855571785	0.886665503777237
100002094	0.094559132725374	0.139171485335501	0.254402224835994	0.730809048622676
1052	0.981610316980853	0.843664832412076	0.344152111594674	0.880850858444395
100020823	0.403021765133506	0.561218534504928	0.343143863258392	0.948013322355044
100001806	0.306899376347878	0.605075793342969	0.3688154614319	0.922396403008243
100006092	0.872591564646166	0.937612277645687	0.317171509137065	0.904748065164382
100001415	0.168416197785375	0.115468758477863	0.314807271791123	0.599682563681602
100000008	0.0207353072097763	0.0501734734530041	0.353751289050556	0.709016389378219
565	0.0142237732284447	0.0612322720426844	0.312300971774936	0.986135155138548
100015851	0.11446992133304	0.150161651610646	0.414847111739437	0.921059780218507
100001866	0.275701033611393	0.667256237027136	0.352833133904084	0.851707347867752
100020546	0.00267356302444097	0.0236999550110735	0.573281953419572	0.871583876785556
100016110	0.616290923630482	0.426681893929123	0.258266396211983	0.987516591276301
100001254	0.00773376587701437	0.0185877431019768	0.400384297385723	0.887161856526048
100006260	0.280491349799281	0.656896973985926	0.322970976138253	0.907063081188414
826	0.574497341925065	0.797394326075742	0.315961038610499	0.90374193404863
100001872	0.567316943303297	0.587644492470264	0.310792565536162	0.921867782949603
100000263	0.561314503841818	0.543642717553146	0.365149061437196	0.899443524169166
100021198	0.498258062543615	0.042306445966494	0.205941490732956	0.532719900222405
100015967	0.0183960078083658	0.0617861870756906	0.396139954466247	0.696216170324567
278	0.61889704939194	0.553769005995553	0.302242236156773	0.932760916013341
519	0.840017056087817	0.400075557246415	0.368030053000608	0.843358361272065
100009337	0.17878936686808	0.379683121411119	0.411850767549683	0.89441368853353
100002185	0.188920262256642	0.848802927666213	0.331838386884826	0.933454130268349
100001278	0.500931265642542	0.328666909604002	0.37855200639785	0.859209113907396
100002103	0.55961968485319	0.341443703889616	0.316818559995234	0.809951701238864
980	0.81328503207753	0.482752561766862	0.345636482076594	0.889864796643616
100000016	0.711159768817179	0.405712541456032	0.310232097733912	0.882051272833638
100020372	0.204541112212077	0.52349359245639	0.311943395929005	0.843871570159721
100001662	0.965658832180348	0.289402350982716	0.173805992775	0.903458008064889
100019972	0.998735466887837	0.683286520844382	0.323134752015794	0.896965770309363
254	0.668811207417675	0.643140004935086	0.311052411010341	0.917740587602822
100002009	0.608415082948712	0.72175373515446	0.311426898257592	0.823375344469292
100010895	0.923672918631362	0.888385610578967	0.329506884192365	0.903057961991048
1140	0.314003480528847	0.476347280819824	0.308231908059401	0.837011285823755
100008951	0.157776788108114	0.268098566539852	0.35622174469207	0.848963297097558
1084	0.46768942108147	0.818027293264931	0.313812479141627	0.949984976960198
100002796	0.11872400111673	0.392957536378814	0.280047080143252	0.846972034856388
358	0.255037063174031	0.52377381764804	0.339828827443795	0.958975204024759
100002070	0.794002456618564	0.731512872542106	0.306160313582521	0.943498235433478
1628	0.290898659110659	0.121900470857573	0.385349764948134	0.894683047698272
823	0.573196504769161	0.487569027360075	0.270410574345269	0.98394566025981
100004414	0.393852060677813	0.0796241270025159	0.414552066158157	0.932201756042772
100006129	0.724596341100312	0.698250203559086	0.297065616984776	0.924526880126309
100002028	0.760937703280898	0.606516550010794	0.395569474390811	0.742656005338294
100021707	0.210712813103876	0.371107573002534	0.257274861019264	0.978632801389579
100000054	0.303899233279435	0.338051293720451	0.302866676470772	0.955844723833966
100010869	0.227326535267071	0.146431628333581	0.328031471092637	0.740612131513085
100004575	0.037494607290134	0.0951975742458067	0.398799834725606	0.746324434514776
100001212	0.836309823153543	0.639602981998383	0.318357079101319	0.830454924247843
818	0.284563108779254	0.632407018223257	0.352238732354159	0.864030224506261
100001092	0.00380174080992492	0.0297380009182385	0.308306991118311	0.887714454766399
100020371	0.780800469870408	0.946525211401074	0.312770407135685	0.911438238151045
100004112	0.301933131387403	0.577685703735981	0.330737831792966	0.915989383809827
1125	0.334291576928714	0.287165230713881	0.354791360644588	0.961007934628111
100020491	0.738178269380263	0.48022288552383	0.262629859823771	0.932160805350435
100003151	0.00317370568860649	0.0250125618314432	0.472690730624627	0.770755328624585
100000011	0.468029619506599	0.205079422580828	0.242044884863908	0.99502602919249
100003594	0.372333334936478	0.783709360643854	0.336198755879509	0.92907623986607
806	0.716054252836913	0.197650507700636	0.311421812580623	0.69384056485435
100001211	0.825701444032633	0.530970229634843	0.327022267287513	0.888293834245956
100002417	0.748477046213071	0.583318923108217	0.30369092166382	0.870001204583601
100009335	0.625186281306586	0.253093137543091	0.26166675214361	0.931096377291929
100000781	0.654346266950365	0.918904736649191	0.312154469344301	0.908080601205223
803	0.0398982464746042	0.0435783867481917	0.299783072154036	0.771777633262668
50	0.116147672616424	0.352382822419969	0.334211893571583	0.878564055556337
796	0.381524439060599	0.0472886825885517	0.349581848427614	0.890713801950229
100005834	0.84573612470955	0.749752256617905	0.351286639273739	0.905368920440935
100001580	0.903174059782479	0.519016917358102	0.340627382372783	0.912120570128165
480	0.797021947019567	0.629419144654965	0.282929202400332	0.917566137892269
100001540	0.258508426340595	0.656088856486089	0.418545699888041	0.989580231045732
339	0.409280387430731	0.105661748263657	0.283571306265639	0.804777294885844
1110	0.678720684920139	0.832613015052121	0.321004835257757	0.86698412307019
100015836	0.165772629071027	0.157109036934897	0.469899932079633	0.89473780120554
100009271	0.369474861561327	0.416302289113228	0.361903256835581	0.888085695804841
100015638	0.864704673723083	0.524097654771744	0.326741541488988	0.890809534783581
100021667	0.939967496005392	0.594050769133798	0.348258976193713	0.892141159811831
100001279	0.746846303826066	0.416847028911109	0.338268067731022	0.974107369493644
100004208	0.03343523600517	0.131863652004535	0.469012420687109	0.968534024348322
100003695	0.0949490614207206	0.0998131099312719	0.34379048622253	0.635785252114408
100000802	0.735759229093758	0.994314055925066	0.314065544150129	0.910992100184734
100002769	0.507417644074347	0.0561728687526024	0.214043566105257	0.929714182448451
100015835	0.279049349603573	0.443017953745236	0.424036662963964	0.94621680776722
229	0.779977617342431	0.370003544084414	0.355653750521796	0.905371539261561
100001266	0.0215046015034514	0.0478526243587354	0.388127692658909	0.821505624976525
1342	0.307061520962367	0.356254387444476	0.27096830880446	0.928376580709678
100002102	0.969591079018965	0.670198240289408	0.345185777257389	0.985044115389198
100020254	0.28050048163725	0.671257684223472	0.308037270055245	0.932113619517061
1231	0.485953730439275	0.252713861901917	0.373932626120557	0.857026056847758
100020492	0.808973234337923	0.788283889535486	0.303881531880864	0.90994995425912
100001402	0.240333529653072	0.414230164152053	0.3615201103773	0.925002443914092
415	0.0129031586062656	0.105336622093883	0.367956409705176	0.970258819541849
100003109	0.893350711353312	0.911409213887548	0.312605805360296	0.9299154962761
275	0.910625531288384	0.644023211894313	0.272542702646653	0.879495306770945
1143	0.255929332922605	0.099172654981359	0.287651679270247	0.997941205159617
279	0.330440420645568	0.34334667701168	0.314561802503671	0.754383066655889
100001198	0.651317471231184	0.732863479863494	0.293980639371069	0.942644423745269
1648	0.257899660936717	0.762235956306596	0.313921537469039	0.918766487776172
100001590	0.0777709876781888	0.126745377854339	0.297122017023799	0.794033995813705
100001733	0.386381102620469	0.782677293923936	0.308513797854642	0.933411776476253
100008933	0.01399454934421	0.00222240967718298	0.433208607253642	0.860958881509386
100001550	0.488518961334947	0.498153121471764	0.296289685440578	0.849694322195441
1215	0.478776971282858	0.621246970577874	0.292710388580518	0.877884270319544
100002356	0.301760378125646	0.120428689384873	0.377455154209249	0.917807135294682
100002749	0.84338411858525	0.830448713452836	0.316602475687248	0.916011699938474
100006379	0.318703427406174	0.314068948388571	0.349596584425565	0.678648870830895
100015966	0.0443104543346936	0.111109615594707	0.345551556390787	0.69337834023811
100001392	0.513940910220983	0.910752145401177	0.312248198887699	0.912974488720351
100020425	0.0755416533626249	0.0367099398890848	0.259888724885365	0.606944563116343
100004299	0.456372423800032	0.839974596143422	0.330070019004972	0.948027279657558
100001734	0.27908091682592	0.362347423828794	0.338529297845802	0.816701769285767
1002	0.829298117542306	0.701542792972746	0.31720066173255	0.91148000888145
100001337	0.332403099822832	0.790856673354244	0.298413737430776	0.91301699597997
100001452	0.984196245104039	0.707668757569946	0.311754864063306	0.868753151057063
314	0.50531333753521	0.374523566904906	0.327176264856769	0.931468911165135
100009264	0.958930310137266	0.562321044096754	0.254814255520893	0.973500103023703
100004634	0.474551934655617	0.521412728934596	0.284547669585466	0.926943350956365
100000711	0.975851480771816	0.841004123962815	0.333068538715021	0.923744994209028
100020536	0.0360136266419388	0.106138811664562	0.382391403818751	0.981675944221875
100004318	0.474740480392262	0.690168719984551	0.319974208241178	0.905123653799214
100005850	0.595452246952321	0.35888577887051	0.419752205103848	0.838107308306953
100006619	0.274012557299614	0.12465886513046	0.360543074829548	0.893010937028986
356	0.731934965499112	0.75397715097909	0.305633616756421	0.921471954092433
1221	0.220866901039814	0.290419649465117	0.484038808793056	0.991068951960274
100001397	0.562003461458767	0.630669403526223	0.313177490189979	0.89946885331867
100019981	0.803399169568517	0.960604096643341	0.316166479946832	0.917064616126201
100001208	0.702966771697721	0.380619455636629	0.283435449920024	0.874345119221752
503	0.00934744493093175	0.00999882379298724	0.191492083244907	0.722618139589522
100006375	0.240477920756833	0.692828382577595	0.336327714430684	0.890704697953573
100001295	0.606146107447718	0.52884505846661	0.304545553252145	0.969403458336326
100020427	0.0231384428523943	0.0173688844295494	0.303880817071435	0.529918209420964
100002784	0.318990466494372	0.256906162905945	0.255170967466005	0.987734710346194
917	0.0811476115339991	0.231624445313105	0.34284200239695	0.855745656801835
1869	0.283024067265563	0.189275069113224	0.339446278434799	0.773793079340228
240	0.38060419541062	0.154333290361255	0.208226750002937	0.6852966299606
798	0.0541632346204103	0.224802947113355	0.419550412763699	0.837131864610173
100002952	0.30223974407099	0.507027767990072	0.313529328024188	0.994833206476762
98	0.521151779326313	0.773790725868413	0.337860718447537	0.921537064812293
100008998	0.37755452959054	0.369808912063503	0.254496032476249	0.974099965900764
477	0.955692885039624	0.268129764632488	0.321630493494565	0.906986197620655
100020545	0.0976849482236848	0.14735123761139	0.360856019356341	0.91729309159559
100021666	0.955833686727119	0.269880627091048	0.355448883681386	0.897961601284694
1256	0.588194320976088	0.722218155502393	0.36203612496462	0.946177939644907
533	0.285926086033793	0.0665851012583356	0.21719385299771	0.586506388728682
100001757	0.531751038880263	0.958320400797448	0.319683689227777	0.907952195427996
1024	0.508466770846082	0.133133690105822	0.222739288523136	0.695244981161037
267	0.513963656863041	0.991023352388826	0.31540157848389	0.910382698793581
100002113	0.123230399608109	0.105755996602527	0.304874456478318	0.931405989406721
100001756	0.996171963721751	0.798254252373268	0.323990517988553	0.926651043058811
100001193	0.38082522648511	0.18250483542125	0.392199698701942	0.851161141414042
100001668	0.754090593242801	0.992437527799379	0.315517581406392	0.911082617148599
1124	0.357343389391634	0.295021987769373	0.276967930173568	0.984792893087816
100021331	0.955289679558943	0.96575759535163	0.315516466735367	0.910614430862657
1090	0.153755314770203	0.0745494313144633	0.299705676279482	0.96578869995465
566	0.902521025476534	0.243005886497055	0.218390128878435	0.920409662524993
100003119	0.782781712836071	0.436169886129849	0.339866142126639	0.851323125180341
100006367	0.63115974856897	0.527172826575635	0.326832265155163	0.888393457958071
100004322	0.296402163137899	0.277178545476779	0.321895529543273	0.997708936781177
100001034	0.605917803147085	0.91522622253668	0.312846635052831	0.905562535161075
112	0.710485650168274	0.850165600515025	0.31793329436846	0.871019736173935
507	0.469331069614845	0.735176772697925	0.314146890500739	0.906708083012909
100009233	0.396935163572744	0.238593178037463	0.291701060170824	0.926121576129461
100000406	0.0195460382398752	0.137817869942179	0.495266916331705	0.683379837144738
100004046	0.489667513858563	0.429559933043955	0.209567709084347	0.839205115705836
1025	0.667765456817347	0.635542845602242	0.30010300656251	0.938060639511885
100001106	0.118636833820078	0.136663175193959	0.255242008408979	0.958165655212387
1128	0.0437911181777075	0.551208854424156	0.351024491325278	0.96826027768693
561	0.128434519554037	0.310585367292672	0.240369227732328	0.831507666226645
100001614	0.805679979545089	0.380533447547351	0.329997367075211	0.884746894789469
100000961	0.973477555434622	0.863506326493906	0.312231081379076	0.940737942379438
100002397	0.678558206999104	0.543601038655012	0.314260886096196	0.81935324976729
100009407	0.734008323365452	0.860146054001817	0.328089910660856	0.897702500849308
100002910	0.895640466451755	0.55083820942525	0.283887118864284	0.823116156103529
100005946	0.533502121826617	0.507262031841156	0.347148855589596	0.97945490726466
100019794	0.139578347511179	0.307480255062673	0.316272737618399	0.934531943672935
100015759	0.380934355164537	0.129397566678707	0.269724597309776	0.91299022865663
100020417	0.691687664814524	0.617667626406009	0.300152420338723	0.882321622669414
100001054	0.828192115580226	0.913841818532814	0.319679483681161	0.91203385229079
100001437	0.0771859875694303	0.12748369133611	0.234394292594838	0.795152191864281
504	0.106368691296151	0.501901018316185	0.414334541344767	0.940416843450694
100001988	0.494204542263757	0.59031510149237	0.306904199117281	0.911997526088613
1082	0.0308494061661849	0.519166359341555	0.358866646229043	0.953881434475819
100001403	0.223668256935316	0.269014584985878	0.354693664663715	0.892767625117878
100001664	0.817203231085379	0.442136577094197	0.294335915405457	0.870286056650874
461	0.149698045588383	0.153839969870232	0.531196839328444	0.889349828990003
100000463	0.803254136261644	0.909910532638306	0.313032197454091	0.908891082156539
100020208	0.237159639424418	0.309939528364344	0.379871658891409	0.7064936762221
381	0.35712299381306	0.0552668752369919	0.133833263839666	0.704706679771922
100010901	0.151735065985596	0.100643831443946	0.314104238501194	0.981935934547589
100001468	0.51189167264113	0.882465595465719	0.322191256848596	0.887425436778804
100000840	0.722224761570562	0.941650123757902	0.345851334674534	0.905223746707555
100020014	0.178591588126989	0.495106726298621	0.306991280287076	0.936145842678537
100001993	0.969990010904557	0.766847101643612	0.297626336297183	0.995794817539486
100001051	0.0241352834678007	0.00958149948518772	0.355359236331738	0.499368009962915
100006116	0.409394099744499	0.519572220237987	0.319679302670642	0.913435333671339
1108	0.379237915329724	0.551930149167324	0.297357099943543	0.980468650539944
100019966	0.657413621802154	0.208151664592425	0.365911598658296	0.87212003338108
100001743	0.410882827153627	0.323510768256755	0.303375341259713	0.895057114592816
100001294	0.312610370246083	0.3336756996023	0.24760412272273	0.945677556710965
100001609	0.21546410934487	0.0893122428792149	0.296750723229127	0.982200114994912
418	0.495470607936878	0.807241985531109	0.323458650116602	0.887105243302492
100001178	0.488176999367241	0.889658340102274	0.311738496268506	0.893020285175047
189	0.644958870377563	0.511639334942428	0.26872687871154	0.85478134779153
563	0.329023137007478	0.976254255770245	0.314915708053315	0.913387331322136
424	0.778872012828789	0.538259423470519	0.343890479923363	0.892178795681658
100000776	0.0282622929665901	0.13921539358961	0.386625259726267	0.935732022311194
1001	0.889332420223165	0.553097381963596	0.320416810741821	0.911756381323383
1135	0.200808247676998	0.0700198681675003	0.302417308537419	0.989100476648671
100021093	0.162450658317041	0.307779577574488	0.389598558610394	0.96131927607479
100020219	0.208432704891288	0.337571440662069	0.324330950385493	0.805319930337261
194	0.63769138995925	0.773437053618097	0.325689845363769	0.862040994530412
100008930	0.967013624504766	0.768227062341162	0.331218598403727	0.896113689657406
340	0.689229719528463	0.277577131611355	0.206017588427048	0.985178653320234
100010896	0.912824713378601	0.774632353134441	0.299953796847694	0.918106822628967
100000787	0.0899073800360686	0.0730153826726117	0.306746242103914	0.537314136684313
100000639	0.850489369876213	0.806718464007162	0.324298030750258	0.922489292983053
100001851	0.779803455577466	0.25251190396922	0.344753900042723	0.644427965181691
179	0.71765357097223	0.569090640278378	0.307794732130562	0.930276140478344
100000626	0.285367331284187	0.429119672415188	0.286664916930093	0.93384187923974
100001605	0.023450850556231	0.107062968483682	0.399042659043985	0.999717030282396
330	0.186158982417867	0.37823728537003	0.351641627189794	0.741426514388198
100001162	0.823949459817723	0.416456855450688	0.263677832860025	0.859444372028048
100001167	0.168445286497051	0.448757707064548	0.310851284634258	0.888699760309842
100002067	0.705434645170557	0.967027949167228	0.354446932227285	0.904909585673679
100019968	0.309100446260398	0.239298042292286	0.361192092339699	0.824722128624793
100002014	0.882478009213208	0.847796772671218	0.313801189268498	0.975539309607539
100004083	0.596404253235708	0.207368249301297	0.345386968940045	0.767027734781782
100001315	0.358796730633619	0.406639774741173	0.330749570088713	0.979496462370085
535	0.129663470250143	0.424168188142208	0.350583348088559	0.904416920168058
93	0.150493051253535	0.146779345928407	0.370268351597087	0.682299876412057
100001989	0.100774752434851	0.190506227095589	0.440506467108864	0.842936873309277
100001740	0.87785236991689	0.469366619654633	0.289998261831506	0.927668390137637
482	0.561971920037263	0.767274088072157	0.311568158954839	0.953301479793024
1629	0.209755129864448	0.353201078012162	0.385258035820133	0.882995504515917
100001399	0.296622710494161	0.289399367372535	0.335671691797498	0.919637605224619
376	0.850891664068926	0.180010860772333	0.197796169632076	0.980983821716484
342	0.445422396209916	0.769488818438488	0.3137021612271	0.907236248548233
100001253	0.0299814003505779	0.149460307632498	0.263770605927659	0.846953802771175
100000708	0.749772840094977	0.859449291984445	0.328886013056434	0.91578561738404
244	0.531665796364974	0.114455747950384	0.268546638036924	0.999792709882761
100006726	0.48311995098791	0.318216037989635	0.365810566168053	0.894404392672438
100000036	0.22583225892545	0.63181142195328	0.28984559365065	0.955332744921049
100001257	0.0336494825675385	0.0857793948461383	0.430137624169839	0.81552210059241
100000445	0.38006593988778	0.897938766427054	0.323392471909097	0.896928161042765
100004088	0.0149570005781744	0.174806268017552	0.357560680811714	0.976135248614671
100001423	0.734527475229933	0.646428189274616	0.321072004265392	0.865863969088751
100001276	0.399794274001695	0.309362745507844	0.287356154980655	0.816973366436405
100001876	0.162786380637683	0.238811280360322	0.279035226218767	0.980002017021182
100009082	0.637027342350108	0.0518659201216657	0.14862081733992	0.876279222296616
100001121	0.251234424998772	0.624593282079712	0.308230772579829	0.90721086529288
117	0.332291653035898	0.606495910257926	0.294238395245803	0.935971827124171
100001868	0.0597689627892496	0.129338600633129	0.371703568314342	0.914205242684243
1134	0.263972472521885	0.139691538507473	0.173203371748308	0.886176789942123
100021012	0.383495418277071	0.546339425648027	0.32188080998777	0.933684050305051
100001181	0.649843659776665	0.255773140729616	0.393099203070827	0.830772587761571
100021467	0.431350557854766	0.221731764311676	0.320192632166652	0.793718057274967
100000447	0.160971163016825	0.197124392364319	0.368399966802303	0.873781253599736
1162	0.304680921101382	0.467469026378118	0.352042717218572	0.783601651631956
100019982	0.6676878016071	0.441723674893257	0.328426684969021	0.89430824453024
100001613	0.953162423379783	0.467969054344625	0.330513977114066	0.876737073572558
100006644	0.552869926764811	0.725451933142706	0.300363179624109	0.93008703566958
100000096	0.399043347870436	0.0222185731979214	0.201164329005655	0.876309846962464
926	0.64736954012957	0.652501703797286	0.32205032942595	0.917296071085967
100020004	0.860068280091427	0.667707465513138	0.332501911772396	0.908809399173426
363	0.103648570695606	0.0417127166377428	0.290406700118473	0.389634198935939
1111	0.585420611496403	0.986931343930064	0.32153079936325	0.915146506528194
100021712	0.872644323512131	0.745663378201354	0.313428859303257	0.891735303220671
460	0.996399761592339	0.776812198154116	0.32374428182797	0.939214458302972
100009331	0.36400112337	0.232153862132413	0.284631787137344	0.940533882873409
100000442	0.420081986980475	0.830390595876317	0.330238460628396	0.919589094972551
100002945	0.116053296884428	0.0224806119346556	0.408455667305307	0.858431525404811
192	0.483670857337736	0.790495448591097	0.357991652157088	0.865133685508463
100020241	0.729370898823725	0.82247368695845	0.318993307531359	0.915945728524839
100000580	0.0821589523975689	0.0911351699628816	0.261261600313957	0.802135416830407
100002466	0.0168392087160918	0.0444305229982999	0.267206866130746	0.63622771327927
849	0.964515500998741	0.787909427560847	0.316855114335923	0.879877649356303
501	0.406995295555599	0.353074721008922	0.352339758915936	0.861587084637108
100000282	0.485564944909209	0.120680599838265	0.405418246763397	0.787199123662287
100001577	0.037389561899655	0.174749372244543	0.434588847840716	0.982160682631639
355	0.0882470713154308	0.298948281841215	0.264485688274395	0.795731719360149
100000841	0.917644896079364	0.826267362029872	0.358623891461651	0.877248362207617
100000846	0.750939974512424	0.419360980660247	0.304879742826183	0.902090983236912
100004295	0.696530670520327	0.35274373927215	0.287624906712248	0.850203240168349
100001586	0.0334307336185919	0.0255964555040877	0.468068776289961	0.470073815254058
407	0.0175003169016256	0.0368505500373167	0.351709673398769	0.983957024554518
1137	0.618742092108857	0.558291799606615	0.294388383439858	0.982489062399993
100021374	0.0384457643459608	0.0130470207935606	0.240662891456731	0.671731517061102
100001593	0.984340036049441	0.635304719432447	0.296917646336275	0.932167118276937
100015971	0.535667590049286	0.617581846860615	0.303383003294641	0.911014026504078
100001022	0.548775952479512	0.253589007157726	0.212778588864965	0.865392904044559
1094	0.0857808164560244	0.220699793123599	0.489836539812912	0.84149003830433
100002122	0.429911626613168	0.32987320616498	0.268909329681929	0.995120135312728
100000706	0.557315261043067	0.630094066236718	0.279053551767752	0.909356588816385
100001055	0.912129527823241	0.331658848934927	0.279830080906257	0.834967999280642
1235	0.822277547386033	0.832572082393251	0.327047267418791	0.895283885253148
100020204	0.110219080170313	0.492343407725907	0.342606732693321	0.963146348444658
100015643	0.826060238919928	0.846135509523249	0.308985298628281	0.931839396298024
313	0.849751771123217	0.730658345067408	0.307914592363194	0.961078364453102
100001413	0.92033251067195	0.780781654174986	0.301515487459131	0.888293375119412
100020423	0.00757356819144748	0.00886241746219668	0.347242870943122	0.499384877013318
892	0.475590563493374	0.150198751802098	0.345259367236508	0.942624211002789
212	0.0652317500800318	0.129479085293353	0.416511312628864	0.887401536802904
100006105	0.207914638658838	0.189561331333868	0.359895189065286	0.923767300079398
437	0.92994548068816	0.540232770024557	0.289571954376191	0.932010314028855
100019892	0.558555404369967	0.733971737625238	0.312954058230185	0.942213435089349
100005716	0.2821504869887	0.179390329477132	0.33466622522602	0.972974442032509
537	0.375011262769654	0.147788019040279	0.324780990519215	0.928619320602021
100001990	0.0133456670219929	0.108746449563618	0.477227051305607	0.759241768060462
100003397	0.0245671440446161	0.00418209792552042	0.246485369678947	0.617330296307432
100001320	0.0580209816774703	0.157100700513387	0.415614728516241	0.590235024079243
100005717	0.434227281006031	0.152374030399969	0.359901746292209	0.92378442542817
100001207	0.0792279260235707	0.271500126681111	0.349364294271018	0.909610754893819
100001999	0.57421469013277	0.757522033823673	0.298649285807004	0.982414676367382
100002488	0.131945570547382	0.0147011612659704	0.376662031018866	0.849974721740097
62	0.33558600673842	0.770256590189039	0.307599710983022	0.915268171807272
100000467	0.775568701843973	0.574946120268185	0.304889304269535	0.885090473710464
297	0.646147646595272	0.838905335586352	0.31333835771034	0.933690788967495
100000285	0.0689601293744077	0.441480611850666	0.317031345350602	0.995966219969108
100006056	0.233361942373364	0.573552527769458	0.325109743114204	0.935633904272019
100002126	0.0908214500852779	0.160327567647067	0.22951550733905	0.690906675968136
100002129	0.857289767143712	0.70388925169527	0.288425210851139	0.960371787958418
100020478	0.0233146916205886	0.156434043537903	0.280188874235985	0.957010551325261
100004089	0.121702501523825	0.636761464324892	0.33076657673377	0.870626694285629
100001755	0.613617334189025	0.595697164513682	0.31610451977244	0.861391175949895
100000551	0.079368078262136	0.861824081536181	0.309172645750333	0.927102680875182
100003260	0.283063241719636	0.213577237876288	0.366136600606834	0.974431786883415
100010955	0.963423546362191	0.546329098006066	0.27196839838046	0.818823068875076
100020851	0.223558559086252	0.439574895851715	0.340818359048264	0.937856592489134
100016069	0.996789113216832	0.990524312701342	0.314149135485195	0.911641193907627
100002027	0.369655837062718	0.71553971818326	0.292835454819726	0.978101184858363
1123	0.257901408665292	0.143320609001397	0.300146253290915	0.926873376194762
100001150	0.949887344319054	0.891117758179796	0.329814309462041	0.904675177754736
100001657	0.719066001388276	0.224477732448973	0.322571758385505	0.881733525425549
310	0.289219269947745	0.356445256845607	0.278421784115634	0.983702724476191
100001314	0.398521699715762	0.164286462106501	0.297721051197458	0.778783330508191
452	0.9547205585275	0.778752728949133	0.339883755631819	0.889872018781455
144	0.0387517692072743	0.0356089684659699	0.395570457119245	0.748459852283629
100001182	0.267396424111138	0.175981176706205	0.384003145998915	0.891270400614485
100015965	0.872837727205352	0.544782583995552	0.303135273094238	0.970896422006133
100006108	0.79755990195142	0.624164057929156	0.321729657330489	0.936048376582979
100001400	0.610834770091986	0.572281567760988	0.295204272159487	0.898979951428127
100004541	0.238004843827717	0.222153986539652	0.30719421015544	0.62126134568498
932	0.994304433873278	0.311519501401796	0.32207558690257	0.952293921430542
100001992	0.35305725996373	0.51509602196618	0.449482481275276	0.781460453716158
100009252	0.265102894421403	0.218154285217796	0.379805454214949	0.876552691731819
100021104	0.878894873094137	0.703501190565282	0.283511406502363	0.998939519236424
100015838	0.00279569119392786	0.0147977146669877	0.492684533441115	0.751849078498654
250	0.00252059140050241	0.0282902508175398	0.563212271963738	0.995367485508044
100002537	0.690221197253402	0.647189446194288	0.299118106122847	0.985208054076424
100001658	0.156206783950171	0.225833034477707	0.402999852727023	0.892846360527221
100020416	0.281242770039195	0.375950674125862	0.280336977542216	0.88494177640727
100006642	0.548718847363884	0.984386021942115	0.317122262091818	0.909432483184319
100001391	0.0991539675734802	0.279244592076535	0.414396169661824	0.950731807944315
825	0.752020726286582	0.585568593554424	0.273192300564153	0.926516494453008
215	0.916656875810964	0.74936927133232	0.32814603770966	0.889259865769034
100001026	0.915077173127067	0.907052441176528	0.313169487426623	0.935266924991092
100020541	0.271707783508799	0.324588204220767	0.262262504526185	0.976517419719455
100001526	0.518549470450209	0.486793741820566	0.416292048425211	0.980253151314569
100005384	0.349408239073732	0.341079275320866	0.292111294778921	0.810612519853868
100020378	0.457393163212562	0.593135610589093	0.297030650323591	0.923014161341608
100006115	0.625189386117034	0.280815526871822	0.431341250720875	0.760136917674
1442	0.252852340857093	0.0639927100813096	0.143971436186656	0.781252756465682
100001843	0.206365649553298	0.235938678739922	0.339857048380886	0.998731404366135
100015837	0.0549486491701573	0.152531103295461	0.623022660020519	0.849619717846552
100010834	0.732186478989301	0.998578475374665	0.314303445824952	0.911321573308239
100001393	0.648260038221569	0.414908326258977	0.248294145396097	0.956586553692498
100000015	0.443101221211383	0.526039881422143	0.291053082025627	0.936873748737369
100003892	0.0912717867971915	0.0674784253210164	0.278097069296124	0.842294625510285
100000042	0.0831661257901012	0.0176665792475235	0.340119209192857	0.809224524120601
100020550	0.522734300251847	0.22051307830204	0.341308935257171	0.791236142649857
182	0.573121122109636	0.414335226869524	0.305516860840855	0.927336045914009
100015723	0.284341911418319	0.39028870170982	0.311044861763794	0.985983099313873
100020343	0.248378395126794	0.364734145456803	0.276801498400727	0.920107400552098
512	0.419514841362151	0.524656225463681	0.282244814880302	0.978128596753261
100021100	0.544100360625332	0.566220601529316	0.295515034123235	0.921302483103447
100002528	0.103809620108321	0.0326144084678861	0.392165578133674	0.62048294007335
100001287	0.505512408851038	0.817962848291389	0.399074842136445	0.861146694914198
100001229	0.782878683570655	0.873382647510426	0.326117155990233	0.896375228105916
181	0.333060682814958	0.741766631684042	0.306213391594033	0.951284042626917
100015831	0.00190287983166962	0.020979009097151	0.424990977707181	0.661095086648056
100020515	0.716085366620623	0.845189077044979	0.347989606500942	0.87419405025938
327	0.859553955267834	0.792465228137543	0.33275128844201	0.890437286018816
100009394	0.529555229286037	0.668853015335655	0.290978883345801	0.955163923871055
100001596	0.53947152862724	0.164277861461641	0.280032939317834	0.686959759588498
207	0.699930930428726	0.751772196150493	0.320815641171513	0.887015030741939
2054	0.751816588521299	0.946680800499617	0.314906880077754	0.913619213341836
100020259	0.645280904871152	0.581482942339108	0.343035881148105	0.895346252496715
100020414	0.00482175919646048	0.0431056077965464	0.230462278978356	0.876911868814059
100021131	0.84586917347335	0.304273828575818	0.303908815947103	0.861150261557922
100004499	0.83610002332871	0.613869351803796	0.303333915074577	0.864788819199586
880	0.214319286080455	0.780864496826631	0.339975364703707	0.907511003966216
100002049	0.502145501517503	0.317172274776224	0.348399856988268	0.853123881497439
100001739	0.4868746764745	0.243528147049468	0.40242680570664	0.866016679031285
100001126	0.10831554331379	0.0480912661166598	0.170816928116461	0.735440804665041
1113	0.280032348865852	0.555196872205314	0.352476992879433	0.824864809035951
1083	0.491843605634931	0.65987096270569	0.327124162107613	0.857810642449867
100001730	0.0437703848505471	0.147790113155831	0.372988485061059	0.757769434382514
100001412	0.378338823021292	0.751216850795686	0.306629674501468	0.946609403159919
100005996	0.802773881549089	0.610225938553487	0.304230982293971	0.880842155081805
100015962	0.019889014871715	0.124474464256964	0.244096714883945	0.814438174118119
100020214	0.830355724794851	0.538560558110855	0.32856479423275	0.838496125410305
100002514	0.0836335998913297	0.27976880286319	0.330926885730216	0.832681634051383
564	0.19140585927314	0.0645648973860462	0.278892773303167	0.772119054073902
572	0.00867769724100894	0.0112897302778098	0.477032338327482	0.758547106390161
231	0.760982461795675	0.793450548037736	0.301687226895794	0.918410592262847
100000453	0.650798958320642	0.577780256148011	0.293484991933152	0.972701451439465
100001007	0.04320536319779	0.150930187547129	0.39186815175493	0.748254975262971
923	0.680686042252669	0.391869105006509	0.301128455137238	0.960275960984905
100001247	0.444519461099517	0.538167840402341	0.297424586954503	0.892440827080776
100000774	0.645181953780966	0.89119866667477	0.328572335792094	0.924181179876294
800	0.666753820401531	0.527123579002028	0.326365406175289	0.950712874700182
100021678	0.485537470980189	0.53068527324108	0.276542348157276	0.905226012791106
100021711	0.58663538607912	0.948017401735093	0.322758525679084	0.91317506288162
100001274	0.568164578165288	0.357764387717733	0.30223156894665	0.714798441604652
100021220	0.257399588635194	0.211684549464149	0.380952559247284	0.80703830866743
100020253	0.54182271324492	0.958455588508609	0.315146517499264	0.90776757110961
100001170	0.83153272479751	0.223565744330653	0.29301043271861	0.802387869631651
100001466	0.216278610237883	0.787774190281864	0.32748519127222	0.903375047207221
100009406	0.408179799957148	0.461495461564432	0.29364817950225	0.949899201354259
1026	0.951823519231652	0.95189068818527	0.312831824023867	0.915844563981551
100020837	0.901303672044147	0.379136963264462	0.358890208034528	0.797191180891012
100001006	0.150241343820582	0.119921526452509	0.302426361438594	0.976450253504678
100003674	0.580033065507271	0.112428899965105	0.313744744530757	0.897779706491927
100004396	0.206647210060027	0.346980804934149	0.368936958599953	0.773728683405927
100015923	0.242843716023826	0.664462999880424	0.37545554163494	0.876905763581225
100000265	0.760979628813418	0.955399611280549	0.315747359665822	0.905814825715055
100001409	0.100648989114407	0.14326502371779	0.309594215396984	0.736139653230065
100003434	0.618174969031894	0.468265323305361	0.321507218043582	0.812665226860174
100001334	0.837856905780774	0.131057998990511	0.379466756069562	0.777418314258567
100001102	0.785189966928756	0.768541813444701	0.324905702131353	0.889178831141334
1268	0.358167408626783	0.0479944984987132	0.185405778936168	0.862753820137854
100001300	0.307456027379481	0.122770970825884	0.280459533956045	0.90851271895895
100021324	0.909220694099112	0.604248558306563	0.263838554315454	0.940182253845981
100001617	0.122028136984505	0.106427766364841	0.306913963553038	0.954516734631375
1105	0.735544850856178	0.163098187859106	0.419247736292119	0.539619930957508
100021502	0.0481460713017881	0.212211277550209	0.30303868795789	0.954552577247442
2051	0.866251537342702	0.51149792500612	0.31563165158257	0.766483205466736
100001256	0.15072439558162	0.433938739041131	0.360451077854382	0.92586898122709
100005466	0.288038715315482	0.231257281332269	0.343895851065731	0.71843101163923
100002199	0.115730805973435	0.609818050670101	0.331852485453074	0.943921517797569
338	0.00781728079071092	0.0321215799097548	0.518981424055258	0.624001060046571
100004243	0.273592547678261	0.455030980662709	0.284857170870646	0.936783209009969
799	0.21822086140453	0.706620511336502	0.385597758120038	0.922029045041381
100008928	0.626772761621397	0.114207397850526	0.315689366842294	0.891860702791423
815	0.129642734112725	0.301388855006646	0.317408979638479	0.990093312391626
100001456	0.00894797068410579	0.0866737836942977	0.302913684404103	0.824120244163751
1242	0.516362746133163	0.333666231723117	0.355712757860018	0.732650100829756
100001416	0.23144083513199	0.114913787295463	0.220246375614511	0.619684025088208
100001462	0.608278574581803	0.422739519228601	0.363555084588912	0.867176495561178
1087	0.307212921330592	0.0646797322732817	0.326579630870658	0.864578643999054
100020421	0.0489496924123688	0.0884640779755213	0.362632307541263	0.615510173461138
100000010	0.00848823436974442	0.0538535116544282	0.331111921484413	0.964073461297051
821	0.536635018804948	0.438462828976658	0.344722796857774	0.756785195303513
100006627	0.181506823531792	0.126396578702281	0.445723582138179	0.79597304847115
100001277	0.441687453326579	0.192055855025755	0.367354673169671	0.861852659155604
100021141	0.0315773230558848	0.146857262417215	0.360550744016136	0.96303158430163
100021105	0.172389626680431	0.301128741150718	0.333638066739548	0.701040809957686
100001950	0.00142353094085433	0.0121556451735465	0.394986421525319	0.937663940224341
100020217	0.43964596904878	0.169505270197603	0.196708488732951	0.666693391682155
100006651	0.0407045998242502	0.198159925478691	0.355322797020166	0.644236142124962
881	0.620400308666704	0.311222250565544	0.29306397785761	0.93575265122218
100001509	0.701268499669751	0.163147485406607	0.278895341359335	0.815350312531394
100021709	0.326142616545569	0.615895131450849	0.299010580505455	0.932542537404628
100001635	0.169329615377682	0.0273819188696431	0.347263562753582	0.853469135926758
100002613	0.523101019569969	0.142750094572411	0.293994015036016	0.996394920557154
100009329	0.916390821462033	0.879144320174254	0.311860687402762	0.959718669612856
100021123	0.513057692048507	0.435864673922875	0.332789803766443	0.761255217449635
100015760	0.343544723302285	0.209696846531915	0.265030737467984	0.941403165176947
100020205	0.251639608375456	0.378264820055871	0.372372376975804	0.687615322930756
100000765	0.713996860827556	0.607230463828553	0.309318115633581	0.872105037690267
100004111	0.32088375120908	0.17773579274254	0.347726800215041	0.878320725576548
100001615	0.216997094170555	0.872855418426173	0.314194969278031	0.909524933857922
100009227	0.487272060712077	0.162885964410485	0.428617375652717	0.965327556758642
100006191	0.332350104335275	0.533968002450595	0.347993728933246	0.846676393107353
100004542	0.984013061377572	0.669524540479607	0.322068301708835	0.930227067595187
100003686	0.383843203823391	0.157797586632077	0.432282134624864	0.84035856840727
100009232	0.0296961890833258	0.202409328932699	0.314763854373021	0.799315686592207
100001501	0.0171720203930836	0.0540861622467718	0.428679542558312	0.976595682038429
100002367	0.565352919850772	0.324300672514425	0.298948552719944	0.757130695777939
100001108	0.215117164278526	0.912863523776282	0.313481534489467	0.906511757651141
100004227	0.997852613660968	0.83501333238535	0.312969395041279	0.930952574342184
100001310	0.329075871409461	0.391799608635551	0.299950011068036	0.998501737355127
100001994	0.846360620261875	0.831476778013759	0.311020151368147	0.988951152801968
100015839	0.00535749506095391	0.00793468524635399	0.42985385933727	0.970891455832427
100003271	0.269210925706025	0.527121295413369	0.360698586669721	0.771792949635854
100020496	0.814868290751773	0.744942538627231	0.294987386528712	0.941309390439977
302	0.854800881001193	0.549943019997857	0.286870764693101	0.879800486487391
811	0.90658880967301	0.828639935463001	0.309967492430296	0.935076183506392
100001267	0.710430163871442	0.624275686088592	0.280837323990377	0.907626414460469
100001197	0.0151913297480058	0.23117837187217	0.370817522753423	0.933871897703592
432	0.633301488386086	0.787841695560647	0.306369205930669	0.928487221301585
444	0.0460408309929732	0.112095470136411	0.347215581678649	0.983564010135805
100015968	0.188675272433309	0.26172303467866	0.308743404699241	0.814393669175927
828	0.891686897391423	0.866984562748093	0.308458271699414	0.917401365782424
100004054	0.18056386099858	0.673738048929556	0.319599962542865	0.926272193483173
100004635	0.0249088457011134	0.0653473074311336	0.815503870161001	0.538644839442484
100000491	0.229795206896581	0.419182135713979	0.303260469845058	0.75256589414413
100000939	0.0372852345451587	0.0290627665492505	0.335205099801569	0.784227570119863
241	0.283213939679727	0.629219754804668	0.334496112180465	0.930977043114971
136	0.255319389760408	0.0544728401778068	0.272491268391729	0.873194247967501
100000792	0.453710500024359	0.697541507694063	0.288005213949481	0.927748638400186
100020973	0.475032756084669	0.605837755484954	0.336137336471396	0.88264759648543
100000936	0.704361721553238	0.849778850155899	0.313202600823002	0.914050046411085
100001313	0.0198831465997906	0.187509057782868	0.330000965894891	0.961091135743682
100001951	0.0500311574343523	0.0960906582044059	0.355430803783827	0.903580042163349
100006098	0.035918594309647	0.106988851617141	0.350904216756485	0.975832557333341
100000007	0.326055666592993	0.609919779579712	0.321945637554945	0.914889083441534
100006641	0.297627658307366	0.430740995477229	0.404624024185938	0.934234360108228
913	0.00844458065942378	0.0515446134466476	0.39497497880733	0.751754336624916
100001579	0.783553628789927	0.430280403305005	0.347222348692389	0.912772903186524
100002911	0.0852263534282734	0.00976047358297416	0.415810046337693	0.865023158294656
100001293	0.41646149612456	0.456057405249314	0.283289796195583	0.971361899568813
100002241	0.239487464618035	0.519472361720231	0.331832977136698	0.875918911017777
100003179	0.237350131112713	0.0622965169138088	0.299121941206705	0.733804675177283
100021372	0.407252712097204	0.27437055404345	0.242034106709945	0.912089451770735
100001956	0.271956923897	0.51191281304253	0.317708462898482	0.809195790114618
100021162	0.556789175454359	0.351512029058618	0.302558389215321	0.758371291774994
100002259	0.373013018276646	0.623887395385231	0.291231400522928	0.903138662307753
252	0.971258169618883	0.992298849646673	0.319068498291113	0.913340081276294
100000707	0.340828492984405	0.293335560723835	0.310265382408727	0.925181305110058
1489	0.480151127738839	0.0183655553854298	0.233101828341356	0.877852295602017
100020361	0.0821481655866989	0.135141819365978	0.347078388423067	0.831476783867974
55	0.978187477581936	0.940463622849504	0.329952568229597	0.905442361283495
100000863	0.303349596235558	0.271689489478166	0.275251398446892	0.949181378626629
100015840	0.0549523143664978	0.0523433570561309	0.445408400906763	0.875476598292367
100001541	0.250394868271168	0.111385697343656	0.221868665122225	0.891903191614201
100006082	0.120062771868356	0.0496303366991086	0.413241223394954	0.908663725341301
1254	0.606999976880002	0.966545528544996	0.32942606881014	0.918030878723685
100001624	0.700789866019442	0.468557349386534	0.299494108374291	0.886636291778303
100015850	0.633093722223771	0.403026365128316	0.425778622418915	0.855917936609767
100001104	0.00119506086761404	0.00643846048964012	0.360920854796258	0.733944696368252
100000900	0.0789764860059969	0.290281300974686	0.330175049558857	0.924816563054329
100000269	0.0991033894109453	0.0550965417148477	0.180678340590689	0.863960516015198
1022	0.380587079036854	0.871868230236186	0.317022729063818	0.901572121080989
100005373	0.0906086567841438	0.0462930199317051	0.27715267903719	0.963901432987257
100001129	0.160568127570211	0.673864300300292	0.303347938728074	0.947973743765998
935	0.00763122726793967	0.0928450958498829	0.419117692497221	0.746227264946397
100001262	0.393464137960016	0.334235231789972	0.323503652293377	0.92485032485114
100019978	0.349600826340279	0.673636953401907	0.308555434300491	0.89727787298639
100002293	0.791895506752693	0.838329627121632	0.317413227730217	0.91189864556273
100001426	0.253633685487848	0.34480646908881	0.317402043137304	0.747000820399224
234	0.4515196668686	0.555356960151304	0.311414009594207	0.882658429526651
100005403	0.151230292180848	0.784922571321868	0.295546173466571	0.94842200050477
100001083	0.0834537403849671	0.388428461623971	0.339418993339097	0.929053543150533
439	0.754856863204225	0.353483035164123	0.336565612317203	0.904654291161572
100001086	0.480934031513372	0.471000732532096	0.328401038516066	0.985178149166035
100005864	0.815820946429134	0.499538869014501	0.291656545544879	0.973295573990092
491	0.449799803705837	0.837597408783267	0.313303049675391	0.915791387308457
100002029	0.450945407086823	0.463672985097029	0.303060420537317	0.764666660242012
100002154	0.559599392590349	0.360261311728923	0.268224048030486	0.885078863541934
891	0.507861998908405	0.21819678564065	0.351577799522522	0.874480662390853
100020261	0.332618523315564	0.417940861644808	0.380119586082322	0.882732814722525
100001296	0.384868833957276	0.447858251305652	0.318130245606002	0.777029002522053
2050	0.656762835500563	0.506706320503784	0.33939306239787	0.84495411698241
100002761	0.206530246268837	0.418296587579287	0.222845922567776	0.836620823179254
100006614	0.539546785933429	0.850190419280903	0.306947941153192	0.938476950048654
100001597	0.761727308338005	0.115606565075045	0.19773212368649	0.67419008488809
100020853	0.982632569220209	0.983096179328554	0.314793659916377	0.912226607137587
100001446	0.181356070856787	0.331709825712048	0.276180397987927	0.905805598725695
100003240	0.623848367343268	0.230674414046203	0.352587675915733	0.824748254575735
100001502	0.0855162681832965	0.321482693733377	0.365876421734785	0.985159705722852
100020866	0.140865738831193	0.0164793073737799	0.196468327559309	0.684426797878866
100020419	0.0162289012716658	0.0626439792304313	0.345658006896382	0.585184804873844
35	0.765821550637994	0.438161509795394	0.292556092553482	0.860586179164518
100003696	0.0237499864605521	0.0636006262604976	0.454149431765915	0.836976639515563
100016038	0.756055364766118	0.96146127416307	0.316125306762796	0.919670010555869
100009333	0.310605851771315	0.233350672910959	0.313321707182759	0.932394440208202
100001611	0.044473827815675	0.166780714275082	0.45289924940333	0.89322913966743
100005383	0.856673383582785	0.394683040984703	0.322047839980551	0.945387433960278
100009239	0.196231499284351	0.111625705850808	0.400583438623017	0.691928674787218
100009332	0.42879346706135	0.308885901111057	0.314089755123828	0.872047096126972
100001731	0.329087997347961	0.75983714221675	0.320315980529465	0.888342748213401
100003415	0.386535741672809	0.475067001633673	0.30746595975122	0.92573900240438
100020578	0.140123745464294	0.204130103721876	0.295959797076249	0.790093609621039
893	0.669145224141356	0.643867366896223	0.311898852277278	0.919087650404158
100000963	0.134083988012084	0.136462417949803	0.427900777149295	0.647151207191516
273	0.274546697391424	0.392822967673795	0.359158316908331	0.901081642924015
197	0.837977214585171	0.708239217616691	0.309735988109325	0.841339235764791
100000808	0.231052807281369	0.176787173214479	0.294429867328546	0.895177722061836
100002284	0.659877569050503	0.497030967578865	0.236507698267974	0.856009424897448
888	0.798035701174239	0.0931450616889019	0.342658698485894	0.890528839397089
100006435	0.928074393580072	0.628940721569574	0.281122819560747	0.939764250211089
100006374	0.332351208334877	0.636330788273529	0.322034651469079	0.900441448747134
100003169	0.641767495319811	0.597971484783979	0.328514939266065	0.946883419479065
1004	0.94679085631272	0.997899367452509	0.317875430339978	0.911204179000118
100005998	0.113992638159095	0.798128334563132	0.343037271016592	0.926334331060262
100000773	0.52705181519241	0.49128732920887	0.321046781960449	0.893172901258301
100010850	0.0520522784371002	0.164968715564064	0.366325061401912	0.765701542231861
397	0.834023858828088	0.400838725160811	0.240480064747237	0.974206465499235
100000039	0.160242830092949	0.312913851166733	0.265687925341214	0.955794969140842
100020833	0.955499916580097	0.585268298649042	0.330173340808904	0.992086406912341
1021	0.272143446148118	0.273354353798104	0.293166294724486	0.963392128597161
100020479	0.463132771756012	0.603267351583101	0.318774860494909	0.920420138395022
100001335	0.693498492050183	0.400314106522391	0.349998019937911	0.877079488074569
100000743	0.671298994963909	0.908367906678958	0.313729478340366	0.940005881015188
100009246	0.236679424797097	0.661921303180509	0.303870957391798	0.943080536691351
878	0.185140373470478	0.834126062620252	0.307307269543643	0.920271622365334
100021103	0.875491563366523	0.714581255833058	0.286260901832423	0.963304960802383
100021363	0.246609357726494	0.532853824044693	0.29140274824536	0.960687395081818
266	0.169430754394192	0.231975212447786	0.318534802364207	0.825497845645511
100001195	0.35076124852545	0.240117671034168	0.39803155660079	0.828704616176291
100019801	0.864767901437976	0.76982537485082	0.324909504514615	0.899672194532325
100002196	0.0889584404490643	0.339329468574007	0.327443552493057	0.917232873385699
100006370	0.135463484209336	0.757143764465428	0.300514227227266	0.929173830237075
100001510	0.0406031157988383	0.00503052835796004	0.265591405453053	0.990187712216077
100000437	0.296291148702689	0.287511891714932	0.294179804696541	0.972644323589895
100001767	0.119266395650194	0.0268961004716985	0.395130907930246	0.987281872304186
100001810	0.68617793064593	0.639285771054712	0.324692879691693	0.981956163426648
209	0.894868997580787	0.724790287816218	0.300873911435509	0.933537443086969
100001485	0.108004898233068	0.0555572206295975	0.173618959158592	0.830362183374278
100002500	0.0908416360100865	0.381625643206744	0.321174583453184	0.875736938715169
171	0.0445606831522566	0.0235258364972083	0.233297314496231	0.904234939744612
100020487	0.846063624242544	0.822648029945536	0.337660201403484	0.856096824539274
1206	0.170551007985045	0.520628710533307	0.34450056002004	0.821643150871356
344	0.00690947233935526	0.0182815648835201	0.665909808453933	0.961264133806608
100001405	0.407805017522637	0.840943580553504	0.323567780412003	0.893304045116991
1239	0.895493242712974	0.493245585253364	0.353066636311778	0.917074333130165
391	0.215612173345617	0.318779953218179	0.298291051334102	0.933668778994789
100006430	0.222266068142152	0.124317233125827	0.403192562697948	0.563199787474287
100001417	0.984704353614671	0.545090754677104	0.302784117412121	0.984828512637161
100002951	0.0590894415192415	0.461483670608379	0.310792534801184	0.815969239087126
100000014	0.446732640148588	0.580475979398294	0.307142209071749	0.956025381773202
100003926	0.634326297697999	0.540033422477072	0.337034971656827	0.891556699080162
100021538	0.417775368392277	0.342193771574251	0.370195174765303	0.808575218406929
132	0.308619731111999	0.221998041088875	0.295085889099429	0.953390025122899
100001425	0.792469307084723	0.717130553962847	0.360477157118903	0.866116836400576
100020262	0.610337800588822	0.668517969106752	0.336491672449116	0.898061391626496
100002679	0.858875202386552	0.985352564987087	0.315200348734493	0.915644795648017
100001270	0.475915169998071	0.785026218851869	0.317444009202479	0.896800197580322
1102	0.806080547812852	0.970144426988011	0.313617401953706	0.916259131885155
331	0.777352187532195	0.488726040062628	0.280194173401473	0.819494553020492
100006361	0.616277115821688	0.654164803169569	0.294123525147836	0.976599540321856
180	0.726379309606583	0.970151239380518	0.320930066511563	0.910224417962122
1053	0.446110640843277	0.499722300782631	0.456530486666003	0.972468740641909
100001359	0.505215344551493	0.844105009601785	0.333840934175676	0.876380399841927
