chemID	simpleLRM_Fstatistics	multiLRM(chem_sig)	multiLRM(sex_sig)	multiLRM(age_sig)
100021136	0.0251610861058978	0.226568909699108	0.315150694589355	0.766450784223616
100000882	0.814674022107223	0.683376309545653	0.293046547993876	0.646448974404238
409	0.0777992282390659	0.170128384427768	0.33428971762445	0.423289871738191
100002254	0.680762655805947	0.0445654020125025	0.194045979600089	0.648814769842324
361	0.00802697821547628	0.109131115863668	0.205496321736897	0.643872983620393
100019975	0.560563071064425	0.709501546636218	0.284514986031249	0.686919021537633
100000257	0.000622055882423901	0.0191046773922698	0.29345138355861	0.597824352554248
100001232	0.966841050395542	0.963519145794606	0.290040186285074	0.668614756343207
100001948	0.373344304201098	0.385816341686555	0.304162247092869	0.536985692744062
100001073	0.608538725834273	0.666019859420957	0.353672384150375	0.596039581119437
100015637	0.877642743175052	0.498732469728435	0.297939526189972	0.668771053554187
100006360	0.632056068525927	0.69704126297483	0.267474360067809	0.735341151427411
1488	0.544036937924954	0.62217691433566	0.28703931376022	0.647176293965135
100002253	0.787117492174252	0.969733646429193	0.282578795015732	0.675892137143497
1023	0.927075650664104	0.668462945595547	0.280964779380523	0.650343070431827
100004284	0.678550548587019	0.818279869471384	0.277850738625101	0.677797327774584
100001251	0.622958416346255	0.919977462510627	0.280534305755477	0.667675794072546
362	0.748250050272415	0.448562305679384	0.256110653990282	0.661505901106851
100006620	0.7246311510252	0.93868816177573	0.282742757532735	0.673172040669173
111	0.354336068878547	0.159587213499777	0.239352222589169	0.639564693597469
100009045	0.658224406888857	0.299465451439565	0.236212090378015	0.824570053383834
100002927	0.729749892377069	0.86083287133497	0.277765998165766	0.690065013187438
100015641	0.791193468306696	0.904508593919849	0.278603899084822	0.679544609501763
1114	0.108878025587199	0.938099415411536	0.280343258970751	0.674144220813989
100020409	0.368192216153723	0.388438837753095	0.28152613871925	0.549742519189763
158	0.124755836302318	0.232464316186592	0.363271222433058	0.699709249626909
1224	0.0535098028321977	0.198244109448523	0.220077462688039	0.710434207636832
100001620	0.474044172756596	0.385885884863118	0.245268795416031	0.673812234885044
100020893	0.268467602858432	0.0583690836191444	0.269806537793428	0.387655307780398
100002458	0.726270138388705	0.562325971090062	0.319436763526823	0.617548381889035
100001112	0.807427587154652	0.998942583015906	0.282298795001949	0.672483518587598
100002953	0.424565463027981	0.840346371661881	0.279614729077919	0.680868395094329
1141	0.398675644436666	0.0576965043386688	0.369302382203026	0.493184354515364
100015834	0.469364213517784	0.987865814630654	0.283166949184958	0.670585026378569
100004561	0.621239160480427	0.926885848170568	0.285531911331158	0.668331005877696
100020497	0.808924064810013	0.742514951446474	0.268723427735174	0.695543431682705
498	0.0485944150023075	0.305919055241289	0.280353536520026	0.74800236140634
100006051	0.865364322498333	0.862106417673354	0.286333352251004	0.667174559336599
1668	0.661277986356612	0.536002467973716	0.279594667720177	0.611382731421881
100004523	0.423088821620922	0.88848449918191	0.290815041149239	0.658368372121279
100001604	0.252450287316774	0.55224495500295	0.277599385240445	0.714573608832997
100001002	0.178301276780805	0.544019837507844	0.295087746779458	0.657944886343613
100001987	0.0620411743969556	0.270204278698619	0.812227971678658	0.532855906579085
100002462	0.610178903141676	0.334415928114693	0.340209810050927	0.550933563431319
466	0.59516446267462	0.0744450534313144	0.308827384312743	0.648364522458613
100000665	0.756930563806135	0.476632092768094	0.310682217746644	0.620333566970303
445	0.957986567109596	0.434164287833262	0.311170459687318	0.721472032578294
2029	0.157694228783553	0.517516189466371	0.298431457407226	0.673929983900288
100006438	0.121375362712563	0.264097161339721	0.3344806763253	0.683930783163099
100001398	0.166537851325665	0.606599923444662	0.264026107351282	0.690663633921599
235	0.433531916460219	0.461192181641433	0.250492106849933	0.705215353925593
100000997	0.703746674968419	0.705617157516762	0.285414441440129	0.649017362619467
100002094	0.262157915365236	0.22668218794768	0.240651448074228	0.537717718945691
1052	0.594096320515039	0.928100489499664	0.283012822475718	0.690246734946649
100020823	0.322980703646266	0.564545324262633	0.264445240583256	0.65843736043155
100001806	0.282977396259589	0.634489402465091	0.328568528492034	0.68083261956144
100006092	0.828239633626147	0.904754897044222	0.286374067764115	0.663108842429872
100001415	0.101613653710009	0.0754632897096956	0.293531130245288	0.387699756061264
100000008	0.042125262629114	0.0775802131603275	0.303764133244978	0.513990663894628
565	0.00693249588641828	0.0479750942901824	0.287696182893853	0.744595080480192
100015851	0.116004692552722	0.163073394642536	0.393559648816974	0.810184339431908
100001866	0.543582430553494	0.885287037824731	0.296995777760709	0.656365620275654
100020546	0.00243292153634637	0.0276342665915641	0.530724071955883	0.860108180049465
100016110	0.539186527608189	0.424151973192688	0.2343185782384	0.765604728150572
100001254	0.00326122302105724	0.0134808278729819	0.362391943075291	0.886565535241585
100006260	0.388644360924054	0.77722195849604	0.287598988343741	0.666758207297673
826	0.656532874985442	0.841183735006441	0.283745288817215	0.665069698737591
100001872	0.459466663625724	0.838207297861123	0.283495918046764	0.670703501358752
100000263	0.332667866169967	0.368221423447885	0.355300558125939	0.660975921437686
100021198	0.806325367608838	0.0549384816934847	0.192615444736257	0.374870820952491
100015967	0.035658703740171	0.09112612233478	0.353464408134441	0.492882949981182
278	0.145376411337249	0.268081842909618	0.261768737258406	0.956358054790788
519	0.768009313140967	0.356188617585972	0.333356354159331	0.612147933969876
100009337	0.111559820030595	0.339612737800559	0.379757128068632	0.657872241011263
100002185	0.371585229367938	0.884972443358623	0.278407691228895	0.659639569758368
100001278	0.405822472315774	0.290839158775923	0.343459812091135	0.628489492711657
100002103	0.829712273599633	0.630680261588331	0.28348859155114	0.623671772087095
980	0.825514210033653	0.481857276629388	0.308009126297878	0.656182576212876
100000016	0.85075920541502	0.424833609706127	0.279225846965628	0.643874166088791
100020372	0.186310781525724	0.495064398935266	0.280318022015396	0.609861301821034
100001662	0.725827145977805	0.139028235895337	0.113435458472773	0.679115683524944
100019972	0.936895834375527	0.681187498425153	0.291059327327898	0.657432904647382
254	0.769012730932452	0.724358889341259	0.279771222080036	0.67485138286001
100002009	0.659610613561963	0.693014284305712	0.27964443511894	0.597013774563928
100010895	0.427234427199829	0.512018538809683	0.329008036249657	0.649667632482255
1140	0.929887320484667	0.943605812727411	0.281256095872386	0.666128910493956
100008951	0.626869295168552	0.5302623830443	0.302722046171909	0.632136728853513
1084	0.36436357977285	0.809194226460753	0.281597855673708	0.713566349961786
100002796	0.101847166542894	0.368897660733948	0.252740389040296	0.607615102890964
358	0.923618198692194	0.99688624362831	0.283514915034849	0.676371659625167
100002070	0.806435319571774	0.69775624929154	0.274774789572911	0.702555660915841
1628	0.363849276799769	0.134815203779712	0.349483909957476	0.652205913642466
823	0.670497496006969	0.515348308415019	0.24792310685905	0.729505966472988
100004414	0.467674015453158	0.0968189428341191	0.368450963330499	0.80353013413132
100006129	0.683148194887471	0.667881205660309	0.26461929315181	0.68705923158493
100002028	0.678306506162999	0.452398030629429	0.385738012189871	0.481268017614972
100021707	0.494447082376723	0.594836109931558	0.252906056969782	0.727273956061436
100000054	0.544991063221749	0.505628898780286	0.272692230052433	0.697401814755916
100010869	0.471828300998047	0.238162145764585	0.296726335270723	0.541303341873449
100004575	0.0281846484292299	0.0991203088380349	0.353511667373652	0.990311746139439
100001212	0.995275151170061	0.664527037908336	0.286127198505085	0.60974495194508
818	0.201461010548101	0.550715185199654	0.329346839409355	0.619995337926046
100001092	0.00157646214735768	0.0224518941749605	0.28217372247143	0.657001378707114
100020371	0.957075609982541	0.912685700736895	0.285380049580477	0.669719899104028
100004112	0.194346076219057	0.529337880756745	0.299954794146602	0.678382043591879
1125	0.468702401518011	0.35607688676085	0.312926359222348	0.705764225800957
100020491	0.931659404197975	0.576498735622079	0.24795971807067	0.683153628852129
100003151	0.00236583298591929	0.0223623818295973	0.429243813385422	0.549063914767952
100000011	0.311064059154103	0.156166958047541	0.213485847899064	0.779033463722759
100003594	0.457537172404105	0.992572125302219	0.28867340972241	0.671690959919754
806	0.753661380852779	0.159651336894643	0.285516206700405	0.473387891709905
100001211	0.93957050232465	0.550308185345709	0.294028689358537	0.649926215011306
100002417	0.606451871342523	0.550673362125925	0.272082939454089	0.631236856941803
100009335	0.553561112955594	0.211834422439597	0.230073487459841	0.695701115384584
100000781	0.675129569432962	0.923964794323258	0.280963427253549	0.668011944772661
803	0.0302267981813583	0.0351319687465961	0.272037082127562	0.548571881453738
50	0.488514563458217	0.683288250456466	0.289947134381459	0.652816921007314
796	0.439633854170836	0.0531022460971817	0.311915232234206	0.657482383061404
100005834	0.96796349421904	0.676224698725936	0.325790908827736	0.666990890449952
100001580	0.97062487467552	0.550637845715269	0.304426352295599	0.672409779072266
480	0.789433904193995	0.593931523626432	0.250885474211003	0.678333585581093
100001540	0.250791649652027	0.742787398926981	0.357350138766287	0.747619539828181
339	0.551197773357223	0.118583802865683	0.259638647146575	0.577400978498133
1110	0.942662098539682	0.957090789159148	0.2852178766	0.671999028717268
100015836	0.172676165915192	0.186444927004059	0.409910266906427	0.842438689710551
100009271	0.535578317682872	0.520182228856637	0.317467113380839	0.650711222324563
100015638	0.962772417987127	0.46887030114212	0.294022306459532	0.654999576083189
100021667	0.921689253113702	0.465207571683433	0.324476805820846	0.649866428356432
100001279	0.589524596604261	0.374419315307537	0.309736668659074	0.790844212389809
100004208	0.0204561114250576	0.12503373027103	0.424232874208095	0.790681430867122
100003695	0.221201017846101	0.154516594986462	0.307590185083894	0.461834215147922
100000802	0.786139646041529	0.922469125802912	0.284368882861777	0.667718641402326
100002769	0.86578798697708	0.0899301327191362	0.198866942762389	0.791175104828934
100015835	0.111249483156132	0.314732468248083	0.411638934894889	0.862822360478555
229	0.914097566608406	0.413959800091186	0.31393698041716	0.668900018329307
100001266	0.00613473734366464	0.0264713059340304	0.369733735149883	0.963849026049278
1342	0.300019021238491	0.35079496155771	0.241824433445586	0.689433847586077
100002102	0.828714192109302	0.537357885926409	0.323061539539128	0.772761700248094
100020254	0.171250492390427	0.578147517119626	0.274804386111619	0.698533121174685
1231	0.492695570353592	0.248138352712874	0.334545081868392	0.627617129639273
100020492	0.997408425116695	0.903880684875902	0.279629883311888	0.669492588939523
100001402	0.39378140764275	0.580827366423189	0.311440269226619	0.675863032601993
415	0.00506047812606746	0.079601985949978	0.340982358439509	0.726467703454602
100003109	0.994821884238895	0.966333862874076	0.283570615386224	0.670103947175813
275	0.553406295086909	0.857132023928203	0.282605360236965	0.659312352974271
1143	0.164973306376813	0.074523097466241	0.25518172640161	0.77160301689221
279	0.392322149220693	0.359239619097245	0.286727744413299	0.540297277890274
100001198	0.970652943825589	0.952723328939479	0.283538280084582	0.675912431768407
1648	0.391001947960658	0.961268245643907	0.283030198268088	0.671272049239518
100001590	0.305338805134264	0.228242563729977	0.26881865219883	0.577049623090538
100001733	0.387027445354718	0.860475238051805	0.279308275744877	0.684254282306273
100008933	0.0157414261174775	0.00232233559846579	0.388608412849993	0.628594727730207
100001550	0.351789594048921	0.505290603878912	0.268166546609405	0.618796682491577
1215	0.0667896229979869	0.229867424604883	0.241055469793517	0.624468851491162
100002356	0.278481341384901	0.117427670148866	0.340196417473524	0.679558250095495
100002749	0.705370470378384	0.753788451839795	0.284696648862761	0.679382782500696
100006379	0.160777050234799	0.16737353961667	0.332513772816182	0.422428198368438
100015966	0.0800334176983319	0.152905899334676	0.309673389169678	0.495152149066691
100001392	0.662126255759786	0.96673600023929	0.283703723485267	0.669824129466894
100020425	0.119544905520359	0.0454399504678566	0.2419084352918	0.421459758847837
100004299	0.315203061572067	0.808173557800715	0.29870840547494	0.718572194549737
100001734	0.576271859570566	0.519429124448092	0.298610158642256	0.608528599593448
1002	0.851212500132257	0.812116887400998	0.283824976275798	0.669273019610575
100001337	0.277584343682453	0.737018211768635	0.263907660246696	0.671486755044814
100001452	0.814086621946017	0.745486813290742	0.28056672512637	0.639604346320698
314	0.534594176434412	0.392794049327352	0.293018065213006	0.68894664593756
100009264	0.990441989422133	0.527300274549833	0.223154059556298	0.796667445252889
100004634	0.452655699991616	0.509375398883482	0.254220073580863	0.687640461744215
100000711	0.731605740008947	0.703768491125811	0.310738035515546	0.695257022404427
100020536	0.0214371693340299	0.0981511833730241	0.344426025827064	0.778150741511631
100004318	0.305267275140028	0.585857311321487	0.292315667312183	0.665106464607791
100005850	0.900053705974754	0.485241156965587	0.353961298808079	0.619640932184407
100006619	0.309479504542957	0.144352691772912	0.325885544971053	0.653109485214408
356	0.444373963127486	0.612092270267653	0.271324649655715	0.688388369499224
1221	0.575966145503524	0.569341767613574	0.364169498217598	0.710977494531542
100001397	0.760309124295535	0.747744807790766	0.282361079144562	0.661871487735939
100019981	0.629318036180956	0.892661520360617	0.285648239846301	0.688127213492091
100001208	0.427103619209379	0.264501079832752	0.250589964850514	0.949019183582574
503	0.00982062325462788	0.00916230528045245	0.177159708178267	0.498887335660824
100006375	0.147203083367186	0.619128774911647	0.306355897856051	0.650452280565794
100001295	0.731278482703745	0.634049386600992	0.275916971427367	0.756461668011392
100020427	0.0504997991862443	0.0250463001931253	0.28020187188415	0.364201834600946
100002784	0.485275649008432	0.323505680762806	0.234332268787142	0.746898810610042
917	0.0528702998273937	0.196368946155685	0.315798644108379	0.616001891120474
1869	0.379211500735548	0.210760646231666	0.305954569052858	0.55432380753423
240	0.235774586445102	0.108335652520119	0.182353740832106	0.472843295222427
798	0.00422122656778298	0.083935122287187	0.434918059872028	0.594278448041434
100002952	0.259940375091989	0.518748842374331	0.282567160635387	0.746697432555464
98	0.648501561712659	0.854198483246154	0.29625330808141	0.67605448603956
100008998	0.295253745463827	0.330932319750865	0.226399175600677	0.734434323219633
477	0.860199203272255	0.314207574038836	0.287460456018478	0.667663262047326
100020545	0.0788709901671291	0.132236950009875	0.336557139958911	0.835087231241413
100021666	0.997188672195453	0.214706754623555	0.323515333166901	0.661640241432037
1256	0.530684462846564	0.710303820433187	0.327236767506252	0.704771899388465
533	0.320660492433766	0.0737382380784861	0.200908374003769	0.418609282486587
100001757	0.448209403850401	0.913357884446173	0.289875516613019	0.666298749491052
1024	0.296615377398363	0.075271787675913	0.187741659666813	0.845549121660933
267	0.453811426020267	0.994529315340024	0.282936737663571	0.671031296038837
100002113	0.0998399264558521	0.0846382606253197	0.278170933419544	0.691768165815008
100001756	0.861598552355635	0.733441345800321	0.293615559508991	0.690604617106029
100001193	0.474810859847976	0.203141791679022	0.346424833935365	0.622988699400716
100001668	0.688762090804929	0.990954423054041	0.284166219088737	0.670899746859179
1124	0.327082472044531	0.295917635894671	0.245991772245788	0.769947630923153
100021331	0.171541886293027	0.328887358080059	0.266878111190058	0.709372314186049
1090	0.0641932507409854	0.0437921059686501	0.26584102202452	0.816814129295766
566	0.846276358620045	0.316281660803576	0.209146466444419	0.675456339597372
100003119	0.469002191551552	0.300488346699971	0.315789754139729	0.609843393742262
100006367	0.758363253445842	0.569749182244977	0.293109048438142	0.65082078486374
100004322	0.220056152185252	0.247130744795221	0.289030399553534	0.756879719999677
100001034	0.671898924392495	0.832754052512104	0.279395932644732	0.662811252860379
112	0.920897942441401	0.915046397927518	0.284695657628841	0.661042752338268
507	0.742932244915818	0.799597254956793	0.281700468241356	0.676810630274546
100009233	0.325878707797441	0.20122979265417	0.259246195201433	0.690826721265471
100000406	0.016459029373967	0.129775634720411	0.465049154193304	0.468070142328069
100004046	0.361872764057267	0.400634474021742	0.181671146831656	0.606428097358979
1025	0.75434242355504	0.689097988578957	0.2726647352347	0.689557083381924
100001106	0.179049428649716	0.188410294137208	0.235647701223624	0.703155178582251
1128	0.0284487567713326	0.582958431958067	0.31428171319952	0.717603067101956
561	0.0504691602217172	0.184451927978775	0.197223701551624	0.593915871130309
100001614	0.855939754949293	0.370998082265381	0.298762784409666	0.645251637320317
100000961	0.843210967121282	0.996390293715548	0.306946654807709	0.675912335528838
100002397	0.896186014563932	0.617428668774161	0.283020487935812	0.606319097204686
100009407	0.95860997856568	0.962325253101722	0.283075234567043	0.675466061955456
100002910	0.916256860204101	0.540701383582909	0.252837992933984	0.594570222062922
100005946	0.263611153881754	0.35223666485247	0.325041158972635	0.76896678201876
100019794	0.0730898960419847	0.266619400762954	0.297756064556755	0.833242005863428
100015759	0.33402484825957	0.107261961610745	0.239630644034469	0.67818993220666
100020417	0.737343175621023	0.616176723350515	0.268053773905773	0.647248501311745
100001054	0.661324277872103	0.975795764484051	0.283199447175207	0.66998522056617
100001437	0.315117782301867	0.312269841721713	0.232748915225477	0.596145328928699
504	0.249407430059883	0.700343379080066	0.331102880505973	0.681241342738925
100001988	0.466417556560165	0.668665144418923	0.277742363305401	0.819601319695071
1082	0.0302334246349575	0.619107906666666	0.313232002988163	0.699652526463799
100001403	0.31975739904009	0.347627374431279	0.314119167854608	0.652813745371035
100001664	0.940522237686399	0.532103835335321	0.266063953415238	0.851775744565523
461	0.276791074330768	0.217501580828818	0.439884614956879	0.650355104521368
100000463	0.701689528498901	0.976694247087468	0.286154165101755	0.670194173607501
100020208	0.574754548199719	0.533505719659077	0.321470967653928	0.561120283846448
381	0.526865505820338	0.0589030082789734	0.122023537195613	0.496373236545347
100010901	0.0781845787739728	0.0737721860439998	0.290085102459598	0.781975431108418
100001468	0.243389593208994	0.970101840002555	0.282039055893246	0.683199895220615
100000840	0.948447393201479	0.892652110707489	0.284115999560266	0.681789878019496
100020014	0.256749017740617	0.628172906567048	0.276032991125669	0.686392665126042
100001993	0.771492140815491	0.615516973824054	0.237792576514713	0.819672840770445
100001051	0.0994674735102592	0.0194601739972416	0.320513053345259	0.347131665517514
100006116	0.386019603068467	0.521227486012935	0.287622951838826	0.672012819498561
1108	0.945982107666897	0.977212638939511	0.283139174026503	0.674519473038823
100019966	0.375274947176949	0.143559158561158	0.335772978699905	0.645085502607564
100001743	0.62165674698281	0.399321706151824	0.273057300077519	0.654265388624985
100001294	0.0802133208517063	0.138801387998651	0.200836115960949	0.723597258895279
100001609	0.261166019328859	0.101875222636312	0.262925779999314	0.765724675981276
418	0.794510696597413	0.954031672721489	0.283370340167579	0.678954419951112
100001178	0.353410890411627	0.896230081670086	0.280946180810665	0.659158194904347
189	0.996935515769216	0.656602222774309	0.257186413164399	0.63459232893737
563	0.487746670776918	0.805267116198157	0.296330500981993	0.657196987883844
424	0.634045890722429	0.484903381615375	0.311247863341878	0.657715824462042
100000776	0.131106308570699	0.307706033184552	0.323978585973006	0.674202113687975
1001	0.971260283040756	0.45291168390677	0.291451974198564	0.673207185066049
1135	0.318628368609508	0.0959692997655897	0.275997944948282	0.7276438481249
100021093	0.360868554821809	0.495300646101611	0.325146402556816	0.6946793017066
100020219	0.119334561870897	0.230109859644958	0.298078402418009	0.563051344486774
194	0.470551559297316	0.824426566423587	0.291942625218446	0.642549360517087
100008930	0.752655484564113	0.677507303197076	0.303100740958556	0.65586288338511
340	0.542566872668748	0.184964055676888	0.167962343817792	0.75323487240051
100010896	0.943990174891527	0.751300777516719	0.268636355502525	0.677191580136761
100000787	0.21441577493707	0.111130661461686	0.278446070485727	0.388171667350446
100000639	0.0332254560663571	0.230669035079067	0.255187748319522	0.678140221251774
100001851	0.951382192551133	0.241038335198369	0.314247990573827	0.444943680237171
179	0.586596372304512	0.596254100063301	0.27787319426968	0.685224703659684
100000626	0.424372867782641	0.781285772105111	0.292350629783382	0.672018481166501
100001605	0.0106317556316585	0.0891645357683868	0.363718550447092	0.766125807476923
330	0.241723777873619	0.425506675949983	0.318199049682155	0.538553583865642
100001162	0.741709517948025	0.581006217974776	0.251612846623198	0.638270144891974
100001167	0.046208102697437	0.258639258039296	0.275845793815458	0.6583742347437
100002067	0.57492368505968	0.770071047425819	0.36500829616965	0.609696414700549
100019968	0.646822395284891	0.354008933116762	0.313298213665448	0.605985560585466
100002014	0.947707032569449	0.984302153125262	0.282356125157561	0.696759964528957
100004083	0.447705491061607	0.134269275296524	0.311216005633199	0.537464968306624
100001315	0.298926292760892	0.396474981652334	0.301257549842468	0.736019607444533
535	0.228958853528095	0.520206719619577	0.306533156212834	0.662974686081611
93	0.414286423941228	0.262816521351978	0.322761218337042	0.511309307367765
100001989	0.358608703950889	0.623745096620505	0.26187075384996	0.713328217935751
100001740	0.763262499740878	0.431982944485829	0.260164301637618	0.689744277472858
482	0.202462192249707	0.94094837260338	0.283602404538303	0.665714176531337
1629	0.256978174858093	0.416187515681904	0.343054396356866	0.645320857991358
100001399	0.469846596521448	0.394583711671205	0.298118580560514	0.672099482073327
376	0.793575744403178	0.139706518242557	0.168200221446346	0.785465806325857
342	0.584142398459661	0.596653950986341	0.280431475821537	0.669658246584155
100001253	0.0264716826652054	0.179189847586688	0.238225680175247	0.885171794903682
100000708	0.625196890243175	0.792085300905236	0.300556112876517	0.677713875999363
244	0.19427342297875	0.0548426922782421	0.23797101267713	0.785868025735837
100006726	0.429229931159689	0.298156186158433	0.329664270204698	0.661102172397851
100000036	0.179525840770682	0.636368453877812	0.261901360894501	0.71042703300566
100001257	0.023277929613144	0.0843422576533394	0.383930102669778	0.943030227762796
100000445	0.645374104712567	0.605258583503647	0.312286000736781	0.625366243570166
100004088	0.00404018071642227	0.113430882442274	0.333975148187816	0.744006803414314
100001423	0.996113317000204	0.758087805389273	0.287280921489638	0.644289145270277
100001276	0.333414261009419	0.246238736237454	0.25985463908574	0.575653838886348
100001876	0.814709278953593	0.873873388542591	0.279257688673081	0.673664053843359
100009082	0.629915742770579	0.0410004224874818	0.126636399089564	0.653614073737431
100001121	0.344362327358127	0.730081873550286	0.278566283949528	0.666539131582645
117	0.323203250448561	0.634166875673053	0.265850205353196	0.691022353780568
100001868	0.0340936176807232	0.101323659243916	0.341438223663378	0.675698349532976
1134	0.655218426183	0.292344953458817	0.193099463888602	0.638334510397833
100021012	0.25258424417109	0.46353270674496	0.291014845157914	0.696290140788274
100001181	0.827820592414905	0.278507203401898	0.346887168852983	0.606146634612671
100021467	0.72195040891559	0.285523189902159	0.287928525550705	0.577884413210741
100000447	0.233920830954305	0.247407300050364	0.328159426480121	0.63495497697666
1162	0.000526989751133756	0.0138706237179665	0.373127434826304	0.573006668250822
100019982	0.49855357335261	0.47165561321669	0.297245421944496	0.653188441739035
100001613	0.981651177148487	0.443689054654226	0.299293847854786	0.63850263657579
100006644	0.394435684772452	0.631697280132379	0.265312677198603	0.696853303638333
100000096	0.567514410343869	0.0208777912267747	0.178787140495778	0.637045682177335
926	0.395768792915033	0.757767824916985	0.284494900726133	0.677109929982425
100020004	0.852180006467547	0.691010197319079	0.297944527282305	0.669373518809255
363	0.182966831094135	0.0451649309916188	0.263951514709989	0.260062634731154
1111	0.401975778829951	0.980598594006841	0.29128156754561	0.700652830322367
100021712	0.683269123908602	0.80048527048126	0.282240897602545	0.657083483319991
460	0.837431952124156	0.702060859210102	0.293445854397528	0.708488196209166
100009331	0.345939466798687	0.215565842163847	0.253716989547435	0.701099057242893
100000442	0.261246946446488	0.742151353325982	0.303648759638722	0.685519471140427
100002945	0.0951948877026123	0.0187166184901147	0.368661936816948	0.631435077387854
192	0.89668534471827	0.915733811176174	0.284689205402029	0.697573664226369
100020241	0.429444409559098	0.992412062455657	0.282593311564901	0.670316219662807
100000580	0.127473230952612	0.13497389135132	0.243632924240255	0.904402553364777
100002466	0.00834380442694844	0.0281387702339235	0.243327468081051	0.428431472526927
849	0.707199658642894	0.602518960886868	0.287137576461864	0.623332192729393
501	0.508859524658372	0.391381332776396	0.314439990532679	0.62813624376263
100000282	0.668463305834541	0.121309383718234	0.365800137866834	0.560134242784903
100001577	0.0307749760677206	0.189604269571667	0.387650334977539	0.734014166413626
355	0.05082922280559	0.268310029922452	0.245139172914035	0.547743217843992
100000841	0.75098811955765	0.976414250499816	0.293145821637538	0.681261966532538
100000846	0.816003502709271	0.353040969378691	0.272797322271485	0.66450973152818
100004295	0.880090958986081	0.396140723201804	0.262228468660044	0.619262741525895
100001586	0.100734808730822	0.0457020818430336	0.416526788467472	0.330470095092497
407	0.0111101486757141	0.0304604506104338	0.328329480798896	0.735522261337558
1137	0.816563816071028	0.685312202220142	0.270352847626266	0.715758211427523
100021374	0.0366491963095073	0.0155252914882673	0.217684339713721	0.927658667229854
100001593	0.67902011123001	0.878765169989102	0.280386388996559	0.675912763544878
100015971	0.756552481587163	0.747171489185062	0.276629893819287	0.668717173261512
100001022	0.322230637530017	0.163591810092505	0.176569439169054	0.942181190816989
1094	0.0624734479782206	0.251773785173012	0.435195568434543	0.896289352187723
100002122	0.258283955929184	0.26099584905008	0.236180764489237	0.772530643670796
100000706	0.616247399524019	0.568632295244738	0.2451844123765	0.669742952082737
100001055	0.792951942363035	0.384307993690122	0.254396709599216	0.608216923170248
1235	0.386696317614617	0.685194953323221	0.271393035634577	0.702831337437922
100020204	0.0940956067362969	0.513616788057322	0.305667837313674	0.716383437970106
100015643	0.0352529803467348	0.304849847800116	0.307735360411529	0.626230360168709
313	0.0223495413932195	0.273171300000617	0.295010076492135	0.612144050007997
100001413	0.803785362184352	0.910035959524233	0.282367414138917	0.663709304883418
100020423	0.0173356429331126	0.0136051201486299	0.320724265752017	0.338246602957619
892	0.481079020365822	0.157048622970024	0.308455403506497	0.702874394067623
212	0.0586047215779079	0.123575983124477	0.386138534901462	0.64278260745426
100006105	0.192411336123426	0.18407266546752	0.323249810277174	0.684128009872863
437	0.800913785773325	0.564685404954768	0.261947298531033	0.687705244582886
100019892	0.417603326285425	0.830913270163451	0.280611779091132	0.690827726592017
100005716	0.0700295226519748	0.101963965841308	0.311454423193443	0.751262470991927
537	0.226243788837509	0.129630544896312	0.290800134873003	0.699426975406246
100001990	0.289228489579118	0.594591385120043	0.323895948816125	0.620941581473986
100003397	0.0316980051286309	0.00377065174233557	0.227172958362949	0.421247679569821
100001320	0.112809673912041	0.214743055135887	0.371265205536922	0.428773661705148
100005717	0.133623209366496	0.0921285415365642	0.332540047524579	0.703034039212795
100001207	0.032215371919273	0.195649986447418	0.321432545927601	0.680837539661259
100001999	0.528648709180604	0.832900342186362	0.27527070736909	0.75943851414462
100002488	0.221869741460436	0.0186175150450888	0.34152972994498	0.610448569155419
62	0.208641860179702	0.705523946121967	0.274924299594553	0.677140084316417
100000467	0.598025360593745	0.469148682063506	0.273802902830035	0.644535837109252
297	0.00569896636183564	0.1437920276801	0.286579703759907	0.641859877824764
100000285	0.02967419479162	0.402507040399906	0.284687828759694	0.766565774101739
100006056	0.0625373837492537	0.409516682449792	0.300706406397137	0.712297402856726
100002126	0.128423052418431	0.259263019752513	0.220861123304973	0.99313844690852
100002129	0.774094602073139	0.827910491382188	0.274855683895477	0.75888499133457
100020478	0.0338361439915639	0.208844088994612	0.253878444329241	0.701453379587442
100004089	0.0691708814339921	0.573419230649864	0.299826680873327	0.631066703524057
100001755	0.521969073807589	0.572792289682076	0.28549938061148	0.625718078926425
100000551	0.033257963331733	0.985567478017011	0.28772007506256	0.673406221133693
100003260	0.48039887457479	0.320785462074692	0.321228871213186	0.744821426315254
100010955	0.828077371052957	0.393611285211695	0.227713539624362	0.563255732365663
100020851	0.221794786537689	0.466146519279841	0.303509421643141	0.694141074085601
100016069	0.63889336181225	0.801058038483778	0.287480770354729	0.658899689699474
100002027	0.493850765582272	0.555301062886514	0.222798739505648	0.779466995041502
1123	0.377042962447758	0.193718270786451	0.273560827979532	0.796272908025208
100001150	0.703468189082442	0.993872164066748	0.286804767440536	0.671291700454014
100001657	0.285865670510986	0.71126359142749	0.284229124422449	0.65585313825879
310	0.259733147347206	0.356156143228901	0.248776333141384	0.773788278267144
100001314	0.333913603992047	0.123868079034717	0.273156670764625	0.545262605662823
452	0.725605224631051	0.669887156909329	0.315551883850017	0.646343085847761
144	0.0899518156763333	0.0558427332623442	0.352193492180213	0.531984631233287
100001182	0.219301603710619	0.167794746042999	0.34685283244775	0.657248972178396
100015965	0.742232637460878	0.478654966024746	0.270112865146267	0.740633534260966
100006108	0.954076858406723	0.519375142500328	0.294453209204426	0.704902489992714
100001400	0.706586055826376	0.638382716219443	0.269277405950651	0.66067224129402
100004541	0.283652859160814	0.206491781737326	0.281063573249891	0.423106314487886
932	0.840721511084042	0.325404548279293	0.287323668108606	0.705867938785233
100001992	0.44344504982171	0.556903811906203	0.396163426135118	0.573654907089404
100009252	0.125236173268767	0.183954625332534	0.346480727570706	0.650339966708158
100021104	0.631022314356482	0.568846134453989	0.234530857251532	0.801987414383543
100015838	0.00982883515760001	0.0367603900633214	0.40811300397746	0.925168628184035
250	0.000935464916455714	0.0215640425063327	0.518971282028967	0.771024011744358
100002537	0.969607085970523	0.450169714419746	0.263672504487505	0.790794868792416
100001658	0.821546949911397	0.693414663525135	0.306575721866111	0.658586022106673
100020416	0.291523850032484	0.374585401229983	0.253812239829407	0.646158209228778
100006642	0.229757199988441	0.729029745565658	0.27099514113462	0.696643234631084
100001391	0.0912999170548366	0.303778750185503	0.370423140733722	0.790128009284918
825	0.614530465905421	0.635430792632596	0.25179087482787	0.682107386509675
215	0.0193559354927082	0.107145296938258	0.336432957602343	0.654954560679383
100001026	0.999397782598025	0.892355270639828	0.281199470467592	0.704379035646899
100020541	0.418745265624587	0.45026958302401	0.24731063232895	0.710928775390571
100001526	0.216912382490352	0.267503945488112	0.430899094049991	0.787224335436063
100005384	0.502122451988494	0.423033415037505	0.268603456665159	0.592162240363549
100020378	0.273258172966629	0.666108123018096	0.271229028336099	0.677152485335506
100006115	0.973207164686146	0.369940549521862	0.371912934180532	0.558921957075413
1442	0.213838581847444	0.0424199167003579	0.117567414923166	0.557195294131275
100001843	0.14207272866443	0.20163884305784	0.310828698685822	0.757475790064823
100015837	0.131229291821598	0.243491628718182	0.515629471157219	0.612783324065794
100010834	0.72264180794948	0.982768583975153	0.283057808496943	0.670406885993062
100001393	0.596170194657379	0.429136572850768	0.226139856539417	0.712222618219797
100000015	0.323890858884844	0.53836982962497	0.262961608318412	0.692621176225452
100003892	0.0481011125048687	0.0537135377121744	0.249088259203098	0.931187711690636
100000042	0.1728111308054	0.0197468882145716	0.301877625725756	0.574275784894586
100020550	0.575407939820979	0.212889566551949	0.31032168669475	0.564595056611099
182	0.439891146672094	0.356661266868341	0.272769366843355	0.692951317459632
100015723	0.142819681476838	0.447532316501114	0.286418836434254	0.655015731629486
100020343	0.38597136597704	0.461903644265651	0.25442930664362	0.673678284035121
512	0.372808364303574	0.670398541389619	0.306414475351224	0.647783419531541
100021100	0.7815438581442	0.720162245603856	0.271863075407087	0.6750112145121
100002528	0.308587192724835	0.0636762799688541	0.350298331357674	0.442169192369763
100001287	0.461260536997858	0.749700226681775	0.381008510355218	0.617946482687281
100001229	0.707068278213245	0.896300630350784	0.291326219820363	0.661633627159047
181	0.385568680467761	0.862014850823712	0.278903060658576	0.691465598156475
100015831	0.00157014948125942	0.0199386842056652	0.381324519073262	0.460691061071497
100020515	0.333793773898322	0.482158848192747	0.236248691034955	0.814032460558983
327	0.231883180230322	0.27591754792846	0.340313981458418	0.627745009976937
100009394	0.612732647777172	0.691037556468474	0.264102257973137	0.705426317485525
100001596	0.908406334922947	0.240517668272743	0.256361449619409	0.506749204450258
207	0.836611932389654	0.474381125487429	0.299832198077402	0.628244777915678
2054	0.467610700622065	0.734973565943365	0.272214095636433	0.687680883606192
100020259	0.656142001904058	0.567881686509122	0.310324220891631	0.654952197163947
100020414	0.00225185651662121	0.0327190802738939	0.212804373041367	0.632131280170257
100021131	0.868157402776221	0.274201803431925	0.276681728643877	0.626049256853621
100004499	0.872893656219182	0.691136531100129	0.27518620363331	0.637833563853852
880	0.171982484548946	0.803725090359796	0.305494180652277	0.667099831655437
100002049	0.503510038896032	0.30798696132869	0.315592119425751	0.620105149277835
100001739	0.571638218657996	0.2696917817461	0.355900628833648	0.63617979418156
100001126	0.399633430112361	0.137179389135832	0.186331346940175	0.54557291654025
1113	0.627829596378213	0.81047585115919	0.299348525096259	0.641891871368155
1083	0.980043123229159	0.316537102603242	0.31318080958925	0.580714403746985
100001730	0.0790893742622627	0.189182410398992	0.331511137838123	0.547220873863531
100001412	0.58848508109363	0.966809187067709	0.283401776808806	0.677021824095764
100005996	0.737800697918777	0.584694222310173	0.274566130257749	0.641396840778801
100015962	0.007568519831367	0.0927033592229829	0.211415011858358	0.975913616449168
100020214	0.713138757097094	0.433438922350413	0.297780073150596	0.596111727433968
100002514	0.119438088521796	0.331946533014471	0.296201706574425	0.608075224001606
564	0.176665380448991	0.0508942123068764	0.258749629552247	0.540239453795793
572	0.0228073434488044	0.0194112774148922	0.426790068237545	0.530876958930706
231	0.994024041767988	0.670703059821232	0.262070187542184	0.68487032410525
100000453	0.885063830052728	0.729114693019709	0.271975115992717	0.704976037054481
100001007	0.11795280301918	0.256378493287436	0.338228075770117	0.55372200202112
923	0.623334636722776	0.341657690031321	0.268114908126998	0.725135558652064
100001247	0.39943060133476	0.462837613959733	0.267106454676783	0.647072408955819
100000774	0.569040938947335	0.885098186309181	0.295409130256375	0.686161448290068
800	0.382570371096319	0.386812934625037	0.296980819185686	0.728892207871389
100021678	0.272316187657344	0.374920350049348	0.234132146757147	0.669843708199112
100021711	0.435882629886684	0.859047483328238	0.297336884548656	0.678092772555164
100001274	0.765880827855661	0.395238569546389	0.276703977955409	0.516267829436484
100021220	0.132384777102806	0.156453004707341	0.352515314682406	0.993780609657656
100020253	0.407152083054265	0.966446453503587	0.282180249279236	0.673624593080993
100001170	0.762829002431937	0.172358642316506	0.261749021700145	0.571468693584471
100001466	0.26358233662895	0.848573921691448	0.290410882550454	0.665387139008126
100009406	0.715059776288269	0.645109191440293	0.270364253879381	0.689528455365444
1026	0.207728592698368	0.485681706994389	0.298509643971838	0.642038738062067
100020837	0.729305980647963	0.406622791167573	0.322316150098041	0.579287339187854
100001006	0.0687434921145148	0.077998304881934	0.273106041499826	0.795425254411576
100003674	0.755518438346078	0.117575737508679	0.27983338050396	0.659524171503553
100004396	0.320967819911104	0.421419065460898	0.327656538863382	0.566768936420855
100015923	0.534511929790622	0.950310284979249	0.297655310313445	0.667301586775051
100000265	0.454675302890638	0.708625247092525	0.290609568425998	0.642496058032606
100001409	0.0796428947070184	0.119759137028716	0.285897563442	0.509279309249568
100003434	0.423222386799032	0.504572819301667	0.291646257256676	0.591618003515454
100001334	0.624417991750757	0.074238053508969	0.348284546388508	0.552068031858268
100001102	0.715841492952505	0.750721720290343	0.293312979035528	0.650332885210384
1268	0.604945738778321	0.0553630535030521	0.167546192184214	0.625200647014601
100001300	0.229418688777058	0.088103400793643	0.253990068946221	0.672100901555698
100021324	0.246643474958098	0.738506232602451	0.361549961899393	0.661364803033504
100001617	0.111493630960944	0.103631822738459	0.274765091915724	0.712412049307832
1105	0.943536248703176	0.16739694929314	0.379866872978773	0.372894678332313
100021502	0.0639292528218627	0.271600189922845	0.2718372587674	0.700939995044856
2051	0.834721267759725	0.552036349548488	0.282688754650153	0.563675774329072
100001256	0.148767027831271	0.505380646592655	0.314083493158097	0.80918728869171
100005466	0.0625969449022917	0.0854143992112605	0.326861516392635	0.46682061962249
100002199	0.129228617862238	0.722029751481507	0.292392932767173	0.69097776422375
338	0.016577665870739	0.0498308499775038	0.453201262057017	0.440887030770905
100004243	0.47705249516266	0.598290193740064	0.263620799796276	0.683333502268858
799	0.446205478764155	0.949710824592273	0.292999383738805	0.669600787310234
100008928	0.569182450060773	0.0947255894064167	0.285389516528517	0.658564997673038
815	0.0762812788967698	0.255339441569811	0.291849201886322	0.743325615342831
100001456	0.00547384090508952	0.0692458482788221	0.273066091919503	0.590488990578928
1242	0.0812520462069737	0.0895020141619722	0.345383981709749	0.477847956780987
100001416	0.286528130143051	0.10806687860599	0.197116809606777	0.420311469411111
100001462	0.376330512756885	0.347660216368225	0.336647390843397	0.631375657772877
1087	0.202856654740241	0.0414696344715778	0.287190023444398	0.644431696586585
100020421	0.0684893047387951	0.105250519737955	0.329971382215842	0.432579961956642
100000010	0.00301206448931601	0.0420095478586191	0.315876849639588	0.720304452841373
821	0.520949493869576	0.388025926177957	0.319636513996624	0.525691581738461
100006627	0.255647741630058	0.143891513442204	0.401783056435816	0.567763330635971
100001277	0.373631067475419	0.167392107353908	0.330467507554962	0.633028794462462
100021141	0.042096009227501	0.188267086011361	0.315491403241495	0.771865854948801
100021105	0.188597927027248	0.283472649243234	0.297423609980948	0.492861547119708
100001950	0.000348169213994576	0.00650842350822987	0.353580833111903	0.846924147212891
100020217	0.898752729160676	0.309064039091681	0.204638342962632	0.509359171445643
100006651	0.0258548274670673	0.157767209517936	0.327450351014107	0.43168731300465
881	0.933554140070926	0.374892973381843	0.265162063580049	0.684354199874212
100001509	0.670376246731113	0.131039926920508	0.244997849418033	0.588695504445877
100021709	0.597798392559401	0.823825041964864	0.276355542515448	0.677145899078832
100001635	0.29596544955065	0.0361500599292498	0.313431343087145	0.615412770357583
100002613	0.452297775839832	0.122122126918227	0.26348118829641	0.756197697441518
100009329	0.553045505486004	0.666561424208356	0.252530328077241	0.810571074792499
100021123	0.869385976847582	0.603653830092838	0.294261837348837	0.586743967728274
100015760	0.261034878240037	0.16991895003532	0.23269859029074	0.707950127411027
100020205	0.397604603966024	0.4499222841412	0.328948601411596	0.512599315589375
100000765	0.573405174583996	0.625023209240707	0.279075063573895	0.637995175476511
100004111	0.332026653029498	0.171708480493543	0.313696766049028	0.642805794430005
100001615	0.20291426012162	0.790816635631244	0.283271738480383	0.668339271431809
100009227	0.205868007366946	0.121559434203536	0.397369931097963	0.809029712763344
100006191	0.382572516136004	0.5685970312511	0.310512567205871	0.619336313963776
100004542	0.459260528976831	0.379276674859717	0.299391897823291	0.714687886556753
100003686	0.322843124332053	0.134232001754342	0.393187083462583	0.613847517215717
100009232	0.0266873735090075	0.214325252296633	0.285228434884587	0.57495330564925
100001501	0.0465217840332981	0.0929370280157145	0.368636187221676	0.709723376446789
100002367	0.504950974802125	0.254761958627426	0.268003927407157	0.524368820079035
100001108	0.356082711345256	0.641913603072207	0.280942406177992	0.656628330100233
100004227	0.724187945738671	0.971684556497252	0.282823683530647	0.669372567722346
100001310	0.191745930793716	0.288024364292462	0.263374142399692	0.787741877155025
100001994	0.823317766469129	0.914092836327959	0.298402723562392	0.731061636068635
100015839	0.0121398532066066	0.0119481617162183	0.377019098938354	0.758620354642845
100003271	0.00587310925999166	0.0868588256306078	0.36456720889346	0.483890000931618
100020496	0.838878692519146	0.951865209059498	0.28396997789925	0.676289592457325
302	0.685407124190529	0.436023873319108	0.252480929152571	0.637594945059601
811	0.749417413323405	0.713006314266501	0.275751925983115	0.709801643545203
100001267	0.99990056474747	0.758666529262702	0.266098805712195	0.666549545212529
100001197	0.0254723118562607	0.341393141477343	0.321113048294548	0.681330149586786
432	0.224531232340232	0.50975587798835	0.297001529611343	0.656702394337899
444	0.0108257750516281	0.0589467194312753	0.32360212939587	0.79925484653255
100015968	0.344223627809551	0.379903346347874	0.280421171371613	0.598102436561723
828	0.890426937804323	0.907456028213857	0.279565763927349	0.675151078012836
100004054	0.25324069282542	0.826902488865397	0.284482283936881	0.677153539589354
100004635	0.092287761177978	0.142751771296613	0.652743965499341	0.408095108148971
100000491	0.452113717294141	0.573015572544635	0.276509943456862	0.577618294513325
100000939	0.0436856539118852	0.0323687970979124	0.303683288458563	0.562463415508
241	0.217857915004359	0.606135518614502	0.301606253801775	0.691031245041541
136	0.35889452824687	0.0701806041178989	0.249537858457372	0.852128387027408
100000792	0.571506832055691	0.960879453870804	0.28678127746882	0.723401759870958
100020973	0.583402413266791	0.649950862501242	0.298853906288591	0.648219779906834
100000936	0.76539772846166	0.851145818528856	0.282087381479805	0.673068885999898
100001313	0.00575547829107815	0.143306795796523	0.309427931085742	0.718649048935331
100001951	0.0476158656328496	0.0917075671821194	0.309373880051731	0.668602583699701
100006098	0.0178220816824916	0.0933077531072813	0.320244978360629	0.788405547171273
100000007	0.229995350727094	0.536196807628664	0.292932025324097	0.67565604444144
100006641	0.913526118127212	0.869687426187314	0.302740564803212	0.672352276022187
913	0.0104423061969756	0.0610823753264182	0.358167779063419	0.533387008302431
100001579	0.853096367320298	0.462321427874488	0.307592191534124	0.67524293624493
100002911	0.145369211365395	0.0124319339591919	0.374211820482693	0.626023590995581
100001293	0.266215762127631	0.385803014194507	0.248374823277688	0.807758724475402
100002241	0.204053320963914	0.515791585387591	0.300453604712365	0.638456366670231
100003179	0.382710771112644	0.0757420079637637	0.277197180668536	0.51636850203418
100021372	0.313431040097813	0.226601712135054	0.215146692224058	0.671356881974684
100001956	0.333900393861631	0.539410398568867	0.286456520461631	0.590150508894882
100021162	0.185936052678897	0.159870658672469	0.277196042394161	0.490086436316912
100002259	0.338109456214456	0.573028448280917	0.258811813165544	0.661627669312993
252	0.439940582960966	0.628955843349265	0.322748176878049	0.621257336352146
100000707	0.443173773888079	0.327204095974223	0.280038228463833	0.677408619544659
1489	0.672979309393241	0.0211122790230765	0.212834429175507	0.64584698138037
100020361	0.0292898701465829	0.0888397593464783	0.315456186165642	0.956061106909439
55	0.666176348960624	0.823255610202951	0.272510962712746	0.687121294358346
100000863	0.246028071568549	0.253239317370152	0.248673664492394	0.706070308229873
100015840	0.169203177392533	0.0958027573074238	0.380953955415831	0.628319485329694
100001541	0.151560824878995	0.0811132753899168	0.196642682238313	0.658647252649742
100006082	0.153394357321191	0.0570525755276836	0.369966439006122	0.665808168977242
1254	0.685046787295328	0.891871459419787	0.285055555758159	0.692768911532515
100001624	0.512106231674549	0.383000307606177	0.267645981533233	0.649205534449339
100015850	0.931334234439023	0.561793112707941	0.356165808573353	0.630781661269774
100001104	0.00333521557868659	0.0139657535167767	0.314647572173312	0.954665165457528
100000900	0.123816074153736	0.404712248041206	0.293540593805328	0.674816139150426
100000269	0.23297221965898	0.0889582478696432	0.174691528614506	0.627547462756263
1022	0.231356066004671	0.93737694253508	0.284034299055304	0.66709452689094
100005373	0.199670504236993	0.0720093098384005	0.255825694322292	0.69935653779494
100001129	0.129662079880994	0.719270946501742	0.273989663502426	0.699806565136829
935	0.0119012822607045	0.127215309862556	0.373167431368672	0.533563016252533
100001262	0.145690927221972	0.200251104931976	0.302640351298338	0.691929949937043
100019978	0.316371242316577	0.615891739434164	0.277857235953679	0.655988873607271
100002293	0.724170082015065	0.768357440996038	0.286998979369947	0.671949069585229
100001426	0.190881820045255	0.270709491512858	0.291637938040637	0.509775940655727
234	0.0365638997259077	0.163702414324117	0.278863597252475	0.649840266791934
100005403	0.245023759340618	0.951770254636328	0.295200020580629	0.667339423847265
100001083	0.0427416716350861	0.34308929351593	0.309239211835088	0.692523423041671
439	0.754612911114389	0.350863887849969	0.299548048996643	0.671127859119175
100001086	0.348240382158447	0.424382899487276	0.295745263078081	0.750444010429937
100005864	0.737919743831249	0.455774817620315	0.259416508940914	0.738010864493832
491	0.514550800033617	0.914147392772222	0.281668559008958	0.67227276240287
100002029	0.472490290514976	0.425712630192696	0.270144842172607	0.539536267055279
100002154	0.799030910954491	0.459748375851795	0.251040525270433	0.646616781295629
891	0.527934678306857	0.217018720319019	0.312141466211148	0.644743658062671
100020261	0.379818292965705	0.452570604106024	0.339978308022245	0.644493321441038
100001296	0.515448311927064	0.490783694048468	0.286367876476983	0.568134431272115
2050	0.380637927238849	0.582631454714196	0.297176745467564	0.624184607025756
100002761	0.339591569432786	0.70336576960849	0.253113161890591	0.795438232604136
100006614	0.864522527350421	0.629621171951652	0.258289704340094	0.742247340096632
100001597	0.896196941330444	0.126791089162177	0.179555302321335	0.472150971694617
100020853	0.788973429784243	0.883333606214746	0.285794680908343	0.679468596907806
100001446	0.274642574457469	0.394871449149643	0.249514756701184	0.665257375932324
100003240	0.308093052308138	0.133420321789818	0.323923950784719	0.593497750709729
100001502	0.0276766430401007	0.22337132244868	0.342448009718992	0.758874059028296
100020866	0.0933642969349566	0.0108536008994134	0.178698106775575	0.47626128641461
100020419	0.029721903407953	0.0891372934448089	0.315976184106448	0.412863256498952
35	0.528148030448402	0.266153190910404	0.247238138572188	0.617557299076936
100003696	0.0138005353253599	0.0536499761620148	0.411201135240717	0.610321704409819
100016038	0.786533866068847	0.965081144974747	0.281756290073901	0.669740017745531
100009333	0.210607533362418	0.186057851788574	0.284884915681982	0.69777798489662
100001611	0.158385186300482	0.316000869710471	0.368614972234249	0.647639907625172
100005383	0.653858064616405	0.301822388599866	0.294329869368831	0.712062315671621
100009239	0.296748562051943	0.127922403456035	0.361157393976047	0.488586678445223
100009332	0.341749790372901	0.254567295933251	0.282093089758718	0.637187691313079
100001731	0.15471917618706	0.645363857651983	0.290938491173926	0.646340496037263
100003415	0.360446091986995	0.445720178135133	0.269936923387831	0.692223473843211
100020578	0.138198472047908	0.203950022800177	0.267398944312128	0.56800191948127
893	0.790600061837816	0.562915238679412	0.278085613782569	0.685355493432839
100000963	0.305812706286124	0.207134488777902	0.373626439119542	0.474078120571518
273	0.13246595398479	0.290678985243624	0.336797441028113	0.664035517728291
197	0.455528690883823	0.423807052312565	0.278182961877641	0.552190768184643
100000808	0.305103816339549	0.23749675887026	0.264474726791273	0.828267595201247
100002284	0.754655676104937	0.373089701447608	0.187635080970848	0.612701796509
888	0.943706036773331	0.0756386450398017	0.305863030947515	0.652343378371596
100006435	0.522743203310071	0.3109375430701	0.215304848604122	0.98774048861163
100006374	0.201521488070165	0.559603060251244	0.290695579472172	0.662097487410648
100003169	0.569259750634878	0.980229537784797	0.281755626883609	0.669788047611532
1004	0.616238022501062	0.834047229859652	0.273170178831925	0.656343438730427
100005998	0.0970475342928763	0.898430962613045	0.298497556065258	0.678733376683587
100000773	0.65578116693989	0.542243162390358	0.288887741427752	0.653857197036121
100010850	0.0150926154555012	0.113423247649318	0.341172542326888	0.544062510364089
397	0.858003601676254	0.358908530805765	0.209456254355645	0.737155792075282
100000039	0.068691538465269	0.230605082461692	0.234507554934437	0.723540618788422
100020833	0.734783189235648	0.776527958267858	0.290477663805072	0.709804385927873
1021	0.412844924278485	0.349362281649002	0.263242910837452	0.709876039569029
100020479	0.364029389910659	0.565255496672229	0.28571116863001	0.683372498245567
100001335	0.539715649496886	0.33876193477815	0.317805613762865	0.644136370077661
100000743	0.560825033397934	0.976653467195694	0.282332112056571	0.675848336084117
100009246	0.177822894583669	0.649200815979681	0.272426406981927	0.702248174052911
878	0.183915944948394	0.772417795109482	0.272711403178753	0.684119884055398
100021103	0.726864273605816	0.87666717043148	0.293956528122882	0.740982802134333
100021363	0.239129623238006	0.573407084037855	0.263711660082809	0.711714180798186
266	0.118651687631656	0.201865315481977	0.292488014213774	0.591736723154789
100001195	0.332389111030911	0.233244006687182	0.358141036766802	0.602680360940981
100019801	0.778106202770754	0.707883384102862	0.295617972580444	0.657895806023373
100002196	0.0399076400763845	0.278297978999584	0.296384350977664	0.681536330974675
100006370	0.219363854886291	0.898598693259741	0.277960883411512	0.676428914918549
100001510	0.0302031722061451	0.00391160941265154	0.239653454766505	0.773460072773037
100000437	0.545792061183747	0.453937501254941	0.26913238246694	0.740915054285322
100001767	0.130889830143448	0.0256361544534311	0.354757343129428	0.737363072049624
100001810	0.393371316417189	0.466220981591329	0.297934503382289	0.840767512990461
209	0.0345124833977451	0.359345435699029	0.326004313613626	0.65630766161812
100001485	0.238066626152786	0.0864553253821851	0.171736796351066	0.595771741985227
100002500	0.121920327325115	0.449226340558489	0.287850144567083	0.642079233434548
171	0.0291102016498795	0.0247040185432599	0.214195110117281	0.673594987966764
100020487	0.983827705836295	0.850222896184866	0.303315598594029	0.642388150048089
1206	0.0072300196258561	0.119420041811235	0.287050497600727	0.722264980391146
344	0.0117742548292755	0.0259961726044588	0.580905956195048	0.76624211145951
100001405	0.479798152375309	0.89909350551834	0.288324023891341	0.662145011163596
1239	0.974266048730187	0.547990406712666	0.310880644362965	0.677044368951415
391	0.0624691854462046	0.182661901837505	0.265388469414223	0.880965960845073
100006430	0.44297618378106	0.16910209684533	0.360456436469544	0.40325481552679
100001417	0.985655925070834	0.547994465925382	0.273371231330767	0.772228803036277
100002951	0.0541546856787327	0.445871117258992	0.278075116705017	0.587582193237106
100000014	0.426382216255315	0.589566918419825	0.275922975699907	0.710800680357931
100003926	0.562171877174468	0.477685344936545	0.30783462112526	0.651751451999483
100021538	0.497856554579743	0.359120395904053	0.333543938044662	0.583310045706636
132	0.337935890060205	0.978122224893915	0.282989950554492	0.670476918013981
100001425	0.560145561176923	0.534120780167029	0.357427577522187	0.606568504834647
100020262	0.614235865823426	0.659158657598352	0.304150529183319	0.658085012562015
100002679	0.353486911922122	0.692587236140282	0.267810950712846	0.741242877130692
100001270	0.732210468139427	0.565503488248042	0.29056483929563	0.648070255075061
1102	0.856950460239294	0.952772875956351	0.28522779153008	0.667346580837493
331	0.263703292511121	0.209309091382451	0.234467746339952	0.567089555131884
100006361	0.50904118762067	0.618138558773794	0.261224664959799	0.744540282636248
180	0.738059811353	0.992200276501461	0.286852053352815	0.670240153308249
1053	0.301426558026126	0.434862101600408	0.42915580875295	0.739905727748035
100001359	0.646961356737677	0.913429918521065	0.296210667016601	0.660398763809769
