chemID	simpleLRM_Fstatistics	multiLRM(chem_sig)	multiLRM(sex_sig)	multiLRM(age_sig)
100021136	0.0156677010556824	0.149157372455892	0.282264610541049	0.781530647221111
100000882	0.76358283568409	0.753470843768156	0.253208857532408	0.645248090059139
409	0.038141708015442	0.0721928666287256	0.285214651880845	0.344921508440175
100002254	0.740677344175521	0.0474600502092083	0.167276323394302	0.646061156388654
361	0.00862546256420866	0.104657940785085	0.174530491841392	0.636874316844321
100019975	0.607714172145905	0.649344127667104	0.24622078726353	0.684923637049076
100000257	0.000569598640505258	0.0176528793084751	0.242716598224333	0.593120135751324
100001232	0.898459874255974	0.950800088815621	0.24617215610686	0.668961224363096
100001948	0.314386677543402	0.347578526914895	0.262363644533883	0.517243477219612
100001073	0.523542051361643	0.607004613017852	0.319574500369247	0.573269628461476
100015637	0.861443512350849	0.508124459843375	0.262369737989028	0.659843320911127
100006360	0.600521912699764	0.678029230714307	0.231169909134154	0.731557759483496
1488	0.633219496456942	0.68580459253894	0.248995075887612	0.645803919194075
100002253	0.798491821207593	0.945605069314239	0.245066188093559	0.672557877841875
1023	0.969114132279382	0.751493079885512	0.242648428374998	0.649815465106595
100004284	0.69725834397712	0.805053251868806	0.240897332010867	0.671618256736419
100001251	0.575814492569014	0.847769234388097	0.240768203008688	0.659129809443886
362	0.69866870982594	0.501447642820389	0.223256250888111	0.658126096805408
100006620	0.690846839310672	0.99142237080051	0.245455154752998	0.663860876526342
111	0.305439744865829	0.138813142585559	0.19954823647284	0.631893027215895
100009045	0.645094192687533	0.264482303088143	0.201896208134909	0.824232012398961
100002927	0.656873219686143	0.802789681948686	0.238775142468272	0.690307915286248
100015641	0.672306561589316	0.782877370394636	0.233570850072585	0.681932012717935
1114	0.11551867266303	0.913019157247364	0.242580621502644	0.669236055979348
100020409	0.355426571478627	0.343960862903941	0.246442630643191	0.531259961609724
158	0.0930123854029201	0.195278092126787	0.321382129794132	0.696624564344655
1224	0.0488893989510526	0.206873613481042	0.18833461602845	0.69892907542066
100001620	0.624742243230822	0.52521467856689	0.222853250918393	0.666426494816541
100020893	0.263418461167075	0.0627287400341705	0.220919361854789	0.387439458719712
100002458	0.711363688785403	0.606106278549376	0.280828126320881	0.616756702990439
100001112	0.730101097508277	0.87881416869417	0.246620117616435	0.679151729658075
100002953	0.406155038962891	0.804445760168314	0.24266080654376	0.676118618079424
1141	0.320072273501236	0.0404251681688521	0.318529817641166	0.475072778351617
100015834	0.444990258686137	0.988777298907284	0.246888471944752	0.665856961198079
100004561	0.647346318582219	0.971688381233381	0.247028013876326	0.66334792064401
100020497	0.893793903652911	0.690696177004951	0.228673922786764	0.693863537325081
498	0.0768215839934095	0.471243853296907	0.24770623179247	0.721515354076586
100006051	0.936382203073591	0.944765585036403	0.246978360606996	0.662764029060589
1668	0.670611693139696	0.500579864118571	0.24090817961265	0.601095977664324
100004523	0.282484293246484	0.615623308130612	0.261760008593484	0.610491735807468
100001604	0.240838492168474	0.538408250575088	0.241695962120073	0.707640536154535
100001002	0.167143994508294	0.557109930218403	0.255523934632414	0.650876519288255
100001987	0.0459068444454123	0.244514149220519	0.78373744488439	0.517724108219402
100002462	0.673138794102447	0.417938955814103	0.293119190165057	0.563298172170071
466	0.599767001853616	0.0812666735828831	0.269381879547061	0.640758403569526
100000665	0.952526480708941	0.471002359201585	0.272907863131176	0.61066705747369
445	0.899841479215431	0.411909231417537	0.273398869764229	0.716543014025267
2029	0.231494090943778	0.671478204575773	0.257987901656293	0.666018487213784
100006438	0.12383020960679	0.246107819604638	0.28913174538738	0.677865659299062
100001398	0.155444837400292	0.542013004143252	0.225681926201826	0.687501532435184
235	0.446070586327795	0.45194011867226	0.217116718591647	0.699683106818046
100000997	0.738396494128811	0.81419010738954	0.246482551728905	0.650429359779996
100002094	0.306474564978669	0.278372114062523	0.20998245564638	0.542583395734378
1052	0.652347706621457	0.961698726792358	0.250323148067225	0.678057602836424
100020823	0.293955572184175	0.491801289156359	0.224953547434582	0.650493549635517
100001806	0.263517760890537	0.621605484863563	0.289614502878516	0.674062943458908
100006092	0.816912384101245	0.916997381774942	0.24850698435568	0.657638497755693
100001415	0.118733747745515	0.0868403702779048	0.248384352840429	0.396079152671727
100000008	0.0127523940091018	0.0222867891424608	0.269760435828896	0.448724205945659
565	0.00660006538276467	0.0430670594954863	0.242411288290454	0.743969099659531
100015851	0.147734747565695	0.168127984124604	0.328507080512977	0.812577151673216
100001866	0.344873914925019	0.749371903563743	0.266918750444239	0.624396854666102
100020546	0.00231578906898425	0.0247149863835575	0.471656302943521	0.866241036924846
100016110	0.503763560161847	0.381325886522579	0.194482589355687	0.768953779610493
100001254	0.00290206546470076	0.0128282640123421	0.321536223961703	0.877487683826833
100006260	0.29847113773713	0.733449351449301	0.248879247275074	0.658721654928064
826	0.638517491948138	0.814033220227242	0.246308677898879	0.657973975746383
100001872	0.444219163796437	0.81478265322917	0.246152134788907	0.664202876211302
100000263	0.272399802374467	0.285953596741329	0.318315889274349	0.655461721260922
100021198	0.810066138128111	0.0482290098986772	0.160832642546878	0.3665325023334
100015967	0.0359486216545915	0.0900683330301158	0.308573249267383	0.488283044726045
278	0.161084629249376	0.369536058242673	0.231865378238233	0.906465898951583
519	0.796211106197121	0.388178268526453	0.29221319348857	0.607699488165128
100009337	0.100112211068552	0.325417297475156	0.33593540927045	0.649771758822152
100002185	0.337804454369327	0.905708880803458	0.243294306959631	0.655684334258177
100001278	0.424831358375761	0.316857394313124	0.301271762932035	0.621314974273066
100002103	0.736694460612727	0.71023188109942	0.247049752943472	0.628657467866515
980	0.84838141439905	0.505327082562603	0.27104401140118	0.647787037700711
100000016	0.764928849992158	0.359499750900885	0.240295749470482	0.634035823587279
100020372	0.188436493659628	0.494644805539956	0.243417614635039	0.603183868367693
100001662	0.817750725261153	0.181860759952899	0.108006398685491	0.671450178121658
100019972	0.919291860367243	0.696144986459374	0.252477090289097	0.652036524634589
254	0.734697627877984	0.692970909323984	0.242869434709989	0.668406390316278
100002009	0.627845750596677	0.662900301975006	0.241940219082566	0.581550162706855
100010895	0.385643073230511	0.433781951390732	0.299772512190466	0.638997006718952
1140	0.897947501461426	0.986148271182712	0.244457935441547	0.664920340882776
100008951	0.654938825737585	0.563097988673728	0.262629594397139	0.629217753586696
1084	0.375152950845758	0.77633528114666	0.245763480381774	0.714610120137717
100002796	0.10160612452666	0.312371416057482	0.212155547847162	0.598534358427446
358	0.866554897607936	0.993422247647564	0.245894091627771	0.669314848663487
100002070	0.960658376330272	0.865033557578828	0.242817071474873	0.679468787142941
1628	0.388167092827149	0.159531110789396	0.298635068597175	0.64963596475794
823	0.857504997475485	0.686554628276288	0.227109410398168	0.703195405349724
100004414	0.489902034728558	0.110520377566975	0.321875115787459	0.792016656388681
100006129	0.66320819812829	0.643658207258274	0.227934998519131	0.681238464292293
100002028	0.575333413593086	0.388287446489239	0.352593680699336	0.445147219695041
100021707	0.527946258400544	0.675572734096805	0.22542367396826	0.708687028425472
100000054	0.332222641892477	0.392050185983561	0.229787685301872	0.690010347610767
100010869	0.437206257312214	0.19726603198848	0.252888358309836	0.526275468366092
100004575	0.029215851291456	0.126008545809193	0.310907070396435	0.975233459456933
100001212	0.971397283484281	0.652344711999687	0.249173132639398	0.601546428307147
818	0.185946004247326	0.544842468668306	0.282877337941644	0.614136540845188
100001092	0.00196475645832905	0.0240806966189969	0.245946948940572	0.651779248751325
100020371	0.98290377386434	0.8545258549399	0.249245551279733	0.662730787360036
100004112	0.193635140492986	0.528125356624928	0.261088019966693	0.670686910496013
1125	0.408895031717217	0.334971401706649	0.272292477177621	0.700285981883862
100020491	0.845190795097856	0.55082214096332	0.208997029193216	0.676588223219174
100003151	0.00213564031022001	0.0208023145667262	0.380496687620701	0.543271804235934
100000011	0.39117570787509	0.177236967458654	0.187141198468102	0.76761658687153
100003594	0.607274354464401	0.854253969499498	0.240980959706884	0.654464894541154
806	0.746012201840135	0.163219057040041	0.240991371771023	0.470862550156385
100001211	0.833574066441129	0.460732630125488	0.255930414779673	0.639142890674022
100002417	0.692521358370388	0.442473152946111	0.23233692030919	0.614687553274434
100009335	0.518017971929124	0.189060401936836	0.196573867221403	0.687646505189416
100000781	0.615705567219441	0.814544937824602	0.241155093937124	0.658536947920697
803	0.031487455312294	0.040743866772925	0.23249228137845	0.541605244665037
50	0.477931544261318	0.716004785806302	0.250397778432974	0.648452655439347
796	0.390638247085625	0.0565972780397914	0.26734079389341	0.644481255382604
100005834	0.966815070347441	0.708532210647338	0.2811166131255	0.660320231233958
100001580	0.979803920319131	0.5975313959392	0.264099807030985	0.66498404020937
480	0.808749715366673	0.63387599382097	0.220243830403417	0.67011635940503
100001540	0.195017230921515	0.670555718409255	0.331205652866635	0.758917488787745
339	0.488332444069555	0.0823261350457785	0.216194425279813	0.564337060837496
1110	0.959922580666427	0.998185537250058	0.246733898358612	0.676666004626713
100015836	0.143569383091152	0.158105476998219	0.3737343837774	0.846668630931411
100009271	0.568599498816507	0.562052894457961	0.274585248015924	0.646824484405946
100015638	0.897775606333381	0.496264440408089	0.25847754899423	0.648377588698335
100021667	0.964035517935422	0.573808400382444	0.275549122020065	0.647863168894476
100001279	0.523007851681999	0.362295763185338	0.264383001633437	0.788435542264048
100004208	0.0172460124550971	0.118088313588983	0.380358729741688	0.782142575876547
100003695	0.243092445913514	0.182389543265471	0.265085544846699	0.467694186793793
100000802	0.681184131559618	0.920900132283351	0.243960674684526	0.667068150336145
100002769	0.666957486093857	0.0363689208190925	0.151098612966273	0.816008119493864
100015835	0.0959793374484364	0.285126789985152	0.376002267181478	0.866379803968774
229	0.90788235070964	0.430588697309279	0.275768697420795	0.65866764518802
100001266	0.00784060124248169	0.0359995673635732	0.315239840418013	0.947039190002159
1342	0.287100270214932	0.332870560686163	0.207377534076641	0.682339406550765
100002102	0.935164363224528	0.703014464129009	0.2701371159995	0.731437689140702
100020254	0.141239442970536	0.475297815321421	0.236247707188656	0.700299789728812
1231	0.511642184536197	0.274335655890268	0.293663761886915	0.620043507848907
100020492	0.96497301869942	0.901955170334108	0.242696521054415	0.662984565838461
100001402	0.225651795042887	0.410727742664943	0.276793367594606	0.667178057790753
415	0.00585693876477975	0.0772830438117335	0.295686944193293	0.727270549595788
100003109	0.996069010253871	0.998777706595481	0.2455838048992	0.669366930264627
275	0.46308468448889	0.944774292828671	0.26121331330327	0.660843371509793
1143	0.17184653371573	0.0712928296402695	0.224078836328746	0.76693074642469
279	0.355364479345029	0.29502923869665	0.2436392796246	0.518012722563536
100001198	0.969942907260847	0.876984314005564	0.240859038534398	0.676395024085787
1648	0.427194710382218	0.988947335994753	0.245938487868899	0.663885762103433
100001590	0.325051921385764	0.269156970174828	0.234328269373177	0.580739371370102
100001733	0.349758483698481	0.735962242785594	0.239712084755856	0.690300328653317
100008933	0.0132401688508256	0.00204289702507622	0.340331358253545	0.618178812298056
100001550	0.311217051361823	0.534907843111621	0.232950896348905	0.617386416938495
1215	0.0805326540603471	0.272690299990343	0.208530869118625	0.621416679998519
100002356	0.297172900143591	0.129814271497954	0.297528452245802	0.671941101244117
100002749	0.596977896938083	0.672731792271115	0.248063699124698	0.674568497167627
100006379	0.177478640181458	0.173832157267088	0.288764731544224	0.423085014230987
100015966	0.0830041345191631	0.153726014843	0.269705913413006	0.491289973080205
100001392	0.575451872045629	0.895612955875288	0.243397610334673	0.665984372566909
100020425	0.0825927641750683	0.0236389345023591	0.189001177734714	0.387847394360125
100004299	0.271855048994153	0.736281940300882	0.265153761295374	0.727052745870134
100001734	0.558660503451482	0.510126788363639	0.258615028687361	0.60107192676714
1002	0.838076922784273	0.85311470261866	0.246019778318053	0.663022383846892
100001337	0.276688255801976	0.716226371843805	0.226710639917753	0.666120916615337
100001452	0.785882972564974	0.780011804445257	0.243812511851316	0.638535084493308
314	0.511972627607128	0.37002913282728	0.255491441786683	0.682888828472657
100009264	0.990457450032791	0.53832814588697	0.19492387595905	0.787334561331188
100004634	0.435585656426914	0.487180418889392	0.218567463466491	0.681086985390577
100000711	0.833413337644875	0.846714541677642	0.262269159229114	0.67695716440592
100020536	0.0172896597901664	0.0892033507818919	0.302120912586288	0.769634394843764
100004318	0.36364390116458	0.614480596923409	0.25335089375954	0.660698912908984
100005850	0.9709901329648	0.564280635218062	0.306196720620434	0.622298607187504
100006619	0.301061769284885	0.150499291456174	0.277660748132443	0.649210324077102
356	0.352704827420887	0.556333240322996	0.230233788515788	0.684655413948797
1221	0.460090179661981	0.516017379326688	0.329224291708326	0.708017401182071
100001397	0.722667421391356	0.803694625222659	0.244256703030218	0.656845058157479
100019981	0.532294319678578	0.726608411218767	0.252816121748984	0.70567005395245
100001208	0.415526961293838	0.235985303792682	0.212403758370231	0.958141676418939
503	0.0103172473662334	0.00726267393171695	0.14347731900191	0.497607164583056
100006375	0.187877492846983	0.764299254393234	0.261458427279563	0.651303774083896
100001295	0.620535926103063	0.486789256631978	0.235313311843818	0.790213927097242
100020427	0.0351768906949905	0.015948510988094	0.225834186302447	0.34007243329222
100002784	0.354232559424596	0.199116246325035	0.186673284300208	0.766666114012741
917	0.0503037546295042	0.183715147532038	0.270154618080895	0.611418427465325
1869	0.358588816078988	0.179987668139411	0.266370780319565	0.541473193342708
240	0.256116346579919	0.112933156572427	0.153377139962456	0.472094354641419
798	0.00465940810265448	0.0912074914886793	0.367728111120823	0.595237562389655
100002952	0.376036208089078	0.361870112004388	0.240610517399922	0.770706082377844
98	0.603067580356619	0.843944503130952	0.259270108614692	0.669345828340788
100008998	0.249813114823806	0.280264065601592	0.183893938229951	0.735995976463804
477	0.820040753667251	0.353608710691425	0.250926947597486	0.659765652721587
100020545	0.0839707581822166	0.13404108525732	0.287522507032754	0.834271318941803
100021666	0.937933542387322	0.28556545069345	0.279383074574173	0.656557297225943
1256	0.588475922319287	0.771905030173218	0.281392558255776	0.692020822906671
533	0.302504834326347	0.0584998428842198	0.165355653421373	0.40283771492026
100001757	0.474922808613314	0.737874721365378	0.268950070538331	0.6506730357147
1024	0.324678482502435	0.111769502286936	0.167233295689836	0.897711462379306
267	0.509086028377172	0.897919183306915	0.250079411132561	0.659492374155155
100002113	0.0742234393695413	0.0614557890338992	0.230180771883633	0.690271153614872
100001756	0.68717551532835	0.715806558139027	0.231082906284136	0.64058033928262
100001193	0.501494344092007	0.220969813267813	0.306187006978469	0.615707880392516
100001668	0.665884074722884	0.98913834154497	0.246694803186842	0.666031929590412
1124	0.236283895672302	0.194630227610031	0.2046904858446	0.787224579265519
100021331	0.188717438764972	0.349665914400373	0.231603727491343	0.702990895751772
1090	0.0667589536537281	0.0472450944743341	0.234361647989058	0.805541007210935
566	0.955531154374546	0.279696856854154	0.172202601455327	0.6664822641122
100003119	0.511883249606046	0.330688456746937	0.27369798994231	0.607576763573296
100006367	0.796679932830794	0.624624861993725	0.253585170460827	0.647066277745432
100004322	0.20643405501557	0.235674034569598	0.252142901292353	0.751414057873905
100001034	0.631216961060768	0.8487642540273	0.243359899121571	0.657354987393439
112	0.759586756209339	0.722565827916212	0.248860888159031	0.603176264760228
507	0.699701172325479	0.746189642856354	0.244123020486825	0.671821052487915
100009233	0.311961707843318	0.187381259967218	0.225122442436188	0.682833921109934
100000406	0.0123000971609626	0.10453933024947	0.410244377930292	0.45260581203149
100004046	0.307815370788158	0.491568100984352	0.181173409374223	0.609646599069574
1025	0.785875170902775	0.683675064118957	0.236038798766084	0.68465292331353
100001106	0.154704822230345	0.155179917453469	0.197384848838876	0.697395048369531
1128	0.0238192941629551	0.474192668444985	0.283887691905567	0.728948722878065
561	0.0388115304519242	0.159535430152757	0.161935810005936	0.575661033573512
100001614	0.883978848502511	0.380396199756358	0.259041644141745	0.641051590056482
100000961	0.850071830815859	0.984483135258018	0.265887152432213	0.672974993891116
100002397	0.942168599798448	0.634317379561644	0.246495792591426	0.604148112133443
100009407	0.937287737932627	0.91457843291316	0.243233215674455	0.673671108656115
100002910	0.823093575868883	0.634245122877513	0.227018493722339	0.607176728870139
100005946	0.225882403685956	0.306385329511687	0.286687397152134	0.772059488728314
100019794	0.128884996724064	0.356954729529022	0.253195007871824	0.806901214660103
100015759	0.323806064887216	0.0996101257703172	0.206823168961502	0.669955876291729
100020417	0.635814798731705	0.56238513368994	0.229379349142787	0.633493408706826
100001054	0.813803488981513	0.976593720310272	0.246342626072151	0.663944898490054
100001437	0.252028652945619	0.289254993202985	0.195981770820125	0.581618511663247
504	0.304560905201862	0.845461181172373	0.27619652851668	0.669396332437062
100001988	0.490181389556869	0.696322784205174	0.241979907204457	0.803083709713336
1082	0.0378215270747796	0.736307046674253	0.267737116128894	0.683559592104445
100001403	0.220803345802082	0.266590313725657	0.271653776552807	0.639072057073933
100001664	0.899102072155416	0.504862345046705	0.231445327557261	0.854636199440399
461	0.265821983953949	0.257913013000899	0.387731127675754	0.6395412485833
100000463	0.701425392012159	0.977628946422789	0.249443573317402	0.663930382546301
100020208	0.624497441885007	0.591559089248239	0.276634835050487	0.572457846585491
381	0.551514112150691	0.0713537758345036	0.107739417225964	0.497205466702612
100010901	0.078838150247585	0.0572675397357844	0.248188356602127	0.792333733107368
100001468	0.280388007473817	0.931307548136499	0.249820603657302	0.657933297172879
100000840	0.892766673424482	0.934404947868887	0.254384427184816	0.671642869340064
100020014	0.255335413148688	0.609295416467946	0.240855355537052	0.678707430033187
100001993	0.855279914206022	0.663742794207237	0.216137249282062	0.797146080379932
100001051	0.112862220943065	0.0267222081856534	0.272750946436273	0.356692722799306
100006116	0.415069639334664	0.525344456994545	0.250920427746176	0.666066396973741
1108	0.951299079048886	0.958958574355004	0.24537702467659	0.669781441432748
100019966	0.398835113365383	0.166302513963872	0.294511812520827	0.635965816826723
100001743	0.657629408769439	0.42345189768557	0.239340772410317	0.649751097207925
100001294	0.0917497464609605	0.137961220349656	0.161507528915429	0.727143094882333
100001609	0.198883612579857	0.0760837770509741	0.224988706862359	0.764314011636811
418	0.507194119409318	0.806208502459332	0.249602144398245	0.641171167270301
100001178	0.428514257643165	0.882522631843453	0.243427601111733	0.65014987682152
189	0.981723346848674	0.648462531542602	0.221645493432443	0.628182211697809
563	0.546565563791893	0.82617862008219	0.257762895659601	0.651347487492925
424	0.652432945099858	0.523289741531311	0.271629471206871	0.649150786232745
100000776	0.133301584898685	0.276027309519558	0.290286453531518	0.670809890177188
1001	0.913318400201172	0.491207974965148	0.254699100033039	0.670423234750432
1135	0.210727140246809	0.0804306181839639	0.21975087432563	0.719630847388047
100021093	0.334838201476767	0.451511303367973	0.291464292223142	0.689731670599246
100020219	0.105881844710938	0.207524451211839	0.254218508979931	0.551561179127083
194	0.456387256275488	0.844084702944937	0.252662560318049	0.640817238937329
100008930	0.783084498063587	0.717015781814611	0.263321078341722	0.65003468936643
340	0.54488240728015	0.179313690919365	0.137124176850046	0.755582238676029
100010896	0.957248630569566	0.770628978972829	0.233637908729688	0.670700155763707
100000787	0.233367007419296	0.113014842914475	0.241600413619328	0.385900558081441
100000639	0.0304870115333107	0.204242942669187	0.219734851309079	0.670263622814704
100001851	0.959819428244299	0.232877308449303	0.272458326331186	0.438048589657825
179	0.652823676470481	0.547167689051831	0.238628887430861	0.681228582159999
100000626	0.45087234660322	0.792151322135591	0.255009571890448	0.665197550276535
100001605	0.0104551782220054	0.0964037716422189	0.318989194129938	0.753108436077992
330	0.121927915835656	0.222556047917981	0.277585514733633	0.457639897240002
100001162	0.766842431325117	0.602766980129977	0.220125328681784	0.632207036554199
100001167	0.0305290668801124	0.212893450536237	0.236211225677029	0.641864418862284
100002067	0.492771152223184	0.699610338374776	0.33739875877543	0.575450400961358
100019968	0.407212144833184	0.183648202643507	0.279300169296458	0.566777877130468
100002014	0.97990085323464	0.981965182978664	0.245202032148443	0.67958712734079
100004083	0.390829433750352	0.110373683968662	0.276136625870271	0.519869353869304
100001315	0.313694289374259	0.373946317622301	0.261694947067573	0.73472419120937
535	0.228588407714609	0.59596936133941	0.263968387997871	0.656589290969482
93	0.266396965677132	0.181002857577291	0.275117290373821	0.468899975724644
100001989	0.353398331395333	0.5652596635307	0.222216123325508	0.715487286055329
100001740	0.230251749874021	0.717951803962643	0.256094596360121	0.64636963264187
482	0.143910384324729	0.783616659679084	0.24630623971837	0.636530175155454
1629	0.257794918345094	0.465591143714016	0.291772045987214	0.64175316996145
100001399	0.352087972395709	0.351081212740908	0.254464485212465	0.661557710928516
376	0.7512784455795	0.146025217378008	0.143219163302215	0.774871799305604
342	0.623353906919258	0.560123361989448	0.24404026742572	0.662261483407663
100001253	0.0236535249029782	0.165776611727724	0.204786833837471	0.883158790030072
100000708	0.649270041828092	0.808355487213512	0.261773143100854	0.670884033298585
244	0.199110803184462	0.0556431619212034	0.203410847314309	0.779671331175795
100006726	0.451562752360732	0.314112693474386	0.290381520959143	0.651043732673227
100000036	0.24296687090584	0.477566072192446	0.213120002721404	0.724652636578167
100001257	0.0214024374760079	0.0861919150504544	0.343678146682895	0.929609243168451
100000445	0.563995250656707	0.730173296179307	0.264270891347914	0.635470157669542
100004088	0.00593282429037349	0.16351581936702	0.285945892759103	0.731363592930496
100001423	0.998074320253409	0.752540141514015	0.249001007504815	0.637745893157488
100001276	0.283974187402586	0.215887068340674	0.21484430546507	0.566754451125134
100001876	0.867197258284198	0.845131543801849	0.240993939373912	0.668288142215564
100009082	0.658637257082437	0.0410931837158715	0.109523000379308	0.64485619112027
100001121	0.359321249565397	0.734962969471999	0.24186465518811	0.660165631567159
117	0.319219577885798	0.633155211928767	0.23028430407351	0.683935577154157
100001868	0.0401275905884199	0.117169950112391	0.296560000437008	0.672637373893761
1134	0.621809004875425	0.285647766742669	0.158947264776939	0.630957963228286
100021012	0.251407023734287	0.487115961022917	0.252603445236395	0.688142265019707
100001181	0.759632176392077	0.299451652387108	0.303331000224144	0.598321768824706
100021467	0.622530323440508	0.191574504477826	0.247635238306758	0.552454791211449
100000447	0.237873759710397	0.247011780453252	0.286619736111422	0.630167257297475
1162	0.000550280503198377	0.0131891197471292	0.328647572716419	0.567551363672296
100019982	0.460145558683321	0.497938348188084	0.256968153443671	0.650411057566445
100001613	0.985334561877849	0.444635607368561	0.259418535570007	0.6332537793733
100006644	0.41289876644388	0.639395537939881	0.230216978807932	0.69031074090062
100000096	0.421653697814226	0.0103661245803663	0.13696354283323	0.627343410036785
926	0.504861809520345	0.706451690797414	0.250627396564969	0.667738975400309
100020004	0.900816637083771	0.700607088818461	0.257745535438482	0.662629527101289
363	0.192520307348683	0.0449398724853182	0.226487847455609	0.257194054212971
1111	0.365115642899371	0.947389919227967	0.246655148295838	0.725627963322906
100021712	0.453697184749187	0.936953010944717	0.244938825702579	0.669266713696334
460	0.854181632784446	0.706540456552632	0.256390203508018	0.701308461247629
100009331	0.327764434223262	0.202645691727318	0.219469273760885	0.692872751088302
100000442	0.279049550091892	0.756650388258901	0.265047025840398	0.678166142392541
100002945	0.0998803554678123	0.0219328717612713	0.324841767273137	0.621738413407227
192	0.62157720490778	0.779874722414417	0.281086976937154	0.623812636172282
100020241	0.413053429442112	0.931103225172626	0.247333850511205	0.665460210399408
100000580	0.171406887035042	0.176857277381683	0.215489110586597	0.882744355719144
100002466	0.00699937488061296	0.0269038488509769	0.197684366534258	0.415249857523177
849	0.735825092970791	0.510179368999148	0.25373935034989	0.604442349430728
501	0.47733670575095	0.348934068616648	0.276654614771928	0.618335449723982
100000282	0.588942591498947	0.140221617882239	0.309413226255867	0.554936587534685
100001577	0.0332309047802807	0.202722702681521	0.343262942556218	0.723772572596494
355	0.0935910271202649	0.282546188743287	0.203670484197005	0.561625291105494
100000841	0.822038649836783	0.957280283667826	0.264922928020315	0.662836176157885
100000846	0.829864854181121	0.346499929797637	0.236728315119194	0.65775650481978
100004295	0.766115815072929	0.283668822804903	0.217628074888987	0.59998560568924
100001586	0.103152774144647	0.0436142811679147	0.359889070724621	0.328433431759819
407	0.014840139681513	0.032054119553375	0.285255793349867	0.74035608490641
1137	0.741699328225627	0.618349746044411	0.230963003167216	0.719113017580549
100021374	0.0296745820727877	0.0132002448496988	0.182256698315749	0.927891678399753
100001593	0.605595177671512	0.956508506048415	0.247379276264888	0.666484054753442
100015971	0.85488581699661	0.849817083253932	0.243242228164131	0.663164878310738
100001022	0.414644860686272	0.219924196203718	0.160234904991928	0.909061357728861
1094	0.0634099522571787	0.293818763775821	0.375602229980539	0.870184790251261
100002122	0.327295380711927	0.271371339864172	0.208848546658476	0.764411277652897
100000706	0.581790428004854	0.545717273232826	0.209636032197959	0.665341771191305
100001055	0.792773634293141	0.415539308988004	0.221542312351547	0.605947453990431
1235	0.426664932342792	0.573674514610623	0.226801069289507	0.713928847134771
100020204	0.079393666948707	0.488133746281163	0.267873759899607	0.710924642689145
100015643	0.0277586053456868	0.255374419422323	0.269274059363288	0.61327872492636
313	0.023132161435108	0.267721049152087	0.260526581747901	0.602629278063486
100001413	0.842852252763332	0.819224168550071	0.238745101799138	0.648412948734521
100020423	0.0113758176970525	0.0072793827877233	0.261270915888643	0.312208709317203
892	0.48692575771074	0.171038590354479	0.269652071768355	0.691333161238354
212	0.0743041749610097	0.15480314958021	0.327750930858255	0.64353629216941
100006105	0.174286024203046	0.165894137046321	0.283894761364093	0.677832608038075
437	0.822701780409183	0.615868050330104	0.228040861906943	0.67785191747772
100019892	0.455767782735668	0.809101957647219	0.244590917465949	0.684572227190174
100005716	0.0619278886175677	0.0958336159293659	0.263729625526545	0.74916408612382
537	0.191759533987865	0.117886036517162	0.251586852622648	0.689207980292486
100001990	0.263633241887176	0.55495474488233	0.288412808536855	0.608431809063784
100003397	0.0378677034283695	0.00483448192302656	0.191508558836882	0.424262267497699
100001320	0.113748747908772	0.203519814067121	0.320286078815027	0.421673818793347
100005717	0.0948369635452513	0.0680691990356753	0.287658562735505	0.698575888075316
100001207	0.0239075725566612	0.161316637451877	0.279592109991321	0.670717910619811
100001999	0.593544199236355	0.895919559634414	0.243996913277101	0.730343110162922
100002488	0.17004552072939	0.0178117782689465	0.282712224819925	0.596538133130003
62	0.293984809069078	0.828378220083786	0.242155756475057	0.667841605360853
100000467	0.799130538700742	0.57500730446853	0.242013080861681	0.646359374608777
297	0.00549772590589674	0.135569772798796	0.251018792371388	0.631586629292158
100000285	0.038369814076581	0.47817127576922	0.249702550099209	0.744917936894258
100006056	0.0649837746319149	0.406949591696174	0.258820165481171	0.70409071125278
100002126	0.144682626080227	0.280678380316983	0.193197570156137	0.975614840049614
100002129	0.70407882027909	0.866056511476275	0.243396878096981	0.738824328166888
100020478	0.02011558457284	0.144037115071664	0.211924914796417	0.6985563205839
100004089	0.0891130110636534	0.623411751063332	0.262466513507614	0.629895780184213
100001755	0.530413817534016	0.515353765047555	0.247609317774604	0.613995769518287
100000551	0.0442360937567766	0.816814674501607	0.239328641367148	0.683638148864085
100003260	0.449963635791979	0.32173614970865	0.276632659220703	0.738977392112277
100010955	0.944237224992787	0.454129701146537	0.203540309133946	0.573277413118403
100020851	0.229368785630253	0.504087334134359	0.264672531107764	0.684195985295416
100016069	0.718757045585791	0.907589129442367	0.247595184120194	0.659059344765706
100002027	0.406250818290517	0.60250853831543	0.206513439784821	0.762884394017079
1123	0.329797091338866	0.184425556879382	0.230803024695028	0.792616312537847
100001150	0.705500852868393	0.979682330543731	0.249095629344729	0.66564909791265
100001657	0.298195127331322	0.707399174842702	0.246823638943043	0.648832738746286
310	0.250572782662032	0.325659552080204	0.214386771574652	0.773157729073237
100001314	0.28174407917788	0.103541347407245	0.223940153750388	0.534529981192763
452	0.750527240249746	0.693228799893936	0.275111768296182	0.641093891231358
144	0.0586693682015435	0.0409958441763444	0.298115507170128	0.516727288096253
100001182	0.22321168129427	0.172340752248552	0.304231985054894	0.649010690892818
100015965	0.704251453646743	0.454998540514817	0.23365996882105	0.736444736722745
100006108	0.981227258281346	0.482264275023752	0.256128903548294	0.702137548532746
100001400	0.705194192019896	0.63495811118486	0.232419503092809	0.654410719737563
100004541	0.362836716788015	0.263832558422862	0.244046332805128	0.446629711677516
932	0.839632459759591	0.38777378813986	0.249737078972363	0.693413922315114
100001992	0.359820304970895	0.488540094975001	0.367168123254169	0.547455659499513
100009252	0.0695012683849333	0.0971933295404593	0.308573829247481	0.640042958054773
100021104	0.724300701937746	0.624784808939915	0.211385363222277	0.780216650068513
100015838	0.00617562298031279	0.0230647019163256	0.375873951443688	0.943242036473506
250	0.000956464121325077	0.0217724798492724	0.473469804442088	0.766244415036288
100002537	0.986210615665175	0.53685061933764	0.228243439962714	0.763947638708424
100001658	0.755653650173613	0.646959644009514	0.269786366100912	0.64972984472156
100020416	0.324375614207346	0.42980640738902	0.220779817715786	0.642323947513762
100006642	0.219887695968264	0.692335144863852	0.233000426436131	0.694043808223503
100001391	0.0617472014016483	0.218814929717674	0.338288447529131	0.812343345352561
825	0.607157462208999	0.561060046630017	0.211007644034716	0.67914627869893
215	0.0191790581216257	0.102201145721116	0.294362995785393	0.648776807817259
100001026	0.948296700276328	0.823579939383152	0.241734569969466	0.71348844043876
100020541	0.505544453577483	0.516442922484225	0.220177040998455	0.700680833159373
100001526	0.15002375214884	0.210222691950296	0.39565462032248	0.794942652143969
100005384	0.520555126487101	0.4324037228982	0.230275375487759	0.589052746911429
100020378	0.295164373766011	0.655855271973244	0.233536345762643	0.671456154652082
100006115	0.973400520145464	0.357015118160993	0.329684154276633	0.552323188522345
1442	0.222414926675674	0.045881865351033	0.101687771906869	0.550538495416253
100001843	0.102589177667561	0.191048132182312	0.262106201746363	0.752645887323811
100015837	0.123126406132431	0.248206495578191	0.4498374653547	0.611423188872466
100010834	0.739171520040634	0.999686521686049	0.245555347376674	0.665615251364851
100001393	0.683553088160868	0.376945149803179	0.186224411611503	0.709095565475194
100000015	0.330256427732234	0.52193183739864	0.226701484542715	0.688606899526425
100003892	0.0587998412911756	0.0605898629804368	0.219887859669194	0.913071120226558
100000042	0.215609030692461	0.0293224888356924	0.268752604170998	0.579026411883744
100020550	0.483211742651651	0.170218555117199	0.265187123035119	0.547950676134278
182	0.424911551262322	0.316360992607444	0.237604184094836	0.687763730007739
100015723	0.0975772189124436	0.33908833978122	0.24641101482819	0.642437497996639
100020343	0.336374419895618	0.387755669646263	0.215402997542109	0.667261047712405
512	0.387494477651952	0.667954762690428	0.268744935472458	0.641010839788271
100021100	0.704050491919015	0.607601956079064	0.231252716092069	0.670011776243526
100002528	0.291331831251584	0.0672389734426743	0.292895011202644	0.441633123701621
100001287	0.382717907627994	0.688475184928993	0.351589780763976	0.595213376291039
100001229	0.99226503192984	0.714085378767764	0.261690590032625	0.633742202110019
181	0.344953825247619	0.791856565980351	0.239990972922088	0.694271447160451
100015831	0.00139269017082894	0.0188180369301013	0.33594467554521	0.451391711617198
100020515	0.280656400259152	0.427770543616979	0.194813508177299	0.825643855605299
327	0.150175326444422	0.191616417225767	0.304053343952006	0.609563080837496
100009394	0.638262165043269	0.676804874752758	0.227566560947884	0.702263210253426
100001596	0.990575619677727	0.278116603175937	0.225717670787702	0.513561892659298
207	0.796703386226213	0.467411276049321	0.257062499752053	0.622332941648024
2054	0.731791022040162	0.879974969093853	0.243730071471212	0.676566524259423
100020259	0.694888894469566	0.606184012859438	0.268319326024226	0.650832432826807
100020414	0.00175072721446089	0.019066326072724	0.162286013916596	0.632338596914403
100021131	0.837786046541795	0.356880144455078	0.233966239642395	0.619553188653618
100004499	0.791934135778959	0.798983669654082	0.241344383718803	0.644303653413397
880	0.192713814354173	0.939689019465242	0.255646223233367	0.662876911310329
100002049	0.287299515036523	0.28343004340888	0.266602085247288	0.591706530785959
100001739	0.579894833067714	0.297546664519281	0.311034466133753	0.627919563837065
100001126	0.348679560660565	0.130653299654639	0.149711381554147	0.530331402110463
1113	0.560796063420447	0.690288333574365	0.266183373592917	0.613789231918042
1083	0.993902282759571	0.295011282690558	0.273892389115486	0.573712888665946
100001730	0.0778163270699331	0.188879523250908	0.286876781646317	0.542026370734059
100001412	0.605399736658308	0.978675655086631	0.246583212441183	0.669239028702325
100005996	0.670511771843198	0.661284727134978	0.238889429522814	0.641477286331969
100015962	0.00621209637633863	0.0729181273902709	0.178946548025775	0.987008763210795
100020214	0.726926712924229	0.45033351701016	0.260906710956045	0.591966475493179
100002514	0.125836821192797	0.341832981090597	0.256855739280551	0.603410519868025
564	0.156669044148184	0.0423173066951487	0.208872620085917	0.534947509808842
572	0.0123461336536204	0.0110055933883971	0.364587466198638	0.512951695510935
231	0.990889397128105	0.607384002143167	0.222515993106343	0.681766496807135
100000453	0.851761818220212	0.770150372708172	0.236997857381551	0.693362820249524
100001007	0.0983880655098764	0.225455805764169	0.29438157223988	0.538940226976922
923	0.633283412441384	0.315527832305089	0.235062677730874	0.721074377262078
100001247	0.374709028070435	0.425161123434679	0.225984358906298	0.643531434184442
100000774	0.72691635716316	0.847822152999924	0.240046067647172	0.648930583655562
800	0.453722374321429	0.478199032433665	0.258989751333043	0.709419618591326
100021678	0.264073892409597	0.321274412269928	0.196765157653112	0.664939409308561
100021711	0.495932866948806	0.965672054665299	0.252629420711479	0.666454045671504
100001274	0.795979076698431	0.40122345348714	0.236353080928676	0.515482558959839
100021220	0.100938118003506	0.123142269749045	0.311270820319634	0.982852600309811
100020253	0.330993402164156	0.851461833961211	0.243007968753543	0.674877976784358
100001170	0.773272529145859	0.212041387406561	0.225992266015201	0.570278879660484
100001466	0.24989417537807	0.843585149843038	0.253656190189158	0.658305324101952
100009406	0.644596517571699	0.559161604591981	0.231325484896791	0.688000675704589
1026	0.21405511335682	0.470952046551822	0.262792375867674	0.633582011191578
100020837	0.676797026178785	0.41683535893568	0.281434941317625	0.577430707308891
100001006	0.0619001970378734	0.0795495529403322	0.232263406217374	0.788019007913317
100003674	0.707122043885182	0.119538746866364	0.241687880631569	0.65214184183484
100004396	0.354066536147351	0.474328495113304	0.280995284991236	0.573245412623065
100015923	0.581080305344932	0.992642462828609	0.25743829249712	0.664927040368032
100000265	0.481659265195219	0.778283391001524	0.249801283557664	0.643693637468561
100001409	0.0932544331030398	0.135781152783207	0.242344325123617	0.512895604764712
100003434	0.633099065724314	0.340499707060682	0.235944347573654	0.521120537996982
100001334	0.675897344450201	0.0912322438814164	0.309846606285626	0.551098382131868
100001102	0.740758981901255	0.720531935632273	0.255735648066921	0.641691988979417
1268	0.590560002811642	0.0667479365806407	0.146834193449533	0.616740430549395
100001300	0.266888828558615	0.102334037818079	0.219627151315911	0.670254967215969
100021324	0.236634926889662	0.709260659571719	0.322187731291298	0.655082647113408
100001617	0.238485556277676	0.231725199042678	0.253768541490681	0.700858424214444
1105	0.924344575334974	0.142047749686029	0.338583886210421	0.353417790224409
100021502	0.0443064282102684	0.207868003463647	0.233046141547837	0.696966355420667
2051	0.899214737228444	0.49899182019983	0.244987607916724	0.542106796016862
100001256	0.142591149503994	0.515905122523977	0.277543710950875	0.795553714267824
100005466	0.0702203349082617	0.0913715386940439	0.28260222122525	0.466654994487831
100002199	0.0980623367600458	0.528777615386727	0.265230275194526	0.702417442086252
338	0.0198893394104929	0.0649613362078527	0.398037615621661	0.445688793311958
100004243	0.54139646027021	0.717541156909584	0.234943029744835	0.671831506094281
799	0.421945046546561	0.992497235199694	0.261760985076154	0.664020123218933
100008928	0.498505342380567	0.0965582321356898	0.240400438412379	0.650419869076277
815	0.0623126878876806	0.218146127688274	0.245078074310706	0.746112011770628
100001456	0.00520507493783006	0.0645030826799294	0.235146266603868	0.583890584880264
1242	0.0843377590869897	0.0998559814317179	0.296523609017065	0.476658032931862
100001416	0.296760714163688	0.109313288937928	0.167312474764932	0.416706144600265
100001462	0.340247953265276	0.316205057159327	0.29463663852251	0.622184105566525
1087	0.182514444118289	0.0408133528491979	0.25514329668072	0.627477427016027
100020421	0.0541399021667132	0.0817486040601848	0.279339344749902	0.412445907943439
100000010	0.00439268779719343	0.0470767494811854	0.260828850055026	0.719842942744676
821	0.527156035716575	0.40578913814763	0.272136056386087	0.52693934327601
100006627	0.278203699551961	0.1783399232017	0.34219452361505	0.57030806141735
100001277	0.393773239621775	0.185810510994611	0.291375947316499	0.624415410670468
100021141	0.0275584997567452	0.12047495979463	0.284357641312795	0.786163634509247
100021105	0.21345157793751	0.353973082266673	0.260341984851224	0.506863529733966
100001950	0.000383593202978089	0.0078157546936538	0.319191024234342	0.828845269326273
100020217	0.986091962689708	0.374136773733295	0.185276056960338	0.524026369758759
100006651	0.0203178071352116	0.10990592050923	0.287006262341275	0.397232993707366
881	0.973976209896096	0.460800329912716	0.234070152026313	0.676858946946514
100001509	0.649358860013299	0.154962683423051	0.213688975530397	0.583545028750679
100021709	0.49943880165436	0.721590921726296	0.235785338702575	0.674138815509794
100001635	0.335362598091225	0.0388143878004472	0.273871226462125	0.61596282943263
100002613	0.437028190253013	0.120095078939782	0.227524014169691	0.749764979887579
100009329	0.473737626230284	0.598809952805078	0.209500823849763	0.831428921658996
100021123	0.881361707433686	0.649130449063722	0.254069722398732	0.59206516880627
100015760	0.241524774096244	0.155174039113849	0.199891466167997	0.699405929373444
100020205	0.4435973677362	0.549028841077736	0.280998176761683	0.539528423061461
100000765	0.654937712937754	0.620282202638679	0.239054211601226	0.629319978944208
100004111	0.29199759796823	0.141611660056258	0.273349912262532	0.634260650435497
100001615	0.157541633361621	0.910766933806875	0.245875756967949	0.663535393934236
100009227	0.168584170711353	0.102219599798184	0.351468030889367	0.80901623486801
100006191	0.383774406854517	0.606038393876394	0.268395018840744	0.61777006189302
100004542	0.351644923416695	0.313993631890529	0.25680589943739	0.714298115444432
100003686	0.344557822270812	0.156393882732329	0.346775870741442	0.605825704619289
100009232	0.0205856324119822	0.185209192425957	0.241768425177648	0.562350520899814
100001501	0.0361171088874585	0.0710171551542393	0.329500946230647	0.708429031199707
100002367	0.523173796940057	0.282260704041266	0.231705137875197	0.525068281797173
100001108	0.298170422104448	0.760053866016446	0.244443151459427	0.656199267592059
100004227	0.671314497692572	0.930482014529942	0.245896744491363	0.658920424733443
100001310	0.167722724946011	0.269853636564812	0.228858074539305	0.781012325514734
100001994	0.92996050031213	0.992733054975459	0.277429466747028	0.695798804103234
100015839	0.00874572291294692	0.00811253723726109	0.334635156639652	0.760007825824204
100003271	0.00607242782029826	0.0854969549155363	0.324098315866598	0.475845757423869
100020496	0.966189694701137	0.856916843930686	0.239462000909588	0.678397935771132
302	0.86414747077933	0.569635981895524	0.226126019637821	0.641814313266709
811	0.874060551359554	0.826444864027331	0.242697453979479	0.689341189937324
100001267	0.962117226851029	0.731930508542959	0.228062195110643	0.659497444394956
100001197	0.0148835877013278	0.18392111754606	0.304545185747914	0.685793613692573
432	0.222062704634271	0.472416066558706	0.263800304037675	0.645242872184076
444	0.017527533034474	0.0776664682697346	0.290102380120267	0.793754656522921
100015968	0.313128800093746	0.301210399583817	0.239946559820004	0.5805305699705
828	0.829516143834445	0.932100076494331	0.243987180317654	0.667387007891689
100004054	0.225589623708356	0.69954608153521	0.249901709413907	0.676227655502682
100004635	0.0859989357852769	0.152256853499563	0.575240658809353	0.41056621841205
100000491	0.413652810567042	0.572707492839508	0.23682532810699	0.570020862030916
100000939	0.00976018903866501	0.00595588091282304	0.248040069308263	0.51921159194599
241	0.240953614804603	0.654534498754081	0.261714435042096	0.682212576746065
136	0.353917918748247	0.0643766493589392	0.212980375483371	0.852784550656238
100000792	0.662243412956946	0.950948057607599	0.257674156267652	0.680270534026734
100020973	0.625951996165247	0.656613858124805	0.262122880104424	0.642330995876472
100000936	0.903541329841256	0.708488318813439	0.242785104015042	0.669629452210648
100001313	0.00472908317734008	0.1111511748637	0.256589418749702	0.721399386545585
100001951	0.0339957016684925	0.0650875405747656	0.278480091933525	0.654705941048804
100006098	0.0171797343264863	0.0907285532205324	0.276937036464967	0.777644495317741
100000007	0.197130598177579	0.445232720561108	0.253907098464534	0.671831891847725
100006641	0.872705930330571	0.818057539644541	0.271473058513266	0.666191208292867
913	0.00878713284410182	0.0518496638231842	0.306612040166468	0.524925719801156
100001579	0.871722126941824	0.476631131719731	0.271123889935999	0.665296321110105
100002911	0.141469174991516	0.01491405914153	0.319358985682937	0.619724612414907
100001293	0.257052693274882	0.373479308855804	0.215398733394753	0.802485858624053
100002241	0.153231219123528	0.415883355734634	0.261171428444211	0.624434917144581
100003179	0.309363169549515	0.0441479028991184	0.226109960677984	0.496559523752721
100021372	0.261226164399856	0.17536291588788	0.169150699248191	0.667530461426343
100001956	0.36669494284869	0.55774418724074	0.248606715477889	0.588462006734656
100021162	0.208437812281378	0.161375304849709	0.232884083236843	0.491348547952861
100002259	0.292721488137833	0.479182015866131	0.216757576772493	0.654593942184585
252	0.366360382162716	0.498515966147442	0.293858228526537	0.594266959830697
100000707	0.452162575761771	0.339469243823843	0.242273842498047	0.671910857806445
1489	0.736097736792683	0.0222853512570567	0.185005252920937	0.643435995998962
100020361	0.0419968646320765	0.119131272606777	0.281926671069055	0.930666870778031
55	0.702211818724051	0.89665185187876	0.243539110764127	0.674438693842741
100000863	0.254505733021606	0.25220425414515	0.212789637605044	0.701108988522176
100015840	0.167143516099252	0.0980354690752612	0.333049677803846	0.624713173044489
100001541	0.14758037082011	0.0705729587552375	0.162034154761871	0.655389428761774
100006082	0.161775225468434	0.0591662209370458	0.328260275546035	0.660696699722781
1254	0.664482560917447	0.866887396372697	0.245120858094643	0.690601929435984
100001624	0.590469927994162	0.3532934351204	0.234717547441322	0.64395700257301
100015850	0.986073840176764	0.510090524394192	0.314982831856556	0.621195559600356
100001104	0.00278298722426157	0.0127045767772731	0.275929342246315	0.949063841266349
100000900	0.128552709713923	0.444546764830417	0.25352907197031	0.667999427989189
100000269	0.31538488389829	0.122662058922499	0.160607636269959	0.624693609389598
1022	0.22618063475725	0.941236590061229	0.246781315852446	0.661062536751433
100005373	0.112115425888927	0.0433202243135224	0.201259736996626	0.695683062185481
100001129	0.169945658602874	0.843044558825488	0.241239376336923	0.680629186367364
935	0.00723290994332793	0.074631859549921	0.334601434458212	0.505548090045237
100001262	0.122359703135378	0.167780693143227	0.252982609836694	0.691689268144274
100019978	0.300555369819685	0.640773937191654	0.240671786134583	0.65169167812051
100002293	0.734532340150111	0.811608217049846	0.248389572242637	0.665335109987757
100001426	0.215700938889145	0.276438519152706	0.250795678661497	0.509490271114812
234	0.0359152182030902	0.163032716827712	0.242793637752146	0.640253999772623
100005403	0.288421313143792	0.911418682949919	0.261335400194381	0.655455385839678
100001083	0.038643805140465	0.345040735330659	0.266889434569095	0.684207571190962
439	0.775181191140624	0.388601465578161	0.263413416952416	0.65972100110753
100001086	0.324042088046478	0.411397816872565	0.258214403153768	0.744401248816103
100005864	0.710259702832465	0.440240412027684	0.223884239595602	0.732869922169783
491	0.523828051120911	0.914961341183961	0.2445564593914	0.665747965103777
100002029	0.406882658713084	0.36626571577466	0.230804171928151	0.513266127302028
100002154	0.752466585409633	0.398255895412536	0.20974209995348	0.638298275783093
891	0.543710537290957	0.24007915785551	0.27544126551103	0.634632820567932
100020261	0.409909695093049	0.487284481459385	0.294452916967913	0.641206499897917
100001296	0.571667849611928	0.522621506413853	0.24948944037315	0.570395201366286
2050	0.57499224977519	0.501510868667576	0.262570461012159	0.603687398979569
100002761	0.391983896381962	0.750686680329279	0.227897933505555	0.772752416754184
100006614	0.9198375193107	0.521714883528998	0.216281443354311	0.759489519152321
100001597	0.947998473381872	0.122220142183564	0.150864912373491	0.466158459950843
100020853	0.753856114844516	0.878547392242762	0.248515555647893	0.672987980715236
100001446	0.31691835121281	0.524975866581106	0.224979538041682	0.65720412722775
100003240	0.334083507195822	0.152901759393091	0.285658178808579	0.587476114965606
100001502	0.0196785380187291	0.162151883386317	0.305182767509439	0.768851724028682
100020866	0.101499245454303	0.0108928571928292	0.146717879413832	0.47778251166449
100020419	0.0211406153318204	0.0578848211192791	0.264074425589484	0.382453805690178
35	0.532843348144354	0.308543321150092	0.22238224348815	0.613770974379749
100003696	0.0120814492656523	0.0554692163286747	0.36237108859495	0.601610137887957
100016038	0.777257721758667	0.951539373407799	0.24434782337061	0.661072317535799
100009333	0.213042389788637	0.163032201836222	0.246883641458452	0.694975703636376
100001611	0.177466586325733	0.350339371555265	0.3242487859503	0.643904489187465
100005383	0.671979541786855	0.250300887214013	0.257655403766726	0.715246539612254
100009239	0.317154679453816	0.141237985307801	0.310967782637733	0.491156491298191
100009332	0.311940015370152	0.221297997085578	0.244731218201149	0.627170604100775
100001731	0.169091135977651	0.651176461159057	0.253031505918617	0.641154858802615
100003415	0.305893321048809	0.470692020931858	0.236681539188892	0.676977162312154
100020578	0.129704347808039	0.18676818153953	0.228839539703021	0.557246636519484
893	0.756529660180185	0.612895074164159	0.244192937675615	0.674157514175218
100000963	0.343520133497955	0.224497866313315	0.323995493054132	0.478967276727531
273	0.0879120095291526	0.251190569959491	0.288388182865847	0.657377473694235
197	0.534141431861116	0.472188454807092	0.240752727448068	0.560533564621217
100000808	0.256634910130616	0.1984442933782	0.22789281206878	0.831678206864453
100002284	0.675974260410679	0.40108911747796	0.167276979935452	0.61074287925161
888	0.9693132064835	0.121582264692111	0.26530489136713	0.645272458755301
100006435	0.503255830723639	0.28950697595491	0.183100842247522	0.994705086816261
100006374	0.226670008848913	0.630375821872933	0.252579104348994	0.655921955446555
100003169	0.547815124268688	0.944139115638645	0.243692484648471	0.661377716031949
1004	0.70258839884466	0.855823381131399	0.238755670766205	0.652040726455704
100005998	0.0828496364056841	0.768757701482815	0.274081244999316	0.681994037759403
100000773	0.668874802126409	0.624466493867124	0.248546709626174	0.649793831818287
100010850	0.0144243210231153	0.0900658224500641	0.299498050724817	0.534215604217487
397	0.89501067984994	0.347750643830582	0.178814562697676	0.73045560798478
100000039	0.0768435467909671	0.225378933945845	0.199737140194734	0.719355417879083
100020833	0.737387104194957	0.834470034746665	0.250254849070621	0.694384866574588
1021	0.479350218095899	0.365924648835661	0.23428740927679	0.702778256501236
100020479	0.409731555608165	0.614441050365589	0.250663648289677	0.675398172414163
100001335	0.556268402947561	0.359510646605737	0.278909822856681	0.636010896641666
100000743	0.607140987896444	0.997873910121385	0.245172996965967	0.674706552702966
100009246	0.170474111863591	0.646833103330782	0.236271014299392	0.695164324572807
878	0.0991750902283864	0.950694770404314	0.250451068229502	0.661667618307277
100021103	0.617127631448383	0.960664999618905	0.275055393265068	0.704640643962717
100021363	0.227812063256996	0.557448815391892	0.227584151395835	0.706028620212133
266	0.107486593807621	0.177665224441515	0.246931127062275	0.584090083104005
100001195	0.355913676151525	0.265448261710076	0.313161352317323	0.598158138822557
100019801	0.834309615980398	0.769499907658108	0.254685619951717	0.654504597370887
100002196	0.0517560276243402	0.293016242337724	0.263358985379101	0.676859134069061
100006370	0.209320309989774	0.882341814143963	0.240342520856806	0.670922709617501
100001510	0.0354532581457534	0.00404566622716675	0.210929449888385	0.765603808509959
100000437	0.446759251190363	0.451247516043593	0.229221470205235	0.732976804554296
100001767	0.0861497171769694	0.0255664498145887	0.298746334827901	0.728199832380203
100001810	0.409040935671241	0.466513203923933	0.260870752736683	0.837019365661502
209	0.0377756893465317	0.358672538958551	0.28498988178883	0.651381329005795
100001485	0.250606335163877	0.0997730233153644	0.14415119219174	0.591986761784093
100002500	0.124404870662107	0.451303358302428	0.249789142590301	0.635797502119151
171	0.034721552027491	0.0251202922744409	0.185770808276081	0.668543617858269
100020487	0.840513520124224	0.972604258209736	0.254268451867384	0.673766234836502
1206	0.00727496894820267	0.119873430619405	0.248581032612553	0.715471007696621
344	0.00916481304979694	0.0274781358950975	0.515276569956174	0.75657799871314
100001405	0.479371574516771	0.901046558767249	0.251304451210061	0.655886676608291
1239	0.959799923778747	0.568731151560164	0.272960704335095	0.667729106918286
391	0.0586493090629737	0.198922431292839	0.227490829012006	0.866619399058267
100006430	0.375834416048706	0.126897407887784	0.312695027855549	0.374023542570753
100001417	0.957624193332118	0.549847494967366	0.237944237536732	0.763756507542242
100002951	0.0909542360655475	0.700977347276701	0.24538346121977	0.62187436730952
100000014	0.549715361512211	0.700848090035551	0.243091736790861	0.693678861144732
100003926	0.603694519252057	0.536899690372863	0.26485522699857	0.648241467955368
100021538	0.518301297993295	0.374069379596584	0.290120348343026	0.581259485672544
132	0.334336290311917	0.932800574593747	0.246792170353362	0.664045366829366
100001425	0.575564185422492	0.580020385581515	0.30313173785778	0.609102765327353
100020262	0.636190022435033	0.684481993974581	0.263637071922386	0.653180265594938
100002679	0.273219775520156	0.48768558414012	0.221124930795502	0.789222517011145
100001270	0.653575478452684	0.692625627651602	0.250048380488482	0.648615845431311
1102	0.875065422778523	0.954014111976263	0.244492595256572	0.673570401115121
331	0.273072911971252	0.226212921513918	0.203048247639113	0.561700007440169
100006361	0.475762661996086	0.58989676910263	0.224825522100203	0.742040820486467
180	0.738714581517426	0.992861119658099	0.248634102627888	0.663977366247829
1053	0.26882692226667	0.441167601696825	0.38043154877355	0.732022239345399
100001359	0.67089151786529	0.93029037999307	0.245872006199992	0.689957536444668
