chemID	simpleLRM_Fstatistics	multiLRM(chem_sig)	multiLRM(sex_sig)	multiLRM(age_sig)
100021136	0.0220702482724593	0.203294305737587	0.391114989701975	0.741646452956215
100000882	0.992973187367339	0.611741637797468	0.368730805296983	0.611416409048305
409	0.0858169990942102	0.167402617551295	0.394410481171368	0.407002339724964
100002254	0.733497656070047	0.0478206215496009	0.233746440695661	0.631896478268243
361	0.00368773469336349	0.089640747245144	0.269218999527653	0.604422170820024
100019975	0.507321137662276	0.736486929176456	0.344511045204764	0.661097001695665
100000257	0.000651634997779417	0.0191987862911877	0.353637610064675	0.576673293985203
100001232	0.927819001392091	0.945275876584284	0.357449951969872	0.641579125578478
100001948	0.370993049291501	0.328361558305554	0.370207401508571	0.497295758818446
100001073	0.594804783063116	0.626748519381438	0.434569747886544	0.56153279808942
100015637	0.96247771144681	0.42837184903914	0.369496588389564	0.638625062117631
100006360	0.587731377225031	0.680649871101411	0.327750964775172	0.71131481997688
1488	0.44842888532767	0.591720349640839	0.356268072882644	0.617049912126138
100002253	0.953718573358717	0.887975794847354	0.354859805852466	0.634513594522509
1023	0.826473624463439	0.637797233821533	0.345314053199131	0.622916668040034
100004284	0.698485199707685	0.814559348192261	0.339699860509908	0.652124585135363
100001251	0.604514784257903	0.932275651818113	0.343013098178411	0.642829463079606
362	0.584758878178104	0.479069446664315	0.304962339995088	0.644824316749653
100006620	0.740521082942676	0.908135941204864	0.345361174216681	0.648280123113915
111	0.353712960321741	0.180332662450911	0.297895035787867	0.617080699874099
100009045	0.722804261763757	0.332729134795	0.28957042816336	0.787882779712524
100002927	0.657604795436787	0.822082633508902	0.338559179217137	0.668378324245339
100015641	0.696510757399245	0.865066246948016	0.336942296702707	0.655975245722659
1114	0.126593464296664	0.960005208656693	0.343314323599283	0.647757067047267
100020409	0.377408454703489	0.382323229498804	0.343485391746763	0.525489205314362
158	0.141751913836436	0.258729927720362	0.427622731705525	0.673425325303665
1224	0.0404817059995519	0.191864202442741	0.2802015113736	0.679342836080688
100001620	0.493564260891456	0.409185055272426	0.302692330873236	0.649029277591359
100020893	0.275960553462158	0.0580889060702385	0.321061941850897	0.375099239641288
100002458	0.707246070683261	0.582228731867547	0.386030984761761	0.595402192999018
100001112	0.998439222743429	0.970010638823974	0.34481871240597	0.644104575785706
100002953	0.519789619401109	0.88567560079207	0.341324210421503	0.653243230374499
1141	0.445025903598996	0.0600382816689117	0.426254724251743	0.478431161249603
100015834	0.388367398525855	0.955804786067195	0.348942022058351	0.648838873643864
100004561	0.553292033669732	0.824271824535096	0.351903794932172	0.639180964209798
100020497	0.830172951922491	0.7658134668146	0.330489444642151	0.667772905346097
498	0.0840804296732607	0.396527740902885	0.321304703354727	0.722784477286309
100006051	0.90270326559405	0.885310589827953	0.347827751836042	0.64251051034367
1668	0.651803521253863	0.557441597035265	0.340117596905675	0.590974429231143
100004523	0.455289617446601	0.89711405253491	0.35233812362513	0.634734515639474
100001604	0.210224762688785	0.510907794816663	0.344304145659932	0.689286599675121
100001002	0.248529839623984	0.624378627871435	0.350123108001288	0.637543720619658
100001987	0.0702519550685849	0.244982680870717	0.926427499133119	0.500212748972101
100002462	0.634481481630249	0.341937679590025	0.407453283874509	0.530259371958037
466	0.498367796141164	0.0645873203165363	0.39229194827554	0.614250127785051
100000665	0.998551933783596	0.417886105690595	0.395724493689038	0.584850417888351
445	0.937219307565637	0.419501438952991	0.380958620988332	0.695380916650082
2029	0.144705462584961	0.508662698415449	0.367238600990166	0.646264763480994
100006438	0.129210929817346	0.244859101597337	0.398575397015794	0.658050241283884
100001398	0.155255557329092	0.582480500493579	0.323043314243165	0.665461870557145
235	0.467656154743855	0.502968722502131	0.309545938541671	0.677692444194876
100000997	0.634193937615321	0.70893683739571	0.351228664701537	0.622735209185088
100002094	0.206311981607618	0.207473997486302	0.302982681947376	0.505178108285165
1052	0.587855751836858	0.929773216914058	0.345059857685247	0.665083121108767
100020823	0.328101793452046	0.563796313663087	0.323193813752507	0.634252658566075
100001806	0.274309959540961	0.596054513455072	0.403444385523156	0.654890584659208
100006092	0.810916379255447	0.824842617958858	0.352750145530833	0.630350147770264
100001415	0.109845886148831	0.0763520280649119	0.347048558779448	0.375536293252074
100000008	0.039112039051936	0.0693747088629985	0.386348221962299	0.481674024934185
565	0.00840630730480333	0.0501235043032143	0.337752943481275	0.724847047039729
100015851	0.179115855162504	0.200822762334849	0.422672531267914	0.782688806681785
100001866	0.550872313043962	0.892317253898077	0.361034495398598	0.632596673231401
100020546	0.00229893504339767	0.0241118025130305	0.626125126168406	0.836288538722277
100016110	0.498065141383533	0.37335753622488	0.280572768692951	0.751738522869735
100001254	0.00334755970243888	0.013485593337349	0.438539262606052	0.855173387637018
100006260	0.427977056702092	0.867919259653551	0.348399597174881	0.643102781655139
826	0.638661263535725	0.823049047362616	0.346790015512295	0.639079964116764
100001872	0.266647081418346	0.886683839339865	0.351004200723018	0.643232548148739
100000263	0.396510950382847	0.390695551693336	0.409775323753071	0.641399554905513
100021198	0.844127031145042	0.0685220880529203	0.239703937605392	0.374378329763267
100015967	0.0358873977014616	0.087195381925211	0.424520759754538	0.469693098726317
278	0.139542123582952	0.257719305826992	0.323587469488834	0.931729430139385
519	0.639657611550079	0.314058504025168	0.422427729169701	0.575385922290094
100009337	0.109370950626047	0.315112340430281	0.460470112799893	0.629451634871851
100002185	0.430905769368588	0.870831130611293	0.338691893096	0.632591810684801
100001278	0.328108282930531	0.25889590348812	0.433023124716283	0.592514505901564
100002103	0.862738738677001	0.569115850518206	0.34643090910294	0.590106679364665
980	0.678433100238595	0.414261612942518	0.390290171987104	0.621396503933238
100000016	0.874142249557581	0.455512884864168	0.340860527648044	0.621243756924236
100020372	0.182321576028246	0.494726643275274	0.343719774683845	0.584955768876711
100001662	0.650762232347494	0.149178610055785	0.148887295248045	0.652168618972542
100019972	0.907543197116881	0.695799410896727	0.353109849058307	0.633243684272618
254	0.781338255999963	0.652579658733125	0.339270908648757	0.651451729981612
100002009	0.632748973158106	0.677940249154005	0.343097158415052	0.56911901987656
100010895	0.447634190760669	0.470286587253762	0.401265623896361	0.622543852158167
1140	0.877098276373174	0.947368295974826	0.3433241345777	0.641343408476906
100008951	0.709854414059524	0.537502104267722	0.36201956858958	0.610145771667937
1084	0.360528853281336	0.746591377644293	0.343077142341922	0.701450075366647
100002796	0.0994803908732286	0.382988034837818	0.312358056379133	0.587982128292474
358	0.992557116192845	0.938495343233754	0.343263248767365	0.640535461097842
100002070	0.861525318051163	0.735625795968395	0.33559810413365	0.674053914898815
1628	0.394723271776256	0.12772743947805	0.409072297697014	0.632743424648875
823	0.672485686782483	0.562668925321795	0.308597592912345	0.698465618721885
100004414	0.419371025851535	0.0884682337684765	0.45409051595469	0.774005466022606
100006129	0.662300845949789	0.666689250299151	0.324239336605415	0.661095279511915
100002028	0.70377673473804	0.414477295532804	0.468407136789292	0.444564284959204
100021707	0.604874226516702	0.684190909683716	0.316339558300019	0.692322994330798
100000054	0.588022702112996	0.508383766677702	0.332419532714659	0.669929729732063
100010869	0.445055978436415	0.196176829469114	0.360533118181225	0.507834267796122
100004575	0.0499171960316328	0.129258534331031	0.374473583475586	0.989148028056159
100001212	0.970023843827294	0.682208933740091	0.347921307168473	0.589984824877905
818	0.225560829509784	0.566700287689047	0.390713840903119	0.599378225372921
100001092	0.0016006302033148	0.0217082286807919	0.342781340363013	0.629722350204014
100020371	0.95510640743408	0.849844048517132	0.351949096323688	0.643047579492857
100004112	0.183619904594199	0.497320096532347	0.367669504508556	0.651411927314454
1125	0.53422851613807	0.407973675759048	0.372033782507015	0.678194589062741
100020491	0.887780697732671	0.605147076331385	0.308095716492062	0.656580130842855
100003151	0.00137764992902465	0.0171232068824473	0.554227842658271	0.507777015426132
100000011	0.274533699817165	0.135984958136143	0.262887863162539	0.752311818275603
100003594	0.414749390315797	0.934673778452259	0.356547351893572	0.649798288307099
806	0.840440461713845	0.170320563350559	0.331352399789929	0.464196415048158
100001211	0.973314575341484	0.566218803633023	0.355817911373147	0.626466625495506
100002417	0.701044822107611	0.50845884520164	0.336041109026755	0.601176908134235
100009335	0.531596513663255	0.208882002247407	0.286090810549988	0.668045115000303
100000781	0.637786932188674	0.915621338505661	0.343068969482446	0.642338118431559
803	0.0292449415812084	0.0371990855288945	0.335988878209388	0.524178246118485
50	0.594875491130023	0.757378411526307	0.34786008559586	0.633539613966295
796	0.401498772311416	0.0518142582710964	0.388413074408383	0.626594402559757
100005834	0.859243677080975	0.604982155382593	0.409644819402043	0.637361148053068
100001580	0.884542801056558	0.501189219544642	0.377560969128139	0.643849123355869
480	0.726706445779609	0.621821189567302	0.3084173643413	0.654893745318792
100001540	0.263333990350735	0.687270612010876	0.44033105187429	0.736220091133639
339	0.6451429269052	0.131821869255813	0.303812290387707	0.565333022734642
1110	0.909613141126984	0.948846091787025	0.348620642890662	0.645611330665767
100015836	0.146297163471901	0.164346138762289	0.513309891596736	0.816408906389177
100009271	0.567747471909925	0.532262290089422	0.380775577229659	0.62686687860781
100015638	0.990745383988042	0.427851070026238	0.361549949332234	0.62590453488118
100021667	0.996877376114191	0.554574081515417	0.381972550077652	0.629450369779117
100001279	0.683982192929745	0.410580811372654	0.362601119169556	0.761216947603727
100004208	0.032792507091234	0.180201041898859	0.472803423549549	0.765755213477059
100003695	0.238489437074579	0.160221952342381	0.366475306814914	0.446124732400717
100000802	0.749581315499531	0.999307792022157	0.344976298310334	0.645087258878639
100002769	0.765804814856983	0.0891127838179342	0.25947522837842	0.757173733177057
100015835	0.0941297295336377	0.271569579157171	0.517335804122619	0.84621621452666
229	0.795452513829431	0.379478397307783	0.393461371726595	0.63575783607496
100001266	0.0100291512511031	0.0281217576593009	0.387434309527727	0.964068397565728
1342	0.286847491540935	0.349424063329997	0.299267840821919	0.66286137366586
100002102	0.815712302762435	0.511298245413975	0.392725339933905	0.753136514420252
100020254	0.140988647655371	0.517403641140913	0.338638788682031	0.675243047869635
1231	0.417497507521494	0.222868600487478	0.419028600576936	0.592921413676324
100020492	0.994966242518933	0.943152925843161	0.343651104623001	0.644490576178196
100001402	0.414279496399012	0.58035140688518	0.376267047974408	0.650423073074923
415	0.00641390570082375	0.0887844088219435	0.399524313724506	0.703097929181849
100003109	0.810651687386791	0.984141349566672	0.344750030771438	0.652628712663206
275	0.62659740911048	0.810100306127266	0.332158597685754	0.629912308514214
1143	0.16614909792057	0.0569970135935442	0.303644693919075	0.757831867975622
279	0.389464043665336	0.352848199796071	0.347925238686778	0.517593015252598
100001198	0.789490374570346	0.975260049548476	0.35624423736161	0.644385507643708
1648	0.429578801768954	0.978378254334064	0.345216770556287	0.645610422741174
100001590	0.275441318488389	0.247666170387241	0.338130826120542	0.556287464027545
100001733	0.380758525120521	0.796611156154989	0.33881661741374	0.665089456990183
100008933	0.0142726609756766	0.00211826371793711	0.47402594229496	0.596832177400547
100001550	0.337546731001876	0.576185860979568	0.330615540629597	0.602139416049368
1215	0.0385175693871486	0.188917475928148	0.306690845477174	0.587358738487163
100002356	0.22104637864988	0.107182431758757	0.429030977845132	0.645564925298574
100002749	0.613767469673234	0.714387334198103	0.352367452907577	0.652920062560679
100006379	0.162546032795191	0.165192025380861	0.399906392632022	0.402897192090508
100015966	0.0747948811057033	0.141241716441271	0.380303501721782	0.467755891759795
100001392	0.633813441618923	0.999791891173819	0.345187092135564	0.644951749653922
100020425	0.132230602803389	0.0471156181479576	0.287243788593091	0.410930315233711
100004299	0.330963780102055	0.721271764898584	0.367566983679445	0.714380444612211
100001734	0.633232412778265	0.541201906472425	0.358095771729918	0.589130787473045
1002	0.86001760292141	0.816023815565613	0.346609247166731	0.643769939035277
100001337	0.329259248148582	0.806472645258827	0.329432062197503	0.647127876987641
100001452	0.759247662460548	0.7973207224161	0.34212835013883	0.622549449157558
314	0.537983062895854	0.383820255688942	0.356756296610051	0.66314922500669
100009264	0.955260771967983	0.575493682981429	0.281587044101329	0.762739440280799
100004634	0.435459849144702	0.50795895978015	0.313060597543149	0.661335692360033
100000711	0.680487402832783	0.675920970452589	0.383571413048735	0.669682026443217
100020536	0.0196609964293247	0.0933226457341045	0.424021043901835	0.74671071908027
100004318	0.253955403847767	0.499369177548605	0.361397548692394	0.636719421034416
100005850	0.912892705593125	0.481384853550029	0.426951222554151	0.593648058410582
100006619	0.357135141339121	0.152425505618924	0.380036095353141	0.634743875728444
356	0.432956476109714	0.587165473970693	0.330382637166829	0.665062446699067
1221	0.630671899948373	0.609196502829918	0.425655464923955	0.680989449568259
100001397	0.788848265906803	0.777586904280401	0.343928995379432	0.63812528437559
100019981	0.68667410152937	0.873626400234531	0.347798636944813	0.66602089720539
100001208	0.400026447407675	0.240550128056146	0.305393843606715	0.932875331586681
503	0.00890874305660327	0.00870926511536014	0.221360194844782	0.480560908219834
100006375	0.146436612971072	0.622258967334767	0.373812574246317	0.624137163234754
100001295	0.810126577147163	0.644887505280468	0.333570825300184	0.731216520252478
100020427	0.0602693545199034	0.0274345088069838	0.32556234358853	0.358270232460212
100002784	0.508177720122586	0.371555310500812	0.294994310636953	0.713482633483546
917	0.0639353832502375	0.230566159017324	0.374583395269928	0.598231886305915
1869	0.407771749290277	0.215300112103922	0.365094911856728	0.534735132090832
240	0.192174964061069	0.0928277171252837	0.228160564541863	0.442050228584335
798	0.00449040333042154	0.0822907413123175	0.513238865699185	0.57133446567209
100002952	0.229125902022292	0.511144808615078	0.339981973489679	0.724139064444443
98	0.674246720630729	0.797671578835131	0.363952534066069	0.652669772656875
100008998	0.342193872597503	0.369391188704856	0.277497996776424	0.709983267798701
477	0.946111160428298	0.277827410643009	0.35687303710025	0.638175261698446
100020545	0.0696552561700843	0.124135658164513	0.411240750685378	0.810030913726253
100021666	0.955100283604118	0.232713821591633	0.398462801167908	0.633539623271769
1256	0.521816331142718	0.687225711539966	0.399245036918593	0.680765252520728
533	0.356772757527136	0.095814579236596	0.250355809156635	0.419039227862039
100001757	0.430291655970245	0.91591730959782	0.353881228916014	0.640825914071045
1024	0.286220004860793	0.0843768848070766	0.237589876822501	0.886943215621992
267	0.509025250465811	0.960415788887043	0.34826195925287	0.64336150697265
100002113	0.145764972225944	0.111453890719137	0.315179073433148	0.679291510770395
100001756	0.831160338236174	0.718256582946953	0.35997668335384	0.664988327826149
100001193	0.413245092691934	0.184961295122366	0.431996287152926	0.588827693204133
100001668	0.671988428944393	0.964490847637467	0.34582435761201	0.648859923192847
1124	0.348913667093238	0.317107991162454	0.304569514984627	0.739003900140324
100021331	0.156812287269414	0.300804865158026	0.327049295684898	0.685385793623363
1090	0.0701315800810211	0.0246106970562687	0.297744012889345	0.829359472310089
566	0.879948331567746	0.366211839865995	0.269877045637808	0.648404634425312
100003119	0.501513541066166	0.303486660897419	0.377549790976836	0.587249535579542
100006367	0.782861997869481	0.586306595567385	0.355421803765461	0.626850936397619
100004322	0.247886970223205	0.273829666480895	0.349009964236719	0.727080684500185
100001034	0.612360053626685	0.871166239720855	0.341603252324802	0.6397403431073
112	0.980097484396472	0.938672655882599	0.346149916804287	0.642675623370336
507	0.669799782357139	0.744359861648756	0.345512632268105	0.651953077987697
100009233	0.30551903081535	0.196778172395764	0.322252791358138	0.662132989219489
100000406	0.0226151532999982	0.138157733144668	0.517125247255076	0.458873023543365
100004046	0.357468843823033	0.473683016144623	0.243713645742463	0.59342372125834
1025	0.712415857818794	0.674098503808638	0.333462248823879	0.664759091089883
100001106	0.192692760591168	0.186222601060274	0.284687835596748	0.680406779172147
1128	0.0323572654462746	0.52387189275047	0.379200831034528	0.702998585195774
561	0.0546812293039601	0.197491866231474	0.247078057002685	0.57270549887184
100001614	0.870890846290504	0.374277728157637	0.361071843737611	0.621557896477494
100000961	0.868581939951183	0.955850894287376	0.376856406820817	0.643677838764356
100002397	0.921973104388946	0.630259672514829	0.343921907231494	0.585615023988818
100009407	0.978314288680521	0.923562522942225	0.353550013218853	0.63954529373792
100002910	0.8783972241715	0.651427426860439	0.321074205499347	0.592193581148239
100005946	0.265648980978544	0.358878200151799	0.393309784652513	0.740254352610838
100019794	0.123773147396668	0.340010125250655	0.336155489445983	0.793599525543699
100015759	0.291981921223345	0.0991910869826243	0.301741109998082	0.647847838225741
100020417	0.809394875719739	0.652559774185839	0.327702959307562	0.625701165902581
100001054	0.6266415114585	0.992788485272011	0.345969345402915	0.644955974803347
100001437	0.285716777262861	0.308382709879869	0.292260653127493	0.56995104533208
504	0.29609977114642	0.691654962927402	0.396396070786013	0.656785450573849
100001988	0.487549237442562	0.686604840011873	0.338081291297958	0.788252911589497
1082	0.031501286060236	0.591501340895683	0.38180097560927	0.67528063933859
100001403	0.343820713182361	0.337119659608255	0.375809673218512	0.629254110829286
100001664	0.903649846352883	0.553680097060651	0.330117737124497	0.814096020007093
461	0.33893477926488	0.240650956812336	0.507100774825049	0.625277664412708
100000463	0.674782104630639	0.941957542553029	0.355290005570182	0.645936881122361
100020208	0.598068155719325	0.52748078705998	0.385753010817079	0.538040925194628
381	0.584915658714332	0.0784640269742284	0.160159022541674	0.494187542860289
100010901	0.0892126764846922	0.0784866708992166	0.342475799147887	0.759389174004746
100001468	0.243290201700896	0.942616263496689	0.342984190540302	0.663749847297736
100000840	0.97149152127206	0.888999001372295	0.343984462459981	0.657021728801924
100020014	0.259051976884317	0.609673277828803	0.33818397681001	0.659980229244259
100001993	0.80118469532639	0.661819581835929	0.299729529351963	0.780835900665791
100001051	0.111556230191948	0.024498327109435	0.377584946416308	0.343176263387112
100006116	0.363159313457789	0.50220621655349	0.352775374537359	0.645501194154805
1108	0.944582166173295	0.905163023087172	0.342976470064503	0.655356234094552
100019966	0.356796317122825	0.136220542355744	0.410831187025625	0.614541818097468
100001743	0.656945180297918	0.464729701348272	0.335126985859965	0.631923452222269
100001294	0.125391164012362	0.220659447257072	0.257322520112176	0.699106330827596
100001609	0.311606874057789	0.129893680043211	0.317537407263405	0.736190865621306
418	0.852300992650316	0.93415033100706	0.344962348790833	0.655555995951931
100001178	0.391944853313416	0.864077346189753	0.340799487991407	0.629289541614268
189	0.956489948036689	0.732082287506018	0.322386416272792	0.619447530235476
563	0.541018365411544	0.729552407504449	0.369296947396767	0.625058797189588
424	0.525395626363421	0.426612002853902	0.391413777465556	0.624001221365668
100000776	0.134487630600057	0.288993347702578	0.392550190199334	0.649382993113272
1001	0.912299133927414	0.467500587497674	0.358786105783193	0.64645611439191
1135	0.351601412175655	0.104130325443265	0.326023064947682	0.706830355331476
100021093	0.304645669744237	0.453756544775886	0.409674598778318	0.665633225460188
100020219	0.115942557078346	0.214576778176683	0.362129786766221	0.53674904953415
194	0.522222462073864	0.78427766698001	0.359225491772339	0.609770295990127
100008930	0.661004455048917	0.607243463683565	0.377970156036131	0.624030235798352
340	0.581980183754648	0.239332473309768	0.221392367509991	0.725623574332077
100010896	0.916524544560329	0.790697201186787	0.330996708968882	0.651907117276
100000787	0.243374095188617	0.114932913711001	0.328971462262356	0.375982796372985
100000639	0.0235118769328603	0.236539658465953	0.32499700317433	0.645632259921599
100001851	0.984189481938773	0.242583710681998	0.373812702136255	0.428466185850936
179	0.518746516084051	0.636166274163271	0.336730946353625	0.660180269824764
100000626	0.316528328809559	0.760420889564183	0.364177331795919	0.643684878919412
100001605	0.0168653384202593	0.125728300698202	0.410509819866536	0.746963758408315
330	0.273410560706454	0.437755357904129	0.376746629218593	0.522841129064552
100001162	0.751027864877266	0.620958901120016	0.314025251722367	0.616543920843663
100001167	0.0459411638404233	0.246606429695163	0.34091778928982	0.628720400793453
100002067	0.592077609662332	0.725937352814569	0.446006836912716	0.570134904456638
100019968	0.669098366173325	0.357588141796774	0.37877305852381	0.582854750842592
100002014	0.971887625446478	0.998090515674436	0.344786094038607	0.666954031958271
100004083	0.447555754793429	0.153349199094113	0.385688950803275	0.515327655480689
100001315	0.327775553554701	0.404011221700902	0.359481358149114	0.710482240620798
535	0.304871691390195	0.57640144195476	0.362281333093642	0.641326160571648
93	0.454570300306422	0.274541298419676	0.382119350656324	0.49571636181536
100001989	0.376055088419933	0.628174797657743	0.318927934412748	0.688851229921125
100001740	0.739341308785762	0.40993445444568	0.317256698896821	0.664435517066579
482	0.153678779382375	0.832092089585076	0.34960703771111	0.624641771248122
1629	0.282455051960883	0.407760777393773	0.406578250816318	0.622548590517826
100001399	0.4902173007644	0.376499636377447	0.359320085487373	0.648178022471651
376	0.816120413925456	0.171437853045461	0.218400905062178	0.753579163951148
342	0.610396048004751	0.611597668207798	0.344939512438408	0.642848506121243
100001253	0.0302295768151027	0.199565880676307	0.293342349256006	0.850080267645128
100000708	0.63480108022686	0.775161462903324	0.366426241608985	0.65253333457155
244	0.206895848872332	0.0554057793238161	0.286848565991716	0.762860804218666
100006726	0.422571276291636	0.289058362142327	0.400932772670022	0.630466947026644
100000036	0.228432329574717	0.599982410663191	0.319696389096462	0.687319354895529
100001257	0.025369231730442	0.0889070340924671	0.459882583316862	0.907608020901157
100000445	0.641179733787301	0.633490305834262	0.375881421067759	0.604851410448648
100004088	0.00789681651473242	0.151373874804038	0.358280744432854	0.731912680288672
100001423	0.926588047393391	0.777596379828956	0.347225862122643	0.622723992876779
100001276	0.451289965223088	0.350086907366724	0.313321106044942	0.575936919981299
100001876	0.707753252133029	0.847710584740162	0.338274378232431	0.650873776366399
100009082	0.590240427847735	0.0409906722191505	0.163530387967073	0.626553379862091
100001121	0.36059095341926	0.7396402837583	0.34000721719	0.641486247205609
117	0.309587137759251	0.633026934760472	0.326444966416712	0.664835283841963
100001868	0.0555351401534011	0.156357627879535	0.386996036814595	0.65892601436785
1134	0.616556067645665	0.331046674108145	0.247175605186156	0.615925154471365
100021012	0.236609154249621	0.470898848749239	0.357783460262673	0.668589537041763
100001181	0.662525753303236	0.246606085146806	0.440524351609068	0.568886680788379
100021467	0.542631894968522	0.151159361693493	0.368702089759772	0.51253611692051
100000447	0.24637750148523	0.244295782131688	0.392438500615509	0.611568858441032
1162	0.000529666110957982	0.0131512588918813	0.448289780459133	0.546721013061207
100019982	0.438728302530112	0.488786630513725	0.353345869004646	0.632553754368745
100001613	0.990982576216256	0.445865688629738	0.362617282211945	0.614432265600495
100006644	0.446311734608875	0.660342118901139	0.323722437501741	0.671411280257808
100000096	0.511567300727724	0.024530410751927	0.236489081966604	0.610424624850202
926	0.566383881439532	0.722640175967498	0.355027368866246	0.646773588040794
100020004	0.837659265630247	0.667675038580142	0.362211745337533	0.644448576340233
363	0.145194105952179	0.0365589938274671	0.340171120797425	0.229259368589433
1111	0.310653373503863	0.968388002972312	0.346305397857928	0.697938754096024
100021712	0.72543902281201	0.793740626050689	0.345477574769533	0.631082393654455
460	0.82884796434631	0.631134587092986	0.35985057837203	0.69187537819344
100009331	0.325461839798997	0.210422865293053	0.315113595120782	0.672675603477776
100000442	0.269461159228182	0.749087873639014	0.367894585832695	0.658868320237889
100002945	0.0624579403532284	0.0155730097062272	0.479739717033581	0.588855597965544
192	0.866164147186498	0.964415830775716	0.353356680415362	0.662600974289805
100020241	0.395759320712015	0.932952036141579	0.34352925265905	0.643749614974745
100000580	0.156130581330789	0.158706917747715	0.287981344389584	0.874162336104904
100002466	0.00593155803432279	0.0250413930814975	0.312330769993739	0.398128210457911
849	0.648602191437202	0.568105992201646	0.35442153241828	0.592481442716558
501	0.535530392267665	0.391690160272372	0.378413608468732	0.604193587669571
100000282	0.771036344918263	0.143563321098875	0.416673875237003	0.550422241312551
100001577	0.0335896534293925	0.147684689138942	0.463631288157035	0.718419787375718
355	0.0933464712426524	0.307830278554713	0.29515155459895	0.550022561322622
100000841	0.735042924226085	0.983029288563725	0.356763524527124	0.655266753580235
100000846	0.831972915997801	0.350713029489218	0.334597288558298	0.638685781737842
100004295	0.927179129745815	0.416840742649995	0.318065185478297	0.599650191921195
100001586	0.110904680741077	0.0463200096212911	0.479198062769369	0.319634215482856
407	0.0122435584529502	0.0321519758150824	0.388098041262846	0.713127288662161
1137	0.923182087932815	0.730251981848499	0.330179602341128	0.686547709654042
100021374	0.0404880093185906	0.0148134504876307	0.258955306421196	0.946453764655151
100001593	0.660462107028394	0.900576902149806	0.34303683356456	0.649934531095934
100015971	0.830874976477398	0.842054415568004	0.340323167622289	0.644498971285352
100001022	0.347310850075434	0.181268189279977	0.218891714358983	0.911156472908674
1094	0.0688814272337387	0.234196606572122	0.511700609204022	0.87566884295034
100002122	0.277917047227832	0.291334169034814	0.291801071099434	0.738537090140377
100000706	0.734074572872073	0.57296336491741	0.304183502047526	0.642294737510756
100001055	0.81738628393388	0.387993642414964	0.313992656154634	0.584971992664506
1235	0.511038567717787	0.737747138109565	0.32994318646211	0.674936245875362
100020204	0.0784638077914228	0.489378673494787	0.380470159255259	0.689125738533855
100015643	0.0284193221788499	0.297410489375311	0.383675381250936	0.595655256930134
313	0.0175986407328324	0.269676081899032	0.37231373850542	0.580149526616316
100001413	0.838034631050609	0.913291080290675	0.343714604828301	0.63873141971191
100020423	0.0203598836415449	0.0140852732733636	0.369745355026258	0.330946731437719
892	0.441252640625153	0.151617597848351	0.381901621581962	0.671179103664046
212	0.0639691780203934	0.131607822948513	0.452522536370065	0.620892002503743
100006105	0.206274066060359	0.199963356994095	0.388951065631823	0.65773050207517
437	0.795979422837228	0.576415833256906	0.321288529676886	0.662046208845214
100019892	0.425568780507468	0.81400666031758	0.342922499697784	0.665459137782263
100005716	0.0987612497705166	0.116473909649267	0.356771827308038	0.732004898998
537	0.201260806046962	0.106906833907937	0.359546022544292	0.671259478761399
100001990	0.264366412886257	0.56880583285387	0.400527841240168	0.590664379912905
100003397	0.0204826642993649	0.00272167853606123	0.294928714490517	0.387804680699729
100001320	0.124920567026539	0.202271299897805	0.435163605842444	0.407170895108784
100005717	0.150450355437326	0.0943847344965043	0.393177302016101	0.679626987984304
100001207	0.0290779444304667	0.164604325787301	0.395707357784462	0.652406281131055
100001999	0.559161712886422	0.88382140351939	0.340594233372462	0.7168733257045
100002488	0.234116767874247	0.019389777581724	0.401253919784873	0.591217614770674
62	0.167615210025387	0.650720456584133	0.337656472315744	0.650814836964962
100000467	0.545024258072119	0.402170828136847	0.333978047482733	0.614988428928841
297	0.00413252613034849	0.133092405515211	0.36470447804718	0.607500013362973
100000285	0.0251443777239934	0.375797923696552	0.352325614419295	0.742277612021618
100006056	0.0527836038925397	0.333544376001453	0.370163036826925	0.689702944186553
100002126	0.141273197511242	0.278813507962257	0.269835350985846	0.95973582473821
100002129	0.762121529280611	0.868821520986431	0.340075663431323	0.71959390596876
100020478	0.0350918658625092	0.198090968595665	0.309006173527487	0.678235435473404
100004089	0.0638338412071532	0.556541253479397	0.368723756408456	0.602756857328346
100001755	0.506742360399766	0.565762992952672	0.345873253565316	0.601656594543303
100000551	0.0410827679123402	0.986476395171779	0.351133828693834	0.645326683050605
100003260	0.507649224607276	0.316383067569302	0.383473478630891	0.721649022414125
100010955	0.755629349290886	0.36279496684017	0.278465900096008	0.532858155163144
100020851	0.207522399421609	0.449293944325929	0.37374802502305	0.666587900044968
100016069	0.647664041702184	0.833219666600067	0.349556953208004	0.63557781339974
100002027	0.522195779001204	0.577841479674424	0.275807293577401	0.749598060069103
1123	0.42602592175316	0.211886733782702	0.325807494546927	0.770095175085929
100001150	0.700032429640399	0.963458440717595	0.346838591245853	0.647556306519591
100001657	0.304441544144142	0.700741385677382	0.347797931563275	0.629464125336732
310	0.251913641884303	0.35714503130616	0.30742171210295	0.745795956132137
100001314	0.354024479516901	0.137768415600721	0.327884291127201	0.53149043819642
452	0.624915526709786	0.606075451665141	0.395646752896444	0.612864759808909
144	0.103786387436535	0.0611648388283001	0.411246490509797	0.517369932635352
100001182	0.20439331735737	0.162693800672051	0.424319721683773	0.626819670334445
100015965	0.73400813811668	0.465218530805286	0.330196089407703	0.716047023148739
100006108	0.907349140622618	0.464862533575856	0.358871341357697	0.681619045512011
100001400	0.711534536072993	0.609217818029359	0.326073616109598	0.635796600396869
100004541	0.35353067373565	0.238876877824553	0.327935543009344	0.424250099990664
932	0.807913255524474	0.35073277937249	0.349112058165745	0.678818713705494
100001992	0.434706991602998	0.52766732318574	0.484103195814049	0.541235198923779
100009252	0.138599405400432	0.186117281946085	0.409719853299479	0.627958930927819
100021104	0.678127051913958	0.616626059641103	0.294279051237728	0.765237720889719
100015838	0.00790371042961654	0.0330956112600081	0.513380850755078	0.891345251431521
250	0.00108259560424969	0.0173557363047432	0.600466294441784	0.755990509032373
100002537	0.979461718108247	0.506668364129554	0.323327581016097	0.750753725044902
100001658	0.785795214103583	0.677586492767336	0.375948568906642	0.631379272514197
100020416	0.245095803198205	0.368111978903109	0.315821629178059	0.618573152086213
100006642	0.274434691225245	0.774562541063791	0.332142177709639	0.668597985188838
100001391	0.0858832077641693	0.291069274659333	0.449126268760228	0.764857689012405
825	0.646388416998932	0.623370880086395	0.307023866780338	0.656962968227087
215	0.0136890450976744	0.100115764245225	0.425448807009611	0.620977286401874
100001026	0.930556290236118	0.991740769108242	0.348495178488794	0.65753240605162
100020541	0.446115808000906	0.499682556829688	0.306242101065463	0.682685116584895
100001526	0.215445073969038	0.261229510763114	0.515258369317102	0.759335428063576
100005384	0.602756637188634	0.500104590562744	0.323165750618776	0.584177235885234
100020378	0.258914470953216	0.686493191107352	0.330887343591971	0.652708470779369
100006115	0.904222524314197	0.308886796436757	0.466965606885025	0.518572894759015
1442	0.166432818065405	0.0487282391375458	0.162829619809629	0.527108865068862
100001843	0.196999110679557	0.280172747454764	0.36128551606002	0.726744468246635
100015837	0.149188507136515	0.245754383044887	0.586126262891053	0.592001205854188
100010834	0.732814721881219	0.954915740136119	0.345832589546493	0.642419173949425
100001393	0.600857211425099	0.460069024991899	0.28258515488973	0.684699400327972
100000015	0.327333305423591	0.653459201424756	0.330037028127038	0.660916075542338
100003892	0.0364291675059988	0.0447682756658616	0.315434571652812	0.901373448204715
100000042	0.140870683629066	0.0260286501591822	0.39626517871715	0.540576020128712
100020550	0.60197913270393	0.232310677012203	0.371589157333001	0.547207861082252
182	0.404910161634588	0.342688067938424	0.337894429075778	0.664683985245635
100015723	0.0881929890425979	0.405874699605404	0.364521097371126	0.620841049926734
100020343	0.430592183564534	0.476837960192322	0.310208803024578	0.650409224566738
512	0.310045688900792	0.627276594291197	0.382171369074511	0.616363611360318
100021100	0.774267596454778	0.697084285858765	0.331418415892279	0.649798456858385
100002528	0.324634961019723	0.0726880467391569	0.411833020039732	0.432400381470806
100001287	0.461466018480409	0.690332210858338	0.470701176372569	0.578181433798313
100001229	0.766179691925204	0.838262508256804	0.360838873914133	0.629950876723172
181	0.389737334170574	0.851722505222344	0.340184064031119	0.66745278947993
100015831	0.00103849211633111	0.0147870211785666	0.490572809526368	0.420582546474453
100020515	0.329703302004065	0.513699312984932	0.294203948392544	0.779365356290484
327	0.187785801894526	0.268461146863036	0.427369213307874	0.594764328766772
100009394	0.700452759925656	0.797907353850573	0.33101100228839	0.669018000721979
100001596	0.922659479482868	0.235346383717462	0.311140976772167	0.484886878018131
207	0.796740673128533	0.509240510118269	0.366397209304025	0.605347961756835
2054	0.458592159238686	0.764153864303346	0.334156228663715	0.660976975895869
100020259	0.674448362904098	0.586572752270881	0.374305487538625	0.630637079354498
100020414	0.00171989032555338	0.0277716072233149	0.268338109739481	0.606499708428549
100021131	0.859371524860937	0.284874585682393	0.334349225405877	0.604913850341671
100004499	0.763555711919015	0.782901244895114	0.337077498693183	0.624859592275138
880	0.161353484683129	0.741069974533458	0.376911331551984	0.640197633655095
100002049	0.444560043379888	0.260087158625451	0.391112144103253	0.588477024966991
100001739	0.456889977494672	0.23305801384366	0.450293859194838	0.598779294387116
100001126	0.33662727036024	0.125738647889126	0.234318498040321	0.516845948196164
1113	0.617869769371448	0.833401464434062	0.362343384639271	0.621380131147986
1083	0.934528952021471	0.298283715606824	0.383722984064213	0.552687350876554
100001730	0.08888550293223	0.197021794208055	0.394689701260234	0.528218216898615
100001412	0.586946595045967	0.986861336840838	0.346414893636241	0.649281206857468
100005996	0.669768674310106	0.62058251318804	0.332727969985634	0.621452137127249
100015962	0.00564038623770533	0.0849894932878612	0.27323806553246	0.946758035639398
100020214	0.656057954697567	0.415555404855432	0.37026934661042	0.566088762069177
100002514	0.126010804886444	0.337828232886541	0.359075181380298	0.585034246456035
564	0.176814314995838	0.0516167515754036	0.312274102108292	0.523392279725575
572	0.0259943735153268	0.018962949181869	0.489592875807049	0.513878113067964
231	0.831816555509628	0.54852977063035	0.313991699630821	0.662007981258006
100000453	0.942690352113566	0.761017457657217	0.332672431368096	0.677047878784078
100001007	0.13304754099558	0.248221887770787	0.40064555606074	0.531050176859726
923	0.549124121460402	0.313205274186572	0.335435499535917	0.696515507265854
100001247	0.390988476383588	0.498935775712537	0.329059318613419	0.626446706687659
100000774	0.558373447943142	0.832760313836634	0.364433038942734	0.665863081901927
800	0.369795521141982	0.345757761059832	0.362905670122295	0.703648180169558
100021678	0.217243070283337	0.344325238089216	0.291003428164762	0.641279447538106
100021711	0.425687233009942	0.875154324909724	0.360706039058456	0.651491846598776
100001274	0.804515594025547	0.398411521651381	0.331501625999169	0.499551575855407
100021220	0.130841404522964	0.162310231175673	0.425702961108197	0.96101970926496
100020253	0.344408643075372	0.897174231117645	0.344042192260888	0.652281707812749
100001170	0.559960927514237	0.143825861552882	0.34637428568444	0.527383616547611
100001466	0.288720501683117	0.878098200741827	0.352463680910926	0.640838561566486
100009406	0.69281007393822	0.624955803541029	0.330756711014048	0.66470108138018
1026	0.164009832990607	0.448511977117199	0.374484039510347	0.609360436370715
100020837	0.713862760912155	0.382613300117929	0.388059727994643	0.552664657861287
100001006	0.0758828726611104	0.0488059255143277	0.305731738064875	0.807484885599497
100003674	0.818646339264824	0.137990416024907	0.337099582150825	0.63824049154077
100004396	0.349231820129754	0.436506434631599	0.389636824427325	0.548516824291329
100015923	0.529202639127429	0.905207670919311	0.368734104206541	0.637447034792492
100000265	0.51870511475112	0.770338969447081	0.349475303003182	0.625065835434106
100001409	0.0938602617560039	0.132876219875178	0.338818646839547	0.497385284602343
100003434	0.389134594648626	0.514931567942227	0.348746814137919	0.573027113310063
100001334	0.455678828061411	0.0317820069472064	0.472993919502286	0.490524063743276
100001102	0.681307524197385	0.767580136514096	0.355186119510637	0.627150133825104
1268	0.597317742404405	0.0759056428057594	0.224215505931564	0.602388717052449
100001300	0.21151339016878	0.0860661734377743	0.313636233769097	0.646740564605153
100021324	0.225236459313288	0.667960360754713	0.45081042476469	0.632246729953209
100001617	0.103872082427836	0.101723440284969	0.340270739495852	0.68406313116379
1105	0.928423090033903	0.152444247449474	0.459912150782825	0.34609384070704
100021502	0.0852965952077413	0.270663963287553	0.319399249438088	0.682442403692511
2051	0.781813460861421	0.58821831560222	0.343283058335787	0.552246156335354
100001256	0.147899210623039	0.476676341142607	0.386776290289237	0.787979406458935
100005466	0.0664759474632635	0.092304853973258	0.392364369932764	0.449670876311877
100002199	0.141186041848936	0.670652483018884	0.356439715906032	0.669815962185891
338	0.0209276934454073	0.0457759977152544	0.512632311236386	0.421743511646561
100004243	0.407722352263322	0.575610840803104	0.326151675967597	0.655384544261111
799	0.445502775367446	0.988523516873852	0.364771363946477	0.64527279261935
100008928	0.471807145066846	0.0998131294948905	0.367579611632614	0.62536632575278
815	0.0802738395889916	0.280870051458563	0.353558701828125	0.714861673798166
100001456	0.00687934607300565	0.0848287571159113	0.328083572272937	0.574389354233642
1242	0.0915403097852198	0.0941285016036059	0.405975201852255	0.46183683752315
100001416	0.291298182293621	0.114157139105753	0.243501764114506	0.407308893843369
100001462	0.426428963296381	0.326754167650249	0.39838508827325	0.607611490782618
1087	0.183432894197729	0.0353400849775184	0.361005406573772	0.608400148491709
100020421	0.0753306188781771	0.100717968838616	0.389063060268139	0.414133788141349
100000010	0.00452523198378096	0.051618522715587	0.364775726080435	0.699131075549409
821	0.514909419069449	0.396395115893577	0.385500719908503	0.506720822080049
100006627	0.300590725236053	0.155152305328541	0.459553211133922	0.552045509725689
100001277	0.292814393777497	0.146751187474239	0.420708193289028	0.595729953465145
100021141	0.0485638924322062	0.170759715488593	0.376299439143539	0.754494165417437
100021105	0.141541518077164	0.246054781091253	0.381729021195188	0.451066411757141
100001950	0.000358242634790384	0.00392658080285743	0.41410331123267	0.84621164261973
100020217	0.751800728927048	0.227741403968211	0.243148626731953	0.454799023738327
100006651	0.0224063419002468	0.144976172259943	0.403863018140552	0.404099508428704
881	0.850839673415725	0.408876194567556	0.333304307559475	0.655057550183789
100001509	0.650836277179925	0.13725358698555	0.307201738965977	0.565641078021732
100021709	0.695927831174589	0.839915162449013	0.337061260376343	0.652302517382324
100001635	0.338856172234508	0.0400301915988084	0.365260927061836	0.599133959799505
100002613	0.43455595999527	0.120697279846928	0.324900827886967	0.729045814767913
100009329	0.531461063588939	0.687922575041785	0.312119172423844	0.777225075104405
100021123	0.920003917188949	0.632573333468706	0.354449418474352	0.571713274021352
100015760	0.232091193628545	0.164288937481677	0.293074229640735	0.677902070067347
100020205	0.413070989743257	0.43566384499951	0.396362152170858	0.486850410340778
100000765	0.549464130204885	0.636698062587438	0.339048956055733	0.615545517654453
100004111	0.379758019984159	0.203504695361307	0.372372121212351	0.621396828539048
100001615	0.182150882092204	0.818488010570315	0.34401507857555	0.644224331331455
100009227	0.235971611560709	0.125137937027835	0.461295452310275	0.782278086504682
100006191	0.386034155822316	0.558675175173503	0.377588950898292	0.593452276178702
100004542	0.493831953761896	0.344758978960917	0.357988874992205	0.696362316063173
100003686	0.312655320225446	0.128657485049722	0.47535606283238	0.582024925957002
100009232	0.025572846283582	0.235978129775734	0.351713284814683	0.554206154515725
100001501	0.0413730336905508	0.0868582337898307	0.453783635448231	0.680522314975649
100002367	0.479482128277374	0.237460021655712	0.32943502895195	0.496384190502026
100001108	0.326270133597452	0.732119486056897	0.342159571696107	0.636375120870523
100004227	0.6136958527936	0.922224930545287	0.347169760421859	0.639019227335064
100001310	0.218832930620546	0.307854147417271	0.319562712773157	0.758502426482223
100001994	0.821173281500974	0.964745031957093	0.371945232315654	0.688579104851164
100015839	0.0121760690950103	0.0127475082433059	0.455689828801453	0.729185108209271
100003271	0.00616742225130165	0.0838328676118229	0.441779291543845	0.458519237968166
100020496	0.838300523859825	0.989810160786565	0.34978525414531	0.647495541322344
302	0.672218983711843	0.445831623681373	0.310046105989788	0.614744591142489
811	0.853804799271854	0.866340632009127	0.340983302015797	0.665885252915714
100001267	0.94307100499371	0.817192545464875	0.331141595579245	0.642937972667488
100001197	0.0296428804936642	0.297533786262867	0.381206334537012	0.66250280257215
432	0.186037434145011	0.463960324988792	0.374335460956931	0.622971930495704
444	0.00690617668629762	0.0475770523556638	0.413766879071123	0.769282803016389
100015968	0.333506302465491	0.359343165686237	0.341664563331244	0.57162167533977
828	0.951905356426023	0.909587702397825	0.341493783739298	0.648983627720368
100004054	0.293287875124827	0.846567480649672	0.345763912912736	0.651337194227243
100004635	0.1093826636244	0.150119570416961	0.721099579133381	0.396240955902233
100000491	0.43516173126359	0.598069008750916	0.339994014725757	0.56020605405927
100000939	0.0440268813018303	0.0306720924277584	0.365917782571978	0.540133290128175
241	0.18589242353927	0.559959556313662	0.373679627293349	0.66599785753067
136	0.393418965990371	0.0744173620108056	0.297644545245459	0.82876062990411
100000792	0.568019987904237	0.989749341165732	0.354873067392893	0.679369210779495
100020973	0.533184144029854	0.613971398913465	0.369252734584004	0.61879773921184
100000936	0.883590486581715	0.849502997111075	0.346462014435009	0.64663298673613
100001313	0.00884176938285007	0.176845701063842	0.362129219190811	0.694803374005338
100001951	0.0566929893789338	0.0939769229524395	0.376886581303306	0.640878151105355
100006098	0.0203053670507624	0.0937741434744921	0.379932759023631	0.759160938009068
100000007	0.202457667746258	0.53170538938878	0.36078412967332	0.648536291289106
100006641	0.782770098084247	0.804561104252169	0.383132609393358	0.645093423279678
913	0.0121723617150525	0.0643246542829562	0.422190611811845	0.515194419162251
100001579	0.768487361084457	0.42560274262234	0.382582196693417	0.643956569196109
100002911	0.150041359538222	0.0112162328814248	0.440150403856555	0.605105405999521
100001293	0.286471807388095	0.346447905274967	0.296039363608602	0.799292266060665
100002241	0.214841351061978	0.529093515195562	0.363294927691111	0.615110744122543
100003179	0.490877211041619	0.106849947217841	0.31987978624165	0.516075542513324
100021372	0.275136912305107	0.214515353310667	0.2664013629325	0.64661316485109
100001956	0.356750643450325	0.563373744803358	0.347378354460673	0.571998218202318
100021162	0.230212330643992	0.178072213569798	0.324672560688014	0.483915351368068
100002259	0.290320160018085	0.568786333823697	0.320428664807702	0.635570591034422
252	0.459255810862363	0.656775355709059	0.386760103082954	0.600533048143864
100000707	0.467253170376438	0.339551930157095	0.339438770422969	0.653656075163217
1489	0.722770614843682	0.0217407156139782	0.252753009106566	0.628817304021247
100020361	0.0221562500417196	0.0754720592545444	0.398223099981197	0.934265922873545
55	0.765258711561544	0.914896600381409	0.343404144006725	0.654597108835073
100000863	0.226764663747436	0.249562138487748	0.306835389682268	0.680181587450089
100015840	0.183017042180158	0.102925557129691	0.447889792426969	0.6066691260635
100001541	0.119460561853125	0.0760264347030732	0.250444997510668	0.630143408699641
100006082	0.140285603349832	0.0494237710092589	0.453839025643982	0.63603682484856
1254	0.720098360379755	0.902677805215935	0.346701567687135	0.665567355804486
100001624	0.466771576220263	0.358568344470346	0.329910184496072	0.62091282269031
100015850	0.835533817194334	0.599534550925999	0.410735073686587	0.612947694647343
100001104	0.0037670816903357	0.0164359188856259	0.381392914345971	0.919793973498024
100000900	0.111167580895475	0.425257200291375	0.361618654740674	0.647337033656343
100000269	0.263565818581517	0.106298306036895	0.21951262447239	0.608639335719508
1022	0.194559919587081	0.964168547602508	0.344893653299157	0.648054672015482
100005373	0.224492486505942	0.0883818394051011	0.308588891147577	0.677730980638501
100001129	0.115330186767252	0.690148558199514	0.335443279219547	0.675951823053776
935	0.0143122504140238	0.129977278471	0.435719142616489	0.515334005650837
100001262	0.18490630866892	0.254445591899149	0.356461865001	0.669628780236126
100019978	0.269702570307264	0.648117964229982	0.335933450927667	0.634510487528919
100002293	0.687620365861512	0.851543881977999	0.350307807003742	0.645310845706428
100001426	0.205880289508914	0.288461150827137	0.349906398202506	0.496110189921131
234	0.0378513570130523	0.163510017145805	0.341271926975296	0.623174777112664
100005403	0.225423147038427	0.940904891409242	0.359458636395375	0.640752751329508
100001083	0.0486587190251421	0.344282277156036	0.369991055323589	0.668042590831873
439	0.64406504341088	0.305866688603737	0.376607816308836	0.637338971893638
100001086	0.326147108837898	0.406474057712313	0.36406307629048	0.724469225471572
100005864	0.720497956272954	0.455787537304767	0.319056011546703	0.711225138717504
491	0.530307158318888	0.920143832041569	0.343878822285746	0.64662819037896
100002029	0.463352764697461	0.40457735638981	0.33140975963692	0.510676320465904
100002154	0.619739986864417	0.349737918045311	0.307067831276494	0.610089230067875
891	0.438941773204666	0.191498518060208	0.394628146784422	0.609067984825316
100020261	0.40472633121721	0.462241184540422	0.40513981813093	0.620690441584645
100001296	0.542998878864816	0.526784748680529	0.347636372135374	0.553737037789879
2050	0.564934873083002	0.502064224162521	0.379264077423672	0.584810579808191
100002761	0.347621290450252	0.767334360698812	0.321400400627034	0.748528950410095
100006614	0.948163134326367	0.605240986139196	0.316682907191306	0.718912775350172
100001597	0.962816319602349	0.158915037131244	0.240609477063	0.463793410001319
100020853	0.75232804468664	0.864056839915328	0.350210431729086	0.654645525960277
100001446	0.293170949653041	0.413999327064682	0.308459226128966	0.640357870058402
100003240	0.289183394330442	0.122197720864578	0.398772063439288	0.563227575357738
100001502	0.0321077325775376	0.190172326741132	0.402741443081039	0.748034385810198
100020866	0.120548515792217	0.0119577876116308	0.201737832591418	0.474025046966551
100020419	0.0356865682938041	0.0937282481839274	0.369028714252147	0.402829094163519
35	0.56081808119187	0.287848859124452	0.30932123662887	0.596352404572398
100003696	0.0151257001551905	0.0462714164148383	0.48724351415832	0.585856716657244
100016038	0.909777681708767	0.870817712303258	0.341595333979669	0.628820223864181
100009333	0.193778136982054	0.170318924945945	0.349351873920916	0.670831234941984
100001611	0.155044973781563	0.331486649551914	0.445568009634222	0.620355267351333
100005383	0.631412755754824	0.285842091872463	0.358090472272152	0.687063468523034
100009239	0.341167286614926	0.133606930300852	0.41898924823757	0.4744204053023
100009332	0.313919945340819	0.235906877597941	0.348766536070068	0.608239067692533
100001731	0.145595787084207	0.606339075733253	0.356071695200958	0.618137541831278
100003415	0.401852397496573	0.482063788067254	0.332240664323973	0.663377088807179
100020578	0.158963949114334	0.224601682007484	0.323843144898276	0.550327359027901
893	0.822693031659702	0.503516771755139	0.340027382530016	0.659349332387938
100000963	0.33683010342273	0.226048970581126	0.436101879924832	0.462581990418165
273	0.125546531230728	0.241050960204701	0.410079883022557	0.640597995104058
197	0.39781383008208	0.425195079885016	0.345098706912302	0.526934677558983
100000808	0.343584306101628	0.257346144252685	0.32055454848102	0.79619635866549
100002284	0.827727919059276	0.415086701967422	0.242907245943592	0.590796265302229
888	0.943483778823862	0.0968816594902504	0.374384926691997	0.628014914009714
100006435	0.474334264267162	0.326475301880316	0.272988228441386	0.947383021330146
100006374	0.180292224388188	0.532588641334153	0.358493161345768	0.633968668740327
100003169	0.541164498457777	0.983173228853226	0.344090503658394	0.644440816383021
1004	0.537440798058302	0.797898436473491	0.331651397905327	0.627088601525493
100005998	0.070864716159124	0.79921690920872	0.379067983319854	0.657762153446861
100000773	0.678657894628627	0.565537893069959	0.350476248329885	0.630245986723687
100010850	0.0165396305970489	0.115930245638797	0.405611668219125	0.524837621004479
397	0.879544727972293	0.404675898421199	0.268547785005235	0.704534135632786
100000039	0.0633791738439296	0.228172546882859	0.289986333339914	0.697012840825698
100020833	0.640163031038294	0.821702751939868	0.349365503022913	0.678592483633387
1021	0.422158109103523	0.336844170138682	0.321971310264774	0.684845764622875
100020479	0.392034249812821	0.592646007485197	0.347529514621939	0.657101599251939
100001335	0.47047988741104	0.313759128574421	0.396524533118188	0.611333371777777
100000743	0.473969625522452	0.90581552460477	0.346160803772869	0.634086583167037
100009246	0.165123241992489	0.628875950413307	0.334004653695831	0.677470266800742
878	0.213369389307771	0.750888554542554	0.332745296708571	0.658754797644205
100021103	0.729626583403382	0.926240613215618	0.366225599677114	0.699266212241706
100021363	0.226054158978263	0.568764337621518	0.324175348490864	0.685440061534398
266	0.136669514859802	0.224491775304573	0.348703562609236	0.575364130885286
100001195	0.269369918094957	0.206465278062349	0.450684248358525	0.566352336493022
100019801	0.802311388030565	0.717232238572852	0.358255203517814	0.633367188454385
100002196	0.0498393804108039	0.283852724151665	0.352275284841457	0.658780609080598
100006370	0.227637522763463	0.957416337136041	0.343109047485892	0.647733037707072
100001510	0.0242388460805939	0.00327906770318584	0.303522747605733	0.738571693077428
100000437	0.594097579391333	0.455465131379045	0.324731951241415	0.716936378197494
100001767	0.167347643299479	0.0336778041736634	0.40655783567297	0.716190192729846
100001810	0.437839539809878	0.499251834105838	0.355989271687211	0.804970497156109
209	0.0248202533182677	0.340780201420574	0.408572800213464	0.62499169169667
100001485	0.278099215965193	0.106474381017202	0.213628651911221	0.584564092107572
100002500	0.124602620048015	0.451439436841361	0.350865553267144	0.617195581154496
171	0.0230754713328086	0.0221306974030211	0.273004231544934	0.641409648109052
100020487	0.959573447632347	0.825571543764135	0.368253881512978	0.611577458226351
1206	0.00733770645655297	0.11900202899338	0.35017816074124	0.695905061934842
344	0.0176175638175651	0.0358551877434667	0.626836782463228	0.743020547139495
100001405	0.495632855286719	0.925803781002828	0.350472297804643	0.63957758098263
1239	0.971091854744281	0.512345427355979	0.383651669723597	0.647968598870363
391	0.0601054591771781	0.186226892027891	0.326787176618938	0.851627495532524
100006430	0.368194913119195	0.15115665214898	0.456058597135824	0.369943817315492
100001417	0.987643417164372	0.531398240665649	0.331668736806784	0.74765806450397
100002951	0.03997934043242	0.43367960019751	0.349042960335056	0.558066259352796
100000014	0.764832632664261	0.99409987869934	0.34761302388712	0.647998119527119
100003926	0.573744235918117	0.514127871434772	0.371658695415707	0.627828547527168
100021538	0.515779518237921	0.355078227653402	0.399825901671119	0.559977762990913
132	0.23886319948781	0.909804602462368	0.349333286090438	0.644187388707184
100001425	0.565499046334336	0.531410868849482	0.426114524582164	0.582773489897993
100020262	0.640932369724365	0.671708178103025	0.366975743484503	0.633754446593333
100002679	0.327478809636098	0.703537281587832	0.33009020372749	0.711661947135759
100001270	0.734384733694865	0.592360506842226	0.353469677209199	0.624547383009972
1102	0.718125651998519	0.907377168195267	0.342012290787095	0.659606344018348
331	0.280509822477177	0.213250465419796	0.286454572427148	0.546232284214682
100006361	0.471385727101892	0.601632697171357	0.320809414369601	0.719957270479737
180	0.814432129475801	0.907354353410342	0.358078339946919	0.642882292490748
1053	0.288445818795755	0.404208096676097	0.522936956080133	0.715234535520435
100001359	0.744713138575733	0.974952824743218	0.3515983701998	0.648663237725443
