chemID	simpleLRM_Fstatistics	multiLRM(chem_sig)	multiLRM(sex_sig)	multiLRM(age_sig)
100021136	0.022626425570611	0.23408358676307	0.368614388355124	0.718144201117992
100000882	0.781089947489186	0.710993739824751	0.331747406047177	0.619146415107239
409	0.0865746173764607	0.165742526056217	0.371698240998868	0.403155743874067
100002254	0.713488150568347	0.0454483874789398	0.214574282382129	0.638863378381354
361	0.0074118230247441	0.106784030348405	0.241334081164611	0.607391202899472
100019975	0.558016423313394	0.68973178120343	0.32275190574831	0.658353035406037
100000257	0.000708266618478576	0.0191729058126034	0.321136222653149	0.579873718011031
100001232	0.922485815130707	0.972478314612202	0.328037866373282	0.638721992222733
100001948	0.360169671499656	0.334397945616455	0.351324829392517	0.493900957497353
100001073	0.582617705119936	0.603160796941434	0.420658058459964	0.54677024838235
100015637	0.949936440456268	0.431820112427439	0.345249744643283	0.63250256529597
100006360	0.610594333872611	0.705743669164443	0.306769799133751	0.700802111368995
1488	0.563915449096428	0.653262876041292	0.326208736436555	0.618593026031955
100002253	0.847849418093901	0.953340921746915	0.321952990960385	0.648596232614523
1023	0.972822981749556	0.730379389070047	0.316464538680301	0.628788932915101
100004284	0.689366065716333	0.816190431281157	0.317094240530042	0.646844507659869
100001251	0.624313242205245	0.964990276816579	0.32146008173651	0.638605002752895
362	0.699130255964656	0.489355092208902	0.290655468398171	0.639958110963318
100006620	0.728074725912953	0.904323944092475	0.321880626618216	0.644305519101813
111	0.391723035247764	0.18039312704849	0.267943104368588	0.625647374357681
100009045	0.64682968494191	0.299670725506082	0.270024238868394	0.788723974842268
100002927	0.707246827177517	0.84398181937675	0.316174338596809	0.661156723330675
100015641	0.753743816742447	0.894157144381841	0.316688772818061	0.648966784664769
1114	0.099917060889345	0.934334447947271	0.319737541767422	0.64297556743624
100020409	0.350229769222616	0.368237265211225	0.329774965082074	0.511865137755726
158	0.120594420350942	0.249984834708734	0.415840221487281	0.65514372531353
1224	0.0421242055235152	0.176475073842512	0.260240956572602	0.666328822304249
100001620	0.528543300624444	0.457030044003185	0.282568531246985	0.650278245838191
100020893	0.307320539976892	0.0583942110838738	0.281540068935595	0.390222594253655
100002458	0.704237208568812	0.563635249571454	0.359535481668353	0.592679617302817
100001112	0.784648314770979	0.954578759056563	0.322379466496631	0.646588301752627
100002953	0.400008861257639	0.777766673003817	0.31789544294652	0.654143627489464
1141	0.419391992877812	0.0510436215345509	0.401950069910954	0.475361321552671
100015834	0.442751183089392	0.966048595588581	0.32457998315056	0.643103081788264
100004561	0.588498272003455	0.903193424808563	0.327265254627472	0.635657613659665
100020497	0.804269701542602	0.737074854013315	0.305246084091615	0.66760969975173
498	0.0355938333007085	0.28830817687694	0.337911580771709	0.694566355875662
100006051	0.885829808988557	0.869962704916219	0.325293125201496	0.63707643819232
1668	0.669233293247485	0.51985580020726	0.319691022639671	0.578970968719976
100004523	0.462611421129707	0.878681576973651	0.328303675305392	0.628123073482048
100001604	0.248399454486011	0.581817852129103	0.319305491257663	0.676918600472318
100001002	0.172739916963563	0.547652274762481	0.338633099326864	0.62408170333249
100001987	0.0718138061363164	0.278067067941187	0.835562978114536	0.518042813660096
100002462	0.633885334551674	0.326278280805165	0.380492913021428	0.526721497334911
466	0.59414485716867	0.0719545294844525	0.350782315698133	0.617612219792077
100000665	0.862838239819355	0.452223379637343	0.357142475135737	0.589475880706089
445	0.969404867080653	0.473187056450898	0.352834459925719	0.682957468809046
2029	0.136942880848502	0.496818514602779	0.347717702442564	0.635007980253261
100006438	0.126491374766322	0.242021452370686	0.372656609879744	0.652939983027812
100001398	0.172985203539648	0.60710357115219	0.299462167220551	0.663695095659899
235	0.433883620100965	0.44398814600709	0.282509178057675	0.681709561260362
100000997	0.729204527860447	0.712268438008041	0.323554679060093	0.620906864710528
100002094	0.246477296785018	0.212247263084289	0.280882812027547	0.501129168961501
1052	0.58312131851876	0.868433850758274	0.315670926986762	0.671922290816437
100020823	0.272020456836051	0.606012570359951	0.313620394371845	0.617098214747461
100001806	0.284323480195794	0.646695991376121	0.371666730705366	0.6469058215176
100006092	0.633592848170507	0.469120681175651	0.326997803573719	0.670739100687557
100001415	0.121782159223811	0.0776057202722897	0.305171550946794	0.391102762030013
100000008	0.0458820914831941	0.0793077486491347	0.35470315955676	0.487089662723863
565	0.0076503971368307	0.0504139042396523	0.319145901757408	0.716988969937036
100015851	0.135684755786956	0.181599656946573	0.424458158310916	0.760743162719827
100001866	0.569171314658161	0.906404064904881	0.335510087818651	0.630043427587285
100020546	0.00327104476783466	0.0343608923883941	0.504063078111689	0.878802689961045
100016110	0.543407326083402	0.411990620955729	0.263721305298879	0.740995721704961
100001254	0.00316936944508861	0.0146202864924012	0.417803896339448	0.835217997507927
100006260	0.415019054639985	0.811774139570538	0.325287760749667	0.638649039364562
826	0.683711335812665	0.861069082415893	0.322524654925812	0.635753188650175
100001872	0.457625886170339	0.8223975603965	0.323076076611525	0.640040492762983
100000263	0.301571006280883	0.348869036000626	0.419013944631513	0.61362631482029
100021198	0.840658750210405	0.0480447318560601	0.207840124029426	0.365326614236984
100015967	0.0375399685217882	0.0935328714936219	0.396250585815556	0.469782426933073
278	0.130529379455115	0.2761969188087	0.305932155616663	0.907282373575873
519	0.770314805110292	0.340519356683724	0.37745564954701	0.582059712761584
100009337	0.103430610885886	0.315349887623449	0.439493569675557	0.61596994587357
100002185	0.413226120518092	0.820429796556903	0.313207409174562	0.620611901618722
100001278	0.407454742874408	0.277299010374474	0.388108778283516	0.596951888819382
100002103	0.821601717559976	0.608162361273785	0.322153871426562	0.592747703424045
980	0.799919541379492	0.4523254469775	0.352921908553529	0.62270727750759
100000016	0.89599998828857	0.458719069330122	0.315713762337556	0.620114950625804
100020372	0.167465390524221	0.472257890507917	0.327092543692983	0.570545052774066
100001662	0.743670880532438	0.127161248753381	0.120757728926635	0.683687264952903
100019972	0.918711422924413	0.683561777774554	0.330230025852565	0.627966455207208
254	0.749216505664989	0.69053136307705	0.319139473446649	0.644541698302469
100002009	0.658104871933955	0.680425063964015	0.321011696134454	0.565225146099678
100010895	0.438601789631781	0.528526561591277	0.371360351543372	0.619885811690091
1140	0.966966230712857	0.9088249443286	0.3211590266402	0.631182858333059
100008951	0.605124676057753	0.510897076681064	0.349003991298336	0.596864203274463
1084	0.327770285386343	0.856387479665604	0.324147616234941	0.669248275873252
100002796	0.102713718173319	0.392971561929989	0.295172933812191	0.578898015486002
358	0.991916074671817	0.937969655032323	0.320921289564377	0.635770725098169
100002070	0.809751529534295	0.714763827284733	0.313574655499919	0.670140694002066
1628	0.355103230078945	0.122969984587357	0.398259497219124	0.61593891931134
823	0.677175769812931	0.537529658130042	0.284892420203994	0.696296126638096
100004414	0.48744607059315	0.094609674577821	0.40087905338205	0.780293048689569
100006129	0.671462772858835	0.669156076507676	0.302684727245963	0.655996996232833
100002028	0.786444088903759	0.426224578156437	0.410967168624632	0.456607735987832
100021707	0.478339933420778	0.616212966235973	0.292569774966235	0.690957891333732
100000054	0.434765710079348	0.345299471328252	0.31574748016056	0.666320346646136
100010869	0.507179225666112	0.23490430390292	0.324880708897014	0.525290595627004
100004575	0.0265836335540579	0.113967971876605	0.410572301634907	0.942216149427959
100001212	0.956406876012922	0.682901287938635	0.324138732330943	0.586948587406486
818	0.215608481473865	0.559417951066289	0.369920719628939	0.590969694772387
100001092	0.00128772287814134	0.0185567863410767	0.337185586315049	0.602437578516957
100020371	0.993553801107064	0.888931468384373	0.327258028467981	0.637601763652034
100004112	0.185266076919666	0.511868102840954	0.344552487239521	0.642819499005146
1125	0.568961919215848	0.472603001121901	0.339282050423174	0.678745626561038
100020491	0.998470277851428	0.599025075748174	0.281300820220959	0.662777685882884
100003151	0.002266048115615	0.0224548119149283	0.497330845862967	0.505934742733439
100000011	0.316866517351156	0.16033512094235	0.244941959769312	0.741910324709688
100003594	0.50137313923199	0.9789676934624	0.324835244931711	0.639410949642821
806	0.815054810014407	0.168087850665275	0.309776255682826	0.467013363904154
100001211	0.962586262288832	0.550390896314531	0.332308364151727	0.621977257645196
100002417	0.568718758310345	0.583509852580457	0.309060964433466	0.609888712429394
100009335	0.510122632060491	0.171287108014456	0.260989342380178	0.666329608312239
100000781	0.667054640706718	0.955741860519849	0.321231774804015	0.638231058171117
803	0.0254170653956101	0.0351792712095023	0.337054252209697	0.490473316345451
50	0.507573987557165	0.716053459008735	0.329057509953977	0.624800085549029
796	0.441829962645884	0.0520450261715153	0.352925079531364	0.627579983748842
100005834	0.978492053125954	0.674210836190397	0.361612235028865	0.640025539892299
100001580	0.977273443620248	0.538664392078411	0.34458242808722	0.64206138010521
480	0.814998373397906	0.5803524891132	0.286195893444399	0.647949889226523
100001540	0.237645100024153	0.731783214537619	0.408838653090584	0.712524541837598
339	0.553896848248614	0.113859062907621	0.294863650354982	0.55046428492379
1110	0.969893460722763	0.928233565150701	0.32520992351264	0.634895010378278
100015836	0.141344619901245	0.155035908100739	0.497730670607755	0.793406529268683
100009271	0.551942724743174	0.517754356033212	0.357393492004182	0.621799943963421
100015638	0.953577037006911	0.420885271634962	0.34493717807941	0.612845556746101
100021667	0.990659443495043	0.504829179307679	0.356102008471615	0.628454985096256
100001279	0.61995333013677	0.387085750756742	0.341643639495984	0.76176535309632
100004208	0.0195615628570171	0.127551647753943	0.485352403796927	0.74078795422525
100003695	0.219273329940148	0.156622905623646	0.359090549414641	0.43057345339895
100000802	0.73462710714169	0.944987777707284	0.322594432298144	0.638402477648549
100002769	0.894112651140119	0.103013564422291	0.226431799179322	0.772876417496666
100015835	0.0909453119380882	0.301016626408443	0.491618151706533	0.808023299008186
229	0.894851358704099	0.392978905574828	0.356934878300179	0.636504130340777
100001266	0.00815644780653778	0.0343709683639224	0.37460313905409	0.950949670172464
1342	0.293105697347382	0.351382236370893	0.278699322019514	0.657925792266517
100002102	0.830274813576104	0.592099534310767	0.362374122946464	0.723505663482144
100020254	0.148826012996507	0.557862714004086	0.318622333124353	0.661835260306872
1231	0.483423706621205	0.235865494569763	0.380580347959921	0.594184047240538
100020492	0.954889839529482	0.922657760092605	0.319831770178657	0.6403024946416
100001402	0.414488798513058	0.59048778338268	0.348121157090582	0.649331188858474
415	0.00681057377743244	0.0999724545206808	0.364725976627634	0.704832802978307
100003109	0.974271470491793	0.91493142399356	0.324912227563517	0.631179193303103
275	0.553893085337551	0.833504691028179	0.316154387284283	0.628664536768202
1143	0.154618895300963	0.0745133233871333	0.298605180394156	0.73055542972124
279	0.426658233745655	0.340692032497404	0.315766487539681	0.51890981970276
100001198	0.99405147760454	0.957364167816542	0.322937859525665	0.644678673784882
1648	0.409392140946844	0.965347712057922	0.322271443181783	0.640911595247188
100001590	0.336235799261591	0.262690838455946	0.303858666641305	0.565224260248799
100001733	0.37670046243744	0.827803284189228	0.317279535320318	0.657025524407541
100008933	0.0153216140349608	0.00177932895969981	0.427662565640925	0.604945620312185
100001550	0.333926840192061	0.501309210531179	0.302929963070675	0.593591172887876
1215	0.0658457103338227	0.184070095039257	0.261731159918057	0.603082448116107
100002356	0.281248809619495	0.113381843959274	0.382093015682042	0.648439711229121
100002749	0.684627766807276	0.743947353707852	0.326179671012197	0.647439286528204
100006379	0.175140638818423	0.16581180058426	0.366766554727309	0.406362549546463
100015966	0.0843329344633247	0.158620294736603	0.349107631942821	0.474878681659365
100001392	0.627654077930293	0.97151432433263	0.322685253982197	0.639458607890231
100020425	0.129783565068165	0.0435398663555224	0.266191961921361	0.410083845065162
100004299	0.307754450681772	0.83162461577346	0.339010675896776	0.680506461285031
100001734	0.622142612047176	0.501525083183179	0.33105404972481	0.585569589805579
1002	0.818140527026672	0.795949583215699	0.321569142774659	0.641135740112657
100001337	0.283116286685433	0.775035252532782	0.305537956874926	0.640642617691934
100001452	0.762662106150782	0.761726258804742	0.317845903288349	0.615114766837167
314	0.528375255907696	0.383731673857278	0.333931402364298	0.657136265242639
100009264	0.841078889424643	0.457902566162728	0.246728843347795	0.761255236108469
100004634	0.443200116286128	0.510628296875189	0.291937771789371	0.656225294061489
100000711	0.80415928992711	0.82345602335497	0.34079589356471	0.655742046668062
100020536	0.0215270890024132	0.102839417429697	0.391108724381763	0.736919028154194
100004318	0.316643665676945	0.608890266233272	0.331708310775813	0.633240797909601
100005850	0.931738639187323	0.484111016041369	0.394405448838803	0.594198808190515
100006619	0.317595958861021	0.13833199518064	0.363736847634993	0.625889028374968
356	0.455620298305888	0.618949321079698	0.308522882748075	0.659076654910014
1221	0.57115483481742	0.543638382986958	0.414900479201221	0.680172760992163
100001397	0.808062705563522	0.771350631049092	0.319207009462874	0.635554858151975
100019981	0.565217663890211	0.876342409021997	0.329039797829896	0.655628740838131
100001208	0.401497301766147	0.254375223475426	0.287362829689561	0.91047288620138
503	0.0132659828381822	0.012573337404829	0.192979643893956	0.509029033302389
100006375	0.135374604423055	0.605322276835353	0.354784969342149	0.613925840403195
100001295	0.709753888558361	0.657289954218011	0.316634258951363	0.716427689325034
100020427	0.052640762100091	0.0213529194954262	0.309781501635022	0.345895130612357
100002784	0.50586147858846	0.347586912871529	0.268131144693475	0.720845827956884
917	0.0673414062751408	0.233700660462577	0.343183442293915	0.601424887124163
1869	0.394647867313977	0.20945257113907	0.343122672320306	0.531102682266381
240	0.258697603436652	0.110852419265696	0.202295201103966	0.466926757932064
798	0.00411235876651888	0.0625760550962673	0.487093744086111	0.56337253160408
100002952	0.253665445864815	0.521661721537424	0.318701980333706	0.717017356861682
98	0.573289169662407	0.823623122753201	0.346160534662862	0.640838328488694
100008998	0.316507172435845	0.375057576406507	0.261809595196225	0.703378366551842
477	0.903273213562432	0.286235738898926	0.332411003249565	0.63094930367108
100020545	0.095496094821589	0.156638588306057	0.350810034507625	0.815014069939345
100021666	0.968099277487246	0.228508683728096	0.360111537444211	0.63748151346617
1256	0.533081928624603	0.725888364591882	0.368334874263773	0.669491738838582
533	0.279630123753171	0.0561306936825489	0.241064395469547	0.367771385282035
100001757	0.424874655712659	0.900247614111674	0.332734716404727	0.634016317754686
1024	0.282400091986047	0.089227735084872	0.224330243189073	0.910200712925957
267	0.464989471598343	0.969830767765998	0.324260689672587	0.638689616427691
100002113	0.0936644984020931	0.0673070922431926	0.313207502784428	0.665849707804107
100001756	0.853458109111915	0.742397966153147	0.334726044201141	0.657356191749962
100001193	0.465222837309072	0.187541402861896	0.393514019689219	0.589856198169151
100001668	0.631606825669344	0.976630197362207	0.323475507916234	0.641771711503941
1124	0.334608295461442	0.334605069942832	0.286760951843177	0.729952546220338
100021331	0.183322421706528	0.35086646508361	0.299725218231271	0.683480031529295
1090	0.0554899014494733	0.0402722745121307	0.317040980157271	0.768146897416533
566	0.866599354274264	0.306618128918882	0.239586584561865	0.648562485301799
100003119	0.485324811896968	0.295713461647459	0.354545674507324	0.582567562510659
100006367	0.773948307026362	0.566359132736744	0.33200948768001	0.621919682988029
100004322	0.196649171591837	0.236653181127166	0.338128680416128	0.714482651957978
100001034	0.655887213465369	0.813948602241174	0.317187871041712	0.633330578708028
112	0.949390328665901	0.907764433518611	0.324200179580585	0.629781296901548
507	0.740694804983852	0.770909786542985	0.320350324119975	0.647546994602506
100009233	0.290239694655634	0.161904144512801	0.299419046778698	0.656028800815353
100000406	0.0171091795351756	0.124871056134471	0.52423014770381	0.434937377350473
100004046	0.342646009900678	0.406741856921434	0.206581956386666	0.596058498749358
1025	0.784677008031371	0.712036679265404	0.310070444480038	0.660171099230852
100001106	0.188533595287376	0.1881967751676	0.262475751756672	0.684500757533459
1128	0.0253290024316655	0.606786953172713	0.359846167718492	0.6759455459798
561	0.0374441615564664	0.14572470484754	0.232315780578995	0.541481334016575
100001614	0.875199187040503	0.376601534235507	0.337232644226961	0.617026609691335
100000961	0.805500387207971	0.929652974465843	0.364738928054514	0.634161470508073
100002397	0.918168885952322	0.59839344328682	0.320022946141322	0.577221737406861
100009407	0.979236815337446	0.954539128791157	0.328366710172581	0.637234312794926
100002910	0.868978731306279	0.603964567978966	0.294291672597453	0.583231729173519
100005946	0.262387947101416	0.355531889104683	0.367421398223608	0.73371243366601
100019794	0.0859682711200448	0.280630817283879	0.329858020403878	0.789284734813402
100015759	0.297902106688316	0.0805811381580386	0.274934235020612	0.644265580708902
100020417	0.701618937246285	0.593572382229828	0.309472024237891	0.611769135928786
100001054	0.671761722194755	0.995109333762132	0.323515685582722	0.640108395888247
100001437	0.280132722870413	0.31170817752343	0.279494712284641	0.555627436329026
504	0.304609015217723	0.769191124321848	0.352518831845226	0.657673129538659
100001988	0.450099233688765	0.666652500744385	0.315898776911598	0.788591536784706
1082	0.0289559507453589	0.638861534395132	0.357067403299937	0.662294880936264
100001403	0.336089984499784	0.350633323921979	0.349550435237091	0.628921439476901
100001664	0.856157178587995	0.5145772358754	0.310983844214732	0.81363069746007
461	0.286556982959403	0.216497086190939	0.494548929017864	0.616539842291821
100000463	0.660034436684898	0.997067499283599	0.328742034351289	0.639962006526485
100020208	0.597226999973909	0.551250368884515	0.362163096618346	0.539424322988537
381	0.476923919894251	0.0505984303334151	0.145997937266953	0.457816848742255
100010901	0.0876791594389843	0.0836654893842636	0.320797091942254	0.751172025095329
100001468	0.244874323839102	0.99131067099132	0.323241427727987	0.644979676907684
100000840	0.984031358431652	0.839951498853897	0.313665584853319	0.656664925337128
100020014	0.25239874495744	0.604893077289947	0.314939782652595	0.656314493022883
100001993	0.503143952292954	0.525089137259907	0.256652444175872	0.795323887400258
100001051	0.107418335894738	0.0180090904546433	0.347487474523423	0.337598985201011
100006116	0.372876516151546	0.508418401926433	0.329652486218111	0.638663765551524
1108	0.935648260263743	0.983296609083207	0.324342093707517	0.640146628757426
100019966	0.38731759863952	0.147736666399648	0.376698014103015	0.615073256673953
100001743	0.65959101982083	0.443513419817417	0.309053681282549	0.63185806121325
100001294	0.129031777845138	0.208368631235596	0.233491390774818	0.703429321530544
100001609	0.230758962394051	0.0960420790951848	0.316503529579245	0.716122043787835
418	0.778778098392067	0.982490508148812	0.324059796239049	0.645558246026876
100001178	0.343404882497428	0.913870084024366	0.321077719544292	0.632079623875448
189	0.970102320609429	0.664573249447753	0.293163261050791	0.609851382530616
563	0.54039947684881	0.790261933583513	0.344226134652961	0.621932965902249
424	0.613539768774909	0.452020124248443	0.356317974742809	0.623509389178416
100000776	0.116681430136282	0.305529767965236	0.380435678665633	0.629363815012698
1001	0.848539411839944	0.574268275344686	0.314512314822707	0.660751017931454
1135	0.343825803571376	0.0992490078358795	0.298348012832963	0.715019467732414
100021093	0.347758754529796	0.484048894909846	0.374529160311259	0.658496382347869
100020219	0.112349580972962	0.21479389420004	0.347649697324506	0.523017621668501
194	0.439824722453071	0.810641579521684	0.330411856425097	0.611879042172828
100008930	0.730681294038578	0.636646514184808	0.347725611679579	0.621925251751804
340	0.646134661231114	0.266329491016113	0.205970788610507	0.731234108865259
100010896	0.940096042998402	0.760309313383985	0.306780432228531	0.64715226501978
100000787	0.175924778973247	0.0738883941324613	0.34250742558609	0.319450269552417
100000639	0.0313024057239744	0.22511606693512	0.295266570410743	0.643375646811705
100001851	0.989808586442212	0.230931925865534	0.341408765095962	0.429363123044581
179	0.540810760291088	0.623752413149397	0.313117371283709	0.658862898298073
100000626	0.390146027393431	0.724511309545479	0.338081575119623	0.638369444709195
100001605	0.0103149404298795	0.0920072443215033	0.416498428766712	0.719920767168665
330	0.266662201027515	0.437957902383027	0.354738595122321	0.51891195770312
100001162	0.766493022170291	0.549818005140574	0.285708991082033	0.607320580259441
100001167	0.0475310042222796	0.242522304826084	0.311676022727742	0.632069192213392
100002067	0.753490492710085	0.852652765969223	0.368278857447185	0.61493681779738
100019968	0.688976010479165	0.378060140616794	0.348904279860792	0.586345303918169
100002014	0.941526617357019	0.98721870149352	0.321886802176465	0.666889955791175
100004083	0.466887746413635	0.147354266826879	0.354794431791864	0.51608591604007
100001315	0.324878764033005	0.41872232159606	0.333592283725376	0.706297740790056
535	0.234226256471011	0.551664327703562	0.348827594232121	0.63078827313116
93	0.395218673852272	0.225425940089492	0.376318552503229	0.467525504284724
100001989	0.316690006388059	0.635692902227367	0.304759741527539	0.671355001569512
100001740	0.766185419601533	0.421132256670218	0.294684442524608	0.661150971826316
482	0.1892123709029	0.85133930834114	0.324713475669925	0.622655991997394
1629	0.273968799255215	0.412124186357478	0.38022618584319	0.619119815578146
100001399	0.501050650098507	0.404274773564388	0.330673678596643	0.650010602772665
376	0.727596142809868	0.117205256382963	0.192089566593382	0.756418215660389
342	0.596096388500437	0.605316342768444	0.321999385276343	0.637032816475836
100001253	0.025123890765359	0.189822428137745	0.277126639257054	0.842291731944053
100000708	0.591440079382252	0.776019556929447	0.346094181028355	0.64398070449554
244	0.170488435582232	0.0419811787851471	0.271839401451011	0.755707664493727
100006726	0.42648838671404	0.282082299916838	0.37232579315032	0.628423978240299
100000036	0.187762847107587	0.594445003141591	0.294454457144174	0.686379079434832
100001257	0.0246819699642778	0.0982048762735559	0.428157249574389	0.894425108661577
100000445	0.662832648615711	0.603596819121829	0.359234375666957	0.591498060355128
100004088	0.00358116548863667	0.121350562956625	0.391291263099049	0.68960666208766
100001423	0.956717206213054	0.762204138738716	0.324429895654634	0.617264676743926
100001276	0.387423425962928	0.249535934646427	0.28027553094301	0.570169022843805
100001876	0.802457885277061	0.907811541682395	0.31947278147593	0.642249744311522
100009082	0.673742075835954	0.0493708495699712	0.145763406759659	0.649882793455132
100001121	0.354662810199774	0.734325227414702	0.316975711638014	0.637123396803666
117	0.315410410227978	0.635875258012485	0.304327099844472	0.659581350338351
100001868	0.0339231877720142	0.110915511850402	0.392096683746241	0.634040947853018
1134	0.743381671413105	0.299311727940286	0.208753857328579	0.644057157533882
100021012	0.238815508565328	0.470717761471774	0.335778519087814	0.658923226235879
100001181	0.800035654817087	0.268948064182706	0.391351516806868	0.57673472044003
100021467	0.777246252044587	0.30419643091699	0.319144171680723	0.56320553957758
100000447	0.238120820527637	0.242734242319184	0.369588221809133	0.605798982851582
1162	0.000499155196658086	0.0126342105252137	0.428503705445658	0.532981895788438
100019982	0.478370147770513	0.481450858318817	0.333579288170726	0.626510830085654
100001613	0.996006289129129	0.448432313502687	0.337903633314742	0.610668261600702
100006644	0.397464013881935	0.647090723017267	0.303372967804204	0.665750085633876
100000096	0.597981666960406	0.0247534412117396	0.201468556437875	0.633682719057121
926	0.492136450834097	0.67703644033862	0.326815281921761	0.646211012221685
100020004	0.770291083592241	0.71552003872597	0.330490429734284	0.646020979923367
363	0.207070812032617	0.045262788366635	0.279306489896262	0.259987396437031
1111	0.358113073785876	0.978829993162859	0.329394398656699	0.66965964018585
100021712	0.62592209560291	0.839641221249802	0.320101380643467	0.631515759249551
460	0.853895257666081	0.741527980324159	0.332028583916946	0.672268329455886
100009331	0.310798659084081	0.173830309119784	0.291077819549643	0.669101168596016
100000442	0.246244294727114	0.694340076757171	0.350027932341286	0.654220097270491
100002945	0.0980664294343974	0.0178823809841801	0.408971483324019	0.604903367119473
192	0.94627816753549	0.921475472446476	0.32330375628509	0.664120500112631
100020241	0.379493383690379	0.960623145391731	0.321669494201392	0.638602637915699
100000580	0.140460772424274	0.138968823611986	0.26137199210476	0.893712007834969
100002466	0.00908976224256462	0.027321978114015	0.272026816724874	0.412528899227602
849	0.66143774590087	0.56863764019031	0.334620320704294	0.582951092414375
501	0.521729567974993	0.386820136485092	0.354849088639886	0.599709395079258
100000282	0.668974018143991	0.110833822319844	0.412607069714534	0.53217811047074
100001577	0.0391033285331885	0.240868590955187	0.398610376500907	0.725325787821079
355	0.098114457663282	0.333676593477284	0.278580719772687	0.549490915755857
100000841	0.727007092579475	0.946378389172814	0.328646576669176	0.657080076834436
100000846	0.827309215967594	0.348664318083832	0.312941102236212	0.632642254130092
100004295	0.885307191252901	0.383157781867843	0.297263162712911	0.591529422141393
100001586	0.107158110903243	0.0406401242621308	0.458273506282063	0.310639103034427
407	0.0145786211468209	0.0371802681845591	0.342432329840485	0.726213080530034
1137	0.800770054590434	0.679224884464627	0.308268578251681	0.685693897907126
100021374	0.0346225098929952	0.0139860798023849	0.244049903204973	0.951191252950602
100001593	0.65861524116612	0.893311706474823	0.320021403103452	0.646029025067914
100015971	0.789145217402132	0.770804962872807	0.314643709923783	0.641049768768139
100001022	0.323805745817557	0.146567225169476	0.191754266226756	0.936798161874393
1094	0.0603840272538906	0.253121066472666	0.486644284782523	0.84908196272407
100002122	0.232846449574177	0.241233944723235	0.274814841148015	0.729982147867941
100000706	0.618955867904263	0.593856764326654	0.283671148365787	0.639687083774026
100001055	0.75054316147546	0.400549012287542	0.286806885729238	0.591544114071585
1235	0.438247399831898	0.727754228863166	0.310664539580563	0.665631278112531
100020204	0.0963613024516569	0.541193188093781	0.346499521981512	0.680589817659263
100015643	0.0342223294292741	0.290125081241104	0.352875504418896	0.592051146843328
313	0.0219756130589124	0.263403592473985	0.34085697530796	0.578199994035739
100001413	0.848272831630147	0.925435855544829	0.321945796992907	0.634354592802334
100020423	0.0197256115408603	0.0130725853378985	0.34537980450358	0.331207803753018
892	0.464342431393354	0.14918144445818	0.353607333148428	0.665568173166274
212	0.067495129648739	0.116830490768421	0.409308393179295	0.631118602017462
100006105	0.187029528028166	0.18399961908092	0.3714587152821	0.646199301989
437	0.778676293133455	0.562715781769255	0.296453923734102	0.662176934756869
100019892	0.455178399001961	0.795747968035747	0.320234921851158	0.662279823679396
100005716	0.0713048016226086	0.0884747479519106	0.342081701730303	0.733261020257487
537	0.232528764540906	0.132266493660996	0.328391742319653	0.670225407280065
100001990	0.306008440653748	0.615723907493026	0.363853403874532	0.59535561265537
100003397	0.0346989308095303	0.00357563038592657	0.248519325515429	0.413768403958485
100001320	0.131247476851215	0.216680452826057	0.397988002070869	0.418159773716478
100005717	0.130013033849909	0.0764375042392236	0.370531334476897	0.679811235110363
100001207	0.0270747076227803	0.176414487599192	0.382576369007999	0.630264372690313
100001999	0.420158532420414	0.79762940989742	0.313337939137933	0.733346809242663
100002488	0.238966564593317	0.0188857903777182	0.366790470582929	0.59840917015068
62	0.181103407931304	0.659637706463011	0.315562251700246	0.643193222771948
100000467	0.567083124308202	0.447116446008886	0.316639597992202	0.60630292479853
297	0.00476940538296267	0.128496354027424	0.338943728723782	0.5971163815172
100000285	0.0269108837145795	0.401529347174079	0.32824940856591	0.728070746256301
100006056	0.0585005581602983	0.377005073478135	0.345458324045317	0.674423737029084
100002126	0.0710252218822557	0.213307664196463	0.276493361844948	0.949024112567155
100002129	0.993618191173561	0.679248546799603	0.301763024259105	0.766832709528663
100020478	0.0295161142104855	0.188567691158081	0.29364815825058	0.667831409294818
100004089	0.0594737474186263	0.542213354252044	0.350636829435339	0.590593172921009
100001755	0.500113302691882	0.574898480273918	0.322764743742699	0.599288645178763
100000551	0.0315339280897953	0.995894087892591	0.329791556027407	0.64145343271429
100003260	0.516207590922045	0.326957924251664	0.351581893530237	0.722272399048612
100010955	0.797161981875181	0.391960816246064	0.266623826346568	0.528252995397547
100020851	0.220092645465051	0.475205896155724	0.346696910994911	0.659501526964378
100016069	0.673842624800722	0.820331376000279	0.325430810339212	0.630720939132914
100002027	0.495395855646466	0.647315298712972	0.278557775673687	0.727269397650195
1123	0.404088237472909	0.199917383501755	0.300058028373944	0.776085646026777
100001150	0.722620578246508	0.996169885958472	0.327392107622984	0.640773016494131
100001657	0.260156835322401	0.662885239487383	0.319334446632281	0.628983107919169
310	0.251886145948384	0.360585206776151	0.286466480728952	0.739217543993215
100001314	0.387435440298138	0.149790429098654	0.298508545939631	0.54012669530721
452	0.721588019797822	0.629872871852475	0.360501979885825	0.613132345598713
144	0.0961146961238044	0.0516144607049432	0.384344544187483	0.515128098567725
100001182	0.220137074745948	0.16117056319063	0.391199866344262	0.624091847476033
100015965	0.712273275038822	0.465174934865062	0.310688847179705	0.706635081334784
100006108	0.947825561569652	0.513964505674581	0.33373088017614	0.670784094118395
100001400	0.727898928223095	0.640082630132977	0.305017883971964	0.634099610623596
100004541	0.309701185129725	0.208515298964978	0.312733023326332	0.409175461191337
932	0.843782928840266	0.321779579682297	0.326677750969553	0.676730208643557
100001992	0.480009662327077	0.509676644764278	0.442451387326756	0.541498044125652
100009252	0.135195755320566	0.186559505763748	0.382004977219957	0.625955059351854
100021104	0.479249854548578	0.607499495362628	0.279460838814507	0.742426590973767
100015838	0.0113065069670032	0.0422729354121367	0.438785607843015	0.895202493065785
250	0.000725556490652383	0.0194267338805969	0.620503568294097	0.699703982569372
100002537	0.877702666068121	0.566703419066746	0.294504711261149	0.748544542055887
100001658	0.837801007461288	0.689369573903751	0.347113613571683	0.628554625219595
100020416	0.273018598531156	0.372819512652477	0.295182891599978	0.609451186290817
100006642	0.199950216138639	0.756068534422667	0.313916647659153	0.65762218501683
100001391	0.0915410238239799	0.314938734181828	0.41457324201899	0.748885561256463
825	0.806891176346591	0.4412704371014	0.274132751196229	0.633634633703901
215	0.0192073816022184	0.100816372108364	0.380042735587849	0.622814375020379
100001026	0.972669421117036	0.883497379715819	0.32006195557812	0.675052600851096
100020541	0.405669017686969	0.465065196195266	0.286608622078124	0.674720530107754
100001526	0.209001569986385	0.269252252516807	0.487919372746564	0.741638833824056
100005384	0.552161185630015	0.425873448855539	0.296397028337628	0.576316600980781
100020378	0.230867691906472	0.695714161231806	0.3064349504312	0.653433631371197
100006115	0.962931138426794	0.38832981870627	0.403412316555191	0.543530554027268
1442	0.220511353021209	0.0451581622519713	0.137505033639378	0.549250830721561
100001843	0.143897662052726	0.21598385172704	0.35252346913606	0.717988040060624
100015837	0.148073510580983	0.26010398346209	0.546798995288098	0.587833339269509
100010834	0.743681639364429	0.998922913088425	0.322231513051243	0.641498495809389
100001393	0.568011249621737	0.429970773530896	0.254325386753976	0.694220108623878
100000015	0.277657092829457	0.591839684309476	0.297850910147872	0.669065572338501
100003892	0.040726036463339	0.0495939358083402	0.294295298458634	0.877683057403124
100000042	0.197145587427926	0.0251391369603602	0.330646101593969	0.568491736881404
100020550	0.608216552923417	0.219031138505105	0.344039622138832	0.545709703949195
182	0.415247573203579	0.360054643840707	0.318317693396264	0.652914920292641
100015723	0.1474957164725	0.449110012138354	0.324664038796519	0.626364031534631
100020343	0.359434665814095	0.431774362108192	0.291637860348668	0.641401218405802
512	0.352978729724465	0.616911974141679	0.354722632293975	0.61073324245017
100021100	0.757069605423907	0.713060581649632	0.31134458051354	0.642966529826574
100002528	0.357136648760862	0.0620512985449737	0.356747887604957	0.447743010970935
100001287	0.44849088545082	0.68051062382085	0.453664266532527	0.568371316463942
100001229	0.691105891615376	0.890383168568854	0.331702674907657	0.630762330499272
181	0.359131850764533	0.845513013281942	0.318233074382911	0.661264539897827
100015831	0.00153970457237609	0.018673278229097	0.439115783981537	0.428974181418876
100020515	0.284087579121401	0.421356577119852	0.265576402205742	0.794842320852257
327	0.255739105353119	0.26567680736786	0.368768887300578	0.613179777484848
100009394	0.618714379413825	0.742724554040244	0.306076224085603	0.667195545480132
100001596	0.93511404133217	0.23989414246492	0.289169521686695	0.487848635266319
207	0.860284986784891	0.451779456854819	0.336755736336668	0.600642193904701
2054	0.457453163764093	0.763243986669866	0.313241867517713	0.651993061093465
100020259	0.674718945424528	0.576729132793262	0.3502237412742	0.625207822245444
100020414	0.00312863755184366	0.0395626025506709	0.233215341194424	0.623835663901952
100021131	0.837519666765137	0.289053530853137	0.310845134899763	0.602415862124488
100004499	0.832885610469736	0.71450938727771	0.312774615208645	0.614042503793435
880	0.162384489508063	0.697309819378171	0.355416054201152	0.634731841312339
100002049	0.533182920648816	0.324387485253473	0.352647252871906	0.595416905109791
100001739	0.568190862174661	0.258242045471968	0.400589197553321	0.603882576462469
100001126	0.422704939984313	0.13955703803963	0.209625644951496	0.533345348711965
1113	0.707595282180415	0.831266934384264	0.333370192601759	0.618174300525623
1083	0.996657791072641	0.291141361707631	0.350737162601042	0.55300061110454
100001730	0.0854611831029773	0.190244985128437	0.370262555480754	0.524088924211673
100001412	0.554627859201396	0.977009851697491	0.32308817903784	0.644488134134527
100005996	0.697293155314087	0.613242173892272	0.311098755565792	0.61707638037526
100015962	0.00574433873215401	0.0862984902317362	0.256329472765545	0.924294893265502
100020214	0.856252539390753	0.565944201656618	0.324423807819816	0.595983109085641
100002514	0.123106690364878	0.33401536732171	0.336762172245569	0.57939892663484
564	0.223848937311767	0.0674098622738887	0.275295187368681	0.544581988243043
572	0.0260640510085127	0.0197440762439505	0.453654302817188	0.518039181607451
231	0.92749477576747	0.585649586718595	0.294577510103014	0.653371524319775
100000453	0.942053121198608	0.772467861453856	0.310014763335316	0.674940383504373
100001007	0.131558928345232	0.254016991058097	0.369020622014447	0.536577485918074
923	0.625390359439763	0.345727599744502	0.305196240307178	0.694699954388501
100001247	0.41809587739304	0.529252586029129	0.309171183799822	0.619516775709849
100000774	0.528782291269183	0.862121684907279	0.340961414548126	0.654649720121595
800	0.398390275426553	0.394001857617281	0.332968977134843	0.697951378648488
100021678	0.26951906794969	0.389459946111849	0.271498221364311	0.639559126753867
100021711	0.453654862428056	0.858127502122261	0.335823486993646	0.648293251928451
100001274	0.808808801099964	0.362535901137061	0.30464772521689	0.489669801235043
100021220	0.119217289420078	0.156739366999074	0.408205815349489	0.942629085270231
100020253	0.36864169732302	0.943474309394149	0.321792351621341	0.643433236407397
100001170	0.808760599428337	0.17380289628633	0.287296231442784	0.561063363883241
100001466	0.259967718995859	0.837314025669574	0.332279827809179	0.633786915776949
100009406	0.693951712080634	0.641625582173065	0.309918670980395	0.65748434932367
1026	0.184984690528917	0.439126075280444	0.349142918235029	0.600959634258842
100020837	0.677504768781281	0.409979386867979	0.356010519015681	0.559102577965101
100001006	0.0663292704151949	0.0621245622392402	0.297308989230096	0.789062291301413
100003674	0.774465432535466	0.123785618682131	0.315632437002124	0.636380729894998
100004396	0.348832477453331	0.42948705543494	0.363529143823796	0.545475580504878
100015923	0.529848245137265	0.921954984724037	0.343028779012384	0.633913578689266
100000265	0.481885251071022	0.695794960676927	0.327641781754928	0.614078724033294
100001409	0.0903363307977111	0.113565862794964	0.309624281527517	0.495843542368017
100003434	0.375047478198065	0.520518995846658	0.322738239581961	0.574707450445975
100001334	0.596499289677392	0.0574594729756764	0.405559304327648	0.513782984912089
100001102	0.690457000193346	0.756519559469993	0.332347330769874	0.621586460415071
1268	0.582434530848637	0.0543640372062736	0.198947717165458	0.598602601619284
100001300	0.246382321622155	0.0950852260052214	0.282202750610769	0.652351896586123
100021324	0.269428627159189	0.745769009694923	0.397663702895644	0.631998000658365
100001617	0.106012814979094	0.10017558781324	0.317012595501883	0.676935702013727
1105	0.986840132674444	0.176056739274283	0.408229406910363	0.367311889026703
100021502	0.0561066771512402	0.221665492770512	0.306818754433342	0.67798589495603
2051	0.808884866430693	0.573275805209382	0.322722772636916	0.544408221983224
100001256	0.156549948653369	0.567571062661915	0.352886688796093	0.757031032614888
100005466	0.0704996836803751	0.0826588780204968	0.352176622811668	0.45584109225695
100002199	0.106163994810053	0.683117133311489	0.340986671367768	0.655515433172692
338	0.0179062629692833	0.0481291385174229	0.493833986190203	0.423059400080466
100004243	0.444103032715555	0.58015864988644	0.303575644058332	0.648867832924383
799	0.446036391800758	0.97500701013624	0.3359787281345	0.639575384866046
100008928	0.591376516037857	0.0997349467719574	0.317356207059976	0.638647331410282
815	0.0877266825826424	0.264407799832569	0.323537778550656	0.71517707219951
100001456	0.00546724721616295	0.0708742339176801	0.315433425724699	0.560045636326739
1242	0.0867037192680079	0.0894305204798231	0.385015681183657	0.456107475898855
100001416	0.297065488065083	0.109089485673015	0.224491491909658	0.406319652505542
100001462	0.363169748217289	0.283443289115395	0.383242183664232	0.598542239813601
1087	0.186852537639585	0.0415473645651341	0.345364514742961	0.594622271956944
100020421	0.0780520920098241	0.107624259021502	0.360788066792344	0.420477627565026
100000010	0.0043268830514175	0.0447312714654407	0.33455310799933	0.701222574794781
821	0.57798945534022	0.383108741546591	0.346911818801917	0.50962158190752
100006627	0.279340702028376	0.148753590890872	0.43700429439527	0.546793479943039
100001277	0.370973945025753	0.16145082154975	0.375898544606274	0.60005207441181
100021141	0.0396077672907374	0.191064977330572	0.366406684341782	0.728227644018887
100021105	0.191331800253633	0.280459864013759	0.34350110531888	0.466131079142181
100001950	0.000255176391955808	0.0062020874933923	0.450256915401881	0.761134646385011
100020217	0.945761028020851	0.297920747561384	0.225273990646676	0.495507913253033
100006651	0.026488780272291	0.151175594709823	0.375229030033349	0.403917089733698
881	0.997946837070638	0.430318036378477	0.298739102237021	0.662954963204436
100001509	0.664760456936679	0.124855131030354	0.281096695069098	0.564831581070489
100021709	0.580302470950136	0.779972487496301	0.313191767254592	0.649172410884316
100001635	0.324981443304066	0.037562503502774	0.337394384178398	0.605128430600731
100002613	0.441117833522599	0.120870720576079	0.302628632963867	0.721781320843119
100009329	0.556190152292167	0.695141455487348	0.291260918644	0.77382489220397
100021123	0.911240460854762	0.616059423131768	0.331221060685254	0.565170627993584
100015760	0.23140303631549	0.13991342129157	0.268419581518587	0.67417236671578
100020205	0.43154683720946	0.453854765004198	0.36481957141481	0.49356888029003
100000765	0.563899537657003	0.613832041839235	0.316760644715893	0.609195797945403
100004111	0.32437256854365	0.171604096897949	0.361736930500661	0.605174751706756
100001615	0.186476899592244	0.829740016482255	0.321436547057105	0.639582934484152
100009227	0.211828168346534	0.113291176522926	0.435313226413303	0.783224227379418
100006191	0.381101606746545	0.54859001354153	0.355034864894864	0.586538346511652
100004542	0.477617314338304	0.388967959358822	0.335586594319915	0.685647626464154
100003686	0.307566244550699	0.118444720472474	0.448966348020672	0.574962755041672
100009232	0.025106667711227	0.217268467442973	0.333548742789619	0.538802131995127
100001501	0.0469460997576107	0.0960654550821531	0.416431671017631	0.673608089140206
100002367	0.482116498280036	0.24266572381981	0.315749256575527	0.48546560526048
100001108	0.357000490710846	0.689337182251359	0.321601294674452	0.627253437222955
100004227	0.696374905311086	0.96289623212978	0.323074731598545	0.638066554400375
100001310	0.184411146083968	0.283078462463839	0.303572172752348	0.754040054120868
100001994	0.707629303648918	0.907051491647829	0.330815043336493	0.69863828518781
100015839	0.0133343656186437	0.0147321786248116	0.419665926573039	0.723096756235508
100003271	0.00483763094039216	0.0711885541472504	0.438236136531269	0.433058842164465
100020496	0.846640692057931	0.942909710911585	0.322593486292233	0.646927287073681
302	0.692530413234022	0.452635748358824	0.290271529908031	0.608912009938977
811	0.766092852218067	0.778768193432218	0.316376385693445	0.670257751017032
100001267	0.977479603373682	0.765514530497552	0.303591614913752	0.638876784457374
100001197	0.0224035858436546	0.298382593603845	0.370000828924047	0.648599758423332
432	0.200936787746286	0.454767921135944	0.350587785315626	0.613644080244714
444	0.0133847746740239	0.0646105813530259	0.332167982831566	0.799630521372629
100015968	0.375570440067256	0.414203359829494	0.31389689086317	0.580875596831464
828	0.90078777439181	0.885277805954714	0.317295508141529	0.645726481300653
100004054	0.250088817369425	0.854425343672621	0.324952107880834	0.644324181267513
100004635	0.102382372366027	0.137808961216532	0.698514998236403	0.387568862062633
100000491	0.48224891728258	0.567826247356632	0.31171601252685	0.552786241748106
100000939	0.0467816794420862	0.032475445621426	0.338109573512719	0.541746224325761
241	0.246196977922597	0.6995885398815	0.336224112340786	0.656589562713199
136	0.369066009757471	0.0682142151503481	0.27468146607425	0.833642175368018
100000792	0.493710691660731	0.93924014874453	0.333933896653352	0.651600925445636
100020973	0.584151086339399	0.66987859057891	0.341284474642236	0.617177208463775
100000936	0.737975423448092	0.855049748130272	0.320454973276488	0.64351183369136
100001313	0.00857338519831938	0.165285916731379	0.334596766643342	0.693991173091997
100001951	0.0375469299445462	0.0749360768357065	0.384308108971201	0.609273951238056
100006098	0.0193965554759086	0.100001515501868	0.355385270276514	0.752130021588899
100000007	0.24178288277847	0.553703044621206	0.330200953552522	0.646515278543394
100006641	0.932038488935551	0.874084984758534	0.342352987882455	0.642021731696175
913	0.0122343168303991	0.0622915981386447	0.391430486746614	0.514873288357311
100001579	0.799290249103436	0.423432871761997	0.356201325454622	0.637811347627617
100002911	0.156155036946712	0.0125508010062854	0.405057729734972	0.608362345061566
100001293	0.248725976249676	0.401324006274385	0.28986739842432	0.764559405954333
100002241	0.224692938281104	0.521965777366983	0.336152696573107	0.61316698546187
100003179	0.423065834710227	0.0673784936646742	0.290974783476693	0.51214331121326
100021372	0.317826172764971	0.243083306376066	0.25062271656173	0.638623748905243
100001956	0.355078876399717	0.545580394986893	0.323884937136374	0.565764123550194
100021162	0.200929972633603	0.152813761915112	0.310800528003206	0.467175954957751
100002259	0.332413804033094	0.609180587518825	0.30096219662301	0.629994141650541
252	0.393382985268409	0.513581553611396	0.386367621226578	0.567978768194277
100000707	0.466924770793164	0.344245932767166	0.315558376391304	0.65120076399109
1489	0.703297083999421	0.0208846768827407	0.232518258976351	0.637173185443022
100020361	0.0313684326765806	0.090239795766608	0.341529452414171	0.936105674343475
55	0.747434561269823	0.98289806288997	0.328031251485767	0.642842101807596
100000863	0.23960024928442	0.250315951928467	0.28531554975727	0.672976877912854
100015840	0.171400166795612	0.0990505370843348	0.429845078647309	0.59420126965431
100001541	0.153781699436547	0.076844969765761	0.220779314114611	0.638465615154675
100006082	0.168792546073179	0.0620518552902938	0.398281068990143	0.649511664639028
1254	0.742370571935286	0.895652388352674	0.322293000203377	0.659707362126976
100001624	0.477117754703047	0.35469193563665	0.309870541093828	0.611026051926754
100015850	0.881768013242401	0.598201620838597	0.388733970100827	0.606966625178742
100001104	0.00327650479330482	0.0161590489607321	0.36510381147995	0.901649366704659
100000900	0.1309754451079	0.426420894394469	0.332417708067141	0.644678822628315
100000269	0.254934500444661	0.0913419077148282	0.192020790251783	0.62519106750167
1022	0.208845176754953	0.947215948418094	0.322912433571464	0.637648569770489
100005373	0.223045475468162	0.0703911112448222	0.270240544213865	0.699601735699052
100001129	0.122250206223426	0.707804087169723	0.312960937235102	0.668588296619354
935	0.0113460179611327	0.109682770700219	0.427380304132371	0.495549937270406
100001262	0.153309198009264	0.177378189718657	0.334427773012389	0.669263386460421
100019978	0.303332619210979	0.622981605257623	0.314773463027555	0.628612922425185
100002293	0.800534451055846	0.814118174650726	0.322063042084263	0.645527821149438
100001426	0.215156394847361	0.268979733340547	0.31845280593333	0.495554841400094
234	0.0282769948384782	0.140306824265939	0.334999858477943	0.598457666962822
100005403	0.230845623064797	0.94089744394971	0.33616706811812	0.635634605660068
100001083	0.0420852846307294	0.324098115221281	0.350428304968437	0.661529051831268
439	0.709619898476317	0.329617759683338	0.347173424967755	0.632393565578256
100001086	0.340178577182115	0.43131008326106	0.338258456076293	0.713359738763751
100005864	0.720362480356465	0.455145768454929	0.297739621737592	0.704879201236844
491	0.524273798272435	0.916413341757199	0.320919569457378	0.641735271294869
100002029	0.460404448704201	0.408048096147897	0.313560879302935	0.50565720342119
100002154	0.776851403958403	0.44492218304119	0.287969632418779	0.613087596083542
891	0.50804700651018	0.20919450923752	0.360372878292875	0.607554167867565
100020261	0.393952310089014	0.454197075735928	0.381082734872122	0.614857467691071
100001296	0.543815665759884	0.493644491086143	0.322869686448809	0.545120613437112
2050	0.444390520808574	0.542910228784079	0.342035167249585	0.591532929815395
100002761	0.330721520261914	0.732995811741091	0.293812197462921	0.755824835848885
100006614	0.902559029692504	0.635194062315462	0.297257323806691	0.706794274126178
100001597	0.844418446645935	0.150001379119243	0.207558757228125	0.478054838092951
100020853	0.775905815852942	0.895278996074335	0.325963078072701	0.646854862511814
100001446	0.245731901959001	0.372953150996957	0.292393972032408	0.626609237295055
100003240	0.298412099730324	0.12408099800456	0.372673730823732	0.558536583254205
100001502	0.0258058515075683	0.227903732774869	0.393310191354915	0.713922966088386
100020866	0.0942757578652574	0.00980187157819461	0.203574194724729	0.454921137002137
100020419	0.034358563488025	0.0893417398876673	0.344827082583037	0.401285880172206
35	0.538474652808945	0.268260204580025	0.284788062218572	0.597682225075787
100003696	0.0130384703158362	0.048366345689112	0.471874173106797	0.572166829142923
100016038	0.757825381453304	0.948144489513598	0.320623126135451	0.6365724561115
100009333	0.191196701319089	0.154868468277773	0.328492686019963	0.660423821672638
100001611	0.178224051444525	0.327009669415192	0.397933005472992	0.631680233498157
100005383	0.660268534397372	0.298292741484747	0.331467383329137	0.68154768498831
100009239	0.320021209304629	0.12704174444678	0.397646604131883	0.469623503497431
100009332	0.303430960766038	0.200611501125971	0.327570318078995	0.596731624572881
100001731	0.17166152047211	0.665743444740765	0.326630890126847	0.621580556635464
100003415	0.306357738613311	0.422410099445045	0.327359866711734	0.640839220160945
100020578	0.133543800211914	0.195694593065895	0.309314884070401	0.534492402401469
893	0.870531268816784	0.510369450420966	0.3219786792537	0.649234845826053
100000963	0.333645771381271	0.206147518223753	0.408930531262847	0.456225985425645
273	0.148759090961698	0.297575075546891	0.368541251611005	0.642585311064487
197	0.426422730586866	0.338428810466499	0.318059945591531	0.499592378670979
100000808	0.311208778958973	0.231948113463479	0.295178158464292	0.80631208234553
100002284	0.703147581295603	0.403776315328467	0.218774994329872	0.602663743309589
888	0.973997901041474	0.0926276998694606	0.341552390239746	0.632217542848949
100006435	0.496682671168022	0.333502219578204	0.252860810371518	0.935284489873299
100006374	0.183968905403686	0.541485189723344	0.336462515116749	0.625546747000258
100003169	0.542163547707979	0.919012486086412	0.319355747018157	0.636050258764468
1004	0.595641026020863	0.76574517392111	0.306005375033064	0.62046937170877
100005998	0.0855270090763734	0.877841247584871	0.345369330486653	0.646188667616427
100000773	0.659986346746657	0.533517093835706	0.328314365815639	0.623655128006291
100010850	0.0165940720849853	0.11033138918634	0.376274910134328	0.522914291750715
397	0.914253013328353	0.344315080836977	0.242046718972249	0.702855457310685
100000039	0.071204131132354	0.237183015183142	0.268146400337894	0.691657206144934
100020833	0.680683026075074	0.810906676654843	0.325821766671626	0.677421018766466
1021	0.387269252226253	0.353921161118226	0.308220626310042	0.670245270013451
100020479	0.388669095824412	0.58054184265505	0.320862148851007	0.658535925966829
100001335	0.525580276950592	0.321927996893769	0.363649300885941	0.609448860246514
100000743	0.517539464829474	0.939927938131138	0.323360929825027	0.638034915057492
100009246	0.16807786024233	0.651837040715754	0.312742389603392	0.668579331366192
878	0.183231903990585	0.809059780495154	0.31342569492215	0.651398632398715
100021103	0.878078267592891	0.946194905331291	0.34306155302317	0.684373212337764
100021363	0.232004002481276	0.574703706484763	0.301992752933797	0.679691520098088
266	0.140435154309283	0.231949651340321	0.323410551079572	0.575551337292784
100001195	0.330665605478771	0.222747971604247	0.40585340631641	0.56974409009711
100019801	0.789210677061095	0.706606215337312	0.335817088640444	0.627312011756789
100002196	0.0305464585651614	0.254812599465158	0.353586774085913	0.63221688629415
100006370	0.235489812687353	0.973012268876061	0.321259040088124	0.641669951554279
100001510	0.0258782395362973	0.00347131594474333	0.287589588511569	0.717026387533085
100000437	0.581201166227809	0.467470888058617	0.300081655850983	0.718650909677323
100001767	0.154070861704325	0.0331722723338998	0.376521726101693	0.723435123776515
100001810	0.392445815424927	0.505389658384551	0.337097786408042	0.791209379778391
209	0.0349551975808108	0.342767973499364	0.368189302595605	0.625217242889223
100001485	0.235651693280527	0.0704512244158002	0.186233890502738	0.578409329061629
100002500	0.12293386074679	0.448779513101655	0.328267900184044	0.611589880585729
171	0.0273675118750638	0.0213789917624622	0.245954800327272	0.640320592962602
100020487	0.958329841766046	0.816721996022999	0.346271965579971	0.604160702129581
1206	0.00728389360373822	0.119686050495861	0.32545493184497	0.690857022722039
344	0.0134690063866343	0.0298799503353486	0.611460192945873	0.73992114374148
100001405	0.464727043424493	0.865524475614582	0.33096535901236	0.627930149806812
1239	0.961542757755722	0.507681268487462	0.361626956897058	0.639051328256708
391	0.0598832396089844	0.179642436816818	0.301599721504459	0.848512246843185
100006430	0.474619017474175	0.167157214716495	0.39431953777575	0.389353767712683
100001417	0.985404490578038	0.576199523893126	0.308412376169229	0.736245138006509
100002951	0.0577420079965434	0.47033924607643	0.319278337471467	0.564273717634053
100000014	0.394706703292854	0.572162010473483	0.317670324462023	0.676469933665755
100003926	0.592730551608278	0.491200309278469	0.344360711447313	0.625278849796074
100021538	0.510674727861477	0.353434274882594	0.376089460143606	0.554862079576817
132	0.293089660705973	0.897586808098974	0.325662241586039	0.638514873295298
100001425	0.614929729484538	0.525954379589654	0.389016526075904	0.584468534123806
100020262	0.626621476146078	0.664746680716344	0.344337149315697	0.627853702100602
100002679	0.33460917695923	0.700979692681854	0.307376299812744	0.705853982621238
100001270	0.690459102213121	0.572953013839444	0.325703901861972	0.623347127187858
1102	0.789401527569749	0.98095926578268	0.322853061107877	0.640135145258024
331	0.263885850163409	0.19854476185915	0.266836004835284	0.541404471412606
100006361	0.491709614966831	0.627771087413802	0.300253826338789	0.709524045076688
180	0.768708670837515	0.927036940799598	0.331628858860308	0.638414194781475
1053	0.351596598145823	0.529605566772425	0.444974690533298	0.700127267681616
100001359	0.665859248800326	0.864845254412937	0.339709041593506	0.620445392825427
