chemID	simpleLRM_Fstatistics	multiLRM(chem_sig)	multiLRM(sex_sig)	multiLRM(age_sig)
100021136	0.0268613762814271	0.230158922859681	0.372473096684635	0.859040128139599
100000882	0.773298880485769	0.682637666926326	0.341612509020012	0.731146422039232
409	0.0919103261763844	0.191153644535769	0.369723135449002	0.503418920391436
100002254	0.728000400607426	0.0500996727811966	0.22687283172746	0.726040820391195
361	0.00999618931608703	0.116171541663996	0.239895292575882	0.720020045514378
100019975	0.532242611607372	0.731230928952451	0.332431464238675	0.774787860175182
100000257	0.000875816328110481	0.0224556322946561	0.328369909016942	0.681483706090706
100001232	0.904238919969336	0.966126549665671	0.3381879224186	0.756618577247498
100001948	0.348029869272103	0.385366473446063	0.354721318802414	0.615810155026134
100001073	0.513199171785591	0.621095438703258	0.422617603123072	0.667867657331793
100015637	0.804561343203725	0.494070749068977	0.34670094595277	0.747687031597816
100006360	0.602122163068637	0.657997472672035	0.313299871345877	0.833268522354984
1488	0.705765268566723	0.675649001026054	0.329769228274484	0.731700496482213
100002253	0.981231575583495	0.938621613346786	0.337501143554275	0.753537905236131
1023	0.947128546881037	0.701317425782213	0.328099971961161	0.741218053854621
100004284	0.698038756311549	0.813323230423479	0.326301679801296	0.766553638001845
100001251	0.584209847723325	0.957201548001472	0.330470682359052	0.757540282935841
362	0.841037102045123	0.446298685822866	0.30209096750564	0.756960084611072
100006620	0.706009381510418	0.896110179161394	0.331704140846472	0.761717321897789
111	0.390758847247741	0.181366532382124	0.280473058390888	0.723258037407358
100009045	0.670798062835311	0.286168020880751	0.278342726336335	0.911831116148263
100002927	0.900103305603817	0.8347252253191	0.346859116151054	0.74237729891534
100015641	0.698300048017632	0.873356240564485	0.324285588871954	0.770627872325909
1114	0.111209090565691	0.926808332903019	0.328505329182274	0.763231637872628
100020409	0.350299064997738	0.383233029301874	0.330556150455272	0.625509007628603
158	0.190741809817465	0.278463440303704	0.40124173245009	0.775529672512305
1224	0.0652772504528838	0.211664918109571	0.259982195671331	0.787667203799306
100001620	0.406240605807221	0.347213369289665	0.288192620242602	0.766191637116556
100020893	0.296781182371258	0.0699117498188924	0.299601937174772	0.462625917617833
100002458	0.712709443048839	0.5913389869407	0.370742688607462	0.702721597960545
100001112	0.77835743286543	0.991825313707998	0.331440245796828	0.761241411376507
100002953	0.388841793156089	0.822496561526549	0.329102580947196	0.771085615235839
1141	0.385728661523381	0.0588372653280901	0.420916330731601	0.57492258901068
100015834	0.55084008439898	0.981964594747107	0.331745733068915	0.757956878748146
100004561	0.59659021479107	0.872085313269582	0.335611462801262	0.755117362938645
100020497	0.833443715022409	0.787085164505436	0.319133086013123	0.781545522372287
498	0.033381664365966	0.2622290183919	0.338131799206295	0.863309764804866
100006051	0.920228219814086	0.870208427556832	0.334343101174537	0.754993159697459
1668	0.725192578174829	0.511414736433782	0.326807665792916	0.694492044164066
100004523	0.359613030403171	0.795192151071428	0.345736608165544	0.732634164857888
100001604	0.297197951872009	0.568102622996432	0.3255723285267	0.797079181095855
100001002	0.23126853126472	0.621233667067895	0.340562113321715	0.743378741093738
100001987	0.0443114168471006	0.195598280964876	0.993671348873008	0.609932697677496
100002462	0.638717192287795	0.353072102280434	0.388867271996205	0.632095061906404
466	0.620689018709351	0.074944092080731	0.357423972699144	0.729565639775837
100000665	0.862606475590685	0.448186310219202	0.36688777408361	0.700422757899676
445	0.849814170840004	0.520002569515387	0.35579430497369	0.79512301962033
2029	0.137687315339283	0.482774414420199	0.354054919904115	0.765417489933594
100006438	0.184495493031874	0.292857530381038	0.371504152891724	0.759753449270222
100001398	0.174908061740816	0.595432862445251	0.309765843005227	0.778340025796117
235	0.479376526919148	0.493552142400529	0.296878733163721	0.787211007241837
100000997	0.738562746859058	0.714787212199774	0.33278538577568	0.73577836662072
100002094	0.225994448820655	0.218424750117358	0.282818984931804	0.617692827971787
1052	0.699235801412563	0.983234218071772	0.339074839614726	0.766265061347161
100020823	0.347079319927838	0.598289288917575	0.311773111072878	0.74572508959477
100001806	0.258575313827642	0.587792800860358	0.391926542902974	0.774532928851771
100006092	0.747530870346879	0.855614886805488	0.338546384556729	0.746518981141801
100001415	0.120392992143861	0.0905106047190278	0.324658712665481	0.460401256722221
100000008	0.0363607215301558	0.0740986621797153	0.369085891906516	0.590291365584935
565	0.00758325257866033	0.046971292342346	0.331717861785398	0.843433514525926
100015851	0.179507874260484	0.189949620173631	0.417599043948332	0.89519900298934
100001866	0.39581282745839	0.792559291731153	0.360531618878618	0.72846848951837
100020546	0.00633450424246877	0.0398844903889578	0.51334631880589	0.877076439834639
100016110	0.583820872576124	0.436097110114215	0.275563323665439	0.852605947246981
100001254	0.00564529089517914	0.0158609137241375	0.398823430427596	0.939260790727171
100006260	0.381650758510858	0.805689920098698	0.337052630464888	0.756279655044971
826	0.62661635274485	0.827209091036371	0.33304874469574	0.753624404365025
100001872	0.550851757917101	0.882940123180501	0.331164373476611	0.75766955107404
100000263	0.324428073477896	0.370685404094388	0.410648261105834	0.755922336715042
100021198	0.739012304359519	0.0622967085495939	0.229767356886103	0.450830157577913
100015967	0.0270682789293035	0.0790042070723537	0.419203751731088	0.576039489993137
278	0.156969535288039	0.257662954603512	0.313349575651321	0.950652716742041
519	0.792785456398212	0.334797957870126	0.388057630068598	0.688710299548432
100009337	0.224106322189893	0.428605161059316	0.404223457810305	0.725435675646476
100002185	0.445687619381031	0.83809850541785	0.322741683255107	0.741579547312003
100001278	0.452419010134424	0.282554722551099	0.395797610492673	0.705033382214044
100002103	0.72035790852953	0.67333286373171	0.328490644536589	0.709919409418607
980	0.871727897063118	0.459935941174765	0.360212861850117	0.735211370764925
100000016	0.899148209096377	0.461644629291026	0.326171329392758	0.73070223369579
100020372	0.171174670656787	0.489355644162453	0.329465954789941	0.694288303129992
100001662	0.648529639005061	0.14551249414821	0.139151206512973	0.768724119948068
100019972	0.891834699507819	0.698673325411154	0.338873773640087	0.745065214281512
254	0.755025820952734	0.733166203449385	0.3293127241563	0.762982308305648
100002009	0.623072321517921	0.714254824332834	0.327882896817724	0.683338105608457
100010895	0.450349115065078	0.513121143501447	0.383431099247377	0.734902342783448
1140	0.865902699550294	0.969595000632369	0.330157827948906	0.756858217706409
100008951	0.576048155864654	0.530081524950561	0.355591375973512	0.721285507209753
1084	0.332015781583768	0.775545880022928	0.332519468930601	0.810587751219494
100002796	0.115430738935781	0.428474014977317	0.299159544964494	0.703699580247011
358	0.897015077800863	0.97098416123023	0.334111742101163	0.770273682640154
100002070	0.676979010771694	0.659706187581586	0.32444364074095	0.802539608172688
1628	0.43324924589235	0.149964403819086	0.389555871821856	0.735294265546377
823	0.670956859998687	0.540035031509708	0.294000483892163	0.818896173715365
100004414	0.508943239955249	0.0926429474889315	0.423276980235587	0.894301195954022
100006129	0.659263477362814	0.661757790243113	0.311030979683517	0.775715805172746
100002028	0.589151204945872	0.433555051970028	0.452793280101334	0.543645943463975
100021707	0.443445625207605	0.615731426254136	0.301943791583053	0.817383060912074
100000054	0.615062659213551	0.504984141707902	0.319970198357104	0.776741543610303
100010869	0.409873264675279	0.219563056507769	0.346531103361523	0.625068707786501
100004575	0.0445919022843632	0.127572250140493	0.403010852789533	0.937247534608678
100001212	0.832597307559615	0.61897274538535	0.339363170941475	0.687223888715058
818	0.236893996117413	0.574061616833016	0.373375153183423	0.709397510039004
100001092	0.00202743629236234	0.0245240322353359	0.321681959170709	0.733900748719141
100020371	0.924438236883728	0.888742699155084	0.33490605304925	0.757392482157191
100004112	0.179861658040597	0.494959393417573	0.354018580810282	0.769353427989312
1125	0.630677149829288	0.446432437422554	0.354853288949358	0.780025619575874
100020491	0.977507160243958	0.627311116234981	0.296270917411637	0.768261824607005
100003151	0.00247979274127999	0.0214554956508545	0.491341705264561	0.632978672701843
100000011	0.362639800209416	0.164537333349222	0.248599650140752	0.856424283932481
100003594	0.51112773195722	0.989380377818516	0.336751730380522	0.759998708301291
806	0.820138415910685	0.18423239909129	0.320546334612865	0.55186498881606
100001211	0.976343639722779	0.568545515747913	0.3418094210432	0.73748129326592
100002417	0.696160420536001	0.586139661804838	0.322912021656828	0.72463282372691
100009335	0.455379472543145	0.187773456212152	0.275750325875614	0.792468836666788
100000781	0.618532001483296	0.949481529153733	0.330307401647962	0.757499850202075
803	0.0392199334623571	0.0379147465728088	0.304687137118646	0.613417604850191
50	0.397627245728469	0.662189951021195	0.342839572449511	0.743860584662919
796	0.422639999492813	0.0415939458878607	0.365017083251882	0.743835952636696
100005834	0.958907156840587	0.652598956103092	0.378118494155811	0.752430696088565
100001580	0.923145765116347	0.553351139768944	0.351601132647894	0.754837211508926
480	0.69645926103421	0.681354465897402	0.303796087380569	0.760285562914548
100001540	0.38412665175855	0.831888149439911	0.388512149170946	0.805704418447098
339	0.555542842618517	0.121078190068779	0.299624051191494	0.66125121669135
1110	0.993350183778919	0.985762414588533	0.332032111162069	0.773005441779321
100015836	0.291910223011804	0.205152447994294	0.447552048377636	0.900913952487877
100009271	0.54105173469563	0.511603457158841	0.36960789754203	0.738585253528427
100015638	0.904408758880409	0.464040278902497	0.342433302240526	0.735240811160771
100021667	0.781467701231271	0.462008406704857	0.388345762773621	0.746892594197627
100001279	0.573366756138135	0.363896243352968	0.363596993482077	0.893892015922673
100004208	0.0210630542919302	0.116835469298601	0.499408776546892	0.888747175371856
100003695	0.265324163258503	0.173953062600081	0.343390781612268	0.532650344271426
100000802	0.688549394276843	0.924486332211277	0.332196662562298	0.755359387339612
100002769	0.942939503805587	0.118058949543295	0.242773391142839	0.857588964459772
100015835	0.199545304886221	0.357028013126904	0.44696688602977	0.917023379503415
229	0.960059061924623	0.397673072220418	0.365862789366951	0.748115916640931
100001266	0.00615550421537891	0.0234588475159894	0.430018289480859	0.915898639113456
1342	0.285071233599524	0.347101703512185	0.2866667593443	0.778073532797003
100002102	0.862993694358433	0.520914436091185	0.377369027020101	0.87053852711004
100020254	0.181472713006784	0.535072868731157	0.320692286410548	0.789663320881541
1231	0.545791774173106	0.245516415502704	0.384917809421909	0.702841087098137
100020492	0.965513716356568	0.953694580625138	0.330955991827568	0.758014625766064
100001402	0.406368597689574	0.572502076223236	0.364425661384191	0.763374463811869
415	0.00483608157775832	0.0732188389165113	0.396841836841976	0.834280523105122
100003109	0.987387717350919	0.970000386454082	0.332094641509081	0.757358409685729
275	0.515828988318077	0.909476093970825	0.340970633570286	0.750300106546068
1143	0.177345948360124	0.0757072317275075	0.301077643041873	0.85695827214743
279	0.437670721743131	0.378559168146554	0.326866960633506	0.621727127621442
100001198	0.96275587921676	0.967471287102363	0.332899800908676	0.763117875279379
1648	0.444644096065473	0.991920999427066	0.331837060890643	0.758759945472693
100001590	0.349569786226237	0.286348113888427	0.314773268172745	0.667994298803727
100001733	0.381140146899817	0.857116839091098	0.328045933090523	0.773304042439779
100008933	0.0189225071190632	0.00236337210827503	0.437834564370618	0.70100119114671
100001550	0.493015709262697	0.428224074903942	0.314580571058251	0.702778410661714
1215	0.0731206260810433	0.233125637893621	0.280297372195966	0.708452801186017
100002356	0.325191809191237	0.118337208879916	0.3878122956092	0.759063220093144
100002749	0.924286095553972	0.949808467894695	0.331880369156755	0.758685128926559
100006379	0.173629274250121	0.176446651228584	0.373032797549799	0.492160313510387
100015966	0.0480362237376456	0.11664487742075	0.378579949985923	0.573567891320264
100001392	0.611097896209864	0.962619486938441	0.332339268910241	0.757750900260444
100020425	0.150877999381358	0.0571595672612215	0.269899727249847	0.493834058528341
100004299	0.365917839825433	0.797066345807773	0.349957241659211	0.807009898981025
100001734	0.556647392649469	0.522996739900502	0.348114322646218	0.694656684806856
1002	0.781072618540995	0.827132249684749	0.331808138153467	0.756692149836142
100001337	0.277866956682567	0.809815737800139	0.317425327406167	0.76080020294562
100001452	0.897699779090681	0.755707238504039	0.329991621701891	0.728882175378826
314	0.554767389260977	0.387961428003379	0.342839857029151	0.776459027833015
100009264	0.988053911971575	0.55755386274513	0.268119914931157	0.875095558390282
100004634	0.430638655248589	0.502237806273988	0.300056837855749	0.776659944057825
100000711	0.750249850517764	0.685215839752991	0.365791564559427	0.785837199504807
100020536	0.0190271805940821	0.0880471774085499	0.412172984072828	0.880551323419602
100004318	0.348774213382779	0.578394836499798	0.337813665388491	0.751440600379332
100005850	0.950998905202981	0.495493555951404	0.406260251567419	0.701541230306344
100006619	0.354747027054104	0.159172941252575	0.368999603494186	0.740321467754603
356	0.491046635110605	0.63956136696867	0.318320688736102	0.775845591143559
1221	0.76095431376594	0.641164969375259	0.400915362901883	0.785176888481496
100001397	0.852260496018053	0.799744559790082	0.329634739247626	0.74986297787369
100019981	0.580671195134057	0.864749139961025	0.33749137442974	0.781284682927286
100001208	0.496658211468897	0.256385145804275	0.288945674734734	0.965230337026999
503	0.0126139420447343	0.0116648462213952	0.202848097336429	0.576895114837273
100006375	0.127757549608997	0.591804984108547	0.362996456023384	0.737972582921199
100001295	0.691235593395773	0.607182380951237	0.325757276773794	0.85637760377549
100020427	0.0558689022633307	0.0301824939617535	0.313909250173606	0.436446785711492
100002784	0.52526309985374	0.387938391073441	0.285536639772146	0.823485158409317
917	0.0459635889897263	0.188510428858554	0.368464037235823	0.712570732574355
1869	0.413724695266478	0.22498935043757	0.349426793087661	0.633465205945654
240	0.239756759135025	0.114660227027652	0.211962503645526	0.547160943527926
798	0.00665676387089115	0.100297154568652	0.473886368029139	0.685602251689507
100002952	0.315907912914842	0.48830414748616	0.338062144281287	0.858742020113446
98	0.618499692288504	0.809328907564632	0.351875412348102	0.766846288418675
100008998	0.333351923067727	0.379283454034984	0.27023290106972	0.81654040892248
477	0.867076332697953	0.299747064575269	0.33689297773987	0.752903236786661
100020545	0.137023995741067	0.166197336930598	0.358844376183082	0.892695394404782
100021666	0.900700047674763	0.258022604968197	0.36845303118892	0.743820084530501
1256	0.564570087204921	0.693110163689128	0.382946864398343	0.796933298445247
533	0.321421559703276	0.0865395045707679	0.236930950113357	0.495144262124685
100001757	0.473392976213591	0.903973788156389	0.339552216237679	0.753247365594463
1024	0.276462972822951	0.0727103320946912	0.228877144773194	0.743272666699398
267	0.356348915960065	0.942849796837483	0.329431076324601	0.762905277532426
100002113	0.0719376107650731	0.0788181934651331	0.334997094181311	0.807499180051006
100001756	0.828740947291627	0.707131071820531	0.346909137941766	0.783000778386055
100001193	0.524793187185923	0.201165027350197	0.397904699909658	0.697727929193915
100001668	0.719655264569183	0.995110399735967	0.332835882210177	0.759646828965158
1124	0.314591445065334	0.310823930721108	0.29738001640708	0.857632063833838
100021331	0.211521953293681	0.360237739401809	0.30866902123043	0.788965509944827
1090	0.070767846296778	0.0478233271686287	0.315966984395815	0.900212413338216
566	0.780706681305916	0.350663329239083	0.251058719685239	0.753892140290238
100003119	0.52640616791418	0.303255440151526	0.360869013271841	0.689760933583877
100006367	0.788781319897688	0.58062484199206	0.341254844992499	0.737569292590565
100004322	0.239383699857236	0.24965440980371	0.339219765664247	0.844621372905351
100001034	0.752381277567456	0.806811104649359	0.327984925022989	0.75033091212936
112	0.931332596980317	0.958404673863861	0.33234923296493	0.757121516028728
507	0.825996267455892	0.810968968700656	0.329500865820389	0.763313515659754
100009233	0.258162807746616	0.173577313365387	0.31172732170161	0.789422310670228
100000406	0.0229039760135868	0.154253643338299	0.496311634428416	0.554171676813522
100004046	0.415861864873475	0.419431050835502	0.218227782011599	0.68917526701512
1025	0.539321541150222	0.514900417389349	0.316590326493289	0.807173112862185
100001106	0.226506472351833	0.203341877364704	0.27266497103613	0.775696824345448
1128	0.0241195726689811	0.521208362888876	0.375345547430105	0.822511674517304
561	0.0724122549433046	0.216146466027817	0.233314774768873	0.659406903444907
100001614	0.88562846605271	0.376297377824598	0.345828884292989	0.732189817714533
100000961	0.742526014113273	0.906684782397953	0.376152418910731	0.746311490762046
100002397	0.918008995366799	0.664698776101022	0.330102953257289	0.697492079681091
100009407	0.955892334866393	0.999258303744143	0.334236132183834	0.759761800236635
100002910	0.963825850377975	0.578624817444903	0.304256319601871	0.688404982409141
100005946	0.291590006779164	0.364718470869706	0.377650726133847	0.856602349118484
100019794	0.127337700635884	0.314621032363445	0.328488178705232	0.9021215437166
100015759	0.267060687454519	0.0917182982897742	0.288052275148049	0.77544887193972
100020417	0.554809417047296	0.54396807925922	0.318901688909779	0.735992533191693
100001054	0.825561192642491	0.895235711063038	0.339080163467123	0.761748774806008
100001437	0.235479169559871	0.273805476756587	0.276396627564668	0.679816054758952
504	0.239953439786236	0.642000833972747	0.397374480882533	0.774296515846858
100001988	0.490904178925678	0.63934935474789	0.326482546814912	0.91952542879464
1082	0.0245459908389934	0.574711996011615	0.374924167244004	0.797657162411102
100001403	0.378104461896671	0.369587479937466	0.358606880692635	0.732928438618605
100001664	0.950324246567956	0.52976510736921	0.316453284877727	0.939533056488578
461	0.246768428396522	0.184849734781332	0.534325306593805	0.741080849085894
100000463	0.668593692291773	0.988219653483229	0.338253606018011	0.758855960799224
100020208	0.603826982619201	0.568761995817804	0.365528898809758	0.649151543424548
381	0.495820857096276	0.0672721077344279	0.151298069728085	0.574684027062025
100010901	0.0692616147685748	0.0676553640841831	0.340769416607624	0.894992115616685
100001468	0.236764711469063	0.943169678203399	0.329554968237939	0.776921965901023
100000840	0.944933725595191	0.90031167634814	0.333122178241914	0.768855476981568
100020014	0.261344674012569	0.604887267843755	0.325327855595082	0.773542095524702
100001993	0.782825072949046	0.613570707681977	0.277625733574194	0.906410676505732
100001051	0.105028303456048	0.0220406896338332	0.357021022806611	0.413652008039991
100006116	0.361361984423675	0.499101494521869	0.338557130637765	0.76247835832055
1108	0.909818030838211	0.897495693305603	0.329322822305607	0.772347028484337
100019966	0.421963159658906	0.138354570836097	0.385437943369296	0.719768434449699
100001743	0.665741660813975	0.438081866847322	0.320160447368337	0.739183846096592
100001294	0.0994595010651284	0.17389510273702	0.241765572959157	0.82747723584118
100001609	0.283289729032281	0.119953707365844	0.313634248793346	0.845774213583167
418	0.859031910577965	0.910631743206547	0.330805174463933	0.772981244827168
100001178	0.377800229947245	0.929732986380365	0.331197523417531	0.750522153494006
189	0.836897862773807	0.676693361129094	0.305183970298645	0.726354945608909
563	0.581916267152576	0.740257656968249	0.354930166998723	0.740404192357181
424	0.700986196542029	0.463706394376248	0.361947315834245	0.736122322453321
100000776	0.0915494019484762	0.280812211972405	0.392213774027739	0.777285006970295
1001	0.868858412383815	0.421210397448843	0.344817410017216	0.771801277902909
1135	0.361220038439755	0.102882374782514	0.314763277899329	0.810506653563887
100021093	0.37203759843911	0.464034033080032	0.38412256891057	0.784077180295154
100020219	0.126338762023927	0.240579660422182	0.342373718178177	0.645764151940698
194	0.444509281224555	0.870847711732605	0.33779139909131	0.736703121485529
100008930	0.804188687489145	0.636604634199776	0.354954937789979	0.736870224773551
340	0.632157043886401	0.240225269151533	0.209239718730256	0.834686268109415
100010896	0.920563656653839	0.781874653498964	0.317249779304823	0.764967978466922
100000787	0.211966800056619	0.11198983328309	0.318196601732352	0.449698966289909
100000639	0.0386769064444158	0.241340631531686	0.300132752828776	0.759314958101584
100001851	0.97039971361136	0.274287425456605	0.355806978382264	0.526304187990993
179	0.564251406891899	0.616452108312445	0.325309086330032	0.773170372505883
100000626	0.57019655795789	0.839516355318656	0.337344961285931	0.756440058646414
100001605	0.0125839575816892	0.0895570648016471	0.421051909861564	0.851981215460094
330	0.229171350055633	0.432136691250828	0.365534233757198	0.623287654559531
100001162	0.726088470629641	0.625781546061065	0.300871970317118	0.724625713583387
100001167	0.0565617187366191	0.263977657650035	0.322867128144082	0.733873433129308
100002067	0.564014169424989	0.785593634286515	0.413669853138443	0.692642957897989
100019968	0.637116394599878	0.362646950208638	0.365872093602709	0.692089622797658
100002014	0.983316008785721	0.954785414170567	0.331310754772111	0.790793493474104
100004083	0.388067470670267	0.132135940441748	0.373892743382363	0.619272939643361
100001315	0.280551801659339	0.363699359206473	0.353877007392115	0.83762337119822
535	0.18907405324749	0.522248117815161	0.364012897988131	0.75641250734303
93	0.436451376397016	0.277797917752061	0.367291121010393	0.590716269335194
100001989	0.320933627206272	0.582640265922448	0.305575866639314	0.812517813156752
100001740	0.729291723809351	0.406341701874256	0.304523958653503	0.780373614032393
482	0.307415367761361	0.935671181309669	0.331248170133017	0.773190569135358
1629	0.301353404977997	0.437530370427482	0.387810677507657	0.73230345572785
100001399	0.557524906176238	0.418470647542676	0.341968906505821	0.752091635809402
376	0.932693512795872	0.173962315611712	0.204988105536544	0.848632642344567
342	0.656032025342312	0.567934862813936	0.331809655024978	0.759610704667162
100001253	0.0224552825479919	0.161318188034648	0.287870512006194	0.994985221392864
100000708	0.590818171433746	0.76247592257039	0.355416040094004	0.769165109343175
244	0.196202727348939	0.0531873373202661	0.279301491606383	0.879397236621135
100006726	0.4679112118652	0.288904777351015	0.381648599088244	0.738889757450599
100000036	0.13498218684754	0.69157076118622	0.310326822157112	0.789605646874541
100001257	0.0221727212968119	0.0735212604267798	0.464993954253169	0.946297219939025
100000445	0.683168690259232	0.620774850628361	0.36254880714918	0.715838988315696
100004088	0.00319492140882833	0.112493536087018	0.398369320198547	0.856342669078932
100001423	0.95848934569682	0.781406059320748	0.334287007203977	0.73286783428942
100001276	0.388494817894129	0.285862174051764	0.299771085694242	0.666414334596449
100001876	0.952022575329262	0.835366063836579	0.326958803718569	0.766433653927597
100009082	0.574975352442226	0.0411230112474401	0.155326950544559	0.734419498271943
100001121	0.365117095187205	0.741175578854684	0.326670056707471	0.754131787972696
117	0.307290191592984	0.624206776922159	0.31308504258732	0.781127157112366
100001868	0.0313601025324476	0.100400645788502	0.399627341216347	0.776364927202742
1134	0.666228681928439	0.304240010206027	0.22775169789456	0.724417457085894
100021012	0.282948381926004	0.4682710195258	0.339574366498807	0.783625161561354
100001181	0.834098520024864	0.275193026434516	0.400553944331877	0.683461700344298
100021467	0.63346989952453	0.249688222774966	0.338962391591787	0.659455996052404
100000447	0.253593510415296	0.257258322506824	0.376513940175907	0.720290186909519
1162	0.000680463976757014	0.0148594854434398	0.418404779007736	0.648072832270519
100019982	0.528835606959261	0.464496442967296	0.34629613958343	0.744506945780489
100001613	0.975932303605694	0.454390974087063	0.346232703140193	0.724666268761002
100006644	0.410555792359342	0.645572789560664	0.312335911472433	0.784304436266099
100000096	0.580703388975002	0.0285494102144125	0.21838558756629	0.719051544051182
926	0.506270937677354	0.684055446309458	0.338220857945827	0.762884890519135
100020004	0.83461852164537	0.699596318165649	0.34731097389387	0.75767267173048
363	0.171348289180137	0.0502390185122785	0.30228933291003	0.315318048078225
1111	0.430620343108147	0.991960463818894	0.335961836144997	0.790156612053464
100021712	0.66731741605843	0.844979556397096	0.330697013628633	0.747502056339325
460	0.803376256018783	0.684100618449732	0.346975990255016	0.801932674405684
100009331	0.276952581778546	0.186757550407326	0.304516670898532	0.800336713468572
100000442	0.286263610404218	0.752990917016524	0.353602146193114	0.772479767421733
100002945	0.107970870111658	0.0181784467845411	0.419972633159907	0.705926149471179
192	0.892372544805278	0.932553116735265	0.334614102809037	0.780506586503542
100020241	0.371946831511574	0.940697397485223	0.33029511245505	0.758002787196687
100000580	0.147189098276106	0.140612835079403	0.282725035636597	0.99122512418922
100002466	0.0133435667626653	0.0353364085471345	0.26649333080342	0.487089425372783
849	0.612552905385809	0.560996173996384	0.339503959618123	0.705621627390644
501	0.541649085077065	0.39978517497502	0.363384398680065	0.712529558919398
100000282	0.750380070894417	0.152832243870375	0.405876119141675	0.646051505529513
100001577	0.027694934759212	0.165752936308982	0.461971288114572	0.835239360454975
355	0.0905740159055275	0.324181825374765	0.283377739008638	0.656601799804532
100000841	0.823137649753485	0.97146539684783	0.351307975799225	0.757783101966743
100000846	0.670459524818153	0.390053268742812	0.315280174692661	0.741806251818979
100004295	0.932987067585521	0.425447977541826	0.305522539725969	0.703907446767972
100001586	0.127691589380949	0.0546730699909383	0.441180264808268	0.393027913163179
407	0.00872780908068432	0.0276324671852923	0.387828594420695	0.857107586891723
1137	0.74723323484792	0.686207296332963	0.319733882548216	0.808334483474662
100021374	0.0442294146881721	0.0157221313745449	0.256230721939567	0.848826819822029
100001593	0.647518391797808	0.909773889614449	0.330268490783601	0.762187572778131
100015971	0.801725083302029	0.769917013589023	0.324638876588907	0.755230233579661
100001022	0.361649775781477	0.182033209182075	0.211679318541539	0.97822330386751
1094	0.0828815379585109	0.238155825898597	0.495813903587021	0.987980220696539
100002122	0.258554485023396	0.252467786355251	0.278823389324308	0.860476839137854
100000706	0.594518692789368	0.613294027999377	0.292894241477268	0.756515360710562
100001055	0.770962908650721	0.42492318417172	0.300546835466483	0.694928189430631
1235	0.487909214139938	0.717988645161999	0.317022366859148	0.789694699384317
100020204	0.126291294545954	0.51010961240629	0.35385894809107	0.799652929346909
100015643	0.0479358891117578	0.323896028732918	0.352601652388658	0.704886829232892
313	0.028504321838333	0.288110114074047	0.343406924218357	0.689734358506007
100001413	0.899083280709205	0.895677884777113	0.32875822127428	0.749600492649667
100020423	0.0231231773488199	0.017570593373259	0.345043710608346	0.405586214739643
892	0.557108817205068	0.157361407303864	0.354303404954418	0.778524328902497
212	0.0408209723962269	0.108285343858707	0.460454595586915	0.75662120550945
100006105	0.175442178570077	0.173573033349349	0.382421354795897	0.778671777647693
437	0.75702272355348	0.583727407005971	0.30834132696987	0.773352503066132
100019892	0.37270258563668	0.819284866324908	0.329371823476503	0.776576983850028
100005716	0.0883456956162691	0.108461073132791	0.354350052187763	0.841183427934192
537	0.214891999450393	0.123551563903424	0.344449393134503	0.788636749184709
100001990	0.2904460520424	0.612564219445607	0.376243682603288	0.70824595631185
100003397	0.0326355043948981	0.00427575593433989	0.259755093225628	0.495792252735357
100001320	0.121844460195227	0.228352204931395	0.411765898253008	0.505985257105738
100005717	0.154400220415568	0.0918246854782937	0.380824859293275	0.788103652211134
100001207	0.032277200765615	0.175082029086547	0.376737837457765	0.768781527960729
100001999	0.564538835180255	0.813220893866591	0.320799013688502	0.850975802909524
100002488	0.254370122076438	0.0206704346758062	0.380052789740738	0.688600913144307
62	0.210840936866512	0.701253772028236	0.323167911730814	0.764963670114074
100000467	0.624439603291432	0.463965197706064	0.317537298095731	0.728914254554432
297	0.00755526003221592	0.151564768986508	0.332310615519412	0.717283641856616
100000285	0.0221825481683877	0.347356145095355	0.341785738698417	0.878288439753069
100006056	0.0633978313732345	0.388375767388578	0.351832813543864	0.806058992958594
100002126	0.128826864130803	0.240693689936137	0.260912488607119	0.901713632511672
100002129	0.743029302499231	0.806732889100826	0.31857916191001	0.850064545812407
100020478	0.0361729459964229	0.221487000578142	0.301829481334493	0.788602118661011
100004089	0.0838369789185736	0.58332338394458	0.34777309201731	0.714181659233622
100001755	0.477622258992841	0.61352529303748	0.331037622842291	0.713956941068452
100000551	0.0269488920345876	0.993873268103788	0.339235341216368	0.759224399856426
100003260	0.496435722454124	0.314601777405036	0.373402963641983	0.840354394110673
100010955	0.724222464105018	0.378683440847791	0.267003409927352	0.647137206199541
100020851	0.202134196821817	0.445047611365961	0.360534466573953	0.787056634343844
100016069	0.687139167255627	0.807776399383823	0.335034971128249	0.746277855824415
100002027	0.426561616028666	0.625691109003237	0.279945326446557	0.843024010821376
1123	0.408069903759956	0.196575536767601	0.317980509146702	0.887288082328451
100001150	0.696394761621107	0.975480577046746	0.334354564999393	0.760336684507343
100001657	0.309009573232487	0.693923530417192	0.333514707362222	0.742144344488851
310	0.240141102167372	0.333215005105139	0.295435568821336	0.871797536549114
100001314	0.301382086046223	0.127160530534678	0.317512071972004	0.638662666751577
452	0.772794923597243	0.638560894668738	0.368708196032972	0.727389012585181
144	0.102409396243139	0.0661518308491178	0.396413972375206	0.617163062821758
100001182	0.264130243927514	0.168112620886784	0.394652107459291	0.734188357743271
100015965	0.716344905994712	0.458081971062514	0.319161256821317	0.83497352387361
100006108	0.932640004403122	0.482102403576657	0.343935414488298	0.798597245003776
100001400	0.803785390393496	0.686047849807281	0.315849192899501	0.745630138955711
100004541	0.275617372104259	0.217500952405425	0.321768346922093	0.497852637260412
932	0.802587452845402	0.339069959535446	0.336593513383531	0.791013193563307
100001992	0.378786314762945	0.512146892105542	0.474409836883273	0.645421261792342
100009252	0.143249233677233	0.18928653111704	0.394647463755923	0.737076868783713
100021104	0.655196620252077	0.570167864916753	0.27572949292452	0.88906001978599
100015838	0.00969780093760133	0.03397715460903	0.488786840134306	0.966828795897701
250	0.000701522412213171	0.0189002508575318	0.62686616393935	0.891918209132806
100002537	0.812587425812779	0.594425431363646	0.311353045500856	0.843538843956354
100001658	0.820468853199917	0.674415826188921	0.359409877751157	0.745510260230125
100020416	0.284043353732608	0.368821391634162	0.297001739522202	0.734165195545618
100006642	0.231454860048762	0.729493267839564	0.318613793698501	0.786080032861504
100001391	0.110946130968901	0.324087616840833	0.422215477272383	0.878742395213089
825	0.58246539982352	0.620475009623683	0.292879691091628	0.767765782952798
215	0.0247300414199243	0.113185169569283	0.382928385684667	0.735742485392746
100001026	0.970089882719223	0.889875428487253	0.329507578574591	0.790729280014662
100020541	0.496774900801281	0.492860301455951	0.291606102452342	0.788766926367529
100001526	0.223119977865136	0.262231461801268	0.50029555844484	0.886830023309724
100005384	0.609711412384659	0.478864845766204	0.309015560388032	0.677404417906598
100020378	0.280033451875121	0.675627011487647	0.318113913032455	0.766335675805019
100006115	0.995352732628508	0.401832922811797	0.418285152739402	0.646944537721398
1442	0.235326943213832	0.0539346920384102	0.146855856227227	0.625483484735496
100001843	0.117390698563828	0.169291509443867	0.369821058189943	0.873370740051494
100015837	0.127074307105357	0.237076306393939	0.583187410582946	0.712294606085101
100010834	0.759447932962547	0.99917631633365	0.331463440829715	0.759887257397016
100001393	0.536571161777004	0.469951789412271	0.270812910173615	0.791371297572935
100000015	0.330213258622225	0.564831534102917	0.310342158398562	0.781042807633018
100003892	0.0494788937675437	0.046079807451938	0.293505657375579	0.972366873666552
100000042	0.160741256604127	0.0258535192393464	0.359428569527894	0.669817481185291
100020550	0.573054812860931	0.21422579352286	0.357505204692628	0.64809224896906
182	0.403428264178055	0.32791520732495	0.323043322796436	0.784792733888945
100015723	0.174041633549821	0.463290202984912	0.332043194646207	0.736920614734035
100020343	0.338864100986162	0.458735035188074	0.302594877038655	0.764688194261139
512	0.47286463453024	0.717002466610243	0.350803840148628	0.733720128530972
100021100	0.683234394215996	0.682909420435541	0.319720217062827	0.76635449395823
100002528	0.321925408890372	0.0722972680328324	0.389541127659067	0.524569449967417
100001287	0.378319572172317	0.684206509606634	0.461910259510438	0.685489683419584
100001229	0.664442751044766	0.892930753781563	0.340569204667656	0.747998343832778
181	0.401709372286192	0.89678873313006	0.328703273013754	0.774918363635766
100015831	0.00177508052032877	0.0200447481934373	0.434448511393943	0.528567666212834
100020515	0.302827616938871	0.410075053283842	0.269196039851508	0.937641322683592
327	0.262051253508239	0.27585815873059	0.391528339272192	0.707977539923353
100009394	0.567795250396707	0.72741009599356	0.314112627509233	0.79392050547791
100001596	0.950361951531331	0.262228709991111	0.296617755518276	0.582080076284355
207	0.743683766803305	0.463514427680851	0.351835190837791	0.720539464948787
2054	0.607953154921244	0.84149640570076	0.324217208030027	0.767347380385476
100020259	0.672799025070731	0.567260912611125	0.360746729050692	0.743320530055416
100020414	0.00355515903333472	0.041684665239004	0.240699766745873	0.720116941493453
100021131	0.799077196508865	0.29317144188221	0.316567574111434	0.709802627361819
100004499	0.891786603889971	0.707755497372526	0.322975469699183	0.726548429311736
880	0.214526769900456	0.811566860477828	0.352648024528171	0.75478754995812
100002049	0.354225143987812	0.239294388298839	0.383003190565148	0.715552141456832
100001739	0.648517808336622	0.26784270456436	0.405950128833555	0.711182197372437
100001126	0.461838437121648	0.162126914513168	0.219558239893063	0.619940365276523
1113	0.659746175587219	0.833714117683699	0.345508425370407	0.731739322598402
1083	0.987893198928978	0.321977566403512	0.359659800011281	0.664437559206096
100001730	0.085178290627598	0.198483142540488	0.379441607086575	0.6305778091714
100001412	0.611771838594006	0.977513854208925	0.332530097942187	0.763009473901924
100005996	0.777338503916164	0.578773992900158	0.321080325720024	0.729599282848929
100015962	0.00912679199059662	0.0944238618254026	0.253442027286588	0.944690267959728
100020214	0.761595209766507	0.468606358919505	0.345129440173054	0.680018018361158
100002514	0.124710566794506	0.339608663841175	0.344328168095222	0.693569264061198
564	0.162445558503463	0.0525809485169269	0.298540649487651	0.63683324989442
572	0.0281053478068831	0.0207325106333407	0.466768195165237	0.610245149745874
231	0.873846261842433	0.717486386403843	0.310461497000799	0.766810118643779
100000453	0.997464956334432	0.784700584458985	0.321195129261685	0.783991220658829
100001007	0.121755542395562	0.25387579041271	0.388551007823698	0.633529207697324
923	0.558231779018886	0.315796302968662	0.320186653441678	0.821658530067362
100001247	0.403140111104199	0.531710237158967	0.315533890925504	0.744066184122789
100000774	0.593209174572139	0.875171917840955	0.347239259478585	0.774957563316449
800	0.396784026280742	0.359414185161581	0.348454755242486	0.817030251937195
100021678	0.282447556380444	0.382084303568483	0.275956859731566	0.755050407730227
100021711	0.516202137706183	0.883871724187574	0.343609122496926	0.764200990821806
100001274	0.83465351101192	0.434912966969404	0.315593088919942	0.602353503079418
100021220	0.107175915585977	0.130235083797181	0.434056643939218	0.867773297786298
100020253	0.418441897901848	0.915558071935888	0.330045367372009	0.765234636780279
100001170	0.809691076556965	0.191020095745066	0.303242306451407	0.650881152286034
100001466	0.263846656602388	0.84856047133737	0.341129633790405	0.753208418147783
100009406	0.642843322111192	0.632671372443137	0.319663933594281	0.781843666838598
1026	0.261141460694734	0.512104319256591	0.344925279898954	0.722637515986557
100020837	0.723891534658751	0.417582845043752	0.370290605073142	0.663585825871892
100001006	0.0628525578450626	0.0757599785197122	0.324712759749478	0.899276901264366
100003674	0.825937852655085	0.135885983323707	0.324899896977383	0.739858049266119
100004396	0.355963280558968	0.45837178002341	0.371349063761487	0.6547534501497
100015923	0.514976105192539	0.903948900548971	0.355148784607398	0.750270863731028
100000265	0.443866232225264	0.731142698240912	0.338688997326969	0.732928757728947
100001409	0.0758296769993375	0.123420868157369	0.329051751808647	0.595574418672195
100003434	0.399269388200845	0.548940724104185	0.335090703031064	0.682059673643496
100001334	0.595183264186624	0.0795083705514275	0.409902372237102	0.634651230557255
100001102	0.694954500442873	0.757149886857721	0.341812567972167	0.737657361768808
1268	0.663108040107999	0.073611591086834	0.206561650641383	0.69824862673939
100001300	0.254677330371797	0.0947433847940871	0.291528962463777	0.756639282867797
100021324	0.304265627287052	0.73082326565075	0.410889657710393	0.748317055974282
100001617	0.0920889167021633	0.0938019037219529	0.329072753367144	0.811672431603605
1105	0.915190480962401	0.167512632429139	0.430385187848072	0.434280373059668
100021502	0.0398596679529576	0.223809882175301	0.328620501904878	0.807155218258153
2051	0.793861366601018	0.408256271596809	0.34616990885171	0.607586173905686
100001256	0.21095663528364	0.567111721083733	0.362095395998606	0.871132228855627
100005466	0.0701415357343458	0.090415376699461	0.368651030001504	0.540355276431077
100002199	0.120429914032373	0.697325070297565	0.346448757420145	0.782782716958663
338	0.0182563964859505	0.0520235383707292	0.507519378907328	0.51088562482172
100004243	0.399066739278767	0.558714573016807	0.31120771693671	0.776314777335238
799	0.457086878783106	0.982897504614772	0.346707250750932	0.758217327946054
100008928	0.655899127637959	0.109929348580136	0.324354401425825	0.736595081076309
815	0.0552883907615069	0.224368376488564	0.346363893072981	0.861631102863216
100001456	0.00497513642862036	0.0684647700501917	0.322721176623745	0.68054265420337
1242	0.0971373050464771	0.095567144475849	0.384656739028078	0.548302260074296
100001416	0.304684026167504	0.124411991192716	0.229416805811615	0.489235989875329
100001462	0.426466060313981	0.330363653260315	0.385869144405491	0.711600905442368
1087	0.233703026437653	0.0438551010774894	0.336368534187447	0.709139471477711
100020421	0.070209263407527	0.115671623461687	0.373124415876277	0.512897070079636
100000010	0.00945596681761332	0.0578898001670311	0.312874627909207	0.759571594046368
821	0.540929318492618	0.403731259967339	0.361959739700946	0.608884111732027
100006627	0.293376143605082	0.151336552482659	0.446664380672521	0.65067874293352
100001277	0.415909167615741	0.165094496492611	0.381089565030426	0.707757287262309
100021141	0.0421465045977421	0.187785040854466	0.376081227455967	0.866045687791503
100021105	0.160852870058067	0.27852095382274	0.352240431609469	0.56645912644509
100001950	0.000215760897832362	0.00549422952340068	0.453323963282849	0.974505048952717
100020217	0.915082129819105	0.337706847997656	0.243102231976555	0.588294510075898
100006651	0.0267755545563765	0.162808148612415	0.372031610899621	0.504448765226538
881	0.918043831217103	0.429279964644097	0.315975214868782	0.773907692978082
100001509	0.716463646401989	0.160308940015854	0.290924013097984	0.669418484787038
100021709	0.542818712766645	0.824233935692188	0.325383051752523	0.766657131469144
100001635	0.27731701355558	0.0376914992299673	0.365325893834201	0.709573154954393
100002613	0.426588949323575	0.117588643338675	0.312923778855698	0.852770451031736
100009329	0.484191307119671	0.614026177807713	0.290381235524132	0.92503079632391
100021123	0.881868059958233	0.671269809386845	0.340545924876331	0.68419172770619
100015760	0.208876167875758	0.148677875775074	0.279836429430282	0.805930216547817
100020205	0.449476203318681	0.486556151348079	0.370551407230881	0.594994190613242
100000765	0.553321944557499	0.654035279975953	0.325964629122862	0.726014382805553
100004111	0.312432702334189	0.165597400724075	0.36811778260777	0.732600625760124
100001615	0.1807426512167	0.814983097852006	0.330670436959327	0.756221779952582
100009227	0.242216422340406	0.115917973123315	0.453276521485927	0.899495919139371
100006191	0.426780387612813	0.603918482496562	0.357180521657023	0.707357028835159
100004542	0.493333616798914	0.400644733552214	0.347972357751243	0.803187746141299
100003686	0.346859388845193	0.130541372630452	0.450842434736583	0.688851305695034
100009232	0.0273213693253443	0.227358291694389	0.331892112268107	0.663064617031608
100001501	0.0405812329644048	0.091045847779229	0.437034394595576	0.81328643594992
100002367	0.441050359480808	0.240484092031058	0.315608232696693	0.602214878794775
100001108	0.39294868685486	0.680829197256075	0.329876434932056	0.748958030989866
100004227	0.746579054975077	0.971104517349457	0.331681218389059	0.756973703892961
100001310	0.18370495719356	0.276147676279241	0.315834093678838	0.88149931884432
100001994	0.876851019250547	0.923363795564852	0.34852573056923	0.808651819883814
100015839	0.010085248165853	0.0112219935960244	0.451093166270428	0.870573824843127
100003271	0.00830062124768009	0.0960037591719615	0.409545520781905	0.55103355927894
100020496	0.880978074961388	0.997734541836341	0.337237029171666	0.759739726754436
302	0.645034133977231	0.442881157988897	0.296875944362631	0.728384277541371
811	0.66773997924963	0.662227651911031	0.324322670542331	0.810827860064615
100001267	0.780505634337779	0.778889055436745	0.314651487328565	0.759392384057038
100001197	0.033721241748909	0.355269659680048	0.36983049349777	0.765046721087799
432	0.27649687386113	0.525132799640963	0.347405870220061	0.735743654977065
444	0.00870048194056483	0.0483003226500503	0.385527085582387	0.917021765129135
100015968	0.24367392750314	0.301569939638852	0.334364206828258	0.68314438630261
828	0.92336890921296	0.851002628698968	0.324575390796519	0.765915873399632
100004054	0.202087048392578	0.791012813219008	0.336850301261375	0.769414022380919
100004635	0.109492368524438	0.152853655595243	0.694596307368976	0.482333996735835
100000491	0.456223904250649	0.591082910504965	0.322046065351183	0.661934295301022
100000939	0.0447337605247671	0.0345276479080734	0.350468576791819	0.64794636476422
241	0.296988138888228	0.668214712734003	0.346293396574119	0.772413413814161
136	0.369792200244127	0.0721661106424674	0.2934502189383	0.946168218049856
100000792	0.645076168497485	0.96207948475633	0.335653093274354	0.802091094021241
100020973	0.557126682118485	0.628850366095824	0.351904946353995	0.733991239668708
100000936	0.66660563151016	0.857646203464266	0.329584367210128	0.760329097375981
100001313	0.00463714071577419	0.120779552575906	0.36319226899927	0.838100718723181
100001951	0.0315541293739915	0.0685424581997666	0.387681027730576	0.768358332251793
100006098	0.0244142566005169	0.0957480900232166	0.363708805581802	0.864910526205994
100000007	0.187804707232038	0.493533335199419	0.347031982846826	0.773171189782597
100006641	0.952582734654347	0.853272484739224	0.355998139118741	0.759699401322343
913	0.0130061593372809	0.0662812988910689	0.401488094386684	0.616761493241299
100001579	0.879831555583497	0.434782363241846	0.360912107174316	0.756529108850453
100002911	0.168264320746154	0.0134628555287522	0.417163855601368	0.707136127005805
100001293	0.336816948886886	0.416629152898564	0.293647074071699	0.879195506519103
100002241	0.21442606982533	0.512928157328374	0.34879456821765	0.725917989000583
100003179	0.46867030940855	0.0931362340344394	0.307377144977691	0.595848976500737
100021372	0.324379822556209	0.23678668910639	0.25168342841765	0.762385339733011
100001956	0.3562278509858	0.562254806016117	0.332114595402888	0.675707939916259
100021162	0.17613760954277	0.163266670668938	0.3177705885273	0.576722153544796
100002259	0.327542282108907	0.611049986882304	0.307955520788298	0.752639623835578
252	0.542945850119306	0.662227306888688	0.365858076003919	0.707071510900232
100000707	0.442308978651329	0.332356087291334	0.328191321650799	0.768233592293764
1489	0.735113411019824	0.0234773983004519	0.244764024899964	0.717798058946893
100020361	0.0213136993778362	0.0682177877218405	0.38788056678315	0.906843855884668
55	0.722106900959689	0.932131469393192	0.331474719421626	0.76609838940213
100000863	0.226094378178178	0.24473059111576	0.292871829527009	0.802124100977139
100015840	0.131324718046744	0.0856341814209448	0.455305505830527	0.733397524724685
100001541	0.182231526669117	0.0917377957465005	0.228221874326128	0.736559149342082
100006082	0.177795867045979	0.0583162054298968	0.418348818998963	0.743221089475633
1254	0.722585014550751	0.922798754522136	0.336736748896136	0.775226617717078
100001624	0.483087441276787	0.365820103925295	0.314219477567603	0.735847899094451
100015850	0.949886774833629	0.564780127421682	0.408586674466816	0.722329729137272
100001104	0.0054704346253324	0.0154451175318569	0.353512813864009	0.983534919129499
100000900	0.123656024585635	0.386205232617063	0.343705987803218	0.765966262283617
100000269	0.168329562260632	0.0747140044728077	0.208884166462129	0.72018151761849
1022	0.237672474849386	0.974162646124943	0.332307800599052	0.757434785015632
100005373	0.230278183839163	0.0787837816163216	0.293390042302794	0.784866220645061
100001129	0.258391986473224	0.996895659008001	0.331813167375049	0.759562621372289
935	0.0141753836662752	0.134508227565312	0.4193131500228	0.616395902335016
100001262	0.116412126563503	0.179526113506356	0.355600636602996	0.804153887805161
100019978	0.368093683697972	0.60443880772426	0.326051784722928	0.746754046824415
100002293	0.823224578992526	0.812410818183884	0.33377308361728	0.758339342299332
100001426	0.195008517688348	0.278441214939141	0.333567087873754	0.590716174684702
234	0.0530842606422314	0.182859867085266	0.319593892080453	0.720255565002888
100005403	0.197353640791343	0.997436121397633	0.337740813842066	0.762044183987855
100001083	0.0620620316776202	0.345281501303727	0.351126746065602	0.770263666737852
439	0.829361204500713	0.343869972911088	0.348334157619514	0.746364582599348
100001086	0.368883777920629	0.416966340355351	0.347656834517648	0.840399110561156
100005864	0.769585943226462	0.477074168413807	0.306627038766184	0.821866050057163
491	0.536021363853893	0.918151577100158	0.330438071160121	0.760486306953317
100002029	0.4029884505363	0.413879297752105	0.320347662634146	0.615901089242304
100002154	0.780848613527038	0.459836469933909	0.293773785977223	0.735091448386152
891	0.580140839780635	0.213455557680499	0.3622789198595	0.718741642638094
100020261	0.401068895335381	0.450173871003305	0.391885315481384	0.731797213229761
100001296	0.491932623840119	0.486643528477629	0.333916231584579	0.647456221082488
2050	0.466071352620184	0.534592268764953	0.352975881032076	0.700785104348304
100002761	0.387431054991523	0.727008736744202	0.301036526548887	0.869854449453308
100006614	0.919038030692271	0.615926785761025	0.304539116993835	0.835736152324029
100001597	0.88658338186302	0.178387722100073	0.224912161914186	0.564731515516364
100020853	0.767928233968178	0.854455665912298	0.336710599188484	0.770469843924324
100001446	0.258167216960344	0.433110494477881	0.301262370737005	0.752190986858911
100003240	0.348267221354678	0.134786909396357	0.372385252736641	0.665909428982062
100001502	0.0264733397805156	0.201910767668138	0.403594796074547	0.863337440794129
100020866	0.124091094255393	0.0137061903555113	0.197023583220769	0.53882094953851
100020419	0.0342408419617896	0.101501908187574	0.352712045957727	0.491573273878919
35	0.633811087651023	0.342665729079261	0.29845730080061	0.698087456491593
100003696	0.0120332055424847	0.0542846164636672	0.486354398278267	0.70274784069449
100016038	0.984565436492492	0.876280956984208	0.328180779697239	0.742333242840709
100009333	0.18071372358439	0.161475561499876	0.336549337091491	0.797952840093364
100001611	0.15022496186253	0.316875143659437	0.431371017867227	0.739864529980701
100005383	0.845940225838438	0.339102380644634	0.331426818053306	0.784812745571548
100009239	0.316029347837971	0.135424479531807	0.406159083937157	0.567980312032899
100009332	0.262411711819914	0.217135534542497	0.338324551604285	0.730233233836129
100001731	0.163437512601156	0.64504387171854	0.339111152396989	0.733138629681619
100003415	0.188000584002275	0.32394835868429	0.339841231488886	0.811464932588465
100020578	0.140141202011341	0.204777663462923	0.311318294599155	0.64770523720536
893	0.725278626492856	0.553455230070988	0.325741608966617	0.766009110484367
100000963	0.272259922504463	0.189120116170489	0.431512173922623	0.546706844980536
273	0.187884672457529	0.338854022618483	0.375691893712995	0.748728200079544
197	0.430737812288399	0.422377903333218	0.322702205783846	0.634170131041747
100000808	0.259125512224015	0.20652832926414	0.318763049552543	0.93780897709414
100002284	0.806521944313804	0.397041562475302	0.226998434819338	0.698591348662401
888	0.992101252393264	0.0946318689234608	0.353938441073755	0.735535300034569
100006435	0.449434521491024	0.276440296009138	0.256484410083961	0.889334281191878
100006374	0.172062031048082	0.531011319811456	0.344438157025152	0.75151833705119
100003169	0.621379884970304	0.993814535593738	0.331136427356776	0.758746359473943
1004	0.578315652295271	0.772274177362307	0.315234301871778	0.736680923346409
100005998	0.130671027742695	0.944538745927126	0.343870385748976	0.76251659697026
100000773	0.685629453055432	0.553424417467304	0.336188578750573	0.741213994994453
100010850	0.0175356455127543	0.124791159024662	0.385526290187904	0.631398387295218
397	0.737850266916131	0.403966334752027	0.252889267962948	0.809165083357685
100000039	0.054444793899666	0.203361879929138	0.276112530129909	0.828634027134201
100020833	0.753579010272605	0.785285386712539	0.341127067775937	0.800071290606983
1021	0.42429304164949	0.356733556644153	0.312493686471138	0.794814853010714
100020479	0.374035754037087	0.560316819825052	0.335989836253378	0.770804619466992
100001335	0.586390014226619	0.329213428807828	0.368232963254331	0.721852188015474
100000743	0.554932535985786	0.962838013174661	0.33096969738289	0.757835495163038
100009246	0.166337167297243	0.626805407799736	0.321022156598861	0.79491577017956
878	0.199191407411921	0.762138537155437	0.319822603335285	0.772651268283009
100021103	0.727377115056881	0.863579590199907	0.336607719843135	0.828941635252828
100021363	0.224459463029015	0.556150474128619	0.31091476456364	0.804294073450422
266	0.116450147304888	0.180520613846338	0.335979244108114	0.676191996923272
100001195	0.395991326866178	0.23845201532448	0.405860497576605	0.676388268604812
100019801	0.814361123367471	0.712638888023904	0.344083287443921	0.745543513058014
100002196	0.0304822701705724	0.252136448354371	0.354259880283518	0.778950290538805
100006370	0.209915630276668	0.930662111465782	0.328156420668021	0.763616423889733
100001510	0.0323180530116992	0.00357062997896865	0.277605289161115	0.854485370497273
100000437	0.645705655451829	0.477634880013137	0.31374991646148	0.818641193987862
100001767	0.153429457960287	0.032599105643466	0.404488730765348	0.825356653069083
100001810	0.412552819220116	0.471714105251831	0.350265009033453	0.930880155455824
209	0.0464967948460359	0.383108760669815	0.370264994399788	0.73967524909536
100001485	0.346479528741064	0.116829155560064	0.200447823730136	0.662425664512612
100002500	0.123590424428055	0.450901008230506	0.336784069781027	0.729261820564764
171	0.0426021404487341	0.0279584383374623	0.240516445226379	0.733384431464006
100020487	0.977306803786973	0.847934916644852	0.352015003097271	0.72377863167494
1206	0.00730433941396301	0.115993991853791	0.337840727305849	0.816451573034092
344	0.0087985184725517	0.0221401799576378	0.694293434673449	0.894123938050802
100001405	0.385589468519918	0.841516460279475	0.342566238874232	0.744679188169295
1239	0.927489585743206	0.525241608898726	0.364037793679407	0.759608729228771
391	0.0542975468053363	0.167575583552158	0.318318427378136	0.993828480657502
100006430	0.475099015623521	0.201359876575636	0.396709319054993	0.48735461886929
100001417	0.973799318690467	0.528830845542872	0.319261439371976	0.86216494013315
100002951	0.0576535426422537	0.44699447027837	0.324866001677147	0.666840537510023
100000014	0.512606466710407	0.623288550027776	0.323061070137458	0.791765848870994
100003926	0.60521320819076	0.487110172009381	0.355285972893836	0.738432854961095
100021538	0.52460522522119	0.37248673206033	0.381299180226514	0.667444054585002
132	0.404993203189384	0.990491496260347	0.331465997094359	0.758543662174427
100001425	0.602731686366896	0.546293288618156	0.402530118110811	0.693921906723147
100020262	0.631463309381865	0.659695330779604	0.354001232582219	0.746029577336063
100002679	0.276743644108147	0.647436472238477	0.315883895333592	0.847246434449796
100001270	0.658013428922185	0.574949632096539	0.335674838818798	0.732650167496961
1102	0.790441318529734	0.968480789321057	0.330650351712457	0.765614240120377
331	0.318782000828544	0.234914929470273	0.273101905965063	0.640392428022154
100006361	0.489407277526261	0.584683961063776	0.306545749866688	0.840912541887703
180	0.71355193614041	0.920498984476887	0.341517913583082	0.756679078185897
1053	0.453029456636795	0.538001069098403	0.459587729668004	0.808907725255809
100001359	0.719142293002706	0.962007050836449	0.339049591249661	0.756732358089999
