chemID	simpleLRM_Fstatistics	multiLRM(chem_sig)	multiLRM(sex_sig)	multiLRM(age_sig)
100021136	0.0247318053870698	0.242649358328042	0.320652107056496	0.748047037861831
100000882	0.813182699168236	0.692997156823514	0.296290283576583	0.634940876120566
409	0.0741270266511412	0.149908523901838	0.335922521367601	0.406979300583383
100002254	0.677596660002537	0.0396892784762272	0.194949253537115	0.638555994537892
361	0.00857985549259949	0.13381048745342	0.212238181929551	0.634297619728019
100019975	0.558488054506762	0.695239175945814	0.287409614456278	0.675213651940977
100000257	0.00079854892767849	0.026860730649971	0.283792529415123	0.599401862162038
100001232	0.973503448557876	0.963741699973552	0.293061008636488	0.656225949436511
100001948	0.331702099965044	0.266836012373522	0.312437383920165	0.487792892072592
100001073	0.593467761836079	0.640104220083773	0.363328214158282	0.577544741780495
100015637	0.941087180640162	0.427196915568867	0.305999472089072	0.651802739379012
100006360	0.590294696534523	0.610121471330167	0.266056737468064	0.739070282042321
1488	0.535585328519689	0.598336119177013	0.289677894884448	0.633828178505562
100002253	0.856342619313518	0.97606144164609	0.286422286872759	0.663154134124257
1023	0.91461543615681	0.92703757000575	0.283842215460086	0.654544840573081
100004284	0.67647995992534	0.807658689910802	0.280481599450268	0.665566949220276
100001251	0.659139288853222	0.975218582544922	0.285370226595827	0.657321110987721
362	0.712279828974887	0.472000426874778	0.257955729073211	0.652278780909869
100006620	0.77048603075793	0.877703364106181	0.286467904127527	0.662030894304628
111	0.357951661725945	0.165314662048702	0.243131911792099	0.629688910667896
100009045	0.666944294429833	0.294956653172613	0.237960105756022	0.806454928784446
100002927	0.726840904015872	0.846045512683451	0.279944186751485	0.679130275241027
100015641	0.774341491873597	0.928831876240728	0.283083800389087	0.664479242576339
1114	0.103318306401159	0.913875679658457	0.282231019203271	0.663009782647388
100020409	0.342775236578029	0.296576083668852	0.281302608360053	0.511391178011225
158	0.112035547253282	0.182031250314732	0.37275546244701	0.690635435930693
1224	0.0462547864699823	0.171785217012263	0.221666661395713	0.697266661528012
100001620	0.482698511279647	0.419701382427573	0.251742747564081	0.660944531745697
100020893	0.308838150292302	0.0672887811946242	0.250698391704349	0.39227852418059
100002458	0.496568951353141	0.955327130983324	0.29240000280544	0.655524823247161
100001112	0.808714291970304	0.993165549676227	0.28521256881419	0.660627509636287
100002953	0.409218443714408	0.805078192616146	0.28206404433964	0.669965506752137
1141	0.413690467006202	0.0518861319651095	0.362594581032763	0.483034215390985
100015834	0.489547082277535	0.865787520505837	0.282303178655859	0.648924759589781
100004561	0.569624621442323	0.903867486727769	0.289941565647201	0.654915170882264
100020497	0.717192481068654	0.869114196590555	0.27996023838401	0.672010018187499
498	0.0438764707540497	0.342305558722918	0.287997890342797	0.729866410739236
100006051	0.860730394580199	0.849556571277463	0.289397112511495	0.654502152659357
1668	0.705457699403162	0.397915984855139	0.280049391622416	0.577969552950913
100004523	0.464589374061446	0.984072176403809	0.287360258331977	0.663720427448176
100001604	0.171156214045611	0.861750171805887	0.286960929436018	0.673546021675272
100001002	0.153024586124335	0.43637237560444	0.300479182581802	0.641853388557348
100001987	0.0624851006892671	0.277127794326847	0.808042140325877	0.523662462351877
100002462	0.605633660923488	0.321891796473435	0.34597559937795	0.536548417349219
466	0.582274320560758	0.0642125207758539	0.314826200634028	0.632755608367253
100000665	0.895055373260518	0.434027419001595	0.321750615411044	0.603297458255447
445	0.95203949338638	0.414298379628075	0.316309038768304	0.709226470071913
2029	0.131319670001615	0.445561360625456	0.307287553319581	0.660150999010181
100006438	0.145784942846167	0.395925243460119	0.325631483287194	0.669005500459382
100001398	0.15106685352597	0.547074356469045	0.263867228947822	0.680567769161541
235	0.370418539702894	0.282143915104124	0.232404403910437	0.709286915667076
100000997	0.7310832219306	0.762550001905433	0.287295257402551	0.641637888016086
100002094	0.293660560146578	0.269810158999348	0.24254260603202	0.54055873465945
1052	0.612188857657306	0.982771394726341	0.29517120017397	0.661555371127474
100020823	0.319730557677916	0.59091202086172	0.269339683840488	0.647350614584738
100001806	0.260098274729758	0.58503806098277	0.340540662007605	0.668492825159044
100006092	0.837640538638501	0.979091905543842	0.286783061816128	0.657570778552881
100001415	0.11173470809162	0.0759630848578512	0.275325258690722	0.383870936851954
100000008	0.0418079484820442	0.0750947687485232	0.317806450324908	0.499161854044127
565	0.00791271821964816	0.0607748246973578	0.286613832659772	0.733062111037174
100015851	0.148375335266413	0.210287338188525	0.369656817643476	0.788244900222664
100001866	0.579896144196024	0.983108212446505	0.289735274931062	0.666284180047123
100020546	0.00258319778113999	0.0283934763205314	0.515334556678273	0.852140292219185
100016110	0.568913607763624	0.431904517349628	0.23521686946533	0.752482017018287
100001254	0.00308479351646412	0.0143019162571964	0.374647379787627	0.866782516382387
100006260	0.35716442281206	0.679374639775268	0.292716658371422	0.652497262438845
826	0.684794411918443	0.892178186770425	0.285666999004349	0.654782742346562
100001872	0.41890712335368	0.718411805273511	0.286921060989861	0.65818412229357
100000263	0.359403913060598	0.417383465651817	0.346249699659394	0.652114429577916
100021198	0.814896576542389	0.0306648711938828	0.168334610520586	0.33507817039027
100015967	0.0342678469684988	0.0861669530029068	0.357743872036032	0.480357793128567
278	0.151441966875551	0.296929121513708	0.267389541446192	0.921761120598744
519	0.741071293782558	0.343154201259348	0.341348631605572	0.597123559370631
100009337	0.125315069868562	0.45952834522615	0.364845774724739	0.648314967367219
100002185	0.352249170632114	0.872604137519696	0.280300502628634	0.646018828517168
100001278	0.387951119057608	0.279668274417558	0.351194377669881	0.612666160629967
100002103	0.837299481791902	0.544498646456956	0.284205031027689	0.599288572029527
980	0.774476997721438	0.444121115560701	0.317188314372743	0.639101013977723
100000016	0.922606005455104	0.515368106923449	0.281557497102863	0.637640126146159
100020372	0.186931536567353	0.526067278059678	0.283897656765281	0.602882748430076
100001662	0.730030507593049	0.141702303173947	0.11608334591311	0.66745770425336
100019972	0.897430545676495	0.736437582117	0.291836494776665	0.647860996380468
254	0.768549397801944	0.715526134730339	0.282557160654194	0.662140709173801
100002009	0.659811575437946	0.696639678126767	0.282380561889793	0.587511728628841
100010895	0.419234126333974	0.546687671268553	0.333510483712182	0.637770201104479
1140	0.93911972132605	0.881241001424069	0.283212622261093	0.646322849872407
100008951	0.606188673566992	0.493783012531832	0.307926714838611	0.616752694088242
1084	0.291848887475382	0.620754687973698	0.286622131202114	0.738458475491709
100002796	0.115040705701761	0.402679772288812	0.253462255081353	0.605549926075216
358	0.98124538115422	0.909950615348726	0.283046168583293	0.647918074051637
100002070	0.789840513322985	0.658751046953501	0.276556036338466	0.693951314950169
1628	0.396814195484972	0.153778625389809	0.341579133819465	0.645259036696138
823	0.709216820994061	0.538955071513204	0.250691987815502	0.715507276434548
100004414	0.449508701321803	0.0806500110287427	0.37788179844174	0.791768641649707
100006129	0.682662768943701	0.670328556565262	0.267652602955646	0.673917131817768
100002028	0.658735657922192	0.411700351192516	0.400512420041593	0.453791527331262
100021707	0.471334142280254	0.525850580405683	0.248993471694985	0.725103565831689
100000054	0.586339746714046	0.600160280945686	0.278558472878529	0.67698951516284
100010869	0.509960331632996	0.248291985322779	0.288004288807282	0.536195040677903
100004575	0.0280439748365712	0.112707709212824	0.36302702762158	0.977485027281554
100001212	0.986037253542439	0.674238173302677	0.288615602841581	0.600676367526053
818	0.223618498314381	0.58758598276372	0.322446354792855	0.615709942654483
100001092	0.00200896783303292	0.0426320517011438	0.286250010710877	0.648771287840424
100020371	0.975558334202606	0.743297541620028	0.293365913615659	0.655467125102759
100004112	0.180084484670992	0.522813121250807	0.305540288340781	0.664472139336545
1125	0.449578885143569	0.315089644121734	0.318705346198026	0.695461189050844
100020491	0.946677207130131	0.716250623521775	0.26279122054696	0.668457916030785
100003151	0.00260199221016027	0.0307626272656863	0.427464569629761	0.547736056271668
100000011	0.342477799911079	0.167545787888578	0.213111321389138	0.761763825143883
100003594	0.497367806759147	0.93731344864646	0.285945478183514	0.654539371532484
806	0.819898799090715	0.192897218940466	0.278786817424922	0.481213225218243
100001211	0.946020975584419	0.548714494348846	0.296636856586027	0.638030760858894
100002417	0.589036071271754	0.577217797351425	0.275579365831442	0.623057230465622
100009335	0.633967250500099	0.385084525138584	0.251437951560238	0.676141535031045
100000781	0.698593497257784	0.952468708605244	0.284343484639155	0.656687508430041
803	0.0331341946695345	0.0398825029031094	0.267586995829141	0.542910755383382
50	0.521866004066152	0.76801840995283	0.290281734131337	0.646323029039441
796	0.41288087416523	0.0432528922360836	0.322885893108739	0.640833330779818
100005834	0.971387295531774	0.700497998213299	0.326245836164244	0.654372811277301
100001580	0.95210696072348	0.521321758446443	0.309583722035864	0.6587750023632
480	0.71930467027556	0.666941865552604	0.25942507634883	0.66533727135699
100001540	0.222743001617341	0.677262023711645	0.383148448346417	0.750650841116943
339	0.544388746309613	0.0898685535793377	0.253446269871114	0.561187141341252
1110	0.988737570724144	0.968534157396133	0.285682862607135	0.679257005914291
100015836	0.172681714267295	0.205908951524462	0.415369954687641	0.818974628039613
100009271	0.530861966221817	0.50819343187843	0.32129192760908	0.637935702979949
100015638	0.98902456743848	0.399543663613424	0.299950279320063	0.637655174640384
100021667	0.895066699071752	0.418073919718849	0.3331486867866	0.635113589392241
100001279	0.611331812925723	0.391327492419681	0.309125907995106	0.77466790008002
100004208	0.0114170682867274	0.0652750817636677	0.48958266169935	0.794650054585386
100003695	0.217022272525972	0.123526753584543	0.301129979268073	0.437221402878082
100000802	0.765425306577788	0.912843589653201	0.286745510912735	0.655183877117845
100002769	0.90205742473402	0.0843600618663188	0.194097802643206	0.780648843799899
100015835	0.114128979799952	0.402440981829731	0.404281803316325	0.818446668552981
229	0.861814771880585	0.376144607026108	0.323051366612751	0.651476727840862
100001266	0.00622720519172014	0.0362614321919584	0.372762162968763	0.941324917392138
1342	0.298511168719425	0.351408088844568	0.244643954346028	0.676219280322381
100002102	0.838963987210136	0.539610762381807	0.32460741147921	0.759247430628813
100020254	0.18942390162541	0.695384961247387	0.279873851727537	0.678155562263662
1231	0.465437293500466	0.228417917688224	0.343108551574704	0.610224585429323
100020492	0.956795572487751	0.947530348202994	0.284892482320654	0.657608881437863
100001402	0.394916114312903	0.554472310573903	0.31349170656804	0.663699767778493
415	0.00429226951572922	0.0565417844519431	0.337446834501664	0.722792407527946
100003109	0.90984587676336	0.767439584855887	0.290999849117809	0.623484211763004
275	0.547522923754322	0.817036738747989	0.278899593388758	0.643574114748884
1143	0.129601452888724	0.0431361135914632	0.260511505166108	0.766553832444109
279	0.407370696044657	0.359376399296214	0.285176836020843	0.532846472862019
100001198	0.952179073951141	0.957633972812474	0.287015582973345	0.66309628431231
1648	0.419709299932364	0.924833816807687	0.286257779181162	0.656315533636785
100001590	0.312317105198455	0.229655952157482	0.268933528318199	0.569675839508424
100001733	0.401603582481845	0.912198702190479	0.283362181327433	0.667160074041181
100008933	0.01354537848354	0.00129732228433652	0.392722677355524	0.608129857269805
100001550	0.328630828648867	0.519746650457125	0.269842126670616	0.6102390988866
1215	0.0706586317302448	0.227511198230289	0.236481722202417	0.615487730372411
100002356	0.279415783328671	0.109261807710325	0.341710442118447	0.665831098878777
100002749	0.704936297978555	0.743680840644222	0.287734768269968	0.666758016401389
100006379	0.151289048155952	0.121670714140483	0.329739361275093	0.38711039696782
100015966	0.0774977422783723	0.147266860732584	0.31330922003979	0.482892329704547
100001392	0.673081065926162	0.927016040216498	0.287526696870838	0.656580622026737
100020425	0.133432595188683	0.0510579492451452	0.236593527145373	0.425298891310499
100004299	0.321083432886917	0.85644249334194	0.298904477394277	0.695138680994521
100001734	0.653247293074844	0.643541051522358	0.293981619540149	0.615593030794848
1002	0.817357226463186	0.846178457155999	0.28585363063616	0.657344519926712
100001337	0.305959448176092	0.79346793858322	0.271194484808643	0.659886943040255
100001452	0.799788217466376	0.729186011515343	0.282270495738916	0.626255048515837
314	0.517686773686717	0.364927202447568	0.297280124820259	0.676548198877769
100009264	0.997084874541735	0.560003412632732	0.231705302786208	0.774863262163482
100004634	0.448516483986792	0.504727275225601	0.256881913539792	0.67454459357465
100000711	0.706573722648156	0.701125513994384	0.316804143296638	0.681510772575281
100020536	0.0115931353226539	0.0509454052183425	0.380340260742328	0.776228925843325
100004318	0.348475295738551	0.732222574268988	0.290786017618336	0.655595513178309
100005850	0.802018226113263	0.837276468733771	0.312559383562111	0.64140259935636
100006619	0.18236654583596	0.0191625830657597	0.327063977710297	0.632019553034963
356	0.430135949789889	0.56543691811839	0.271864710992705	0.67924890315125
1221	0.579052076701761	0.592401948472544	0.365250025604296	0.694661528217563
100001397	0.752964606167825	0.627834896523006	0.280306035310144	0.645783463728153
100019981	0.645643462519171	0.948926536347821	0.287439991281036	0.667776247554522
100001208	0.469811870092976	0.360710959329578	0.258026910160791	0.889395459458162
503	0.00808428951782604	0.00448015281261792	0.156751696948533	0.48030206487883
100006375	0.129624352812559	0.5763486478784	0.314772225762704	0.634613856067261
100001295	0.707338086910793	0.553697673020664	0.27634058034058	0.762440030543353
100020427	0.0530816616874576	0.0244485843646273	0.274090682577774	0.361593888530447
100002784	0.464540455821477	0.292132093946174	0.236104443225989	0.735833919046144
917	0.0508933914956056	0.167274092258017	0.308472144091008	0.604948581321156
1869	0.437122256042831	0.298664673217239	0.301598160869475	0.563592975897153
240	0.216420940387368	0.0693548814293039	0.16960045542722	0.44133028386528
798	0.00461018734349163	0.0783649303133285	0.425552324645678	0.588314034665123
100002952	0.261439742857312	0.484762499944112	0.285949056145569	0.737991244445938
98	0.554603568199642	0.780176283949891	0.310379217544058	0.664833309838866
100008998	0.287018794957986	0.317268955950205	0.227249367761756	0.724723187738872
477	0.882030863236385	0.284679455985937	0.292732253536661	0.652808978930901
100020545	0.0861842775527794	0.136303129709176	0.326252148651419	0.825563767766336
100021666	0.987995815441909	0.208781649786484	0.331962251793208	0.64820767824802
1256	0.416077322633182	0.495606529077264	0.372451725205315	0.717827106169021
533	0.311896052629146	0.0531540973592188	0.189297060325365	0.394271204124628
100001757	0.449481513945874	0.928913421983692	0.291917928991188	0.654683615885471
1024	0.305066123559631	0.132428086244312	0.208143570797692	0.912721926021563
267	0.481956859008233	0.923166746422458	0.289592472410676	0.654600473366665
100002113	0.090684110937366	0.0681783103252207	0.281417215737741	0.683067716827643
100001756	0.859429501031983	0.722758634491396	0.297200102685352	0.678107182089374
100001193	0.437896495353756	0.173614411964311	0.358503413477298	0.603491683894075
100001668	0.685150682254174	0.926994129161655	0.287630206075403	0.653566285378172
1124	0.304729881668645	0.259193955135419	0.249580023433677	0.759895719183622
100021331	0.167129989130135	0.285301773806116	0.263025916590365	0.702375947357468
1090	0.0681686110706827	0.0518247241366203	0.272172865823413	0.79552822822751
566	0.807673967213778	0.37879540100221	0.221713562994284	0.662448151064932
100003119	0.451206575651031	0.253470249243192	0.319374196404029	0.592384598116431
100006367	0.75527751589622	0.571347427375771	0.296572378969414	0.638558705570844
100004322	0.223174376059845	0.425858317919712	0.298665691855233	0.721672736835121
100001034	0.762829983997227	0.529136376939452	0.273860328664044	0.6329749583045
112	0.953273151146797	0.979941421341737	0.286086103076008	0.665722671716873
507	0.710667794656048	0.729610947309915	0.284558678457524	0.666025026873946
100009233	0.373550302266211	0.330247989937408	0.271271851384538	0.673639609468742
100000406	0.0213538202699888	0.192908702298704	0.424627994870671	0.491517661833444
100004046	0.351944866101551	0.387037766710974	0.179412089398033	0.59230078160681
1025	0.766330982315366	0.701872854323761	0.27548887212381	0.676632827411219
100001106	0.132204044765866	0.0768912378254094	0.220139036891105	0.697296762618221
1128	0.0270978253515729	0.572714849413556	0.313699468089478	0.707223824323642
561	0.0570370893734201	0.245856266428765	0.209690895557408	0.591629449813508
100001614	0.851812349668398	0.355023119565346	0.302062378976603	0.632589064488545
100000961	0.822825536200006	0.899294984880399	0.326166461171144	0.646217732673487
100002397	0.908758136338906	0.647641082419424	0.285937969621372	0.60071682847134
100009407	0.964572647777806	0.848532252757974	0.298652559346823	0.645325668665119
100002910	0.920975132825402	0.585492368371335	0.261509028492889	0.593187761517926
100005946	0.248454316689765	0.311894943579755	0.333405311786961	0.762380826352566
100019794	0.0956206710504541	0.292315915191	0.285334596102669	0.815320998607188
100015759	0.395534315732856	0.221423859288853	0.256886800966443	0.664944210684298
100020417	0.729143961747816	0.648745624966642	0.274678336392095	0.635659534813627
100001054	0.696833971104552	0.995337132369622	0.287240544643893	0.65802083491729
100001437	0.336714433137903	0.381849299794606	0.24352512947174	0.595196400639105
504	0.253012920398113	0.715590551313564	0.331365523717562	0.667857667214003
100001988	0.461991669503963	0.665953620490065	0.280819621111789	0.80731808824163
1082	0.0229647822467751	0.508527307475266	0.327984886113402	0.694850906685986
100001403	0.316873229765413	0.308615540773493	0.314444716351367	0.639272989911465
100001664	0.934188693550498	0.587235372465286	0.274911654218247	0.81482978189791
461	0.296181234038535	0.293415891271438	0.433815568745983	0.636995424664139
100000463	0.714846073870947	0.815662499525746	0.277952251202816	0.655238452382955
100020208	0.583820778048229	0.558196385269702	0.321557704812092	0.557677337770041
381	0.593018707837265	0.0925771237757777	0.135783356555631	0.508267469736198
100010901	0.0736033351138835	0.0513610312007046	0.284995618896657	0.780991237933133
100001468	0.326247507826158	0.439904918934102	0.315919326255427	0.540090774783531
100000840	0.941601159853126	0.994341864389463	0.30357223615845	0.659019511071028
100020014	0.245253298528208	0.618125788194904	0.280609090498574	0.672393046374048
100001993	0.762470979991824	0.600878175888251	0.237256273050217	0.812373623673828
100001051	0.0968046986891611	0.0170967212532532	0.323013935030439	0.337406190858131
100006116	0.405594565531407	0.58586998596926	0.290171450871178	0.659304475258622
1108	0.914115374264982	0.910182706328953	0.289747524674052	0.651016203176782
100019966	0.378119093094432	0.152357879753919	0.340699137967173	0.629704610483219
100001743	0.660182413187706	0.477650912927061	0.277351018915559	0.645175954396514
100001294	0.120143670797987	0.181801644530534	0.202920629671841	0.716290840416198
100001609	0.240079320146958	0.0865146855512457	0.272994716182798	0.751488982332305
418	0.783029116490548	0.935859607768537	0.28895919937712	0.653026949329571
100001178	0.367966988752014	0.885262663631378	0.283354136274329	0.644996862535458
189	0.992461636037546	0.620071352127812	0.256096348459551	0.619152664860333
563	0.477958196544946	0.915200630562972	0.294570308942062	0.652509193199907
424	0.611905103799657	0.474028603849999	0.31705062572873	0.64216325609553
100000776	0.141723687250577	0.377869178334024	0.322995481756849	0.662118888041345
1001	0.92053575929956	0.623857208248332	0.289201766991616	0.661721974173419
1135	0.320408545238459	0.0893420267392065	0.276414788668146	0.717683591906754
100021093	0.348768387903801	0.453336360038962	0.33331756884106	0.682379772371537
100020219	0.120255656666343	0.25330669570875	0.300832286280402	0.558011921060524
194	0.435350396686403	0.835527814961013	0.292493239839017	0.633015634717516
100008930	0.728095842448198	0.665601600080645	0.307957920255325	0.641874077853912
340	0.567490857103516	0.153703373383119	0.158534638755787	0.754700033008813
100010896	0.890334614100522	0.813703488611575	0.275688308985603	0.663940787687325
100000787	0.232318057343451	0.132766408739787	0.277751520530762	0.395491291963745
100000639	0.0277637543183743	0.191087288404825	0.257450206843805	0.663653452332932
100001851	0.978885827697054	0.285389917792129	0.305454595617285	0.455083546052954
179	0.581678501606298	0.588073055282281	0.280575973053099	0.673249498344715
100000626	0.367331105797948	0.60808327372966	0.302890483071463	0.659205087849642
100001605	0.00477981543521181	0.0435528765678902	0.409935204521152	0.762821451128542
330	0.247782510538909	0.405495684283273	0.31645218035617	0.525193021421868
100001162	0.76086464008706	0.524912388927805	0.249614557604232	0.620508205963701
100001167	0.0379933416238531	0.18628338348163	0.278957793455905	0.639182181069012
100002067	0.559991184297655	0.730507030815469	0.37860087547444	0.583098469145388
100019968	0.719343878556642	0.407909128758518	0.304962858636825	0.601898176825098
100002014	0.950278861079338	0.988584072937555	0.285235294211524	0.683091694376882
100004083	0.415600614884178	0.0952655777006052	0.321396119263519	0.508756871801689
100001315	0.298519976209998	0.346045318248724	0.299717436499118	0.731059379921751
535	0.215735807019522	0.473834580344212	0.311912899366413	0.649875394372432
93	0.462299333130027	0.342712603207632	0.316458812697504	0.525880863614798
100001989	0.34071454208477	0.571215111217983	0.26088298632783	0.707099956550242
100001740	0.75930963911064	0.398910203217648	0.259960153908931	0.678037442157418
482	0.200198929763405	0.937237892395207	0.286255028595617	0.652983828895821
1629	0.285596662391004	0.498943777085515	0.332979513489025	0.639641477430111
100001399	0.459210384076795	0.34362131708369	0.300223498045881	0.659595744992565
376	0.822290198504619	0.173253550818375	0.180807738865202	0.762470784510796
342	0.616334058251715	0.503647504030315	0.284371253939005	0.65494838683178
100001253	0.0224438023514793	0.167107632529181	0.245109052968043	0.874082825307369
100000708	0.604278347331288	0.734267842346298	0.3076274018591	0.666930604215305
244	0.173674198042565	0.0355277859724511	0.234757313304347	0.781337907540599
100006726	0.417375586565124	0.286183899404866	0.334828135791978	0.643540551622308
100000036	0.172387040468339	0.635070795641803	0.26441884753089	0.697741796126039
100001257	0.0226364041818755	0.0827524524942465	0.393481396750789	0.924454512222875
100000445	0.609621699546433	0.681456660649611	0.309204361060419	0.623780385585662
100004088	0.00452831425951567	0.136459875847355	0.329573342141025	0.730125123451774
100001423	0.982870577479353	0.681599343463752	0.287624391175565	0.623615458851001
100001276	0.383316723919052	0.292737941838555	0.258679888439843	0.579460768370543
100001876	0.767317667419007	0.987217785792613	0.285567528398835	0.658416663573589
100009082	0.613742963316912	0.0359226300671104	0.128829723871075	0.637203024320221
100001121	0.333049506992318	0.691564804941862	0.280309741182381	0.653766593611599
117	0.320510135304735	0.640286556232954	0.269185875775169	0.677743167250179
100001868	0.0241653478860035	0.0962381876740206	0.358184354860072	0.662777905641904
1134	0.688678201017018	0.243993010703049	0.175748452151422	0.628253793657702
100021012	0.254487759075531	0.484912431615333	0.294277433683767	0.681911348113629
100001181	0.758290304209334	0.254896996418027	0.357683332852409	0.588510597287332
100021467	0.917604380901005	0.490204066997612	0.280510270998437	0.599611286360763
100000447	0.243840742446801	0.269630053347775	0.327472652989882	0.625422655567087
1162	0.000448791032226755	0.011450975558001	0.37770712095667	0.558736521998392
100019982	0.50446993968784	0.429805749297827	0.301212174941548	0.63965891363792
100001613	0.979145590695383	0.426237905457054	0.302531417546322	0.625671646688103
100006644	0.399923092194604	0.691580040713967	0.271770409510133	0.680094538609246
100000096	0.545150880127612	0.014113043412745	0.176787014368862	0.622688991580611
926	0.508666469233042	0.683867920432381	0.29235531561621	0.661646033217948
100020004	0.845034697823183	0.696491224005554	0.300715199960707	0.656918957234771
363	0.218540358958062	0.0688431012384914	0.251619981553014	0.280169548009665
1111	0.359291688848602	0.951099135968537	0.286255715594028	0.71756217257737
100021712	0.678013003608885	0.780992009223145	0.284679416616967	0.643609631480491
460	0.855946209985909	0.729595863254986	0.29523019682413	0.691862783859418
100009331	0.393249226709166	0.357513265885875	0.267597979843617	0.681147347272469
100000442	0.217305714224001	0.624269854691661	0.319176393330744	0.678137267981637
100002945	0.0957024232051067	0.0180367619339201	0.373171969320503	0.615732338274659
192	0.964572140109261	0.856975566213128	0.279993000679519	0.699812213065359
100020241	0.371640727684071	0.901424352223268	0.283774561232723	0.656090724527207
100000580	0.137089114769404	0.136107260129634	0.235296577774312	0.897381804418013
100002466	0.0081684853987825	0.0254394665505163	0.240249549132951	0.419450698506942
849	0.695866047164664	0.643392076412405	0.292235379833614	0.615923354255577
501	0.548853865501393	0.460254906338704	0.312113043587646	0.622475979648032
100000282	0.718160395644239	0.152655848506263	0.356948233770973	0.561440516760753
100001577	0.0319529368957574	0.252176607068264	0.385263980859853	0.711718500493017
355	0.0858153380088142	0.253794448520175	0.231983261239233	0.551101584565575
100000841	0.717532568924291	0.967643278073824	0.302497110842231	0.658796146389665
100000846	0.816740820774871	0.333553852295834	0.275633866999732	0.650912992754327
100004295	0.852779090714835	0.298511625756824	0.25638208830352	0.596494089702182
100001586	0.101687896663282	0.0353770396673605	0.400464111828235	0.311440027105362
407	0.0100653536446338	0.0208041649225268	0.32624852912803	0.730981922719545
1137	0.823659831668076	0.699904531209299	0.273925460285836	0.700571375563118
100021374	0.0167317822142018	0.00189578272314171	0.215898005287375	0.8311713922966
100001593	0.632253965745035	0.84799915604343	0.280875341854438	0.665363650328756
100015971	0.775271624569081	0.779744534483744	0.280073762900615	0.656546523618293
100001022	0.295887918130403	0.165305325565489	0.180383722154006	0.935631381352721
1094	0.0647928787150113	0.282061505950789	0.42854686102534	0.866084755824332
100002122	0.185719582578232	0.121338053136547	0.227059993411104	0.788478420968026
100000706	0.608139385947356	0.568700946530595	0.247671777057542	0.658040196229672
100001055	0.775757241033262	0.39638171875647	0.257655655851923	0.598883440514115
1235	0.457803066375957	0.681265474769924	0.270607293577293	0.69268592361598
100020204	0.0954767551331382	0.542358376635623	0.307241312726392	0.699954053209148
100015643	0.0310736843749872	0.276296080840386	0.313947385183913	0.610406041723454
313	0.020317057156859	0.252553259574085	0.300726212425631	0.595933479569766
100001413	0.804796529515628	0.966299545620905	0.289560966805302	0.656489387511381
100020423	0.0193212433482993	0.014477356005885	0.308494881477105	0.341737372365511
892	0.47702170589538	0.147651949788543	0.312213918015394	0.686788030383743
212	0.0745389507081475	0.169752041999623	0.35946428044636	0.641544829552983
100006105	0.189906460387457	0.174485691753185	0.326481253393465	0.671320013754849
437	0.783825443005612	0.588768065167809	0.266383786365593	0.67412028247934
100019892	0.45368283663342	0.779878694902966	0.284270982756311	0.68110429550551
100005716	0.0647026199735325	0.074748319096986	0.308699672576642	0.747168594625366
537	0.280035964154861	0.208639095159107	0.291779641800053	0.683037125973425
100001990	0.288224203279662	0.591054264522437	0.326810917156089	0.608528271374054
100003397	0.0446640055963597	0.00729708945561626	0.218655021854286	0.435933380511982
100001320	0.123157110036903	0.227321031643158	0.353706718702637	0.428636926887467
100005717	0.127991955257584	0.0755043406522345	0.33341503306273	0.691092745790604
100001207	0.0306758908641356	0.187298289329122	0.325421484078809	0.66694151510558
100001999	0.526964542082762	0.832142454531746	0.277989372487919	0.747505113480325
100002488	0.226020549867202	0.0161230076685389	0.339379035645278	0.6001596951161
62	0.198645472835577	0.675050011222945	0.277032679848747	0.664906293877943
100000467	0.642653236834953	0.572794182222216	0.278083993774983	0.638973107983453
297	0.00482661282577472	0.125423471325495	0.292151294938332	0.625574039747543
100000285	0.0265720440124697	0.406866043120053	0.290705114632061	0.749939122870098
100006056	0.055192059228348	0.326355529156877	0.304660216752419	0.704995563979634
100002126	0.126741528888355	0.256594747424982	0.222534727956583	0.982341043674605
100002129	0.760333025568318	0.839577441412543	0.279007017238726	0.741402458509999
100020478	0.0330452863190664	0.207430876541908	0.255649768536447	0.688841166918144
100004089	0.0656490880784562	0.568939498679067	0.303619147904119	0.618321649093647
100001755	0.559986954587253	0.335272381933111	0.284161392076486	0.581180791887677
100000551	0.0318984722587966	0.952369444221553	0.288240143957403	0.664061100321847
100003260	0.482827615488882	0.297069019378388	0.322540973845201	0.735952657554456
100010955	0.825536031852281	0.384870948716784	0.228710006980967	0.551229489321337
100020851	0.187653597789375	0.389212263642734	0.315372755802535	0.682886207061511
100016069	0.64136411541132	0.795585444521996	0.289917152429881	0.646552164786014
100002027	0.488782820158069	0.553413292202	0.224462435984248	0.766443871817116
1123	0.388847734251144	0.199611501300591	0.274743937045258	0.782189582223801
100001150	0.67379843534553	0.919015322872645	0.283923551200194	0.662594410712073
100001657	0.310615521528439	0.56903433641008	0.288076883786124	0.634567964149508
310	0.257607202380179	0.369865352234003	0.254111147469753	0.756306952445532
100001314	0.38028947583624	0.148879736474989	0.2660540783589	0.548411690217238
452	0.687909472134142	0.631492596895479	0.323692444111583	0.630245353974948
144	0.0645649460461778	0.0188732882999987	0.35949844630303	0.489990272324807
100001182	0.210873405054215	0.150823491820384	0.352177086252705	0.641585012179149
100015965	0.692492531245176	0.37538152429779	0.271691397348645	0.741952843925333
100006108	0.991554365689972	0.546970175092433	0.293449487440793	0.689547074325275
100001400	0.706845215172829	0.636034803018514	0.271685316270572	0.648589000031166
100004541	0.293301460936062	0.199881612271589	0.276979033239809	0.414216291200032
932	0.848379244426788	0.320665369852162	0.293377317546165	0.69153809808524
100001992	0.447247282600017	0.57051587236517	0.397111215443236	0.565518167661651
100009252	0.122385174842494	0.178689780157993	0.349759402739012	0.639451539609953
100021104	0.616866629450325	0.544350705976671	0.233320242875289	0.796325366565882
100015838	0.0116584610225489	0.0558606044209192	0.407082469263266	0.887554868983368
250	0.000852682661151852	0.0196507209926403	0.519488478272052	0.760424341858261
100002537	0.977316392736902	0.482159600672494	0.263740573808184	0.770359269094037
100001658	0.772126747609711	0.562404895604287	0.319474076958443	0.639794187531806
100020416	0.325675844950871	0.428604026264548	0.25586582505176	0.639166234365401
100006642	0.241285458186003	0.843435839444082	0.279601470526	0.673642304896231
100001391	0.100575560056961	0.399106313665638	0.359703904386418	0.757221300317471
825	0.628253112172028	0.608873122913361	0.252161628342575	0.669684287694731
215	0.0169401286758879	0.0918492143402975	0.343057938458383	0.64076804251305
100001026	0.995581298224072	0.928608396972225	0.285703828324536	0.683229027700093
100020541	0.447139296161733	0.500819217094525	0.251635646363821	0.695008308100143
100001526	0.213652095864894	0.323041173972806	0.429874180247031	0.761333113024357
100005384	0.525356461557174	0.398118439120967	0.262636678751808	0.578597430458274
100020378	0.263523939650964	0.655870160673316	0.272852391030458	0.665645564758135
100006115	0.947451992290559	0.419581378342342	0.357664654364702	0.559966323496997
1442	0.201371105307982	0.037135959914831	0.119258026644397	0.541875181116463
100001843	0.145888726848812	0.191030124007136	0.30697623203203	0.749156243733792
100015837	0.135023385213286	0.270007685081535	0.503929651849196	0.607454021058945
100010834	0.760921980694763	0.944225734281725	0.284701850076496	0.664674370288183
100001393	0.575815468865804	0.407925550149775	0.224159953484655	0.70198378022709
100000015	0.296897467962421	0.570133776926871	0.266063656481937	0.679413424078167
100003892	0.0382540784359585	0.087335557315276	0.267863169835795	0.898466757952867
100000042	0.17159059083386	0.0218379469767769	0.312182021115133	0.565441125222514
100020550	0.568937127417939	0.188047765176526	0.312613865064838	0.548914771778361
182	0.30119617424525	0.282040146376266	0.289597845396356	0.678930634003397
100015723	0.136149548627629	0.433039400749592	0.290187299277086	0.641420280424325
100020343	0.392133916585811	0.469136953714025	0.256998039760036	0.661169808207402
512	0.33467225310636	0.569959328240937	0.317947304395821	0.626624857309071
100021100	0.780821712269434	0.716695753159215	0.27468188221506	0.662160100059211
100002528	0.336301755063813	0.0600706479679058	0.325731182214924	0.434510691458102
100001287	0.443359279749251	0.705411670960132	0.397777322041934	0.594597523811321
100001229	0.730907898868137	0.869838027702333	0.296838675313765	0.646488643525331
181	0.38621366673896	0.86724377340739	0.281779304753774	0.67808400269983
100015831	0.00166783156894433	0.0236786343027749	0.379620240756524	0.459399573558071
100020515	0.35784266515997	0.558028760412272	0.246640497290005	0.779337746361983
327	0.190137051549777	0.182649428984809	0.359923028106807	0.602066237351025
100009394	0.664448532594125	0.741372581684893	0.26947590412175	0.687612565593376
100001596	0.967754330150729	0.292670015921313	0.258386528567574	0.513217830212327
207	0.950884349345564	0.564581388445569	0.293093102058893	0.626892425405261
2054	0.490109392860064	0.767837327671044	0.275853132520561	0.674297745068783
100020259	0.652460651789565	0.554912977661861	0.31378806450984	0.642397019696432
100020414	0.00288514704443026	0.0603039359834084	0.220184026729723	0.634923559712328
100021131	0.879915520747118	0.225995386567317	0.275397712354329	0.611694537383344
100004499	0.874815750821709	0.614212376160309	0.273716453962266	0.617764166256906
880	0.212885965157654	0.998946764248879	0.290443281408503	0.657944491085362
100002049	0.490475315780723	0.281166922699127	0.319889511140994	0.606564163218302
100001739	0.536157708912123	0.237625649760187	0.3653133773155	0.617842643540354
100001126	0.409924773147142	0.133853251439901	0.185293817287254	0.536661752508087
1113	0.727159438403072	0.953946027423592	0.289939192770627	0.655846809544112
1083	0.990445238154687	0.281278066695645	0.312883807828042	0.564017317860384
100001730	0.0805803657404949	0.185828135988032	0.329272414506299	0.538710768071138
100001412	0.54014995421579	0.957356716756251	0.285858623662805	0.665306689253113
100005996	0.752613153550725	0.53268812338128	0.275728671432906	0.62573882131281
100015962	0.00639595436377497	0.100343042906349	0.223540193483794	0.952607974613465
100020214	0.701957958499364	0.398958655232929	0.302244170498623	0.577934063562402
100002514	0.116499798994353	0.327012053820909	0.298678645171079	0.59729289698881
564	0.194025207696154	0.0461622235778473	0.244355855227626	0.536105408938902
572	0.0285852345145704	0.0293557663168631	0.406800405227036	0.53572371664341
231	0.945958521035857	0.788104267806334	0.273821808780483	0.667349181769759
100000453	0.868264018956307	0.667570839165318	0.271372932472334	0.700050721707013
100001007	0.102024271339108	0.179191350452056	0.344838032260588	0.52257382221389
923	0.594993390753688	0.28179913503513	0.270333090593052	0.715793167643276
100001247	0.448238258876783	0.533991811280762	0.26892251615826	0.642914080266832
100000774	0.586624825486547	0.966427724504627	0.292932595806373	0.66407291094844
800	0.486635530757421	0.600744964780905	0.290173580274526	0.695646845939366
100021678	0.283581628821699	0.417141415098681	0.240848191271668	0.65818288231814
100021711	0.435000884671069	0.845412973868463	0.300484998790139	0.666373273312621
100001274	0.863368482560478	0.498376874646674	0.273413442216169	0.539864438854234
100021220	0.132816703898188	0.147703745515455	0.352980066386476	0.986542393969842
100020253	0.435010989143709	0.899250959901905	0.28734054655175	0.651915457757277
100001170	0.75596076260824	0.159179515010492	0.264886410017665	0.557538162759218
100001466	0.252212001721861	0.861570171105974	0.294091797550568	0.653058205534107
100009406	0.726686598524767	0.667809809595414	0.274148408026886	0.675526802683539
1026	0.178379312916005	0.398650066976715	0.308032811200011	0.621263291526552
100020837	0.7751135597342	0.175204743872334	0.338882211887259	0.508561997416297
100001006	0.0690996900729699	0.0726631726567269	0.271051686293089	0.785337567506482
100003674	0.743952226996423	0.102132781964702	0.282931785739724	0.647084045386716
100004396	0.320432109397665	0.412908760730077	0.329502329197079	0.555225390702073
100015923	0.51386413201974	0.909941929461608	0.306303611019862	0.650980562933548
100000265	0.383263869988151	0.546480725210865	0.281791267848342	0.60942187385671
100001409	0.0907775990296299	0.129154959849991	0.274479581340296	0.508256639011614
100003434	0.391798804643547	0.469762565454735	0.288633652638947	0.575656636633605
100001334	0.604779945330365	0.0619329480847036	0.359871915964235	0.53382332154222
100001102	0.719093569616335	0.728879747031336	0.297077140571484	0.636432457369689
1268	0.628431212808405	0.0663909084906576	0.17696885315724	0.615494644083223
100001300	0.236746700350598	0.0886755818171044	0.25375674947799	0.662334707415506
100021324	0.293744640636547	0.938898081045573	0.321478815026899	0.656300442169278
100001617	0.106653116869956	0.0940406178398399	0.278156952481112	0.69942435753752
1105	0.908425282277839	0.103236146062396	0.399640850900341	0.319728164703605
100021502	0.0602624089787106	0.254774764901311	0.274293497711614	0.687905326820191
2051	0.798293454723711	0.617811103935208	0.285289707533305	0.571790970370437
100001256	0.132346676626621	0.473738076690866	0.327233733109915	0.801178015330367
100005466	0.0604965755920646	0.0736965163190289	0.31425233702089	0.451992038720317
100002199	0.129331563043881	0.747663396775128	0.295082720941472	0.675672731118086
338	0.014311937350541	0.0352830498494744	0.456366579340126	0.415879821226184
100004243	0.511331349090997	0.703297400556366	0.272188801669638	0.667000787143718
799	0.334718464979639	0.701702557116186	0.359522207605338	0.662105762015269
100008928	0.562842248299026	0.0900373108273152	0.290451286976139	0.646816639147114
815	0.0968930322861819	0.321482349950715	0.288348501833246	0.724513538522707
100001456	0.00465076780543302	0.0790244725228344	0.284469630130642	0.581081385292393
1242	0.0802863799523887	0.0783971022976454	0.332587271707013	0.463353660845301
100001416	0.291434102206522	0.104019097725897	0.194816687631441	0.4095649217043
100001462	0.352682604439138	0.265819674679883	0.341282564959495	0.61221833827531
1087	0.176386406635215	0.0329183637382816	0.304502229290052	0.618014980581354
100020421	0.0748498931369695	0.117713210432405	0.324251213865158	0.436180248850077
100000010	0.00411345146848561	0.0443627751504879	0.295347609740988	0.717179421303086
821	0.564433272183394	0.391485260068399	0.309239233236159	0.518183545393115
100006627	0.242716710134075	0.117147561193512	0.411356481253787	0.550763480810368
100001277	0.359361401901791	0.157993384086821	0.338536671401911	0.616250611130939
100021141	0.0424663047412238	0.195906486345871	0.319677874449973	0.754599535383979
100021105	0.181889851421228	0.264745641404903	0.301566650878707	0.4761309362867
100001950	0.000306456910776429	0.00531341022885307	0.364961880706661	0.830696179389707
100020217	0.911780692478527	0.282142810711954	0.199142252230008	0.491282652537876
100006651	0.0281804449537817	0.176954445085909	0.318742679546368	0.437089943038338
881	0.94249624000044	0.369686859450425	0.266900185326284	0.672644106222434
100001509	0.637580005052736	0.088251313149361	0.240594742986792	0.566107811396173
100021709	0.606037967128431	0.836723310606829	0.279549913320713	0.664108422037841
100001635	0.297472757610442	0.0333584020985189	0.315113948879056	0.605200500914185
100002613	0.461319689479069	0.132706398652105	0.269485892045061	0.739408172950729
100009329	0.506138392128975	0.804720550410839	0.273142398345762	0.754884091148641
100021123	0.853152774942055	0.495181018570103	0.296772453666207	0.547312806646853
100015760	0.304479294757672	0.298772717395991	0.250351788286851	0.687075609634812
100020205	0.399452302731655	0.409276612263637	0.3287293032973	0.486435026831252
100000765	0.356619513053782	0.926474714472251	0.289024958778408	0.665762614445151
100004111	0.328673672247185	0.155640152027839	0.315806674085328	0.629605621467954
100001615	0.211794836612752	0.706595229157552	0.286426181092994	0.654962085180532
100009227	0.18963818834483	0.0948049912796642	0.409005963080616	0.801252345947359
100006191	0.376684684739125	0.58541832350445	0.313710546623447	0.609858824452869
100004542	0.496301574051135	0.419742074005623	0.297478185223773	0.699758744831945
100003686	0.313781599773892	0.125317377824228	0.398805913229374	0.595498331530874
100009232	0.0228146126522567	0.216994438181573	0.291461954944595	0.56529312358553
100001501	0.0496605514907849	0.117275739550771	0.36924871162684	0.6953964861871
100002367	0.500575032629373	0.25569641582083	0.272351365684358	0.51377600797576
100001108	0.345776520744587	0.685668531001577	0.28502171975365	0.646701684539089
100004227	0.732702962706944	0.988153005577669	0.285581574345994	0.658525804372141
100001310	0.189698272296873	0.308030806566506	0.271482367684015	0.76633945874887
100001994	0.815211963076424	0.88980628297264	0.296272630361345	0.728509461853464
100015839	0.0128788011361583	0.0204441658967095	0.387295661507671	0.740839716475934
100003271	0.00489653556585492	0.0733475728816708	0.376037701090323	0.464922165033755
100020496	0.735159176231702	0.884794946571315	0.303843219184031	0.64860258660036
302	0.686131575963489	0.428906223471284	0.254016671792762	0.62691235530943
811	0.727990502774111	0.626522850223378	0.275137605564557	0.709054233248755
100001267	0.921271768380701	0.88132329994261	0.280324193468268	0.656523960537164
100001197	0.0268795612350345	0.37805109314531	0.319032131664539	0.668996263568962
432	0.198391482657911	0.415614001325424	0.308589023412586	0.635989390602712
444	0.0105863539155338	0.0648531601408869	0.327589280826154	0.783729172855647
100015968	0.329393944838266	0.3415951169748	0.282949614146786	0.581011345795543
828	0.911503098511411	0.896625314718042	0.281897743582527	0.662763919466546
100004054	0.274900076391739	0.965180064223102	0.286238779489909	0.659471646813859
100004635	0.0917203094244285	0.140188965139322	0.654310948946537	0.400312475145928
100000491	0.43484726257603	0.505777912850774	0.276341117831599	0.549790626954784
100000939	0.0448829966339677	0.0323104703669305	0.303658503445085	0.554679428588699
241	0.259667895829549	0.853635398821089	0.29384093153767	0.666122736677704
136	0.349592912104487	0.0576559071584564	0.249697189170674	0.845756310138732
100000792	0.579546031704502	0.993444497758997	0.293193780215683	0.697591036835008
100020973	0.538804363841738	0.596744956926643	0.307145540681995	0.631105160313906
100000936	0.743530656914424	0.875775747609645	0.284683289873591	0.660329819729839
100001313	0.0077240926243749	0.155680932787962	0.296876441558047	0.711350701127745
100001951	0.0382407244998859	0.0755591521632331	0.333397504493342	0.646097981478587
100006098	0.00949705715688403	0.0719380118236518	0.344353225120211	0.777661379048853
100000007	0.256666794563064	0.664070737657153	0.2922068838555	0.662712596559852
100006641	0.880873674676112	0.792050316882258	0.315026406546244	0.659820395240458
913	0.0104655944336981	0.0546918727750529	0.352566469956125	0.524953976961027
100001579	0.794736189035054	0.387454696103486	0.316656898000228	0.658350538579652
100002911	0.144932399457502	0.0107305545526815	0.376212290443636	0.615943737334478
100001293	0.256942177145674	0.372592389883125	0.25197838833323	0.795391838224904
100002241	0.208179488459277	0.497895187577586	0.297915163561664	0.626788462083167
100003179	0.395447369888852	0.0682184945454758	0.271856294135743	0.508841788513225
100021372	0.339358102052643	0.241667083952733	0.215009038026922	0.663551305386288
100001956	0.434928670158488	0.847541723551276	0.285426625022947	0.636947959926313
100021162	0.177251127390224	0.117650380154191	0.272923139136709	0.466563758251484
100002259	0.363570628491508	0.630030185790773	0.264260788805263	0.65223868557001
252	0.422630636430174	0.561909051713329	0.331189705020188	0.599471866195772
100000707	0.397497652519475	0.232536210447454	0.279607231393499	0.66631520665315
1489	0.660551544634034	0.0170839517592996	0.214768835764596	0.633772574620559
100020361	0.0305771864077187	0.13553737573465	0.323051428280392	0.913362731291747
55	0.779974994366815	0.843694163267975	0.308536278034892	0.645316311160973
100000863	0.255677897456913	0.259813807548464	0.249955018610966	0.694251981830399
100015840	0.170164624650287	0.141724893515478	0.386794431656469	0.620943132085108
100001541	0.160938997483229	0.0847473808688235	0.196507489713715	0.649922155899498
100006082	0.138602752926863	0.0409038169324444	0.38535587358931	0.648419525867885
1254	0.691602449037544	0.851924146991156	0.281199015557542	0.68641004333721
100001624	0.496385262669848	0.338828025927082	0.268179520152428	0.634199340255951
100015850	0.898897971267011	0.660088503243118	0.345687776373156	0.629108095259189
100001104	0.00340161201997239	0.0151570785239006	0.319307748469393	0.933757666136584
100000900	0.170974989593797	0.645644253641813	0.290491842072091	0.662108784507462
100000269	0.261914719754936	0.128109109508703	0.188135757830513	0.62080129476637
1022	0.211684076053744	0.990086447222559	0.285690991774539	0.659403536416469
100005373	0.223079005729165	0.09388945766304	0.258205789310978	0.689287645398476
100001129	0.122874320517512	0.701477900210596	0.276456307737886	0.688427575039673
935	0.0116812865975295	0.121321675727502	0.362881634349374	0.525119459202182
100001262	0.184285502704404	0.275872691279252	0.296927504987835	0.681440144526983
100019978	0.319978331913503	0.576728604335657	0.280236082272909	0.642350280743082
100002293	0.74155527352189	0.76709399474923	0.288556454037751	0.659918776391544
100001426	0.20056343370994	0.258842522052628	0.2839175305971	0.498614463408152
234	0.0329377690720979	0.146834240881754	0.284070726351459	0.634047663212424
100005403	0.262791118372477	0.864116945461871	0.309243559513878	0.642988163986586
100001083	0.0248437524133015	0.192236067714936	0.330891366743242	0.684727204051683
439	0.726788661125218	0.333815156770033	0.306172178348709	0.653585166073928
100001086	0.243624125589786	0.43807387325187	0.31284011416198	0.737061292598735
100005864	0.708485757219899	0.395250546649096	0.260065611946787	0.7324374694188
491	0.521353666674597	0.932188757381797	0.284435420556409	0.659479424247039
100002029	0.471895545831345	0.443471450369371	0.274986257130374	0.533378348199497
100002154	0.803200814302191	0.45058015812349	0.252077781444625	0.635158228636354
891	0.508107736871571	0.208994401402761	0.320405684372294	0.627530402616616
100020261	0.371282760687462	0.422403653998538	0.345684340977847	0.63063828478556
100001296	0.661517725108426	0.850400191768764	0.285628152243994	0.635083635587909
2050	0.480387803494222	0.50932066724949	0.30953198933822	0.60151638362687
100002761	0.348118851904968	0.745927305560968	0.263213693971721	0.767305903242199
100006614	0.857435775954518	0.650821224048896	0.263426274618886	0.724100899271596
100001597	0.880279085156031	0.13460534509753	0.184074304566493	0.470841139589642
100020853	0.687667761109922	0.807325032541438	0.294026124203946	0.671562369880666
100001446	0.295418800422272	0.455983648090808	0.252710443115895	0.654298512987124
100003240	0.280153159461808	0.0995705029281312	0.331283417680129	0.571224712225639
100001502	0.0278336295687285	0.223809735321738	0.337136490865815	0.7479152586211
100020866	0.0913511918821315	0.00685608709294696	0.149235688036394	0.461422367630103
100020419	0.0308685477487351	0.0882306799800667	0.31133791062842	0.409084402090812
35	0.542913485155351	0.317327972664367	0.260493222909152	0.609764872998981
100003696	0.0130899810917615	0.0487940982766447	0.413749790996267	0.597812323012825
100016038	0.785058371827335	0.939846394434567	0.283828663319356	0.653265054181342
100009333	0.233422114957759	0.241400470000304	0.286637648210547	0.683217252406163
100001611	0.144467917405726	0.254012354472047	0.381081148528603	0.631759254922135
100005383	0.677776145552318	0.324680352413689	0.29530202678186	0.697883881867216
100009239	0.347185881883182	0.1643676543616	0.344893890780326	0.497221398869997
100009332	0.367612189327766	0.317760556631128	0.286612354207463	0.628774489923607
100001731	0.0829559036979271	0.30756224722482	0.290037321368268	0.599791419597984
100003415	0.345371140943929	0.457108464618671	0.281060719287994	0.673496618526798
100020578	0.142512563108952	0.217974419547381	0.270474340926024	0.561282958720202
893	0.889179731378455	0.441557134728921	0.28401926338414	0.672141708776581
100000963	0.304991913050609	0.18302210186526	0.374568086622053	0.457244494330671
273	0.128269203890096	0.25787979910015	0.338774036045662	0.654358500897208
197	0.441090421518576	0.326869282656958	0.27187201701997	0.516166393893352
100000808	0.310337611022522	0.239984479459492	0.26729386722435	0.810467686290769
100002284	0.745846279189115	0.379792448191475	0.191353239526234	0.602614297742544
888	0.942914437604144	0.0848172382070559	0.31459619290897	0.639597143764356
100006435	0.528146787717004	0.369272348579943	0.228468478543555	0.937717155024044
100006374	0.172569810774867	0.533794502947729	0.298005511489105	0.647656613041089
100003169	0.556414636688367	0.97585853986166	0.284461629624455	0.65715567617789
1004	0.600229875509313	0.819891770308613	0.275111148170193	0.642817370112622
100005998	0.10461817597441	0.980383032114292	0.291704864068556	0.657560814619345
100000773	0.695879641136468	0.607368561064352	0.289717451841424	0.64500131026476
100010850	0.0084951526068117	0.0414104628539575	0.346028302846822	0.495236203538684
397	0.834588911740778	0.416115760479909	0.222406138795215	0.715539871221466
100000039	0.0744547350119631	0.241549750396286	0.234652083252068	0.711205323212657
100020833	0.760054782714959	0.68931705007761	0.29629854099906	0.71132365027451
1021	0.405731359756361	0.352589832437715	0.269349270870608	0.694602745759344
100020479	0.297129272324649	0.347009095657531	0.288665091380638	0.677442422686094
100001335	0.515428091489052	0.319424311743907	0.32516212999751	0.627740727348267
100000743	0.593880130689473	0.910618084056731	0.285071713808774	0.690900788011966
100009246	0.17593365761356	0.673200388264204	0.27654170336674	0.68690582134237
878	0.191644965370352	0.722146856646143	0.273252911285338	0.673475983285457
100021103	0.71899491509023	0.881162760435346	0.297838410254826	0.726885304940575
100021363	0.238308967635307	0.585974680730232	0.267316821721223	0.697263604244512
266	0.0897110454722499	0.0971300021862036	0.292726380679946	0.55695482725642
100001195	0.30790343703577	0.203598200480661	0.36875409730742	0.584210352355556
100019801	0.778364938880388	0.700199061323989	0.298445500505837	0.64550294261953
100002196	0.0373163386936279	0.257042902984928	0.298343352561959	0.668687825162486
100006370	0.233988488079782	0.955341757145982	0.283780203610278	0.661014819505822
100001510	0.0227909646625046	0.00859012845574111	0.262097901826436	0.770868004385238
100000437	0.507462024127023	0.341660445975595	0.266764528502523	0.744895947569414
100001767	0.139983015446362	0.0286624953474943	0.352400402312449	0.724233971402469
100001810	0.363712287344511	0.382279277040749	0.304870917572398	0.858501444964231
209	0.0310581840758075	0.329052375596523	0.331623308442441	0.643302806689571
100001485	0.242969791428595	0.0724195060568549	0.162822947959109	0.586944878184458
100002500	0.120051246245486	0.453665920396376	0.290456125454531	0.631105073459466
171	0.0363743662527441	0.0391006085695426	0.218983005683965	0.662681390041699
100020487	0.986608060933357	0.78424552021611	0.310061773420507	0.611085819250145
1206	0.00698875549356419	0.121331067064903	0.289622061843707	0.709372231174848
344	0.0129541853654306	0.031785949699109	0.565453135058407	0.75133224110334
100001405	0.485773712901801	0.924676667725073	0.290236051691196	0.652306108096659
1239	0.965071396814193	0.444299410533204	0.321640854243198	0.662071765779424
391	0.0558479966930383	0.184070387966155	0.273120557562825	0.866436160767904
100006430	0.482890646205847	0.182456833515698	0.34330766815967	0.403784775182908
100001417	0.978636301021888	0.575156278295583	0.274929085721489	0.750462382967626
100002951	0.0509307405429188	0.429042671554804	0.280146523178326	0.574116338034936
100000014	0.403359448344254	0.534848460916943	0.278256896168202	0.702531401851396
100003926	0.551094170738164	0.445096415599807	0.311818453285821	0.638729807935022
100021538	0.494782399558343	0.349073339290801	0.33731427709257	0.570645813644639
132	0.321956449714156	0.980659291836579	0.286080592207937	0.657917171803015
100001425	0.582350334444819	0.483332680663972	0.357180179072799	0.588812582793118
100020262	0.606837061776611	0.639432935453927	0.308134098631069	0.645008873720748
100002679	0.343911927364938	0.719891715994553	0.273227367807786	0.721017440684396
100001270	0.739159656985919	0.528939982026562	0.293895916857946	0.633856966299497
1102	0.79937410745982	0.98092972208858	0.285137356624942	0.663350808419248
331	0.306399666352795	0.291029460301255	0.242695082505049	0.57271588616593
100006361	0.480939686233913	0.557918995623316	0.261000442297421	0.741956330560401
180	0.796452158081349	0.929515574552508	0.295193581397972	0.656588448239645
1053	0.282381304901057	0.36946468015058	0.452768234788928	0.735830239677329
100001359	0.694922172079275	0.958908424698857	0.293119600124859	0.657935403012359
