chemID	simpleLRM_Fstatistics	multiLRM(chem_sig)	multiLRM(sex_sig)	multiLRM(age_sig)
100021136	0.0424416652556816	0.277818629694272	0.355706958135025	0.763269963944854
100000882	0.801004578699149	0.670961943633706	0.349186901486751	0.650616210900275
409	0.0872745991886864	0.175458338230992	0.382795494312543	0.43504152057081
100002254	0.640872739816726	0.0441967125237589	0.235915692137515	0.656766555491914
361	0.00807113503810503	0.106884645312933	0.247517572898741	0.649176591096335
100019975	0.525621967234791	0.727145510076224	0.338016486511673	0.69246002671526
100000257	0.000645264839927135	0.0190165299447425	0.345750260404762	0.609782277351712
100001232	0.9956693322898	0.921337456705551	0.350294904278704	0.670872931958422
100001948	0.316496882041451	0.350272772056223	0.370676720787085	0.531160563603815
100001073	0.654784913961603	0.687304175060703	0.408379381275118	0.606974000712796
100015637	0.903644905123861	0.464496384942073	0.357334941552845	0.67133310333842
100006360	0.586412878736677	0.677534418974241	0.320850348898396	0.744482721030253
1488	0.586494522966351	0.616108342707254	0.339205514454311	0.652353595196731
100002253	0.746411603637895	0.930162159926941	0.336202428935363	0.686683941171651
1023	0.993449375004672	0.715287257274624	0.333790494362225	0.660042378008367
100004284	0.698910366634033	0.815720146391331	0.332557576335457	0.683529904206154
100001251	0.688816589371	0.997953435520065	0.338627826304049	0.676245360375154
362	0.803065822214692	0.459701820276873	0.308902055646427	0.669747542342749
100006620	0.82360514324339	0.852943469415628	0.339613626999391	0.681255489885948
111	0.379192269474512	0.174507428982434	0.285705486401355	0.646650571959139
100009045	0.666248103905007	0.2877783313466	0.281978803033959	0.829801079024179
100002927	0.797520216002068	0.898562421279691	0.333717175866462	0.691736562543113
100015641	0.776744895218501	0.906905133773728	0.333049648439536	0.684375237389838
1114	0.114642154616409	0.950458013471388	0.3356840996608	0.679419258357811
100020409	0.308627314458581	0.346337057677304	0.345007671964551	0.541016601956428
158	0.183575560153502	0.282496538717966	0.40391044668015	0.70322245322308
1224	0.0437402606245975	0.180963108031874	0.267348135111926	0.719361034380395
100001620	0.363081646020364	0.347489608980544	0.299005190349356	0.678819352950231
100020893	0.177077420813838	0.0436655554232226	0.341346150850152	0.377894520348174
100002458	0.7788975908258	0.548830789743812	0.386843129598308	0.619347188931984
100001112	0.808821336183703	0.993905321651106	0.337354493382768	0.677462349659784
100002953	0.386121045051945	0.810730625021144	0.335180480549631	0.688268990456547
1141	0.376820724150963	0.0545885159727659	0.435420185884393	0.49844575358262
100015834	0.496647436504673	0.980554527278988	0.338056622831907	0.675715860380907
100004561	0.699514807145298	0.931289101504331	0.339413611389786	0.674270050318944
100020497	0.752440818786812	0.78478196240155	0.324042787585286	0.697574358129646
498	0.0468761759372556	0.298099639803986	0.336819232537529	0.755555048840455
100006051	0.841346414109703	0.83610427282714	0.342664432885435	0.672426646182981
1668	0.717620859770851	0.503854022987374	0.334372155559518	0.612915440374547
100004523	0.420908218422852	0.865724943370607	0.347494318170611	0.660724128816682
100001604	0.2441991482421	0.53171735784305	0.333796709424581	0.721198854480944
100001002	0.201002930105689	0.552141235589961	0.348840390069836	0.664417751789457
100001987	0.0630107324867908	0.235977417622513	0.94259702775549	0.526601223012053
100002462	0.569582682445636	0.319499998821839	0.409740619310798	0.552158800436938
466	0.597833403570363	0.0731928756730454	0.366181954849598	0.653168224814265
100000665	0.899422634603648	0.438181982400478	0.376992834734191	0.621506184942019
445	0.956818579909133	0.429243372244951	0.372105048683786	0.728392499661298
2029	0.133808480387685	0.484944814426419	0.361829692037908	0.679460674660098
100006438	0.100638749160243	0.225279825883131	0.403295244162825	0.69100955281273
100001398	0.174515121038461	0.606604769041081	0.316104481476405	0.695658757178965
235	0.413550132008151	0.464558947005148	0.302965634441242	0.71082254042715
100000997	0.700880133510972	0.696652094487342	0.340481864805605	0.653943750185014
100002094	0.337957915153093	0.250691140852482	0.279321733136106	0.547846241882492
1052	0.662371735740585	0.966872040374932	0.343501174980807	0.689365987931816
100020823	0.365902232995768	0.617546121293096	0.317851310341812	0.665719486975242
100001806	0.266678944765236	0.596288195258782	0.397239244191907	0.687027746790982
100006092	0.775209180576951	0.86523336804482	0.344568808094715	0.665042242728987
100001415	0.0625233051883394	0.0556648870954461	0.369603619121125	0.374811500168843
100000008	0.0487006863119802	0.0775407321236225	0.365638688636958	0.515125225504298
565	0.00877896755674294	0.0513311896735326	0.330832815340643	0.752749617770049
100015851	0.180328770251964	0.1787599915437	0.425301170306492	0.822458134217497
100001866	0.536175178281898	0.876547106234955	0.355303324461663	0.660363269072344
100020546	0.00370586925916234	0.0273734662644045	0.484243083743842	0.909661192868389
100016110	0.520863712531826	0.412067399393003	0.279191137822022	0.777891774315492
100001254	0.00345090023639932	0.012872645977518	0.430775699269965	0.890103966293159
100006260	0.327162843003703	0.767189473012932	0.347117397874797	0.672245861402552
826	0.671913949167775	0.860349481339061	0.338601245169876	0.67152236713345
100001872	0.526339944954319	0.861534046604477	0.337301828512784	0.676382118324454
100000263	0.441540796260606	0.428626810983013	0.393124370942282	0.669243606152186
100021198	0.825117029028845	0.064847338755537	0.231711442787232	0.391137636664917
100015967	0.0359645622292419	0.0907657155400937	0.414417439002024	0.498601760727751
278	0.17366961526187	0.275746659893347	0.311283563994364	0.956962965784615
519	0.744925946788104	0.328850607936211	0.399888657416881	0.611343106120441
100009337	0.0922269285001469	0.293963050750181	0.464193627344419	0.662122731251044
100002185	0.454641363313701	0.846255618815685	0.32980210638096	0.660806509156282
100001278	0.387015374531887	0.263983825183427	0.412462914679041	0.62763855812811
100002103	0.925921390013455	0.571596314783023	0.342224439649164	0.620180777055621
980	0.783480932434104	0.441860899348256	0.372045776341841	0.656839883532121
100000016	0.938283158880141	0.464176182938777	0.330101637511651	0.651990609668428
100020372	0.183885959221753	0.493610004307725	0.335545740288216	0.614564991837906
100001662	0.657425478733437	0.141467770670584	0.141133048502303	0.68509115405323
100019972	0.921431309606979	0.685991338910915	0.346321266557844	0.663483945086124
254	0.753133478255211	0.720269152734098	0.335326859125899	0.68048168021581
100002009	0.631361026779091	0.689371698093737	0.335058411065005	0.600826852214593
100010895	0.482389265103037	0.546667749370239	0.383708085308796	0.655655662854729
1140	0.912533679174417	0.968045866788225	0.336475607317772	0.674837284341297
100008951	0.640799204613275	0.539465119905221	0.359200342910499	0.639062924415292
1084	0.383716597568828	0.828214687038591	0.336998401284497	0.715212285604777
100002796	0.130900444137007	0.436517073921894	0.303244473379153	0.625803219991216
358	0.972208927898501	0.946050293154921	0.336292872314899	0.672439308907492
100002070	0.844116529825556	0.721956735028626	0.328680829767319	0.705953369217424
1628	0.406088297326069	0.144557202850165	0.399093821977679	0.66173247255414
823	0.638016657496298	0.527257399209893	0.299206537572405	0.736188584091772
100004414	0.485165511591857	0.0933441289163082	0.430314623334327	0.811022761305936
100006129	0.663276426862415	0.666189421381164	0.317278150886994	0.692523312727261
100002028	0.611585034897739	0.41750753982306	0.470534368266964	0.468604590146901
100021707	0.472300628374744	0.625944477550074	0.308036085307096	0.728500851425066
100000054	0.521462944374866	0.472005807288727	0.328601337353668	0.701465588137727
100010869	0.475019900856186	0.234038040563871	0.348236343882923	0.547323447346047
100004575	0.0415085512846095	0.110530153904364	0.397411995113374	0.980259153787465
100001212	0.974200053995471	0.663957619904778	0.342331685635717	0.615156290220289
818	0.213725055658415	0.547453151009574	0.385962359893879	0.627189724820793
100001092	0.000956372777896147	0.0168685789547955	0.355699830354485	0.662228775554042
100020371	0.787790047840612	0.965229042635349	0.338459599599831	0.675988581234599
100004112	0.177555718878535	0.483430689507491	0.361561678052703	0.683688055989808
1125	0.582349976713004	0.39957031886943	0.360554894455574	0.709766649708665
100020491	0.873038051879226	0.561454071523197	0.296068625065853	0.690154792982886
100003151	0.00366199263245517	0.0273692790975112	0.471104005287505	0.558344250875497
100000011	0.321106611162224	0.153704792789268	0.254224799097367	0.783888799983073
100003594	0.412594824740389	0.938200579566792	0.34894896759723	0.681414025709659
806	0.75757790116165	0.16080909543983	0.333983999174103	0.48034335370663
100001211	0.97720319628726	0.567106149250092	0.348120480788866	0.656877543261263
100002417	0.562131807187758	0.614646682491084	0.326244774567538	0.643522234425427
100009335	0.493062904810794	0.19756223552605	0.281382236660498	0.699481916664353
100000781	0.67291346303093	0.961043172572338	0.336764064718433	0.675113182204488
803	0.0305930880275369	0.0337993080493052	0.321246661813715	0.554036250713856
50	0.448241484916109	0.682028833712555	0.347915367564161	0.658978895004813
796	0.465236864995996	0.0524977671771567	0.365582203975575	0.659854320811297
100005834	0.983222007295421	0.639231998013102	0.388305157667582	0.67174792634834
100001580	0.953469862807331	0.517435230168803	0.364268660872329	0.677165360620295
480	0.880756681259428	0.590762214643551	0.302865482387261	0.684249272794762
100001540	0.394775672800011	0.872244663235259	0.382296708242755	0.72023365033146
339	0.294942773121152	0.0761630959006962	0.33894029863829	0.567415214230344
1110	0.85687858896159	0.903438270178374	0.343507538678458	0.663590171683619
100015836	0.296727471569002	0.235757138168555	0.431704147218559	0.834707298867408
100009271	0.544844614127606	0.514053196260518	0.376224630118193	0.656209627206546
100015638	0.934258052944604	0.41736945797485	0.357498918371472	0.656884019168718
100021667	0.924650580362097	0.477827203678206	0.384135062906555	0.656134860197076
100001279	0.526569332765239	0.34113413255773	0.374872793144397	0.811174645448212
100004208	0.0197445203063407	0.113899138826009	0.508353104249614	0.798173119292274
100003695	0.20069797101352	0.141336029677528	0.368544783238629	0.460590664659971
100000802	0.822256421200165	0.884607013995051	0.340707414598187	0.672057254421801
100002769	0.922934866558034	0.112838231855425	0.244553110690984	0.788494963119616
100015835	0.176646178051377	0.358634380576065	0.449005833575593	0.860142159807065
229	0.904852476176208	0.388307147182037	0.375080578898986	0.670212422769464
100001266	0.00934984557773628	0.0305880425830369	0.401357903419784	0.97012947564233
1342	0.287340692229447	0.349097029415012	0.292557624925884	0.694534957493009
100002102	0.923278820868803	0.580792542657072	0.373085178983803	0.770055747380996
100020254	0.193857324030092	0.604854476469382	0.328051585134933	0.701665251417279
1231	0.472375875626931	0.229003229996051	0.400489868828469	0.627523084174777
100020492	0.934858507568516	0.880654626510136	0.332941220458125	0.675255632772227
100001402	0.442053051921317	0.604494641317201	0.365126681629507	0.680613147877319
415	0.00563975372038782	0.0799005653041292	0.398190179503626	0.736569427674589
100003109	0.753827204407768	0.937882464486517	0.337680278388738	0.692740648979203
275	0.63368559230912	0.820673778212399	0.327415640835212	0.661923446263008
1143	0.133391589172304	0.0684547619300618	0.316815552833704	0.779176434665397
279	0.457535686099885	0.3752137810655	0.33188673843386	0.549036133543982
100001198	0.939749108470557	0.995405136430405	0.343627232729956	0.677177935096879
1648	0.440734030113445	0.990624130723581	0.338067459421423	0.676478463252268
100001590	0.408554519396017	0.298390465446776	0.313702466269024	0.596546477545079
100001733	0.425663096973956	0.8858135730735	0.334333571752218	0.687868009986718
100008933	0.018316606897162	0.00229934623941176	0.443029269928183	0.632750922034363
100001550	0.377793460373624	0.502539759609466	0.320574877741344	0.624766433328282
1215	0.052635545733674	0.202679182741123	0.291427099241523	0.628754127208021
100002356	0.274922670242092	0.110261762715841	0.403500337589863	0.68393599229926
100002749	0.740397398092184	0.774052313141029	0.340020200536558	0.684182437481976
100006379	0.115152208526558	0.12847393016298	0.41607097549369	0.398452628023891
100015966	0.0778720853596842	0.152959392239717	0.368354933510303	0.500373152424189
100001392	0.698406856516739	0.929521810896196	0.340076563693784	0.674911294831968
100020425	0.0984090684861618	0.0430395366668821	0.294817653124603	0.425722992224544
100004299	0.416725837555638	0.868030465690433	0.348065979132441	0.711334595878964
100001734	0.45266270273047	0.450673425504079	0.368311888413963	0.599599218936774
1002	0.852839317485241	0.821993514918706	0.339099687003841	0.675179143592809
100001337	0.297378229829883	0.808732667123478	0.323174638491398	0.677833798710559
100001452	0.76604364526446	0.804075419189912	0.335013947004016	0.65355620303465
314	0.543813613224982	0.387101284269058	0.349198870734119	0.694427421239482
100009264	0.951183266471306	0.586906431799982	0.278595856446321	0.787002399905674
100004634	0.433387339963654	0.505551162687446	0.306213195573576	0.69299956696011
100000711	0.698876292957672	0.672213311705915	0.37523150617714	0.703264949895087
100020536	0.0146269328764879	0.07887119857141	0.432401827428259	0.789513701412993
100004318	0.333967978273137	0.573163371240355	0.344536330572316	0.672134873327848
100005850	0.84023004058871	0.450139408755062	0.431371958622895	0.619868779263159
100006619	0.329383411616429	0.150237964446959	0.378924753258209	0.663110835253061
356	0.478940014561588	0.648842893929429	0.324894386732783	0.693356065866761
1221	0.72062384153466	0.634213077159552	0.406975085814592	0.709989421518307
100001397	0.873375964170715	0.809108285091863	0.335168221882824	0.669940841536206
100019981	0.709917137487617	0.936597393366084	0.339575911221982	0.687650238162836
100001208	0.564463529968696	0.298989179401748	0.286091429482735	0.939016169269494
503	0.00777067760674784	0.00932000698013818	0.220867578435402	0.512546968924757
100006375	0.230369686028246	0.688368096254019	0.351095546120169	0.658804898241768
100001295	0.7532505135571	0.642265747763639	0.329858321061082	0.760586306452834
100020427	0.040061159537283	0.0211667282536587	0.341100305940451	0.356710196289113
100002784	0.592756415016861	0.409694233291152	0.287971292556802	0.738825045712785
917	0.0585258140629916	0.203472936911995	0.369254835029351	0.625341816278207
1869	0.372279412306085	0.206867317515176	0.363106016619765	0.559477809238172
240	0.213608569873875	0.0993730291538077	0.217059895872008	0.470465273850984
798	0.00591586368663256	0.0889701883594497	0.487447777652454	0.606064635740331
100002952	0.254389546023543	0.511659744294004	0.336041479689611	0.754249547013935
98	0.798016275844655	0.911116313594757	0.346090584179947	0.679321235265528
100008998	0.220719448060539	0.295489433114759	0.274281885433562	0.749609886526838
477	0.885862108437192	0.298388717257275	0.344422774459182	0.672561348450947
100020545	0.158773048182507	0.172517163936127	0.334267870367511	0.847994835820761
100021666	0.963642432888792	0.238598772550071	0.379712572724003	0.667861080254488
1256	0.662955292867814	0.756546489849688	0.374713694157857	0.705340001398408
533	0.311969768493297	0.0827885415000512	0.245721476429309	0.432453115484496
100001757	0.417679503276277	0.887041192209496	0.348410559303343	0.670530389515658
1024	0.255663864610973	0.0783420583308283	0.238040891591394	0.842108090877618
267	0.342195027902301	0.949829619591394	0.335983982920411	0.679028265519005
100002113	0.0875815874597578	0.0812712375019169	0.337004046253036	0.700387965863287
100001756	0.800823611540958	0.701877481723622	0.35448119458369	0.698653125709214
100001193	0.47207708061336	0.190700059922172	0.411534132170836	0.623167321692797
100001668	0.906989716301331	0.882303631262649	0.345710005534428	0.668017212455559
1124	0.374925953687106	0.327183056223556	0.296572108266993	0.769713179455407
100021331	0.197746855766744	0.349986647556318	0.314043678729076	0.714399043214723
1090	0.104719075667815	0.0534701770599345	0.290742369317483	0.815366656945085
566	0.835040896081843	0.350800990682898	0.258215948932626	0.680730164895777
100003119	0.504939769668525	0.29800178503821	0.369094860274508	0.615276698116561
100006367	0.786928811948825	0.575295963990801	0.347679148917962	0.656841921051336
100004322	0.353879423110116	0.293273563720225	0.324268603962002	0.756822705587261
100001034	0.652518157153791	0.863574012045277	0.33465146120685	0.669964362643679
112	0.882832267522759	0.904285011891697	0.340583202862892	0.66368774925027
507	0.79944637804553	0.803391654690169	0.335575919335545	0.682390279878343
100009233	0.284532339532417	0.185725186463918	0.317221344018774	0.694884711981416
100000406	0.0157568036127302	0.125739956824461	0.540236635219447	0.474305727878632
100004046	0.421736974685451	0.401284062387562	0.217104156984273	0.610483644041597
1025	0.819198402086428	0.726095717233728	0.326039964467608	0.69366018322933
100001106	0.226613419626356	0.204855367181334	0.274602492537601	0.706848815996096
1128	0.0324544823206073	0.57767813102822	0.371626496027077	0.725080606141604
561	0.0573876634485963	0.193915526819172	0.238187402225536	0.598327589383224
100001614	0.89953375530178	0.383009376549531	0.351263166426205	0.652540820001022
100000961	0.884030638511305	0.978197595728747	0.36458895102706	0.678268072271846
100002397	0.814581546945669	0.588405799738251	0.341451114141887	0.605535679815102
100009407	0.968446951291201	0.969421515138738	0.343703435603288	0.674833498067509
100002910	0.875871670161971	0.517201722569106	0.309438159466935	0.594774806586727
100005946	0.338858961891374	0.382577604964627	0.372207156714842	0.769246120267339
100019794	0.0818809983965621	0.266656760264997	0.347305623020834	0.842971894294844
100015759	0.291352766783977	0.0983855590122101	0.294037046771861	0.681581766768409
100020417	0.435637767733053	0.444907251777555	0.333538339556686	0.635565107506958
100001054	0.672352270157966	0.986392869325975	0.339717988798081	0.676448781466244
100001437	0.294606871099754	0.328093254233522	0.286535901168929	0.603686780260385
504	0.251492744578708	0.685997094868648	0.395839865212562	0.687074826765497
100001988	0.484647118921981	0.670460012982573	0.331750927031525	0.825055922258515
1082	0.0425672030138228	0.650124152904285	0.364596395878822	0.702334893387523
100001403	0.392539821514393	0.378774111349984	0.360220700994873	0.659083776475266
100001664	0.809594088658598	0.651193310490644	0.317889099815934	0.814099892432126
461	0.317548751751683	0.228207378019362	0.508984992774254	0.651472189673118
100000463	0.813956183118595	0.928489486953598	0.33733961601459	0.675328598812407
100020208	0.666273225919535	0.58704841388629	0.367074110338837	0.581368212939661
381	0.533652725420861	0.0732535047047063	0.157380758183295	0.510293371793851
100010901	0.0893075171041224	0.076915181470996	0.336005244049416	0.79220962239337
100001468	0.272697591573446	0.998887057808377	0.338936101667776	0.683209763135938
100000840	0.953984678174338	0.90544129420074	0.34004010940613	0.686547843260101
100020014	0.248284750737654	0.598873503077863	0.331798502651779	0.691359850519158
100001993	0.788599236871603	0.641307223697663	0.28894240827283	0.816626447101991
100001051	0.0928788928398303	0.0203130993875074	0.379309580572004	0.356394675356065
100006116	0.581823568425099	0.069581853258759	0.167193797798969	0.751331096745929
1108	0.94074732758914	0.922356309555757	0.336276052952935	0.685557766395172
100019966	0.393523700720539	0.138346313854296	0.394665442530677	0.647270528166977
100001743	0.67780920990746	0.444928681888443	0.32509798930185	0.661415763568576
100001294	0.12127753650501	0.192758220483233	0.246109903956357	0.732393190023611
100001609	0.217835731857948	0.101281718438965	0.330414131643205	0.770224960490385
418	0.726183988856647	0.998426469844121	0.340485705507061	0.678845775977818
100001178	0.367484919044249	0.914764167257404	0.336529759451414	0.667537566438771
189	0.987134473209061	0.679321610272426	0.310264212150411	0.643487948317429
563	0.561320192224299	0.764302665248514	0.359901616237313	0.659026721584132
424	0.610442679049617	0.443143573065223	0.374481618869818	0.658401888258342
100000776	0.119702117980042	0.30075091825465	0.390593879079906	0.680043775532621
1001	0.9429635005639	0.464719452132222	0.3483057833636	0.680468154440719
1135	0.255805178823061	0.082173911415023	0.340702155642213	0.741516015531416
100021093	0.380373568854467	0.493073590461086	0.386884321670715	0.700880214475731
100020219	0.141019760755844	0.24333682788208	0.34380533832292	0.571982437934626
194	0.577798807207819	0.755585695063241	0.355292965620279	0.633744702972985
100008930	0.702536529709444	0.607848854324472	0.367402365797919	0.656080934470962
340	0.610992174630073	0.246174832345062	0.216066173166444	0.756236194574488
100010896	0.956487872946455	0.762310032782234	0.321794155962364	0.683812627800664
100000787	0.192512803849698	0.10369937682784	0.33479500967708	0.387451472174095
100000639	0.0381921061310569	0.234277751769345	0.303822827916698	0.681820086038496
100001851	0.802166463844451	0.188544238229773	0.395484220007551	0.417042112407395
179	0.547153980733956	0.625037327607861	0.33073139243573	0.690391754342871
100000626	0.54299335466312	0.817807433665512	0.343569784746859	0.676979641153676
100001605	0.0101590186806342	0.0808800545961242	0.436124088820619	0.771870735385978
330	0.251240541151976	0.42913122780854	0.372244331472434	0.547049377122235
100001162	0.696155068449559	0.638094132725649	0.307283828515754	0.647776927705583
100001167	0.0249424506710541	0.195075170065697	0.351030002399681	0.65716522252172
100002067	0.545268487085233	0.740307969699754	0.437581437325425	0.602553867011071
100019968	0.643323082082636	0.366101036287501	0.373326285081169	0.612582388206001
100002014	0.976983080322605	0.987662022983877	0.337461616130682	0.701220388781216
100004083	0.407788866687855	0.127538288109268	0.382303297963518	0.535600244408092
100001315	0.372769004262606	0.413696612694782	0.34670950410095	0.741160656994315
535	0.218959139752434	0.527243588483844	0.368219247553787	0.667682593862177
93	0.469115264172392	0.282597091626706	0.370823998249309	0.523216134120816
100001989	0.367337140757178	0.62605647271139	0.312795173459719	0.719493875902983
100001740	0.730569233676306	0.40628562398139	0.310484875090308	0.69642411421193
482	0.236396619790131	0.976082876291842	0.337773388131946	0.676319057470164
1629	0.296594763676943	0.431892263688216	0.394576857105456	0.653490889881728
100001399	0.564546627508317	0.426353055213907	0.34512502709891	0.677378126338934
376	0.79079797056214	0.162514770329071	0.212386062641406	0.785602470020028
342	0.640519129788805	0.574854871396256	0.338284063187997	0.674530848277643
100001253	0.0434689691453786	0.217554523600998	0.275020571288534	0.875544258077294
100000708	0.555125396406094	0.746731586843777	0.364978215348909	0.685130837207486
244	0.201517720461037	0.0551134087642974	0.282848933236392	0.793116144892546
100006726	0.403558268893974	0.270122719197266	0.396668972615207	0.660536089468108
100000036	0.167152036558517	0.679421087548651	0.315872417403686	0.712267984217855
100001257	0.0378262663842862	0.102055410688444	0.417823104778584	0.935267508939267
100000445	0.632038239815313	0.625861490478883	0.367499316715285	0.634841067983942
100004088	0.00440835574854279	0.118090276895086	0.392708171049883	0.754552603521796
100001423	0.464838264179821	0.429193403195797	0.401204572333092	0.576049648586597
100001276	0.327663528724116	0.263468922379921	0.311050509707123	0.588008378003824
100001876	0.941444232470869	0.846043482523925	0.333879241614748	0.680876856657263
100009082	0.55572398523484	0.038907632167878	0.160030152251241	0.654461780444398
100001121	0.357588466511543	0.73482015605658	0.332843048107846	0.672313940702448
117	0.309775028196768	0.62918555102218	0.319249672674682	0.696871220719914
100001868	0.0565898779856621	0.127550044234169	0.375092301394572	0.684049303912632
1134	0.566164237164256	0.270074620344501	0.230708538016953	0.645816000478078
100021012	0.270913737345991	0.480529307942172	0.346304238737231	0.700902371054209
100001181	0.790891893566069	0.265919840219752	0.412076431354212	0.607443769926688
100021467	0.722871457001026	0.295699704178136	0.342231206779137	0.585578397474553
100000447	0.235299332166111	0.2451316227219	0.387825943222372	0.641417102557841
1162	0.000469337456958297	0.0121718771156916	0.446184931141609	0.576778072003852
100019982	0.462814060239885	0.492567850640902	0.348208104942806	0.661368110303731
100001613	0.987732937604417	0.453084988350187	0.353373942398629	0.645370622751972
100006644	0.442000824316602	0.667457615391361	0.318123877950957	0.700108501053827
100000096	0.605674632891206	0.0290818145326816	0.220289561768223	0.644869527459237
926	0.477975791775693	0.696394147309648	0.34315010198557	0.680083160361441
100020004	0.854246837509051	0.688874390572991	0.354864726070323	0.67554577419857
363	0.150125520540699	0.0414021613482362	0.324701676578159	0.257160899438603
1111	0.447619198643094	0.944684758312396	0.350828836300703	0.689467865203008
100021712	0.741758579015224	0.781623565905705	0.338183128992097	0.661684823198656
460	0.819564791434201	0.677490295415894	0.35242273848058	0.71674033827319
100009331	0.305104766050061	0.199823304050404	0.309902887528616	0.705576967599547
100000442	0.207585515072545	0.653969860237364	0.374027805898427	0.69636495057939
100002945	0.088891263163278	0.0168947555599739	0.440471481446338	0.632109594859886
192	0.798823660782977	0.992948056567192	0.351403339560217	0.686591779542488
100020241	0.445271738899798	0.975723642483184	0.33855904638666	0.676583251557695
100000580	0.106023662214307	0.121113558519496	0.297714263333873	0.924773313280405
100002466	0.00691602992672771	0.0247208118581009	0.2927571154876	0.430457194915207
849	0.603091581839951	0.545560312996785	0.349086629505958	0.620483668586984
501	0.519965360049564	0.388741182753448	0.37233629131806	0.633517107483742
100000282	0.75129043776575	0.149543864530551	0.412081533728531	0.575113871588822
100001577	0.0409749085768331	0.196092811595727	0.44039745383156	0.736347751598468
355	0.0839053498399394	0.290324188496033	0.288003024570256	0.573069012677307
100000841	0.82853074407193	0.955210242425705	0.361550135908093	0.674315550540238
100000846	0.830572386417901	0.354292876713553	0.327255185530115	0.669946543531776
100004295	0.261327620586884	0.184196457822751	0.353409972458351	0.586798825102633
100001586	0.0598373259032463	0.0322505585083039	0.534560697870481	0.313543033565848
407	0.0114903727945274	0.0304365571979164	0.384153557728317	0.747786610815942
1137	0.812218771117648	0.715945320447902	0.325722227597338	0.717696752423607
100021374	0.0364457583435668	0.0132148106467437	0.259728872380766	0.909925501643802
100001593	0.909233934267784	0.741244020463329	0.331273205170003	0.68853116977626
100015971	0.7472735352358	0.744823352707954	0.330869262429487	0.67440456300625
100001022	0.383317464430513	0.192516507290398	0.214215964459078	0.935202116317475
1094	0.0797422906802062	0.251856669211589	0.492499579183688	0.900642246019057
100002122	0.30422061483498	0.267163886194925	0.278211819847328	0.773333050357675
100000706	0.629941032680827	0.590089249617852	0.296215467593008	0.676706732329711
100001055	0.779756133479673	0.421480744659337	0.307094677633	0.618963179033903
1235	0.53133358246866	0.747450396756768	0.323423897334338	0.704091147090226
100020204	0.150312881020731	0.602153869581646	0.349210577332818	0.712787049265431
100015643	0.0454786987232092	0.313957825819265	0.358287162336696	0.631428658626523
313	0.0283254322092856	0.2803207306307	0.348021634365999	0.61536139849746
100001413	0.843660452623921	0.91925269707794	0.337110008995663	0.670137752984504
100020423	0.013669789312275	0.0116807842527658	0.388481530328522	0.334885020858994
892	0.463969105310385	0.145367931611186	0.36969215308786	0.705474482495038
212	0.0629668910981123	0.121206626262104	0.446122180285616	0.651943106047457
100006105	0.186470229871745	0.17780836688044	0.386687616089841	0.689906646592417
437	0.847809567311813	0.557527870691317	0.314639415684468	0.694856566447232
100019892	0.422661416819147	0.803218213921346	0.335675052977796	0.69755051943433
100005716	0.0882904075965911	0.111147249469297	0.357704429848728	0.759601231596275
537	0.248349654167871	0.129225619349222	0.342641400845717	0.703359753235144
100001990	0.247672794865871	0.55811636228033	0.395218170427794	0.620604496748651
100003397	0.0367198082664838	0.00436459532187222	0.26251874086441	0.433274074418901
100001320	0.0853198499997334	0.18218903440116	0.453520315258148	0.417998197697455
100005717	0.143605239591994	0.0914829850288751	0.389301945710031	0.709246051816033
100001207	0.0414692199471804	0.203231532481679	0.368841856029881	0.68498806503631
100001999	0.570157538557065	0.85608171101924	0.330697243999344	0.75639010470536
100002488	0.167081994092765	0.0122694706408248	0.42880174544741	0.620472864177927
62	0.17800793730329	0.66047488826301	0.329796064213904	0.683576026439267
100000467	0.705182299823813	0.48598557073833	0.31883721362197	0.652135335058758
297	0.00713432954952773	0.146811880749021	0.33727299781104	0.644801563721377
100000285	0.0431852160578739	0.431311542552395	0.331212617071493	0.769726015591891
100006056	0.0653745813802057	0.377602540531364	0.356833624930529	0.7195218894748
100002126	0.142180333635103	0.271800172118443	0.264707808562205	0.992422760309056
100002129	0.726949541053471	0.847259146950159	0.330180174947399	0.756947914319187
100020478	0.0350856361193619	0.217621539384365	0.306680406877439	0.70758377793841
100004089	0.0718424236430191	0.559018061031215	0.357669316100848	0.634587760624052
100001755	0.494773592213737	0.59200471112851	0.337938854381849	0.634168885956999
100000551	0.0331989102098229	0.99005629358692	0.345260338379362	0.6769521033361
100003260	0.442208078630765	0.302067438809038	0.38612660687294	0.756314661936435
100010955	0.897049003551633	0.440336355509138	0.274574993062601	0.579860225470831
100020851	0.231939328918924	0.45521980181557	0.362645756619576	0.698317820042783
100016069	0.571254192440053	0.751529106652389	0.345899723080573	0.661622742785102
100002027	0.701432116060153	0.433360572876951	0.228033806352376	0.828660414627235
1123	0.354983265766002	0.184963100356086	0.328571016535813	0.806900858629993
100001150	0.652507030890698	0.938360660237177	0.337098876345092	0.680055824303591
100001657	0.323260233951042	0.669628082183481	0.341193122876642	0.659277001690056
310	0.24751260166425	0.348912920583707	0.301207307061867	0.779987248270569
100001314	0.313760911899463	0.121863599094176	0.324595924223946	0.555762157311307
452	0.68397456263868	0.6054323549437	0.383042681855111	0.645165615646251
144	0.0933010833868082	0.0586596800205909	0.409886884763946	0.543199543785692
100001182	0.208294502174146	0.151819022998971	0.414588803057726	0.659253295779689
100015965	0.761055137873307	0.479553667886483	0.322601538328215	0.747031722678806
100006108	0.935119045433582	0.482336956113763	0.349773160621841	0.713220351626951
100001400	0.805893374571383	0.68628910824633	0.321055023570451	0.668131749761605
100004541	0.151816633440307	0.141650438678022	0.361385267298532	0.383750708021138
932	0.790517791926424	0.354661082134836	0.341113344565568	0.708787697335584
100001992	0.398926076286901	0.511305043687807	0.48467084914691	0.565556724790835
100009252	0.14222474932413	0.189160793291764	0.4005887091029	0.657973605986558
100021104	0.625478919744516	0.573727462502426	0.281588539787579	0.807228136104118
100015838	0.0140980284926416	0.0444742001841671	0.461707186306748	0.917891498002772
250	0.00151046444484734	0.0258713315908637	0.566321748427142	0.771579488039665
100002537	0.961639024601398	0.518768016018693	0.315081003808733	0.78095242198425
100001658	0.769125221144422	0.650486919511566	0.370847630663486	0.662689936228121
100020416	0.331075136391681	0.396595668085913	0.301463980992262	0.654007091438549
100006642	0.25388743898171	0.76697621760935	0.32578660611282	0.698906958288414
100001391	0.0995558678585502	0.317419911509081	0.431528568681237	0.794177210649246
825	0.647301504217898	0.637151832913786	0.302233498153458	0.687547842865891
215	0.0249522587127097	0.11153849531239	0.385531043315787	0.660773015756448
100001026	0.946154341623162	0.85518080262849	0.334541655379685	0.718318307301034
100020541	0.390421935916821	0.436326206606592	0.29718997206362	0.718568778430936
100001526	0.273465734472414	0.302079687792795	0.480571181142847	0.784873702169358
100005384	0.356935455348007	0.341300364279095	0.328738926152308	0.583648503782747
100020378	0.296138824117378	0.667394319357311	0.324769131196633	0.683387756293284
100006115	0.968034759394365	0.374736135845729	0.435352007447028	0.566577009267255
1442	0.162001161258268	0.0409211792708195	0.151765345822176	0.561547744926095
100001843	0.183287033621827	0.228026949569345	0.356210187153202	0.760987802789783
100015837	0.204052268336738	0.292700880254724	0.536469477974239	0.625878242924112
100010834	0.746540895166798	0.988869139762271	0.337934276143793	0.67667872554888
100001393	0.560824974614615	0.462482291313111	0.274937541827502	0.71533776083053
100000015	0.308025846594609	0.588963027026716	0.316694974477907	0.696725138830653
100003892	0.0513907240043526	0.0521498314641485	0.296545030030611	0.933252915487579
100000042	0.169509522466354	0.0246078634721956	0.365035863517918	0.586237209988361
100020550	0.194710807001031	0.0811986459179548	0.464712642158541	0.515366005960454
182	0.531003806821477	0.380784611424593	0.319801541403852	0.695326373111307
100015723	0.172535605342716	0.461915181620063	0.336927075720793	0.660449855079745
100020343	0.402898673611698	0.484970290633001	0.306851446056014	0.679220160296575
512	0.431288418441693	0.675735707378321	0.360311698425738	0.653201565557485
100021100	0.82126619659523	0.744909993157989	0.326087563463434	0.680110255327346
100002528	0.289684409413668	0.0642047236001903	0.411291409428675	0.452489428789919
100001287	0.479157231717827	0.74250322626401	0.444596247333906	0.621441850077875
100001229	0.684533715351569	0.881465854479373	0.348036409539487	0.665616326883676
181	0.357153714307658	0.841986295839048	0.333502021196575	0.700034900680451
100015831	0.00216943995046603	0.0221910622011016	0.429963615681317	0.46334036653864
100020515	0.38080155050784	0.515243623086741	0.285223204451043	0.81136905965217
327	0.280589070935147	0.28402649131145	0.392917057204968	0.631760530597607
100009394	0.68066266204698	0.778551390356954	0.322659655796762	0.702301784424804
100001596	0.801882702889672	0.207723125362528	0.312644720892551	0.497885300574171
207	0.802030471420696	0.461589397806235	0.357700052293002	0.633298604322949
2054	0.514079722781307	0.795598092996025	0.327826300319414	0.691109380169351
100020259	0.672929485910152	0.568991639520029	0.367400199514044	0.661149435009289
100020414	0.00500828486346433	0.0476219228485907	0.227420413870958	0.648868430256008
100021131	0.902168943149881	0.263807204900932	0.328705705458797	0.634377003783139
100004499	0.819096189418332	0.752184520214485	0.329762188934488	0.650937430897143
880	0.196194442710322	0.791774820518451	0.361460751547476	0.67290607880489
100002049	0.546494159009803	0.320454634301841	0.368168052311101	0.628215482704219
100001739	0.55024189261256	0.24761513614007	0.424207144803886	0.636315297611279
100001126	0.273141201192178	0.1124555540479	0.229762980434696	0.541997007870267
1113	0.56164698495147	0.763547414930184	0.361962388009782	0.638297099170607
1083	0.932143604295117	0.293997193164494	0.37493342560542	0.581862064898988
100001730	0.0822349971132377	0.19124781074732	0.389760091736591	0.554033694751454
100001412	0.721646019606252	0.93391547406	0.34443726305383	0.671060644381923
100005996	0.784120939075051	0.570457908147149	0.328158028520693	0.647131695628323
100015962	0.00613774482588196	0.0833235001418955	0.264437601921648	0.989566238871095
100020214	0.641647074453186	0.406967650508437	0.362495855823054	0.595985290822499
100002514	0.120528957579734	0.33175375771936	0.352492520223878	0.613953092482907
564	0.158899349529151	0.049913320969543	0.309496290341179	0.552507767847462
572	0.0284535794317204	0.0211031230454539	0.472224573943666	0.542233836967047
231	0.967764786299121	0.68250097737044	0.314003458511124	0.690148804963693
100000453	0.977183934861201	0.807378833813391	0.327906079889592	0.701675465429986
100001007	0.137809861905339	0.259001059306954	0.390911127455924	0.557934232779741
923	0.589036214041243	0.322163591851082	0.324175477245295	0.730785026746553
100001247	0.459948521706283	0.552064039371016	0.319982936798974	0.661147581304052
100000774	0.712991239181648	0.945307457988711	0.344785776863713	0.684678443312824
800	0.428834133406716	0.377499041869258	0.349759598317295	0.731332143223321
100021678	0.338556700973214	0.428573109664085	0.281968305325802	0.674700253002043
100021711	0.417165482549791	0.822477726732802	0.357402196540974	0.686019330069749
100001274	0.609876662111298	0.319300030988267	0.338192949050953	0.489139473977453
100021220	0.120928540523909	0.146473060677631	0.427722738570502	0.989995738672483
100020253	0.482611212881019	0.972716153291759	0.33893782001343	0.675159858269388
100001170	0.750667158349738	0.179276273266666	0.314683316361468	0.57731196232072
100001466	0.285430088701061	0.865532628154827	0.345870099802103	0.671358179176806
100009406	0.745253181828479	0.676307215185298	0.324850048446022	0.693482779116125
1026	0.25191731263586	0.492301477292497	0.350600359830901	0.646325719446129
100020837	0.994134640428263	0.295210366584546	0.421891534665294	0.558738614529537
100001006	0.0654116369605194	0.0778451535984825	0.329213929238397	0.803687315437473
100003674	0.722587831285349	0.123933584354366	0.339831153687532	0.664427307732568
100004396	0.316026064797625	0.413060044542006	0.387426172921736	0.571292419748042
100015923	0.484120124552931	0.886949565477826	0.365481445435941	0.666649927503986
100000265	0.390009008867828	0.664631725857443	0.350024821035603	0.644406076910055
100001409	0.0629993101114171	0.1052664066185	0.345902397890813	0.510700267761551
100003434	0.410636650412585	0.520642002539078	0.342825733599981	0.601938926508556
100001334	0.664971346913432	0.0795407252017574	0.406844486052781	0.556004590401422
100001102	0.682621191439073	0.767570841363936	0.347690826793046	0.657635716581419
1268	0.491858440172566	0.0575447172569743	0.218471747815196	0.631760923611985
100001300	0.257077603943527	0.0955981869880774	0.295463551211638	0.680960150544324
100021324	0.29338904167813	0.741232633386388	0.415041347649091	0.668083563892927
100001617	0.100805003831083	0.0993709196194661	0.333883274241473	0.718143996181462
1105	0.988787281004291	0.175604378364856	0.43169327332269	0.381889961719823
100021502	0.066378992821434	0.274260177113105	0.326636850189632	0.706146016459017
2051	0.841447704553371	0.574117057319272	0.33850965230215	0.573715802936653
100001256	0.172767214858329	0.521230906206149	0.372808762240541	0.806754414451815
100005466	0.0387461758574186	0.062613551825636	0.410788105138678	0.448968397881839
100002199	0.166821036128992	0.75773946784056	0.345394404990331	0.694038154722596
338	0.0137958727922828	0.0422378092179383	0.546807351707781	0.437596131375511
100004243	0.610697850365546	0.660819490795555	0.315517879398929	0.6855252126189
799	0.576267462586948	0.89759617170912	0.337221209831651	0.67425904853819
100008928	0.613471328394826	0.109554536015572	0.333768735953723	0.666764753570308
815	0.0658106025137823	0.23647610152811	0.350538764255993	0.756735990064653
100001456	0.00607880588305964	0.0748835961757947	0.324459423499714	0.597173579325152
1242	0.0627676187840251	0.0752114973969598	0.422561804164305	0.473559875322376
100001416	0.271265979259228	0.109107124503516	0.238675348872028	0.426390662171988
100001462	0.44311725830817	0.349004047298428	0.388054400670581	0.637387879971591
1087	0.184128264601969	0.0396145189730799	0.354626072504572	0.642101978490809
100020421	0.0686946505167392	0.103577833379474	0.386542772764792	0.435870584006005
100000010	0.00244388011569912	0.0350779972111315	0.380722140805482	0.737550288446593
821	0.392844497830605	0.311600455724787	0.398421707521248	0.504823969499538
100006627	0.256227855807414	0.139799560073926	0.467174895892043	0.575008802461323
100001277	0.350648514086712	0.152755847697474	0.398016892395507	0.632735091089898
100021141	0.0536912285660089	0.207162888300598	0.369872843969878	0.772492803227088
100021105	0.147250672959944	0.257856577339078	0.368198483238076	0.485838410541092
100001950	0.000650111085730461	0.00900905446585336	0.387647697781972	0.839134684476733
100020217	0.725745401803412	0.25708481090509	0.244180719636077	0.496376524107237
100006651	0.0201591667275558	0.147693071348392	0.396834383966614	0.4308484607068
881	0.919649626761556	0.415780301076763	0.321403844889908	0.689996922952968
100001509	0.673583284863215	0.150593504393309	0.299449844207861	0.597203410117765
100021709	0.598133347251619	0.843840860488759	0.331721397208501	0.682176119443275
100001635	0.282662572423888	0.036093552702374	0.372411841327039	0.62387180627595
100002613	0.451097963722945	0.123304115093507	0.316260544260433	0.761754292904822
100009329	0.642253382993011	0.741937728588542	0.312635618498744	0.788890596456955
100021123	0.818800343077673	0.595149845581351	0.352947005409148	0.590236172330113
100015760	0.222910151546325	0.157487001145077	0.286503943358864	0.712125004463493
100020205	0.320364231855919	0.389879515992764	0.4066031186132	0.494052373249271
100000765	0.482297019183526	0.687085200585013	0.330516041127391	0.649841472198357
100004111	0.333601406290343	0.16747644121031	0.371641099676326	0.648470726119491
100001615	0.177797007001348	0.83356438084724	0.336817645638323	0.675062265148687
100009227	0.237292808899313	0.120200635636553	0.455692480793222	0.81466196503082
100006191	0.323467654372279	0.536526118876396	0.377147282371646	0.62022711068124
100004542	0.337842505863767	0.322731184845804	0.371598460981529	0.727855617710214
100003686	0.322452201835517	0.128414477646233	0.463157274650156	0.613337053486923
100009232	0.022476206695844	0.207586305866118	0.344877663794617	0.579881722970823
100001501	0.0605018529805234	0.108782354028134	0.419108228955536	0.713630614890328
100002367	0.462718218835531	0.238925189915027	0.323155966671209	0.524747137230077
100001108	0.353335180390762	0.696447685518747	0.335262430840585	0.665978670987861
100004227	0.742621478541485	0.99455106759014	0.337849333089394	0.677364289361762
100001310	0.195347150952452	0.295242171110971	0.319400213351404	0.788602826868292
100001994	0.862046468918522	0.952658302121598	0.362912144934747	0.722009023064746
100015839	0.0182378040747383	0.0154251593088191	0.41556706872043	0.760765052433142
100003271	0.00646927272628665	0.0834528225572972	0.42858508657242	0.485139673208847
100020496	0.772154761880739	0.998861436361506	0.344607424614086	0.67754635556724
302	0.647041537006766	0.430446736547784	0.302458533995645	0.645228846190484
811	0.805157484725998	0.749253728568058	0.329804725787961	0.711185359570168
100001267	0.971770888794203	0.790038406556802	0.321289368804528	0.672933542805244
100001197	0.031048146133772	0.35537557476673	0.376783959489345	0.686244919143197
432	0.272772249989707	0.501141766261905	0.352480774301094	0.658184911320363
444	0.0103984909981512	0.0545432260735403	0.385220953386407	0.809498196036377
100015968	0.34592989487778	0.382217241228232	0.332970058173401	0.604758592652528
828	0.970943415610838	0.852696109683223	0.331161062860705	0.683371758573333
100004054	0.257723683186918	0.832545718463579	0.340415961288202	0.682318541898742
100004635	0.100192199907426	0.141890194703742	0.72485721026968	0.415025480054809
100000491	0.441637744354301	0.574646913684546	0.330104501217607	0.5837517666433
100000939	0.0447691259970768	0.0330814110690922	0.358178659409643	0.569595005396532
241	0.270469850162142	0.64717195861066	0.353720878867546	0.694121747806915
136	0.254775350779646	0.049836013629314	0.312707023936323	0.88063680638833
100000792	0.627743402939892	0.993971511415945	0.346592318039837	0.714589129907117
100020973	0.510401120338417	0.605975459185006	0.362852629888317	0.65018315999006
100000936	0.657654777549402	0.894602081767188	0.335945181639023	0.678346745552898
100001313	0.00757567047817715	0.141567912532338	0.357597664235834	0.729526059407249
100001951	0.065181286326852	0.102620646572727	0.36295348589079	0.669048835650589
100006098	0.0117558139601341	0.0730487204110396	0.399282814182668	0.800261252823296
100000007	0.191748691391439	0.493784759247092	0.35483508740023	0.682768951327273
100006641	0.899276329590573	0.947481298637931	0.34913887533914	0.676886169918445
913	0.0128544357837996	0.0637223946845033	0.409531408165508	0.543464018271664
100001579	0.822732723618826	0.427278793939979	0.37017958227131	0.677281292316549
100002911	0.134348605265185	0.0116038855073177	0.443293591712231	0.636258994751867
100001293	0.293218435337357	0.403108323280582	0.299006066881561	0.807129454366493
100002241	0.203931951991796	0.506107791695111	0.357350586042076	0.643613001542026
100003179	0.30506219229471	0.0682243702545062	0.33860217608298	0.523922102587343
100021372	0.33839307014411	0.240728839663641	0.255891577134759	0.680678085237243
100001956	0.263200797481673	0.483386885678967	0.348096976071428	0.579823209764176
100021162	0.172238044065872	0.150664979424754	0.328171718220742	0.497594846150463
100002259	0.38181941779269	0.645194086326164	0.314553284339862	0.670133430513628
252	0.467113165339465	0.624580583084355	0.380256218846867	0.62596521644175
100000707	0.501461385549463	0.356302248244479	0.330293138699426	0.683831755623135
1489	0.574175678915998	0.0165102527839587	0.261312670654946	0.655591588860849
100020361	0.0361140384669123	0.0925123881972784	0.365920163866729	0.958383802513153
55	0.704670867711626	0.931103856301486	0.337386351451425	0.683770738022857
100000863	0.223073163672969	0.244564805259438	0.299648799072556	0.714708496399473
100015840	0.236708337233625	0.113727262295989	0.41633893404774	0.634959981915857
100001541	0.143672407584809	0.0818180094454008	0.238049031999948	0.666604817077807
100006082	0.157362728390232	0.0554167516709648	0.433283812521031	0.671477794516282
1254	0.730529869613162	0.918665195247662	0.342314555438482	0.694254680424869
100001624	0.513199752836603	0.368723789358048	0.318648613301651	0.653798369024367
100015850	0.768673037633937	0.639323457093245	0.393437837505082	0.645671537106146
100001104	0.00314429370889319	0.0135721720522539	0.384578798766132	0.96084919750897
100000900	0.136175784585553	0.424076063607477	0.348212181061825	0.6809294140973
100000269	0.179991505960686	0.0790967891643396	0.216557508949059	0.627592190804809
1022	0.193525960638365	0.996735748289998	0.338022633932699	0.677264893080979
100005373	0.212089800897568	0.0791742609601896	0.302601470544347	0.70811020837291
100001129	0.133236685390215	0.707376363075656	0.327478138084581	0.707064446929097
935	0.0106106839359357	0.11671496038674	0.444668950729565	0.535971598104235
100001262	0.168069730875217	0.207150158765297	0.350951340804532	0.701479686944001
100019978	0.304388644492457	0.635376526131761	0.330449855260159	0.663399347929675
100002293	0.54935733885605	0.684706603735417	0.35102949734002	0.679240450092643
100001426	0.166976031634893	0.236551511460402	0.350027104885295	0.497782042703773
234	0.0430726377746997	0.165706629527227	0.328368951057014	0.653846220962945
100005403	0.238449126646881	0.958905206275665	0.350371101179433	0.673993866593123
100001083	0.0391365740863599	0.31140772223493	0.371456531934121	0.702018102091792
439	0.745170502904259	0.331180870414298	0.35893249517637	0.671751137986585
100001086	0.296629387508662	0.386196692499186	0.361159072237375	0.762450584074247
100005864	0.733934929153862	0.459857415753913	0.311935277690706	0.743209719311071
491	0.527411965691115	0.914497703228168	0.336672090547508	0.678011716034763
100002029	0.422787187782347	0.407686460423863	0.328106238779281	0.53840678359916
100002154	0.865529338040247	0.49535572900588	0.299496193088658	0.655314055111199
891	0.513545196372027	0.203711371712493	0.374920077867787	0.644502412848225
100020261	0.395119635962383	0.445275803720439	0.400027973167973	0.650113823370512
100001296	0.345997930935786	0.387328724621113	0.358630672292194	0.53886180070153
2050	0.44837982231678	0.544445637357829	0.358653933183816	0.624022395462629
100002761	0.238057628689075	0.616909665585057	0.286389158014775	0.837586958445879
100006614	0.796509573317066	0.679576153718191	0.313255185070113	0.73784432296325
100001597	0.907104350627264	0.15263113095336	0.225625918139367	0.488199837804412
100020853	0.727317187988271	0.843172522379513	0.344103748831115	0.687941736951821
100001446	0.242852400669506	0.388294157990621	0.305027365692722	0.670134042618587
100003240	0.330263007482637	0.130432677039946	0.380800715938281	0.595719850838236
100001502	0.0329291277470892	0.22692670400379	0.398183597896067	0.766065304227108
100020866	0.0745473793803862	0.0100756361121864	0.221059956767576	0.483727643045834
100020419	0.0290626563933701	0.0879591571891059	0.371411022721962	0.418480205228838
35	0.505039480395164	0.306411820095078	0.310847746086156	0.6254990457168
100003696	0.0198466294074712	0.0599627715841172	0.461001248640951	0.613482873868237
100016038	0.906861390880275	0.892856881314234	0.334754784822251	0.66317197847066
100009333	0.202200902123708	0.172723321344118	0.339716761704229	0.703924575377563
100001611	0.13726996948072	0.302174756915463	0.447273244136327	0.652325906153914
100005383	0.834630652834818	0.309562190054613	0.332375633252746	0.723897514871944
100009239	0.270635150744256	0.121968195901775	0.429010175342743	0.492998468351433
100009332	0.296185518162078	0.232097747350574	0.343502251384357	0.639770357235906
100001731	0.166661462349793	0.655763630129606	0.345228666181299	0.653214159311119
100003415	0.213072776870249	0.344641655456388	0.348770552467273	0.698056411765896
100020578	0.157008603180958	0.206678571490817	0.314295436926031	0.572576305096598
893	0.796173013037107	0.537579442812349	0.332968136646628	0.688898953537172
100000963	0.262954940494009	0.186763623990984	0.449831992658817	0.47120362647699
273	0.163483102995113	0.323320624919385	0.386326699947987	0.672921754144151
197	0.363097456249733	0.374200539367361	0.337016555759737	0.544414849917432
100000808	0.281449891610885	0.220509598466462	0.321550348861235	0.83915751599777
100002284	0.802355799984749	0.382747859480234	0.228428007560804	0.619163943218828
888	0.991320766798931	0.102171799797132	0.357740476207374	0.65907743920807
100006435	0.641912990109871	0.384415069727737	0.26455851602623	0.952911521561759
100006374	0.268680525465483	0.58863034946518	0.340398627985407	0.668039904354538
100003169	0.520827955008365	0.943454320369084	0.335692197763569	0.673571642566964
1004	0.617275471754043	0.805139365604289	0.323978499301654	0.658589269700587
100005998	0.112801226448754	0.914669812511341	0.353368458554268	0.682919434827997
100000773	0.670519632690327	0.546676099296528	0.343269176089013	0.660136833520586
100010850	0.0156497152086254	0.114814678745463	0.399284183063995	0.554053615906035
397	0.893688565366059	0.375025848363026	0.25692590242694	0.742078691810456
100000039	0.0699347304409778	0.223995881115535	0.279672201223359	0.731482520424563
100020833	0.740493623106538	0.769624025151117	0.346748290117039	0.71752823177363
1021	0.391432245053414	0.346689080225768	0.319963849288757	0.714358636010259
100020479	0.410035028914956	0.59987273398087	0.339357940138083	0.68717980785931
100001335	0.493218200861151	0.302542236085747	0.384970068497079	0.643796292173693
100000743	0.560657176711876	0.974134919743114	0.33739233587546	0.680903835467287
100009246	0.221291557204992	0.693362204813982	0.325221024597609	0.704555872830775
878	0.219993301187078	0.753124872934662	0.326006609504257	0.690553585912517
100021103	0.70430710436188	0.90507125842092	0.354310842057585	0.736057189410641
100021363	0.226454454568258	0.56425619687781	0.317075991933832	0.718225439692514
266	0.142988173399814	0.215834577209274	0.337816486071133	0.601889466145577
100001195	0.343576467607142	0.220815207253052	0.421585080848847	0.603463476749302
100019801	0.785418590044019	0.701550774474236	0.351865565444842	0.663679659990035
100002196	0.0282359608725983	0.240955296956552	0.364844672632814	0.687507330556425
100006370	0.214854607207556	0.938142923215518	0.334774896887593	0.68014752773757
100001510	0.0297222314238241	0.00380670891334063	0.287335344205869	0.77534743332895
100000437	0.652614662026678	0.489472163005672	0.317065395898146	0.740959549509408
100001767	0.157473723939271	0.0342732003776706	0.406812946923867	0.741849978022082
100001810	0.546179202219018	0.568837282139949	0.340906717979817	0.813736714678288
209	0.0448687096380172	0.373509839978938	0.375819283099453	0.663070151110457
100001485	0.170340321056475	0.0770553015129874	0.212698493988306	0.601503534263467
100002500	0.124589817281825	0.449151545529946	0.343309475760856	0.647753550510679
171	0.0246117914191042	0.0220079342710132	0.261871998834542	0.680133774992308
100020487	0.764270602913523	0.694882185671695	0.39122702539334	0.596987085620104
1206	0.00730354189065448	0.117495230168801	0.343560665701136	0.729092957400721
344	0.00853444881532082	0.021827351815086	0.710849875810081	0.777874523447212
100001405	0.377442734153509	0.823607843958002	0.351518826643887	0.659713436327902
1239	0.961750610562847	0.520983293001619	0.371239462226174	0.680364362686204
391	0.0736649964773855	0.197022098393497	0.313745720094181	0.881311777047068
100006430	0.32468163257387	0.140422230802876	0.454892825316555	0.390135573817689
100001417	0.91365421399797	0.555234362905055	0.321848860304005	0.773996169875443
100002951	0.0453420480973623	0.440993879468916	0.337825147599793	0.591179822708616
100000014	0.387303815393499	0.560685526590527	0.332262915265654	0.71932278868272
100003926	0.593475222791552	0.482606002820856	0.36242606707181	0.658220846894427
100021538	0.526169523100195	0.367186346406135	0.389068261102735	0.590895605164348
132	0.374517784376894	0.969956489920052	0.33803633073029	0.6761559486471
100001425	0.454729011034477	0.447576200317578	0.446916761731086	0.598281616078369
100020262	0.636357173211507	0.661169654747294	0.360184441881983	0.664182471755263
100002679	0.40603825590088	0.721374446404901	0.32145434057034	0.740187871206011
100001270	0.71846598572094	0.570063934570591	0.344494394482095	0.654679739468319
1102	0.837674541587787	0.98867843057253	0.338792960370016	0.67770659981179
331	0.214729511412064	0.189963776295279	0.286713763768084	0.56650140792254
100006361	0.467441308086418	0.597019063292999	0.314060027281185	0.753699965883082
180	0.785534830893535	0.901771570081616	0.350546041254196	0.674146296914537
1053	0.469289974640944	0.486557113141248	0.474171042280656	0.74747119712033
100001359	0.626339497581001	0.893470524713322	0.353960286457999	0.661594826395259
