chemID	simpleLRM_Fstatistics	multiLRM(chem_sig)	multiLRM(sex_sig)	multiLRM(age_sig)	chem_coef
100021136	0.0248930553821545	0.236918294968509	0.308157157175944	0.764357754651653	-0.299567247307923
100000882	0.827806900436531	0.659358923051051	0.285712662920769	0.645413118330891	0.076335562416845
409	0.0820087567850801	0.170268040735473	0.316617410191587	0.428983775879896	0.603829902004337
100002254	0.686847513807597	0.0434169661599793	0.185550884955148	0.651716341800092	0.070027903244766
361	0.007599052152201	0.1018319606107	0.196377434843528	0.644634845873616	0.105169339558203
100019975	0.548649363186438	0.712417860340117	0.275472382761043	0.68876023333878	0.032890533322147
100000257	0.000643060914244584	0.0191681731248153	0.276788499440445	0.60495161579164	0.396319613227229
100001232	0.970978785347489	0.946429560944916	0.282969577164242	0.668539561524953	0.00783998287511688
100001948	0.367915407301092	0.378438948089836	0.295806916859923	0.535882510998572	0.367668598599783
100001073	0.604126441934204	0.672893997054024	0.343876909478266	0.599072285719765	-0.045546810639288
100015637	0.932456831663132	0.455208259756907	0.293319430429328	0.66640504059426	0.148674593366698
100006360	0.623348140202882	0.692745042271777	0.260048934255864	0.736644584198173	-0.0083638223485892
1488	0.541314988016041	0.594567848111809	0.277678646515074	0.647162504112741	0.14876556437248
100002253	0.843101516050832	0.975107985876786	0.275218121888363	0.676970012875924	-0.00251859255754032
1023	0.961955623257365	0.700121841841299	0.27152877361588	0.655084790997724	0.182885403997025
100004284	0.679131041309375	0.816853184829897	0.269918949966717	0.678996602876556	-0.000737673519986069
100001251	0.652981612501032	0.975662835776382	0.274338186939488	0.671069641275181	-0.00390267279511751
362	0.723112680275795	0.474976159625608	0.248420671517276	0.665523391371666	-0.0805306851659644
100006620	0.764368918770993	0.879792832262072	0.275153070568905	0.675941251145002	0.0238294088670376
111	0.361737424549988	0.16647218971294	0.231408342466869	0.64333964463767	0.279563368887912
100009045	0.641582945532989	0.27508855746103	0.22743491475218	0.827806203929841	-0.141422084326579
100002927	0.725254295254856	0.864293758011964	0.270026179747884	0.690709285961498	-0.0190367857877833
100015641	0.768722267593087	0.894211976413521	0.269825713279313	0.680945384776754	-0.0241733321619761
1114	0.109133178099097	0.944873006092864	0.27247326907218	0.67514767369258	-0.00824901524057752
100020409	0.355713482107852	0.371053763469605	0.275289776048339	0.545235831881685	0.105172528941862
158	0.127853449306601	0.251162136168126	0.349879062694403	0.70106679178298	-0.384884605135207
1224	0.0508479404860583	0.191143546331623	0.213299704513092	0.710939364893718	0.430146525215069
100001620	0.46901582277477	0.381453325334229	0.237974520393003	0.67461429907464	-0.375765759298427
100020893	0.279775599411597	0.0590348338881317	0.253029072207581	0.395401278820033	0.979691381059525
100002458	0.749811378932414	0.564421876888518	0.31472978104679	0.617592976170209	0.103319207672952
100001112	0.807037799272877	0.988389962937908	0.274037092018992	0.672413831724219	0.00208761472013964
100002953	0.412497976964953	0.828663708902155	0.271816782616371	0.682398158887581	-0.0407025828393402
1141	0.400487053795003	0.0556680383478892	0.355160111984945	0.495486254072985	0.515325404959962
100015834	0.457081123897645	0.993555591900047	0.275397874312528	0.672241026861333	0.00176173221133765
100004561	0.61763391020958	0.890607851881941	0.277602053370515	0.668595886528977	-0.0265076873387555
100020497	0.797324272714542	0.752278397397234	0.26138786567519	0.696286838246831	0.0413993105654435
498	0.0473774437210457	0.303012985205733	0.271602108378284	0.75036297684738	-0.435888272030664
100006051	0.867181092446545	0.849732236778426	0.27797872617324	0.668344255304062	0.017975101669578
1668	0.659363080264178	0.5177834881026	0.269852197617559	0.610815144232358	-0.0292334279429678
100004523	0.423046374438863	0.874630559738804	0.282539427305916	0.657803715895235	0.0386603636569284
100001604	0.241503715822029	0.531539877424795	0.270628384799097	0.716534197063966	-0.0556843616382189
100001002	0.174121442114638	0.537466238183223	0.28693317678427	0.658920193728426	-0.390345829502044
100001987	0.0591356077930552	0.267332863322581	0.807679177007129	0.532540789091842	-0.0739809084500246
100002462	0.605226675304287	0.334830768484763	0.332053912672403	0.55191841116406	0.231939037475165
466	0.585340133801714	0.0700567356911413	0.301381123572883	0.648314298687221	0.121124045832031
100000665	0.892950912646635	0.439723101182762	0.308528267178741	0.617212042829606	0.0724029075258632
445	0.95026693235431	0.432230108185671	0.304140100131699	0.722251792797198	-0.0782365896565927
2029	0.150900664100361	0.506042886407587	0.291507036675555	0.674481501759193	-0.0704849169714371
100006438	0.122699583803101	0.24482472389859	0.32133762183372	0.685448063846233	-0.0474146275198165
100001398	0.160640119176745	0.58988883828468	0.255659721096108	0.692322367970504	0.0340975758561064
235	0.430855270329198	0.465729306665725	0.243982324929096	0.705722764739072	0.136398739473578
100000997	0.704484138849384	0.696852620962623	0.276696787212455	0.649871120924569	0.0518835238433189
100002094	0.259536316752882	0.216126408817282	0.230947054413113	0.536592184407721	-0.251194981472191
1052	0.627114644865564	0.935742109121793	0.276500178092387	0.690568578447905	-0.0314672503556241
100020823	0.328113648658067	0.587730644159476	0.257691981134233	0.660960169776964	0.0514931986411951
100001806	0.274212739078581	0.619894610149679	0.322205466016976	0.682043108809878	-0.0241817183045787
100006092	0.814091177030641	0.884767559397048	0.279082322029328	0.662433984884511	-0.0101233737526541
100001415	0.104618922684371	0.0729455496094608	0.276810647516627	0.391565133641532	0.859854658452091
100000008	0.0406517747302689	0.0723111908370581	0.305708232536726	0.508335505759573	0.427780718754697
565	0.00715758309714534	0.047793975941589	0.273115751337368	0.750714267163806	-1.13851928724092
100015851	0.145834761030605	0.184938502539666	0.35614506872496	0.811244140312808	-0.272167381423254
100001866	0.533135664220547	0.886721850775861	0.289382799793537	0.657768350833922	0.048389384062308
100020546	0.00243950694410397	0.0277908270421823	0.506045428555225	0.867292888853212	-0.212810621302829
100016110	0.555730958139316	0.417544403709885	0.224494872037371	0.770077342559265	-0.133665409775287
100001254	0.00295523208913198	0.0124891755767905	0.358165884980905	0.887363996906738	-0.918367086708189
100006260	0.39721630573681	0.822911831491567	0.278666805974458	0.669002720350382	0.0421455180726723
826	0.669338271886823	0.861045186829061	0.275070819096954	0.667271709002188	0.0151465781758339
100001872	0.454468346282484	0.826392851510103	0.275311863596732	0.672018707502397	0.0251931601496714
100000263	0.338747529140416	0.380647280638063	0.340927737086849	0.664724633565537	-0.267182468123407
100021198	0.82127814192239	0.0598071051207592	0.186227480561839	0.383541581928408	0.378168792385933
100015967	0.0346195690307028	0.089374078585753	0.342133599810891	0.494280585546994	0.0859774106158371
278	0.13813062473341	0.256825168105785	0.256730318292961	0.960362750371052	0.412133630417404
519	0.731408954926283	0.327907267541661	0.329424309307752	0.608025251224351	0.106315303420417
100009337	0.105902413178087	0.319730878396009	0.373349832885699	0.657893553765949	-0.0615226259538642
100002185	0.366557493582749	0.88281837040497	0.27028357992028	0.660668116832156	0.0397305066406732
100001278	0.381310171341245	0.265801984415832	0.339170147823299	0.624576418444168	0.0926696799700831
100002103	0.836190931697115	0.61028026163555	0.275230727957462	0.621883985085429	0.151471141787601
980	0.774762865206807	0.440551237676091	0.304604684202274	0.652712647917928	0.11119449292775
100000016	0.85812508363721	0.436006129131972	0.271147489213876	0.646264071382029	0.0689377775421362
100020372	0.18232280724469	0.491096226852729	0.27237676052176	0.610279454891513	-0.113061306689058
100001662	0.733517653012384	0.139666780916121	0.109391584744577	0.681355492739704	1.12102660217054
100019972	0.931500087338919	0.681375246282576	0.282298431901608	0.659031785057654	0.0199053705956987
254	0.761325164557233	0.722001043006361	0.272203435536208	0.67577276264624	-0.0118573115988826
100002009	0.65460505110636	0.691611930162321	0.271758077883375	0.597580349181668	-0.00457012074160843
100010895	0.420796710850316	0.522200265220914	0.32161298493397	0.650499248036145	-0.339436326632391
1140	0.917082708636287	0.962208855617965	0.273247971548923	0.669690212312912	-0.015077063286095
100008951	0.628485858514075	0.536561563183882	0.293766709204688	0.634269135029529	-0.0833295254447706
1084	0.359173150310383	0.817985525431355	0.274123124873048	0.712583156970095	-0.131076083041963
100002796	0.115684168936398	0.415074707566168	0.24578178552627	0.618985408463824	-0.117748435533765
358	0.950576675749629	0.944975891421687	0.273261873786526	0.667875851360028	0.011248139139179
100002070	0.813447506569021	0.706571118202275	0.266804821021414	0.703272342942941	-0.129120585990624
1628	0.371889853102032	0.136491622327957	0.334440245430271	0.657239170203249	0.105391662230677
823	0.701070706960669	0.54018863918066	0.241281656434812	0.729282623090962	-0.27378764529495
100004414	0.459483748793658	0.0901422650996959	0.359192933353375	0.807070033561631	0.168815451787737
100006129	0.678194977181222	0.664288541065144	0.256953795408553	0.688117113054008	-0.00161976077996725
100002028	0.666866700801126	0.450537846799614	0.379323798087739	0.480961863149608	-0.0746362882792924
100021707	0.508764598660409	0.635726092675352	0.249196076901202	0.722481860257509	-0.136339321341985
100000054	0.515703905484535	0.466719712762866	0.26662255449286	0.696962510967898	0.105639187699519
100010869	0.476060847169682	0.230233489031473	0.284059701206612	0.543003323238655	0.301157843140517
100004575	0.0273758180981658	0.102988145997204	0.349025961350249	0.996980813384254	-0.343221851988891
100001212	0.99103168924697	0.672869169962544	0.277689230912462	0.612853653787315	0.0395980273565614
818	0.212045178400071	0.556271122245282	0.315474095550403	0.624224580780309	0.332950187109778
100001092	0.00149056365132389	0.0204739049089652	0.270429490195499	0.657335780052329	-0.227142783565385
100020371	0.961042414141863	0.902706525717405	0.277479320047228	0.670903119706956	-0.0168726463961322
100004112	0.186063605380297	0.49739950862222	0.292558473702079	0.679323822421565	-0.0534937954671595
1125	0.470222425905233	0.366060533448833	0.30397277596509	0.706678015292393	-0.154625281319565
100020491	0.944575887891513	0.57304546862302	0.239389171826258	0.685609105653099	0.0687787270203965
100003151	0.00228836500648207	0.0231626960488958	0.417193816755315	0.552481755728407	-0.814253677583843
100000011	0.31992464244714	0.147424556767817	0.202696096086753	0.780424228554971	-0.144820122820437
100003594	0.480389595192784	0.998865556060051	0.278899654422092	0.67256898086583	-0.000347249801345633
806	0.764692956440669	0.157381966993816	0.272019310250923	0.476809357384228	0.560149829951549
100001211	0.946772892240952	0.555087254561392	0.284915962008764	0.651994473614987	0.0287548290790422
100002417	0.591817398492234	0.591460439733977	0.265405898340614	0.637345324552507	0.0331117310619859
100009335	0.539649334406898	0.201270550131637	0.223680199493904	0.695166560409135	-0.109805414045955
100000781	0.700168587941867	0.971585370676919	0.273858599633186	0.670951417540579	-0.0063631292891682
803	0.0288450352682349	0.0322239540846278	0.261952216668244	0.548167994450709	0.632708972158144
50	0.499163239785802	0.710208830257071	0.280589382056947	0.656279535648022	-0.0514802837771468
796	0.429930190250284	0.0494411262490504	0.304576797127929	0.65731500621644	0.268388806423523
100005834	0.948462382768579	0.636435625878323	0.320608864172811	0.667433890770759	0.0789098193153662
100001580	0.948995047226559	0.517148208228096	0.297617990230053	0.672869746597757	0.0874270805024628
480	0.77994392822024	0.615917106795815	0.24587592827709	0.679240559893768	0.314047961927227
100001540	0.243689511139213	0.745433526889748	0.350520073592497	0.746635382613681	-0.0710518561264361
339	0.560892139839267	0.118374332310516	0.24842976616004	0.581353328956254	0.180859051981333
1110	0.940831914445654	0.945313486812741	0.27723701031197	0.670153315263887	0.0429568869714365
100015836	0.167588708738491	0.185545136224243	0.404114475627837	0.842458725144534	-0.354050039513602
100009271	0.533586070775564	0.514222897390692	0.30839758109207	0.652131511862118	0.0424186746214334
100015638	0.996800775808354	0.432254858820153	0.288272532546112	0.652796971710405	0.106069558843774
100021667	0.930289330066093	0.484706339059904	0.313661696434785	0.652747472778053	0.122081735844981
100001279	0.601716422228159	0.37614585565349	0.297641026418595	0.793982217799611	0.104097995681802
100004208	0.0188808588032556	0.117809743549793	0.420848765360569	0.791368440249966	-0.160785200900757
100003695	0.218688668403424	0.148558317499625	0.296766373959445	0.461045818212274	0.499378644833038
100000802	0.779539239523837	0.905191263529861	0.276046774235659	0.668575948745867	0.0532468863501424
100002769	0.868356770084463	0.1018812767745	0.198830638750749	0.785674037808278	0.345759199138845
100015835	0.105942249170335	0.305107564417798	0.407960583876174	0.865619425138414	-0.296310553570481
229	0.862313128423677	0.37769019059026	0.309961731901037	0.665875012577867	0.0982478743674638
100001266	0.00630595721881866	0.0262089246476011	0.350309052443687	0.971227163210815	-0.755180129630536
1342	0.294904145514406	0.34642449546931	0.234892372805825	0.69010739646606	-0.0044793708743239
100002102	0.84318555383672	0.557755375378494	0.310731420379323	0.770440415245448	-0.317956471915668
100020254	0.16827381242174	0.582758606784041	0.267483421347577	0.699162489747918	-0.0816295292418684
1231	0.462748665176593	0.227131747723988	0.329904821076572	0.623578589659378	0.118432766375616
100020492	0.99171207650491	0.904264970198609	0.271565537301816	0.670969479916917	0.0101169131252323
100001402	0.385507796471194	0.574675293415155	0.304411344991423	0.676585689538823	0.0415755315472416
415	0.00532862300245554	0.0803764709181177	0.32467665708746	0.732216271207187	-0.748451409323262
100003109	0.998096277334336	0.947885870001567	0.275504465083796	0.668146105659172	-0.00778160637267979
275	0.547820293610996	0.841319252690293	0.272464462654659	0.659355965243757	0.215299869376456
1143	0.160094529680409	0.0722126420176657	0.249140648970622	0.772384811760185	-0.255795584163203
279	0.399209328830644	0.350179368283983	0.274790050823975	0.541375813286881	0.696944011433345
100001198	0.951197994574273	0.987927212018231	0.278406452106442	0.674143899537481	-0.00155487199873832
1648	0.395269296589541	0.964178900500475	0.274775929505743	0.672590552457968	0.00141390350533981
100001590	0.317186433438657	0.261004624298939	0.262536301668509	0.587038761324762	0.254550408604489
100001733	0.383213823478239	0.860107239028998	0.271284326796999	0.685527547987958	-0.0167445762372391
100008933	0.0145185960249295	0.0020200008813164	0.380513717471889	0.626716385152206	0.417714923625572
100001550	0.342684675011121	0.504882827045617	0.259029441096253	0.620957335221658	0.0523584390534943
1215	0.0672206612500912	0.217352513712721	0.229976210358134	0.626162073546693	0.316906209867661
100002356	0.269535542575046	0.109010051056573	0.331837881642891	0.680073274120275	0.16172359740438
100002749	0.694690434863391	0.757689160505148	0.277548202846572	0.679845152477325	-0.0621374897168763
100006379	0.158510151267155	0.158955758476552	0.320464552267676	0.420585478562609	0.544308274976275
100015966	0.0786463908782243	0.152970140669941	0.299767796938055	0.497164853922619	0.111048192761889
100001392	0.661547480547723	0.947581004373797	0.275822161697158	0.670789325064733	0.0117728640677481
100020425	0.125797245231348	0.0475838618667295	0.228757223771478	0.430004757653652	0.350320960986745
100004299	0.304838478218126	0.792006230026152	0.292265446292784	0.722606718446628	-0.0426363582245864
100001734	0.577443600377771	0.51685489852604	0.289295968060192	0.60986964320088	0.38475824596429
1002	0.842991159825667	0.824250615562116	0.275455976063878	0.670758791129459	0.0801530292305255
100001337	0.307044407135262	0.805583728215468	0.261897875475722	0.673227804300731	-0.0276648390513856
100001452	0.79729253595472	0.785096902780376	0.272637362467851	0.646705067082118	0.0523249600610756
314	0.52479800130165	0.380330792347113	0.285282498895386	0.690178904098963	0.0399262554819241
100009264	0.994971775802363	0.540033808954344	0.218711749605153	0.795239832977871	0.0548703397822689
100004634	0.446945403401507	0.504972559844334	0.246923282865108	0.688494973151168	-0.00485968049574922
100000711	0.716636518044447	0.691981258778922	0.304346644666982	0.696860195194381	-0.042104606387463
100020536	0.0197510604469315	0.0909309265670325	0.338682419902797	0.778936850246201	-0.0992796684777265
100004318	0.30809313532942	0.560719531340463	0.28210678954116	0.667024236310271	-0.128931621453578
100005850	0.886120687017532	0.47851613167668	0.348538220452265	0.618919896577371	0.1050027696787
100006619	0.318943683059078	0.147001202976549	0.31169296207073	0.65815644073663	0.184842261334812
356	0.463232378541662	0.638306779642158	0.263329111881515	0.689428498157661	-0.0707902173335574
1221	0.568063081979053	0.575748238173575	0.35584973569256	0.710866846815408	0.210634767335847
100001397	0.767537691374851	0.757905374740992	0.273870783062733	0.663870300691805	0.0367351168720419
100019981	0.619816484016805	0.897475266456253	0.277925669402871	0.688350472018096	-0.0264588394681358
100001208	0.428202005462174	0.249752363464509	0.239487526601728	0.957171781468849	-0.295609390921031
503	0.0108011213094772	0.0101074966931136	0.167075348752943	0.509841866702516	-1.59444945659056
100006375	0.140194264544901	0.604004517795435	0.29990287070576	0.650065151178148	-0.0321204859461429
100001295	0.731700825637688	0.633359078523454	0.267834272701889	0.758151735989722	-0.192888713739844
100020427	0.0525270783783131	0.0261995702624403	0.26507044714345	0.372000195216871	0.306514926259942
100002784	0.50055569793397	0.369101907657728	0.233474100773932	0.739887268791879	0.131442758540005
917	0.0559108673847634	0.201868264536745	0.301712300407637	0.621521554729483	-0.78935007130734
1869	0.376644914052568	0.205682520830185	0.296240167565569	0.554865258126415	0.00253847944371183
240	0.241257787833395	0.105403696408099	0.172309184617874	0.475838055663311	0.623519494550585
798	0.00494541836528738	0.0884495049642299	0.408872543627947	0.603696098286861	0.425152692574893
100002952	0.259139676847711	0.501574608610525	0.27384543847354	0.751048493287707	0.0633110406516777
98	0.63255665533107	0.840772556627699	0.289774908010436	0.677365319716867	-0.0604210639462353
100008998	0.306008717391194	0.337319188059019	0.217942330499353	0.737595390233566	0.238574150555368
477	0.876736145816139	0.296615711203646	0.280300415350973	0.66743118159644	0.125313292461639
100020545	0.0835028656555252	0.138828363634515	0.317800094603796	0.838732283875482	-0.162157386387893
100021666	0.98867861223765	0.231544356288485	0.313860484226186	0.663969523197469	0.166432039201666
1256	0.525465840158765	0.70448806801091	0.31917900485052	0.706886739209037	-0.265080534621945
533	0.327762670515794	0.0797474134339008	0.194693197178042	0.427008902160833	0.616789469746671
100001757	0.44155045565761	0.914288992838577	0.281872638353149	0.667566421690089	-0.00206504863372231
1024	0.305311190836768	0.0860127939632018	0.183813407331152	0.861078736754387	-0.313044998151101
267	0.464600325610233	0.980388384112018	0.27594191765807	0.671133162627377	0.00786877366159627
100002113	0.104103190664118	0.0903227632577233	0.265659873664898	0.697090130739456	-0.522915043919979
100001756	0.85254771507045	0.728175202673855	0.286118510335876	0.691943593011952	-0.0126393310386419
100001193	0.447455251801856	0.185790963340103	0.342079903527563	0.618903861676922	0.101194412478859
100001668	0.68381019766393	0.989249961258439	0.275697663201277	0.673680902020803	-0.00304052120435725
1124	0.323763094422153	0.306743444774743	0.242641732980634	0.766254448953376	-0.902861199097003
100021331	0.171386060988616	0.325667097492597	0.257263687566067	0.71222555594859	0.11331152363781
1090	0.0612147690483373	0.0420917198189776	0.261109440397292	0.816924319308211	-0.432375060856715
566	0.839180227506958	0.332070761120854	0.205921520455855	0.676304205775383	0.434995719609549
100003119	0.461981815366632	0.284279382120715	0.306335656507459	0.609519010951227	0.120092075934444
100006367	0.756933688469156	0.563202464482782	0.284533694398274	0.651954737721687	0.0508719197189749
100004322	0.213769145577843	0.241280010608032	0.282142679913644	0.758373817879069	-0.0744045238334863
100001034	0.668857524225316	0.846585792541771	0.271796202686878	0.664697006779765	0.0402881924433769
112	0.924465831043175	0.920849252858036	0.276287124760379	0.663771575593498	0.0226640780534198
507	0.734397668008029	0.777187613344114	0.273424373151942	0.678703531747643	0.0256754437979987
100009233	0.315103133304162	0.191549590756373	0.252967177379463	0.690416495888806	-0.118768379240625
100000406	0.0173773771415697	0.138585715912001	0.439272157489312	0.478911536772389	1.09146699317584
100004046	0.357720940128149	0.397968426677611	0.175882201564896	0.606436388375475	0.278439255368074
1025	0.767765890902824	0.699007987638644	0.264405853765713	0.690977940727743	0.0422045079049394
100001106	0.173909624374809	0.177057868471418	0.227010794475651	0.70449992186053	0.180257818882027
1128	0.0275140229276805	0.574700358362642	0.305410807695483	0.720389039077408	-0.247658243395874
561	0.0471362543336501	0.173141871143711	0.190823562427213	0.59060671972791	0.491307202313092
100001614	0.863360302792757	0.369994061755505	0.288710433648587	0.647653135987799	0.0492921084434601
100000961	0.836778465763069	0.976761551673356	0.301599297115529	0.673581968961067	-0.0100377791263766
100002397	0.899097577773001	0.622171899520027	0.274609670376873	0.608650236700908	0.151526961396671
100009407	0.972871957897333	0.996604429126112	0.277101973056714	0.673557947289844	-0.000661681876225014
100002910	0.90915798621467	0.591821597244462	0.250815664786207	0.606587611273076	0.0417011758820322
100005946	0.258690732978382	0.3467940066398	0.31698929484283	0.77139423445118	-0.196814674261289
100019794	0.0922278394617053	0.284369099040966	0.276715226378973	0.831800648045547	-0.0224503890186188
100015759	0.324013594216024	0.100600511461011	0.232944506266976	0.677608828002482	-0.14126386058417
100020417	0.720061390858822	0.602294548641049	0.261412886995363	0.646061343982245	0.140678564073988
100001054	0.717896213067232	0.965079281624166	0.27743796755669	0.672285032912088	0.00919291746604615
100001437	0.314664788723137	0.328731518945152	0.229484409045318	0.599333554026185	-0.232699966337707
504	0.242435604827365	0.700915481617841	0.323937028912203	0.681848612910773	-0.0410266949835642
100001988	0.465597781728669	0.664809211609195	0.269374088860644	0.822857083945917	0.00531094090500159
1082	0.0281926843701933	0.603505613943672	0.306728662151627	0.701519578406335	-0.177656303198452
100001403	0.314040209475627	0.338989492067938	0.305955645189312	0.653625817165227	0.129197531097025
100001664	0.934052341933463	0.544915395966468	0.260751803816896	0.845494551004208	-0.188294059032814
461	0.269152862246693	0.21762970248762	0.438872799688696	0.647110198442626	0.856515261147841
100000463	0.688121879056817	0.988799276974128	0.279077052904363	0.671716912487296	0.00389229285637853
100020208	0.578200758603793	0.538854993484277	0.31052182594986	0.564614076271888	0.119763656757096
381	0.535853677741956	0.0661940262101406	0.121994015813316	0.503791971549586	0.473481667279543
100010901	0.0819761041223026	0.0731847443519526	0.275044221772127	0.788358185670411	-0.684297272222015
100001468	0.272247135788408	0.995583938557574	0.27582240988146	0.678023351528538	0.00107536873294613
100000840	0.939204348918989	0.887679201816102	0.275824824943456	0.68374095556511	-0.0329104891444087
100020014	0.242184348152713	0.595403994448505	0.269146935096054	0.687116316280016	0.00243888424667599
100001993	0.779228126001029	0.6104740380591	0.229925345997745	0.823519143486844	0.0355869181467569
100001051	0.101422439239616	0.0204398590851241	0.305249849927369	0.354002980458454	0.580307489317207
100006116	0.379846458422071	0.510420199540029	0.279424064458107	0.673241824646228	-0.00526434402469591
1108	0.957814590207743	0.966952126317923	0.274567237803679	0.676643939966199	-0.00945761756762917
100019966	0.35566189923392	0.131016071608079	0.33006863218722	0.641977572373025	0.211915685096341
100001743	0.624927764307697	0.41892407895723	0.266390135783298	0.65628556257617	0.0847108394340411
100001294	0.119878242153028	0.186448848747436	0.195884539098644	0.729531093704346	-0.371475240853134
100001609	0.260320232968288	0.109527097036915	0.259587818596453	0.762647620489715	-0.605270923542997
418	0.797692101036329	0.958076282844671	0.275329164285582	0.679605065582708	-0.015939766490493
100001178	0.361528013886286	0.901499822705558	0.273207210836973	0.661121812210015	0.00197516697282397
189	0.980191750677914	0.67351437282293	0.250782817771382	0.638594973080477	0.117022396551524
563	0.512267363604569	0.793255549324876	0.290471110470242	0.656864171845771	0.278398065698114
424	0.593012239002173	0.440445967540685	0.307198206876276	0.654375961178687	0.143806462028087
100000776	0.129578668898522	0.314278924547547	0.31533820803767	0.675461751397797	-0.444574189634122
1001	0.990635567819232	0.478225860453668	0.281177808271183	0.676004582710643	-0.256314349619443
1135	0.322029036316799	0.0947189826730855	0.264189929263375	0.732213248956126	0.0546858161096595
100021093	0.351047177913815	0.491221943890512	0.319457212836061	0.694616069107464	-0.063842875968579
100020219	0.118324208183514	0.223060630204313	0.286922520053673	0.564114776992313	-0.297155175780363
194	0.459614363605307	0.834840502608032	0.282423770819923	0.646215142981002	0.121169251002316
100008930	0.706005880071491	0.614933791233916	0.299339256324249	0.652529991082713	0.0801775693497442
340	0.616719161477562	0.232481694801137	0.16998176477432	0.754192444845757	-0.552979981928715
100010896	0.921049110478876	0.763718921508607	0.261216050685997	0.679221304985378	0.0996661558639697
100000787	0.210788244584769	0.105583119625099	0.268386197164631	0.385734431229137	0.582156431233928
100000639	0.0309334663689181	0.217846280560722	0.247910386669588	0.677938589018045	0.114187338833778
100001851	0.956414297744696	0.238717292667023	0.302922246535494	0.446118636433729	0.546736498161153
179	0.573607410628229	0.606454872672302	0.269259255587435	0.686886912589606	0.037157309545905
100000626	0.408724118762051	0.749824516831735	0.285784123254133	0.672934672051558	0.136918796085263
100001605	0.00969418060060906	0.0820205674640821	0.357532291237474	0.766731719358663	-0.227092624382679
330	0.250543515709822	0.42970395451629	0.304528725328452	0.54347954475632	0.358080132505458
100001162	0.747251211443714	0.597103813540918	0.246935777492251	0.640111834847319	0.183699660128609
100001167	0.0429219152302989	0.236584231918833	0.271041451545532	0.654740818279787	0.230111926413892
100002067	0.56955652016438	0.7813406069196	0.354091438172915	0.615344598815701	-0.0327908002003537
100019968	0.646155722277675	0.366109697928372	0.305238880088516	0.608695775876676	0.144325804880673
100002014	0.949035936082939	0.982168721429526	0.274220840989293	0.698779981443722	0.000301733968641304
100004083	0.435721930397692	0.132332798759916	0.308550065527683	0.535191259979462	-0.153902431277544
100001315	0.30029244939425	0.378872261401924	0.290144651918835	0.740499781200622	-0.180030381849454
535	0.230719280036595	0.545260778321026	0.297828545888156	0.66448298737625	-0.314745243710439
93	0.414999705645846	0.261378894855641	0.311900083407532	0.513026222783793	0.443265980476912
100001989	0.362399902633863	0.617223216985802	0.252819598020132	0.71625497928222	0.0850148806944884
100001740	0.754849845951613	0.405241057606901	0.250220413583675	0.691810967470669	-0.0163293696283717
482	0.207539715330439	0.952357423901716	0.275032532926458	0.668581226138777	0.0280058697104325
1629	0.260796353328259	0.415332881745093	0.330343037279048	0.648521500135784	0.044925093578327
100001399	0.463956091844413	0.384153887784055	0.289815438975825	0.673336828568433	0.113067895296864
376	0.807111668946902	0.154482456407446	0.167202109798033	0.782650635531861	0.651922038722211
342	0.591181930066636	0.590813333892664	0.273471260859167	0.670044758631816	-0.024857074274117
100001253	0.0251800706327326	0.176956841144198	0.232524233402781	0.886094231506723	-0.22307812701043
100000708	0.619223735110915	0.789517636830891	0.292582162091427	0.679020165018543	-0.0440609769315431
244	0.192859427020681	0.0518391038085588	0.228202849446374	0.789885214677771	0.294485457879163
100006726	0.402847951170595	0.272726071693933	0.324688342601066	0.656982697759173	0.13619120200475
100000036	0.171535634646263	0.653620675348456	0.255128940795901	0.710534353822116	0.16821752047977
100001257	0.0219317219062633	0.0824292399358326	0.381897434350948	0.94155475072943	-0.378670411934672
100000445	0.629285061392374	0.629678021006237	0.300397453187853	0.630863230933814	-0.065863005205583
100004088	0.0042449494190303	0.121916032259879	0.319340989900447	0.746980628910205	-0.408031495562611
100001423	0.994187351672605	0.759492836706837	0.278246363179537	0.646135207041439	0.0251757834754116
100001276	0.362015228736118	0.271448694004339	0.249163882093159	0.5870359063316	0.266216295311995
100001876	0.788673282009015	0.906893303205907	0.272031031499272	0.674481522726016	-0.034183370158672
100009082	0.619772513739733	0.0385610326383235	0.122487363927449	0.651158388916476	-0.371419902102692
100001121	0.341000172703392	0.725147677160843	0.270338677784331	0.667758956362223	0.00367318299773259
117	0.317825192576788	0.629527875032607	0.258085865303513	0.692292567509679	-0.00214843490329857
100001868	0.0351113558547543	0.108227405056472	0.328453396451841	0.679654449038482	-0.0904140967558061
1134	0.674965703926248	0.289484224773905	0.184188675595767	0.64324923497614	0.591231917897196
100021012	0.251896651237734	0.472418529008692	0.282891153528072	0.697207409074643	-0.0569729745034839
100001181	0.761889722946111	0.260090397175685	0.342670552371805	0.60255570387911	0.0738981073526675
100021467	0.730691698597134	0.292849320523189	0.278278858229159	0.581745753746977	0.100749998613326
100000447	0.231874409035088	0.244457192424128	0.318139309916557	0.636899499744848	0.0401617607632634
1162	0.000473079017961088	0.0125365014473775	0.361767948604572	0.573151854077595	0.469707140762249
100019982	0.48644655537591	0.474464787824683	0.286222985790029	0.656411469361185	0.066090311251447
100001613	0.989056924160658	0.443266921647106	0.289602938947272	0.640614793009685	0.0437301764699756
100006644	0.396075600964763	0.634508440039248	0.257334123891097	0.698340058967975	0.0490489464703305
100000096	0.577996664892965	0.0257493094251973	0.177751662393148	0.641026618532111	0.346580686787748
926	0.510184831218311	0.678567574371076	0.280624967660636	0.675902895883938	0.0608114651430901
100020004	0.847697010208081	0.693431645258184	0.289095334127858	0.670966039966563	0.0901282834995859
363	0.181995276236153	0.0445732050077184	0.25357126887626	0.260678751938282	0.943906499532706
1111	0.389611597557975	0.990184182985814	0.280850243534258	0.704574721713509	0.00427014625312255
100021712	0.674883945832385	0.806775974308309	0.273878646128469	0.659001437001171	-0.019558895798558
460	0.825354978833159	0.686265765360362	0.286269337630441	0.711203464571933	-0.224061791107849
100009331	0.334892645708991	0.205046717040404	0.247232952720232	0.700984165114794	-0.110453675248267
100000442	0.251920000678276	0.712946358696339	0.297235657764153	0.687990423222805	-0.0276294313499911
100002945	0.0895623173111765	0.0167413157022582	0.36203899700351	0.62902798068849	0.227289865889092
192	0.884691469406922	0.929858180315504	0.278514254573193	0.695935723927853	-0.0402662076124945
100020241	0.429738270083429	0.984758132900577	0.274916274712686	0.67198751965219	0.00472906524610822
100000580	0.129958205412918	0.133747954116245	0.232211082269388	0.909701334641023	0.619564217011751
100002466	0.00827672442678141	0.0266564734789769	0.230687639019444	0.430129274839534	1.56157073635369
849	0.698095145135687	0.586552589562412	0.279270999407937	0.622110037776549	-0.0456145451071055
501	0.50322328456622	0.383259094282626	0.306049055603286	0.628671245119157	0.00116734089836939
100000282	0.682849456165506	0.137589422907737	0.350474316564756	0.568903832192574	0.318852419737299
100001577	0.0284483948113352	0.176431347588207	0.382510773597788	0.734653364656935	-0.196411897917208
355	0.0915179441622495	0.29534441056387	0.230639766927963	0.571877209999428	-0.677842776176787
100000841	0.772382668462881	0.997933108983041	0.288675044154693	0.678723246289897	-0.000877795616013466
100000846	0.817275359908402	0.349916225642365	0.265322813183936	0.665411257336548	-0.00499809100790473
100004295	0.887864852236095	0.394735668990735	0.253047005786841	0.621409333906569	0.0370971095917831
100001586	0.103039022300694	0.0465077369433011	0.395041192443667	0.336746703178139	0.575273038658484
407	0.0118939413963457	0.0309805936370923	0.309359519666646	0.743399662759264	-1.39464715303026
1137	0.828206943692653	0.718861045912424	0.264125439914337	0.712212800536036	-0.0807322547925355
100021374	0.0347434671229751	0.0141020148426181	0.210386962232956	0.922333940666569	-0.201070020489757
100001593	0.673898168726625	0.870794571095182	0.271850444012394	0.677697528185736	0.0509684379647032
100015971	0.753587858763282	0.742400315373682	0.268513085188208	0.669896234231187	0.066081354621908
100001022	0.346063162108046	0.172869845933043	0.169458902145689	0.941590687750917	-0.373688544053667
1094	0.0592099528620156	0.235274160657061	0.428156275351245	0.903094588925307	0.681691460757204
100002122	0.25276951217554	0.239861148978123	0.226798522007865	0.773828837326347	-0.0731623203508321
100000706	0.599123876598652	0.581001215209852	0.238625266219898	0.672203720751553	0.149609800917758
100001055	0.783734367595631	0.406452568680867	0.248660311833227	0.61288647651285	0.132985712703253
1235	0.465718174856481	0.706264100042922	0.261391911389384	0.704125797586399	-0.170038959563559
100020204	0.0914051144404255	0.518767455597361	0.298533862015966	0.71624816401659	-0.100393754278464
100015643	0.0328331605856715	0.287581798652827	0.30058247018399	0.624899259151899	0.164270492554442
313	0.0205249540128704	0.256824464094889	0.290427787443088	0.608675580819777	0.253309503202832
100001413	0.81710830872189	0.916236732739286	0.274519081974814	0.665420862332794	-0.0256484091610064
100020423	0.0185597486082438	0.0147266038006744	0.300367050453235	0.349240305318914	0.407775812510328
892	0.461463108920621	0.143929345324255	0.301954970178449	0.701739804299896	0.219155936985777
212	0.0619526436140516	0.124607820963931	0.366344875076705	0.649412586333498	0.624889981680485
100006105	0.186995170139743	0.178593792892186	0.315622365116401	0.685081293080406	-0.0460509338448977
437	0.795623931890694	0.567923225164747	0.254439525895102	0.688924206289932	0.134198948209994
100019892	0.462509148684423	0.778175356044494	0.273411535521762	0.695513112529919	0.0388634368071834
100005716	0.0736480028112036	0.103677867610615	0.297216959486585	0.756414839924541	0.310398966579042
537	0.215859973690387	0.120232028948557	0.284523763883258	0.698740545452966	0.355546619192089
100001990	0.282823035026356	0.598163260335261	0.316471836399566	0.622112588384341	-0.058694874600042
100003397	0.0327670049933134	0.00380091418862464	0.214539932029836	0.427230405257627	0.484895501871389
100001320	0.115973624643988	0.214430691601042	0.353732994631503	0.433219723943248	0.537762576096742
100005717	0.130347227192846	0.0875048129054553	0.322717133486369	0.705381428557189	0.215244894656184
100001207	0.0299943515562378	0.181547652861411	0.314374484808053	0.68053783595115	-0.332880850362214
100001999	0.531596832061793	0.82690840161173	0.266764062624775	0.76334655737209	0.0192300286560852
100002488	0.223041004697164	0.0181485061819798	0.327246538404106	0.615092557511597	0.0587805910711223
62	0.200189645497766	0.680139135214549	0.266548206273566	0.678461204468719	-0.0395085540564159
100000467	0.594371909063272	0.440483906166698	0.26332784629034	0.645028118648946	-0.145819938474804
297	0.00512425943058928	0.133139475575877	0.280848206447141	0.639550078151213	0.231874082838128
100000285	0.0276416236019469	0.3886042999433	0.27772009816654	0.769494160056459	-0.153785293479428
100006056	0.0628894149385054	0.379875788615151	0.290201164555784	0.71513795595146	-0.233831647977032
100002126	0.127770806098463	0.254632962415752	0.212288456664528	0.99860790332816	0.0413945011858257
100002129	0.774657581056516	0.804771068301155	0.264362299302567	0.768519049288702	0.0227878745522457
100020478	0.0332828746499329	0.214921570570455	0.248087757227958	0.701743722566957	-0.245292730367567
100004089	0.0650122198983658	0.553730067108517	0.293051799107165	0.629490926440409	-0.0848043183200477
100001755	0.512622198347866	0.57359378354036	0.276181827002796	0.627809398061511	0.0231063449849397
100000551	0.031127757348347	0.998011009800471	0.280828591634915	0.673576937417707	0.000853205483013147
100003260	0.485351576089183	0.319678261930943	0.310056271199546	0.748103278478489	0.212271959017753
100010955	0.840575155743883	0.397648011017346	0.21963103055589	0.56726719660823	0.130118574446431
100020851	0.213210629847904	0.4536652035941	0.297183191583725	0.694815086555017	-0.0586170940055412
100016069	0.641242556352792	0.7880476862317	0.278791878344198	0.659699079504471	0.0356404382895854
100002027	0.485220639436261	0.548309018836421	0.214929732479068	0.783120482320178	0.0737760989103779
1123	0.381517140197114	0.191460970857238	0.262919879217762	0.800444817538481	0.0759829133985802
100001150	0.70924337746586	0.960054257047168	0.276398112337459	0.674422141168491	-0.00962804076773015
100001657	0.289293820773268	0.68846259690704	0.276315915367863	0.655617970574701	-0.0460428334333303
310	0.253084285039551	0.348572033440998	0.242037145422359	0.775332906176988	-0.0383492313498191
100001314	0.349667507966803	0.12828015777491	0.258958843170127	0.553157549279123	-0.487789057684707
452	0.686368348409503	0.615676521277781	0.31253085685158	0.642283841620488	0.0338819800655535
144	0.092505041213429	0.0584604994999093	0.337045023066743	0.538475064976028	0.301092425693756
100001182	0.208864834764628	0.154014158176964	0.339488056933466	0.656021066743621	0.150434090385014
100015965	0.73317333412352	0.467635303421767	0.262767337785956	0.742712626511751	-0.0211750262139147
100006108	0.9451324615298	0.484251946506986	0.28428227208333	0.70845150057036	-0.064106730687575
100001400	0.709978472322468	0.631312236611935	0.260381897197612	0.662266318378085	0.0565437684728906
100004541	0.288440469073364	0.204075057676359	0.268498182541794	0.425264867645189	0.31246372414578
932	0.840514638691587	0.336962177284197	0.280744259125478	0.705673798592452	0.0794358828802316
100001992	0.432709509361419	0.554322906052632	0.390113904135775	0.573507340150773	-0.0559980293396133
100009252	0.125206872903945	0.181169782626937	0.334370475467248	0.653424857884694	0.015569690519721
100021104	0.637376086700257	0.562694309041725	0.226263696949562	0.805979082406419	0.05347806059581
100015838	0.00966233307418127	0.039200121166017	0.402514202316439	0.919790543813281	-0.557017758822617
250	0.000884208951826808	0.0221347914539506	0.510297935300359	0.771041041849519	-0.436006695139701
100002537	0.974512667332355	0.508292607318611	0.254984172980779	0.778999508877184	-0.103347967113307
100001658	0.812422955835244	0.678539312582629	0.299271538914326	0.659049728314391	-0.0443752648104584
100020416	0.295179588710261	0.372506884878241	0.244601266124719	0.648512198615295	-0.159232275771216
100006642	0.231679338287937	0.744994569414086	0.263761032142242	0.696664009606085	0.0381102393407315
100001391	0.0936509595500318	0.322544368300772	0.355425970348848	0.788243161349769	-0.408166045794193
825	0.612612096661875	0.63023558603799	0.24392525297146	0.683330602886346	0.115983370175611
215	0.0182971801888016	0.100982449314749	0.326819149949321	0.656122035192273	0.154952022287066
100001026	0.990429156723293	0.877586720976388	0.272586256771312	0.708577832186801	-0.00878708019035929
100020541	0.416823804767413	0.442245690675182	0.238802522452973	0.713231297955975	0.111221853141776
100001526	0.216569148465791	0.283543352976388	0.416563770918905	0.78454579065112	-0.341241657384364
100005384	0.507194587248291	0.407436564107706	0.257448689265674	0.592799474580472	0.350334116477536
100020378	0.261827498572136	0.682975582831624	0.263295335846305	0.678978955936268	0.0645933741558548
100006115	0.981022603918977	0.382791412510197	0.358557795100156	0.564279674195963	0.203649214053019
1442	0.212909221570438	0.0445608323234996	0.11625854818736	0.558454990823184	0.722585604517647
100001843	0.146146395153173	0.208911073772893	0.298681084547677	0.760095834427901	-0.405037570894773
100015837	0.13651563994469	0.2569373469048	0.488288936835966	0.620145710943648	-0.347954446213658
100010834	0.724521297104476	0.980820952464886	0.274874460432274	0.671476790582227	0.00132866709285297
100001393	0.588795298040344	0.431286262276786	0.219484746738231	0.713541540812271	0.203519864758683
100000015	0.310656280877097	0.572110548509936	0.256562139021962	0.692993796042973	0.0948387472477683
100003892	0.0457972474957532	0.0487913322503784	0.240839963834955	0.931433712785964	-0.228624963397102
100000042	0.179904577556959	0.0245617540900535	0.294928776436262	0.581263527608276	0.140322847411006
100020550	0.581028532180219	0.214370464099409	0.299033462014503	0.567908693218315	0.0976148775595546
182	0.427358600047773	0.341440853271282	0.265820662507775	0.693363870211065	-0.171627815015321
100015723	0.13686014783544	0.42886715379997	0.278610186976447	0.654985300116108	0.15975482698569
100020343	0.38340397886971	0.469603313970903	0.248255034211219	0.67436229714588	-0.096425674162007
512	0.358377898106372	0.639478437252305	0.300464375769337	0.646119514934335	0.167871167178532
100021100	0.773214313318898	0.717181363941168	0.264363658951272	0.675809781235812	-0.0451961633608148
100002528	0.320273643650263	0.0670981934791324	0.331039827653126	0.451485490440969	1.02205478828447
100001287	0.457230354116851	0.757148782892431	0.369944642420353	0.621209226304329	-0.0412857726512812
100001229	0.725043940364907	0.86841239913153	0.285187623899886	0.659877942906879	0.012625995901618
181	0.380995840411485	0.860919217641121	0.270898965276531	0.692805235715835	-0.0140145765025296
100015831	0.00146055031939888	0.0197757859521818	0.374045853193634	0.460952352841094	-0.533752097564876
100020515	0.340232911215724	0.481245844902366	0.227965318071221	0.81693748127193	0.0423346714855322
327	0.222029116899922	0.261089695386804	0.334054415652532	0.626446499342118	0.398597876473511
100009394	0.661758702658297	0.76282418450888	0.260876771075952	0.699181772879945	-0.0368717290929151
100001596	0.907009468243635	0.236321922395666	0.248395386949479	0.5062668658313	0.259133650779919
207	0.855756096369036	0.480321657840737	0.288380876976807	0.632002411580424	0.208402607477411
2054	0.502571244252778	0.782514978252182	0.265676607997778	0.687398527087012	-0.0503390105028817
100020259	0.659438493955627	0.56803932602163	0.300742395578792	0.656868203991949	0.0125410650083058
100020414	0.00279965001345645	0.036686595495264	0.198090103857494	0.644779118085715	-0.75824498429237
100021131	0.853929771144009	0.271792160531894	0.264847898683636	0.629884635430947	0.254377257104021
100004499	0.854529294544014	0.726407420399699	0.267821059493651	0.643899670928917	0.0853085263254234
880	0.172406472318548	0.783825482077185	0.297280359478524	0.668471966305862	0.060917595407013
100002049	0.507556223794748	0.307838759364991	0.304880081486674	0.622661681180006	0.0376066755818901
100001739	0.536980840215558	0.246560553821115	0.351040185179645	0.632291818701489	0.147614164054455
100001126	0.404141483063337	0.134658047186822	0.177874083280996	0.547621313138707	0.479037484974385
1113	0.640617911207907	0.812639478447365	0.289261223679173	0.644027025726028	0.0669234333024465
1083	0.984147347897608	0.308100227203243	0.302150001746254	0.581884260653498	0.367205694064547
100001730	0.0790047032998731	0.189354912832789	0.320105402155443	0.549879246266373	0.155730545661646
100001412	0.584113386717935	0.982270566734999	0.275722546569348	0.676338272449449	-0.00882345197580286
100005996	0.725574630075612	0.583014937835375	0.265138682057148	0.643615813635119	0.0603592707960005
100015962	0.00694656417244925	0.0881371770186792	0.206645331783056	0.977917263935572	-0.516329072253471
100020214	0.701815835096914	0.427151530999696	0.291369916101427	0.595268967820035	-0.0490431401052421
100002514	0.118197136523273	0.330194325214015	0.286951431327714	0.609598742344316	0.0252129286273402
564	0.190848857702715	0.0529126573578688	0.242204073188003	0.550392909925983	-0.913412584992678
572	0.0230858310812509	0.0189717648762005	0.406657558059142	0.536717499402274	1.10707479140371
231	0.994511655560326	0.657784760858148	0.253248579960172	0.686754991180663	0.197292685709495
100000453	0.89338824261867	0.739760096006414	0.264364540857651	0.705340977576661	0.0468419206364716
100001007	0.114774773698583	0.244888469073824	0.328440056098584	0.5527075137371	0.332823490772461
923	0.607860988151901	0.323922784171152	0.261462644627393	0.726044985989169	-0.168684180572015
100001247	0.441982701192862	0.537308707369097	0.259543901534779	0.656042481013579	-0.0861587524022364
100000774	0.552808809803307	0.868053717620313	0.289294749515879	0.688802572141695	-0.0432786000236332
800	0.364691354958257	0.355625635132812	0.290324900014033	0.729887072424109	0.514762396616386
100021678	0.27351090167332	0.384552170706779	0.228032559649383	0.671480383443677	-0.146647062861827
100021711	0.435045436501214	0.850289695365136	0.288975003139484	0.680077922607168	0.0211415277464506
100001274	0.781802553430778	0.393009373794873	0.264571213207315	0.519592845900396	0.316947617381397
100021220	0.130452694213507	0.157274152996844	0.343233713807573	0.995304080209426	-0.273158811581104
100020253	0.402146080549002	0.974266584569687	0.274219303383959	0.674294464831573	-0.00482377887939
100001170	0.76775337755449	0.17839678036696	0.254227277650634	0.574808197969655	0.461465670370844
100001466	0.257182110496437	0.853618962729147	0.282923875965656	0.666484722969632	-0.0587575354415102
100009406	0.714770942283986	0.658524062812937	0.263548764761706	0.689731885722915	-0.073512821671988
1026	0.195819901720947	0.453811477406632	0.29276371746244	0.639553688600481	0.16296201464296
100020837	0.723719220959093	0.400836043235934	0.311926604123349	0.580370830986914	0.0853761653847831
100001006	0.0685834401776509	0.0783679223021363	0.263553750218879	0.798604366416774	-0.378320393595518
100003674	0.761542864078656	0.12605999072558	0.273242505239959	0.661277872512492	0.0829781281972189
100004396	0.32338967976313	0.420167902521068	0.316205738291326	0.56899222923922	0.0845008343658974
100015923	0.510172601923045	0.921610113776844	0.294373379401646	0.665660861202582	0.0180586039348832
100000265	0.465995683363565	0.71204574830553	0.28061118342848	0.645081676339704	0.130263703730127
100001409	0.0833973236438639	0.117453763177725	0.270924709135247	0.513890854137868	0.485240924536021
100003434	0.411977508133105	0.507789665537	0.280401358420126	0.595428728844937	0.0815868897362856
100001334	0.614941393652121	0.0737023179274965	0.343702895974251	0.551128319473614	0.175377355204169
100001102	0.707798705895214	0.755830044255237	0.284343188895112	0.652317843328497	0.0120455620479316
1268	0.610662016336971	0.0637571696564161	0.168532958602294	0.627146211390238	0.570585467984599
100001300	0.233688843520268	0.0874789243171068	0.242246139881364	0.676914253146782	0.224472332462632
100021324	0.248058121838142	0.726645170092475	0.35154143829203	0.663148388989332	0.116223589282309
100001617	0.107618661324664	0.100218538012063	0.267737927670816	0.713290941626535	-0.112396721992442
1105	0.942134666256552	0.161985167214283	0.36929029120714	0.370982938036781	0.684705274034903
100021502	0.0611719778894846	0.268297793783435	0.265637730523874	0.701122729867141	-0.165072256964784
2051	0.832672297789641	0.571362806789528	0.275389305945834	0.570488547208815	0.216814660171316
100001256	0.14345241062909	0.501883510341418	0.309864528590423	0.807749390477623	-0.18528379336657
100005466	0.0617531852430066	0.0816081059143686	0.314379901731575	0.46730552666359	0.445413930640883
100002199	0.123475950665084	0.712651964510782	0.285829814395569	0.691983070762045	-0.0610974266131929
338	0.015482518320809	0.0466597552234503	0.444836651266288	0.438667176179871	0.538562744479394
100004243	0.464293463931641	0.583265334367177	0.256075518047817	0.683946300053645	-0.0794279782940082
799	0.439057686806345	0.965962408579725	0.287086098915968	0.671188938925094	0.0299782540095852
100008928	0.578641795023633	0.101755288937544	0.275715673491227	0.662450662259773	0.343884641066826
815	0.0849562423890055	0.261283539516127	0.277731184198876	0.747707632293241	-0.482625203047677
100001456	0.00534631831916376	0.0716030224894564	0.264647968090353	0.593652786979413	-0.754639213858205
1242	0.0795618736072021	0.0846649271819003	0.33315909740079	0.477736056390761	1.10829900085881
100001416	0.285945997331327	0.105737425904136	0.188674009679919	0.420749663513301	0.0935007444883354
100001462	0.36719519520259	0.32541094807935	0.32783663725922	0.631027201980323	0.152407966202386
1087	0.191790767983046	0.0401584733695867	0.287244931175907	0.635983890691624	0.345827364265105
100020421	0.0706739434926689	0.106662986456855	0.314306155730033	0.438114437543219	0.193830465003899
100000010	0.00390785556166466	0.0428739247968442	0.290904640429911	0.729381704232585	-0.177702171492941
821	0.529431776717724	0.378383257919325	0.306123689989982	0.526938840649949	0.503629043947147
100006627	0.258923238641745	0.141986651979168	0.386117172297136	0.571642484308182	0.109773045116774
100001277	0.352720876582058	0.15298575786989	0.325887474223232	0.629251751064555	0.121049756900885
100021141	0.0410199369717625	0.192484986199311	0.310326542525258	0.769956524127031	-0.2459324805796
100021105	0.182243977238846	0.280563454173129	0.292338416823856	0.491542445302135	-0.13971991665904
100001950	0.000340489269895326	0.0069579196745045	0.354460431656012	0.840078854801519	-0.612105434791052
100020217	0.899025690603905	0.294795599910992	0.195045105875115	0.506791815597386	0.466789234933956
100006651	0.0264850941053356	0.164985774093999	0.314089319942642	0.439131353710283	-0.187926893935783
881	0.953776025521049	0.418515459502196	0.259375163444748	0.685152659038775	0.108319521413666
100001509	0.672702974878231	0.144309581111402	0.242216812661231	0.592127213004286	0.367499220598239
100021709	0.597986594595649	0.84062229013816	0.269177031872944	0.677655238780262	-0.0261689044736238
100001635	0.299784275358144	0.0360292279294673	0.300829010321187	0.619748140452978	0.12287723446792
100002613	0.448720959936178	0.119719923029141	0.255890473666675	0.758125829986862	-0.0376276708104692
100009329	0.55830350344126	0.67836235238866	0.246650329232689	0.807511911185379	-0.139212836308552
100021123	0.875901670320813	0.617253183109587	0.28497223979927	0.591793274451125	0.170342043675634
100015760	0.251581488048724	0.161993151394975	0.226907752768113	0.707314781855173	-0.111399533903213
100020205	0.390740608717741	0.436903071989233	0.320780931656095	0.508986585019483	0.311544040616663
100000765	0.562844696091469	0.635537397561579	0.270553663356138	0.64083048860795	0.0689496674757135
100004111	0.325979425768388	0.164245848064464	0.304993187671555	0.643515267407825	-0.109131226373763
100001615	0.194420903542758	0.804362099351981	0.274450219526742	0.670381422770416	0.029678674907364
100009227	0.200140247621353	0.113222356882356	0.387600893873569	0.812933110931814	0.293491954188255
100006191	0.380950309660944	0.575252905674059	0.301498709110349	0.621627289241792	0.0309408303625281
100004542	0.462642359251584	0.378969007804471	0.289503013210007	0.71724132750945	0.234648451206974
100003686	0.303126689051809	0.125500821451565	0.388369169384527	0.608640691992803	0.196903006588254
100009232	0.0271851596176728	0.22080034840064	0.274834178149864	0.579457061962144	-0.4058179380207
100001501	0.0465239109318296	0.0991554320043382	0.358055084359102	0.710949397423017	-0.575632885941911
100002367	0.500545954457025	0.244994713805424	0.258879820571813	0.522821063312103	-0.169214933280653
100001108	0.338635925771519	0.695853351515761	0.272317302411286	0.66138030114456	-0.0315258792748087
100004227	0.718812313353781	0.98360370615351	0.274719461033586	0.6718198415408	-0.00351968665929384
100001310	0.185830742080071	0.287303385688425	0.259223119578576	0.785964220992166	-0.245171652626103
100001994	0.832553349706478	0.909096194550444	0.290118234715866	0.734510197986004	0.0141751292080453
100015839	0.0119875486451031	0.0128517466088857	0.367649082440549	0.759875576655688	-0.745183740475976
100003271	0.00528650329673056	0.079479370259742	0.359699528932349	0.479034648381484	0.349744454563328
100020496	0.826823900194573	0.962203417422311	0.276952622213751	0.67671734018634	0.00595494176703399
302	0.702411304318531	0.440242664531449	0.243196680865954	0.641144621996167	-0.0786116752339063
811	0.754209677892654	0.723275831055802	0.267931478482311	0.7099686063734	-0.226905803500997
100001267	0.988503395668202	0.765656301265243	0.258873171600149	0.668253475553446	0.0226346461180927
100001197	0.0243397697660668	0.340657631240092	0.313160631234152	0.682426570378576	-0.202919767412643
432	0.213093484536375	0.464188553814782	0.294182117339652	0.652384795041498	0.1514330072897
444	0.010509619792919	0.0555883178213824	0.310988897106736	0.804219378089964	-0.942263560878574
100015968	0.346431188473269	0.37853590774769	0.270329641900605	0.600428618754989	0.127191660691393
828	0.905852229917191	0.872195499295339	0.269702474726231	0.677774751873949	-0.0281802219816886
100004054	0.247683792444881	0.831837067490724	0.276881273014591	0.677890277960838	-0.0684425812989301
100004635	0.0922712205108639	0.145191368238618	0.629405178496173	0.413681250133276	0.367948779079957
100000491	0.455919289847174	0.575238736570995	0.267491850824717	0.579892884991978	0.179650519954308
100000939	0.0436047051473629	0.0319444332309113	0.291930932741883	0.565792890827636	0.0971263306269067
241	0.216929291944073	0.617692814421375	0.292810578442691	0.691767733896736	-0.106032357704257
136	0.361271161564581	0.068507729303015	0.239544773774107	0.856923739375346	0.0284543426584316
100000792	0.575733996109899	0.956925507585974	0.278538192916237	0.726538846657837	0.00582081880435153
100020973	0.56954447100619	0.635769128646823	0.291972937114661	0.647893882702646	-0.0311677294092973
100000936	0.75405946542765	0.849915420653368	0.273509510294474	0.674735208628921	0.0911460545841848
100001313	0.00727324687634197	0.146027713556259	0.290374243664677	0.725553971679	-0.336505810852486
100001951	0.0465459570173039	0.0910676075085704	0.310910782654837	0.663411474510146	-0.595472941198355
100006098	0.0169336057145625	0.0853566366876748	0.309980964269859	0.788688386960011	-0.129479275702564
100000007	0.231619557979655	0.535493685333453	0.283084333481318	0.67800117835269	-0.632261660659471
100006641	0.891736044130692	0.863285862015041	0.296699312061374	0.673096660434052	-0.0245545483450572
913	0.0107716388204247	0.0603204740177044	0.341874473182518	0.538085436773741	0.169667005693565
100001579	0.802729729456113	0.422543538522812	0.303812723607698	0.672695092092883	0.115105719349043
100002911	0.145719066763639	0.0120310377117861	0.359537903603886	0.630637687054556	0.0513878971255771
100001293	0.258210687220349	0.378707198735783	0.242229351669751	0.809071273082386	-0.200747174463313
100002241	0.206818509409542	0.513159985668248	0.290264481208583	0.640583627222241	0.0325482140676487
100003179	0.403031670324521	0.079412927874513	0.261599793516748	0.525675734075157	0.375369823088305
100021372	0.330579149465857	0.22993019163006	0.204812565008672	0.677438648113288	0.269799693054586
100001956	0.333871600215125	0.535257029399606	0.277236040528693	0.590938388062991	0.0151302308845261
100021162	0.200335173503584	0.157718099712361	0.260962974126258	0.496755175571454	0.684576485582888
100002259	0.356089932280661	0.622259581966904	0.25412396828027	0.665151446291776	-0.0953998592316869
252	0.434691593547045	0.615639671390349	0.314550874754157	0.620690940572606	0.304083683490408
100000707	0.450362882036128	0.336990115564606	0.271125815398968	0.679750513530143	0.065598268618046
1489	0.672623012946421	0.019675375987857	0.203705332611985	0.647801434045372	0.0672379078617124
100020361	0.0277178820619502	0.0842677792840242	0.307568952539284	0.961116730588049	-0.750681724268454
55	0.753507298699271	0.943156010328637	0.276548245287614	0.678233946469526	-0.00880803799188452
100000863	0.249630260491429	0.250330446652123	0.238993114782615	0.70929520203014	-0.0912651445201246
100015840	0.16921710268959	0.0980606995901989	0.368475849004097	0.631818903546736	-0.523806708215268
100001541	0.155610544912795	0.0814369721211469	0.187468421049971	0.663355649153244	0.276505066819322
100006082	0.148215496257187	0.0533002391968584	0.361915804630258	0.666386318655834	0.463160864314582
1254	0.675196700829929	0.922122533964318	0.281543960682771	0.688861088357458	-0.0166898821903952
100001624	0.500667201352223	0.35838500964127	0.258612858871507	0.648907191131059	-0.0402324409291539
100015850	0.910018531877557	0.587457499237405	0.338762002908794	0.63678680582514	-0.157831604188173
100001104	0.00309564618913097	0.0135838343869403	0.309923191372549	0.955288691145784	-0.712557411956397
100000900	0.125580393958587	0.417458167050886	0.284330910013042	0.676841714103256	0.290761108736343
100000269	0.22734768007218	0.0854876626860272	0.168814733804149	0.626725759921265	-0.629503086931681
1022	0.224378688964385	0.963089017215692	0.275427090842148	0.670121322107075	0.00762061487897426
100005373	0.207309757864127	0.0757333835147945	0.244632056163864	0.704511379356362	0.503998177942416
100001129	0.124251396161231	0.699789872922569	0.265621600886281	0.702706223472359	-0.0207015654786403
935	0.0118569067439168	0.12576746001395	0.358562617604931	0.536888534289127	0.0474558274170523
100001262	0.16176295231064	0.207617181909189	0.286182437791247	0.698318729025119	-0.336506702352111
100019978	0.306490505931297	0.62096697603501	0.268731066743806	0.658487203210937	0.0526333739434753
100002293	0.729966306582214	0.776764437596302	0.278261857443429	0.673516003532552	0.101257057985478
100001426	0.195502261942497	0.267128539852145	0.278628318912771	0.512636795011552	0.399620254139191
234	0.0339112096955223	0.152426329666431	0.272320639481742	0.648310204112552	0.427128106480367
100005403	0.244781045889188	0.960607209537194	0.286294072377424	0.669821624166927	-0.00377186303356674
100001083	0.0409137029210614	0.327833033832707	0.300318844460137	0.694518343669285	-0.160500070022629
439	0.708547055192064	0.32027345048802	0.29551693170409	0.667291883670177	0.241707753107203
100001086	0.337705815727193	0.4105391578796	0.28897945385705	0.752873138549089	-0.0247815307898319
100005864	0.733471328501347	0.452970668021581	0.252253041034421	0.739198112096213	-0.0125792195111461
491	0.511665304712151	0.91019078867343	0.273516635109412	0.67364977126418	0.00125888199640016
100002029	0.464209433790912	0.422058535731585	0.263657390149489	0.538801948698589	-0.0721558776794216
100002154	0.811833772187833	0.461464071300088	0.242020906283751	0.6496377654576	0.104831309035638
891	0.496210673350042	0.198723517171571	0.308499124548017	0.640256187148549	0.164494571737137
100020261	0.377534107869076	0.443844868093245	0.330323180887807	0.646003970924385	0.0499168357554003
100001296	0.512393837645862	0.482675875423654	0.277570862399347	0.567463199089901	0.0332540955899422
2050	0.471641552096164	0.529411691119447	0.295308886462146	0.617715502334604	0.0460599645460399
100002761	0.341416140558799	0.696266892319129	0.244639790247014	0.799762580096598	0.0287547136483309
100006614	0.866579085983525	0.638218724118542	0.252092031640433	0.74100756825771	-0.0609695465597477
100001597	0.880217720779459	0.150542372693763	0.180364564195677	0.48751479762215	0.462705485425222
100020853	0.778229085663955	0.87161167171449	0.278171221917352	0.681384349080892	-0.00868499380336763
100001446	0.270326164739688	0.405000855858847	0.245578030299539	0.664719987458687	-0.47901656221481
100003240	0.290583726440662	0.121784615870279	0.31911334750245	0.589519203732125	0.171307342134699
100001502	0.0268444125383008	0.21847453683466	0.332116692370392	0.762328683256174	-0.312223872170481
100020866	0.0982276795326262	0.0110598991766062	0.166996459435743	0.484522306798675	0.324863524398758
100020419	0.031328567737825	0.0914456768611535	0.299093095841997	0.420249786329047	0.25354070568714
35	0.53259469957544	0.307828643648957	0.249834198659006	0.62148739506186	0.261705906553111
100003696	0.0131280015850313	0.0534002327728705	0.404067962894278	0.610736310769062	-0.44780039228882
100016038	0.78844575465533	0.935447779562533	0.27274112068964	0.666015743314224	0.0265842927047439
100009333	0.207409431670824	0.174324767549403	0.274278746765694	0.70014096465403	-0.118570390300667
100001611	0.156875015792346	0.328211857777941	0.358916670899822	0.649177092913925	-0.284260559719995
100005383	0.655383350745609	0.2896285205524	0.283522116858131	0.715566436967597	-0.130758554556897
100009239	0.301431819146106	0.128156856450827	0.346725256416073	0.492459160500511	0.154796099417706
100009332	0.331597122141182	0.241998943477916	0.274784894955127	0.636383679686134	-0.11858925443604
100001731	0.154349747314416	0.646968391266877	0.281887593248643	0.648163068050086	0.0471702984724175
100003415	0.348366707503223	0.443037541635984	0.268190110857223	0.688388443913094	0.100909315483974
100020578	0.134109656511713	0.192390507788339	0.258161131706046	0.566666117367905	-0.0252331690153763
893	0.840949787316497	0.518319687647232	0.271989754423412	0.684803149842597	0.157857625615425
100000963	0.309729556600572	0.206106508884302	0.358755013856749	0.477247533800934	0.164164276320402
273	0.140944705334654	0.311391732755503	0.321397298326626	0.668727178865249	-0.204488791435513
197	0.464482392813688	0.416617900341396	0.26692905378187	0.55353930956795	0.291461102773579
100000808	0.293118260702256	0.224772996586258	0.258593758939871	0.830622909595329	-0.365867540473711
100002284	0.743542005628006	0.373940440498776	0.181636935487577	0.614684437200614	0.220357213703792
888	0.954356904252139	0.0940128046645104	0.298884016657527	0.655207985418989	0.162690786755686
100006435	0.532215480042056	0.338479644969343	0.213096713698638	0.969875851787602	-0.464300786320179
100006374	0.192272116008587	0.539348606551547	0.283667186318124	0.662027380557273	-0.0329282499941603
100003169	0.554454132453251	0.956988372826872	0.272966785040845	0.669843606272306	0.00488264670236017
1004	0.599790947232624	0.784611634650895	0.261662177188127	0.652817722988505	0.0723698434458728
100005998	0.0939056202775418	0.90124578495556	0.291190438413322	0.679350046767896	-0.0293187278091749
100000773	0.659951718239937	0.541001955441633	0.279674079180369	0.655750122570697	0.0541831143351512
100010850	0.0156188547602039	0.116603338539007	0.325603991728822	0.55020713112165	0.224120656379052
397	0.852707456074573	0.374769329277938	0.20646580794297	0.735412078025847	0.413902753643645
100000039	0.0700674599307739	0.220224582688907	0.223534604242741	0.727611289937211	-0.239668052560817
100020833	0.724579388424944	0.781295524616266	0.281464184807567	0.710849787369344	0.0485251395888421
1021	0.40319682309396	0.347960585993276	0.258156429978448	0.709088534072995	-0.469102998700897
100020479	0.357951012101346	0.569799340583289	0.278877022388963	0.68368389044928	0.0846663655365735
100001335	0.509475327869609	0.30936501100948	0.312954750735879	0.640752699377921	0.0991728620420971
100000743	0.55617397484141	0.968779709809621	0.274195051788296	0.675158412536392	-0.00789216808511994
100009246	0.173625768690384	0.648423997151395	0.264948449865594	0.703229020348149	-0.0242215988779636
878	0.186068335072226	0.76952341694178	0.265067268975086	0.684996560220189	-0.025023366021132
100021103	0.721443306852135	0.862677976739109	0.283506846101321	0.747487125750181	0.0275667158871607
100021363	0.233999296527406	0.567487209887627	0.256019738891255	0.713240665781971	-0.000968282544295982
266	0.124564067386431	0.203420166018564	0.278785049325091	0.597025641218052	1.075217102814
100001195	0.312619295891407	0.21333079480458	0.353049151642533	0.598847723487849	0.124110096488993
100019801	0.781394753248325	0.702918804339428	0.286712374829032	0.65933887154097	0.0268513105574367
100002196	0.0375021811088008	0.265217666044025	0.288735635953786	0.682242126350006	-0.156760613581767
100006370	0.237450279074186	0.956127162759	0.272889019194307	0.674661512597036	-0.00807704814991539
100001510	0.0287304769344569	0.00349664432749332	0.23106058020521	0.771525574883885	-0.264799376971296
100000437	0.535791359294296	0.437862261251348	0.26133988571238	0.74370134862122	0.109182747754254
100001767	0.137777046587311	0.0316356687809621	0.341934920744275	0.738659263411582	0.189746791772598
100001810	0.400636719545287	0.49502053771254	0.28812183969649	0.831563945056697	-0.471044626137567
209	0.0335183965391233	0.347539348335156	0.316012303891903	0.658050756186965	0.119682208675488
100001485	0.249604883015457	0.0889575414702471	0.16372953599502	0.602009623041003	0.555349257844808
100002500	0.119753998367563	0.445945440630554	0.27927714032719	0.643304503134332	0.00698163127785184
171	0.0282336809574657	0.0224506421622305	0.204705009048025	0.67395698490004	0.481529438465793
100020487	0.974427992743066	0.841093335117886	0.29392127992001	0.640965566872085	0.0652869135718319
1206	0.00684393939007611	0.116272424516962	0.278211158098566	0.724502154578303	0.00924472463063643
344	0.011425163145725	0.0272366766780878	0.567442738458365	0.767737760239213	-1.12452317992448
100001405	0.468966739379465	0.893704982703404	0.280844403328859	0.662721639971226	-0.0166427177296037
1239	0.975663186798879	0.50553252548112	0.307376353274406	0.675763800563248	0.103526976283421
391	0.0620413532386897	0.184753539898754	0.256864673903332	0.882465065298064	-1.07108469949418
100006430	0.453860751505539	0.181735353343716	0.342855316055001	0.415082157028124	0.647625670695288
100001417	0.973465264307256	0.510151550771472	0.263591360858021	0.779771960317077	-0.129719733788626
100002951	0.0538162913589109	0.461966377047935	0.27136692819558	0.591706372101029	-0.105657102605952
100000014	0.416558929727297	0.575188113038795	0.268172757477439	0.71297681077677	-0.0373043813391237
100003926	0.564589884554116	0.472719152893032	0.297943965449723	0.653715916770521	0.0695028416997936
100021538	0.498214598180734	0.357110144965189	0.323108671747055	0.585046383247586	0.0132680327563911
132	0.322373255623258	0.941477658283961	0.275621161529676	0.671734686785323	0.00834241740784311
100001425	0.568899677062969	0.52424338339859	0.344054540744676	0.608595552069308	0.304234751952102
100020262	0.614459835916227	0.656124572213715	0.295158799780414	0.65962869103377	0.0105859443016309
100002679	0.343988736465963	0.679585215965558	0.259867766193785	0.744576694963727	-0.164328884220453
100001270	0.723931209128712	0.562232707102356	0.28107713778441	0.649982137112382	0.149115946223977
1102	0.836372649455914	0.990701000258006	0.275387400495753	0.673509357169749	0.00400953761159712
331	0.255978871682472	0.198769489466684	0.226711574940011	0.564938739154647	0.336089132098966
100006361	0.499791244049936	0.610577160149217	0.253884421914464	0.746222691896904	-0.0114365298883055
180	0.802691994364554	0.905303720408696	0.285714151653003	0.669851860553065	0.0159282249605292
1053	0.297371736530647	0.440949307699917	0.418616923652721	0.740342145110101	-0.149887996904342
100001359	0.667979348128956	0.924775596925468	0.285439699266503	0.664103190580656	0.0509594121177105
